[2023-09-05T05:06:06.737+0000] {taskinstance.py:1159} INFO - Dependencies all met for dep_context=non-requeueable deps ti=<TaskInstance: FIBA_dag.parse_data manual__2023-09-05T05:05:58.488901+00:00 [queued]>
[2023-09-05T05:06:06.743+0000] {taskinstance.py:1159} INFO - Dependencies all met for dep_context=requeueable deps ti=<TaskInstance: FIBA_dag.parse_data manual__2023-09-05T05:05:58.488901+00:00 [queued]>
[2023-09-05T05:06:06.744+0000] {taskinstance.py:1361} INFO - Starting attempt 1 of 6
[2023-09-05T05:06:06.751+0000] {taskinstance.py:1382} INFO - Executing <Task(PythonOperator): parse_data> on 2023-09-05 05:05:58.488901+00:00
[2023-09-05T05:06:06.756+0000] {standard_task_runner.py:57} INFO - Started process 258 to run task
[2023-09-05T05:06:06.758+0000] {standard_task_runner.py:84} INFO - Running: ['***', 'tasks', 'run', 'FIBA_dag', 'parse_data', 'manual__2023-09-05T05:05:58.488901+00:00', '--job-id', '177', '--raw', '--subdir', 'DAGS_FOLDER/FIBA.py', '--cfg-path', '/tmp/tmp0bqm_60i']
[2023-09-05T05:06:06.761+0000] {standard_task_runner.py:85} INFO - Job 177: Subtask parse_data
[2023-09-05T05:06:06.791+0000] {task_command.py:415} INFO - Running <TaskInstance: FIBA_dag.parse_data manual__2023-09-05T05:05:58.488901+00:00 [running]> on host 8ce2b8fabb21
[2023-09-05T05:06:06.834+0000] {taskinstance.py:1660} INFO - Exporting env vars: AIRFLOW_CTX_DAG_OWNER='andy_hsu' AIRFLOW_CTX_DAG_ID='FIBA_dag' AIRFLOW_CTX_TASK_ID='parse_data' AIRFLOW_CTX_EXECUTION_DATE='2023-09-05T05:05:58.488901+00:00' AIRFLOW_CTX_TRY_NUMBER='1' AIRFLOW_CTX_DAG_RUN_ID='manual__2023-09-05T05:05:58.488901+00:00'
[2023-09-05T05:06:07.155+0000] {taskinstance.py:1943} ERROR - Task failed with exception
Traceback (most recent call last):
  File "/home/airflow/.local/lib/python3.8/site-packages/airflow/operators/python.py", line 192, in execute
    return_value = self.execute_callable()
  File "/home/airflow/.local/lib/python3.8/site-packages/airflow/operators/python.py", line 209, in execute_callable
    return self.python_callable(*self.op_args, **self.op_kwargs)
  File "/opt/airflow/dags/FIBA.py", line 61, in parse_data
    left_point = m.find("table", class_ = 'points').find("div", class_ = 'score').find_all("span")[0].text.replace('\r\n','').strip()
AttributeError: 'NoneType' object has no attribute 'find_all'
[2023-09-05T05:06:07.163+0000] {taskinstance.py:1400} INFO - Marking task as UP_FOR_RETRY. dag_id=FIBA_dag, task_id=parse_data, execution_date=20230905T050558, start_date=20230905T050606, end_date=20230905T050607
[2023-09-05T05:06:07.169+0000] {standard_task_runner.py:104} ERROR - Failed to execute job 177 for task parse_data ('NoneType' object has no attribute 'find_all'; 258)
[2023-09-05T05:06:07.223+0000] {local_task_job_runner.py:228} INFO - Task exited with return code 1
[2023-09-05T05:06:07.235+0000] {taskinstance.py:2784} INFO - 0 downstream tasks scheduled from follow-on schedule check
