[2023-08-31T15:16:29.598+0000] {processor.py:157} INFO - Started process (PID=287) to work on /home/airflow/.local/lib/python3.8/site-packages/airflow/example_dags/example_sensors.py
[2023-08-31T15:16:29.631+0000] {processor.py:829} INFO - Processing file /home/airflow/.local/lib/python3.8/site-packages/airflow/example_dags/example_sensors.py for tasks to queue
[2023-08-31T15:16:29.632+0000] {logging_mixin.py:151} INFO - [2023-08-31T15:16:29.632+0000] {dagbag.py:539} INFO - Filling up the DagBag from /home/airflow/.local/lib/python3.8/site-packages/airflow/example_dags/example_sensors.py
[2023-08-31T15:16:29.641+0000] {processor.py:839} INFO - DAG(s) dict_keys(['example_sensors']) retrieved from /home/airflow/.local/lib/python3.8/site-packages/airflow/example_dags/example_sensors.py
[2023-08-31T15:16:29.649+0000] {logging_mixin.py:151} INFO - [2023-08-31T15:16:29.649+0000] {dag.py:2907} INFO - Sync 1 DAGs
[2023-08-31T15:16:29.659+0000] {logging_mixin.py:151} INFO - [2023-08-31T15:16:29.658+0000] {dag.py:3677} INFO - Setting next_dagrun for example_sensors to None, run_after=None
[2023-08-31T15:16:29.671+0000] {processor.py:179} INFO - Processing /home/airflow/.local/lib/python3.8/site-packages/airflow/example_dags/example_sensors.py took 0.076 seconds
[2023-08-31T15:17:00.624+0000] {processor.py:157} INFO - Started process (PID=534) to work on /home/airflow/.local/lib/python3.8/site-packages/airflow/example_dags/example_sensors.py
[2023-08-31T15:17:00.625+0000] {processor.py:829} INFO - Processing file /home/airflow/.local/lib/python3.8/site-packages/airflow/example_dags/example_sensors.py for tasks to queue
[2023-08-31T15:17:00.627+0000] {logging_mixin.py:151} INFO - [2023-08-31T15:17:00.627+0000] {dagbag.py:539} INFO - Filling up the DagBag from /home/airflow/.local/lib/python3.8/site-packages/airflow/example_dags/example_sensors.py
[2023-08-31T15:17:00.638+0000] {processor.py:839} INFO - DAG(s) dict_keys(['example_sensors']) retrieved from /home/airflow/.local/lib/python3.8/site-packages/airflow/example_dags/example_sensors.py
[2023-08-31T15:17:00.654+0000] {logging_mixin.py:151} INFO - [2023-08-31T15:17:00.654+0000] {dag.py:2907} INFO - Sync 1 DAGs
[2023-08-31T15:17:00.662+0000] {logging_mixin.py:151} INFO - [2023-08-31T15:17:00.661+0000] {dag.py:3677} INFO - Setting next_dagrun for example_sensors to None, run_after=None
[2023-08-31T15:17:00.749+0000] {processor.py:179} INFO - Processing /home/airflow/.local/lib/python3.8/site-packages/airflow/example_dags/example_sensors.py took 0.127 seconds
[2023-08-31T15:17:31.628+0000] {processor.py:157} INFO - Started process (PID=773) to work on /home/airflow/.local/lib/python3.8/site-packages/airflow/example_dags/example_sensors.py
[2023-08-31T15:17:31.629+0000] {processor.py:829} INFO - Processing file /home/airflow/.local/lib/python3.8/site-packages/airflow/example_dags/example_sensors.py for tasks to queue
[2023-08-31T15:17:31.630+0000] {logging_mixin.py:151} INFO - [2023-08-31T15:17:31.630+0000] {dagbag.py:539} INFO - Filling up the DagBag from /home/airflow/.local/lib/python3.8/site-packages/airflow/example_dags/example_sensors.py
[2023-08-31T15:17:31.638+0000] {processor.py:839} INFO - DAG(s) dict_keys(['example_sensors']) retrieved from /home/airflow/.local/lib/python3.8/site-packages/airflow/example_dags/example_sensors.py
[2023-08-31T15:17:31.654+0000] {logging_mixin.py:151} INFO - [2023-08-31T15:17:31.654+0000] {dag.py:2907} INFO - Sync 1 DAGs
[2023-08-31T15:17:31.662+0000] {logging_mixin.py:151} INFO - [2023-08-31T15:17:31.662+0000] {dag.py:3677} INFO - Setting next_dagrun for example_sensors to None, run_after=None
[2023-08-31T15:17:31.673+0000] {processor.py:179} INFO - Processing /home/airflow/.local/lib/python3.8/site-packages/airflow/example_dags/example_sensors.py took 0.047 seconds
[2023-08-31T15:18:02.243+0000] {processor.py:157} INFO - Started process (PID=1012) to work on /home/airflow/.local/lib/python3.8/site-packages/airflow/example_dags/example_sensors.py
[2023-08-31T15:18:02.244+0000] {processor.py:829} INFO - Processing file /home/airflow/.local/lib/python3.8/site-packages/airflow/example_dags/example_sensors.py for tasks to queue
[2023-08-31T15:18:02.248+0000] {logging_mixin.py:151} INFO - [2023-08-31T15:18:02.248+0000] {dagbag.py:539} INFO - Filling up the DagBag from /home/airflow/.local/lib/python3.8/site-packages/airflow/example_dags/example_sensors.py
[2023-08-31T15:18:02.257+0000] {processor.py:839} INFO - DAG(s) dict_keys(['example_sensors']) retrieved from /home/airflow/.local/lib/python3.8/site-packages/airflow/example_dags/example_sensors.py
[2023-08-31T15:18:02.276+0000] {logging_mixin.py:151} INFO - [2023-08-31T15:18:02.275+0000] {dag.py:2907} INFO - Sync 1 DAGs
[2023-08-31T15:18:02.285+0000] {logging_mixin.py:151} INFO - [2023-08-31T15:18:02.285+0000] {dag.py:3677} INFO - Setting next_dagrun for example_sensors to None, run_after=None
[2023-08-31T15:18:02.298+0000] {processor.py:179} INFO - Processing /home/airflow/.local/lib/python3.8/site-packages/airflow/example_dags/example_sensors.py took 0.057 seconds
[2023-08-31T15:18:32.900+0000] {processor.py:157} INFO - Started process (PID=1277) to work on /home/airflow/.local/lib/python3.8/site-packages/airflow/example_dags/example_sensors.py
[2023-08-31T15:18:32.902+0000] {processor.py:829} INFO - Processing file /home/airflow/.local/lib/python3.8/site-packages/airflow/example_dags/example_sensors.py for tasks to queue
[2023-08-31T15:18:32.903+0000] {logging_mixin.py:151} INFO - [2023-08-31T15:18:32.902+0000] {dagbag.py:539} INFO - Filling up the DagBag from /home/airflow/.local/lib/python3.8/site-packages/airflow/example_dags/example_sensors.py
[2023-08-31T15:18:32.910+0000] {processor.py:839} INFO - DAG(s) dict_keys(['example_sensors']) retrieved from /home/airflow/.local/lib/python3.8/site-packages/airflow/example_dags/example_sensors.py
[2023-08-31T15:18:32.926+0000] {logging_mixin.py:151} INFO - [2023-08-31T15:18:32.926+0000] {dag.py:2907} INFO - Sync 1 DAGs
[2023-08-31T15:18:32.933+0000] {logging_mixin.py:151} INFO - [2023-08-31T15:18:32.933+0000] {dag.py:3677} INFO - Setting next_dagrun for example_sensors to None, run_after=None
[2023-08-31T15:18:32.944+0000] {processor.py:179} INFO - Processing /home/airflow/.local/lib/python3.8/site-packages/airflow/example_dags/example_sensors.py took 0.046 seconds
[2023-08-31T15:19:03.427+0000] {processor.py:157} INFO - Started process (PID=1514) to work on /home/airflow/.local/lib/python3.8/site-packages/airflow/example_dags/example_sensors.py
[2023-08-31T15:19:03.428+0000] {processor.py:829} INFO - Processing file /home/airflow/.local/lib/python3.8/site-packages/airflow/example_dags/example_sensors.py for tasks to queue
[2023-08-31T15:19:03.429+0000] {logging_mixin.py:151} INFO - [2023-08-31T15:19:03.429+0000] {dagbag.py:539} INFO - Filling up the DagBag from /home/airflow/.local/lib/python3.8/site-packages/airflow/example_dags/example_sensors.py
[2023-08-31T15:19:03.437+0000] {processor.py:839} INFO - DAG(s) dict_keys(['example_sensors']) retrieved from /home/airflow/.local/lib/python3.8/site-packages/airflow/example_dags/example_sensors.py
[2023-08-31T15:19:03.456+0000] {logging_mixin.py:151} INFO - [2023-08-31T15:19:03.455+0000] {dag.py:2907} INFO - Sync 1 DAGs
[2023-08-31T15:19:03.465+0000] {logging_mixin.py:151} INFO - [2023-08-31T15:19:03.464+0000] {dag.py:3677} INFO - Setting next_dagrun for example_sensors to None, run_after=None
[2023-08-31T15:19:03.478+0000] {processor.py:179} INFO - Processing /home/airflow/.local/lib/python3.8/site-packages/airflow/example_dags/example_sensors.py took 0.053 seconds
[2023-08-31T15:19:33.779+0000] {processor.py:157} INFO - Started process (PID=1755) to work on /home/airflow/.local/lib/python3.8/site-packages/airflow/example_dags/example_sensors.py
[2023-08-31T15:19:33.780+0000] {processor.py:829} INFO - Processing file /home/airflow/.local/lib/python3.8/site-packages/airflow/example_dags/example_sensors.py for tasks to queue
[2023-08-31T15:19:33.781+0000] {logging_mixin.py:151} INFO - [2023-08-31T15:19:33.781+0000] {dagbag.py:539} INFO - Filling up the DagBag from /home/airflow/.local/lib/python3.8/site-packages/airflow/example_dags/example_sensors.py
[2023-08-31T15:19:33.789+0000] {processor.py:839} INFO - DAG(s) dict_keys(['example_sensors']) retrieved from /home/airflow/.local/lib/python3.8/site-packages/airflow/example_dags/example_sensors.py
[2023-08-31T15:19:33.805+0000] {logging_mixin.py:151} INFO - [2023-08-31T15:19:33.805+0000] {dag.py:2907} INFO - Sync 1 DAGs
[2023-08-31T15:19:33.814+0000] {logging_mixin.py:151} INFO - [2023-08-31T15:19:33.814+0000] {dag.py:3677} INFO - Setting next_dagrun for example_sensors to None, run_after=None
[2023-08-31T15:19:33.827+0000] {processor.py:179} INFO - Processing /home/airflow/.local/lib/python3.8/site-packages/airflow/example_dags/example_sensors.py took 0.051 seconds
[2023-08-31T15:20:04.054+0000] {processor.py:157} INFO - Started process (PID=1995) to work on /home/airflow/.local/lib/python3.8/site-packages/airflow/example_dags/example_sensors.py
[2023-08-31T15:20:04.055+0000] {processor.py:829} INFO - Processing file /home/airflow/.local/lib/python3.8/site-packages/airflow/example_dags/example_sensors.py for tasks to queue
[2023-08-31T15:20:04.056+0000] {logging_mixin.py:151} INFO - [2023-08-31T15:20:04.056+0000] {dagbag.py:539} INFO - Filling up the DagBag from /home/airflow/.local/lib/python3.8/site-packages/airflow/example_dags/example_sensors.py
[2023-08-31T15:20:04.063+0000] {processor.py:839} INFO - DAG(s) dict_keys(['example_sensors']) retrieved from /home/airflow/.local/lib/python3.8/site-packages/airflow/example_dags/example_sensors.py
[2023-08-31T15:20:04.080+0000] {logging_mixin.py:151} INFO - [2023-08-31T15:20:04.080+0000] {dag.py:2907} INFO - Sync 1 DAGs
[2023-08-31T15:20:04.087+0000] {logging_mixin.py:151} INFO - [2023-08-31T15:20:04.087+0000] {dag.py:3677} INFO - Setting next_dagrun for example_sensors to None, run_after=None
[2023-08-31T15:20:04.099+0000] {processor.py:179} INFO - Processing /home/airflow/.local/lib/python3.8/site-packages/airflow/example_dags/example_sensors.py took 0.048 seconds
[2023-08-31T15:20:34.409+0000] {processor.py:157} INFO - Started process (PID=2234) to work on /home/airflow/.local/lib/python3.8/site-packages/airflow/example_dags/example_sensors.py
[2023-08-31T15:20:34.411+0000] {processor.py:829} INFO - Processing file /home/airflow/.local/lib/python3.8/site-packages/airflow/example_dags/example_sensors.py for tasks to queue
[2023-08-31T15:20:34.412+0000] {logging_mixin.py:151} INFO - [2023-08-31T15:20:34.412+0000] {dagbag.py:539} INFO - Filling up the DagBag from /home/airflow/.local/lib/python3.8/site-packages/airflow/example_dags/example_sensors.py
[2023-08-31T15:20:34.420+0000] {processor.py:839} INFO - DAG(s) dict_keys(['example_sensors']) retrieved from /home/airflow/.local/lib/python3.8/site-packages/airflow/example_dags/example_sensors.py
[2023-08-31T15:20:34.436+0000] {logging_mixin.py:151} INFO - [2023-08-31T15:20:34.436+0000] {dag.py:2907} INFO - Sync 1 DAGs
[2023-08-31T15:20:34.444+0000] {logging_mixin.py:151} INFO - [2023-08-31T15:20:34.444+0000] {dag.py:3677} INFO - Setting next_dagrun for example_sensors to None, run_after=None
[2023-08-31T15:20:34.455+0000] {processor.py:179} INFO - Processing /home/airflow/.local/lib/python3.8/site-packages/airflow/example_dags/example_sensors.py took 0.048 seconds
[2023-08-31T15:21:04.645+0000] {processor.py:157} INFO - Started process (PID=2475) to work on /home/airflow/.local/lib/python3.8/site-packages/airflow/example_dags/example_sensors.py
[2023-08-31T15:21:04.646+0000] {processor.py:829} INFO - Processing file /home/airflow/.local/lib/python3.8/site-packages/airflow/example_dags/example_sensors.py for tasks to queue
[2023-08-31T15:21:04.647+0000] {logging_mixin.py:151} INFO - [2023-08-31T15:21:04.647+0000] {dagbag.py:539} INFO - Filling up the DagBag from /home/airflow/.local/lib/python3.8/site-packages/airflow/example_dags/example_sensors.py
[2023-08-31T15:21:04.655+0000] {processor.py:839} INFO - DAG(s) dict_keys(['example_sensors']) retrieved from /home/airflow/.local/lib/python3.8/site-packages/airflow/example_dags/example_sensors.py
[2023-08-31T15:21:04.674+0000] {logging_mixin.py:151} INFO - [2023-08-31T15:21:04.674+0000] {dag.py:2907} INFO - Sync 1 DAGs
[2023-08-31T15:21:04.682+0000] {logging_mixin.py:151} INFO - [2023-08-31T15:21:04.682+0000] {dag.py:3677} INFO - Setting next_dagrun for example_sensors to None, run_after=None
[2023-08-31T15:21:04.693+0000] {processor.py:179} INFO - Processing /home/airflow/.local/lib/python3.8/site-packages/airflow/example_dags/example_sensors.py took 0.050 seconds
[2023-08-31T15:21:34.970+0000] {processor.py:157} INFO - Started process (PID=2717) to work on /home/airflow/.local/lib/python3.8/site-packages/airflow/example_dags/example_sensors.py
[2023-08-31T15:21:34.972+0000] {processor.py:829} INFO - Processing file /home/airflow/.local/lib/python3.8/site-packages/airflow/example_dags/example_sensors.py for tasks to queue
[2023-08-31T15:21:34.973+0000] {logging_mixin.py:151} INFO - [2023-08-31T15:21:34.973+0000] {dagbag.py:539} INFO - Filling up the DagBag from /home/airflow/.local/lib/python3.8/site-packages/airflow/example_dags/example_sensors.py
[2023-08-31T15:21:34.980+0000] {processor.py:839} INFO - DAG(s) dict_keys(['example_sensors']) retrieved from /home/airflow/.local/lib/python3.8/site-packages/airflow/example_dags/example_sensors.py
[2023-08-31T15:21:34.996+0000] {logging_mixin.py:151} INFO - [2023-08-31T15:21:34.996+0000] {dag.py:2907} INFO - Sync 1 DAGs
[2023-08-31T15:21:35.004+0000] {logging_mixin.py:151} INFO - [2023-08-31T15:21:35.004+0000] {dag.py:3677} INFO - Setting next_dagrun for example_sensors to None, run_after=None
[2023-08-31T15:21:35.016+0000] {processor.py:179} INFO - Processing /home/airflow/.local/lib/python3.8/site-packages/airflow/example_dags/example_sensors.py took 0.048 seconds
[2023-08-31T15:22:05.284+0000] {processor.py:157} INFO - Started process (PID=2957) to work on /home/airflow/.local/lib/python3.8/site-packages/airflow/example_dags/example_sensors.py
[2023-08-31T15:22:05.286+0000] {processor.py:829} INFO - Processing file /home/airflow/.local/lib/python3.8/site-packages/airflow/example_dags/example_sensors.py for tasks to queue
[2023-08-31T15:22:05.287+0000] {logging_mixin.py:151} INFO - [2023-08-31T15:22:05.287+0000] {dagbag.py:539} INFO - Filling up the DagBag from /home/airflow/.local/lib/python3.8/site-packages/airflow/example_dags/example_sensors.py
[2023-08-31T15:22:05.294+0000] {processor.py:839} INFO - DAG(s) dict_keys(['example_sensors']) retrieved from /home/airflow/.local/lib/python3.8/site-packages/airflow/example_dags/example_sensors.py
[2023-08-31T15:22:05.311+0000] {logging_mixin.py:151} INFO - [2023-08-31T15:22:05.311+0000] {dag.py:2907} INFO - Sync 1 DAGs
[2023-08-31T15:22:05.319+0000] {logging_mixin.py:151} INFO - [2023-08-31T15:22:05.319+0000] {dag.py:3677} INFO - Setting next_dagrun for example_sensors to None, run_after=None
[2023-08-31T15:22:05.331+0000] {processor.py:179} INFO - Processing /home/airflow/.local/lib/python3.8/site-packages/airflow/example_dags/example_sensors.py took 0.049 seconds
[2023-08-31T15:22:35.936+0000] {processor.py:157} INFO - Started process (PID=3199) to work on /home/airflow/.local/lib/python3.8/site-packages/airflow/example_dags/example_sensors.py
[2023-08-31T15:22:35.937+0000] {processor.py:829} INFO - Processing file /home/airflow/.local/lib/python3.8/site-packages/airflow/example_dags/example_sensors.py for tasks to queue
[2023-08-31T15:22:35.938+0000] {logging_mixin.py:151} INFO - [2023-08-31T15:22:35.938+0000] {dagbag.py:539} INFO - Filling up the DagBag from /home/airflow/.local/lib/python3.8/site-packages/airflow/example_dags/example_sensors.py
[2023-08-31T15:22:35.945+0000] {processor.py:839} INFO - DAG(s) dict_keys(['example_sensors']) retrieved from /home/airflow/.local/lib/python3.8/site-packages/airflow/example_dags/example_sensors.py
[2023-08-31T15:22:35.962+0000] {logging_mixin.py:151} INFO - [2023-08-31T15:22:35.961+0000] {dag.py:2907} INFO - Sync 1 DAGs
[2023-08-31T15:22:35.969+0000] {logging_mixin.py:151} INFO - [2023-08-31T15:22:35.969+0000] {dag.py:3677} INFO - Setting next_dagrun for example_sensors to None, run_after=None
[2023-08-31T15:22:35.979+0000] {processor.py:179} INFO - Processing /home/airflow/.local/lib/python3.8/site-packages/airflow/example_dags/example_sensors.py took 0.045 seconds
[2023-08-31T15:23:06.514+0000] {processor.py:157} INFO - Started process (PID=3439) to work on /home/airflow/.local/lib/python3.8/site-packages/airflow/example_dags/example_sensors.py
[2023-08-31T15:23:06.516+0000] {processor.py:829} INFO - Processing file /home/airflow/.local/lib/python3.8/site-packages/airflow/example_dags/example_sensors.py for tasks to queue
[2023-08-31T15:23:06.518+0000] {logging_mixin.py:151} INFO - [2023-08-31T15:23:06.518+0000] {dagbag.py:539} INFO - Filling up the DagBag from /home/airflow/.local/lib/python3.8/site-packages/airflow/example_dags/example_sensors.py
[2023-08-31T15:23:06.526+0000] {processor.py:839} INFO - DAG(s) dict_keys(['example_sensors']) retrieved from /home/airflow/.local/lib/python3.8/site-packages/airflow/example_dags/example_sensors.py
[2023-08-31T15:23:06.554+0000] {logging_mixin.py:151} INFO - [2023-08-31T15:23:06.554+0000] {dag.py:2907} INFO - Sync 1 DAGs
[2023-08-31T15:23:06.562+0000] {logging_mixin.py:151} INFO - [2023-08-31T15:23:06.562+0000] {dag.py:3677} INFO - Setting next_dagrun for example_sensors to None, run_after=None
[2023-08-31T15:23:06.575+0000] {processor.py:179} INFO - Processing /home/airflow/.local/lib/python3.8/site-packages/airflow/example_dags/example_sensors.py took 0.063 seconds
[2023-08-31T15:23:36.921+0000] {processor.py:157} INFO - Started process (PID=3681) to work on /home/airflow/.local/lib/python3.8/site-packages/airflow/example_dags/example_sensors.py
[2023-08-31T15:23:36.922+0000] {processor.py:829} INFO - Processing file /home/airflow/.local/lib/python3.8/site-packages/airflow/example_dags/example_sensors.py for tasks to queue
[2023-08-31T15:23:36.923+0000] {logging_mixin.py:151} INFO - [2023-08-31T15:23:36.923+0000] {dagbag.py:539} INFO - Filling up the DagBag from /home/airflow/.local/lib/python3.8/site-packages/airflow/example_dags/example_sensors.py
[2023-08-31T15:23:36.930+0000] {processor.py:839} INFO - DAG(s) dict_keys(['example_sensors']) retrieved from /home/airflow/.local/lib/python3.8/site-packages/airflow/example_dags/example_sensors.py
[2023-08-31T15:23:36.947+0000] {logging_mixin.py:151} INFO - [2023-08-31T15:23:36.947+0000] {dag.py:2907} INFO - Sync 1 DAGs
[2023-08-31T15:23:36.956+0000] {logging_mixin.py:151} INFO - [2023-08-31T15:23:36.955+0000] {dag.py:3677} INFO - Setting next_dagrun for example_sensors to None, run_after=None
[2023-08-31T15:23:36.968+0000] {processor.py:179} INFO - Processing /home/airflow/.local/lib/python3.8/site-packages/airflow/example_dags/example_sensors.py took 0.050 seconds
[2023-08-31T15:24:07.188+0000] {processor.py:157} INFO - Started process (PID=3921) to work on /home/airflow/.local/lib/python3.8/site-packages/airflow/example_dags/example_sensors.py
[2023-08-31T15:24:07.189+0000] {processor.py:829} INFO - Processing file /home/airflow/.local/lib/python3.8/site-packages/airflow/example_dags/example_sensors.py for tasks to queue
[2023-08-31T15:24:07.190+0000] {logging_mixin.py:151} INFO - [2023-08-31T15:24:07.190+0000] {dagbag.py:539} INFO - Filling up the DagBag from /home/airflow/.local/lib/python3.8/site-packages/airflow/example_dags/example_sensors.py
[2023-08-31T15:24:07.197+0000] {processor.py:839} INFO - DAG(s) dict_keys(['example_sensors']) retrieved from /home/airflow/.local/lib/python3.8/site-packages/airflow/example_dags/example_sensors.py
[2023-08-31T15:24:07.213+0000] {logging_mixin.py:151} INFO - [2023-08-31T15:24:07.213+0000] {dag.py:2907} INFO - Sync 1 DAGs
[2023-08-31T15:24:07.221+0000] {logging_mixin.py:151} INFO - [2023-08-31T15:24:07.221+0000] {dag.py:3677} INFO - Setting next_dagrun for example_sensors to None, run_after=None
[2023-08-31T15:24:07.232+0000] {processor.py:179} INFO - Processing /home/airflow/.local/lib/python3.8/site-packages/airflow/example_dags/example_sensors.py took 0.047 seconds
[2023-08-31T15:24:37.489+0000] {processor.py:157} INFO - Started process (PID=4161) to work on /home/airflow/.local/lib/python3.8/site-packages/airflow/example_dags/example_sensors.py
[2023-08-31T15:24:37.491+0000] {processor.py:829} INFO - Processing file /home/airflow/.local/lib/python3.8/site-packages/airflow/example_dags/example_sensors.py for tasks to queue
[2023-08-31T15:24:37.492+0000] {logging_mixin.py:151} INFO - [2023-08-31T15:24:37.492+0000] {dagbag.py:539} INFO - Filling up the DagBag from /home/airflow/.local/lib/python3.8/site-packages/airflow/example_dags/example_sensors.py
[2023-08-31T15:24:37.499+0000] {processor.py:839} INFO - DAG(s) dict_keys(['example_sensors']) retrieved from /home/airflow/.local/lib/python3.8/site-packages/airflow/example_dags/example_sensors.py
[2023-08-31T15:24:37.515+0000] {logging_mixin.py:151} INFO - [2023-08-31T15:24:37.515+0000] {dag.py:2907} INFO - Sync 1 DAGs
[2023-08-31T15:24:37.523+0000] {logging_mixin.py:151} INFO - [2023-08-31T15:24:37.523+0000] {dag.py:3677} INFO - Setting next_dagrun for example_sensors to None, run_after=None
[2023-08-31T15:24:37.535+0000] {processor.py:179} INFO - Processing /home/airflow/.local/lib/python3.8/site-packages/airflow/example_dags/example_sensors.py took 0.048 seconds
[2023-08-31T15:25:07.799+0000] {processor.py:157} INFO - Started process (PID=4401) to work on /home/airflow/.local/lib/python3.8/site-packages/airflow/example_dags/example_sensors.py
[2023-08-31T15:25:07.800+0000] {processor.py:829} INFO - Processing file /home/airflow/.local/lib/python3.8/site-packages/airflow/example_dags/example_sensors.py for tasks to queue
[2023-08-31T15:25:07.801+0000] {logging_mixin.py:151} INFO - [2023-08-31T15:25:07.801+0000] {dagbag.py:539} INFO - Filling up the DagBag from /home/airflow/.local/lib/python3.8/site-packages/airflow/example_dags/example_sensors.py
[2023-08-31T15:25:07.808+0000] {processor.py:839} INFO - DAG(s) dict_keys(['example_sensors']) retrieved from /home/airflow/.local/lib/python3.8/site-packages/airflow/example_dags/example_sensors.py
[2023-08-31T15:25:07.825+0000] {logging_mixin.py:151} INFO - [2023-08-31T15:25:07.825+0000] {dag.py:2907} INFO - Sync 1 DAGs
[2023-08-31T15:25:07.833+0000] {logging_mixin.py:151} INFO - [2023-08-31T15:25:07.833+0000] {dag.py:3677} INFO - Setting next_dagrun for example_sensors to None, run_after=None
[2023-08-31T15:25:07.845+0000] {processor.py:179} INFO - Processing /home/airflow/.local/lib/python3.8/site-packages/airflow/example_dags/example_sensors.py took 0.049 seconds
[2023-08-31T15:25:38.073+0000] {processor.py:157} INFO - Started process (PID=4640) to work on /home/airflow/.local/lib/python3.8/site-packages/airflow/example_dags/example_sensors.py
[2023-08-31T15:25:38.074+0000] {processor.py:829} INFO - Processing file /home/airflow/.local/lib/python3.8/site-packages/airflow/example_dags/example_sensors.py for tasks to queue
[2023-08-31T15:25:38.075+0000] {logging_mixin.py:151} INFO - [2023-08-31T15:25:38.075+0000] {dagbag.py:539} INFO - Filling up the DagBag from /home/airflow/.local/lib/python3.8/site-packages/airflow/example_dags/example_sensors.py
[2023-08-31T15:25:38.083+0000] {processor.py:839} INFO - DAG(s) dict_keys(['example_sensors']) retrieved from /home/airflow/.local/lib/python3.8/site-packages/airflow/example_dags/example_sensors.py
[2023-08-31T15:25:38.100+0000] {logging_mixin.py:151} INFO - [2023-08-31T15:25:38.100+0000] {dag.py:2907} INFO - Sync 1 DAGs
[2023-08-31T15:25:38.108+0000] {logging_mixin.py:151} INFO - [2023-08-31T15:25:38.108+0000] {dag.py:3677} INFO - Setting next_dagrun for example_sensors to None, run_after=None
[2023-08-31T15:25:38.120+0000] {processor.py:179} INFO - Processing /home/airflow/.local/lib/python3.8/site-packages/airflow/example_dags/example_sensors.py took 0.049 seconds
[2023-08-31T15:26:08.370+0000] {processor.py:157} INFO - Started process (PID=4881) to work on /home/airflow/.local/lib/python3.8/site-packages/airflow/example_dags/example_sensors.py
[2023-08-31T15:26:08.371+0000] {processor.py:829} INFO - Processing file /home/airflow/.local/lib/python3.8/site-packages/airflow/example_dags/example_sensors.py for tasks to queue
[2023-08-31T15:26:08.373+0000] {logging_mixin.py:151} INFO - [2023-08-31T15:26:08.372+0000] {dagbag.py:539} INFO - Filling up the DagBag from /home/airflow/.local/lib/python3.8/site-packages/airflow/example_dags/example_sensors.py
[2023-08-31T15:26:08.380+0000] {processor.py:839} INFO - DAG(s) dict_keys(['example_sensors']) retrieved from /home/airflow/.local/lib/python3.8/site-packages/airflow/example_dags/example_sensors.py
[2023-08-31T15:26:08.396+0000] {logging_mixin.py:151} INFO - [2023-08-31T15:26:08.396+0000] {dag.py:2907} INFO - Sync 1 DAGs
[2023-08-31T15:26:08.404+0000] {logging_mixin.py:151} INFO - [2023-08-31T15:26:08.404+0000] {dag.py:3677} INFO - Setting next_dagrun for example_sensors to None, run_after=None
[2023-08-31T15:26:08.417+0000] {processor.py:179} INFO - Processing /home/airflow/.local/lib/python3.8/site-packages/airflow/example_dags/example_sensors.py took 0.050 seconds
[2023-08-31T15:26:38.692+0000] {processor.py:157} INFO - Started process (PID=5120) to work on /home/airflow/.local/lib/python3.8/site-packages/airflow/example_dags/example_sensors.py
[2023-08-31T15:26:38.693+0000] {processor.py:829} INFO - Processing file /home/airflow/.local/lib/python3.8/site-packages/airflow/example_dags/example_sensors.py for tasks to queue
[2023-08-31T15:26:38.694+0000] {logging_mixin.py:151} INFO - [2023-08-31T15:26:38.694+0000] {dagbag.py:539} INFO - Filling up the DagBag from /home/airflow/.local/lib/python3.8/site-packages/airflow/example_dags/example_sensors.py
[2023-08-31T15:26:38.700+0000] {processor.py:839} INFO - DAG(s) dict_keys(['example_sensors']) retrieved from /home/airflow/.local/lib/python3.8/site-packages/airflow/example_dags/example_sensors.py
[2023-08-31T15:26:38.717+0000] {logging_mixin.py:151} INFO - [2023-08-31T15:26:38.717+0000] {dag.py:2907} INFO - Sync 1 DAGs
[2023-08-31T15:26:38.725+0000] {logging_mixin.py:151} INFO - [2023-08-31T15:26:38.725+0000] {dag.py:3677} INFO - Setting next_dagrun for example_sensors to None, run_after=None
[2023-08-31T15:26:38.737+0000] {processor.py:179} INFO - Processing /home/airflow/.local/lib/python3.8/site-packages/airflow/example_dags/example_sensors.py took 0.048 seconds
[2023-08-31T15:27:09.067+0000] {processor.py:157} INFO - Started process (PID=5359) to work on /home/airflow/.local/lib/python3.8/site-packages/airflow/example_dags/example_sensors.py
[2023-08-31T15:27:09.068+0000] {processor.py:829} INFO - Processing file /home/airflow/.local/lib/python3.8/site-packages/airflow/example_dags/example_sensors.py for tasks to queue
[2023-08-31T15:27:09.069+0000] {logging_mixin.py:151} INFO - [2023-08-31T15:27:09.069+0000] {dagbag.py:539} INFO - Filling up the DagBag from /home/airflow/.local/lib/python3.8/site-packages/airflow/example_dags/example_sensors.py
[2023-08-31T15:27:09.076+0000] {processor.py:839} INFO - DAG(s) dict_keys(['example_sensors']) retrieved from /home/airflow/.local/lib/python3.8/site-packages/airflow/example_dags/example_sensors.py
[2023-08-31T15:27:09.093+0000] {logging_mixin.py:151} INFO - [2023-08-31T15:27:09.093+0000] {dag.py:2907} INFO - Sync 1 DAGs
[2023-08-31T15:27:09.101+0000] {logging_mixin.py:151} INFO - [2023-08-31T15:27:09.101+0000] {dag.py:3677} INFO - Setting next_dagrun for example_sensors to None, run_after=None
[2023-08-31T15:27:09.112+0000] {processor.py:179} INFO - Processing /home/airflow/.local/lib/python3.8/site-packages/airflow/example_dags/example_sensors.py took 0.048 seconds
[2023-08-31T15:27:39.438+0000] {processor.py:157} INFO - Started process (PID=5599) to work on /home/airflow/.local/lib/python3.8/site-packages/airflow/example_dags/example_sensors.py
[2023-08-31T15:27:39.440+0000] {processor.py:829} INFO - Processing file /home/airflow/.local/lib/python3.8/site-packages/airflow/example_dags/example_sensors.py for tasks to queue
[2023-08-31T15:27:39.441+0000] {logging_mixin.py:151} INFO - [2023-08-31T15:27:39.441+0000] {dagbag.py:539} INFO - Filling up the DagBag from /home/airflow/.local/lib/python3.8/site-packages/airflow/example_dags/example_sensors.py
[2023-08-31T15:27:39.449+0000] {processor.py:839} INFO - DAG(s) dict_keys(['example_sensors']) retrieved from /home/airflow/.local/lib/python3.8/site-packages/airflow/example_dags/example_sensors.py
[2023-08-31T15:27:39.468+0000] {logging_mixin.py:151} INFO - [2023-08-31T15:27:39.468+0000] {dag.py:2907} INFO - Sync 1 DAGs
[2023-08-31T15:27:39.478+0000] {logging_mixin.py:151} INFO - [2023-08-31T15:27:39.478+0000] {dag.py:3677} INFO - Setting next_dagrun for example_sensors to None, run_after=None
[2023-08-31T15:27:39.493+0000] {processor.py:179} INFO - Processing /home/airflow/.local/lib/python3.8/site-packages/airflow/example_dags/example_sensors.py took 0.058 seconds
[2023-08-31T15:28:09.739+0000] {processor.py:157} INFO - Started process (PID=5839) to work on /home/airflow/.local/lib/python3.8/site-packages/airflow/example_dags/example_sensors.py
[2023-08-31T15:28:09.740+0000] {processor.py:829} INFO - Processing file /home/airflow/.local/lib/python3.8/site-packages/airflow/example_dags/example_sensors.py for tasks to queue
[2023-08-31T15:28:09.743+0000] {logging_mixin.py:151} INFO - [2023-08-31T15:28:09.742+0000] {dagbag.py:539} INFO - Filling up the DagBag from /home/airflow/.local/lib/python3.8/site-packages/airflow/example_dags/example_sensors.py
[2023-08-31T15:28:09.750+0000] {processor.py:839} INFO - DAG(s) dict_keys(['example_sensors']) retrieved from /home/airflow/.local/lib/python3.8/site-packages/airflow/example_dags/example_sensors.py
[2023-08-31T15:28:09.770+0000] {logging_mixin.py:151} INFO - [2023-08-31T15:28:09.770+0000] {dag.py:2907} INFO - Sync 1 DAGs
[2023-08-31T15:28:09.779+0000] {logging_mixin.py:151} INFO - [2023-08-31T15:28:09.779+0000] {dag.py:3677} INFO - Setting next_dagrun for example_sensors to None, run_after=None
[2023-08-31T15:28:09.792+0000] {processor.py:179} INFO - Processing /home/airflow/.local/lib/python3.8/site-packages/airflow/example_dags/example_sensors.py took 0.056 seconds
[2023-08-31T15:28:40.055+0000] {processor.py:157} INFO - Started process (PID=6080) to work on /home/airflow/.local/lib/python3.8/site-packages/airflow/example_dags/example_sensors.py
[2023-08-31T15:28:40.056+0000] {processor.py:829} INFO - Processing file /home/airflow/.local/lib/python3.8/site-packages/airflow/example_dags/example_sensors.py for tasks to queue
[2023-08-31T15:28:40.058+0000] {logging_mixin.py:151} INFO - [2023-08-31T15:28:40.057+0000] {dagbag.py:539} INFO - Filling up the DagBag from /home/airflow/.local/lib/python3.8/site-packages/airflow/example_dags/example_sensors.py
[2023-08-31T15:28:40.065+0000] {processor.py:839} INFO - DAG(s) dict_keys(['example_sensors']) retrieved from /home/airflow/.local/lib/python3.8/site-packages/airflow/example_dags/example_sensors.py
[2023-08-31T15:28:40.085+0000] {logging_mixin.py:151} INFO - [2023-08-31T15:28:40.085+0000] {dag.py:2907} INFO - Sync 1 DAGs
[2023-08-31T15:28:40.093+0000] {logging_mixin.py:151} INFO - [2023-08-31T15:28:40.093+0000] {dag.py:3677} INFO - Setting next_dagrun for example_sensors to None, run_after=None
[2023-08-31T15:28:40.104+0000] {processor.py:179} INFO - Processing /home/airflow/.local/lib/python3.8/site-packages/airflow/example_dags/example_sensors.py took 0.053 seconds
[2023-08-31T15:29:10.430+0000] {processor.py:157} INFO - Started process (PID=6322) to work on /home/airflow/.local/lib/python3.8/site-packages/airflow/example_dags/example_sensors.py
[2023-08-31T15:29:10.431+0000] {processor.py:829} INFO - Processing file /home/airflow/.local/lib/python3.8/site-packages/airflow/example_dags/example_sensors.py for tasks to queue
[2023-08-31T15:29:10.432+0000] {logging_mixin.py:151} INFO - [2023-08-31T15:29:10.432+0000] {dagbag.py:539} INFO - Filling up the DagBag from /home/airflow/.local/lib/python3.8/site-packages/airflow/example_dags/example_sensors.py
[2023-08-31T15:29:10.439+0000] {processor.py:839} INFO - DAG(s) dict_keys(['example_sensors']) retrieved from /home/airflow/.local/lib/python3.8/site-packages/airflow/example_dags/example_sensors.py
[2023-08-31T15:29:10.456+0000] {logging_mixin.py:151} INFO - [2023-08-31T15:29:10.456+0000] {dag.py:2907} INFO - Sync 1 DAGs
[2023-08-31T15:29:10.464+0000] {logging_mixin.py:151} INFO - [2023-08-31T15:29:10.464+0000] {dag.py:3677} INFO - Setting next_dagrun for example_sensors to None, run_after=None
[2023-08-31T15:29:10.477+0000] {processor.py:179} INFO - Processing /home/airflow/.local/lib/python3.8/site-packages/airflow/example_dags/example_sensors.py took 0.049 seconds
[2023-08-31T15:29:40.733+0000] {processor.py:157} INFO - Started process (PID=6562) to work on /home/airflow/.local/lib/python3.8/site-packages/airflow/example_dags/example_sensors.py
[2023-08-31T15:29:40.734+0000] {processor.py:829} INFO - Processing file /home/airflow/.local/lib/python3.8/site-packages/airflow/example_dags/example_sensors.py for tasks to queue
[2023-08-31T15:29:40.735+0000] {logging_mixin.py:151} INFO - [2023-08-31T15:29:40.735+0000] {dagbag.py:539} INFO - Filling up the DagBag from /home/airflow/.local/lib/python3.8/site-packages/airflow/example_dags/example_sensors.py
[2023-08-31T15:29:40.742+0000] {processor.py:839} INFO - DAG(s) dict_keys(['example_sensors']) retrieved from /home/airflow/.local/lib/python3.8/site-packages/airflow/example_dags/example_sensors.py
[2023-08-31T15:29:40.759+0000] {logging_mixin.py:151} INFO - [2023-08-31T15:29:40.759+0000] {dag.py:2907} INFO - Sync 1 DAGs
[2023-08-31T15:29:40.767+0000] {logging_mixin.py:151} INFO - [2023-08-31T15:29:40.767+0000] {dag.py:3677} INFO - Setting next_dagrun for example_sensors to None, run_after=None
[2023-08-31T15:29:40.778+0000] {processor.py:179} INFO - Processing /home/airflow/.local/lib/python3.8/site-packages/airflow/example_dags/example_sensors.py took 0.048 seconds
[2023-08-31T15:30:10.945+0000] {processor.py:157} INFO - Started process (PID=6802) to work on /home/airflow/.local/lib/python3.8/site-packages/airflow/example_dags/example_sensors.py
[2023-08-31T15:30:10.946+0000] {processor.py:829} INFO - Processing file /home/airflow/.local/lib/python3.8/site-packages/airflow/example_dags/example_sensors.py for tasks to queue
[2023-08-31T15:30:10.947+0000] {logging_mixin.py:151} INFO - [2023-08-31T15:30:10.947+0000] {dagbag.py:539} INFO - Filling up the DagBag from /home/airflow/.local/lib/python3.8/site-packages/airflow/example_dags/example_sensors.py
[2023-08-31T15:30:10.955+0000] {processor.py:839} INFO - DAG(s) dict_keys(['example_sensors']) retrieved from /home/airflow/.local/lib/python3.8/site-packages/airflow/example_dags/example_sensors.py
[2023-08-31T15:30:10.972+0000] {logging_mixin.py:151} INFO - [2023-08-31T15:30:10.972+0000] {dag.py:2907} INFO - Sync 1 DAGs
[2023-08-31T15:30:10.980+0000] {logging_mixin.py:151} INFO - [2023-08-31T15:30:10.980+0000] {dag.py:3677} INFO - Setting next_dagrun for example_sensors to None, run_after=None
[2023-08-31T15:30:10.991+0000] {processor.py:179} INFO - Processing /home/airflow/.local/lib/python3.8/site-packages/airflow/example_dags/example_sensors.py took 0.048 seconds
[2023-08-31T15:30:41.298+0000] {processor.py:157} INFO - Started process (PID=7045) to work on /home/airflow/.local/lib/python3.8/site-packages/airflow/example_dags/example_sensors.py
[2023-08-31T15:30:41.299+0000] {processor.py:829} INFO - Processing file /home/airflow/.local/lib/python3.8/site-packages/airflow/example_dags/example_sensors.py for tasks to queue
[2023-08-31T15:30:41.300+0000] {logging_mixin.py:151} INFO - [2023-08-31T15:30:41.300+0000] {dagbag.py:539} INFO - Filling up the DagBag from /home/airflow/.local/lib/python3.8/site-packages/airflow/example_dags/example_sensors.py
[2023-08-31T15:30:41.308+0000] {processor.py:839} INFO - DAG(s) dict_keys(['example_sensors']) retrieved from /home/airflow/.local/lib/python3.8/site-packages/airflow/example_dags/example_sensors.py
[2023-08-31T15:30:41.324+0000] {logging_mixin.py:151} INFO - [2023-08-31T15:30:41.324+0000] {dag.py:2907} INFO - Sync 1 DAGs
[2023-08-31T15:30:41.332+0000] {logging_mixin.py:151} INFO - [2023-08-31T15:30:41.332+0000] {dag.py:3677} INFO - Setting next_dagrun for example_sensors to None, run_after=None
[2023-08-31T15:30:41.344+0000] {processor.py:179} INFO - Processing /home/airflow/.local/lib/python3.8/site-packages/airflow/example_dags/example_sensors.py took 0.048 seconds
[2023-08-31T15:31:11.700+0000] {processor.py:157} INFO - Started process (PID=7282) to work on /home/airflow/.local/lib/python3.8/site-packages/airflow/example_dags/example_sensors.py
[2023-08-31T15:31:11.701+0000] {processor.py:829} INFO - Processing file /home/airflow/.local/lib/python3.8/site-packages/airflow/example_dags/example_sensors.py for tasks to queue
[2023-08-31T15:31:11.702+0000] {logging_mixin.py:151} INFO - [2023-08-31T15:31:11.702+0000] {dagbag.py:539} INFO - Filling up the DagBag from /home/airflow/.local/lib/python3.8/site-packages/airflow/example_dags/example_sensors.py
[2023-08-31T15:31:11.709+0000] {processor.py:839} INFO - DAG(s) dict_keys(['example_sensors']) retrieved from /home/airflow/.local/lib/python3.8/site-packages/airflow/example_dags/example_sensors.py
[2023-08-31T15:31:11.727+0000] {logging_mixin.py:151} INFO - [2023-08-31T15:31:11.727+0000] {dag.py:2907} INFO - Sync 1 DAGs
[2023-08-31T15:31:11.735+0000] {logging_mixin.py:151} INFO - [2023-08-31T15:31:11.734+0000] {dag.py:3677} INFO - Setting next_dagrun for example_sensors to None, run_after=None
[2023-08-31T15:31:11.747+0000] {processor.py:179} INFO - Processing /home/airflow/.local/lib/python3.8/site-packages/airflow/example_dags/example_sensors.py took 0.049 seconds
[2023-08-31T15:31:42.159+0000] {processor.py:157} INFO - Started process (PID=7523) to work on /home/airflow/.local/lib/python3.8/site-packages/airflow/example_dags/example_sensors.py
[2023-08-31T15:31:42.160+0000] {processor.py:829} INFO - Processing file /home/airflow/.local/lib/python3.8/site-packages/airflow/example_dags/example_sensors.py for tasks to queue
[2023-08-31T15:31:42.162+0000] {logging_mixin.py:151} INFO - [2023-08-31T15:31:42.161+0000] {dagbag.py:539} INFO - Filling up the DagBag from /home/airflow/.local/lib/python3.8/site-packages/airflow/example_dags/example_sensors.py
[2023-08-31T15:31:42.169+0000] {processor.py:839} INFO - DAG(s) dict_keys(['example_sensors']) retrieved from /home/airflow/.local/lib/python3.8/site-packages/airflow/example_dags/example_sensors.py
[2023-08-31T15:31:42.187+0000] {logging_mixin.py:151} INFO - [2023-08-31T15:31:42.187+0000] {dag.py:2907} INFO - Sync 1 DAGs
[2023-08-31T15:31:42.196+0000] {logging_mixin.py:151} INFO - [2023-08-31T15:31:42.195+0000] {dag.py:3677} INFO - Setting next_dagrun for example_sensors to None, run_after=None
[2023-08-31T15:31:42.209+0000] {processor.py:179} INFO - Processing /home/airflow/.local/lib/python3.8/site-packages/airflow/example_dags/example_sensors.py took 0.053 seconds
[2023-08-31T15:32:12.443+0000] {processor.py:157} INFO - Started process (PID=7760) to work on /home/airflow/.local/lib/python3.8/site-packages/airflow/example_dags/example_sensors.py
[2023-08-31T15:32:12.444+0000] {processor.py:829} INFO - Processing file /home/airflow/.local/lib/python3.8/site-packages/airflow/example_dags/example_sensors.py for tasks to queue
[2023-08-31T15:32:12.446+0000] {logging_mixin.py:151} INFO - [2023-08-31T15:32:12.446+0000] {dagbag.py:539} INFO - Filling up the DagBag from /home/airflow/.local/lib/python3.8/site-packages/airflow/example_dags/example_sensors.py
[2023-08-31T15:32:12.454+0000] {processor.py:839} INFO - DAG(s) dict_keys(['example_sensors']) retrieved from /home/airflow/.local/lib/python3.8/site-packages/airflow/example_dags/example_sensors.py
[2023-08-31T15:32:12.471+0000] {logging_mixin.py:151} INFO - [2023-08-31T15:32:12.471+0000] {dag.py:2907} INFO - Sync 1 DAGs
[2023-08-31T15:32:12.480+0000] {logging_mixin.py:151} INFO - [2023-08-31T15:32:12.480+0000] {dag.py:3677} INFO - Setting next_dagrun for example_sensors to None, run_after=None
[2023-08-31T15:32:12.491+0000] {processor.py:179} INFO - Processing /home/airflow/.local/lib/python3.8/site-packages/airflow/example_dags/example_sensors.py took 0.051 seconds
[2023-08-31T15:32:42.952+0000] {processor.py:157} INFO - Started process (PID=8000) to work on /home/airflow/.local/lib/python3.8/site-packages/airflow/example_dags/example_sensors.py
[2023-08-31T15:32:42.954+0000] {processor.py:829} INFO - Processing file /home/airflow/.local/lib/python3.8/site-packages/airflow/example_dags/example_sensors.py for tasks to queue
[2023-08-31T15:32:42.956+0000] {logging_mixin.py:151} INFO - [2023-08-31T15:32:42.956+0000] {dagbag.py:539} INFO - Filling up the DagBag from /home/airflow/.local/lib/python3.8/site-packages/airflow/example_dags/example_sensors.py
[2023-08-31T15:32:42.964+0000] {processor.py:839} INFO - DAG(s) dict_keys(['example_sensors']) retrieved from /home/airflow/.local/lib/python3.8/site-packages/airflow/example_dags/example_sensors.py
[2023-08-31T15:32:42.983+0000] {logging_mixin.py:151} INFO - [2023-08-31T15:32:42.983+0000] {dag.py:2907} INFO - Sync 1 DAGs
[2023-08-31T15:32:42.992+0000] {logging_mixin.py:151} INFO - [2023-08-31T15:32:42.992+0000] {dag.py:3677} INFO - Setting next_dagrun for example_sensors to None, run_after=None
[2023-08-31T15:32:43.005+0000] {processor.py:179} INFO - Processing /home/airflow/.local/lib/python3.8/site-packages/airflow/example_dags/example_sensors.py took 0.057 seconds
[2023-08-31T15:33:13.362+0000] {processor.py:157} INFO - Started process (PID=8241) to work on /home/airflow/.local/lib/python3.8/site-packages/airflow/example_dags/example_sensors.py
[2023-08-31T15:33:13.363+0000] {processor.py:829} INFO - Processing file /home/airflow/.local/lib/python3.8/site-packages/airflow/example_dags/example_sensors.py for tasks to queue
[2023-08-31T15:33:13.364+0000] {logging_mixin.py:151} INFO - [2023-08-31T15:33:13.364+0000] {dagbag.py:539} INFO - Filling up the DagBag from /home/airflow/.local/lib/python3.8/site-packages/airflow/example_dags/example_sensors.py
[2023-08-31T15:33:13.371+0000] {processor.py:839} INFO - DAG(s) dict_keys(['example_sensors']) retrieved from /home/airflow/.local/lib/python3.8/site-packages/airflow/example_dags/example_sensors.py
[2023-08-31T15:33:13.388+0000] {logging_mixin.py:151} INFO - [2023-08-31T15:33:13.388+0000] {dag.py:2907} INFO - Sync 1 DAGs
[2023-08-31T15:33:13.400+0000] {logging_mixin.py:151} INFO - [2023-08-31T15:33:13.400+0000] {dag.py:3677} INFO - Setting next_dagrun for example_sensors to None, run_after=None
[2023-08-31T15:33:13.415+0000] {processor.py:179} INFO - Processing /home/airflow/.local/lib/python3.8/site-packages/airflow/example_dags/example_sensors.py took 0.056 seconds
[2023-08-31T15:33:44.009+0000] {processor.py:157} INFO - Started process (PID=8479) to work on /home/airflow/.local/lib/python3.8/site-packages/airflow/example_dags/example_sensors.py
[2023-08-31T15:33:44.011+0000] {processor.py:829} INFO - Processing file /home/airflow/.local/lib/python3.8/site-packages/airflow/example_dags/example_sensors.py for tasks to queue
[2023-08-31T15:33:44.012+0000] {logging_mixin.py:151} INFO - [2023-08-31T15:33:44.012+0000] {dagbag.py:539} INFO - Filling up the DagBag from /home/airflow/.local/lib/python3.8/site-packages/airflow/example_dags/example_sensors.py
[2023-08-31T15:33:44.020+0000] {processor.py:839} INFO - DAG(s) dict_keys(['example_sensors']) retrieved from /home/airflow/.local/lib/python3.8/site-packages/airflow/example_dags/example_sensors.py
[2023-08-31T15:33:44.038+0000] {logging_mixin.py:151} INFO - [2023-08-31T15:33:44.037+0000] {dag.py:2907} INFO - Sync 1 DAGs
[2023-08-31T15:33:44.045+0000] {logging_mixin.py:151} INFO - [2023-08-31T15:33:44.045+0000] {dag.py:3677} INFO - Setting next_dagrun for example_sensors to None, run_after=None
[2023-08-31T15:33:44.057+0000] {processor.py:179} INFO - Processing /home/airflow/.local/lib/python3.8/site-packages/airflow/example_dags/example_sensors.py took 0.050 seconds
[2023-08-31T15:34:14.410+0000] {processor.py:157} INFO - Started process (PID=8722) to work on /home/airflow/.local/lib/python3.8/site-packages/airflow/example_dags/example_sensors.py
[2023-08-31T15:34:14.412+0000] {processor.py:829} INFO - Processing file /home/airflow/.local/lib/python3.8/site-packages/airflow/example_dags/example_sensors.py for tasks to queue
[2023-08-31T15:34:14.412+0000] {logging_mixin.py:151} INFO - [2023-08-31T15:34:14.412+0000] {dagbag.py:539} INFO - Filling up the DagBag from /home/airflow/.local/lib/python3.8/site-packages/airflow/example_dags/example_sensors.py
[2023-08-31T15:34:14.421+0000] {processor.py:839} INFO - DAG(s) dict_keys(['example_sensors']) retrieved from /home/airflow/.local/lib/python3.8/site-packages/airflow/example_dags/example_sensors.py
[2023-08-31T15:34:14.438+0000] {logging_mixin.py:151} INFO - [2023-08-31T15:34:14.437+0000] {dag.py:2907} INFO - Sync 1 DAGs
[2023-08-31T15:34:14.445+0000] {logging_mixin.py:151} INFO - [2023-08-31T15:34:14.445+0000] {dag.py:3677} INFO - Setting next_dagrun for example_sensors to None, run_after=None
[2023-08-31T15:34:14.456+0000] {processor.py:179} INFO - Processing /home/airflow/.local/lib/python3.8/site-packages/airflow/example_dags/example_sensors.py took 0.049 seconds
[2023-08-31T15:34:44.674+0000] {processor.py:157} INFO - Started process (PID=8960) to work on /home/airflow/.local/lib/python3.8/site-packages/airflow/example_dags/example_sensors.py
[2023-08-31T15:34:44.676+0000] {processor.py:829} INFO - Processing file /home/airflow/.local/lib/python3.8/site-packages/airflow/example_dags/example_sensors.py for tasks to queue
[2023-08-31T15:34:44.677+0000] {logging_mixin.py:151} INFO - [2023-08-31T15:34:44.677+0000] {dagbag.py:539} INFO - Filling up the DagBag from /home/airflow/.local/lib/python3.8/site-packages/airflow/example_dags/example_sensors.py
[2023-08-31T15:34:44.684+0000] {processor.py:839} INFO - DAG(s) dict_keys(['example_sensors']) retrieved from /home/airflow/.local/lib/python3.8/site-packages/airflow/example_dags/example_sensors.py
[2023-08-31T15:34:44.701+0000] {logging_mixin.py:151} INFO - [2023-08-31T15:34:44.701+0000] {dag.py:2907} INFO - Sync 1 DAGs
[2023-08-31T15:34:44.710+0000] {logging_mixin.py:151} INFO - [2023-08-31T15:34:44.709+0000] {dag.py:3677} INFO - Setting next_dagrun for example_sensors to None, run_after=None
[2023-08-31T15:34:44.721+0000] {processor.py:179} INFO - Processing /home/airflow/.local/lib/python3.8/site-packages/airflow/example_dags/example_sensors.py took 0.049 seconds
[2023-08-31T15:35:15.071+0000] {processor.py:157} INFO - Started process (PID=9202) to work on /home/airflow/.local/lib/python3.8/site-packages/airflow/example_dags/example_sensors.py
[2023-08-31T15:35:15.073+0000] {processor.py:829} INFO - Processing file /home/airflow/.local/lib/python3.8/site-packages/airflow/example_dags/example_sensors.py for tasks to queue
[2023-08-31T15:35:15.074+0000] {logging_mixin.py:151} INFO - [2023-08-31T15:35:15.074+0000] {dagbag.py:539} INFO - Filling up the DagBag from /home/airflow/.local/lib/python3.8/site-packages/airflow/example_dags/example_sensors.py
[2023-08-31T15:35:15.081+0000] {processor.py:839} INFO - DAG(s) dict_keys(['example_sensors']) retrieved from /home/airflow/.local/lib/python3.8/site-packages/airflow/example_dags/example_sensors.py
[2023-08-31T15:35:15.098+0000] {logging_mixin.py:151} INFO - [2023-08-31T15:35:15.098+0000] {dag.py:2907} INFO - Sync 1 DAGs
[2023-08-31T15:35:15.107+0000] {logging_mixin.py:151} INFO - [2023-08-31T15:35:15.107+0000] {dag.py:3677} INFO - Setting next_dagrun for example_sensors to None, run_after=None
[2023-08-31T15:35:15.119+0000] {processor.py:179} INFO - Processing /home/airflow/.local/lib/python3.8/site-packages/airflow/example_dags/example_sensors.py took 0.050 seconds
[2023-08-31T15:35:45.490+0000] {processor.py:157} INFO - Started process (PID=9445) to work on /home/airflow/.local/lib/python3.8/site-packages/airflow/example_dags/example_sensors.py
[2023-08-31T15:35:45.492+0000] {processor.py:829} INFO - Processing file /home/airflow/.local/lib/python3.8/site-packages/airflow/example_dags/example_sensors.py for tasks to queue
[2023-08-31T15:35:45.493+0000] {logging_mixin.py:151} INFO - [2023-08-31T15:35:45.493+0000] {dagbag.py:539} INFO - Filling up the DagBag from /home/airflow/.local/lib/python3.8/site-packages/airflow/example_dags/example_sensors.py
[2023-08-31T15:35:45.500+0000] {processor.py:839} INFO - DAG(s) dict_keys(['example_sensors']) retrieved from /home/airflow/.local/lib/python3.8/site-packages/airflow/example_dags/example_sensors.py
[2023-08-31T15:35:45.517+0000] {logging_mixin.py:151} INFO - [2023-08-31T15:35:45.517+0000] {dag.py:2907} INFO - Sync 1 DAGs
[2023-08-31T15:35:45.525+0000] {logging_mixin.py:151} INFO - [2023-08-31T15:35:45.524+0000] {dag.py:3677} INFO - Setting next_dagrun for example_sensors to None, run_after=None
[2023-08-31T15:35:45.535+0000] {processor.py:179} INFO - Processing /home/airflow/.local/lib/python3.8/site-packages/airflow/example_dags/example_sensors.py took 0.048 seconds
[2023-08-31T15:36:15.843+0000] {processor.py:157} INFO - Started process (PID=9684) to work on /home/airflow/.local/lib/python3.8/site-packages/airflow/example_dags/example_sensors.py
[2023-08-31T15:36:15.844+0000] {processor.py:829} INFO - Processing file /home/airflow/.local/lib/python3.8/site-packages/airflow/example_dags/example_sensors.py for tasks to queue
[2023-08-31T15:36:15.845+0000] {logging_mixin.py:151} INFO - [2023-08-31T15:36:15.845+0000] {dagbag.py:539} INFO - Filling up the DagBag from /home/airflow/.local/lib/python3.8/site-packages/airflow/example_dags/example_sensors.py
[2023-08-31T15:36:15.852+0000] {processor.py:839} INFO - DAG(s) dict_keys(['example_sensors']) retrieved from /home/airflow/.local/lib/python3.8/site-packages/airflow/example_dags/example_sensors.py
[2023-08-31T15:36:15.868+0000] {logging_mixin.py:151} INFO - [2023-08-31T15:36:15.868+0000] {dag.py:2907} INFO - Sync 1 DAGs
[2023-08-31T15:36:15.877+0000] {logging_mixin.py:151} INFO - [2023-08-31T15:36:15.877+0000] {dag.py:3677} INFO - Setting next_dagrun for example_sensors to None, run_after=None
[2023-08-31T15:36:15.889+0000] {processor.py:179} INFO - Processing /home/airflow/.local/lib/python3.8/site-packages/airflow/example_dags/example_sensors.py took 0.049 seconds
[2023-08-31T15:36:46.192+0000] {processor.py:157} INFO - Started process (PID=9924) to work on /home/airflow/.local/lib/python3.8/site-packages/airflow/example_dags/example_sensors.py
[2023-08-31T15:36:46.193+0000] {processor.py:829} INFO - Processing file /home/airflow/.local/lib/python3.8/site-packages/airflow/example_dags/example_sensors.py for tasks to queue
[2023-08-31T15:36:46.194+0000] {logging_mixin.py:151} INFO - [2023-08-31T15:36:46.194+0000] {dagbag.py:539} INFO - Filling up the DagBag from /home/airflow/.local/lib/python3.8/site-packages/airflow/example_dags/example_sensors.py
[2023-08-31T15:36:46.203+0000] {processor.py:839} INFO - DAG(s) dict_keys(['example_sensors']) retrieved from /home/airflow/.local/lib/python3.8/site-packages/airflow/example_dags/example_sensors.py
[2023-08-31T15:36:46.219+0000] {logging_mixin.py:151} INFO - [2023-08-31T15:36:46.219+0000] {dag.py:2907} INFO - Sync 1 DAGs
[2023-08-31T15:36:46.228+0000] {logging_mixin.py:151} INFO - [2023-08-31T15:36:46.228+0000] {dag.py:3677} INFO - Setting next_dagrun for example_sensors to None, run_after=None
[2023-08-31T15:36:46.241+0000] {processor.py:179} INFO - Processing /home/airflow/.local/lib/python3.8/site-packages/airflow/example_dags/example_sensors.py took 0.052 seconds
[2023-08-31T15:37:16.488+0000] {processor.py:157} INFO - Started process (PID=10163) to work on /home/airflow/.local/lib/python3.8/site-packages/airflow/example_dags/example_sensors.py
[2023-08-31T15:37:16.489+0000] {processor.py:829} INFO - Processing file /home/airflow/.local/lib/python3.8/site-packages/airflow/example_dags/example_sensors.py for tasks to queue
[2023-08-31T15:37:16.490+0000] {logging_mixin.py:151} INFO - [2023-08-31T15:37:16.490+0000] {dagbag.py:539} INFO - Filling up the DagBag from /home/airflow/.local/lib/python3.8/site-packages/airflow/example_dags/example_sensors.py
[2023-08-31T15:37:16.498+0000] {processor.py:839} INFO - DAG(s) dict_keys(['example_sensors']) retrieved from /home/airflow/.local/lib/python3.8/site-packages/airflow/example_dags/example_sensors.py
[2023-08-31T15:37:16.513+0000] {logging_mixin.py:151} INFO - [2023-08-31T15:37:16.513+0000] {dag.py:2907} INFO - Sync 1 DAGs
[2023-08-31T15:37:16.525+0000] {logging_mixin.py:151} INFO - [2023-08-31T15:37:16.525+0000] {dag.py:3677} INFO - Setting next_dagrun for example_sensors to None, run_after=None
[2023-08-31T15:37:16.538+0000] {processor.py:179} INFO - Processing /home/airflow/.local/lib/python3.8/site-packages/airflow/example_dags/example_sensors.py took 0.054 seconds
[2023-08-31T15:37:46.754+0000] {processor.py:157} INFO - Started process (PID=10402) to work on /home/airflow/.local/lib/python3.8/site-packages/airflow/example_dags/example_sensors.py
[2023-08-31T15:37:46.755+0000] {processor.py:829} INFO - Processing file /home/airflow/.local/lib/python3.8/site-packages/airflow/example_dags/example_sensors.py for tasks to queue
[2023-08-31T15:37:46.756+0000] {logging_mixin.py:151} INFO - [2023-08-31T15:37:46.756+0000] {dagbag.py:539} INFO - Filling up the DagBag from /home/airflow/.local/lib/python3.8/site-packages/airflow/example_dags/example_sensors.py
[2023-08-31T15:37:46.763+0000] {processor.py:839} INFO - DAG(s) dict_keys(['example_sensors']) retrieved from /home/airflow/.local/lib/python3.8/site-packages/airflow/example_dags/example_sensors.py
[2023-08-31T15:37:46.780+0000] {logging_mixin.py:151} INFO - [2023-08-31T15:37:46.780+0000] {dag.py:2907} INFO - Sync 1 DAGs
[2023-08-31T15:37:46.788+0000] {logging_mixin.py:151} INFO - [2023-08-31T15:37:46.788+0000] {dag.py:3677} INFO - Setting next_dagrun for example_sensors to None, run_after=None
[2023-08-31T15:37:46.799+0000] {processor.py:179} INFO - Processing /home/airflow/.local/lib/python3.8/site-packages/airflow/example_dags/example_sensors.py took 0.047 seconds
