[2023-08-31T15:16:29.250+0000] {processor.py:157} INFO - Started process (PID=247) to work on /home/airflow/.local/lib/python3.8/site-packages/airflow/example_dags/example_xcom.py
[2023-08-31T15:16:29.251+0000] {processor.py:829} INFO - Processing file /home/airflow/.local/lib/python3.8/site-packages/airflow/example_dags/example_xcom.py for tasks to queue
[2023-08-31T15:16:29.253+0000] {logging_mixin.py:151} INFO - [2023-08-31T15:16:29.252+0000] {dagbag.py:539} INFO - Filling up the DagBag from /home/airflow/.local/lib/python3.8/site-packages/airflow/example_dags/example_xcom.py
[2023-08-31T15:16:29.260+0000] {processor.py:839} INFO - DAG(s) dict_keys(['example_xcom']) retrieved from /home/airflow/.local/lib/python3.8/site-packages/airflow/example_dags/example_xcom.py
[2023-08-31T15:16:29.269+0000] {logging_mixin.py:151} INFO - [2023-08-31T15:16:29.269+0000] {dag.py:2907} INFO - Sync 1 DAGs
[2023-08-31T15:16:29.284+0000] {logging_mixin.py:151} INFO - [2023-08-31T15:16:29.284+0000] {dag.py:3677} INFO - Setting next_dagrun for example_xcom to 2021-01-01T00:00:00+00:00, run_after=2021-01-01T00:00:00+00:00
[2023-08-31T15:16:29.298+0000] {processor.py:179} INFO - Processing /home/airflow/.local/lib/python3.8/site-packages/airflow/example_dags/example_xcom.py took 0.051 seconds
[2023-08-31T15:17:00.058+0000] {processor.py:157} INFO - Started process (PID=492) to work on /home/airflow/.local/lib/python3.8/site-packages/airflow/example_dags/example_xcom.py
[2023-08-31T15:17:00.059+0000] {processor.py:829} INFO - Processing file /home/airflow/.local/lib/python3.8/site-packages/airflow/example_dags/example_xcom.py for tasks to queue
[2023-08-31T15:17:00.060+0000] {logging_mixin.py:151} INFO - [2023-08-31T15:17:00.060+0000] {dagbag.py:539} INFO - Filling up the DagBag from /home/airflow/.local/lib/python3.8/site-packages/airflow/example_dags/example_xcom.py
[2023-08-31T15:17:00.066+0000] {processor.py:839} INFO - DAG(s) dict_keys(['example_xcom']) retrieved from /home/airflow/.local/lib/python3.8/site-packages/airflow/example_dags/example_xcom.py
[2023-08-31T15:17:00.082+0000] {logging_mixin.py:151} INFO - [2023-08-31T15:17:00.081+0000] {dag.py:2907} INFO - Sync 1 DAGs
[2023-08-31T15:17:00.095+0000] {logging_mixin.py:151} INFO - [2023-08-31T15:17:00.095+0000] {dag.py:3677} INFO - Setting next_dagrun for example_xcom to 2021-01-01T00:00:00+00:00, run_after=2021-01-01T00:00:00+00:00
[2023-08-31T15:17:00.188+0000] {processor.py:179} INFO - Processing /home/airflow/.local/lib/python3.8/site-packages/airflow/example_dags/example_xcom.py took 0.133 seconds
[2023-08-31T15:17:31.178+0000] {processor.py:157} INFO - Started process (PID=728) to work on /home/airflow/.local/lib/python3.8/site-packages/airflow/example_dags/example_xcom.py
[2023-08-31T15:17:31.180+0000] {processor.py:829} INFO - Processing file /home/airflow/.local/lib/python3.8/site-packages/airflow/example_dags/example_xcom.py for tasks to queue
[2023-08-31T15:17:31.181+0000] {logging_mixin.py:151} INFO - [2023-08-31T15:17:31.180+0000] {dagbag.py:539} INFO - Filling up the DagBag from /home/airflow/.local/lib/python3.8/site-packages/airflow/example_dags/example_xcom.py
[2023-08-31T15:17:31.269+0000] {processor.py:839} INFO - DAG(s) dict_keys(['example_xcom']) retrieved from /home/airflow/.local/lib/python3.8/site-packages/airflow/example_dags/example_xcom.py
[2023-08-31T15:17:31.282+0000] {logging_mixin.py:151} INFO - [2023-08-31T15:17:31.282+0000] {dag.py:2907} INFO - Sync 1 DAGs
[2023-08-31T15:17:31.294+0000] {logging_mixin.py:151} INFO - [2023-08-31T15:17:31.293+0000] {dag.py:3677} INFO - Setting next_dagrun for example_xcom to 2021-01-01T00:00:00+00:00, run_after=2021-01-01T00:00:00+00:00
[2023-08-31T15:17:31.304+0000] {processor.py:179} INFO - Processing /home/airflow/.local/lib/python3.8/site-packages/airflow/example_dags/example_xcom.py took 0.129 seconds
[2023-08-31T15:18:01.836+0000] {processor.py:157} INFO - Started process (PID=970) to work on /home/airflow/.local/lib/python3.8/site-packages/airflow/example_dags/example_xcom.py
[2023-08-31T15:18:01.837+0000] {processor.py:829} INFO - Processing file /home/airflow/.local/lib/python3.8/site-packages/airflow/example_dags/example_xcom.py for tasks to queue
[2023-08-31T15:18:01.839+0000] {logging_mixin.py:151} INFO - [2023-08-31T15:18:01.839+0000] {dagbag.py:539} INFO - Filling up the DagBag from /home/airflow/.local/lib/python3.8/site-packages/airflow/example_dags/example_xcom.py
[2023-08-31T15:18:01.844+0000] {processor.py:839} INFO - DAG(s) dict_keys(['example_xcom']) retrieved from /home/airflow/.local/lib/python3.8/site-packages/airflow/example_dags/example_xcom.py
[2023-08-31T15:18:01.859+0000] {logging_mixin.py:151} INFO - [2023-08-31T15:18:01.858+0000] {dag.py:2907} INFO - Sync 1 DAGs
[2023-08-31T15:18:01.871+0000] {logging_mixin.py:151} INFO - [2023-08-31T15:18:01.870+0000] {dag.py:3677} INFO - Setting next_dagrun for example_xcom to 2021-01-01T00:00:00+00:00, run_after=2021-01-01T00:00:00+00:00
[2023-08-31T15:18:01.882+0000] {processor.py:179} INFO - Processing /home/airflow/.local/lib/python3.8/site-packages/airflow/example_dags/example_xcom.py took 0.048 seconds
[2023-08-31T15:18:32.562+0000] {processor.py:157} INFO - Started process (PID=1237) to work on /home/airflow/.local/lib/python3.8/site-packages/airflow/example_dags/example_xcom.py
[2023-08-31T15:18:32.563+0000] {processor.py:829} INFO - Processing file /home/airflow/.local/lib/python3.8/site-packages/airflow/example_dags/example_xcom.py for tasks to queue
[2023-08-31T15:18:32.564+0000] {logging_mixin.py:151} INFO - [2023-08-31T15:18:32.564+0000] {dagbag.py:539} INFO - Filling up the DagBag from /home/airflow/.local/lib/python3.8/site-packages/airflow/example_dags/example_xcom.py
[2023-08-31T15:18:32.569+0000] {processor.py:839} INFO - DAG(s) dict_keys(['example_xcom']) retrieved from /home/airflow/.local/lib/python3.8/site-packages/airflow/example_dags/example_xcom.py
[2023-08-31T15:18:32.585+0000] {logging_mixin.py:151} INFO - [2023-08-31T15:18:32.584+0000] {dag.py:2907} INFO - Sync 1 DAGs
[2023-08-31T15:18:32.597+0000] {logging_mixin.py:151} INFO - [2023-08-31T15:18:32.597+0000] {dag.py:3677} INFO - Setting next_dagrun for example_xcom to 2021-01-01T00:00:00+00:00, run_after=2021-01-01T00:00:00+00:00
[2023-08-31T15:18:32.608+0000] {processor.py:179} INFO - Processing /home/airflow/.local/lib/python3.8/site-packages/airflow/example_dags/example_xcom.py took 0.049 seconds
[2023-08-31T15:19:03.041+0000] {processor.py:157} INFO - Started process (PID=1474) to work on /home/airflow/.local/lib/python3.8/site-packages/airflow/example_dags/example_xcom.py
[2023-08-31T15:19:03.042+0000] {processor.py:829} INFO - Processing file /home/airflow/.local/lib/python3.8/site-packages/airflow/example_dags/example_xcom.py for tasks to queue
[2023-08-31T15:19:03.043+0000] {logging_mixin.py:151} INFO - [2023-08-31T15:19:03.043+0000] {dagbag.py:539} INFO - Filling up the DagBag from /home/airflow/.local/lib/python3.8/site-packages/airflow/example_dags/example_xcom.py
[2023-08-31T15:19:03.048+0000] {processor.py:839} INFO - DAG(s) dict_keys(['example_xcom']) retrieved from /home/airflow/.local/lib/python3.8/site-packages/airflow/example_dags/example_xcom.py
[2023-08-31T15:19:03.064+0000] {logging_mixin.py:151} INFO - [2023-08-31T15:19:03.063+0000] {dag.py:2907} INFO - Sync 1 DAGs
[2023-08-31T15:19:03.080+0000] {logging_mixin.py:151} INFO - [2023-08-31T15:19:03.080+0000] {dag.py:3677} INFO - Setting next_dagrun for example_xcom to 2021-01-01T00:00:00+00:00, run_after=2021-01-01T00:00:00+00:00
[2023-08-31T15:19:03.094+0000] {processor.py:179} INFO - Processing /home/airflow/.local/lib/python3.8/site-packages/airflow/example_dags/example_xcom.py took 0.056 seconds
[2023-08-31T15:19:33.423+0000] {processor.py:157} INFO - Started process (PID=1715) to work on /home/airflow/.local/lib/python3.8/site-packages/airflow/example_dags/example_xcom.py
[2023-08-31T15:19:33.424+0000] {processor.py:829} INFO - Processing file /home/airflow/.local/lib/python3.8/site-packages/airflow/example_dags/example_xcom.py for tasks to queue
[2023-08-31T15:19:33.425+0000] {logging_mixin.py:151} INFO - [2023-08-31T15:19:33.425+0000] {dagbag.py:539} INFO - Filling up the DagBag from /home/airflow/.local/lib/python3.8/site-packages/airflow/example_dags/example_xcom.py
[2023-08-31T15:19:33.432+0000] {processor.py:839} INFO - DAG(s) dict_keys(['example_xcom']) retrieved from /home/airflow/.local/lib/python3.8/site-packages/airflow/example_dags/example_xcom.py
[2023-08-31T15:19:33.445+0000] {logging_mixin.py:151} INFO - [2023-08-31T15:19:33.444+0000] {dag.py:2907} INFO - Sync 1 DAGs
[2023-08-31T15:19:33.458+0000] {logging_mixin.py:151} INFO - [2023-08-31T15:19:33.458+0000] {dag.py:3677} INFO - Setting next_dagrun for example_xcom to 2021-01-01T00:00:00+00:00, run_after=2021-01-01T00:00:00+00:00
[2023-08-31T15:19:33.469+0000] {processor.py:179} INFO - Processing /home/airflow/.local/lib/python3.8/site-packages/airflow/example_dags/example_xcom.py took 0.049 seconds
[2023-08-31T15:20:03.707+0000] {processor.py:157} INFO - Started process (PID=1955) to work on /home/airflow/.local/lib/python3.8/site-packages/airflow/example_dags/example_xcom.py
[2023-08-31T15:20:03.708+0000] {processor.py:829} INFO - Processing file /home/airflow/.local/lib/python3.8/site-packages/airflow/example_dags/example_xcom.py for tasks to queue
[2023-08-31T15:20:03.709+0000] {logging_mixin.py:151} INFO - [2023-08-31T15:20:03.709+0000] {dagbag.py:539} INFO - Filling up the DagBag from /home/airflow/.local/lib/python3.8/site-packages/airflow/example_dags/example_xcom.py
[2023-08-31T15:20:03.714+0000] {processor.py:839} INFO - DAG(s) dict_keys(['example_xcom']) retrieved from /home/airflow/.local/lib/python3.8/site-packages/airflow/example_dags/example_xcom.py
[2023-08-31T15:20:03.728+0000] {logging_mixin.py:151} INFO - [2023-08-31T15:20:03.728+0000] {dag.py:2907} INFO - Sync 1 DAGs
[2023-08-31T15:20:03.740+0000] {logging_mixin.py:151} INFO - [2023-08-31T15:20:03.739+0000] {dag.py:3677} INFO - Setting next_dagrun for example_xcom to 2021-01-01T00:00:00+00:00, run_after=2021-01-01T00:00:00+00:00
[2023-08-31T15:20:03.751+0000] {processor.py:179} INFO - Processing /home/airflow/.local/lib/python3.8/site-packages/airflow/example_dags/example_xcom.py took 0.047 seconds
[2023-08-31T15:20:34.105+0000] {processor.py:157} INFO - Started process (PID=2194) to work on /home/airflow/.local/lib/python3.8/site-packages/airflow/example_dags/example_xcom.py
[2023-08-31T15:20:34.106+0000] {processor.py:829} INFO - Processing file /home/airflow/.local/lib/python3.8/site-packages/airflow/example_dags/example_xcom.py for tasks to queue
[2023-08-31T15:20:34.107+0000] {logging_mixin.py:151} INFO - [2023-08-31T15:20:34.107+0000] {dagbag.py:539} INFO - Filling up the DagBag from /home/airflow/.local/lib/python3.8/site-packages/airflow/example_dags/example_xcom.py
[2023-08-31T15:20:34.113+0000] {processor.py:839} INFO - DAG(s) dict_keys(['example_xcom']) retrieved from /home/airflow/.local/lib/python3.8/site-packages/airflow/example_dags/example_xcom.py
[2023-08-31T15:20:34.128+0000] {logging_mixin.py:151} INFO - [2023-08-31T15:20:34.127+0000] {dag.py:2907} INFO - Sync 1 DAGs
[2023-08-31T15:20:34.140+0000] {logging_mixin.py:151} INFO - [2023-08-31T15:20:34.140+0000] {dag.py:3677} INFO - Setting next_dagrun for example_xcom to 2021-01-01T00:00:00+00:00, run_after=2021-01-01T00:00:00+00:00
[2023-08-31T15:20:34.152+0000] {processor.py:179} INFO - Processing /home/airflow/.local/lib/python3.8/site-packages/airflow/example_dags/example_xcom.py took 0.049 seconds
[2023-08-31T15:21:04.345+0000] {processor.py:157} INFO - Started process (PID=2435) to work on /home/airflow/.local/lib/python3.8/site-packages/airflow/example_dags/example_xcom.py
[2023-08-31T15:21:04.346+0000] {processor.py:829} INFO - Processing file /home/airflow/.local/lib/python3.8/site-packages/airflow/example_dags/example_xcom.py for tasks to queue
[2023-08-31T15:21:04.347+0000] {logging_mixin.py:151} INFO - [2023-08-31T15:21:04.347+0000] {dagbag.py:539} INFO - Filling up the DagBag from /home/airflow/.local/lib/python3.8/site-packages/airflow/example_dags/example_xcom.py
[2023-08-31T15:21:04.352+0000] {processor.py:839} INFO - DAG(s) dict_keys(['example_xcom']) retrieved from /home/airflow/.local/lib/python3.8/site-packages/airflow/example_dags/example_xcom.py
[2023-08-31T15:21:04.368+0000] {logging_mixin.py:151} INFO - [2023-08-31T15:21:04.368+0000] {dag.py:2907} INFO - Sync 1 DAGs
[2023-08-31T15:21:04.380+0000] {logging_mixin.py:151} INFO - [2023-08-31T15:21:04.380+0000] {dag.py:3677} INFO - Setting next_dagrun for example_xcom to 2021-01-01T00:00:00+00:00, run_after=2021-01-01T00:00:00+00:00
[2023-08-31T15:21:04.391+0000] {processor.py:179} INFO - Processing /home/airflow/.local/lib/python3.8/site-packages/airflow/example_dags/example_xcom.py took 0.049 seconds
[2023-08-31T15:21:34.681+0000] {processor.py:157} INFO - Started process (PID=2677) to work on /home/airflow/.local/lib/python3.8/site-packages/airflow/example_dags/example_xcom.py
[2023-08-31T15:21:34.683+0000] {processor.py:829} INFO - Processing file /home/airflow/.local/lib/python3.8/site-packages/airflow/example_dags/example_xcom.py for tasks to queue
[2023-08-31T15:21:34.684+0000] {logging_mixin.py:151} INFO - [2023-08-31T15:21:34.684+0000] {dagbag.py:539} INFO - Filling up the DagBag from /home/airflow/.local/lib/python3.8/site-packages/airflow/example_dags/example_xcom.py
[2023-08-31T15:21:34.689+0000] {processor.py:839} INFO - DAG(s) dict_keys(['example_xcom']) retrieved from /home/airflow/.local/lib/python3.8/site-packages/airflow/example_dags/example_xcom.py
[2023-08-31T15:21:34.704+0000] {logging_mixin.py:151} INFO - [2023-08-31T15:21:34.704+0000] {dag.py:2907} INFO - Sync 1 DAGs
[2023-08-31T15:21:34.717+0000] {logging_mixin.py:151} INFO - [2023-08-31T15:21:34.717+0000] {dag.py:3677} INFO - Setting next_dagrun for example_xcom to 2021-01-01T00:00:00+00:00, run_after=2021-01-01T00:00:00+00:00
[2023-08-31T15:21:34.729+0000] {processor.py:179} INFO - Processing /home/airflow/.local/lib/python3.8/site-packages/airflow/example_dags/example_xcom.py took 0.050 seconds
[2023-08-31T15:22:04.992+0000] {processor.py:157} INFO - Started process (PID=2917) to work on /home/airflow/.local/lib/python3.8/site-packages/airflow/example_dags/example_xcom.py
[2023-08-31T15:22:04.994+0000] {processor.py:829} INFO - Processing file /home/airflow/.local/lib/python3.8/site-packages/airflow/example_dags/example_xcom.py for tasks to queue
[2023-08-31T15:22:04.995+0000] {logging_mixin.py:151} INFO - [2023-08-31T15:22:04.994+0000] {dagbag.py:539} INFO - Filling up the DagBag from /home/airflow/.local/lib/python3.8/site-packages/airflow/example_dags/example_xcom.py
[2023-08-31T15:22:05.000+0000] {processor.py:839} INFO - DAG(s) dict_keys(['example_xcom']) retrieved from /home/airflow/.local/lib/python3.8/site-packages/airflow/example_dags/example_xcom.py
[2023-08-31T15:22:05.015+0000] {logging_mixin.py:151} INFO - [2023-08-31T15:22:05.015+0000] {dag.py:2907} INFO - Sync 1 DAGs
[2023-08-31T15:22:05.029+0000] {logging_mixin.py:151} INFO - [2023-08-31T15:22:05.028+0000] {dag.py:3677} INFO - Setting next_dagrun for example_xcom to 2021-01-01T00:00:00+00:00, run_after=2021-01-01T00:00:00+00:00
[2023-08-31T15:22:05.040+0000] {processor.py:179} INFO - Processing /home/airflow/.local/lib/python3.8/site-packages/airflow/example_dags/example_xcom.py took 0.050 seconds
[2023-08-31T15:22:35.559+0000] {processor.py:157} INFO - Started process (PID=3157) to work on /home/airflow/.local/lib/python3.8/site-packages/airflow/example_dags/example_xcom.py
[2023-08-31T15:22:35.561+0000] {processor.py:829} INFO - Processing file /home/airflow/.local/lib/python3.8/site-packages/airflow/example_dags/example_xcom.py for tasks to queue
[2023-08-31T15:22:35.563+0000] {logging_mixin.py:151} INFO - [2023-08-31T15:22:35.563+0000] {dagbag.py:539} INFO - Filling up the DagBag from /home/airflow/.local/lib/python3.8/site-packages/airflow/example_dags/example_xcom.py
[2023-08-31T15:22:35.569+0000] {processor.py:839} INFO - DAG(s) dict_keys(['example_xcom']) retrieved from /home/airflow/.local/lib/python3.8/site-packages/airflow/example_dags/example_xcom.py
[2023-08-31T15:22:35.583+0000] {logging_mixin.py:151} INFO - [2023-08-31T15:22:35.583+0000] {dag.py:2907} INFO - Sync 1 DAGs
[2023-08-31T15:22:35.596+0000] {logging_mixin.py:151} INFO - [2023-08-31T15:22:35.596+0000] {dag.py:3677} INFO - Setting next_dagrun for example_xcom to 2021-01-01T00:00:00+00:00, run_after=2021-01-01T00:00:00+00:00
[2023-08-31T15:22:35.609+0000] {processor.py:179} INFO - Processing /home/airflow/.local/lib/python3.8/site-packages/airflow/example_dags/example_xcom.py took 0.054 seconds
[2023-08-31T15:23:06.113+0000] {processor.py:157} INFO - Started process (PID=3401) to work on /home/airflow/.local/lib/python3.8/site-packages/airflow/example_dags/example_xcom.py
[2023-08-31T15:23:06.114+0000] {processor.py:829} INFO - Processing file /home/airflow/.local/lib/python3.8/site-packages/airflow/example_dags/example_xcom.py for tasks to queue
[2023-08-31T15:23:06.116+0000] {logging_mixin.py:151} INFO - [2023-08-31T15:23:06.116+0000] {dagbag.py:539} INFO - Filling up the DagBag from /home/airflow/.local/lib/python3.8/site-packages/airflow/example_dags/example_xcom.py
[2023-08-31T15:23:06.122+0000] {processor.py:839} INFO - DAG(s) dict_keys(['example_xcom']) retrieved from /home/airflow/.local/lib/python3.8/site-packages/airflow/example_dags/example_xcom.py
[2023-08-31T15:23:06.137+0000] {logging_mixin.py:151} INFO - [2023-08-31T15:23:06.137+0000] {dag.py:2907} INFO - Sync 1 DAGs
[2023-08-31T15:23:06.151+0000] {logging_mixin.py:151} INFO - [2023-08-31T15:23:06.151+0000] {dag.py:3677} INFO - Setting next_dagrun for example_xcom to 2021-01-01T00:00:00+00:00, run_after=2021-01-01T00:00:00+00:00
[2023-08-31T15:23:06.164+0000] {processor.py:179} INFO - Processing /home/airflow/.local/lib/python3.8/site-packages/airflow/example_dags/example_xcom.py took 0.053 seconds
[2023-08-31T15:23:36.548+0000] {processor.py:157} INFO - Started process (PID=3639) to work on /home/airflow/.local/lib/python3.8/site-packages/airflow/example_dags/example_xcom.py
[2023-08-31T15:23:36.549+0000] {processor.py:829} INFO - Processing file /home/airflow/.local/lib/python3.8/site-packages/airflow/example_dags/example_xcom.py for tasks to queue
[2023-08-31T15:23:36.550+0000] {logging_mixin.py:151} INFO - [2023-08-31T15:23:36.550+0000] {dagbag.py:539} INFO - Filling up the DagBag from /home/airflow/.local/lib/python3.8/site-packages/airflow/example_dags/example_xcom.py
[2023-08-31T15:23:36.556+0000] {processor.py:839} INFO - DAG(s) dict_keys(['example_xcom']) retrieved from /home/airflow/.local/lib/python3.8/site-packages/airflow/example_dags/example_xcom.py
[2023-08-31T15:23:36.571+0000] {logging_mixin.py:151} INFO - [2023-08-31T15:23:36.571+0000] {dag.py:2907} INFO - Sync 1 DAGs
[2023-08-31T15:23:36.583+0000] {logging_mixin.py:151} INFO - [2023-08-31T15:23:36.583+0000] {dag.py:3677} INFO - Setting next_dagrun for example_xcom to 2021-01-01T00:00:00+00:00, run_after=2021-01-01T00:00:00+00:00
[2023-08-31T15:23:36.594+0000] {processor.py:179} INFO - Processing /home/airflow/.local/lib/python3.8/site-packages/airflow/example_dags/example_xcom.py took 0.049 seconds
[2023-08-31T15:24:06.877+0000] {processor.py:157} INFO - Started process (PID=3881) to work on /home/airflow/.local/lib/python3.8/site-packages/airflow/example_dags/example_xcom.py
[2023-08-31T15:24:06.878+0000] {processor.py:829} INFO - Processing file /home/airflow/.local/lib/python3.8/site-packages/airflow/example_dags/example_xcom.py for tasks to queue
[2023-08-31T15:24:06.880+0000] {logging_mixin.py:151} INFO - [2023-08-31T15:24:06.879+0000] {dagbag.py:539} INFO - Filling up the DagBag from /home/airflow/.local/lib/python3.8/site-packages/airflow/example_dags/example_xcom.py
[2023-08-31T15:24:06.885+0000] {processor.py:839} INFO - DAG(s) dict_keys(['example_xcom']) retrieved from /home/airflow/.local/lib/python3.8/site-packages/airflow/example_dags/example_xcom.py
[2023-08-31T15:24:06.901+0000] {logging_mixin.py:151} INFO - [2023-08-31T15:24:06.900+0000] {dag.py:2907} INFO - Sync 1 DAGs
[2023-08-31T15:24:06.914+0000] {logging_mixin.py:151} INFO - [2023-08-31T15:24:06.913+0000] {dag.py:3677} INFO - Setting next_dagrun for example_xcom to 2021-01-01T00:00:00+00:00, run_after=2021-01-01T00:00:00+00:00
[2023-08-31T15:24:06.926+0000] {processor.py:179} INFO - Processing /home/airflow/.local/lib/python3.8/site-packages/airflow/example_dags/example_xcom.py took 0.051 seconds
[2023-08-31T15:24:37.189+0000] {processor.py:157} INFO - Started process (PID=4121) to work on /home/airflow/.local/lib/python3.8/site-packages/airflow/example_dags/example_xcom.py
[2023-08-31T15:24:37.190+0000] {processor.py:829} INFO - Processing file /home/airflow/.local/lib/python3.8/site-packages/airflow/example_dags/example_xcom.py for tasks to queue
[2023-08-31T15:24:37.191+0000] {logging_mixin.py:151} INFO - [2023-08-31T15:24:37.191+0000] {dagbag.py:539} INFO - Filling up the DagBag from /home/airflow/.local/lib/python3.8/site-packages/airflow/example_dags/example_xcom.py
[2023-08-31T15:24:37.197+0000] {processor.py:839} INFO - DAG(s) dict_keys(['example_xcom']) retrieved from /home/airflow/.local/lib/python3.8/site-packages/airflow/example_dags/example_xcom.py
[2023-08-31T15:24:37.216+0000] {logging_mixin.py:151} INFO - [2023-08-31T15:24:37.216+0000] {dag.py:2907} INFO - Sync 1 DAGs
[2023-08-31T15:24:37.234+0000] {logging_mixin.py:151} INFO - [2023-08-31T15:24:37.234+0000] {dag.py:3677} INFO - Setting next_dagrun for example_xcom to 2021-01-01T00:00:00+00:00, run_after=2021-01-01T00:00:00+00:00
[2023-08-31T15:24:37.249+0000] {processor.py:179} INFO - Processing /home/airflow/.local/lib/python3.8/site-packages/airflow/example_dags/example_xcom.py took 0.063 seconds
[2023-08-31T15:25:07.507+0000] {processor.py:157} INFO - Started process (PID=4361) to work on /home/airflow/.local/lib/python3.8/site-packages/airflow/example_dags/example_xcom.py
[2023-08-31T15:25:07.509+0000] {processor.py:829} INFO - Processing file /home/airflow/.local/lib/python3.8/site-packages/airflow/example_dags/example_xcom.py for tasks to queue
[2023-08-31T15:25:07.510+0000] {logging_mixin.py:151} INFO - [2023-08-31T15:25:07.510+0000] {dagbag.py:539} INFO - Filling up the DagBag from /home/airflow/.local/lib/python3.8/site-packages/airflow/example_dags/example_xcom.py
[2023-08-31T15:25:07.516+0000] {processor.py:839} INFO - DAG(s) dict_keys(['example_xcom']) retrieved from /home/airflow/.local/lib/python3.8/site-packages/airflow/example_dags/example_xcom.py
[2023-08-31T15:25:07.536+0000] {logging_mixin.py:151} INFO - [2023-08-31T15:25:07.536+0000] {dag.py:2907} INFO - Sync 1 DAGs
[2023-08-31T15:25:07.550+0000] {logging_mixin.py:151} INFO - [2023-08-31T15:25:07.550+0000] {dag.py:3677} INFO - Setting next_dagrun for example_xcom to 2021-01-01T00:00:00+00:00, run_after=2021-01-01T00:00:00+00:00
[2023-08-31T15:25:07.564+0000] {processor.py:179} INFO - Processing /home/airflow/.local/lib/python3.8/site-packages/airflow/example_dags/example_xcom.py took 0.059 seconds
[2023-08-31T15:25:37.768+0000] {processor.py:157} INFO - Started process (PID=4600) to work on /home/airflow/.local/lib/python3.8/site-packages/airflow/example_dags/example_xcom.py
[2023-08-31T15:25:37.770+0000] {processor.py:829} INFO - Processing file /home/airflow/.local/lib/python3.8/site-packages/airflow/example_dags/example_xcom.py for tasks to queue
[2023-08-31T15:25:37.772+0000] {logging_mixin.py:151} INFO - [2023-08-31T15:25:37.772+0000] {dagbag.py:539} INFO - Filling up the DagBag from /home/airflow/.local/lib/python3.8/site-packages/airflow/example_dags/example_xcom.py
[2023-08-31T15:25:37.779+0000] {processor.py:839} INFO - DAG(s) dict_keys(['example_xcom']) retrieved from /home/airflow/.local/lib/python3.8/site-packages/airflow/example_dags/example_xcom.py
[2023-08-31T15:25:37.805+0000] {logging_mixin.py:151} INFO - [2023-08-31T15:25:37.805+0000] {dag.py:2907} INFO - Sync 1 DAGs
[2023-08-31T15:25:37.818+0000] {logging_mixin.py:151} INFO - [2023-08-31T15:25:37.818+0000] {dag.py:3677} INFO - Setting next_dagrun for example_xcom to 2021-01-01T00:00:00+00:00, run_after=2021-01-01T00:00:00+00:00
[2023-08-31T15:25:37.834+0000] {processor.py:179} INFO - Processing /home/airflow/.local/lib/python3.8/site-packages/airflow/example_dags/example_xcom.py took 0.068 seconds
[2023-08-31T15:26:08.072+0000] {processor.py:157} INFO - Started process (PID=4841) to work on /home/airflow/.local/lib/python3.8/site-packages/airflow/example_dags/example_xcom.py
[2023-08-31T15:26:08.073+0000] {processor.py:829} INFO - Processing file /home/airflow/.local/lib/python3.8/site-packages/airflow/example_dags/example_xcom.py for tasks to queue
[2023-08-31T15:26:08.075+0000] {logging_mixin.py:151} INFO - [2023-08-31T15:26:08.074+0000] {dagbag.py:539} INFO - Filling up the DagBag from /home/airflow/.local/lib/python3.8/site-packages/airflow/example_dags/example_xcom.py
[2023-08-31T15:26:08.080+0000] {processor.py:839} INFO - DAG(s) dict_keys(['example_xcom']) retrieved from /home/airflow/.local/lib/python3.8/site-packages/airflow/example_dags/example_xcom.py
[2023-08-31T15:26:08.096+0000] {logging_mixin.py:151} INFO - [2023-08-31T15:26:08.096+0000] {dag.py:2907} INFO - Sync 1 DAGs
[2023-08-31T15:26:08.110+0000] {logging_mixin.py:151} INFO - [2023-08-31T15:26:08.110+0000] {dag.py:3677} INFO - Setting next_dagrun for example_xcom to 2021-01-01T00:00:00+00:00, run_after=2021-01-01T00:00:00+00:00
[2023-08-31T15:26:08.122+0000] {processor.py:179} INFO - Processing /home/airflow/.local/lib/python3.8/site-packages/airflow/example_dags/example_xcom.py took 0.053 seconds
[2023-08-31T15:26:38.406+0000] {processor.py:157} INFO - Started process (PID=5080) to work on /home/airflow/.local/lib/python3.8/site-packages/airflow/example_dags/example_xcom.py
[2023-08-31T15:26:38.407+0000] {processor.py:829} INFO - Processing file /home/airflow/.local/lib/python3.8/site-packages/airflow/example_dags/example_xcom.py for tasks to queue
[2023-08-31T15:26:38.408+0000] {logging_mixin.py:151} INFO - [2023-08-31T15:26:38.408+0000] {dagbag.py:539} INFO - Filling up the DagBag from /home/airflow/.local/lib/python3.8/site-packages/airflow/example_dags/example_xcom.py
[2023-08-31T15:26:38.414+0000] {processor.py:839} INFO - DAG(s) dict_keys(['example_xcom']) retrieved from /home/airflow/.local/lib/python3.8/site-packages/airflow/example_dags/example_xcom.py
[2023-08-31T15:26:38.429+0000] {logging_mixin.py:151} INFO - [2023-08-31T15:26:38.429+0000] {dag.py:2907} INFO - Sync 1 DAGs
[2023-08-31T15:26:38.442+0000] {logging_mixin.py:151} INFO - [2023-08-31T15:26:38.442+0000] {dag.py:3677} INFO - Setting next_dagrun for example_xcom to 2021-01-01T00:00:00+00:00, run_after=2021-01-01T00:00:00+00:00
[2023-08-31T15:26:38.453+0000] {processor.py:179} INFO - Processing /home/airflow/.local/lib/python3.8/site-packages/airflow/example_dags/example_xcom.py took 0.050 seconds
[2023-08-31T15:27:08.733+0000] {processor.py:157} INFO - Started process (PID=5321) to work on /home/airflow/.local/lib/python3.8/site-packages/airflow/example_dags/example_xcom.py
[2023-08-31T15:27:08.734+0000] {processor.py:829} INFO - Processing file /home/airflow/.local/lib/python3.8/site-packages/airflow/example_dags/example_xcom.py for tasks to queue
[2023-08-31T15:27:08.734+0000] {logging_mixin.py:151} INFO - [2023-08-31T15:27:08.734+0000] {dagbag.py:539} INFO - Filling up the DagBag from /home/airflow/.local/lib/python3.8/site-packages/airflow/example_dags/example_xcom.py
[2023-08-31T15:27:08.739+0000] {processor.py:839} INFO - DAG(s) dict_keys(['example_xcom']) retrieved from /home/airflow/.local/lib/python3.8/site-packages/airflow/example_dags/example_xcom.py
[2023-08-31T15:27:08.753+0000] {logging_mixin.py:151} INFO - [2023-08-31T15:27:08.753+0000] {dag.py:2907} INFO - Sync 1 DAGs
[2023-08-31T15:27:08.765+0000] {logging_mixin.py:151} INFO - [2023-08-31T15:27:08.765+0000] {dag.py:3677} INFO - Setting next_dagrun for example_xcom to 2021-01-01T00:00:00+00:00, run_after=2021-01-01T00:00:00+00:00
[2023-08-31T15:27:08.774+0000] {processor.py:179} INFO - Processing /home/airflow/.local/lib/python3.8/site-packages/airflow/example_dags/example_xcom.py took 0.044 seconds
[2023-08-31T15:27:39.108+0000] {processor.py:157} INFO - Started process (PID=5559) to work on /home/airflow/.local/lib/python3.8/site-packages/airflow/example_dags/example_xcom.py
[2023-08-31T15:27:39.109+0000] {processor.py:829} INFO - Processing file /home/airflow/.local/lib/python3.8/site-packages/airflow/example_dags/example_xcom.py for tasks to queue
[2023-08-31T15:27:39.111+0000] {logging_mixin.py:151} INFO - [2023-08-31T15:27:39.111+0000] {dagbag.py:539} INFO - Filling up the DagBag from /home/airflow/.local/lib/python3.8/site-packages/airflow/example_dags/example_xcom.py
[2023-08-31T15:27:39.117+0000] {processor.py:839} INFO - DAG(s) dict_keys(['example_xcom']) retrieved from /home/airflow/.local/lib/python3.8/site-packages/airflow/example_dags/example_xcom.py
[2023-08-31T15:27:39.132+0000] {logging_mixin.py:151} INFO - [2023-08-31T15:27:39.132+0000] {dag.py:2907} INFO - Sync 1 DAGs
[2023-08-31T15:27:39.144+0000] {logging_mixin.py:151} INFO - [2023-08-31T15:27:39.144+0000] {dag.py:3677} INFO - Setting next_dagrun for example_xcom to 2021-01-01T00:00:00+00:00, run_after=2021-01-01T00:00:00+00:00
[2023-08-31T15:27:39.156+0000] {processor.py:179} INFO - Processing /home/airflow/.local/lib/python3.8/site-packages/airflow/example_dags/example_xcom.py took 0.051 seconds
[2023-08-31T15:28:09.430+0000] {processor.py:157} INFO - Started process (PID=5801) to work on /home/airflow/.local/lib/python3.8/site-packages/airflow/example_dags/example_xcom.py
[2023-08-31T15:28:09.431+0000] {processor.py:829} INFO - Processing file /home/airflow/.local/lib/python3.8/site-packages/airflow/example_dags/example_xcom.py for tasks to queue
[2023-08-31T15:28:09.433+0000] {logging_mixin.py:151} INFO - [2023-08-31T15:28:09.432+0000] {dagbag.py:539} INFO - Filling up the DagBag from /home/airflow/.local/lib/python3.8/site-packages/airflow/example_dags/example_xcom.py
[2023-08-31T15:28:09.439+0000] {processor.py:839} INFO - DAG(s) dict_keys(['example_xcom']) retrieved from /home/airflow/.local/lib/python3.8/site-packages/airflow/example_dags/example_xcom.py
[2023-08-31T15:28:09.455+0000] {logging_mixin.py:151} INFO - [2023-08-31T15:28:09.455+0000] {dag.py:2907} INFO - Sync 1 DAGs
[2023-08-31T15:28:09.469+0000] {logging_mixin.py:151} INFO - [2023-08-31T15:28:09.469+0000] {dag.py:3677} INFO - Setting next_dagrun for example_xcom to 2021-01-01T00:00:00+00:00, run_after=2021-01-01T00:00:00+00:00
[2023-08-31T15:28:09.481+0000] {processor.py:179} INFO - Processing /home/airflow/.local/lib/python3.8/site-packages/airflow/example_dags/example_xcom.py took 0.053 seconds
[2023-08-31T15:28:39.768+0000] {processor.py:157} INFO - Started process (PID=6040) to work on /home/airflow/.local/lib/python3.8/site-packages/airflow/example_dags/example_xcom.py
[2023-08-31T15:28:39.769+0000] {processor.py:829} INFO - Processing file /home/airflow/.local/lib/python3.8/site-packages/airflow/example_dags/example_xcom.py for tasks to queue
[2023-08-31T15:28:39.770+0000] {logging_mixin.py:151} INFO - [2023-08-31T15:28:39.770+0000] {dagbag.py:539} INFO - Filling up the DagBag from /home/airflow/.local/lib/python3.8/site-packages/airflow/example_dags/example_xcom.py
[2023-08-31T15:28:39.775+0000] {processor.py:839} INFO - DAG(s) dict_keys(['example_xcom']) retrieved from /home/airflow/.local/lib/python3.8/site-packages/airflow/example_dags/example_xcom.py
[2023-08-31T15:28:39.791+0000] {logging_mixin.py:151} INFO - [2023-08-31T15:28:39.791+0000] {dag.py:2907} INFO - Sync 1 DAGs
[2023-08-31T15:28:39.804+0000] {logging_mixin.py:151} INFO - [2023-08-31T15:28:39.804+0000] {dag.py:3677} INFO - Setting next_dagrun for example_xcom to 2021-01-01T00:00:00+00:00, run_after=2021-01-01T00:00:00+00:00
[2023-08-31T15:28:39.815+0000] {processor.py:179} INFO - Processing /home/airflow/.local/lib/python3.8/site-packages/airflow/example_dags/example_xcom.py took 0.050 seconds
[2023-08-31T15:29:10.077+0000] {processor.py:157} INFO - Started process (PID=6282) to work on /home/airflow/.local/lib/python3.8/site-packages/airflow/example_dags/example_xcom.py
[2023-08-31T15:29:10.079+0000] {processor.py:829} INFO - Processing file /home/airflow/.local/lib/python3.8/site-packages/airflow/example_dags/example_xcom.py for tasks to queue
[2023-08-31T15:29:10.080+0000] {logging_mixin.py:151} INFO - [2023-08-31T15:29:10.080+0000] {dagbag.py:539} INFO - Filling up the DagBag from /home/airflow/.local/lib/python3.8/site-packages/airflow/example_dags/example_xcom.py
[2023-08-31T15:29:10.085+0000] {processor.py:839} INFO - DAG(s) dict_keys(['example_xcom']) retrieved from /home/airflow/.local/lib/python3.8/site-packages/airflow/example_dags/example_xcom.py
[2023-08-31T15:29:10.099+0000] {logging_mixin.py:151} INFO - [2023-08-31T15:29:10.099+0000] {dag.py:2907} INFO - Sync 1 DAGs
[2023-08-31T15:29:10.112+0000] {logging_mixin.py:151} INFO - [2023-08-31T15:29:10.112+0000] {dag.py:3677} INFO - Setting next_dagrun for example_xcom to 2021-01-01T00:00:00+00:00, run_after=2021-01-01T00:00:00+00:00
[2023-08-31T15:29:10.123+0000] {processor.py:179} INFO - Processing /home/airflow/.local/lib/python3.8/site-packages/airflow/example_dags/example_xcom.py took 0.048 seconds
[2023-08-31T15:29:40.447+0000] {processor.py:157} INFO - Started process (PID=6522) to work on /home/airflow/.local/lib/python3.8/site-packages/airflow/example_dags/example_xcom.py
[2023-08-31T15:29:40.449+0000] {processor.py:829} INFO - Processing file /home/airflow/.local/lib/python3.8/site-packages/airflow/example_dags/example_xcom.py for tasks to queue
[2023-08-31T15:29:40.450+0000] {logging_mixin.py:151} INFO - [2023-08-31T15:29:40.450+0000] {dagbag.py:539} INFO - Filling up the DagBag from /home/airflow/.local/lib/python3.8/site-packages/airflow/example_dags/example_xcom.py
[2023-08-31T15:29:40.455+0000] {processor.py:839} INFO - DAG(s) dict_keys(['example_xcom']) retrieved from /home/airflow/.local/lib/python3.8/site-packages/airflow/example_dags/example_xcom.py
[2023-08-31T15:29:40.471+0000] {logging_mixin.py:151} INFO - [2023-08-31T15:29:40.471+0000] {dag.py:2907} INFO - Sync 1 DAGs
[2023-08-31T15:29:40.485+0000] {logging_mixin.py:151} INFO - [2023-08-31T15:29:40.485+0000] {dag.py:3677} INFO - Setting next_dagrun for example_xcom to 2021-01-01T00:00:00+00:00, run_after=2021-01-01T00:00:00+00:00
[2023-08-31T15:29:40.495+0000] {processor.py:179} INFO - Processing /home/airflow/.local/lib/python3.8/site-packages/airflow/example_dags/example_xcom.py took 0.050 seconds
[2023-08-31T15:30:10.661+0000] {processor.py:157} INFO - Started process (PID=6764) to work on /home/airflow/.local/lib/python3.8/site-packages/airflow/example_dags/example_xcom.py
[2023-08-31T15:30:10.662+0000] {processor.py:829} INFO - Processing file /home/airflow/.local/lib/python3.8/site-packages/airflow/example_dags/example_xcom.py for tasks to queue
[2023-08-31T15:30:10.664+0000] {logging_mixin.py:151} INFO - [2023-08-31T15:30:10.663+0000] {dagbag.py:539} INFO - Filling up the DagBag from /home/airflow/.local/lib/python3.8/site-packages/airflow/example_dags/example_xcom.py
[2023-08-31T15:30:10.669+0000] {processor.py:839} INFO - DAG(s) dict_keys(['example_xcom']) retrieved from /home/airflow/.local/lib/python3.8/site-packages/airflow/example_dags/example_xcom.py
[2023-08-31T15:30:10.686+0000] {logging_mixin.py:151} INFO - [2023-08-31T15:30:10.686+0000] {dag.py:2907} INFO - Sync 1 DAGs
[2023-08-31T15:30:10.700+0000] {logging_mixin.py:151} INFO - [2023-08-31T15:30:10.700+0000] {dag.py:3677} INFO - Setting next_dagrun for example_xcom to 2021-01-01T00:00:00+00:00, run_after=2021-01-01T00:00:00+00:00
[2023-08-31T15:30:10.711+0000] {processor.py:179} INFO - Processing /home/airflow/.local/lib/python3.8/site-packages/airflow/example_dags/example_xcom.py took 0.052 seconds
[2023-08-31T15:30:40.954+0000] {processor.py:157} INFO - Started process (PID=7003) to work on /home/airflow/.local/lib/python3.8/site-packages/airflow/example_dags/example_xcom.py
[2023-08-31T15:30:40.956+0000] {processor.py:829} INFO - Processing file /home/airflow/.local/lib/python3.8/site-packages/airflow/example_dags/example_xcom.py for tasks to queue
[2023-08-31T15:30:40.957+0000] {logging_mixin.py:151} INFO - [2023-08-31T15:30:40.957+0000] {dagbag.py:539} INFO - Filling up the DagBag from /home/airflow/.local/lib/python3.8/site-packages/airflow/example_dags/example_xcom.py
[2023-08-31T15:30:40.962+0000] {processor.py:839} INFO - DAG(s) dict_keys(['example_xcom']) retrieved from /home/airflow/.local/lib/python3.8/site-packages/airflow/example_dags/example_xcom.py
[2023-08-31T15:30:40.978+0000] {logging_mixin.py:151} INFO - [2023-08-31T15:30:40.978+0000] {dag.py:2907} INFO - Sync 1 DAGs
[2023-08-31T15:30:40.991+0000] {logging_mixin.py:151} INFO - [2023-08-31T15:30:40.991+0000] {dag.py:3677} INFO - Setting next_dagrun for example_xcom to 2021-01-01T00:00:00+00:00, run_after=2021-01-01T00:00:00+00:00
[2023-08-31T15:30:41.003+0000] {processor.py:179} INFO - Processing /home/airflow/.local/lib/python3.8/site-packages/airflow/example_dags/example_xcom.py took 0.051 seconds
[2023-08-31T15:31:11.361+0000] {processor.py:157} INFO - Started process (PID=7244) to work on /home/airflow/.local/lib/python3.8/site-packages/airflow/example_dags/example_xcom.py
[2023-08-31T15:31:11.362+0000] {processor.py:829} INFO - Processing file /home/airflow/.local/lib/python3.8/site-packages/airflow/example_dags/example_xcom.py for tasks to queue
[2023-08-31T15:31:11.363+0000] {logging_mixin.py:151} INFO - [2023-08-31T15:31:11.363+0000] {dagbag.py:539} INFO - Filling up the DagBag from /home/airflow/.local/lib/python3.8/site-packages/airflow/example_dags/example_xcom.py
[2023-08-31T15:31:11.368+0000] {processor.py:839} INFO - DAG(s) dict_keys(['example_xcom']) retrieved from /home/airflow/.local/lib/python3.8/site-packages/airflow/example_dags/example_xcom.py
[2023-08-31T15:31:11.383+0000] {logging_mixin.py:151} INFO - [2023-08-31T15:31:11.383+0000] {dag.py:2907} INFO - Sync 1 DAGs
[2023-08-31T15:31:11.394+0000] {logging_mixin.py:151} INFO - [2023-08-31T15:31:11.394+0000] {dag.py:3677} INFO - Setting next_dagrun for example_xcom to 2021-01-01T00:00:00+00:00, run_after=2021-01-01T00:00:00+00:00
[2023-08-31T15:31:11.403+0000] {processor.py:179} INFO - Processing /home/airflow/.local/lib/python3.8/site-packages/airflow/example_dags/example_xcom.py took 0.045 seconds
[2023-08-31T15:31:41.792+0000] {processor.py:157} INFO - Started process (PID=7481) to work on /home/airflow/.local/lib/python3.8/site-packages/airflow/example_dags/example_xcom.py
[2023-08-31T15:31:41.793+0000] {processor.py:829} INFO - Processing file /home/airflow/.local/lib/python3.8/site-packages/airflow/example_dags/example_xcom.py for tasks to queue
[2023-08-31T15:31:41.794+0000] {logging_mixin.py:151} INFO - [2023-08-31T15:31:41.794+0000] {dagbag.py:539} INFO - Filling up the DagBag from /home/airflow/.local/lib/python3.8/site-packages/airflow/example_dags/example_xcom.py
[2023-08-31T15:31:41.799+0000] {processor.py:839} INFO - DAG(s) dict_keys(['example_xcom']) retrieved from /home/airflow/.local/lib/python3.8/site-packages/airflow/example_dags/example_xcom.py
[2023-08-31T15:31:41.815+0000] {logging_mixin.py:151} INFO - [2023-08-31T15:31:41.815+0000] {dag.py:2907} INFO - Sync 1 DAGs
[2023-08-31T15:31:41.828+0000] {logging_mixin.py:151} INFO - [2023-08-31T15:31:41.828+0000] {dag.py:3677} INFO - Setting next_dagrun for example_xcom to 2021-01-01T00:00:00+00:00, run_after=2021-01-01T00:00:00+00:00
[2023-08-31T15:31:41.839+0000] {processor.py:179} INFO - Processing /home/airflow/.local/lib/python3.8/site-packages/airflow/example_dags/example_xcom.py took 0.050 seconds
[2023-08-31T15:32:12.159+0000] {processor.py:157} INFO - Started process (PID=7722) to work on /home/airflow/.local/lib/python3.8/site-packages/airflow/example_dags/example_xcom.py
[2023-08-31T15:32:12.161+0000] {processor.py:829} INFO - Processing file /home/airflow/.local/lib/python3.8/site-packages/airflow/example_dags/example_xcom.py for tasks to queue
[2023-08-31T15:32:12.162+0000] {logging_mixin.py:151} INFO - [2023-08-31T15:32:12.162+0000] {dagbag.py:539} INFO - Filling up the DagBag from /home/airflow/.local/lib/python3.8/site-packages/airflow/example_dags/example_xcom.py
[2023-08-31T15:32:12.168+0000] {processor.py:839} INFO - DAG(s) dict_keys(['example_xcom']) retrieved from /home/airflow/.local/lib/python3.8/site-packages/airflow/example_dags/example_xcom.py
[2023-08-31T15:32:12.183+0000] {logging_mixin.py:151} INFO - [2023-08-31T15:32:12.183+0000] {dag.py:2907} INFO - Sync 1 DAGs
[2023-08-31T15:32:12.197+0000] {logging_mixin.py:151} INFO - [2023-08-31T15:32:12.196+0000] {dag.py:3677} INFO - Setting next_dagrun for example_xcom to 2021-01-01T00:00:00+00:00, run_after=2021-01-01T00:00:00+00:00
[2023-08-31T15:32:12.207+0000] {processor.py:179} INFO - Processing /home/airflow/.local/lib/python3.8/site-packages/airflow/example_dags/example_xcom.py took 0.050 seconds
[2023-08-31T15:32:42.545+0000] {processor.py:157} INFO - Started process (PID=7960) to work on /home/airflow/.local/lib/python3.8/site-packages/airflow/example_dags/example_xcom.py
[2023-08-31T15:32:42.546+0000] {processor.py:829} INFO - Processing file /home/airflow/.local/lib/python3.8/site-packages/airflow/example_dags/example_xcom.py for tasks to queue
[2023-08-31T15:32:42.547+0000] {logging_mixin.py:151} INFO - [2023-08-31T15:32:42.547+0000] {dagbag.py:539} INFO - Filling up the DagBag from /home/airflow/.local/lib/python3.8/site-packages/airflow/example_dags/example_xcom.py
[2023-08-31T15:32:42.553+0000] {processor.py:839} INFO - DAG(s) dict_keys(['example_xcom']) retrieved from /home/airflow/.local/lib/python3.8/site-packages/airflow/example_dags/example_xcom.py
[2023-08-31T15:32:42.567+0000] {logging_mixin.py:151} INFO - [2023-08-31T15:32:42.566+0000] {dag.py:2907} INFO - Sync 1 DAGs
[2023-08-31T15:32:42.607+0000] {logging_mixin.py:151} INFO - [2023-08-31T15:32:42.607+0000] {dag.py:3677} INFO - Setting next_dagrun for example_xcom to 2021-01-01T00:00:00+00:00, run_after=2021-01-01T00:00:00+00:00
[2023-08-31T15:32:42.618+0000] {processor.py:179} INFO - Processing /home/airflow/.local/lib/python3.8/site-packages/airflow/example_dags/example_xcom.py took 0.075 seconds
[2023-08-31T15:33:13.025+0000] {processor.py:157} INFO - Started process (PID=8199) to work on /home/airflow/.local/lib/python3.8/site-packages/airflow/example_dags/example_xcom.py
[2023-08-31T15:33:13.026+0000] {processor.py:829} INFO - Processing file /home/airflow/.local/lib/python3.8/site-packages/airflow/example_dags/example_xcom.py for tasks to queue
[2023-08-31T15:33:13.027+0000] {logging_mixin.py:151} INFO - [2023-08-31T15:33:13.027+0000] {dagbag.py:539} INFO - Filling up the DagBag from /home/airflow/.local/lib/python3.8/site-packages/airflow/example_dags/example_xcom.py
[2023-08-31T15:33:13.032+0000] {processor.py:839} INFO - DAG(s) dict_keys(['example_xcom']) retrieved from /home/airflow/.local/lib/python3.8/site-packages/airflow/example_dags/example_xcom.py
[2023-08-31T15:33:13.047+0000] {logging_mixin.py:151} INFO - [2023-08-31T15:33:13.047+0000] {dag.py:2907} INFO - Sync 1 DAGs
[2023-08-31T15:33:13.060+0000] {logging_mixin.py:151} INFO - [2023-08-31T15:33:13.060+0000] {dag.py:3677} INFO - Setting next_dagrun for example_xcom to 2021-01-01T00:00:00+00:00, run_after=2021-01-01T00:00:00+00:00
[2023-08-31T15:33:13.071+0000] {processor.py:179} INFO - Processing /home/airflow/.local/lib/python3.8/site-packages/airflow/example_dags/example_xcom.py took 0.049 seconds
[2023-08-31T15:33:43.537+0000] {processor.py:157} INFO - Started process (PID=8441) to work on /home/airflow/.local/lib/python3.8/site-packages/airflow/example_dags/example_xcom.py
[2023-08-31T15:33:43.538+0000] {processor.py:829} INFO - Processing file /home/airflow/.local/lib/python3.8/site-packages/airflow/example_dags/example_xcom.py for tasks to queue
[2023-08-31T15:33:43.539+0000] {logging_mixin.py:151} INFO - [2023-08-31T15:33:43.539+0000] {dagbag.py:539} INFO - Filling up the DagBag from /home/airflow/.local/lib/python3.8/site-packages/airflow/example_dags/example_xcom.py
[2023-08-31T15:33:43.544+0000] {processor.py:839} INFO - DAG(s) dict_keys(['example_xcom']) retrieved from /home/airflow/.local/lib/python3.8/site-packages/airflow/example_dags/example_xcom.py
[2023-08-31T15:33:43.562+0000] {logging_mixin.py:151} INFO - [2023-08-31T15:33:43.561+0000] {dag.py:2907} INFO - Sync 1 DAGs
[2023-08-31T15:33:43.575+0000] {logging_mixin.py:151} INFO - [2023-08-31T15:33:43.575+0000] {dag.py:3677} INFO - Setting next_dagrun for example_xcom to 2021-01-01T00:00:00+00:00, run_after=2021-01-01T00:00:00+00:00
[2023-08-31T15:33:43.587+0000] {processor.py:179} INFO - Processing /home/airflow/.local/lib/python3.8/site-packages/airflow/example_dags/example_xcom.py took 0.053 seconds
[2023-08-31T15:34:14.060+0000] {processor.py:157} INFO - Started process (PID=8682) to work on /home/airflow/.local/lib/python3.8/site-packages/airflow/example_dags/example_xcom.py
[2023-08-31T15:34:14.062+0000] {processor.py:829} INFO - Processing file /home/airflow/.local/lib/python3.8/site-packages/airflow/example_dags/example_xcom.py for tasks to queue
[2023-08-31T15:34:14.063+0000] {logging_mixin.py:151} INFO - [2023-08-31T15:34:14.063+0000] {dagbag.py:539} INFO - Filling up the DagBag from /home/airflow/.local/lib/python3.8/site-packages/airflow/example_dags/example_xcom.py
[2023-08-31T15:34:14.069+0000] {processor.py:839} INFO - DAG(s) dict_keys(['example_xcom']) retrieved from /home/airflow/.local/lib/python3.8/site-packages/airflow/example_dags/example_xcom.py
[2023-08-31T15:34:14.084+0000] {logging_mixin.py:151} INFO - [2023-08-31T15:34:14.084+0000] {dag.py:2907} INFO - Sync 1 DAGs
[2023-08-31T15:34:14.097+0000] {logging_mixin.py:151} INFO - [2023-08-31T15:34:14.097+0000] {dag.py:3677} INFO - Setting next_dagrun for example_xcom to 2021-01-01T00:00:00+00:00, run_after=2021-01-01T00:00:00+00:00
[2023-08-31T15:34:14.108+0000] {processor.py:179} INFO - Processing /home/airflow/.local/lib/python3.8/site-packages/airflow/example_dags/example_xcom.py took 0.050 seconds
[2023-08-31T15:34:44.389+0000] {processor.py:157} INFO - Started process (PID=8920) to work on /home/airflow/.local/lib/python3.8/site-packages/airflow/example_dags/example_xcom.py
[2023-08-31T15:34:44.391+0000] {processor.py:829} INFO - Processing file /home/airflow/.local/lib/python3.8/site-packages/airflow/example_dags/example_xcom.py for tasks to queue
[2023-08-31T15:34:44.392+0000] {logging_mixin.py:151} INFO - [2023-08-31T15:34:44.392+0000] {dagbag.py:539} INFO - Filling up the DagBag from /home/airflow/.local/lib/python3.8/site-packages/airflow/example_dags/example_xcom.py
[2023-08-31T15:34:44.398+0000] {processor.py:839} INFO - DAG(s) dict_keys(['example_xcom']) retrieved from /home/airflow/.local/lib/python3.8/site-packages/airflow/example_dags/example_xcom.py
[2023-08-31T15:34:44.415+0000] {logging_mixin.py:151} INFO - [2023-08-31T15:34:44.415+0000] {dag.py:2907} INFO - Sync 1 DAGs
[2023-08-31T15:34:44.428+0000] {logging_mixin.py:151} INFO - [2023-08-31T15:34:44.428+0000] {dag.py:3677} INFO - Setting next_dagrun for example_xcom to 2021-01-01T00:00:00+00:00, run_after=2021-01-01T00:00:00+00:00
[2023-08-31T15:34:44.439+0000] {processor.py:179} INFO - Processing /home/airflow/.local/lib/python3.8/site-packages/airflow/example_dags/example_xcom.py took 0.052 seconds
[2023-08-31T15:35:14.781+0000] {processor.py:157} INFO - Started process (PID=9162) to work on /home/airflow/.local/lib/python3.8/site-packages/airflow/example_dags/example_xcom.py
[2023-08-31T15:35:14.783+0000] {processor.py:829} INFO - Processing file /home/airflow/.local/lib/python3.8/site-packages/airflow/example_dags/example_xcom.py for tasks to queue
[2023-08-31T15:35:14.784+0000] {logging_mixin.py:151} INFO - [2023-08-31T15:35:14.783+0000] {dagbag.py:539} INFO - Filling up the DagBag from /home/airflow/.local/lib/python3.8/site-packages/airflow/example_dags/example_xcom.py
[2023-08-31T15:35:14.789+0000] {processor.py:839} INFO - DAG(s) dict_keys(['example_xcom']) retrieved from /home/airflow/.local/lib/python3.8/site-packages/airflow/example_dags/example_xcom.py
[2023-08-31T15:35:14.805+0000] {logging_mixin.py:151} INFO - [2023-08-31T15:35:14.805+0000] {dag.py:2907} INFO - Sync 1 DAGs
[2023-08-31T15:35:14.819+0000] {logging_mixin.py:151} INFO - [2023-08-31T15:35:14.818+0000] {dag.py:3677} INFO - Setting next_dagrun for example_xcom to 2021-01-01T00:00:00+00:00, run_after=2021-01-01T00:00:00+00:00
[2023-08-31T15:35:14.830+0000] {processor.py:179} INFO - Processing /home/airflow/.local/lib/python3.8/site-packages/airflow/example_dags/example_xcom.py took 0.051 seconds
[2023-08-31T15:35:45.145+0000] {processor.py:157} INFO - Started process (PID=9403) to work on /home/airflow/.local/lib/python3.8/site-packages/airflow/example_dags/example_xcom.py
[2023-08-31T15:35:45.146+0000] {processor.py:829} INFO - Processing file /home/airflow/.local/lib/python3.8/site-packages/airflow/example_dags/example_xcom.py for tasks to queue
[2023-08-31T15:35:45.147+0000] {logging_mixin.py:151} INFO - [2023-08-31T15:35:45.147+0000] {dagbag.py:539} INFO - Filling up the DagBag from /home/airflow/.local/lib/python3.8/site-packages/airflow/example_dags/example_xcom.py
[2023-08-31T15:35:45.152+0000] {processor.py:839} INFO - DAG(s) dict_keys(['example_xcom']) retrieved from /home/airflow/.local/lib/python3.8/site-packages/airflow/example_dags/example_xcom.py
[2023-08-31T15:35:45.168+0000] {logging_mixin.py:151} INFO - [2023-08-31T15:35:45.168+0000] {dag.py:2907} INFO - Sync 1 DAGs
[2023-08-31T15:35:45.181+0000] {logging_mixin.py:151} INFO - [2023-08-31T15:35:45.181+0000] {dag.py:3677} INFO - Setting next_dagrun for example_xcom to 2021-01-01T00:00:00+00:00, run_after=2021-01-01T00:00:00+00:00
[2023-08-31T15:35:45.193+0000] {processor.py:179} INFO - Processing /home/airflow/.local/lib/python3.8/site-packages/airflow/example_dags/example_xcom.py took 0.051 seconds
[2023-08-31T15:36:15.502+0000] {processor.py:157} INFO - Started process (PID=9642) to work on /home/airflow/.local/lib/python3.8/site-packages/airflow/example_dags/example_xcom.py
[2023-08-31T15:36:15.504+0000] {processor.py:829} INFO - Processing file /home/airflow/.local/lib/python3.8/site-packages/airflow/example_dags/example_xcom.py for tasks to queue
[2023-08-31T15:36:15.505+0000] {logging_mixin.py:151} INFO - [2023-08-31T15:36:15.504+0000] {dagbag.py:539} INFO - Filling up the DagBag from /home/airflow/.local/lib/python3.8/site-packages/airflow/example_dags/example_xcom.py
[2023-08-31T15:36:15.510+0000] {processor.py:839} INFO - DAG(s) dict_keys(['example_xcom']) retrieved from /home/airflow/.local/lib/python3.8/site-packages/airflow/example_dags/example_xcom.py
[2023-08-31T15:36:15.525+0000] {logging_mixin.py:151} INFO - [2023-08-31T15:36:15.524+0000] {dag.py:2907} INFO - Sync 1 DAGs
[2023-08-31T15:36:15.538+0000] {logging_mixin.py:151} INFO - [2023-08-31T15:36:15.538+0000] {dag.py:3677} INFO - Setting next_dagrun for example_xcom to 2021-01-01T00:00:00+00:00, run_after=2021-01-01T00:00:00+00:00
[2023-08-31T15:36:15.550+0000] {processor.py:179} INFO - Processing /home/airflow/.local/lib/python3.8/site-packages/airflow/example_dags/example_xcom.py took 0.050 seconds
[2023-08-31T15:36:45.831+0000] {processor.py:157} INFO - Started process (PID=9882) to work on /home/airflow/.local/lib/python3.8/site-packages/airflow/example_dags/example_xcom.py
[2023-08-31T15:36:45.832+0000] {processor.py:829} INFO - Processing file /home/airflow/.local/lib/python3.8/site-packages/airflow/example_dags/example_xcom.py for tasks to queue
[2023-08-31T15:36:45.833+0000] {logging_mixin.py:151} INFO - [2023-08-31T15:36:45.833+0000] {dagbag.py:539} INFO - Filling up the DagBag from /home/airflow/.local/lib/python3.8/site-packages/airflow/example_dags/example_xcom.py
[2023-08-31T15:36:45.839+0000] {processor.py:839} INFO - DAG(s) dict_keys(['example_xcom']) retrieved from /home/airflow/.local/lib/python3.8/site-packages/airflow/example_dags/example_xcom.py
[2023-08-31T15:36:45.858+0000] {logging_mixin.py:151} INFO - [2023-08-31T15:36:45.858+0000] {dag.py:2907} INFO - Sync 1 DAGs
[2023-08-31T15:36:45.871+0000] {logging_mixin.py:151} INFO - [2023-08-31T15:36:45.870+0000] {dag.py:3677} INFO - Setting next_dagrun for example_xcom to 2021-01-01T00:00:00+00:00, run_after=2021-01-01T00:00:00+00:00
[2023-08-31T15:36:45.882+0000] {processor.py:179} INFO - Processing /home/airflow/.local/lib/python3.8/site-packages/airflow/example_dags/example_xcom.py took 0.054 seconds
[2023-08-31T15:37:16.150+0000] {processor.py:157} INFO - Started process (PID=10121) to work on /home/airflow/.local/lib/python3.8/site-packages/airflow/example_dags/example_xcom.py
[2023-08-31T15:37:16.151+0000] {processor.py:829} INFO - Processing file /home/airflow/.local/lib/python3.8/site-packages/airflow/example_dags/example_xcom.py for tasks to queue
[2023-08-31T15:37:16.152+0000] {logging_mixin.py:151} INFO - [2023-08-31T15:37:16.152+0000] {dagbag.py:539} INFO - Filling up the DagBag from /home/airflow/.local/lib/python3.8/site-packages/airflow/example_dags/example_xcom.py
[2023-08-31T15:37:16.158+0000] {processor.py:839} INFO - DAG(s) dict_keys(['example_xcom']) retrieved from /home/airflow/.local/lib/python3.8/site-packages/airflow/example_dags/example_xcom.py
[2023-08-31T15:37:16.173+0000] {logging_mixin.py:151} INFO - [2023-08-31T15:37:16.173+0000] {dag.py:2907} INFO - Sync 1 DAGs
[2023-08-31T15:37:16.186+0000] {logging_mixin.py:151} INFO - [2023-08-31T15:37:16.186+0000] {dag.py:3677} INFO - Setting next_dagrun for example_xcom to 2021-01-01T00:00:00+00:00, run_after=2021-01-01T00:00:00+00:00
[2023-08-31T15:37:16.197+0000] {processor.py:179} INFO - Processing /home/airflow/.local/lib/python3.8/site-packages/airflow/example_dags/example_xcom.py took 0.050 seconds
[2023-08-31T15:37:46.472+0000] {processor.py:157} INFO - Started process (PID=10362) to work on /home/airflow/.local/lib/python3.8/site-packages/airflow/example_dags/example_xcom.py
[2023-08-31T15:37:46.473+0000] {processor.py:829} INFO - Processing file /home/airflow/.local/lib/python3.8/site-packages/airflow/example_dags/example_xcom.py for tasks to queue
[2023-08-31T15:37:46.474+0000] {logging_mixin.py:151} INFO - [2023-08-31T15:37:46.474+0000] {dagbag.py:539} INFO - Filling up the DagBag from /home/airflow/.local/lib/python3.8/site-packages/airflow/example_dags/example_xcom.py
[2023-08-31T15:37:46.479+0000] {processor.py:839} INFO - DAG(s) dict_keys(['example_xcom']) retrieved from /home/airflow/.local/lib/python3.8/site-packages/airflow/example_dags/example_xcom.py
[2023-08-31T15:37:46.495+0000] {logging_mixin.py:151} INFO - [2023-08-31T15:37:46.495+0000] {dag.py:2907} INFO - Sync 1 DAGs
[2023-08-31T15:37:46.508+0000] {logging_mixin.py:151} INFO - [2023-08-31T15:37:46.508+0000] {dag.py:3677} INFO - Setting next_dagrun for example_xcom to 2021-01-01T00:00:00+00:00, run_after=2021-01-01T00:00:00+00:00
[2023-08-31T15:37:46.518+0000] {processor.py:179} INFO - Processing /home/airflow/.local/lib/python3.8/site-packages/airflow/example_dags/example_xcom.py took 0.049 seconds
