[2023-08-31T15:16:29.511+0000] {processor.py:157} INFO - Started process (PID=277) to work on /home/airflow/.local/lib/python3.8/site-packages/airflow/example_dags/example_trigger_controller_dag.py
[2023-08-31T15:16:29.513+0000] {processor.py:829} INFO - Processing file /home/airflow/.local/lib/python3.8/site-packages/airflow/example_dags/example_trigger_controller_dag.py for tasks to queue
[2023-08-31T15:16:29.514+0000] {logging_mixin.py:151} INFO - [2023-08-31T15:16:29.514+0000] {dagbag.py:539} INFO - Filling up the DagBag from /home/airflow/.local/lib/python3.8/site-packages/airflow/example_dags/example_trigger_controller_dag.py
[2023-08-31T15:16:29.518+0000] {processor.py:839} INFO - DAG(s) dict_keys(['example_trigger_controller_dag']) retrieved from /home/airflow/.local/lib/python3.8/site-packages/airflow/example_dags/example_trigger_controller_dag.py
[2023-08-31T15:16:29.533+0000] {logging_mixin.py:151} INFO - [2023-08-31T15:16:29.533+0000] {dag.py:2907} INFO - Sync 1 DAGs
[2023-08-31T15:16:29.551+0000] {logging_mixin.py:151} INFO - [2023-08-31T15:16:29.551+0000] {dag.py:3677} INFO - Setting next_dagrun for example_trigger_controller_dag to 2021-01-01T00:00:00+00:00, run_after=2021-01-01T00:00:00+00:00
[2023-08-31T15:16:29.565+0000] {processor.py:179} INFO - Processing /home/airflow/.local/lib/python3.8/site-packages/airflow/example_dags/example_trigger_controller_dag.py took 0.056 seconds
[2023-08-31T15:17:00.487+0000] {processor.py:157} INFO - Started process (PID=522) to work on /home/airflow/.local/lib/python3.8/site-packages/airflow/example_dags/example_trigger_controller_dag.py
[2023-08-31T15:17:00.488+0000] {processor.py:829} INFO - Processing file /home/airflow/.local/lib/python3.8/site-packages/airflow/example_dags/example_trigger_controller_dag.py for tasks to queue
[2023-08-31T15:17:00.489+0000] {logging_mixin.py:151} INFO - [2023-08-31T15:17:00.489+0000] {dagbag.py:539} INFO - Filling up the DagBag from /home/airflow/.local/lib/python3.8/site-packages/airflow/example_dags/example_trigger_controller_dag.py
[2023-08-31T15:17:00.493+0000] {processor.py:839} INFO - DAG(s) dict_keys(['example_trigger_controller_dag']) retrieved from /home/airflow/.local/lib/python3.8/site-packages/airflow/example_dags/example_trigger_controller_dag.py
[2023-08-31T15:17:00.507+0000] {logging_mixin.py:151} INFO - [2023-08-31T15:17:00.507+0000] {dag.py:2907} INFO - Sync 1 DAGs
[2023-08-31T15:17:00.520+0000] {logging_mixin.py:151} INFO - [2023-08-31T15:17:00.520+0000] {dag.py:3677} INFO - Setting next_dagrun for example_trigger_controller_dag to 2021-01-01T00:00:00+00:00, run_after=2021-01-01T00:00:00+00:00
[2023-08-31T15:17:00.533+0000] {processor.py:179} INFO - Processing /home/airflow/.local/lib/python3.8/site-packages/airflow/example_dags/example_trigger_controller_dag.py took 0.049 seconds
[2023-08-31T15:17:31.504+0000] {processor.py:157} INFO - Started process (PID=761) to work on /home/airflow/.local/lib/python3.8/site-packages/airflow/example_dags/example_trigger_controller_dag.py
[2023-08-31T15:17:31.506+0000] {processor.py:829} INFO - Processing file /home/airflow/.local/lib/python3.8/site-packages/airflow/example_dags/example_trigger_controller_dag.py for tasks to queue
[2023-08-31T15:17:31.507+0000] {logging_mixin.py:151} INFO - [2023-08-31T15:17:31.507+0000] {dagbag.py:539} INFO - Filling up the DagBag from /home/airflow/.local/lib/python3.8/site-packages/airflow/example_dags/example_trigger_controller_dag.py
[2023-08-31T15:17:31.510+0000] {processor.py:839} INFO - DAG(s) dict_keys(['example_trigger_controller_dag']) retrieved from /home/airflow/.local/lib/python3.8/site-packages/airflow/example_dags/example_trigger_controller_dag.py
[2023-08-31T15:17:31.524+0000] {logging_mixin.py:151} INFO - [2023-08-31T15:17:31.524+0000] {dag.py:2907} INFO - Sync 1 DAGs
[2023-08-31T15:17:31.537+0000] {logging_mixin.py:151} INFO - [2023-08-31T15:17:31.536+0000] {dag.py:3677} INFO - Setting next_dagrun for example_trigger_controller_dag to 2021-01-01T00:00:00+00:00, run_after=2021-01-01T00:00:00+00:00
[2023-08-31T15:17:31.549+0000] {processor.py:179} INFO - Processing /home/airflow/.local/lib/python3.8/site-packages/airflow/example_dags/example_trigger_controller_dag.py took 0.047 seconds
[2023-08-31T15:18:02.099+0000] {processor.py:157} INFO - Started process (PID=1000) to work on /home/airflow/.local/lib/python3.8/site-packages/airflow/example_dags/example_trigger_controller_dag.py
[2023-08-31T15:18:02.102+0000] {processor.py:829} INFO - Processing file /home/airflow/.local/lib/python3.8/site-packages/airflow/example_dags/example_trigger_controller_dag.py for tasks to queue
[2023-08-31T15:18:02.103+0000] {logging_mixin.py:151} INFO - [2023-08-31T15:18:02.103+0000] {dagbag.py:539} INFO - Filling up the DagBag from /home/airflow/.local/lib/python3.8/site-packages/airflow/example_dags/example_trigger_controller_dag.py
[2023-08-31T15:18:02.107+0000] {processor.py:839} INFO - DAG(s) dict_keys(['example_trigger_controller_dag']) retrieved from /home/airflow/.local/lib/python3.8/site-packages/airflow/example_dags/example_trigger_controller_dag.py
[2023-08-31T15:18:02.125+0000] {logging_mixin.py:151} INFO - [2023-08-31T15:18:02.125+0000] {dag.py:2907} INFO - Sync 1 DAGs
[2023-08-31T15:18:02.140+0000] {logging_mixin.py:151} INFO - [2023-08-31T15:18:02.140+0000] {dag.py:3677} INFO - Setting next_dagrun for example_trigger_controller_dag to 2021-01-01T00:00:00+00:00, run_after=2021-01-01T00:00:00+00:00
[2023-08-31T15:18:02.154+0000] {processor.py:179} INFO - Processing /home/airflow/.local/lib/python3.8/site-packages/airflow/example_dags/example_trigger_controller_dag.py took 0.058 seconds
[2023-08-31T15:18:32.773+0000] {processor.py:157} INFO - Started process (PID=1265) to work on /home/airflow/.local/lib/python3.8/site-packages/airflow/example_dags/example_trigger_controller_dag.py
[2023-08-31T15:18:32.775+0000] {processor.py:829} INFO - Processing file /home/airflow/.local/lib/python3.8/site-packages/airflow/example_dags/example_trigger_controller_dag.py for tasks to queue
[2023-08-31T15:18:32.776+0000] {logging_mixin.py:151} INFO - [2023-08-31T15:18:32.776+0000] {dagbag.py:539} INFO - Filling up the DagBag from /home/airflow/.local/lib/python3.8/site-packages/airflow/example_dags/example_trigger_controller_dag.py
[2023-08-31T15:18:32.780+0000] {processor.py:839} INFO - DAG(s) dict_keys(['example_trigger_controller_dag']) retrieved from /home/airflow/.local/lib/python3.8/site-packages/airflow/example_dags/example_trigger_controller_dag.py
[2023-08-31T15:18:32.796+0000] {logging_mixin.py:151} INFO - [2023-08-31T15:18:32.796+0000] {dag.py:2907} INFO - Sync 1 DAGs
[2023-08-31T15:18:32.809+0000] {logging_mixin.py:151} INFO - [2023-08-31T15:18:32.809+0000] {dag.py:3677} INFO - Setting next_dagrun for example_trigger_controller_dag to 2021-01-01T00:00:00+00:00, run_after=2021-01-01T00:00:00+00:00
[2023-08-31T15:18:32.819+0000] {processor.py:179} INFO - Processing /home/airflow/.local/lib/python3.8/site-packages/airflow/example_dags/example_trigger_controller_dag.py took 0.048 seconds
[2023-08-31T15:19:03.286+0000] {processor.py:157} INFO - Started process (PID=1504) to work on /home/airflow/.local/lib/python3.8/site-packages/airflow/example_dags/example_trigger_controller_dag.py
[2023-08-31T15:19:03.288+0000] {processor.py:829} INFO - Processing file /home/airflow/.local/lib/python3.8/site-packages/airflow/example_dags/example_trigger_controller_dag.py for tasks to queue
[2023-08-31T15:19:03.289+0000] {logging_mixin.py:151} INFO - [2023-08-31T15:19:03.289+0000] {dagbag.py:539} INFO - Filling up the DagBag from /home/airflow/.local/lib/python3.8/site-packages/airflow/example_dags/example_trigger_controller_dag.py
[2023-08-31T15:19:03.293+0000] {processor.py:839} INFO - DAG(s) dict_keys(['example_trigger_controller_dag']) retrieved from /home/airflow/.local/lib/python3.8/site-packages/airflow/example_dags/example_trigger_controller_dag.py
[2023-08-31T15:19:03.309+0000] {logging_mixin.py:151} INFO - [2023-08-31T15:19:03.309+0000] {dag.py:2907} INFO - Sync 1 DAGs
[2023-08-31T15:19:03.322+0000] {logging_mixin.py:151} INFO - [2023-08-31T15:19:03.321+0000] {dag.py:3677} INFO - Setting next_dagrun for example_trigger_controller_dag to 2021-01-01T00:00:00+00:00, run_after=2021-01-01T00:00:00+00:00
[2023-08-31T15:19:03.368+0000] {processor.py:179} INFO - Processing /home/airflow/.local/lib/python3.8/site-packages/airflow/example_dags/example_trigger_controller_dag.py took 0.089 seconds
[2023-08-31T15:19:33.692+0000] {processor.py:157} INFO - Started process (PID=1745) to work on /home/airflow/.local/lib/python3.8/site-packages/airflow/example_dags/example_trigger_controller_dag.py
[2023-08-31T15:19:33.693+0000] {processor.py:829} INFO - Processing file /home/airflow/.local/lib/python3.8/site-packages/airflow/example_dags/example_trigger_controller_dag.py for tasks to queue
[2023-08-31T15:19:33.694+0000] {logging_mixin.py:151} INFO - [2023-08-31T15:19:33.694+0000] {dagbag.py:539} INFO - Filling up the DagBag from /home/airflow/.local/lib/python3.8/site-packages/airflow/example_dags/example_trigger_controller_dag.py
[2023-08-31T15:19:33.698+0000] {processor.py:839} INFO - DAG(s) dict_keys(['example_trigger_controller_dag']) retrieved from /home/airflow/.local/lib/python3.8/site-packages/airflow/example_dags/example_trigger_controller_dag.py
[2023-08-31T15:19:33.712+0000] {logging_mixin.py:151} INFO - [2023-08-31T15:19:33.712+0000] {dag.py:2907} INFO - Sync 1 DAGs
[2023-08-31T15:19:33.726+0000] {logging_mixin.py:151} INFO - [2023-08-31T15:19:33.726+0000] {dag.py:3677} INFO - Setting next_dagrun for example_trigger_controller_dag to 2021-01-01T00:00:00+00:00, run_after=2021-01-01T00:00:00+00:00
[2023-08-31T15:19:33.738+0000] {processor.py:179} INFO - Processing /home/airflow/.local/lib/python3.8/site-packages/airflow/example_dags/example_trigger_controller_dag.py took 0.048 seconds
[2023-08-31T15:20:03.900+0000] {processor.py:157} INFO - Started process (PID=1980) to work on /home/airflow/.local/lib/python3.8/site-packages/airflow/example_dags/example_trigger_controller_dag.py
[2023-08-31T15:20:03.901+0000] {processor.py:829} INFO - Processing file /home/airflow/.local/lib/python3.8/site-packages/airflow/example_dags/example_trigger_controller_dag.py for tasks to queue
[2023-08-31T15:20:03.902+0000] {logging_mixin.py:151} INFO - [2023-08-31T15:20:03.902+0000] {dagbag.py:539} INFO - Filling up the DagBag from /home/airflow/.local/lib/python3.8/site-packages/airflow/example_dags/example_trigger_controller_dag.py
[2023-08-31T15:20:03.905+0000] {processor.py:839} INFO - DAG(s) dict_keys(['example_trigger_controller_dag']) retrieved from /home/airflow/.local/lib/python3.8/site-packages/airflow/example_dags/example_trigger_controller_dag.py
[2023-08-31T15:20:03.920+0000] {logging_mixin.py:151} INFO - [2023-08-31T15:20:03.920+0000] {dag.py:2907} INFO - Sync 1 DAGs
[2023-08-31T15:20:03.933+0000] {logging_mixin.py:151} INFO - [2023-08-31T15:20:03.933+0000] {dag.py:3677} INFO - Setting next_dagrun for example_trigger_controller_dag to 2021-01-01T00:00:00+00:00, run_after=2021-01-01T00:00:00+00:00
[2023-08-31T15:20:03.944+0000] {processor.py:179} INFO - Processing /home/airflow/.local/lib/python3.8/site-packages/airflow/example_dags/example_trigger_controller_dag.py took 0.046 seconds
[2023-08-31T15:20:34.297+0000] {processor.py:157} INFO - Started process (PID=2219) to work on /home/airflow/.local/lib/python3.8/site-packages/airflow/example_dags/example_trigger_controller_dag.py
[2023-08-31T15:20:34.298+0000] {processor.py:829} INFO - Processing file /home/airflow/.local/lib/python3.8/site-packages/airflow/example_dags/example_trigger_controller_dag.py for tasks to queue
[2023-08-31T15:20:34.299+0000] {logging_mixin.py:151} INFO - [2023-08-31T15:20:34.299+0000] {dagbag.py:539} INFO - Filling up the DagBag from /home/airflow/.local/lib/python3.8/site-packages/airflow/example_dags/example_trigger_controller_dag.py
[2023-08-31T15:20:34.303+0000] {processor.py:839} INFO - DAG(s) dict_keys(['example_trigger_controller_dag']) retrieved from /home/airflow/.local/lib/python3.8/site-packages/airflow/example_dags/example_trigger_controller_dag.py
[2023-08-31T15:20:34.320+0000] {logging_mixin.py:151} INFO - [2023-08-31T15:20:34.320+0000] {dag.py:2907} INFO - Sync 1 DAGs
[2023-08-31T15:20:34.333+0000] {logging_mixin.py:151} INFO - [2023-08-31T15:20:34.333+0000] {dag.py:3677} INFO - Setting next_dagrun for example_trigger_controller_dag to 2021-01-01T00:00:00+00:00, run_after=2021-01-01T00:00:00+00:00
[2023-08-31T15:20:34.344+0000] {processor.py:179} INFO - Processing /home/airflow/.local/lib/python3.8/site-packages/airflow/example_dags/example_trigger_controller_dag.py took 0.050 seconds
[2023-08-31T15:21:04.535+0000] {processor.py:157} INFO - Started process (PID=2460) to work on /home/airflow/.local/lib/python3.8/site-packages/airflow/example_dags/example_trigger_controller_dag.py
[2023-08-31T15:21:04.536+0000] {processor.py:829} INFO - Processing file /home/airflow/.local/lib/python3.8/site-packages/airflow/example_dags/example_trigger_controller_dag.py for tasks to queue
[2023-08-31T15:21:04.537+0000] {logging_mixin.py:151} INFO - [2023-08-31T15:21:04.537+0000] {dagbag.py:539} INFO - Filling up the DagBag from /home/airflow/.local/lib/python3.8/site-packages/airflow/example_dags/example_trigger_controller_dag.py
[2023-08-31T15:21:04.541+0000] {processor.py:839} INFO - DAG(s) dict_keys(['example_trigger_controller_dag']) retrieved from /home/airflow/.local/lib/python3.8/site-packages/airflow/example_dags/example_trigger_controller_dag.py
[2023-08-31T15:21:04.556+0000] {logging_mixin.py:151} INFO - [2023-08-31T15:21:04.556+0000] {dag.py:2907} INFO - Sync 1 DAGs
[2023-08-31T15:21:04.568+0000] {logging_mixin.py:151} INFO - [2023-08-31T15:21:04.568+0000] {dag.py:3677} INFO - Setting next_dagrun for example_trigger_controller_dag to 2021-01-01T00:00:00+00:00, run_after=2021-01-01T00:00:00+00:00
[2023-08-31T15:21:04.580+0000] {processor.py:179} INFO - Processing /home/airflow/.local/lib/python3.8/site-packages/airflow/example_dags/example_trigger_controller_dag.py took 0.048 seconds
[2023-08-31T15:21:34.901+0000] {processor.py:157} INFO - Started process (PID=2707) to work on /home/airflow/.local/lib/python3.8/site-packages/airflow/example_dags/example_trigger_controller_dag.py
[2023-08-31T15:21:34.903+0000] {processor.py:829} INFO - Processing file /home/airflow/.local/lib/python3.8/site-packages/airflow/example_dags/example_trigger_controller_dag.py for tasks to queue
[2023-08-31T15:21:34.904+0000] {logging_mixin.py:151} INFO - [2023-08-31T15:21:34.903+0000] {dagbag.py:539} INFO - Filling up the DagBag from /home/airflow/.local/lib/python3.8/site-packages/airflow/example_dags/example_trigger_controller_dag.py
[2023-08-31T15:21:34.907+0000] {processor.py:839} INFO - DAG(s) dict_keys(['example_trigger_controller_dag']) retrieved from /home/airflow/.local/lib/python3.8/site-packages/airflow/example_dags/example_trigger_controller_dag.py
[2023-08-31T15:21:34.921+0000] {logging_mixin.py:151} INFO - [2023-08-31T15:21:34.921+0000] {dag.py:2907} INFO - Sync 1 DAGs
[2023-08-31T15:21:34.934+0000] {logging_mixin.py:151} INFO - [2023-08-31T15:21:34.934+0000] {dag.py:3677} INFO - Setting next_dagrun for example_trigger_controller_dag to 2021-01-01T00:00:00+00:00, run_after=2021-01-01T00:00:00+00:00
[2023-08-31T15:21:34.946+0000] {processor.py:179} INFO - Processing /home/airflow/.local/lib/python3.8/site-packages/airflow/example_dags/example_trigger_controller_dag.py took 0.047 seconds
[2023-08-31T15:22:05.213+0000] {processor.py:157} INFO - Started process (PID=2947) to work on /home/airflow/.local/lib/python3.8/site-packages/airflow/example_dags/example_trigger_controller_dag.py
[2023-08-31T15:22:05.214+0000] {processor.py:829} INFO - Processing file /home/airflow/.local/lib/python3.8/site-packages/airflow/example_dags/example_trigger_controller_dag.py for tasks to queue
[2023-08-31T15:22:05.215+0000] {logging_mixin.py:151} INFO - [2023-08-31T15:22:05.215+0000] {dagbag.py:539} INFO - Filling up the DagBag from /home/airflow/.local/lib/python3.8/site-packages/airflow/example_dags/example_trigger_controller_dag.py
[2023-08-31T15:22:05.219+0000] {processor.py:839} INFO - DAG(s) dict_keys(['example_trigger_controller_dag']) retrieved from /home/airflow/.local/lib/python3.8/site-packages/airflow/example_dags/example_trigger_controller_dag.py
[2023-08-31T15:22:05.234+0000] {logging_mixin.py:151} INFO - [2023-08-31T15:22:05.234+0000] {dag.py:2907} INFO - Sync 1 DAGs
[2023-08-31T15:22:05.248+0000] {logging_mixin.py:151} INFO - [2023-08-31T15:22:05.248+0000] {dag.py:3677} INFO - Setting next_dagrun for example_trigger_controller_dag to 2021-01-01T00:00:00+00:00, run_after=2021-01-01T00:00:00+00:00
[2023-08-31T15:22:05.259+0000] {processor.py:179} INFO - Processing /home/airflow/.local/lib/python3.8/site-packages/airflow/example_dags/example_trigger_controller_dag.py took 0.049 seconds
[2023-08-31T15:22:35.840+0000] {processor.py:157} INFO - Started process (PID=3187) to work on /home/airflow/.local/lib/python3.8/site-packages/airflow/example_dags/example_trigger_controller_dag.py
[2023-08-31T15:22:35.841+0000] {processor.py:829} INFO - Processing file /home/airflow/.local/lib/python3.8/site-packages/airflow/example_dags/example_trigger_controller_dag.py for tasks to queue
[2023-08-31T15:22:35.843+0000] {logging_mixin.py:151} INFO - [2023-08-31T15:22:35.843+0000] {dagbag.py:539} INFO - Filling up the DagBag from /home/airflow/.local/lib/python3.8/site-packages/airflow/example_dags/example_trigger_controller_dag.py
[2023-08-31T15:22:35.848+0000] {processor.py:839} INFO - DAG(s) dict_keys(['example_trigger_controller_dag']) retrieved from /home/airflow/.local/lib/python3.8/site-packages/airflow/example_dags/example_trigger_controller_dag.py
[2023-08-31T15:22:35.880+0000] {logging_mixin.py:151} INFO - [2023-08-31T15:22:35.879+0000] {dag.py:2907} INFO - Sync 1 DAGs
[2023-08-31T15:22:35.898+0000] {logging_mixin.py:151} INFO - [2023-08-31T15:22:35.898+0000] {dag.py:3677} INFO - Setting next_dagrun for example_trigger_controller_dag to 2021-01-01T00:00:00+00:00, run_after=2021-01-01T00:00:00+00:00
[2023-08-31T15:22:35.910+0000] {processor.py:179} INFO - Processing /home/airflow/.local/lib/python3.8/site-packages/airflow/example_dags/example_trigger_controller_dag.py took 0.073 seconds
[2023-08-31T15:23:06.389+0000] {processor.py:157} INFO - Started process (PID=3429) to work on /home/airflow/.local/lib/python3.8/site-packages/airflow/example_dags/example_trigger_controller_dag.py
[2023-08-31T15:23:06.400+0000] {processor.py:829} INFO - Processing file /home/airflow/.local/lib/python3.8/site-packages/airflow/example_dags/example_trigger_controller_dag.py for tasks to queue
[2023-08-31T15:23:06.419+0000] {logging_mixin.py:151} INFO - [2023-08-31T15:23:06.418+0000] {dagbag.py:539} INFO - Filling up the DagBag from /home/airflow/.local/lib/python3.8/site-packages/airflow/example_dags/example_trigger_controller_dag.py
[2023-08-31T15:23:06.423+0000] {processor.py:839} INFO - DAG(s) dict_keys(['example_trigger_controller_dag']) retrieved from /home/airflow/.local/lib/python3.8/site-packages/airflow/example_dags/example_trigger_controller_dag.py
[2023-08-31T15:23:06.439+0000] {logging_mixin.py:151} INFO - [2023-08-31T15:23:06.439+0000] {dag.py:2907} INFO - Sync 1 DAGs
[2023-08-31T15:23:06.454+0000] {logging_mixin.py:151} INFO - [2023-08-31T15:23:06.454+0000] {dag.py:3677} INFO - Setting next_dagrun for example_trigger_controller_dag to 2021-01-01T00:00:00+00:00, run_after=2021-01-01T00:00:00+00:00
[2023-08-31T15:23:06.468+0000] {processor.py:179} INFO - Processing /home/airflow/.local/lib/python3.8/site-packages/airflow/example_dags/example_trigger_controller_dag.py took 0.081 seconds
[2023-08-31T15:23:36.782+0000] {processor.py:157} INFO - Started process (PID=3669) to work on /home/airflow/.local/lib/python3.8/site-packages/airflow/example_dags/example_trigger_controller_dag.py
[2023-08-31T15:23:36.783+0000] {processor.py:829} INFO - Processing file /home/airflow/.local/lib/python3.8/site-packages/airflow/example_dags/example_trigger_controller_dag.py for tasks to queue
[2023-08-31T15:23:36.784+0000] {logging_mixin.py:151} INFO - [2023-08-31T15:23:36.784+0000] {dagbag.py:539} INFO - Filling up the DagBag from /home/airflow/.local/lib/python3.8/site-packages/airflow/example_dags/example_trigger_controller_dag.py
[2023-08-31T15:23:36.788+0000] {processor.py:839} INFO - DAG(s) dict_keys(['example_trigger_controller_dag']) retrieved from /home/airflow/.local/lib/python3.8/site-packages/airflow/example_dags/example_trigger_controller_dag.py
[2023-08-31T15:23:36.803+0000] {logging_mixin.py:151} INFO - [2023-08-31T15:23:36.803+0000] {dag.py:2907} INFO - Sync 1 DAGs
[2023-08-31T15:23:36.822+0000] {logging_mixin.py:151} INFO - [2023-08-31T15:23:36.822+0000] {dag.py:3677} INFO - Setting next_dagrun for example_trigger_controller_dag to 2021-01-01T00:00:00+00:00, run_after=2021-01-01T00:00:00+00:00
[2023-08-31T15:23:36.835+0000] {processor.py:179} INFO - Processing /home/airflow/.local/lib/python3.8/site-packages/airflow/example_dags/example_trigger_controller_dag.py took 0.055 seconds
[2023-08-31T15:24:07.114+0000] {processor.py:157} INFO - Started process (PID=3911) to work on /home/airflow/.local/lib/python3.8/site-packages/airflow/example_dags/example_trigger_controller_dag.py
[2023-08-31T15:24:07.115+0000] {processor.py:829} INFO - Processing file /home/airflow/.local/lib/python3.8/site-packages/airflow/example_dags/example_trigger_controller_dag.py for tasks to queue
[2023-08-31T15:24:07.116+0000] {logging_mixin.py:151} INFO - [2023-08-31T15:24:07.116+0000] {dagbag.py:539} INFO - Filling up the DagBag from /home/airflow/.local/lib/python3.8/site-packages/airflow/example_dags/example_trigger_controller_dag.py
[2023-08-31T15:24:07.120+0000] {processor.py:839} INFO - DAG(s) dict_keys(['example_trigger_controller_dag']) retrieved from /home/airflow/.local/lib/python3.8/site-packages/airflow/example_dags/example_trigger_controller_dag.py
[2023-08-31T15:24:07.134+0000] {logging_mixin.py:151} INFO - [2023-08-31T15:24:07.134+0000] {dag.py:2907} INFO - Sync 1 DAGs
[2023-08-31T15:24:07.149+0000] {logging_mixin.py:151} INFO - [2023-08-31T15:24:07.148+0000] {dag.py:3677} INFO - Setting next_dagrun for example_trigger_controller_dag to 2021-01-01T00:00:00+00:00, run_after=2021-01-01T00:00:00+00:00
[2023-08-31T15:24:07.159+0000] {processor.py:179} INFO - Processing /home/airflow/.local/lib/python3.8/site-packages/airflow/example_dags/example_trigger_controller_dag.py took 0.048 seconds
[2023-08-31T15:24:37.420+0000] {processor.py:157} INFO - Started process (PID=4151) to work on /home/airflow/.local/lib/python3.8/site-packages/airflow/example_dags/example_trigger_controller_dag.py
[2023-08-31T15:24:37.422+0000] {processor.py:829} INFO - Processing file /home/airflow/.local/lib/python3.8/site-packages/airflow/example_dags/example_trigger_controller_dag.py for tasks to queue
[2023-08-31T15:24:37.423+0000] {logging_mixin.py:151} INFO - [2023-08-31T15:24:37.423+0000] {dagbag.py:539} INFO - Filling up the DagBag from /home/airflow/.local/lib/python3.8/site-packages/airflow/example_dags/example_trigger_controller_dag.py
[2023-08-31T15:24:37.426+0000] {processor.py:839} INFO - DAG(s) dict_keys(['example_trigger_controller_dag']) retrieved from /home/airflow/.local/lib/python3.8/site-packages/airflow/example_dags/example_trigger_controller_dag.py
[2023-08-31T15:24:37.441+0000] {logging_mixin.py:151} INFO - [2023-08-31T15:24:37.441+0000] {dag.py:2907} INFO - Sync 1 DAGs
[2023-08-31T15:24:37.454+0000] {logging_mixin.py:151} INFO - [2023-08-31T15:24:37.453+0000] {dag.py:3677} INFO - Setting next_dagrun for example_trigger_controller_dag to 2021-01-01T00:00:00+00:00, run_after=2021-01-01T00:00:00+00:00
[2023-08-31T15:24:37.465+0000] {processor.py:179} INFO - Processing /home/airflow/.local/lib/python3.8/site-packages/airflow/example_dags/example_trigger_controller_dag.py took 0.047 seconds
[2023-08-31T15:25:07.729+0000] {processor.py:157} INFO - Started process (PID=4391) to work on /home/airflow/.local/lib/python3.8/site-packages/airflow/example_dags/example_trigger_controller_dag.py
[2023-08-31T15:25:07.730+0000] {processor.py:829} INFO - Processing file /home/airflow/.local/lib/python3.8/site-packages/airflow/example_dags/example_trigger_controller_dag.py for tasks to queue
[2023-08-31T15:25:07.731+0000] {logging_mixin.py:151} INFO - [2023-08-31T15:25:07.731+0000] {dagbag.py:539} INFO - Filling up the DagBag from /home/airflow/.local/lib/python3.8/site-packages/airflow/example_dags/example_trigger_controller_dag.py
[2023-08-31T15:25:07.736+0000] {processor.py:839} INFO - DAG(s) dict_keys(['example_trigger_controller_dag']) retrieved from /home/airflow/.local/lib/python3.8/site-packages/airflow/example_dags/example_trigger_controller_dag.py
[2023-08-31T15:25:07.751+0000] {logging_mixin.py:151} INFO - [2023-08-31T15:25:07.751+0000] {dag.py:2907} INFO - Sync 1 DAGs
[2023-08-31T15:25:07.764+0000] {logging_mixin.py:151} INFO - [2023-08-31T15:25:07.763+0000] {dag.py:3677} INFO - Setting next_dagrun for example_trigger_controller_dag to 2021-01-01T00:00:00+00:00, run_after=2021-01-01T00:00:00+00:00
[2023-08-31T15:25:07.774+0000] {processor.py:179} INFO - Processing /home/airflow/.local/lib/python3.8/site-packages/airflow/example_dags/example_trigger_controller_dag.py took 0.048 seconds
[2023-08-31T15:25:38.001+0000] {processor.py:157} INFO - Started process (PID=4630) to work on /home/airflow/.local/lib/python3.8/site-packages/airflow/example_dags/example_trigger_controller_dag.py
[2023-08-31T15:25:38.002+0000] {processor.py:829} INFO - Processing file /home/airflow/.local/lib/python3.8/site-packages/airflow/example_dags/example_trigger_controller_dag.py for tasks to queue
[2023-08-31T15:25:38.003+0000] {logging_mixin.py:151} INFO - [2023-08-31T15:25:38.003+0000] {dagbag.py:539} INFO - Filling up the DagBag from /home/airflow/.local/lib/python3.8/site-packages/airflow/example_dags/example_trigger_controller_dag.py
[2023-08-31T15:25:38.007+0000] {processor.py:839} INFO - DAG(s) dict_keys(['example_trigger_controller_dag']) retrieved from /home/airflow/.local/lib/python3.8/site-packages/airflow/example_dags/example_trigger_controller_dag.py
[2023-08-31T15:25:38.023+0000] {logging_mixin.py:151} INFO - [2023-08-31T15:25:38.022+0000] {dag.py:2907} INFO - Sync 1 DAGs
[2023-08-31T15:25:38.036+0000] {logging_mixin.py:151} INFO - [2023-08-31T15:25:38.036+0000] {dag.py:3677} INFO - Setting next_dagrun for example_trigger_controller_dag to 2021-01-01T00:00:00+00:00, run_after=2021-01-01T00:00:00+00:00
[2023-08-31T15:25:38.048+0000] {processor.py:179} INFO - Processing /home/airflow/.local/lib/python3.8/site-packages/airflow/example_dags/example_trigger_controller_dag.py took 0.050 seconds
[2023-08-31T15:26:08.299+0000] {processor.py:157} INFO - Started process (PID=4871) to work on /home/airflow/.local/lib/python3.8/site-packages/airflow/example_dags/example_trigger_controller_dag.py
[2023-08-31T15:26:08.301+0000] {processor.py:829} INFO - Processing file /home/airflow/.local/lib/python3.8/site-packages/airflow/example_dags/example_trigger_controller_dag.py for tasks to queue
[2023-08-31T15:26:08.302+0000] {logging_mixin.py:151} INFO - [2023-08-31T15:26:08.302+0000] {dagbag.py:539} INFO - Filling up the DagBag from /home/airflow/.local/lib/python3.8/site-packages/airflow/example_dags/example_trigger_controller_dag.py
[2023-08-31T15:26:08.306+0000] {processor.py:839} INFO - DAG(s) dict_keys(['example_trigger_controller_dag']) retrieved from /home/airflow/.local/lib/python3.8/site-packages/airflow/example_dags/example_trigger_controller_dag.py
[2023-08-31T15:26:08.321+0000] {logging_mixin.py:151} INFO - [2023-08-31T15:26:08.321+0000] {dag.py:2907} INFO - Sync 1 DAGs
[2023-08-31T15:26:08.334+0000] {logging_mixin.py:151} INFO - [2023-08-31T15:26:08.334+0000] {dag.py:3677} INFO - Setting next_dagrun for example_trigger_controller_dag to 2021-01-01T00:00:00+00:00, run_after=2021-01-01T00:00:00+00:00
[2023-08-31T15:26:08.344+0000] {processor.py:179} INFO - Processing /home/airflow/.local/lib/python3.8/site-packages/airflow/example_dags/example_trigger_controller_dag.py took 0.048 seconds
[2023-08-31T15:26:38.620+0000] {processor.py:157} INFO - Started process (PID=5110) to work on /home/airflow/.local/lib/python3.8/site-packages/airflow/example_dags/example_trigger_controller_dag.py
[2023-08-31T15:26:38.621+0000] {processor.py:829} INFO - Processing file /home/airflow/.local/lib/python3.8/site-packages/airflow/example_dags/example_trigger_controller_dag.py for tasks to queue
[2023-08-31T15:26:38.623+0000] {logging_mixin.py:151} INFO - [2023-08-31T15:26:38.623+0000] {dagbag.py:539} INFO - Filling up the DagBag from /home/airflow/.local/lib/python3.8/site-packages/airflow/example_dags/example_trigger_controller_dag.py
[2023-08-31T15:26:38.627+0000] {processor.py:839} INFO - DAG(s) dict_keys(['example_trigger_controller_dag']) retrieved from /home/airflow/.local/lib/python3.8/site-packages/airflow/example_dags/example_trigger_controller_dag.py
[2023-08-31T15:26:38.642+0000] {logging_mixin.py:151} INFO - [2023-08-31T15:26:38.642+0000] {dag.py:2907} INFO - Sync 1 DAGs
[2023-08-31T15:26:38.655+0000] {logging_mixin.py:151} INFO - [2023-08-31T15:26:38.655+0000] {dag.py:3677} INFO - Setting next_dagrun for example_trigger_controller_dag to 2021-01-01T00:00:00+00:00, run_after=2021-01-01T00:00:00+00:00
[2023-08-31T15:26:38.666+0000] {processor.py:179} INFO - Processing /home/airflow/.local/lib/python3.8/site-packages/airflow/example_dags/example_trigger_controller_dag.py took 0.049 seconds
[2023-08-31T15:27:08.996+0000] {processor.py:157} INFO - Started process (PID=5349) to work on /home/airflow/.local/lib/python3.8/site-packages/airflow/example_dags/example_trigger_controller_dag.py
[2023-08-31T15:27:08.997+0000] {processor.py:829} INFO - Processing file /home/airflow/.local/lib/python3.8/site-packages/airflow/example_dags/example_trigger_controller_dag.py for tasks to queue
[2023-08-31T15:27:08.998+0000] {logging_mixin.py:151} INFO - [2023-08-31T15:27:08.998+0000] {dagbag.py:539} INFO - Filling up the DagBag from /home/airflow/.local/lib/python3.8/site-packages/airflow/example_dags/example_trigger_controller_dag.py
[2023-08-31T15:27:09.002+0000] {processor.py:839} INFO - DAG(s) dict_keys(['example_trigger_controller_dag']) retrieved from /home/airflow/.local/lib/python3.8/site-packages/airflow/example_dags/example_trigger_controller_dag.py
[2023-08-31T15:27:09.017+0000] {logging_mixin.py:151} INFO - [2023-08-31T15:27:09.017+0000] {dag.py:2907} INFO - Sync 1 DAGs
[2023-08-31T15:27:09.031+0000] {logging_mixin.py:151} INFO - [2023-08-31T15:27:09.031+0000] {dag.py:3677} INFO - Setting next_dagrun for example_trigger_controller_dag to 2021-01-01T00:00:00+00:00, run_after=2021-01-01T00:00:00+00:00
[2023-08-31T15:27:09.043+0000] {processor.py:179} INFO - Processing /home/airflow/.local/lib/python3.8/site-packages/airflow/example_dags/example_trigger_controller_dag.py took 0.050 seconds
[2023-08-31T15:27:39.354+0000] {processor.py:157} INFO - Started process (PID=5589) to work on /home/airflow/.local/lib/python3.8/site-packages/airflow/example_dags/example_trigger_controller_dag.py
[2023-08-31T15:27:39.356+0000] {processor.py:829} INFO - Processing file /home/airflow/.local/lib/python3.8/site-packages/airflow/example_dags/example_trigger_controller_dag.py for tasks to queue
[2023-08-31T15:27:39.357+0000] {logging_mixin.py:151} INFO - [2023-08-31T15:27:39.357+0000] {dagbag.py:539} INFO - Filling up the DagBag from /home/airflow/.local/lib/python3.8/site-packages/airflow/example_dags/example_trigger_controller_dag.py
[2023-08-31T15:27:39.362+0000] {processor.py:839} INFO - DAG(s) dict_keys(['example_trigger_controller_dag']) retrieved from /home/airflow/.local/lib/python3.8/site-packages/airflow/example_dags/example_trigger_controller_dag.py
[2023-08-31T15:27:39.380+0000] {logging_mixin.py:151} INFO - [2023-08-31T15:27:39.380+0000] {dag.py:2907} INFO - Sync 1 DAGs
[2023-08-31T15:27:39.394+0000] {logging_mixin.py:151} INFO - [2023-08-31T15:27:39.394+0000] {dag.py:3677} INFO - Setting next_dagrun for example_trigger_controller_dag to 2021-01-01T00:00:00+00:00, run_after=2021-01-01T00:00:00+00:00
[2023-08-31T15:27:39.409+0000] {processor.py:179} INFO - Processing /home/airflow/.local/lib/python3.8/site-packages/airflow/example_dags/example_trigger_controller_dag.py took 0.057 seconds
[2023-08-31T15:28:09.660+0000] {processor.py:157} INFO - Started process (PID=5829) to work on /home/airflow/.local/lib/python3.8/site-packages/airflow/example_dags/example_trigger_controller_dag.py
[2023-08-31T15:28:09.662+0000] {processor.py:829} INFO - Processing file /home/airflow/.local/lib/python3.8/site-packages/airflow/example_dags/example_trigger_controller_dag.py for tasks to queue
[2023-08-31T15:28:09.664+0000] {logging_mixin.py:151} INFO - [2023-08-31T15:28:09.663+0000] {dagbag.py:539} INFO - Filling up the DagBag from /home/airflow/.local/lib/python3.8/site-packages/airflow/example_dags/example_trigger_controller_dag.py
[2023-08-31T15:28:09.667+0000] {processor.py:839} INFO - DAG(s) dict_keys(['example_trigger_controller_dag']) retrieved from /home/airflow/.local/lib/python3.8/site-packages/airflow/example_dags/example_trigger_controller_dag.py
[2023-08-31T15:28:09.683+0000] {logging_mixin.py:151} INFO - [2023-08-31T15:28:09.683+0000] {dag.py:2907} INFO - Sync 1 DAGs
[2023-08-31T15:28:09.698+0000] {logging_mixin.py:151} INFO - [2023-08-31T15:28:09.698+0000] {dag.py:3677} INFO - Setting next_dagrun for example_trigger_controller_dag to 2021-01-01T00:00:00+00:00, run_after=2021-01-01T00:00:00+00:00
[2023-08-31T15:28:09.709+0000] {processor.py:179} INFO - Processing /home/airflow/.local/lib/python3.8/site-packages/airflow/example_dags/example_trigger_controller_dag.py took 0.052 seconds
[2023-08-31T15:28:39.981+0000] {processor.py:157} INFO - Started process (PID=6070) to work on /home/airflow/.local/lib/python3.8/site-packages/airflow/example_dags/example_trigger_controller_dag.py
[2023-08-31T15:28:39.982+0000] {processor.py:829} INFO - Processing file /home/airflow/.local/lib/python3.8/site-packages/airflow/example_dags/example_trigger_controller_dag.py for tasks to queue
[2023-08-31T15:28:39.983+0000] {logging_mixin.py:151} INFO - [2023-08-31T15:28:39.983+0000] {dagbag.py:539} INFO - Filling up the DagBag from /home/airflow/.local/lib/python3.8/site-packages/airflow/example_dags/example_trigger_controller_dag.py
[2023-08-31T15:28:39.988+0000] {processor.py:839} INFO - DAG(s) dict_keys(['example_trigger_controller_dag']) retrieved from /home/airflow/.local/lib/python3.8/site-packages/airflow/example_dags/example_trigger_controller_dag.py
[2023-08-31T15:28:40.003+0000] {logging_mixin.py:151} INFO - [2023-08-31T15:28:40.003+0000] {dag.py:2907} INFO - Sync 1 DAGs
[2023-08-31T15:28:40.018+0000] {logging_mixin.py:151} INFO - [2023-08-31T15:28:40.018+0000] {dag.py:3677} INFO - Setting next_dagrun for example_trigger_controller_dag to 2021-01-01T00:00:00+00:00, run_after=2021-01-01T00:00:00+00:00
[2023-08-31T15:28:40.029+0000] {processor.py:179} INFO - Processing /home/airflow/.local/lib/python3.8/site-packages/airflow/example_dags/example_trigger_controller_dag.py took 0.050 seconds
[2023-08-31T15:29:10.340+0000] {processor.py:157} INFO - Started process (PID=6312) to work on /home/airflow/.local/lib/python3.8/site-packages/airflow/example_dags/example_trigger_controller_dag.py
[2023-08-31T15:29:10.341+0000] {processor.py:829} INFO - Processing file /home/airflow/.local/lib/python3.8/site-packages/airflow/example_dags/example_trigger_controller_dag.py for tasks to queue
[2023-08-31T15:29:10.342+0000] {logging_mixin.py:151} INFO - [2023-08-31T15:29:10.342+0000] {dagbag.py:539} INFO - Filling up the DagBag from /home/airflow/.local/lib/python3.8/site-packages/airflow/example_dags/example_trigger_controller_dag.py
[2023-08-31T15:29:10.345+0000] {processor.py:839} INFO - DAG(s) dict_keys(['example_trigger_controller_dag']) retrieved from /home/airflow/.local/lib/python3.8/site-packages/airflow/example_dags/example_trigger_controller_dag.py
[2023-08-31T15:29:10.361+0000] {logging_mixin.py:151} INFO - [2023-08-31T15:29:10.361+0000] {dag.py:2907} INFO - Sync 1 DAGs
[2023-08-31T15:29:10.375+0000] {logging_mixin.py:151} INFO - [2023-08-31T15:29:10.374+0000] {dag.py:3677} INFO - Setting next_dagrun for example_trigger_controller_dag to 2021-01-01T00:00:00+00:00, run_after=2021-01-01T00:00:00+00:00
[2023-08-31T15:29:10.386+0000] {processor.py:179} INFO - Processing /home/airflow/.local/lib/python3.8/site-packages/airflow/example_dags/example_trigger_controller_dag.py took 0.049 seconds
[2023-08-31T15:29:40.663+0000] {processor.py:157} INFO - Started process (PID=6552) to work on /home/airflow/.local/lib/python3.8/site-packages/airflow/example_dags/example_trigger_controller_dag.py
[2023-08-31T15:29:40.664+0000] {processor.py:829} INFO - Processing file /home/airflow/.local/lib/python3.8/site-packages/airflow/example_dags/example_trigger_controller_dag.py for tasks to queue
[2023-08-31T15:29:40.666+0000] {logging_mixin.py:151} INFO - [2023-08-31T15:29:40.665+0000] {dagbag.py:539} INFO - Filling up the DagBag from /home/airflow/.local/lib/python3.8/site-packages/airflow/example_dags/example_trigger_controller_dag.py
[2023-08-31T15:29:40.669+0000] {processor.py:839} INFO - DAG(s) dict_keys(['example_trigger_controller_dag']) retrieved from /home/airflow/.local/lib/python3.8/site-packages/airflow/example_dags/example_trigger_controller_dag.py
[2023-08-31T15:29:40.685+0000] {logging_mixin.py:151} INFO - [2023-08-31T15:29:40.685+0000] {dag.py:2907} INFO - Sync 1 DAGs
[2023-08-31T15:29:40.698+0000] {logging_mixin.py:151} INFO - [2023-08-31T15:29:40.698+0000] {dag.py:3677} INFO - Setting next_dagrun for example_trigger_controller_dag to 2021-01-01T00:00:00+00:00, run_after=2021-01-01T00:00:00+00:00
[2023-08-31T15:29:40.709+0000] {processor.py:179} INFO - Processing /home/airflow/.local/lib/python3.8/site-packages/airflow/example_dags/example_trigger_controller_dag.py took 0.048 seconds
[2023-08-31T15:30:10.875+0000] {processor.py:157} INFO - Started process (PID=6792) to work on /home/airflow/.local/lib/python3.8/site-packages/airflow/example_dags/example_trigger_controller_dag.py
[2023-08-31T15:30:10.876+0000] {processor.py:829} INFO - Processing file /home/airflow/.local/lib/python3.8/site-packages/airflow/example_dags/example_trigger_controller_dag.py for tasks to queue
[2023-08-31T15:30:10.877+0000] {logging_mixin.py:151} INFO - [2023-08-31T15:30:10.877+0000] {dagbag.py:539} INFO - Filling up the DagBag from /home/airflow/.local/lib/python3.8/site-packages/airflow/example_dags/example_trigger_controller_dag.py
[2023-08-31T15:30:10.881+0000] {processor.py:839} INFO - DAG(s) dict_keys(['example_trigger_controller_dag']) retrieved from /home/airflow/.local/lib/python3.8/site-packages/airflow/example_dags/example_trigger_controller_dag.py
[2023-08-31T15:30:10.897+0000] {logging_mixin.py:151} INFO - [2023-08-31T15:30:10.896+0000] {dag.py:2907} INFO - Sync 1 DAGs
[2023-08-31T15:30:10.910+0000] {logging_mixin.py:151} INFO - [2023-08-31T15:30:10.910+0000] {dag.py:3677} INFO - Setting next_dagrun for example_trigger_controller_dag to 2021-01-01T00:00:00+00:00, run_after=2021-01-01T00:00:00+00:00
[2023-08-31T15:30:10.921+0000] {processor.py:179} INFO - Processing /home/airflow/.local/lib/python3.8/site-packages/airflow/example_dags/example_trigger_controller_dag.py took 0.049 seconds
[2023-08-31T15:30:41.170+0000] {processor.py:157} INFO - Started process (PID=7033) to work on /home/airflow/.local/lib/python3.8/site-packages/airflow/example_dags/example_trigger_controller_dag.py
[2023-08-31T15:30:41.171+0000] {processor.py:829} INFO - Processing file /home/airflow/.local/lib/python3.8/site-packages/airflow/example_dags/example_trigger_controller_dag.py for tasks to queue
[2023-08-31T15:30:41.172+0000] {logging_mixin.py:151} INFO - [2023-08-31T15:30:41.172+0000] {dagbag.py:539} INFO - Filling up the DagBag from /home/airflow/.local/lib/python3.8/site-packages/airflow/example_dags/example_trigger_controller_dag.py
[2023-08-31T15:30:41.176+0000] {processor.py:839} INFO - DAG(s) dict_keys(['example_trigger_controller_dag']) retrieved from /home/airflow/.local/lib/python3.8/site-packages/airflow/example_dags/example_trigger_controller_dag.py
[2023-08-31T15:30:41.190+0000] {logging_mixin.py:151} INFO - [2023-08-31T15:30:41.190+0000] {dag.py:2907} INFO - Sync 1 DAGs
[2023-08-31T15:30:41.204+0000] {logging_mixin.py:151} INFO - [2023-08-31T15:30:41.204+0000] {dag.py:3677} INFO - Setting next_dagrun for example_trigger_controller_dag to 2021-01-01T00:00:00+00:00, run_after=2021-01-01T00:00:00+00:00
[2023-08-31T15:30:41.215+0000] {processor.py:179} INFO - Processing /home/airflow/.local/lib/python3.8/site-packages/airflow/example_dags/example_trigger_controller_dag.py took 0.048 seconds
[2023-08-31T15:31:11.630+0000] {processor.py:157} INFO - Started process (PID=7272) to work on /home/airflow/.local/lib/python3.8/site-packages/airflow/example_dags/example_trigger_controller_dag.py
[2023-08-31T15:31:11.631+0000] {processor.py:829} INFO - Processing file /home/airflow/.local/lib/python3.8/site-packages/airflow/example_dags/example_trigger_controller_dag.py for tasks to queue
[2023-08-31T15:31:11.632+0000] {logging_mixin.py:151} INFO - [2023-08-31T15:31:11.632+0000] {dagbag.py:539} INFO - Filling up the DagBag from /home/airflow/.local/lib/python3.8/site-packages/airflow/example_dags/example_trigger_controller_dag.py
[2023-08-31T15:31:11.636+0000] {processor.py:839} INFO - DAG(s) dict_keys(['example_trigger_controller_dag']) retrieved from /home/airflow/.local/lib/python3.8/site-packages/airflow/example_dags/example_trigger_controller_dag.py
[2023-08-31T15:31:11.652+0000] {logging_mixin.py:151} INFO - [2023-08-31T15:31:11.652+0000] {dag.py:2907} INFO - Sync 1 DAGs
[2023-08-31T15:31:11.665+0000] {logging_mixin.py:151} INFO - [2023-08-31T15:31:11.665+0000] {dag.py:3677} INFO - Setting next_dagrun for example_trigger_controller_dag to 2021-01-01T00:00:00+00:00, run_after=2021-01-01T00:00:00+00:00
[2023-08-31T15:31:11.675+0000] {processor.py:179} INFO - Processing /home/airflow/.local/lib/python3.8/site-packages/airflow/example_dags/example_trigger_controller_dag.py took 0.048 seconds
[2023-08-31T15:31:42.017+0000] {processor.py:157} INFO - Started process (PID=7511) to work on /home/airflow/.local/lib/python3.8/site-packages/airflow/example_dags/example_trigger_controller_dag.py
[2023-08-31T15:31:42.019+0000] {processor.py:829} INFO - Processing file /home/airflow/.local/lib/python3.8/site-packages/airflow/example_dags/example_trigger_controller_dag.py for tasks to queue
[2023-08-31T15:31:42.020+0000] {logging_mixin.py:151} INFO - [2023-08-31T15:31:42.020+0000] {dagbag.py:539} INFO - Filling up the DagBag from /home/airflow/.local/lib/python3.8/site-packages/airflow/example_dags/example_trigger_controller_dag.py
[2023-08-31T15:31:42.025+0000] {processor.py:839} INFO - DAG(s) dict_keys(['example_trigger_controller_dag']) retrieved from /home/airflow/.local/lib/python3.8/site-packages/airflow/example_dags/example_trigger_controller_dag.py
[2023-08-31T15:31:42.043+0000] {logging_mixin.py:151} INFO - [2023-08-31T15:31:42.043+0000] {dag.py:2907} INFO - Sync 1 DAGs
[2023-08-31T15:31:42.059+0000] {logging_mixin.py:151} INFO - [2023-08-31T15:31:42.058+0000] {dag.py:3677} INFO - Setting next_dagrun for example_trigger_controller_dag to 2021-01-01T00:00:00+00:00, run_after=2021-01-01T00:00:00+00:00
[2023-08-31T15:31:42.071+0000] {processor.py:179} INFO - Processing /home/airflow/.local/lib/python3.8/site-packages/airflow/example_dags/example_trigger_controller_dag.py took 0.056 seconds
[2023-08-31T15:32:12.372+0000] {processor.py:157} INFO - Started process (PID=7750) to work on /home/airflow/.local/lib/python3.8/site-packages/airflow/example_dags/example_trigger_controller_dag.py
[2023-08-31T15:32:12.373+0000] {processor.py:829} INFO - Processing file /home/airflow/.local/lib/python3.8/site-packages/airflow/example_dags/example_trigger_controller_dag.py for tasks to queue
[2023-08-31T15:32:12.374+0000] {logging_mixin.py:151} INFO - [2023-08-31T15:32:12.374+0000] {dagbag.py:539} INFO - Filling up the DagBag from /home/airflow/.local/lib/python3.8/site-packages/airflow/example_dags/example_trigger_controller_dag.py
[2023-08-31T15:32:12.379+0000] {processor.py:839} INFO - DAG(s) dict_keys(['example_trigger_controller_dag']) retrieved from /home/airflow/.local/lib/python3.8/site-packages/airflow/example_dags/example_trigger_controller_dag.py
[2023-08-31T15:32:12.395+0000] {logging_mixin.py:151} INFO - [2023-08-31T15:32:12.394+0000] {dag.py:2907} INFO - Sync 1 DAGs
[2023-08-31T15:32:12.408+0000] {logging_mixin.py:151} INFO - [2023-08-31T15:32:12.407+0000] {dag.py:3677} INFO - Setting next_dagrun for example_trigger_controller_dag to 2021-01-01T00:00:00+00:00, run_after=2021-01-01T00:00:00+00:00
[2023-08-31T15:32:12.418+0000] {processor.py:179} INFO - Processing /home/airflow/.local/lib/python3.8/site-packages/airflow/example_dags/example_trigger_controller_dag.py took 0.049 seconds
[2023-08-31T15:32:42.866+0000] {processor.py:157} INFO - Started process (PID=7990) to work on /home/airflow/.local/lib/python3.8/site-packages/airflow/example_dags/example_trigger_controller_dag.py
[2023-08-31T15:32:42.869+0000] {processor.py:829} INFO - Processing file /home/airflow/.local/lib/python3.8/site-packages/airflow/example_dags/example_trigger_controller_dag.py for tasks to queue
[2023-08-31T15:32:42.870+0000] {logging_mixin.py:151} INFO - [2023-08-31T15:32:42.870+0000] {dagbag.py:539} INFO - Filling up the DagBag from /home/airflow/.local/lib/python3.8/site-packages/airflow/example_dags/example_trigger_controller_dag.py
[2023-08-31T15:32:42.875+0000] {processor.py:839} INFO - DAG(s) dict_keys(['example_trigger_controller_dag']) retrieved from /home/airflow/.local/lib/python3.8/site-packages/airflow/example_dags/example_trigger_controller_dag.py
[2023-08-31T15:32:42.898+0000] {logging_mixin.py:151} INFO - [2023-08-31T15:32:42.897+0000] {dag.py:2907} INFO - Sync 1 DAGs
[2023-08-31T15:32:42.913+0000] {logging_mixin.py:151} INFO - [2023-08-31T15:32:42.913+0000] {dag.py:3677} INFO - Setting next_dagrun for example_trigger_controller_dag to 2021-01-01T00:00:00+00:00, run_after=2021-01-01T00:00:00+00:00
[2023-08-31T15:32:42.925+0000] {processor.py:179} INFO - Processing /home/airflow/.local/lib/python3.8/site-packages/airflow/example_dags/example_trigger_controller_dag.py took 0.062 seconds
[2023-08-31T15:33:13.240+0000] {processor.py:157} INFO - Started process (PID=8229) to work on /home/airflow/.local/lib/python3.8/site-packages/airflow/example_dags/example_trigger_controller_dag.py
[2023-08-31T15:33:13.242+0000] {processor.py:829} INFO - Processing file /home/airflow/.local/lib/python3.8/site-packages/airflow/example_dags/example_trigger_controller_dag.py for tasks to queue
[2023-08-31T15:33:13.243+0000] {logging_mixin.py:151} INFO - [2023-08-31T15:33:13.243+0000] {dagbag.py:539} INFO - Filling up the DagBag from /home/airflow/.local/lib/python3.8/site-packages/airflow/example_dags/example_trigger_controller_dag.py
[2023-08-31T15:33:13.247+0000] {processor.py:839} INFO - DAG(s) dict_keys(['example_trigger_controller_dag']) retrieved from /home/airflow/.local/lib/python3.8/site-packages/airflow/example_dags/example_trigger_controller_dag.py
[2023-08-31T15:33:13.261+0000] {logging_mixin.py:151} INFO - [2023-08-31T15:33:13.260+0000] {dag.py:2907} INFO - Sync 1 DAGs
[2023-08-31T15:33:13.274+0000] {logging_mixin.py:151} INFO - [2023-08-31T15:33:13.274+0000] {dag.py:3677} INFO - Setting next_dagrun for example_trigger_controller_dag to 2021-01-01T00:00:00+00:00, run_after=2021-01-01T00:00:00+00:00
[2023-08-31T15:33:13.284+0000] {processor.py:179} INFO - Processing /home/airflow/.local/lib/python3.8/site-packages/airflow/example_dags/example_trigger_controller_dag.py took 0.046 seconds
[2023-08-31T15:33:43.887+0000] {processor.py:157} INFO - Started process (PID=8469) to work on /home/airflow/.local/lib/python3.8/site-packages/airflow/example_dags/example_trigger_controller_dag.py
[2023-08-31T15:33:43.889+0000] {processor.py:829} INFO - Processing file /home/airflow/.local/lib/python3.8/site-packages/airflow/example_dags/example_trigger_controller_dag.py for tasks to queue
[2023-08-31T15:33:43.891+0000] {logging_mixin.py:151} INFO - [2023-08-31T15:33:43.891+0000] {dagbag.py:539} INFO - Filling up the DagBag from /home/airflow/.local/lib/python3.8/site-packages/airflow/example_dags/example_trigger_controller_dag.py
[2023-08-31T15:33:43.899+0000] {processor.py:839} INFO - DAG(s) dict_keys(['example_trigger_controller_dag']) retrieved from /home/airflow/.local/lib/python3.8/site-packages/airflow/example_dags/example_trigger_controller_dag.py
[2023-08-31T15:33:43.925+0000] {logging_mixin.py:151} INFO - [2023-08-31T15:33:43.925+0000] {dag.py:2907} INFO - Sync 1 DAGs
[2023-08-31T15:33:43.947+0000] {logging_mixin.py:151} INFO - [2023-08-31T15:33:43.946+0000] {dag.py:3677} INFO - Setting next_dagrun for example_trigger_controller_dag to 2021-01-01T00:00:00+00:00, run_after=2021-01-01T00:00:00+00:00
[2023-08-31T15:33:43.984+0000] {processor.py:179} INFO - Processing /home/airflow/.local/lib/python3.8/site-packages/airflow/example_dags/example_trigger_controller_dag.py took 0.100 seconds
[2023-08-31T15:34:14.277+0000] {processor.py:157} INFO - Started process (PID=8710) to work on /home/airflow/.local/lib/python3.8/site-packages/airflow/example_dags/example_trigger_controller_dag.py
[2023-08-31T15:34:14.279+0000] {processor.py:829} INFO - Processing file /home/airflow/.local/lib/python3.8/site-packages/airflow/example_dags/example_trigger_controller_dag.py for tasks to queue
[2023-08-31T15:34:14.280+0000] {logging_mixin.py:151} INFO - [2023-08-31T15:34:14.280+0000] {dagbag.py:539} INFO - Filling up the DagBag from /home/airflow/.local/lib/python3.8/site-packages/airflow/example_dags/example_trigger_controller_dag.py
[2023-08-31T15:34:14.284+0000] {processor.py:839} INFO - DAG(s) dict_keys(['example_trigger_controller_dag']) retrieved from /home/airflow/.local/lib/python3.8/site-packages/airflow/example_dags/example_trigger_controller_dag.py
[2023-08-31T15:34:14.299+0000] {logging_mixin.py:151} INFO - [2023-08-31T15:34:14.299+0000] {dag.py:2907} INFO - Sync 1 DAGs
[2023-08-31T15:34:14.314+0000] {logging_mixin.py:151} INFO - [2023-08-31T15:34:14.314+0000] {dag.py:3677} INFO - Setting next_dagrun for example_trigger_controller_dag to 2021-01-01T00:00:00+00:00, run_after=2021-01-01T00:00:00+00:00
[2023-08-31T15:34:14.326+0000] {processor.py:179} INFO - Processing /home/airflow/.local/lib/python3.8/site-packages/airflow/example_dags/example_trigger_controller_dag.py took 0.051 seconds
[2023-08-31T15:34:44.605+0000] {processor.py:157} INFO - Started process (PID=8950) to work on /home/airflow/.local/lib/python3.8/site-packages/airflow/example_dags/example_trigger_controller_dag.py
[2023-08-31T15:34:44.606+0000] {processor.py:829} INFO - Processing file /home/airflow/.local/lib/python3.8/site-packages/airflow/example_dags/example_trigger_controller_dag.py for tasks to queue
[2023-08-31T15:34:44.607+0000] {logging_mixin.py:151} INFO - [2023-08-31T15:34:44.607+0000] {dagbag.py:539} INFO - Filling up the DagBag from /home/airflow/.local/lib/python3.8/site-packages/airflow/example_dags/example_trigger_controller_dag.py
[2023-08-31T15:34:44.611+0000] {processor.py:839} INFO - DAG(s) dict_keys(['example_trigger_controller_dag']) retrieved from /home/airflow/.local/lib/python3.8/site-packages/airflow/example_dags/example_trigger_controller_dag.py
[2023-08-31T15:34:44.626+0000] {logging_mixin.py:151} INFO - [2023-08-31T15:34:44.626+0000] {dag.py:2907} INFO - Sync 1 DAGs
[2023-08-31T15:34:44.640+0000] {logging_mixin.py:151} INFO - [2023-08-31T15:34:44.640+0000] {dag.py:3677} INFO - Setting next_dagrun for example_trigger_controller_dag to 2021-01-01T00:00:00+00:00, run_after=2021-01-01T00:00:00+00:00
[2023-08-31T15:34:44.651+0000] {processor.py:179} INFO - Processing /home/airflow/.local/lib/python3.8/site-packages/airflow/example_dags/example_trigger_controller_dag.py took 0.049 seconds
[2023-08-31T15:35:14.999+0000] {processor.py:157} INFO - Started process (PID=9192) to work on /home/airflow/.local/lib/python3.8/site-packages/airflow/example_dags/example_trigger_controller_dag.py
[2023-08-31T15:35:15.000+0000] {processor.py:829} INFO - Processing file /home/airflow/.local/lib/python3.8/site-packages/airflow/example_dags/example_trigger_controller_dag.py for tasks to queue
[2023-08-31T15:35:15.001+0000] {logging_mixin.py:151} INFO - [2023-08-31T15:35:15.001+0000] {dagbag.py:539} INFO - Filling up the DagBag from /home/airflow/.local/lib/python3.8/site-packages/airflow/example_dags/example_trigger_controller_dag.py
[2023-08-31T15:35:15.005+0000] {processor.py:839} INFO - DAG(s) dict_keys(['example_trigger_controller_dag']) retrieved from /home/airflow/.local/lib/python3.8/site-packages/airflow/example_dags/example_trigger_controller_dag.py
[2023-08-31T15:35:15.020+0000] {logging_mixin.py:151} INFO - [2023-08-31T15:35:15.020+0000] {dag.py:2907} INFO - Sync 1 DAGs
[2023-08-31T15:35:15.034+0000] {logging_mixin.py:151} INFO - [2023-08-31T15:35:15.034+0000] {dag.py:3677} INFO - Setting next_dagrun for example_trigger_controller_dag to 2021-01-01T00:00:00+00:00, run_after=2021-01-01T00:00:00+00:00
[2023-08-31T15:35:15.045+0000] {processor.py:179} INFO - Processing /home/airflow/.local/lib/python3.8/site-packages/airflow/example_dags/example_trigger_controller_dag.py took 0.048 seconds
[2023-08-31T15:35:45.359+0000] {processor.py:157} INFO - Started process (PID=9433) to work on /home/airflow/.local/lib/python3.8/site-packages/airflow/example_dags/example_trigger_controller_dag.py
[2023-08-31T15:35:45.361+0000] {processor.py:829} INFO - Processing file /home/airflow/.local/lib/python3.8/site-packages/airflow/example_dags/example_trigger_controller_dag.py for tasks to queue
[2023-08-31T15:35:45.362+0000] {logging_mixin.py:151} INFO - [2023-08-31T15:35:45.361+0000] {dagbag.py:539} INFO - Filling up the DagBag from /home/airflow/.local/lib/python3.8/site-packages/airflow/example_dags/example_trigger_controller_dag.py
[2023-08-31T15:35:45.366+0000] {processor.py:839} INFO - DAG(s) dict_keys(['example_trigger_controller_dag']) retrieved from /home/airflow/.local/lib/python3.8/site-packages/airflow/example_dags/example_trigger_controller_dag.py
[2023-08-31T15:35:45.380+0000] {logging_mixin.py:151} INFO - [2023-08-31T15:35:45.380+0000] {dag.py:2907} INFO - Sync 1 DAGs
[2023-08-31T15:35:45.396+0000] {logging_mixin.py:151} INFO - [2023-08-31T15:35:45.395+0000] {dag.py:3677} INFO - Setting next_dagrun for example_trigger_controller_dag to 2021-01-01T00:00:00+00:00, run_after=2021-01-01T00:00:00+00:00
[2023-08-31T15:35:45.406+0000] {processor.py:179} INFO - Processing /home/airflow/.local/lib/python3.8/site-packages/airflow/example_dags/example_trigger_controller_dag.py took 0.050 seconds
[2023-08-31T15:36:15.722+0000] {processor.py:157} INFO - Started process (PID=9672) to work on /home/airflow/.local/lib/python3.8/site-packages/airflow/example_dags/example_trigger_controller_dag.py
[2023-08-31T15:36:15.724+0000] {processor.py:829} INFO - Processing file /home/airflow/.local/lib/python3.8/site-packages/airflow/example_dags/example_trigger_controller_dag.py for tasks to queue
[2023-08-31T15:36:15.725+0000] {logging_mixin.py:151} INFO - [2023-08-31T15:36:15.725+0000] {dagbag.py:539} INFO - Filling up the DagBag from /home/airflow/.local/lib/python3.8/site-packages/airflow/example_dags/example_trigger_controller_dag.py
[2023-08-31T15:36:15.729+0000] {processor.py:839} INFO - DAG(s) dict_keys(['example_trigger_controller_dag']) retrieved from /home/airflow/.local/lib/python3.8/site-packages/airflow/example_dags/example_trigger_controller_dag.py
[2023-08-31T15:36:15.743+0000] {logging_mixin.py:151} INFO - [2023-08-31T15:36:15.743+0000] {dag.py:2907} INFO - Sync 1 DAGs
[2023-08-31T15:36:15.756+0000] {logging_mixin.py:151} INFO - [2023-08-31T15:36:15.756+0000] {dag.py:3677} INFO - Setting next_dagrun for example_trigger_controller_dag to 2021-01-01T00:00:00+00:00, run_after=2021-01-01T00:00:00+00:00
[2023-08-31T15:36:15.766+0000] {processor.py:179} INFO - Processing /home/airflow/.local/lib/python3.8/site-packages/airflow/example_dags/example_trigger_controller_dag.py took 0.047 seconds
[2023-08-31T15:36:46.061+0000] {processor.py:157} INFO - Started process (PID=9912) to work on /home/airflow/.local/lib/python3.8/site-packages/airflow/example_dags/example_trigger_controller_dag.py
[2023-08-31T15:36:46.062+0000] {processor.py:829} INFO - Processing file /home/airflow/.local/lib/python3.8/site-packages/airflow/example_dags/example_trigger_controller_dag.py for tasks to queue
[2023-08-31T15:36:46.063+0000] {logging_mixin.py:151} INFO - [2023-08-31T15:36:46.063+0000] {dagbag.py:539} INFO - Filling up the DagBag from /home/airflow/.local/lib/python3.8/site-packages/airflow/example_dags/example_trigger_controller_dag.py
[2023-08-31T15:36:46.068+0000] {processor.py:839} INFO - DAG(s) dict_keys(['example_trigger_controller_dag']) retrieved from /home/airflow/.local/lib/python3.8/site-packages/airflow/example_dags/example_trigger_controller_dag.py
[2023-08-31T15:36:46.083+0000] {logging_mixin.py:151} INFO - [2023-08-31T15:36:46.083+0000] {dag.py:2907} INFO - Sync 1 DAGs
[2023-08-31T15:36:46.096+0000] {logging_mixin.py:151} INFO - [2023-08-31T15:36:46.096+0000] {dag.py:3677} INFO - Setting next_dagrun for example_trigger_controller_dag to 2021-01-01T00:00:00+00:00, run_after=2021-01-01T00:00:00+00:00
[2023-08-31T15:36:46.109+0000] {processor.py:179} INFO - Processing /home/airflow/.local/lib/python3.8/site-packages/airflow/example_dags/example_trigger_controller_dag.py took 0.051 seconds
[2023-08-31T15:37:16.359+0000] {processor.py:157} INFO - Started process (PID=10151) to work on /home/airflow/.local/lib/python3.8/site-packages/airflow/example_dags/example_trigger_controller_dag.py
[2023-08-31T15:37:16.360+0000] {processor.py:829} INFO - Processing file /home/airflow/.local/lib/python3.8/site-packages/airflow/example_dags/example_trigger_controller_dag.py for tasks to queue
[2023-08-31T15:37:16.361+0000] {logging_mixin.py:151} INFO - [2023-08-31T15:37:16.361+0000] {dagbag.py:539} INFO - Filling up the DagBag from /home/airflow/.local/lib/python3.8/site-packages/airflow/example_dags/example_trigger_controller_dag.py
[2023-08-31T15:37:16.365+0000] {processor.py:839} INFO - DAG(s) dict_keys(['example_trigger_controller_dag']) retrieved from /home/airflow/.local/lib/python3.8/site-packages/airflow/example_dags/example_trigger_controller_dag.py
[2023-08-31T15:37:16.380+0000] {logging_mixin.py:151} INFO - [2023-08-31T15:37:16.380+0000] {dag.py:2907} INFO - Sync 1 DAGs
[2023-08-31T15:37:16.393+0000] {logging_mixin.py:151} INFO - [2023-08-31T15:37:16.393+0000] {dag.py:3677} INFO - Setting next_dagrun for example_trigger_controller_dag to 2021-01-01T00:00:00+00:00, run_after=2021-01-01T00:00:00+00:00
[2023-08-31T15:37:16.404+0000] {processor.py:179} INFO - Processing /home/airflow/.local/lib/python3.8/site-packages/airflow/example_dags/example_trigger_controller_dag.py took 0.047 seconds
[2023-08-31T15:37:46.680+0000] {processor.py:157} INFO - Started process (PID=10392) to work on /home/airflow/.local/lib/python3.8/site-packages/airflow/example_dags/example_trigger_controller_dag.py
[2023-08-31T15:37:46.681+0000] {processor.py:829} INFO - Processing file /home/airflow/.local/lib/python3.8/site-packages/airflow/example_dags/example_trigger_controller_dag.py for tasks to queue
[2023-08-31T15:37:46.682+0000] {logging_mixin.py:151} INFO - [2023-08-31T15:37:46.682+0000] {dagbag.py:539} INFO - Filling up the DagBag from /home/airflow/.local/lib/python3.8/site-packages/airflow/example_dags/example_trigger_controller_dag.py
[2023-08-31T15:37:46.686+0000] {processor.py:839} INFO - DAG(s) dict_keys(['example_trigger_controller_dag']) retrieved from /home/airflow/.local/lib/python3.8/site-packages/airflow/example_dags/example_trigger_controller_dag.py
[2023-08-31T15:37:46.703+0000] {logging_mixin.py:151} INFO - [2023-08-31T15:37:46.703+0000] {dag.py:2907} INFO - Sync 1 DAGs
[2023-08-31T15:37:46.719+0000] {logging_mixin.py:151} INFO - [2023-08-31T15:37:46.718+0000] {dag.py:3677} INFO - Setting next_dagrun for example_trigger_controller_dag to 2021-01-01T00:00:00+00:00, run_after=2021-01-01T00:00:00+00:00
[2023-08-31T15:37:46.729+0000] {processor.py:179} INFO - Processing /home/airflow/.local/lib/python3.8/site-packages/airflow/example_dags/example_trigger_controller_dag.py took 0.052 seconds
