[2023-08-31T15:16:29.552+0000] {processor.py:157} INFO - Started process (PID=282) to work on /home/airflow/.local/lib/python3.8/site-packages/airflow/example_dags/example_time_delta_sensor_async.py
[2023-08-31T15:16:29.553+0000] {processor.py:829} INFO - Processing file /home/airflow/.local/lib/python3.8/site-packages/airflow/example_dags/example_time_delta_sensor_async.py for tasks to queue
[2023-08-31T15:16:29.554+0000] {logging_mixin.py:151} INFO - [2023-08-31T15:16:29.554+0000] {dagbag.py:539} INFO - Filling up the DagBag from /home/airflow/.local/lib/python3.8/site-packages/airflow/example_dags/example_time_delta_sensor_async.py
[2023-08-31T15:16:29.559+0000] {processor.py:839} INFO - DAG(s) dict_keys(['example_time_delta_sensor_async']) retrieved from /home/airflow/.local/lib/python3.8/site-packages/airflow/example_dags/example_time_delta_sensor_async.py
[2023-08-31T15:16:29.569+0000] {logging_mixin.py:151} INFO - [2023-08-31T15:16:29.569+0000] {dag.py:2907} INFO - Sync 1 DAGs
[2023-08-31T15:16:29.580+0000] {logging_mixin.py:151} INFO - [2023-08-31T15:16:29.580+0000] {dag.py:3677} INFO - Setting next_dagrun for example_time_delta_sensor_async to None, run_after=None
[2023-08-31T15:16:29.596+0000] {processor.py:179} INFO - Processing /home/airflow/.local/lib/python3.8/site-packages/airflow/example_dags/example_time_delta_sensor_async.py took 0.046 seconds
[2023-08-31T15:17:00.557+0000] {processor.py:157} INFO - Started process (PID=527) to work on /home/airflow/.local/lib/python3.8/site-packages/airflow/example_dags/example_time_delta_sensor_async.py
[2023-08-31T15:17:00.559+0000] {processor.py:829} INFO - Processing file /home/airflow/.local/lib/python3.8/site-packages/airflow/example_dags/example_time_delta_sensor_async.py for tasks to queue
[2023-08-31T15:17:00.560+0000] {logging_mixin.py:151} INFO - [2023-08-31T15:17:00.559+0000] {dagbag.py:539} INFO - Filling up the DagBag from /home/airflow/.local/lib/python3.8/site-packages/airflow/example_dags/example_time_delta_sensor_async.py
[2023-08-31T15:17:00.564+0000] {processor.py:839} INFO - DAG(s) dict_keys(['example_time_delta_sensor_async']) retrieved from /home/airflow/.local/lib/python3.8/site-packages/airflow/example_dags/example_time_delta_sensor_async.py
[2023-08-31T15:17:00.579+0000] {logging_mixin.py:151} INFO - [2023-08-31T15:17:00.579+0000] {dag.py:2907} INFO - Sync 1 DAGs
[2023-08-31T15:17:00.590+0000] {logging_mixin.py:151} INFO - [2023-08-31T15:17:00.589+0000] {dag.py:3677} INFO - Setting next_dagrun for example_time_delta_sensor_async to None, run_after=None
[2023-08-31T15:17:00.601+0000] {processor.py:179} INFO - Processing /home/airflow/.local/lib/python3.8/site-packages/airflow/example_dags/example_time_delta_sensor_async.py took 0.047 seconds
[2023-08-31T15:17:31.567+0000] {processor.py:157} INFO - Started process (PID=768) to work on /home/airflow/.local/lib/python3.8/site-packages/airflow/example_dags/example_time_delta_sensor_async.py
[2023-08-31T15:17:31.569+0000] {processor.py:829} INFO - Processing file /home/airflow/.local/lib/python3.8/site-packages/airflow/example_dags/example_time_delta_sensor_async.py for tasks to queue
[2023-08-31T15:17:31.570+0000] {logging_mixin.py:151} INFO - [2023-08-31T15:17:31.570+0000] {dagbag.py:539} INFO - Filling up the DagBag from /home/airflow/.local/lib/python3.8/site-packages/airflow/example_dags/example_time_delta_sensor_async.py
[2023-08-31T15:17:31.574+0000] {processor.py:839} INFO - DAG(s) dict_keys(['example_time_delta_sensor_async']) retrieved from /home/airflow/.local/lib/python3.8/site-packages/airflow/example_dags/example_time_delta_sensor_async.py
[2023-08-31T15:17:31.587+0000] {logging_mixin.py:151} INFO - [2023-08-31T15:17:31.587+0000] {dag.py:2907} INFO - Sync 1 DAGs
[2023-08-31T15:17:31.594+0000] {logging_mixin.py:151} INFO - [2023-08-31T15:17:31.594+0000] {dag.py:3677} INFO - Setting next_dagrun for example_time_delta_sensor_async to None, run_after=None
[2023-08-31T15:17:31.604+0000] {processor.py:179} INFO - Processing /home/airflow/.local/lib/python3.8/site-packages/airflow/example_dags/example_time_delta_sensor_async.py took 0.039 seconds
[2023-08-31T15:18:02.174+0000] {processor.py:157} INFO - Started process (PID=1007) to work on /home/airflow/.local/lib/python3.8/site-packages/airflow/example_dags/example_time_delta_sensor_async.py
[2023-08-31T15:18:02.176+0000] {processor.py:829} INFO - Processing file /home/airflow/.local/lib/python3.8/site-packages/airflow/example_dags/example_time_delta_sensor_async.py for tasks to queue
[2023-08-31T15:18:02.177+0000] {logging_mixin.py:151} INFO - [2023-08-31T15:18:02.177+0000] {dagbag.py:539} INFO - Filling up the DagBag from /home/airflow/.local/lib/python3.8/site-packages/airflow/example_dags/example_time_delta_sensor_async.py
[2023-08-31T15:18:02.181+0000] {processor.py:839} INFO - DAG(s) dict_keys(['example_time_delta_sensor_async']) retrieved from /home/airflow/.local/lib/python3.8/site-packages/airflow/example_dags/example_time_delta_sensor_async.py
[2023-08-31T15:18:02.197+0000] {logging_mixin.py:151} INFO - [2023-08-31T15:18:02.197+0000] {dag.py:2907} INFO - Sync 1 DAGs
[2023-08-31T15:18:02.206+0000] {logging_mixin.py:151} INFO - [2023-08-31T15:18:02.206+0000] {dag.py:3677} INFO - Setting next_dagrun for example_time_delta_sensor_async to None, run_after=None
[2023-08-31T15:18:02.217+0000] {processor.py:179} INFO - Processing /home/airflow/.local/lib/python3.8/site-packages/airflow/example_dags/example_time_delta_sensor_async.py took 0.045 seconds
[2023-08-31T15:18:32.842+0000] {processor.py:157} INFO - Started process (PID=1272) to work on /home/airflow/.local/lib/python3.8/site-packages/airflow/example_dags/example_time_delta_sensor_async.py
[2023-08-31T15:18:32.843+0000] {processor.py:829} INFO - Processing file /home/airflow/.local/lib/python3.8/site-packages/airflow/example_dags/example_time_delta_sensor_async.py for tasks to queue
[2023-08-31T15:18:32.844+0000] {logging_mixin.py:151} INFO - [2023-08-31T15:18:32.844+0000] {dagbag.py:539} INFO - Filling up the DagBag from /home/airflow/.local/lib/python3.8/site-packages/airflow/example_dags/example_time_delta_sensor_async.py
[2023-08-31T15:18:32.848+0000] {processor.py:839} INFO - DAG(s) dict_keys(['example_time_delta_sensor_async']) retrieved from /home/airflow/.local/lib/python3.8/site-packages/airflow/example_dags/example_time_delta_sensor_async.py
[2023-08-31T15:18:32.861+0000] {logging_mixin.py:151} INFO - [2023-08-31T15:18:32.861+0000] {dag.py:2907} INFO - Sync 1 DAGs
[2023-08-31T15:18:32.869+0000] {logging_mixin.py:151} INFO - [2023-08-31T15:18:32.869+0000] {dag.py:3677} INFO - Setting next_dagrun for example_time_delta_sensor_async to None, run_after=None
[2023-08-31T15:18:32.878+0000] {processor.py:179} INFO - Processing /home/airflow/.local/lib/python3.8/site-packages/airflow/example_dags/example_time_delta_sensor_async.py took 0.039 seconds
[2023-08-31T15:19:03.405+0000] {processor.py:157} INFO - Started process (PID=1509) to work on /home/airflow/.local/lib/python3.8/site-packages/airflow/example_dags/example_time_delta_sensor_async.py
[2023-08-31T15:19:03.407+0000] {processor.py:829} INFO - Processing file /home/airflow/.local/lib/python3.8/site-packages/airflow/example_dags/example_time_delta_sensor_async.py for tasks to queue
[2023-08-31T15:19:03.408+0000] {logging_mixin.py:151} INFO - [2023-08-31T15:19:03.408+0000] {dagbag.py:539} INFO - Filling up the DagBag from /home/airflow/.local/lib/python3.8/site-packages/airflow/example_dags/example_time_delta_sensor_async.py
[2023-08-31T15:19:03.412+0000] {processor.py:839} INFO - DAG(s) dict_keys(['example_time_delta_sensor_async']) retrieved from /home/airflow/.local/lib/python3.8/site-packages/airflow/example_dags/example_time_delta_sensor_async.py
[2023-08-31T15:19:03.430+0000] {logging_mixin.py:151} INFO - [2023-08-31T15:19:03.430+0000] {dag.py:2907} INFO - Sync 1 DAGs
[2023-08-31T15:19:03.439+0000] {logging_mixin.py:151} INFO - [2023-08-31T15:19:03.439+0000] {dag.py:3677} INFO - Setting next_dagrun for example_time_delta_sensor_async to None, run_after=None
[2023-08-31T15:19:03.450+0000] {processor.py:179} INFO - Processing /home/airflow/.local/lib/python3.8/site-packages/airflow/example_dags/example_time_delta_sensor_async.py took 0.048 seconds
[2023-08-31T15:19:33.761+0000] {processor.py:157} INFO - Started process (PID=1750) to work on /home/airflow/.local/lib/python3.8/site-packages/airflow/example_dags/example_time_delta_sensor_async.py
[2023-08-31T15:19:33.762+0000] {processor.py:829} INFO - Processing file /home/airflow/.local/lib/python3.8/site-packages/airflow/example_dags/example_time_delta_sensor_async.py for tasks to queue
[2023-08-31T15:19:33.763+0000] {logging_mixin.py:151} INFO - [2023-08-31T15:19:33.763+0000] {dagbag.py:539} INFO - Filling up the DagBag from /home/airflow/.local/lib/python3.8/site-packages/airflow/example_dags/example_time_delta_sensor_async.py
[2023-08-31T15:19:33.767+0000] {processor.py:839} INFO - DAG(s) dict_keys(['example_time_delta_sensor_async']) retrieved from /home/airflow/.local/lib/python3.8/site-packages/airflow/example_dags/example_time_delta_sensor_async.py
[2023-08-31T15:19:33.783+0000] {logging_mixin.py:151} INFO - [2023-08-31T15:19:33.783+0000] {dag.py:2907} INFO - Sync 1 DAGs
[2023-08-31T15:19:33.791+0000] {logging_mixin.py:151} INFO - [2023-08-31T15:19:33.791+0000] {dag.py:3677} INFO - Setting next_dagrun for example_time_delta_sensor_async to None, run_after=None
[2023-08-31T15:19:33.802+0000] {processor.py:179} INFO - Processing /home/airflow/.local/lib/python3.8/site-packages/airflow/example_dags/example_time_delta_sensor_async.py took 0.044 seconds
[2023-08-31T15:20:04.047+0000] {processor.py:157} INFO - Started process (PID=1992) to work on /home/airflow/.local/lib/python3.8/site-packages/airflow/example_dags/example_time_delta_sensor_async.py
[2023-08-31T15:20:04.049+0000] {processor.py:829} INFO - Processing file /home/airflow/.local/lib/python3.8/site-packages/airflow/example_dags/example_time_delta_sensor_async.py for tasks to queue
[2023-08-31T15:20:04.050+0000] {logging_mixin.py:151} INFO - [2023-08-31T15:20:04.050+0000] {dagbag.py:539} INFO - Filling up the DagBag from /home/airflow/.local/lib/python3.8/site-packages/airflow/example_dags/example_time_delta_sensor_async.py
[2023-08-31T15:20:04.054+0000] {processor.py:839} INFO - DAG(s) dict_keys(['example_time_delta_sensor_async']) retrieved from /home/airflow/.local/lib/python3.8/site-packages/airflow/example_dags/example_time_delta_sensor_async.py
[2023-08-31T15:20:04.068+0000] {logging_mixin.py:151} INFO - [2023-08-31T15:20:04.068+0000] {dag.py:2907} INFO - Sync 1 DAGs
[2023-08-31T15:20:04.077+0000] {logging_mixin.py:151} INFO - [2023-08-31T15:20:04.077+0000] {dag.py:3677} INFO - Setting next_dagrun for example_time_delta_sensor_async to None, run_after=None
[2023-08-31T15:20:04.088+0000] {processor.py:179} INFO - Processing /home/airflow/.local/lib/python3.8/site-packages/airflow/example_dags/example_time_delta_sensor_async.py took 0.043 seconds
[2023-08-31T15:20:34.367+0000] {processor.py:157} INFO - Started process (PID=2229) to work on /home/airflow/.local/lib/python3.8/site-packages/airflow/example_dags/example_time_delta_sensor_async.py
[2023-08-31T15:20:34.369+0000] {processor.py:829} INFO - Processing file /home/airflow/.local/lib/python3.8/site-packages/airflow/example_dags/example_time_delta_sensor_async.py for tasks to queue
[2023-08-31T15:20:34.370+0000] {logging_mixin.py:151} INFO - [2023-08-31T15:20:34.370+0000] {dagbag.py:539} INFO - Filling up the DagBag from /home/airflow/.local/lib/python3.8/site-packages/airflow/example_dags/example_time_delta_sensor_async.py
[2023-08-31T15:20:34.373+0000] {processor.py:839} INFO - DAG(s) dict_keys(['example_time_delta_sensor_async']) retrieved from /home/airflow/.local/lib/python3.8/site-packages/airflow/example_dags/example_time_delta_sensor_async.py
[2023-08-31T15:20:34.389+0000] {logging_mixin.py:151} INFO - [2023-08-31T15:20:34.389+0000] {dag.py:2907} INFO - Sync 1 DAGs
[2023-08-31T15:20:34.398+0000] {logging_mixin.py:151} INFO - [2023-08-31T15:20:34.398+0000] {dag.py:3677} INFO - Setting next_dagrun for example_time_delta_sensor_async to None, run_after=None
[2023-08-31T15:20:34.411+0000] {processor.py:179} INFO - Processing /home/airflow/.local/lib/python3.8/site-packages/airflow/example_dags/example_time_delta_sensor_async.py took 0.046 seconds
[2023-08-31T15:21:04.602+0000] {processor.py:157} INFO - Started process (PID=2470) to work on /home/airflow/.local/lib/python3.8/site-packages/airflow/example_dags/example_time_delta_sensor_async.py
[2023-08-31T15:21:04.603+0000] {processor.py:829} INFO - Processing file /home/airflow/.local/lib/python3.8/site-packages/airflow/example_dags/example_time_delta_sensor_async.py for tasks to queue
[2023-08-31T15:21:04.604+0000] {logging_mixin.py:151} INFO - [2023-08-31T15:21:04.604+0000] {dagbag.py:539} INFO - Filling up the DagBag from /home/airflow/.local/lib/python3.8/site-packages/airflow/example_dags/example_time_delta_sensor_async.py
[2023-08-31T15:21:04.609+0000] {processor.py:839} INFO - DAG(s) dict_keys(['example_time_delta_sensor_async']) retrieved from /home/airflow/.local/lib/python3.8/site-packages/airflow/example_dags/example_time_delta_sensor_async.py
[2023-08-31T15:21:04.625+0000] {logging_mixin.py:151} INFO - [2023-08-31T15:21:04.625+0000] {dag.py:2907} INFO - Sync 1 DAGs
[2023-08-31T15:21:04.634+0000] {logging_mixin.py:151} INFO - [2023-08-31T15:21:04.634+0000] {dag.py:3677} INFO - Setting next_dagrun for example_time_delta_sensor_async to None, run_after=None
[2023-08-31T15:21:04.647+0000] {processor.py:179} INFO - Processing /home/airflow/.local/lib/python3.8/site-packages/airflow/example_dags/example_time_delta_sensor_async.py took 0.048 seconds
[2023-08-31T15:21:34.956+0000] {processor.py:157} INFO - Started process (PID=2712) to work on /home/airflow/.local/lib/python3.8/site-packages/airflow/example_dags/example_time_delta_sensor_async.py
[2023-08-31T15:21:34.957+0000] {processor.py:829} INFO - Processing file /home/airflow/.local/lib/python3.8/site-packages/airflow/example_dags/example_time_delta_sensor_async.py for tasks to queue
[2023-08-31T15:21:34.958+0000] {logging_mixin.py:151} INFO - [2023-08-31T15:21:34.958+0000] {dagbag.py:539} INFO - Filling up the DagBag from /home/airflow/.local/lib/python3.8/site-packages/airflow/example_dags/example_time_delta_sensor_async.py
[2023-08-31T15:21:34.962+0000] {processor.py:839} INFO - DAG(s) dict_keys(['example_time_delta_sensor_async']) retrieved from /home/airflow/.local/lib/python3.8/site-packages/airflow/example_dags/example_time_delta_sensor_async.py
[2023-08-31T15:21:34.978+0000] {logging_mixin.py:151} INFO - [2023-08-31T15:21:34.978+0000] {dag.py:2907} INFO - Sync 1 DAGs
[2023-08-31T15:21:34.986+0000] {logging_mixin.py:151} INFO - [2023-08-31T15:21:34.986+0000] {dag.py:3677} INFO - Setting next_dagrun for example_time_delta_sensor_async to None, run_after=None
[2023-08-31T15:21:34.997+0000] {processor.py:179} INFO - Processing /home/airflow/.local/lib/python3.8/site-packages/airflow/example_dags/example_time_delta_sensor_async.py took 0.044 seconds
[2023-08-31T15:22:05.270+0000] {processor.py:157} INFO - Started process (PID=2952) to work on /home/airflow/.local/lib/python3.8/site-packages/airflow/example_dags/example_time_delta_sensor_async.py
[2023-08-31T15:22:05.271+0000] {processor.py:829} INFO - Processing file /home/airflow/.local/lib/python3.8/site-packages/airflow/example_dags/example_time_delta_sensor_async.py for tasks to queue
[2023-08-31T15:22:05.272+0000] {logging_mixin.py:151} INFO - [2023-08-31T15:22:05.272+0000] {dagbag.py:539} INFO - Filling up the DagBag from /home/airflow/.local/lib/python3.8/site-packages/airflow/example_dags/example_time_delta_sensor_async.py
[2023-08-31T15:22:05.276+0000] {processor.py:839} INFO - DAG(s) dict_keys(['example_time_delta_sensor_async']) retrieved from /home/airflow/.local/lib/python3.8/site-packages/airflow/example_dags/example_time_delta_sensor_async.py
[2023-08-31T15:22:05.293+0000] {logging_mixin.py:151} INFO - [2023-08-31T15:22:05.293+0000] {dag.py:2907} INFO - Sync 1 DAGs
[2023-08-31T15:22:05.301+0000] {logging_mixin.py:151} INFO - [2023-08-31T15:22:05.301+0000] {dag.py:3677} INFO - Setting next_dagrun for example_time_delta_sensor_async to None, run_after=None
[2023-08-31T15:22:05.313+0000] {processor.py:179} INFO - Processing /home/airflow/.local/lib/python3.8/site-packages/airflow/example_dags/example_time_delta_sensor_async.py took 0.046 seconds
[2023-08-31T15:22:35.864+0000] {processor.py:157} INFO - Started process (PID=3192) to work on /home/airflow/.local/lib/python3.8/site-packages/airflow/example_dags/example_time_delta_sensor_async.py
[2023-08-31T15:22:35.866+0000] {processor.py:829} INFO - Processing file /home/airflow/.local/lib/python3.8/site-packages/airflow/example_dags/example_time_delta_sensor_async.py for tasks to queue
[2023-08-31T15:22:35.868+0000] {logging_mixin.py:151} INFO - [2023-08-31T15:22:35.868+0000] {dagbag.py:539} INFO - Filling up the DagBag from /home/airflow/.local/lib/python3.8/site-packages/airflow/example_dags/example_time_delta_sensor_async.py
[2023-08-31T15:22:35.872+0000] {processor.py:839} INFO - DAG(s) dict_keys(['example_time_delta_sensor_async']) retrieved from /home/airflow/.local/lib/python3.8/site-packages/airflow/example_dags/example_time_delta_sensor_async.py
[2023-08-31T15:22:35.893+0000] {logging_mixin.py:151} INFO - [2023-08-31T15:22:35.893+0000] {dag.py:2907} INFO - Sync 1 DAGs
[2023-08-31T15:22:35.904+0000] {logging_mixin.py:151} INFO - [2023-08-31T15:22:35.904+0000] {dag.py:3677} INFO - Setting next_dagrun for example_time_delta_sensor_async to None, run_after=None
[2023-08-31T15:22:35.915+0000] {processor.py:179} INFO - Processing /home/airflow/.local/lib/python3.8/site-packages/airflow/example_dags/example_time_delta_sensor_async.py took 0.054 seconds
[2023-08-31T15:23:06.473+0000] {processor.py:157} INFO - Started process (PID=3434) to work on /home/airflow/.local/lib/python3.8/site-packages/airflow/example_dags/example_time_delta_sensor_async.py
[2023-08-31T15:23:06.474+0000] {processor.py:829} INFO - Processing file /home/airflow/.local/lib/python3.8/site-packages/airflow/example_dags/example_time_delta_sensor_async.py for tasks to queue
[2023-08-31T15:23:06.475+0000] {logging_mixin.py:151} INFO - [2023-08-31T15:23:06.475+0000] {dagbag.py:539} INFO - Filling up the DagBag from /home/airflow/.local/lib/python3.8/site-packages/airflow/example_dags/example_time_delta_sensor_async.py
[2023-08-31T15:23:06.479+0000] {processor.py:839} INFO - DAG(s) dict_keys(['example_time_delta_sensor_async']) retrieved from /home/airflow/.local/lib/python3.8/site-packages/airflow/example_dags/example_time_delta_sensor_async.py
[2023-08-31T15:23:06.498+0000] {logging_mixin.py:151} INFO - [2023-08-31T15:23:06.498+0000] {dag.py:2907} INFO - Sync 1 DAGs
[2023-08-31T15:23:06.508+0000] {logging_mixin.py:151} INFO - [2023-08-31T15:23:06.508+0000] {dag.py:3677} INFO - Setting next_dagrun for example_time_delta_sensor_async to None, run_after=None
[2023-08-31T15:23:06.526+0000] {processor.py:179} INFO - Processing /home/airflow/.local/lib/python3.8/site-packages/airflow/example_dags/example_time_delta_sensor_async.py took 0.056 seconds
[2023-08-31T15:23:36.858+0000] {processor.py:157} INFO - Started process (PID=3676) to work on /home/airflow/.local/lib/python3.8/site-packages/airflow/example_dags/example_time_delta_sensor_async.py
[2023-08-31T15:23:36.859+0000] {processor.py:829} INFO - Processing file /home/airflow/.local/lib/python3.8/site-packages/airflow/example_dags/example_time_delta_sensor_async.py for tasks to queue
[2023-08-31T15:23:36.860+0000] {logging_mixin.py:151} INFO - [2023-08-31T15:23:36.860+0000] {dagbag.py:539} INFO - Filling up the DagBag from /home/airflow/.local/lib/python3.8/site-packages/airflow/example_dags/example_time_delta_sensor_async.py
[2023-08-31T15:23:36.864+0000] {processor.py:839} INFO - DAG(s) dict_keys(['example_time_delta_sensor_async']) retrieved from /home/airflow/.local/lib/python3.8/site-packages/airflow/example_dags/example_time_delta_sensor_async.py
[2023-08-31T15:23:36.879+0000] {logging_mixin.py:151} INFO - [2023-08-31T15:23:36.878+0000] {dag.py:2907} INFO - Sync 1 DAGs
[2023-08-31T15:23:36.886+0000] {logging_mixin.py:151} INFO - [2023-08-31T15:23:36.886+0000] {dag.py:3677} INFO - Setting next_dagrun for example_time_delta_sensor_async to None, run_after=None
[2023-08-31T15:23:36.898+0000] {processor.py:179} INFO - Processing /home/airflow/.local/lib/python3.8/site-packages/airflow/example_dags/example_time_delta_sensor_async.py took 0.042 seconds
[2023-08-31T15:24:07.175+0000] {processor.py:157} INFO - Started process (PID=3918) to work on /home/airflow/.local/lib/python3.8/site-packages/airflow/example_dags/example_time_delta_sensor_async.py
[2023-08-31T15:24:07.176+0000] {processor.py:829} INFO - Processing file /home/airflow/.local/lib/python3.8/site-packages/airflow/example_dags/example_time_delta_sensor_async.py for tasks to queue
[2023-08-31T15:24:07.177+0000] {logging_mixin.py:151} INFO - [2023-08-31T15:24:07.177+0000] {dagbag.py:539} INFO - Filling up the DagBag from /home/airflow/.local/lib/python3.8/site-packages/airflow/example_dags/example_time_delta_sensor_async.py
[2023-08-31T15:24:07.181+0000] {processor.py:839} INFO - DAG(s) dict_keys(['example_time_delta_sensor_async']) retrieved from /home/airflow/.local/lib/python3.8/site-packages/airflow/example_dags/example_time_delta_sensor_async.py
[2023-08-31T15:24:07.196+0000] {logging_mixin.py:151} INFO - [2023-08-31T15:24:07.196+0000] {dag.py:2907} INFO - Sync 1 DAGs
[2023-08-31T15:24:07.205+0000] {logging_mixin.py:151} INFO - [2023-08-31T15:24:07.205+0000] {dag.py:3677} INFO - Setting next_dagrun for example_time_delta_sensor_async to None, run_after=None
[2023-08-31T15:24:07.216+0000] {processor.py:179} INFO - Processing /home/airflow/.local/lib/python3.8/site-packages/airflow/example_dags/example_time_delta_sensor_async.py took 0.043 seconds
[2023-08-31T15:24:37.477+0000] {processor.py:157} INFO - Started process (PID=4158) to work on /home/airflow/.local/lib/python3.8/site-packages/airflow/example_dags/example_time_delta_sensor_async.py
[2023-08-31T15:24:37.479+0000] {processor.py:829} INFO - Processing file /home/airflow/.local/lib/python3.8/site-packages/airflow/example_dags/example_time_delta_sensor_async.py for tasks to queue
[2023-08-31T15:24:37.480+0000] {logging_mixin.py:151} INFO - [2023-08-31T15:24:37.480+0000] {dagbag.py:539} INFO - Filling up the DagBag from /home/airflow/.local/lib/python3.8/site-packages/airflow/example_dags/example_time_delta_sensor_async.py
[2023-08-31T15:24:37.484+0000] {processor.py:839} INFO - DAG(s) dict_keys(['example_time_delta_sensor_async']) retrieved from /home/airflow/.local/lib/python3.8/site-packages/airflow/example_dags/example_time_delta_sensor_async.py
[2023-08-31T15:24:37.499+0000] {logging_mixin.py:151} INFO - [2023-08-31T15:24:37.499+0000] {dag.py:2907} INFO - Sync 1 DAGs
[2023-08-31T15:24:37.507+0000] {logging_mixin.py:151} INFO - [2023-08-31T15:24:37.507+0000] {dag.py:3677} INFO - Setting next_dagrun for example_time_delta_sensor_async to None, run_after=None
[2023-08-31T15:24:37.520+0000] {processor.py:179} INFO - Processing /home/airflow/.local/lib/python3.8/site-packages/airflow/example_dags/example_time_delta_sensor_async.py took 0.044 seconds
[2023-08-31T15:25:07.786+0000] {processor.py:157} INFO - Started process (PID=4398) to work on /home/airflow/.local/lib/python3.8/site-packages/airflow/example_dags/example_time_delta_sensor_async.py
[2023-08-31T15:25:07.788+0000] {processor.py:829} INFO - Processing file /home/airflow/.local/lib/python3.8/site-packages/airflow/example_dags/example_time_delta_sensor_async.py for tasks to queue
[2023-08-31T15:25:07.789+0000] {logging_mixin.py:151} INFO - [2023-08-31T15:25:07.789+0000] {dagbag.py:539} INFO - Filling up the DagBag from /home/airflow/.local/lib/python3.8/site-packages/airflow/example_dags/example_time_delta_sensor_async.py
[2023-08-31T15:25:07.792+0000] {processor.py:839} INFO - DAG(s) dict_keys(['example_time_delta_sensor_async']) retrieved from /home/airflow/.local/lib/python3.8/site-packages/airflow/example_dags/example_time_delta_sensor_async.py
[2023-08-31T15:25:07.808+0000] {logging_mixin.py:151} INFO - [2023-08-31T15:25:07.808+0000] {dag.py:2907} INFO - Sync 1 DAGs
[2023-08-31T15:25:07.816+0000] {logging_mixin.py:151} INFO - [2023-08-31T15:25:07.816+0000] {dag.py:3677} INFO - Setting next_dagrun for example_time_delta_sensor_async to None, run_after=None
[2023-08-31T15:25:07.828+0000] {processor.py:179} INFO - Processing /home/airflow/.local/lib/python3.8/site-packages/airflow/example_dags/example_time_delta_sensor_async.py took 0.043 seconds
[2023-08-31T15:25:38.049+0000] {processor.py:157} INFO - Started process (PID=4635) to work on /home/airflow/.local/lib/python3.8/site-packages/airflow/example_dags/example_time_delta_sensor_async.py
[2023-08-31T15:25:38.051+0000] {processor.py:829} INFO - Processing file /home/airflow/.local/lib/python3.8/site-packages/airflow/example_dags/example_time_delta_sensor_async.py for tasks to queue
[2023-08-31T15:25:38.052+0000] {logging_mixin.py:151} INFO - [2023-08-31T15:25:38.052+0000] {dagbag.py:539} INFO - Filling up the DagBag from /home/airflow/.local/lib/python3.8/site-packages/airflow/example_dags/example_time_delta_sensor_async.py
[2023-08-31T15:25:38.056+0000] {processor.py:839} INFO - DAG(s) dict_keys(['example_time_delta_sensor_async']) retrieved from /home/airflow/.local/lib/python3.8/site-packages/airflow/example_dags/example_time_delta_sensor_async.py
[2023-08-31T15:25:38.071+0000] {logging_mixin.py:151} INFO - [2023-08-31T15:25:38.070+0000] {dag.py:2907} INFO - Sync 1 DAGs
[2023-08-31T15:25:38.079+0000] {logging_mixin.py:151} INFO - [2023-08-31T15:25:38.079+0000] {dag.py:3677} INFO - Setting next_dagrun for example_time_delta_sensor_async to None, run_after=None
[2023-08-31T15:25:38.090+0000] {processor.py:179} INFO - Processing /home/airflow/.local/lib/python3.8/site-packages/airflow/example_dags/example_time_delta_sensor_async.py took 0.043 seconds
[2023-08-31T15:26:08.355+0000] {processor.py:157} INFO - Started process (PID=4876) to work on /home/airflow/.local/lib/python3.8/site-packages/airflow/example_dags/example_time_delta_sensor_async.py
[2023-08-31T15:26:08.356+0000] {processor.py:829} INFO - Processing file /home/airflow/.local/lib/python3.8/site-packages/airflow/example_dags/example_time_delta_sensor_async.py for tasks to queue
[2023-08-31T15:26:08.357+0000] {logging_mixin.py:151} INFO - [2023-08-31T15:26:08.357+0000] {dagbag.py:539} INFO - Filling up the DagBag from /home/airflow/.local/lib/python3.8/site-packages/airflow/example_dags/example_time_delta_sensor_async.py
[2023-08-31T15:26:08.361+0000] {processor.py:839} INFO - DAG(s) dict_keys(['example_time_delta_sensor_async']) retrieved from /home/airflow/.local/lib/python3.8/site-packages/airflow/example_dags/example_time_delta_sensor_async.py
[2023-08-31T15:26:08.378+0000] {logging_mixin.py:151} INFO - [2023-08-31T15:26:08.378+0000] {dag.py:2907} INFO - Sync 1 DAGs
[2023-08-31T15:26:08.387+0000] {logging_mixin.py:151} INFO - [2023-08-31T15:26:08.386+0000] {dag.py:3677} INFO - Setting next_dagrun for example_time_delta_sensor_async to None, run_after=None
[2023-08-31T15:26:08.397+0000] {processor.py:179} INFO - Processing /home/airflow/.local/lib/python3.8/site-packages/airflow/example_dags/example_time_delta_sensor_async.py took 0.045 seconds
[2023-08-31T15:26:38.681+0000] {processor.py:157} INFO - Started process (PID=5117) to work on /home/airflow/.local/lib/python3.8/site-packages/airflow/example_dags/example_time_delta_sensor_async.py
[2023-08-31T15:26:38.682+0000] {processor.py:829} INFO - Processing file /home/airflow/.local/lib/python3.8/site-packages/airflow/example_dags/example_time_delta_sensor_async.py for tasks to queue
[2023-08-31T15:26:38.683+0000] {logging_mixin.py:151} INFO - [2023-08-31T15:26:38.683+0000] {dagbag.py:539} INFO - Filling up the DagBag from /home/airflow/.local/lib/python3.8/site-packages/airflow/example_dags/example_time_delta_sensor_async.py
[2023-08-31T15:26:38.687+0000] {processor.py:839} INFO - DAG(s) dict_keys(['example_time_delta_sensor_async']) retrieved from /home/airflow/.local/lib/python3.8/site-packages/airflow/example_dags/example_time_delta_sensor_async.py
[2023-08-31T15:26:38.703+0000] {logging_mixin.py:151} INFO - [2023-08-31T15:26:38.703+0000] {dag.py:2907} INFO - Sync 1 DAGs
[2023-08-31T15:26:38.711+0000] {logging_mixin.py:151} INFO - [2023-08-31T15:26:38.711+0000] {dag.py:3677} INFO - Setting next_dagrun for example_time_delta_sensor_async to None, run_after=None
[2023-08-31T15:26:38.722+0000] {processor.py:179} INFO - Processing /home/airflow/.local/lib/python3.8/site-packages/airflow/example_dags/example_time_delta_sensor_async.py took 0.044 seconds
[2023-08-31T15:27:09.015+0000] {processor.py:157} INFO - Started process (PID=5354) to work on /home/airflow/.local/lib/python3.8/site-packages/airflow/example_dags/example_time_delta_sensor_async.py
[2023-08-31T15:27:09.016+0000] {processor.py:829} INFO - Processing file /home/airflow/.local/lib/python3.8/site-packages/airflow/example_dags/example_time_delta_sensor_async.py for tasks to queue
[2023-08-31T15:27:09.017+0000] {logging_mixin.py:151} INFO - [2023-08-31T15:27:09.017+0000] {dagbag.py:539} INFO - Filling up the DagBag from /home/airflow/.local/lib/python3.8/site-packages/airflow/example_dags/example_time_delta_sensor_async.py
[2023-08-31T15:27:09.021+0000] {processor.py:839} INFO - DAG(s) dict_keys(['example_time_delta_sensor_async']) retrieved from /home/airflow/.local/lib/python3.8/site-packages/airflow/example_dags/example_time_delta_sensor_async.py
[2023-08-31T15:27:09.035+0000] {logging_mixin.py:151} INFO - [2023-08-31T15:27:09.035+0000] {dag.py:2907} INFO - Sync 1 DAGs
[2023-08-31T15:27:09.043+0000] {logging_mixin.py:151} INFO - [2023-08-31T15:27:09.043+0000] {dag.py:3677} INFO - Setting next_dagrun for example_time_delta_sensor_async to None, run_after=None
[2023-08-31T15:27:09.056+0000] {processor.py:179} INFO - Processing /home/airflow/.local/lib/python3.8/site-packages/airflow/example_dags/example_time_delta_sensor_async.py took 0.043 seconds
[2023-08-31T15:27:39.424+0000] {processor.py:157} INFO - Started process (PID=5596) to work on /home/airflow/.local/lib/python3.8/site-packages/airflow/example_dags/example_time_delta_sensor_async.py
[2023-08-31T15:27:39.425+0000] {processor.py:829} INFO - Processing file /home/airflow/.local/lib/python3.8/site-packages/airflow/example_dags/example_time_delta_sensor_async.py for tasks to queue
[2023-08-31T15:27:39.427+0000] {logging_mixin.py:151} INFO - [2023-08-31T15:27:39.426+0000] {dagbag.py:539} INFO - Filling up the DagBag from /home/airflow/.local/lib/python3.8/site-packages/airflow/example_dags/example_time_delta_sensor_async.py
[2023-08-31T15:27:39.431+0000] {processor.py:839} INFO - DAG(s) dict_keys(['example_time_delta_sensor_async']) retrieved from /home/airflow/.local/lib/python3.8/site-packages/airflow/example_dags/example_time_delta_sensor_async.py
[2023-08-31T15:27:39.450+0000] {logging_mixin.py:151} INFO - [2023-08-31T15:27:39.450+0000] {dag.py:2907} INFO - Sync 1 DAGs
[2023-08-31T15:27:39.459+0000] {logging_mixin.py:151} INFO - [2023-08-31T15:27:39.459+0000] {dag.py:3677} INFO - Setting next_dagrun for example_time_delta_sensor_async to None, run_after=None
[2023-08-31T15:27:39.472+0000] {processor.py:179} INFO - Processing /home/airflow/.local/lib/python3.8/site-packages/airflow/example_dags/example_time_delta_sensor_async.py took 0.051 seconds
[2023-08-31T15:28:09.694+0000] {processor.py:157} INFO - Started process (PID=5834) to work on /home/airflow/.local/lib/python3.8/site-packages/airflow/example_dags/example_time_delta_sensor_async.py
[2023-08-31T15:28:09.696+0000] {processor.py:829} INFO - Processing file /home/airflow/.local/lib/python3.8/site-packages/airflow/example_dags/example_time_delta_sensor_async.py for tasks to queue
[2023-08-31T15:28:09.697+0000] {logging_mixin.py:151} INFO - [2023-08-31T15:28:09.697+0000] {dagbag.py:539} INFO - Filling up the DagBag from /home/airflow/.local/lib/python3.8/site-packages/airflow/example_dags/example_time_delta_sensor_async.py
[2023-08-31T15:28:09.701+0000] {processor.py:839} INFO - DAG(s) dict_keys(['example_time_delta_sensor_async']) retrieved from /home/airflow/.local/lib/python3.8/site-packages/airflow/example_dags/example_time_delta_sensor_async.py
[2023-08-31T15:28:09.717+0000] {logging_mixin.py:151} INFO - [2023-08-31T15:28:09.717+0000] {dag.py:2907} INFO - Sync 1 DAGs
[2023-08-31T15:28:09.726+0000] {logging_mixin.py:151} INFO - [2023-08-31T15:28:09.726+0000] {dag.py:3677} INFO - Setting next_dagrun for example_time_delta_sensor_async to None, run_after=None
[2023-08-31T15:28:09.740+0000] {processor.py:179} INFO - Processing /home/airflow/.local/lib/python3.8/site-packages/airflow/example_dags/example_time_delta_sensor_async.py took 0.048 seconds
[2023-08-31T15:28:40.010+0000] {processor.py:157} INFO - Started process (PID=6075) to work on /home/airflow/.local/lib/python3.8/site-packages/airflow/example_dags/example_time_delta_sensor_async.py
[2023-08-31T15:28:40.012+0000] {processor.py:829} INFO - Processing file /home/airflow/.local/lib/python3.8/site-packages/airflow/example_dags/example_time_delta_sensor_async.py for tasks to queue
[2023-08-31T15:28:40.014+0000] {logging_mixin.py:151} INFO - [2023-08-31T15:28:40.013+0000] {dagbag.py:539} INFO - Filling up the DagBag from /home/airflow/.local/lib/python3.8/site-packages/airflow/example_dags/example_time_delta_sensor_async.py
[2023-08-31T15:28:40.017+0000] {processor.py:839} INFO - DAG(s) dict_keys(['example_time_delta_sensor_async']) retrieved from /home/airflow/.local/lib/python3.8/site-packages/airflow/example_dags/example_time_delta_sensor_async.py
[2023-08-31T15:28:40.033+0000] {logging_mixin.py:151} INFO - [2023-08-31T15:28:40.033+0000] {dag.py:2907} INFO - Sync 1 DAGs
[2023-08-31T15:28:40.041+0000] {logging_mixin.py:151} INFO - [2023-08-31T15:28:40.041+0000] {dag.py:3677} INFO - Setting next_dagrun for example_time_delta_sensor_async to None, run_after=None
[2023-08-31T15:28:40.053+0000] {processor.py:179} INFO - Processing /home/airflow/.local/lib/python3.8/site-packages/airflow/example_dags/example_time_delta_sensor_async.py took 0.045 seconds
[2023-08-31T15:29:10.410+0000] {processor.py:157} INFO - Started process (PID=6317) to work on /home/airflow/.local/lib/python3.8/site-packages/airflow/example_dags/example_time_delta_sensor_async.py
[2023-08-31T15:29:10.411+0000] {processor.py:829} INFO - Processing file /home/airflow/.local/lib/python3.8/site-packages/airflow/example_dags/example_time_delta_sensor_async.py for tasks to queue
[2023-08-31T15:29:10.412+0000] {logging_mixin.py:151} INFO - [2023-08-31T15:29:10.412+0000] {dagbag.py:539} INFO - Filling up the DagBag from /home/airflow/.local/lib/python3.8/site-packages/airflow/example_dags/example_time_delta_sensor_async.py
[2023-08-31T15:29:10.416+0000] {processor.py:839} INFO - DAG(s) dict_keys(['example_time_delta_sensor_async']) retrieved from /home/airflow/.local/lib/python3.8/site-packages/airflow/example_dags/example_time_delta_sensor_async.py
[2023-08-31T15:29:10.433+0000] {logging_mixin.py:151} INFO - [2023-08-31T15:29:10.433+0000] {dag.py:2907} INFO - Sync 1 DAGs
[2023-08-31T15:29:10.441+0000] {logging_mixin.py:151} INFO - [2023-08-31T15:29:10.441+0000] {dag.py:3677} INFO - Setting next_dagrun for example_time_delta_sensor_async to None, run_after=None
[2023-08-31T15:29:10.451+0000] {processor.py:179} INFO - Processing /home/airflow/.local/lib/python3.8/site-packages/airflow/example_dags/example_time_delta_sensor_async.py took 0.044 seconds
[2023-08-31T15:29:40.688+0000] {processor.py:157} INFO - Started process (PID=6557) to work on /home/airflow/.local/lib/python3.8/site-packages/airflow/example_dags/example_time_delta_sensor_async.py
[2023-08-31T15:29:40.689+0000] {processor.py:829} INFO - Processing file /home/airflow/.local/lib/python3.8/site-packages/airflow/example_dags/example_time_delta_sensor_async.py for tasks to queue
[2023-08-31T15:29:40.690+0000] {logging_mixin.py:151} INFO - [2023-08-31T15:29:40.690+0000] {dagbag.py:539} INFO - Filling up the DagBag from /home/airflow/.local/lib/python3.8/site-packages/airflow/example_dags/example_time_delta_sensor_async.py
[2023-08-31T15:29:40.693+0000] {processor.py:839} INFO - DAG(s) dict_keys(['example_time_delta_sensor_async']) retrieved from /home/airflow/.local/lib/python3.8/site-packages/airflow/example_dags/example_time_delta_sensor_async.py
[2023-08-31T15:29:40.709+0000] {logging_mixin.py:151} INFO - [2023-08-31T15:29:40.709+0000] {dag.py:2907} INFO - Sync 1 DAGs
[2023-08-31T15:29:40.718+0000] {logging_mixin.py:151} INFO - [2023-08-31T15:29:40.718+0000] {dag.py:3677} INFO - Setting next_dagrun for example_time_delta_sensor_async to None, run_after=None
[2023-08-31T15:29:40.730+0000] {processor.py:179} INFO - Processing /home/airflow/.local/lib/python3.8/site-packages/airflow/example_dags/example_time_delta_sensor_async.py took 0.045 seconds
[2023-08-31T15:30:10.901+0000] {processor.py:157} INFO - Started process (PID=6797) to work on /home/airflow/.local/lib/python3.8/site-packages/airflow/example_dags/example_time_delta_sensor_async.py
[2023-08-31T15:30:10.902+0000] {processor.py:829} INFO - Processing file /home/airflow/.local/lib/python3.8/site-packages/airflow/example_dags/example_time_delta_sensor_async.py for tasks to queue
[2023-08-31T15:30:10.903+0000] {logging_mixin.py:151} INFO - [2023-08-31T15:30:10.903+0000] {dagbag.py:539} INFO - Filling up the DagBag from /home/airflow/.local/lib/python3.8/site-packages/airflow/example_dags/example_time_delta_sensor_async.py
[2023-08-31T15:30:10.907+0000] {processor.py:839} INFO - DAG(s) dict_keys(['example_time_delta_sensor_async']) retrieved from /home/airflow/.local/lib/python3.8/site-packages/airflow/example_dags/example_time_delta_sensor_async.py
[2023-08-31T15:30:10.921+0000] {logging_mixin.py:151} INFO - [2023-08-31T15:30:10.921+0000] {dag.py:2907} INFO - Sync 1 DAGs
[2023-08-31T15:30:10.930+0000] {logging_mixin.py:151} INFO - [2023-08-31T15:30:10.930+0000] {dag.py:3677} INFO - Setting next_dagrun for example_time_delta_sensor_async to None, run_after=None
[2023-08-31T15:30:10.943+0000] {processor.py:179} INFO - Processing /home/airflow/.local/lib/python3.8/site-packages/airflow/example_dags/example_time_delta_sensor_async.py took 0.045 seconds
[2023-08-31T15:30:41.239+0000] {processor.py:157} INFO - Started process (PID=7040) to work on /home/airflow/.local/lib/python3.8/site-packages/airflow/example_dags/example_time_delta_sensor_async.py
[2023-08-31T15:30:41.240+0000] {processor.py:829} INFO - Processing file /home/airflow/.local/lib/python3.8/site-packages/airflow/example_dags/example_time_delta_sensor_async.py for tasks to queue
[2023-08-31T15:30:41.241+0000] {logging_mixin.py:151} INFO - [2023-08-31T15:30:41.241+0000] {dagbag.py:539} INFO - Filling up the DagBag from /home/airflow/.local/lib/python3.8/site-packages/airflow/example_dags/example_time_delta_sensor_async.py
[2023-08-31T15:30:41.244+0000] {processor.py:839} INFO - DAG(s) dict_keys(['example_time_delta_sensor_async']) retrieved from /home/airflow/.local/lib/python3.8/site-packages/airflow/example_dags/example_time_delta_sensor_async.py
[2023-08-31T15:30:41.258+0000] {logging_mixin.py:151} INFO - [2023-08-31T15:30:41.258+0000] {dag.py:2907} INFO - Sync 1 DAGs
[2023-08-31T15:30:41.266+0000] {logging_mixin.py:151} INFO - [2023-08-31T15:30:41.265+0000] {dag.py:3677} INFO - Setting next_dagrun for example_time_delta_sensor_async to None, run_after=None
[2023-08-31T15:30:41.275+0000] {processor.py:179} INFO - Processing /home/airflow/.local/lib/python3.8/site-packages/airflow/example_dags/example_time_delta_sensor_async.py took 0.039 seconds
[2023-08-31T15:31:11.650+0000] {processor.py:157} INFO - Started process (PID=7277) to work on /home/airflow/.local/lib/python3.8/site-packages/airflow/example_dags/example_time_delta_sensor_async.py
[2023-08-31T15:31:11.651+0000] {processor.py:829} INFO - Processing file /home/airflow/.local/lib/python3.8/site-packages/airflow/example_dags/example_time_delta_sensor_async.py for tasks to queue
[2023-08-31T15:31:11.652+0000] {logging_mixin.py:151} INFO - [2023-08-31T15:31:11.652+0000] {dagbag.py:539} INFO - Filling up the DagBag from /home/airflow/.local/lib/python3.8/site-packages/airflow/example_dags/example_time_delta_sensor_async.py
[2023-08-31T15:31:11.656+0000] {processor.py:839} INFO - DAG(s) dict_keys(['example_time_delta_sensor_async']) retrieved from /home/airflow/.local/lib/python3.8/site-packages/airflow/example_dags/example_time_delta_sensor_async.py
[2023-08-31T15:31:11.671+0000] {logging_mixin.py:151} INFO - [2023-08-31T15:31:11.671+0000] {dag.py:2907} INFO - Sync 1 DAGs
[2023-08-31T15:31:11.679+0000] {logging_mixin.py:151} INFO - [2023-08-31T15:31:11.679+0000] {dag.py:3677} INFO - Setting next_dagrun for example_time_delta_sensor_async to None, run_after=None
[2023-08-31T15:31:11.691+0000] {processor.py:179} INFO - Processing /home/airflow/.local/lib/python3.8/site-packages/airflow/example_dags/example_time_delta_sensor_async.py took 0.043 seconds
[2023-08-31T15:31:42.095+0000] {processor.py:157} INFO - Started process (PID=7518) to work on /home/airflow/.local/lib/python3.8/site-packages/airflow/example_dags/example_time_delta_sensor_async.py
[2023-08-31T15:31:42.096+0000] {processor.py:829} INFO - Processing file /home/airflow/.local/lib/python3.8/site-packages/airflow/example_dags/example_time_delta_sensor_async.py for tasks to queue
[2023-08-31T15:31:42.097+0000] {logging_mixin.py:151} INFO - [2023-08-31T15:31:42.097+0000] {dagbag.py:539} INFO - Filling up the DagBag from /home/airflow/.local/lib/python3.8/site-packages/airflow/example_dags/example_time_delta_sensor_async.py
[2023-08-31T15:31:42.101+0000] {processor.py:839} INFO - DAG(s) dict_keys(['example_time_delta_sensor_async']) retrieved from /home/airflow/.local/lib/python3.8/site-packages/airflow/example_dags/example_time_delta_sensor_async.py
[2023-08-31T15:31:42.116+0000] {logging_mixin.py:151} INFO - [2023-08-31T15:31:42.116+0000] {dag.py:2907} INFO - Sync 1 DAGs
[2023-08-31T15:31:42.124+0000] {logging_mixin.py:151} INFO - [2023-08-31T15:31:42.124+0000] {dag.py:3677} INFO - Setting next_dagrun for example_time_delta_sensor_async to None, run_after=None
[2023-08-31T15:31:42.134+0000] {processor.py:179} INFO - Processing /home/airflow/.local/lib/python3.8/site-packages/airflow/example_dags/example_time_delta_sensor_async.py took 0.042 seconds
[2023-08-31T15:32:12.399+0000] {processor.py:157} INFO - Started process (PID=7755) to work on /home/airflow/.local/lib/python3.8/site-packages/airflow/example_dags/example_time_delta_sensor_async.py
[2023-08-31T15:32:12.400+0000] {processor.py:829} INFO - Processing file /home/airflow/.local/lib/python3.8/site-packages/airflow/example_dags/example_time_delta_sensor_async.py for tasks to queue
[2023-08-31T15:32:12.401+0000] {logging_mixin.py:151} INFO - [2023-08-31T15:32:12.401+0000] {dagbag.py:539} INFO - Filling up the DagBag from /home/airflow/.local/lib/python3.8/site-packages/airflow/example_dags/example_time_delta_sensor_async.py
[2023-08-31T15:32:12.405+0000] {processor.py:839} INFO - DAG(s) dict_keys(['example_time_delta_sensor_async']) retrieved from /home/airflow/.local/lib/python3.8/site-packages/airflow/example_dags/example_time_delta_sensor_async.py
[2023-08-31T15:32:12.421+0000] {logging_mixin.py:151} INFO - [2023-08-31T15:32:12.421+0000] {dag.py:2907} INFO - Sync 1 DAGs
[2023-08-31T15:32:12.429+0000] {logging_mixin.py:151} INFO - [2023-08-31T15:32:12.429+0000] {dag.py:3677} INFO - Setting next_dagrun for example_time_delta_sensor_async to None, run_after=None
[2023-08-31T15:32:12.442+0000] {processor.py:179} INFO - Processing /home/airflow/.local/lib/python3.8/site-packages/airflow/example_dags/example_time_delta_sensor_async.py took 0.046 seconds
[2023-08-31T15:32:42.906+0000] {processor.py:157} INFO - Started process (PID=7995) to work on /home/airflow/.local/lib/python3.8/site-packages/airflow/example_dags/example_time_delta_sensor_async.py
[2023-08-31T15:32:42.908+0000] {processor.py:829} INFO - Processing file /home/airflow/.local/lib/python3.8/site-packages/airflow/example_dags/example_time_delta_sensor_async.py for tasks to queue
[2023-08-31T15:32:42.909+0000] {logging_mixin.py:151} INFO - [2023-08-31T15:32:42.908+0000] {dagbag.py:539} INFO - Filling up the DagBag from /home/airflow/.local/lib/python3.8/site-packages/airflow/example_dags/example_time_delta_sensor_async.py
[2023-08-31T15:32:42.913+0000] {processor.py:839} INFO - DAG(s) dict_keys(['example_time_delta_sensor_async']) retrieved from /home/airflow/.local/lib/python3.8/site-packages/airflow/example_dags/example_time_delta_sensor_async.py
[2023-08-31T15:32:42.931+0000] {logging_mixin.py:151} INFO - [2023-08-31T15:32:42.931+0000] {dag.py:2907} INFO - Sync 1 DAGs
[2023-08-31T15:32:42.942+0000] {logging_mixin.py:151} INFO - [2023-08-31T15:32:42.941+0000] {dag.py:3677} INFO - Setting next_dagrun for example_time_delta_sensor_async to None, run_after=None
[2023-08-31T15:32:42.958+0000] {processor.py:179} INFO - Processing /home/airflow/.local/lib/python3.8/site-packages/airflow/example_dags/example_time_delta_sensor_async.py took 0.055 seconds
[2023-08-31T15:33:13.303+0000] {processor.py:157} INFO - Started process (PID=8236) to work on /home/airflow/.local/lib/python3.8/site-packages/airflow/example_dags/example_time_delta_sensor_async.py
[2023-08-31T15:33:13.305+0000] {processor.py:829} INFO - Processing file /home/airflow/.local/lib/python3.8/site-packages/airflow/example_dags/example_time_delta_sensor_async.py for tasks to queue
[2023-08-31T15:33:13.306+0000] {logging_mixin.py:151} INFO - [2023-08-31T15:33:13.306+0000] {dagbag.py:539} INFO - Filling up the DagBag from /home/airflow/.local/lib/python3.8/site-packages/airflow/example_dags/example_time_delta_sensor_async.py
[2023-08-31T15:33:13.309+0000] {processor.py:839} INFO - DAG(s) dict_keys(['example_time_delta_sensor_async']) retrieved from /home/airflow/.local/lib/python3.8/site-packages/airflow/example_dags/example_time_delta_sensor_async.py
[2023-08-31T15:33:13.323+0000] {logging_mixin.py:151} INFO - [2023-08-31T15:33:13.323+0000] {dag.py:2907} INFO - Sync 1 DAGs
[2023-08-31T15:33:13.330+0000] {logging_mixin.py:151} INFO - [2023-08-31T15:33:13.330+0000] {dag.py:3677} INFO - Setting next_dagrun for example_time_delta_sensor_async to None, run_after=None
[2023-08-31T15:33:13.339+0000] {processor.py:179} INFO - Processing /home/airflow/.local/lib/python3.8/site-packages/airflow/example_dags/example_time_delta_sensor_async.py took 0.038 seconds
[2023-08-31T15:33:43.924+0000] {processor.py:157} INFO - Started process (PID=8474) to work on /home/airflow/.local/lib/python3.8/site-packages/airflow/example_dags/example_time_delta_sensor_async.py
[2023-08-31T15:33:43.926+0000] {processor.py:829} INFO - Processing file /home/airflow/.local/lib/python3.8/site-packages/airflow/example_dags/example_time_delta_sensor_async.py for tasks to queue
[2023-08-31T15:33:43.929+0000] {logging_mixin.py:151} INFO - [2023-08-31T15:33:43.928+0000] {dagbag.py:539} INFO - Filling up the DagBag from /home/airflow/.local/lib/python3.8/site-packages/airflow/example_dags/example_time_delta_sensor_async.py
[2023-08-31T15:33:43.934+0000] {processor.py:839} INFO - DAG(s) dict_keys(['example_time_delta_sensor_async']) retrieved from /home/airflow/.local/lib/python3.8/site-packages/airflow/example_dags/example_time_delta_sensor_async.py
[2023-08-31T15:33:43.975+0000] {logging_mixin.py:151} INFO - [2023-08-31T15:33:43.974+0000] {dag.py:2907} INFO - Sync 1 DAGs
[2023-08-31T15:33:43.988+0000] {logging_mixin.py:151} INFO - [2023-08-31T15:33:43.988+0000] {dag.py:3677} INFO - Setting next_dagrun for example_time_delta_sensor_async to None, run_after=None
[2023-08-31T15:33:44.001+0000] {processor.py:179} INFO - Processing /home/airflow/.local/lib/python3.8/site-packages/airflow/example_dags/example_time_delta_sensor_async.py took 0.080 seconds
[2023-08-31T15:34:14.349+0000] {processor.py:157} INFO - Started process (PID=8717) to work on /home/airflow/.local/lib/python3.8/site-packages/airflow/example_dags/example_time_delta_sensor_async.py
[2023-08-31T15:34:14.350+0000] {processor.py:829} INFO - Processing file /home/airflow/.local/lib/python3.8/site-packages/airflow/example_dags/example_time_delta_sensor_async.py for tasks to queue
[2023-08-31T15:34:14.351+0000] {logging_mixin.py:151} INFO - [2023-08-31T15:34:14.351+0000] {dagbag.py:539} INFO - Filling up the DagBag from /home/airflow/.local/lib/python3.8/site-packages/airflow/example_dags/example_time_delta_sensor_async.py
[2023-08-31T15:34:14.355+0000] {processor.py:839} INFO - DAG(s) dict_keys(['example_time_delta_sensor_async']) retrieved from /home/airflow/.local/lib/python3.8/site-packages/airflow/example_dags/example_time_delta_sensor_async.py
[2023-08-31T15:34:14.370+0000] {logging_mixin.py:151} INFO - [2023-08-31T15:34:14.370+0000] {dag.py:2907} INFO - Sync 1 DAGs
[2023-08-31T15:34:14.378+0000] {logging_mixin.py:151} INFO - [2023-08-31T15:34:14.378+0000] {dag.py:3677} INFO - Setting next_dagrun for example_time_delta_sensor_async to None, run_after=None
[2023-08-31T15:34:14.388+0000] {processor.py:179} INFO - Processing /home/airflow/.local/lib/python3.8/site-packages/airflow/example_dags/example_time_delta_sensor_async.py took 0.042 seconds
[2023-08-31T15:34:44.642+0000] {processor.py:157} INFO - Started process (PID=8955) to work on /home/airflow/.local/lib/python3.8/site-packages/airflow/example_dags/example_time_delta_sensor_async.py
[2023-08-31T15:34:44.643+0000] {processor.py:829} INFO - Processing file /home/airflow/.local/lib/python3.8/site-packages/airflow/example_dags/example_time_delta_sensor_async.py for tasks to queue
[2023-08-31T15:34:44.644+0000] {logging_mixin.py:151} INFO - [2023-08-31T15:34:44.644+0000] {dagbag.py:539} INFO - Filling up the DagBag from /home/airflow/.local/lib/python3.8/site-packages/airflow/example_dags/example_time_delta_sensor_async.py
[2023-08-31T15:34:44.648+0000] {processor.py:839} INFO - DAG(s) dict_keys(['example_time_delta_sensor_async']) retrieved from /home/airflow/.local/lib/python3.8/site-packages/airflow/example_dags/example_time_delta_sensor_async.py
[2023-08-31T15:34:44.665+0000] {logging_mixin.py:151} INFO - [2023-08-31T15:34:44.665+0000] {dag.py:2907} INFO - Sync 1 DAGs
[2023-08-31T15:34:44.674+0000] {logging_mixin.py:151} INFO - [2023-08-31T15:34:44.674+0000] {dag.py:3677} INFO - Setting next_dagrun for example_time_delta_sensor_async to None, run_after=None
[2023-08-31T15:34:44.686+0000] {processor.py:179} INFO - Processing /home/airflow/.local/lib/python3.8/site-packages/airflow/example_dags/example_time_delta_sensor_async.py took 0.047 seconds
[2023-08-31T15:35:15.062+0000] {processor.py:157} INFO - Started process (PID=9199) to work on /home/airflow/.local/lib/python3.8/site-packages/airflow/example_dags/example_time_delta_sensor_async.py
[2023-08-31T15:35:15.063+0000] {processor.py:829} INFO - Processing file /home/airflow/.local/lib/python3.8/site-packages/airflow/example_dags/example_time_delta_sensor_async.py for tasks to queue
[2023-08-31T15:35:15.064+0000] {logging_mixin.py:151} INFO - [2023-08-31T15:35:15.064+0000] {dagbag.py:539} INFO - Filling up the DagBag from /home/airflow/.local/lib/python3.8/site-packages/airflow/example_dags/example_time_delta_sensor_async.py
[2023-08-31T15:35:15.068+0000] {processor.py:839} INFO - DAG(s) dict_keys(['example_time_delta_sensor_async']) retrieved from /home/airflow/.local/lib/python3.8/site-packages/airflow/example_dags/example_time_delta_sensor_async.py
[2023-08-31T15:35:15.083+0000] {logging_mixin.py:151} INFO - [2023-08-31T15:35:15.083+0000] {dag.py:2907} INFO - Sync 1 DAGs
[2023-08-31T15:35:15.091+0000] {logging_mixin.py:151} INFO - [2023-08-31T15:35:15.091+0000] {dag.py:3677} INFO - Setting next_dagrun for example_time_delta_sensor_async to None, run_after=None
[2023-08-31T15:35:15.102+0000] {processor.py:179} INFO - Processing /home/airflow/.local/lib/python3.8/site-packages/airflow/example_dags/example_time_delta_sensor_async.py took 0.042 seconds
[2023-08-31T15:35:45.429+0000] {processor.py:157} INFO - Started process (PID=9440) to work on /home/airflow/.local/lib/python3.8/site-packages/airflow/example_dags/example_time_delta_sensor_async.py
[2023-08-31T15:35:45.430+0000] {processor.py:829} INFO - Processing file /home/airflow/.local/lib/python3.8/site-packages/airflow/example_dags/example_time_delta_sensor_async.py for tasks to queue
[2023-08-31T15:35:45.431+0000] {logging_mixin.py:151} INFO - [2023-08-31T15:35:45.431+0000] {dagbag.py:539} INFO - Filling up the DagBag from /home/airflow/.local/lib/python3.8/site-packages/airflow/example_dags/example_time_delta_sensor_async.py
[2023-08-31T15:35:45.436+0000] {processor.py:839} INFO - DAG(s) dict_keys(['example_time_delta_sensor_async']) retrieved from /home/airflow/.local/lib/python3.8/site-packages/airflow/example_dags/example_time_delta_sensor_async.py
[2023-08-31T15:35:45.450+0000] {logging_mixin.py:151} INFO - [2023-08-31T15:35:45.450+0000] {dag.py:2907} INFO - Sync 1 DAGs
[2023-08-31T15:35:45.457+0000] {logging_mixin.py:151} INFO - [2023-08-31T15:35:45.457+0000] {dag.py:3677} INFO - Setting next_dagrun for example_time_delta_sensor_async to None, run_after=None
[2023-08-31T15:35:45.467+0000] {processor.py:179} INFO - Processing /home/airflow/.local/lib/python3.8/site-packages/airflow/example_dags/example_time_delta_sensor_async.py took 0.041 seconds
[2023-08-31T15:36:15.784+0000] {processor.py:157} INFO - Started process (PID=9679) to work on /home/airflow/.local/lib/python3.8/site-packages/airflow/example_dags/example_time_delta_sensor_async.py
[2023-08-31T15:36:15.786+0000] {processor.py:829} INFO - Processing file /home/airflow/.local/lib/python3.8/site-packages/airflow/example_dags/example_time_delta_sensor_async.py for tasks to queue
[2023-08-31T15:36:15.787+0000] {logging_mixin.py:151} INFO - [2023-08-31T15:36:15.786+0000] {dagbag.py:539} INFO - Filling up the DagBag from /home/airflow/.local/lib/python3.8/site-packages/airflow/example_dags/example_time_delta_sensor_async.py
[2023-08-31T15:36:15.790+0000] {processor.py:839} INFO - DAG(s) dict_keys(['example_time_delta_sensor_async']) retrieved from /home/airflow/.local/lib/python3.8/site-packages/airflow/example_dags/example_time_delta_sensor_async.py
[2023-08-31T15:36:15.803+0000] {logging_mixin.py:151} INFO - [2023-08-31T15:36:15.803+0000] {dag.py:2907} INFO - Sync 1 DAGs
[2023-08-31T15:36:15.811+0000] {logging_mixin.py:151} INFO - [2023-08-31T15:36:15.811+0000] {dag.py:3677} INFO - Setting next_dagrun for example_time_delta_sensor_async to None, run_after=None
[2023-08-31T15:36:15.820+0000] {processor.py:179} INFO - Processing /home/airflow/.local/lib/python3.8/site-packages/airflow/example_dags/example_time_delta_sensor_async.py took 0.038 seconds
[2023-08-31T15:36:46.127+0000] {processor.py:157} INFO - Started process (PID=9919) to work on /home/airflow/.local/lib/python3.8/site-packages/airflow/example_dags/example_time_delta_sensor_async.py
[2023-08-31T15:36:46.128+0000] {processor.py:829} INFO - Processing file /home/airflow/.local/lib/python3.8/site-packages/airflow/example_dags/example_time_delta_sensor_async.py for tasks to queue
[2023-08-31T15:36:46.129+0000] {logging_mixin.py:151} INFO - [2023-08-31T15:36:46.129+0000] {dagbag.py:539} INFO - Filling up the DagBag from /home/airflow/.local/lib/python3.8/site-packages/airflow/example_dags/example_time_delta_sensor_async.py
[2023-08-31T15:36:46.133+0000] {processor.py:839} INFO - DAG(s) dict_keys(['example_time_delta_sensor_async']) retrieved from /home/airflow/.local/lib/python3.8/site-packages/airflow/example_dags/example_time_delta_sensor_async.py
[2023-08-31T15:36:46.149+0000] {logging_mixin.py:151} INFO - [2023-08-31T15:36:46.148+0000] {dag.py:2907} INFO - Sync 1 DAGs
[2023-08-31T15:36:46.157+0000] {logging_mixin.py:151} INFO - [2023-08-31T15:36:46.156+0000] {dag.py:3677} INFO - Setting next_dagrun for example_time_delta_sensor_async to None, run_after=None
[2023-08-31T15:36:46.167+0000] {processor.py:179} INFO - Processing /home/airflow/.local/lib/python3.8/site-packages/airflow/example_dags/example_time_delta_sensor_async.py took 0.042 seconds
[2023-08-31T15:37:16.426+0000] {processor.py:157} INFO - Started process (PID=10158) to work on /home/airflow/.local/lib/python3.8/site-packages/airflow/example_dags/example_time_delta_sensor_async.py
[2023-08-31T15:37:16.427+0000] {processor.py:829} INFO - Processing file /home/airflow/.local/lib/python3.8/site-packages/airflow/example_dags/example_time_delta_sensor_async.py for tasks to queue
[2023-08-31T15:37:16.428+0000] {logging_mixin.py:151} INFO - [2023-08-31T15:37:16.428+0000] {dagbag.py:539} INFO - Filling up the DagBag from /home/airflow/.local/lib/python3.8/site-packages/airflow/example_dags/example_time_delta_sensor_async.py
[2023-08-31T15:37:16.432+0000] {processor.py:839} INFO - DAG(s) dict_keys(['example_time_delta_sensor_async']) retrieved from /home/airflow/.local/lib/python3.8/site-packages/airflow/example_dags/example_time_delta_sensor_async.py
[2023-08-31T15:37:16.447+0000] {logging_mixin.py:151} INFO - [2023-08-31T15:37:16.446+0000] {dag.py:2907} INFO - Sync 1 DAGs
[2023-08-31T15:37:16.454+0000] {logging_mixin.py:151} INFO - [2023-08-31T15:37:16.454+0000] {dag.py:3677} INFO - Setting next_dagrun for example_time_delta_sensor_async to None, run_after=None
[2023-08-31T15:37:16.464+0000] {processor.py:179} INFO - Processing /home/airflow/.local/lib/python3.8/site-packages/airflow/example_dags/example_time_delta_sensor_async.py took 0.040 seconds
[2023-08-31T15:37:46.714+0000] {processor.py:157} INFO - Started process (PID=10397) to work on /home/airflow/.local/lib/python3.8/site-packages/airflow/example_dags/example_time_delta_sensor_async.py
[2023-08-31T15:37:46.716+0000] {processor.py:829} INFO - Processing file /home/airflow/.local/lib/python3.8/site-packages/airflow/example_dags/example_time_delta_sensor_async.py for tasks to queue
[2023-08-31T15:37:46.717+0000] {logging_mixin.py:151} INFO - [2023-08-31T15:37:46.717+0000] {dagbag.py:539} INFO - Filling up the DagBag from /home/airflow/.local/lib/python3.8/site-packages/airflow/example_dags/example_time_delta_sensor_async.py
[2023-08-31T15:37:46.721+0000] {processor.py:839} INFO - DAG(s) dict_keys(['example_time_delta_sensor_async']) retrieved from /home/airflow/.local/lib/python3.8/site-packages/airflow/example_dags/example_time_delta_sensor_async.py
[2023-08-31T15:37:46.735+0000] {logging_mixin.py:151} INFO - [2023-08-31T15:37:46.735+0000] {dag.py:2907} INFO - Sync 1 DAGs
[2023-08-31T15:37:46.744+0000] {logging_mixin.py:151} INFO - [2023-08-31T15:37:46.743+0000] {dag.py:3677} INFO - Setting next_dagrun for example_time_delta_sensor_async to None, run_after=None
[2023-08-31T15:37:46.757+0000] {processor.py:179} INFO - Processing /home/airflow/.local/lib/python3.8/site-packages/airflow/example_dags/example_time_delta_sensor_async.py took 0.045 seconds
