[2023-08-31T15:16:28.213+0000] {processor.py:157} INFO - Started process (PID=212) to work on /home/airflow/.local/lib/python3.8/site-packages/airflow/example_dags/example_kubernetes_executor.py
[2023-08-31T15:16:28.214+0000] {processor.py:829} INFO - Processing file /home/airflow/.local/lib/python3.8/site-packages/airflow/example_dags/example_kubernetes_executor.py for tasks to queue
[2023-08-31T15:16:28.215+0000] {logging_mixin.py:151} INFO - [2023-08-31T15:16:28.215+0000] {dagbag.py:539} INFO - Filling up the DagBag from /home/airflow/.local/lib/python3.8/site-packages/airflow/example_dags/example_kubernetes_executor.py
[2023-08-31T15:16:28.917+0000] {processor.py:839} INFO - DAG(s) dict_keys(['example_kubernetes_executor']) retrieved from /home/airflow/.local/lib/python3.8/site-packages/airflow/example_dags/example_kubernetes_executor.py
[2023-08-31T15:16:28.925+0000] {logging_mixin.py:151} INFO - [2023-08-31T15:16:28.924+0000] {dag.py:2907} INFO - Sync 1 DAGs
[2023-08-31T15:16:28.932+0000] {logging_mixin.py:151} INFO - [2023-08-31T15:16:28.932+0000] {dag.py:3677} INFO - Setting next_dagrun for example_kubernetes_executor to None, run_after=None
[2023-08-31T15:16:28.964+0000] {processor.py:179} INFO - Processing /home/airflow/.local/lib/python3.8/site-packages/airflow/example_dags/example_kubernetes_executor.py took 0.754 seconds
[2023-08-31T15:16:59.277+0000] {processor.py:157} INFO - Started process (PID=457) to work on /home/airflow/.local/lib/python3.8/site-packages/airflow/example_dags/example_kubernetes_executor.py
[2023-08-31T15:16:59.279+0000] {processor.py:829} INFO - Processing file /home/airflow/.local/lib/python3.8/site-packages/airflow/example_dags/example_kubernetes_executor.py for tasks to queue
[2023-08-31T15:16:59.281+0000] {logging_mixin.py:151} INFO - [2023-08-31T15:16:59.281+0000] {dagbag.py:539} INFO - Filling up the DagBag from /home/airflow/.local/lib/python3.8/site-packages/airflow/example_dags/example_kubernetes_executor.py
[2023-08-31T15:16:59.679+0000] {processor.py:839} INFO - DAG(s) dict_keys(['example_kubernetes_executor']) retrieved from /home/airflow/.local/lib/python3.8/site-packages/airflow/example_dags/example_kubernetes_executor.py
[2023-08-31T15:16:59.713+0000] {logging_mixin.py:151} INFO - [2023-08-31T15:16:59.712+0000] {dag.py:2907} INFO - Sync 1 DAGs
[2023-08-31T15:16:59.720+0000] {logging_mixin.py:151} INFO - [2023-08-31T15:16:59.720+0000] {dag.py:3677} INFO - Setting next_dagrun for example_kubernetes_executor to None, run_after=None
[2023-08-31T15:16:59.760+0000] {processor.py:179} INFO - Processing /home/airflow/.local/lib/python3.8/site-packages/airflow/example_dags/example_kubernetes_executor.py took 0.488 seconds
[2023-08-31T15:17:30.343+0000] {processor.py:157} INFO - Started process (PID=696) to work on /home/airflow/.local/lib/python3.8/site-packages/airflow/example_dags/example_kubernetes_executor.py
[2023-08-31T15:17:30.345+0000] {processor.py:829} INFO - Processing file /home/airflow/.local/lib/python3.8/site-packages/airflow/example_dags/example_kubernetes_executor.py for tasks to queue
[2023-08-31T15:17:30.347+0000] {logging_mixin.py:151} INFO - [2023-08-31T15:17:30.346+0000] {dagbag.py:539} INFO - Filling up the DagBag from /home/airflow/.local/lib/python3.8/site-packages/airflow/example_dags/example_kubernetes_executor.py
[2023-08-31T15:17:30.623+0000] {processor.py:839} INFO - DAG(s) dict_keys(['example_kubernetes_executor']) retrieved from /home/airflow/.local/lib/python3.8/site-packages/airflow/example_dags/example_kubernetes_executor.py
[2023-08-31T15:17:30.646+0000] {logging_mixin.py:151} INFO - [2023-08-31T15:17:30.646+0000] {dag.py:2907} INFO - Sync 1 DAGs
[2023-08-31T15:17:30.654+0000] {logging_mixin.py:151} INFO - [2023-08-31T15:17:30.654+0000] {dag.py:3677} INFO - Setting next_dagrun for example_kubernetes_executor to None, run_after=None
[2023-08-31T15:17:30.667+0000] {processor.py:179} INFO - Processing /home/airflow/.local/lib/python3.8/site-packages/airflow/example_dags/example_kubernetes_executor.py took 0.328 seconds
[2023-08-31T15:18:01.332+0000] {processor.py:157} INFO - Started process (PID=935) to work on /home/airflow/.local/lib/python3.8/site-packages/airflow/example_dags/example_kubernetes_executor.py
[2023-08-31T15:18:01.336+0000] {processor.py:829} INFO - Processing file /home/airflow/.local/lib/python3.8/site-packages/airflow/example_dags/example_kubernetes_executor.py for tasks to queue
[2023-08-31T15:18:01.338+0000] {logging_mixin.py:151} INFO - [2023-08-31T15:18:01.338+0000] {dagbag.py:539} INFO - Filling up the DagBag from /home/airflow/.local/lib/python3.8/site-packages/airflow/example_dags/example_kubernetes_executor.py
[2023-08-31T15:18:01.497+0000] {processor.py:839} INFO - DAG(s) dict_keys(['example_kubernetes_executor']) retrieved from /home/airflow/.local/lib/python3.8/site-packages/airflow/example_dags/example_kubernetes_executor.py
[2023-08-31T15:18:01.520+0000] {logging_mixin.py:151} INFO - [2023-08-31T15:18:01.520+0000] {dag.py:2907} INFO - Sync 1 DAGs
[2023-08-31T15:18:01.528+0000] {logging_mixin.py:151} INFO - [2023-08-31T15:18:01.528+0000] {dag.py:3677} INFO - Setting next_dagrun for example_kubernetes_executor to None, run_after=None
[2023-08-31T15:18:01.560+0000] {processor.py:179} INFO - Processing /home/airflow/.local/lib/python3.8/site-packages/airflow/example_dags/example_kubernetes_executor.py took 0.232 seconds
[2023-08-31T15:18:32.042+0000] {processor.py:157} INFO - Started process (PID=1200) to work on /home/airflow/.local/lib/python3.8/site-packages/airflow/example_dags/example_kubernetes_executor.py
[2023-08-31T15:18:32.044+0000] {processor.py:829} INFO - Processing file /home/airflow/.local/lib/python3.8/site-packages/airflow/example_dags/example_kubernetes_executor.py for tasks to queue
[2023-08-31T15:18:32.046+0000] {logging_mixin.py:151} INFO - [2023-08-31T15:18:32.045+0000] {dagbag.py:539} INFO - Filling up the DagBag from /home/airflow/.local/lib/python3.8/site-packages/airflow/example_dags/example_kubernetes_executor.py
[2023-08-31T15:18:32.224+0000] {processor.py:839} INFO - DAG(s) dict_keys(['example_kubernetes_executor']) retrieved from /home/airflow/.local/lib/python3.8/site-packages/airflow/example_dags/example_kubernetes_executor.py
[2023-08-31T15:18:32.252+0000] {logging_mixin.py:151} INFO - [2023-08-31T15:18:32.251+0000] {dag.py:2907} INFO - Sync 1 DAGs
[2023-08-31T15:18:32.259+0000] {logging_mixin.py:151} INFO - [2023-08-31T15:18:32.259+0000] {dag.py:3677} INFO - Setting next_dagrun for example_kubernetes_executor to None, run_after=None
[2023-08-31T15:18:32.268+0000] {processor.py:179} INFO - Processing /home/airflow/.local/lib/python3.8/site-packages/airflow/example_dags/example_kubernetes_executor.py took 0.228 seconds
[2023-08-31T15:19:02.533+0000] {processor.py:157} INFO - Started process (PID=1439) to work on /home/airflow/.local/lib/python3.8/site-packages/airflow/example_dags/example_kubernetes_executor.py
[2023-08-31T15:19:02.535+0000] {processor.py:829} INFO - Processing file /home/airflow/.local/lib/python3.8/site-packages/airflow/example_dags/example_kubernetes_executor.py for tasks to queue
[2023-08-31T15:19:02.536+0000] {logging_mixin.py:151} INFO - [2023-08-31T15:19:02.536+0000] {dagbag.py:539} INFO - Filling up the DagBag from /home/airflow/.local/lib/python3.8/site-packages/airflow/example_dags/example_kubernetes_executor.py
[2023-08-31T15:19:02.675+0000] {processor.py:839} INFO - DAG(s) dict_keys(['example_kubernetes_executor']) retrieved from /home/airflow/.local/lib/python3.8/site-packages/airflow/example_dags/example_kubernetes_executor.py
[2023-08-31T15:19:02.708+0000] {logging_mixin.py:151} INFO - [2023-08-31T15:19:02.708+0000] {dag.py:2907} INFO - Sync 1 DAGs
[2023-08-31T15:19:02.719+0000] {logging_mixin.py:151} INFO - [2023-08-31T15:19:02.719+0000] {dag.py:3677} INFO - Setting next_dagrun for example_kubernetes_executor to None, run_after=None
[2023-08-31T15:19:02.752+0000] {processor.py:179} INFO - Processing /home/airflow/.local/lib/python3.8/site-packages/airflow/example_dags/example_kubernetes_executor.py took 0.222 seconds
[2023-08-31T15:19:33.011+0000] {processor.py:157} INFO - Started process (PID=1680) to work on /home/airflow/.local/lib/python3.8/site-packages/airflow/example_dags/example_kubernetes_executor.py
[2023-08-31T15:19:33.013+0000] {processor.py:829} INFO - Processing file /home/airflow/.local/lib/python3.8/site-packages/airflow/example_dags/example_kubernetes_executor.py for tasks to queue
[2023-08-31T15:19:33.015+0000] {logging_mixin.py:151} INFO - [2023-08-31T15:19:33.015+0000] {dagbag.py:539} INFO - Filling up the DagBag from /home/airflow/.local/lib/python3.8/site-packages/airflow/example_dags/example_kubernetes_executor.py
[2023-08-31T15:19:33.145+0000] {processor.py:839} INFO - DAG(s) dict_keys(['example_kubernetes_executor']) retrieved from /home/airflow/.local/lib/python3.8/site-packages/airflow/example_dags/example_kubernetes_executor.py
[2023-08-31T15:19:33.167+0000] {logging_mixin.py:151} INFO - [2023-08-31T15:19:33.166+0000] {dag.py:2907} INFO - Sync 1 DAGs
[2023-08-31T15:19:33.174+0000] {logging_mixin.py:151} INFO - [2023-08-31T15:19:33.174+0000] {dag.py:3677} INFO - Setting next_dagrun for example_kubernetes_executor to None, run_after=None
[2023-08-31T15:19:33.184+0000] {processor.py:179} INFO - Processing /home/airflow/.local/lib/python3.8/site-packages/airflow/example_dags/example_kubernetes_executor.py took 0.177 seconds
[2023-08-31T15:20:03.303+0000] {processor.py:157} INFO - Started process (PID=1920) to work on /home/airflow/.local/lib/python3.8/site-packages/airflow/example_dags/example_kubernetes_executor.py
[2023-08-31T15:20:03.304+0000] {processor.py:829} INFO - Processing file /home/airflow/.local/lib/python3.8/site-packages/airflow/example_dags/example_kubernetes_executor.py for tasks to queue
[2023-08-31T15:20:03.306+0000] {logging_mixin.py:151} INFO - [2023-08-31T15:20:03.306+0000] {dagbag.py:539} INFO - Filling up the DagBag from /home/airflow/.local/lib/python3.8/site-packages/airflow/example_dags/example_kubernetes_executor.py
[2023-08-31T15:20:03.431+0000] {processor.py:839} INFO - DAG(s) dict_keys(['example_kubernetes_executor']) retrieved from /home/airflow/.local/lib/python3.8/site-packages/airflow/example_dags/example_kubernetes_executor.py
[2023-08-31T15:20:03.452+0000] {logging_mixin.py:151} INFO - [2023-08-31T15:20:03.451+0000] {dag.py:2907} INFO - Sync 1 DAGs
[2023-08-31T15:20:03.460+0000] {logging_mixin.py:151} INFO - [2023-08-31T15:20:03.459+0000] {dag.py:3677} INFO - Setting next_dagrun for example_kubernetes_executor to None, run_after=None
[2023-08-31T15:20:03.470+0000] {processor.py:179} INFO - Processing /home/airflow/.local/lib/python3.8/site-packages/airflow/example_dags/example_kubernetes_executor.py took 0.173 seconds
[2023-08-31T15:20:33.685+0000] {processor.py:157} INFO - Started process (PID=2159) to work on /home/airflow/.local/lib/python3.8/site-packages/airflow/example_dags/example_kubernetes_executor.py
[2023-08-31T15:20:33.686+0000] {processor.py:829} INFO - Processing file /home/airflow/.local/lib/python3.8/site-packages/airflow/example_dags/example_kubernetes_executor.py for tasks to queue
[2023-08-31T15:20:33.688+0000] {logging_mixin.py:151} INFO - [2023-08-31T15:20:33.688+0000] {dagbag.py:539} INFO - Filling up the DagBag from /home/airflow/.local/lib/python3.8/site-packages/airflow/example_dags/example_kubernetes_executor.py
[2023-08-31T15:20:33.815+0000] {processor.py:839} INFO - DAG(s) dict_keys(['example_kubernetes_executor']) retrieved from /home/airflow/.local/lib/python3.8/site-packages/airflow/example_dags/example_kubernetes_executor.py
[2023-08-31T15:20:33.835+0000] {logging_mixin.py:151} INFO - [2023-08-31T15:20:33.835+0000] {dag.py:2907} INFO - Sync 1 DAGs
[2023-08-31T15:20:33.842+0000] {logging_mixin.py:151} INFO - [2023-08-31T15:20:33.842+0000] {dag.py:3677} INFO - Setting next_dagrun for example_kubernetes_executor to None, run_after=None
[2023-08-31T15:20:33.853+0000] {processor.py:179} INFO - Processing /home/airflow/.local/lib/python3.8/site-packages/airflow/example_dags/example_kubernetes_executor.py took 0.172 seconds
[2023-08-31T15:21:03.939+0000] {processor.py:157} INFO - Started process (PID=2400) to work on /home/airflow/.local/lib/python3.8/site-packages/airflow/example_dags/example_kubernetes_executor.py
[2023-08-31T15:21:03.942+0000] {processor.py:829} INFO - Processing file /home/airflow/.local/lib/python3.8/site-packages/airflow/example_dags/example_kubernetes_executor.py for tasks to queue
[2023-08-31T15:21:03.943+0000] {logging_mixin.py:151} INFO - [2023-08-31T15:21:03.943+0000] {dagbag.py:539} INFO - Filling up the DagBag from /home/airflow/.local/lib/python3.8/site-packages/airflow/example_dags/example_kubernetes_executor.py
[2023-08-31T15:21:04.066+0000] {processor.py:839} INFO - DAG(s) dict_keys(['example_kubernetes_executor']) retrieved from /home/airflow/.local/lib/python3.8/site-packages/airflow/example_dags/example_kubernetes_executor.py
[2023-08-31T15:21:04.087+0000] {logging_mixin.py:151} INFO - [2023-08-31T15:21:04.087+0000] {dag.py:2907} INFO - Sync 1 DAGs
[2023-08-31T15:21:04.094+0000] {logging_mixin.py:151} INFO - [2023-08-31T15:21:04.094+0000] {dag.py:3677} INFO - Setting next_dagrun for example_kubernetes_executor to None, run_after=None
[2023-08-31T15:21:04.104+0000] {processor.py:179} INFO - Processing /home/airflow/.local/lib/python3.8/site-packages/airflow/example_dags/example_kubernetes_executor.py took 0.168 seconds
[2023-08-31T15:21:34.267+0000] {processor.py:157} INFO - Started process (PID=2642) to work on /home/airflow/.local/lib/python3.8/site-packages/airflow/example_dags/example_kubernetes_executor.py
[2023-08-31T15:21:34.269+0000] {processor.py:829} INFO - Processing file /home/airflow/.local/lib/python3.8/site-packages/airflow/example_dags/example_kubernetes_executor.py for tasks to queue
[2023-08-31T15:21:34.271+0000] {logging_mixin.py:151} INFO - [2023-08-31T15:21:34.271+0000] {dagbag.py:539} INFO - Filling up the DagBag from /home/airflow/.local/lib/python3.8/site-packages/airflow/example_dags/example_kubernetes_executor.py
[2023-08-31T15:21:34.400+0000] {processor.py:839} INFO - DAG(s) dict_keys(['example_kubernetes_executor']) retrieved from /home/airflow/.local/lib/python3.8/site-packages/airflow/example_dags/example_kubernetes_executor.py
[2023-08-31T15:21:34.421+0000] {logging_mixin.py:151} INFO - [2023-08-31T15:21:34.421+0000] {dag.py:2907} INFO - Sync 1 DAGs
[2023-08-31T15:21:34.428+0000] {logging_mixin.py:151} INFO - [2023-08-31T15:21:34.428+0000] {dag.py:3677} INFO - Setting next_dagrun for example_kubernetes_executor to None, run_after=None
[2023-08-31T15:21:34.438+0000] {processor.py:179} INFO - Processing /home/airflow/.local/lib/python3.8/site-packages/airflow/example_dags/example_kubernetes_executor.py took 0.175 seconds
[2023-08-31T15:22:04.583+0000] {processor.py:157} INFO - Started process (PID=2882) to work on /home/airflow/.local/lib/python3.8/site-packages/airflow/example_dags/example_kubernetes_executor.py
[2023-08-31T15:22:04.586+0000] {processor.py:829} INFO - Processing file /home/airflow/.local/lib/python3.8/site-packages/airflow/example_dags/example_kubernetes_executor.py for tasks to queue
[2023-08-31T15:22:04.587+0000] {logging_mixin.py:151} INFO - [2023-08-31T15:22:04.587+0000] {dagbag.py:539} INFO - Filling up the DagBag from /home/airflow/.local/lib/python3.8/site-packages/airflow/example_dags/example_kubernetes_executor.py
[2023-08-31T15:22:04.711+0000] {processor.py:839} INFO - DAG(s) dict_keys(['example_kubernetes_executor']) retrieved from /home/airflow/.local/lib/python3.8/site-packages/airflow/example_dags/example_kubernetes_executor.py
[2023-08-31T15:22:04.731+0000] {logging_mixin.py:151} INFO - [2023-08-31T15:22:04.731+0000] {dag.py:2907} INFO - Sync 1 DAGs
[2023-08-31T15:22:04.739+0000] {logging_mixin.py:151} INFO - [2023-08-31T15:22:04.739+0000] {dag.py:3677} INFO - Setting next_dagrun for example_kubernetes_executor to None, run_after=None
[2023-08-31T15:22:04.751+0000] {processor.py:179} INFO - Processing /home/airflow/.local/lib/python3.8/site-packages/airflow/example_dags/example_kubernetes_executor.py took 0.171 seconds
[2023-08-31T15:22:34.912+0000] {processor.py:157} INFO - Started process (PID=3122) to work on /home/airflow/.local/lib/python3.8/site-packages/airflow/example_dags/example_kubernetes_executor.py
[2023-08-31T15:22:34.915+0000] {processor.py:829} INFO - Processing file /home/airflow/.local/lib/python3.8/site-packages/airflow/example_dags/example_kubernetes_executor.py for tasks to queue
[2023-08-31T15:22:34.918+0000] {logging_mixin.py:151} INFO - [2023-08-31T15:22:34.917+0000] {dagbag.py:539} INFO - Filling up the DagBag from /home/airflow/.local/lib/python3.8/site-packages/airflow/example_dags/example_kubernetes_executor.py
[2023-08-31T15:22:35.080+0000] {processor.py:839} INFO - DAG(s) dict_keys(['example_kubernetes_executor']) retrieved from /home/airflow/.local/lib/python3.8/site-packages/airflow/example_dags/example_kubernetes_executor.py
[2023-08-31T15:22:35.141+0000] {logging_mixin.py:151} INFO - [2023-08-31T15:22:35.141+0000] {dag.py:2907} INFO - Sync 1 DAGs
[2023-08-31T15:22:35.171+0000] {logging_mixin.py:151} INFO - [2023-08-31T15:22:35.171+0000] {dag.py:3677} INFO - Setting next_dagrun for example_kubernetes_executor to None, run_after=None
[2023-08-31T15:22:35.251+0000] {processor.py:179} INFO - Processing /home/airflow/.local/lib/python3.8/site-packages/airflow/example_dags/example_kubernetes_executor.py took 0.343 seconds
[2023-08-31T15:23:05.591+0000] {processor.py:157} INFO - Started process (PID=3364) to work on /home/airflow/.local/lib/python3.8/site-packages/airflow/example_dags/example_kubernetes_executor.py
[2023-08-31T15:23:05.593+0000] {processor.py:829} INFO - Processing file /home/airflow/.local/lib/python3.8/site-packages/airflow/example_dags/example_kubernetes_executor.py for tasks to queue
[2023-08-31T15:23:05.595+0000] {logging_mixin.py:151} INFO - [2023-08-31T15:23:05.594+0000] {dagbag.py:539} INFO - Filling up the DagBag from /home/airflow/.local/lib/python3.8/site-packages/airflow/example_dags/example_kubernetes_executor.py
[2023-08-31T15:23:05.742+0000] {processor.py:839} INFO - DAG(s) dict_keys(['example_kubernetes_executor']) retrieved from /home/airflow/.local/lib/python3.8/site-packages/airflow/example_dags/example_kubernetes_executor.py
[2023-08-31T15:23:05.768+0000] {logging_mixin.py:151} INFO - [2023-08-31T15:23:05.767+0000] {dag.py:2907} INFO - Sync 1 DAGs
[2023-08-31T15:23:05.776+0000] {logging_mixin.py:151} INFO - [2023-08-31T15:23:05.776+0000] {dag.py:3677} INFO - Setting next_dagrun for example_kubernetes_executor to None, run_after=None
[2023-08-31T15:23:05.791+0000] {processor.py:179} INFO - Processing /home/airflow/.local/lib/python3.8/site-packages/airflow/example_dags/example_kubernetes_executor.py took 0.203 seconds
[2023-08-31T15:23:36.128+0000] {processor.py:157} INFO - Started process (PID=3604) to work on /home/airflow/.local/lib/python3.8/site-packages/airflow/example_dags/example_kubernetes_executor.py
[2023-08-31T15:23:36.130+0000] {processor.py:829} INFO - Processing file /home/airflow/.local/lib/python3.8/site-packages/airflow/example_dags/example_kubernetes_executor.py for tasks to queue
[2023-08-31T15:23:36.132+0000] {logging_mixin.py:151} INFO - [2023-08-31T15:23:36.132+0000] {dagbag.py:539} INFO - Filling up the DagBag from /home/airflow/.local/lib/python3.8/site-packages/airflow/example_dags/example_kubernetes_executor.py
[2023-08-31T15:23:36.261+0000] {processor.py:839} INFO - DAG(s) dict_keys(['example_kubernetes_executor']) retrieved from /home/airflow/.local/lib/python3.8/site-packages/airflow/example_dags/example_kubernetes_executor.py
[2023-08-31T15:23:36.284+0000] {logging_mixin.py:151} INFO - [2023-08-31T15:23:36.284+0000] {dag.py:2907} INFO - Sync 1 DAGs
[2023-08-31T15:23:36.292+0000] {logging_mixin.py:151} INFO - [2023-08-31T15:23:36.291+0000] {dag.py:3677} INFO - Setting next_dagrun for example_kubernetes_executor to None, run_after=None
[2023-08-31T15:23:36.303+0000] {processor.py:179} INFO - Processing /home/airflow/.local/lib/python3.8/site-packages/airflow/example_dags/example_kubernetes_executor.py took 0.178 seconds
[2023-08-31T15:24:06.462+0000] {processor.py:157} INFO - Started process (PID=3846) to work on /home/airflow/.local/lib/python3.8/site-packages/airflow/example_dags/example_kubernetes_executor.py
[2023-08-31T15:24:06.465+0000] {processor.py:829} INFO - Processing file /home/airflow/.local/lib/python3.8/site-packages/airflow/example_dags/example_kubernetes_executor.py for tasks to queue
[2023-08-31T15:24:06.466+0000] {logging_mixin.py:151} INFO - [2023-08-31T15:24:06.466+0000] {dagbag.py:539} INFO - Filling up the DagBag from /home/airflow/.local/lib/python3.8/site-packages/airflow/example_dags/example_kubernetes_executor.py
[2023-08-31T15:24:06.596+0000] {processor.py:839} INFO - DAG(s) dict_keys(['example_kubernetes_executor']) retrieved from /home/airflow/.local/lib/python3.8/site-packages/airflow/example_dags/example_kubernetes_executor.py
[2023-08-31T15:24:06.617+0000] {logging_mixin.py:151} INFO - [2023-08-31T15:24:06.617+0000] {dag.py:2907} INFO - Sync 1 DAGs
[2023-08-31T15:24:06.625+0000] {logging_mixin.py:151} INFO - [2023-08-31T15:24:06.624+0000] {dag.py:3677} INFO - Setting next_dagrun for example_kubernetes_executor to None, run_after=None
[2023-08-31T15:24:06.635+0000] {processor.py:179} INFO - Processing /home/airflow/.local/lib/python3.8/site-packages/airflow/example_dags/example_kubernetes_executor.py took 0.177 seconds
[2023-08-31T15:24:36.772+0000] {processor.py:157} INFO - Started process (PID=4086) to work on /home/airflow/.local/lib/python3.8/site-packages/airflow/example_dags/example_kubernetes_executor.py
[2023-08-31T15:24:36.774+0000] {processor.py:829} INFO - Processing file /home/airflow/.local/lib/python3.8/site-packages/airflow/example_dags/example_kubernetes_executor.py for tasks to queue
[2023-08-31T15:24:36.776+0000] {logging_mixin.py:151} INFO - [2023-08-31T15:24:36.775+0000] {dagbag.py:539} INFO - Filling up the DagBag from /home/airflow/.local/lib/python3.8/site-packages/airflow/example_dags/example_kubernetes_executor.py
[2023-08-31T15:24:36.906+0000] {processor.py:839} INFO - DAG(s) dict_keys(['example_kubernetes_executor']) retrieved from /home/airflow/.local/lib/python3.8/site-packages/airflow/example_dags/example_kubernetes_executor.py
[2023-08-31T15:24:36.927+0000] {logging_mixin.py:151} INFO - [2023-08-31T15:24:36.927+0000] {dag.py:2907} INFO - Sync 1 DAGs
[2023-08-31T15:24:36.935+0000] {logging_mixin.py:151} INFO - [2023-08-31T15:24:36.935+0000] {dag.py:3677} INFO - Setting next_dagrun for example_kubernetes_executor to None, run_after=None
[2023-08-31T15:24:36.945+0000] {processor.py:179} INFO - Processing /home/airflow/.local/lib/python3.8/site-packages/airflow/example_dags/example_kubernetes_executor.py took 0.177 seconds
[2023-08-31T15:25:07.081+0000] {processor.py:157} INFO - Started process (PID=4326) to work on /home/airflow/.local/lib/python3.8/site-packages/airflow/example_dags/example_kubernetes_executor.py
[2023-08-31T15:25:07.083+0000] {processor.py:829} INFO - Processing file /home/airflow/.local/lib/python3.8/site-packages/airflow/example_dags/example_kubernetes_executor.py for tasks to queue
[2023-08-31T15:25:07.085+0000] {logging_mixin.py:151} INFO - [2023-08-31T15:25:07.084+0000] {dagbag.py:539} INFO - Filling up the DagBag from /home/airflow/.local/lib/python3.8/site-packages/airflow/example_dags/example_kubernetes_executor.py
[2023-08-31T15:25:07.213+0000] {processor.py:839} INFO - DAG(s) dict_keys(['example_kubernetes_executor']) retrieved from /home/airflow/.local/lib/python3.8/site-packages/airflow/example_dags/example_kubernetes_executor.py
[2023-08-31T15:25:07.234+0000] {logging_mixin.py:151} INFO - [2023-08-31T15:25:07.234+0000] {dag.py:2907} INFO - Sync 1 DAGs
[2023-08-31T15:25:07.241+0000] {logging_mixin.py:151} INFO - [2023-08-31T15:25:07.241+0000] {dag.py:3677} INFO - Setting next_dagrun for example_kubernetes_executor to None, run_after=None
[2023-08-31T15:25:07.253+0000] {processor.py:179} INFO - Processing /home/airflow/.local/lib/python3.8/site-packages/airflow/example_dags/example_kubernetes_executor.py took 0.175 seconds
[2023-08-31T15:25:37.340+0000] {processor.py:157} INFO - Started process (PID=4565) to work on /home/airflow/.local/lib/python3.8/site-packages/airflow/example_dags/example_kubernetes_executor.py
[2023-08-31T15:25:37.344+0000] {processor.py:829} INFO - Processing file /home/airflow/.local/lib/python3.8/site-packages/airflow/example_dags/example_kubernetes_executor.py for tasks to queue
[2023-08-31T15:25:37.346+0000] {logging_mixin.py:151} INFO - [2023-08-31T15:25:37.346+0000] {dagbag.py:539} INFO - Filling up the DagBag from /home/airflow/.local/lib/python3.8/site-packages/airflow/example_dags/example_kubernetes_executor.py
[2023-08-31T15:25:37.479+0000] {processor.py:839} INFO - DAG(s) dict_keys(['example_kubernetes_executor']) retrieved from /home/airflow/.local/lib/python3.8/site-packages/airflow/example_dags/example_kubernetes_executor.py
[2023-08-31T15:25:37.500+0000] {logging_mixin.py:151} INFO - [2023-08-31T15:25:37.500+0000] {dag.py:2907} INFO - Sync 1 DAGs
[2023-08-31T15:25:37.507+0000] {logging_mixin.py:151} INFO - [2023-08-31T15:25:37.507+0000] {dag.py:3677} INFO - Setting next_dagrun for example_kubernetes_executor to None, run_after=None
[2023-08-31T15:25:37.519+0000] {processor.py:179} INFO - Processing /home/airflow/.local/lib/python3.8/site-packages/airflow/example_dags/example_kubernetes_executor.py took 0.183 seconds
[2023-08-31T15:26:07.643+0000] {processor.py:157} INFO - Started process (PID=4806) to work on /home/airflow/.local/lib/python3.8/site-packages/airflow/example_dags/example_kubernetes_executor.py
[2023-08-31T15:26:07.645+0000] {processor.py:829} INFO - Processing file /home/airflow/.local/lib/python3.8/site-packages/airflow/example_dags/example_kubernetes_executor.py for tasks to queue
[2023-08-31T15:26:07.646+0000] {logging_mixin.py:151} INFO - [2023-08-31T15:26:07.646+0000] {dagbag.py:539} INFO - Filling up the DagBag from /home/airflow/.local/lib/python3.8/site-packages/airflow/example_dags/example_kubernetes_executor.py
[2023-08-31T15:26:07.773+0000] {processor.py:839} INFO - DAG(s) dict_keys(['example_kubernetes_executor']) retrieved from /home/airflow/.local/lib/python3.8/site-packages/airflow/example_dags/example_kubernetes_executor.py
[2023-08-31T15:26:07.793+0000] {logging_mixin.py:151} INFO - [2023-08-31T15:26:07.793+0000] {dag.py:2907} INFO - Sync 1 DAGs
[2023-08-31T15:26:07.800+0000] {logging_mixin.py:151} INFO - [2023-08-31T15:26:07.800+0000] {dag.py:3677} INFO - Setting next_dagrun for example_kubernetes_executor to None, run_after=None
[2023-08-31T15:26:07.809+0000] {processor.py:179} INFO - Processing /home/airflow/.local/lib/python3.8/site-packages/airflow/example_dags/example_kubernetes_executor.py took 0.171 seconds
[2023-08-31T15:26:37.971+0000] {processor.py:157} INFO - Started process (PID=5045) to work on /home/airflow/.local/lib/python3.8/site-packages/airflow/example_dags/example_kubernetes_executor.py
[2023-08-31T15:26:37.973+0000] {processor.py:829} INFO - Processing file /home/airflow/.local/lib/python3.8/site-packages/airflow/example_dags/example_kubernetes_executor.py for tasks to queue
[2023-08-31T15:26:37.974+0000] {logging_mixin.py:151} INFO - [2023-08-31T15:26:37.974+0000] {dagbag.py:539} INFO - Filling up the DagBag from /home/airflow/.local/lib/python3.8/site-packages/airflow/example_dags/example_kubernetes_executor.py
[2023-08-31T15:26:38.101+0000] {processor.py:839} INFO - DAG(s) dict_keys(['example_kubernetes_executor']) retrieved from /home/airflow/.local/lib/python3.8/site-packages/airflow/example_dags/example_kubernetes_executor.py
[2023-08-31T15:26:38.123+0000] {logging_mixin.py:151} INFO - [2023-08-31T15:26:38.123+0000] {dag.py:2907} INFO - Sync 1 DAGs
[2023-08-31T15:26:38.131+0000] {logging_mixin.py:151} INFO - [2023-08-31T15:26:38.131+0000] {dag.py:3677} INFO - Setting next_dagrun for example_kubernetes_executor to None, run_after=None
[2023-08-31T15:26:38.141+0000] {processor.py:179} INFO - Processing /home/airflow/.local/lib/python3.8/site-packages/airflow/example_dags/example_kubernetes_executor.py took 0.174 seconds
[2023-08-31T15:27:08.250+0000] {processor.py:157} INFO - Started process (PID=5284) to work on /home/airflow/.local/lib/python3.8/site-packages/airflow/example_dags/example_kubernetes_executor.py
[2023-08-31T15:27:08.252+0000] {processor.py:829} INFO - Processing file /home/airflow/.local/lib/python3.8/site-packages/airflow/example_dags/example_kubernetes_executor.py for tasks to queue
[2023-08-31T15:27:08.254+0000] {logging_mixin.py:151} INFO - [2023-08-31T15:27:08.254+0000] {dagbag.py:539} INFO - Filling up the DagBag from /home/airflow/.local/lib/python3.8/site-packages/airflow/example_dags/example_kubernetes_executor.py
[2023-08-31T15:27:08.383+0000] {processor.py:839} INFO - DAG(s) dict_keys(['example_kubernetes_executor']) retrieved from /home/airflow/.local/lib/python3.8/site-packages/airflow/example_dags/example_kubernetes_executor.py
[2023-08-31T15:27:08.405+0000] {logging_mixin.py:151} INFO - [2023-08-31T15:27:08.404+0000] {dag.py:2907} INFO - Sync 1 DAGs
[2023-08-31T15:27:08.413+0000] {logging_mixin.py:151} INFO - [2023-08-31T15:27:08.413+0000] {dag.py:3677} INFO - Setting next_dagrun for example_kubernetes_executor to None, run_after=None
[2023-08-31T15:27:08.423+0000] {processor.py:179} INFO - Processing /home/airflow/.local/lib/python3.8/site-packages/airflow/example_dags/example_kubernetes_executor.py took 0.177 seconds
[2023-08-31T15:27:38.686+0000] {processor.py:157} INFO - Started process (PID=5524) to work on /home/airflow/.local/lib/python3.8/site-packages/airflow/example_dags/example_kubernetes_executor.py
[2023-08-31T15:27:38.688+0000] {processor.py:829} INFO - Processing file /home/airflow/.local/lib/python3.8/site-packages/airflow/example_dags/example_kubernetes_executor.py for tasks to queue
[2023-08-31T15:27:38.690+0000] {logging_mixin.py:151} INFO - [2023-08-31T15:27:38.689+0000] {dagbag.py:539} INFO - Filling up the DagBag from /home/airflow/.local/lib/python3.8/site-packages/airflow/example_dags/example_kubernetes_executor.py
[2023-08-31T15:27:38.821+0000] {processor.py:839} INFO - DAG(s) dict_keys(['example_kubernetes_executor']) retrieved from /home/airflow/.local/lib/python3.8/site-packages/airflow/example_dags/example_kubernetes_executor.py
[2023-08-31T15:27:38.846+0000] {logging_mixin.py:151} INFO - [2023-08-31T15:27:38.846+0000] {dag.py:2907} INFO - Sync 1 DAGs
[2023-08-31T15:27:38.856+0000] {logging_mixin.py:151} INFO - [2023-08-31T15:27:38.855+0000] {dag.py:3677} INFO - Setting next_dagrun for example_kubernetes_executor to None, run_after=None
[2023-08-31T15:27:38.868+0000] {processor.py:179} INFO - Processing /home/airflow/.local/lib/python3.8/site-packages/airflow/example_dags/example_kubernetes_executor.py took 0.185 seconds
[2023-08-31T15:28:08.991+0000] {processor.py:157} INFO - Started process (PID=5764) to work on /home/airflow/.local/lib/python3.8/site-packages/airflow/example_dags/example_kubernetes_executor.py
[2023-08-31T15:28:08.993+0000] {processor.py:829} INFO - Processing file /home/airflow/.local/lib/python3.8/site-packages/airflow/example_dags/example_kubernetes_executor.py for tasks to queue
[2023-08-31T15:28:08.995+0000] {logging_mixin.py:151} INFO - [2023-08-31T15:28:08.994+0000] {dagbag.py:539} INFO - Filling up the DagBag from /home/airflow/.local/lib/python3.8/site-packages/airflow/example_dags/example_kubernetes_executor.py
[2023-08-31T15:28:09.140+0000] {processor.py:839} INFO - DAG(s) dict_keys(['example_kubernetes_executor']) retrieved from /home/airflow/.local/lib/python3.8/site-packages/airflow/example_dags/example_kubernetes_executor.py
[2023-08-31T15:28:09.161+0000] {logging_mixin.py:151} INFO - [2023-08-31T15:28:09.161+0000] {dag.py:2907} INFO - Sync 1 DAGs
[2023-08-31T15:28:09.169+0000] {logging_mixin.py:151} INFO - [2023-08-31T15:28:09.169+0000] {dag.py:3677} INFO - Setting next_dagrun for example_kubernetes_executor to None, run_after=None
[2023-08-31T15:28:09.180+0000] {processor.py:179} INFO - Processing /home/airflow/.local/lib/python3.8/site-packages/airflow/example_dags/example_kubernetes_executor.py took 0.193 seconds
[2023-08-31T15:28:39.359+0000] {processor.py:157} INFO - Started process (PID=6005) to work on /home/airflow/.local/lib/python3.8/site-packages/airflow/example_dags/example_kubernetes_executor.py
[2023-08-31T15:28:39.361+0000] {processor.py:829} INFO - Processing file /home/airflow/.local/lib/python3.8/site-packages/airflow/example_dags/example_kubernetes_executor.py for tasks to queue
[2023-08-31T15:28:39.364+0000] {logging_mixin.py:151} INFO - [2023-08-31T15:28:39.363+0000] {dagbag.py:539} INFO - Filling up the DagBag from /home/airflow/.local/lib/python3.8/site-packages/airflow/example_dags/example_kubernetes_executor.py
[2023-08-31T15:28:39.496+0000] {processor.py:839} INFO - DAG(s) dict_keys(['example_kubernetes_executor']) retrieved from /home/airflow/.local/lib/python3.8/site-packages/airflow/example_dags/example_kubernetes_executor.py
[2023-08-31T15:28:39.518+0000] {logging_mixin.py:151} INFO - [2023-08-31T15:28:39.517+0000] {dag.py:2907} INFO - Sync 1 DAGs
[2023-08-31T15:28:39.525+0000] {logging_mixin.py:151} INFO - [2023-08-31T15:28:39.525+0000] {dag.py:3677} INFO - Setting next_dagrun for example_kubernetes_executor to None, run_after=None
[2023-08-31T15:28:39.537+0000] {processor.py:179} INFO - Processing /home/airflow/.local/lib/python3.8/site-packages/airflow/example_dags/example_kubernetes_executor.py took 0.181 seconds
[2023-08-31T15:29:09.667+0000] {processor.py:157} INFO - Started process (PID=6246) to work on /home/airflow/.local/lib/python3.8/site-packages/airflow/example_dags/example_kubernetes_executor.py
[2023-08-31T15:29:09.669+0000] {processor.py:829} INFO - Processing file /home/airflow/.local/lib/python3.8/site-packages/airflow/example_dags/example_kubernetes_executor.py for tasks to queue
[2023-08-31T15:29:09.670+0000] {logging_mixin.py:151} INFO - [2023-08-31T15:29:09.670+0000] {dagbag.py:539} INFO - Filling up the DagBag from /home/airflow/.local/lib/python3.8/site-packages/airflow/example_dags/example_kubernetes_executor.py
[2023-08-31T15:29:09.798+0000] {processor.py:839} INFO - DAG(s) dict_keys(['example_kubernetes_executor']) retrieved from /home/airflow/.local/lib/python3.8/site-packages/airflow/example_dags/example_kubernetes_executor.py
[2023-08-31T15:29:09.820+0000] {logging_mixin.py:151} INFO - [2023-08-31T15:29:09.819+0000] {dag.py:2907} INFO - Sync 1 DAGs
[2023-08-31T15:29:09.826+0000] {logging_mixin.py:151} INFO - [2023-08-31T15:29:09.826+0000] {dag.py:3677} INFO - Setting next_dagrun for example_kubernetes_executor to None, run_after=None
[2023-08-31T15:29:09.836+0000] {processor.py:179} INFO - Processing /home/airflow/.local/lib/python3.8/site-packages/airflow/example_dags/example_kubernetes_executor.py took 0.173 seconds
[2023-08-31T15:29:40.044+0000] {processor.py:157} INFO - Started process (PID=6487) to work on /home/airflow/.local/lib/python3.8/site-packages/airflow/example_dags/example_kubernetes_executor.py
[2023-08-31T15:29:40.045+0000] {processor.py:829} INFO - Processing file /home/airflow/.local/lib/python3.8/site-packages/airflow/example_dags/example_kubernetes_executor.py for tasks to queue
[2023-08-31T15:29:40.046+0000] {logging_mixin.py:151} INFO - [2023-08-31T15:29:40.046+0000] {dagbag.py:539} INFO - Filling up the DagBag from /home/airflow/.local/lib/python3.8/site-packages/airflow/example_dags/example_kubernetes_executor.py
[2023-08-31T15:29:40.174+0000] {processor.py:839} INFO - DAG(s) dict_keys(['example_kubernetes_executor']) retrieved from /home/airflow/.local/lib/python3.8/site-packages/airflow/example_dags/example_kubernetes_executor.py
[2023-08-31T15:29:40.196+0000] {logging_mixin.py:151} INFO - [2023-08-31T15:29:40.196+0000] {dag.py:2907} INFO - Sync 1 DAGs
[2023-08-31T15:29:40.203+0000] {logging_mixin.py:151} INFO - [2023-08-31T15:29:40.203+0000] {dag.py:3677} INFO - Setting next_dagrun for example_kubernetes_executor to None, run_after=None
[2023-08-31T15:29:40.214+0000] {processor.py:179} INFO - Processing /home/airflow/.local/lib/python3.8/site-packages/airflow/example_dags/example_kubernetes_executor.py took 0.172 seconds
[2023-08-31T15:30:10.254+0000] {processor.py:157} INFO - Started process (PID=6727) to work on /home/airflow/.local/lib/python3.8/site-packages/airflow/example_dags/example_kubernetes_executor.py
[2023-08-31T15:30:10.255+0000] {processor.py:829} INFO - Processing file /home/airflow/.local/lib/python3.8/site-packages/airflow/example_dags/example_kubernetes_executor.py for tasks to queue
[2023-08-31T15:30:10.257+0000] {logging_mixin.py:151} INFO - [2023-08-31T15:30:10.257+0000] {dagbag.py:539} INFO - Filling up the DagBag from /home/airflow/.local/lib/python3.8/site-packages/airflow/example_dags/example_kubernetes_executor.py
[2023-08-31T15:30:10.381+0000] {processor.py:839} INFO - DAG(s) dict_keys(['example_kubernetes_executor']) retrieved from /home/airflow/.local/lib/python3.8/site-packages/airflow/example_dags/example_kubernetes_executor.py
[2023-08-31T15:30:10.404+0000] {logging_mixin.py:151} INFO - [2023-08-31T15:30:10.403+0000] {dag.py:2907} INFO - Sync 1 DAGs
[2023-08-31T15:30:10.413+0000] {logging_mixin.py:151} INFO - [2023-08-31T15:30:10.413+0000] {dag.py:3677} INFO - Setting next_dagrun for example_kubernetes_executor to None, run_after=None
[2023-08-31T15:30:10.423+0000] {processor.py:179} INFO - Processing /home/airflow/.local/lib/python3.8/site-packages/airflow/example_dags/example_kubernetes_executor.py took 0.172 seconds
[2023-08-31T15:30:40.491+0000] {processor.py:157} INFO - Started process (PID=6968) to work on /home/airflow/.local/lib/python3.8/site-packages/airflow/example_dags/example_kubernetes_executor.py
[2023-08-31T15:30:40.493+0000] {processor.py:829} INFO - Processing file /home/airflow/.local/lib/python3.8/site-packages/airflow/example_dags/example_kubernetes_executor.py for tasks to queue
[2023-08-31T15:30:40.495+0000] {logging_mixin.py:151} INFO - [2023-08-31T15:30:40.495+0000] {dagbag.py:539} INFO - Filling up the DagBag from /home/airflow/.local/lib/python3.8/site-packages/airflow/example_dags/example_kubernetes_executor.py
[2023-08-31T15:30:40.623+0000] {processor.py:839} INFO - DAG(s) dict_keys(['example_kubernetes_executor']) retrieved from /home/airflow/.local/lib/python3.8/site-packages/airflow/example_dags/example_kubernetes_executor.py
[2023-08-31T15:30:40.644+0000] {logging_mixin.py:151} INFO - [2023-08-31T15:30:40.644+0000] {dag.py:2907} INFO - Sync 1 DAGs
[2023-08-31T15:30:40.651+0000] {logging_mixin.py:151} INFO - [2023-08-31T15:30:40.651+0000] {dag.py:3677} INFO - Setting next_dagrun for example_kubernetes_executor to None, run_after=None
[2023-08-31T15:30:40.661+0000] {processor.py:179} INFO - Processing /home/airflow/.local/lib/python3.8/site-packages/airflow/example_dags/example_kubernetes_executor.py took 0.175 seconds
[2023-08-31T15:31:10.905+0000] {processor.py:157} INFO - Started process (PID=7207) to work on /home/airflow/.local/lib/python3.8/site-packages/airflow/example_dags/example_kubernetes_executor.py
[2023-08-31T15:31:10.906+0000] {processor.py:829} INFO - Processing file /home/airflow/.local/lib/python3.8/site-packages/airflow/example_dags/example_kubernetes_executor.py for tasks to queue
[2023-08-31T15:31:10.907+0000] {logging_mixin.py:151} INFO - [2023-08-31T15:31:10.907+0000] {dagbag.py:539} INFO - Filling up the DagBag from /home/airflow/.local/lib/python3.8/site-packages/airflow/example_dags/example_kubernetes_executor.py
[2023-08-31T15:31:11.028+0000] {processor.py:839} INFO - DAG(s) dict_keys(['example_kubernetes_executor']) retrieved from /home/airflow/.local/lib/python3.8/site-packages/airflow/example_dags/example_kubernetes_executor.py
[2023-08-31T15:31:11.049+0000] {logging_mixin.py:151} INFO - [2023-08-31T15:31:11.049+0000] {dag.py:2907} INFO - Sync 1 DAGs
[2023-08-31T15:31:11.056+0000] {logging_mixin.py:151} INFO - [2023-08-31T15:31:11.056+0000] {dag.py:3677} INFO - Setting next_dagrun for example_kubernetes_executor to None, run_after=None
[2023-08-31T15:31:11.066+0000] {processor.py:179} INFO - Processing /home/airflow/.local/lib/python3.8/site-packages/airflow/example_dags/example_kubernetes_executor.py took 0.163 seconds
[2023-08-31T15:31:41.361+0000] {processor.py:157} INFO - Started process (PID=7446) to work on /home/airflow/.local/lib/python3.8/site-packages/airflow/example_dags/example_kubernetes_executor.py
[2023-08-31T15:31:41.363+0000] {processor.py:829} INFO - Processing file /home/airflow/.local/lib/python3.8/site-packages/airflow/example_dags/example_kubernetes_executor.py for tasks to queue
[2023-08-31T15:31:41.365+0000] {logging_mixin.py:151} INFO - [2023-08-31T15:31:41.365+0000] {dagbag.py:539} INFO - Filling up the DagBag from /home/airflow/.local/lib/python3.8/site-packages/airflow/example_dags/example_kubernetes_executor.py
[2023-08-31T15:31:41.490+0000] {processor.py:839} INFO - DAG(s) dict_keys(['example_kubernetes_executor']) retrieved from /home/airflow/.local/lib/python3.8/site-packages/airflow/example_dags/example_kubernetes_executor.py
[2023-08-31T15:31:41.511+0000] {logging_mixin.py:151} INFO - [2023-08-31T15:31:41.511+0000] {dag.py:2907} INFO - Sync 1 DAGs
[2023-08-31T15:31:41.518+0000] {logging_mixin.py:151} INFO - [2023-08-31T15:31:41.518+0000] {dag.py:3677} INFO - Setting next_dagrun for example_kubernetes_executor to None, run_after=None
[2023-08-31T15:31:41.528+0000] {processor.py:179} INFO - Processing /home/airflow/.local/lib/python3.8/site-packages/airflow/example_dags/example_kubernetes_executor.py took 0.170 seconds
[2023-08-31T15:32:11.750+0000] {processor.py:157} INFO - Started process (PID=7685) to work on /home/airflow/.local/lib/python3.8/site-packages/airflow/example_dags/example_kubernetes_executor.py
[2023-08-31T15:32:11.752+0000] {processor.py:829} INFO - Processing file /home/airflow/.local/lib/python3.8/site-packages/airflow/example_dags/example_kubernetes_executor.py for tasks to queue
[2023-08-31T15:32:11.753+0000] {logging_mixin.py:151} INFO - [2023-08-31T15:32:11.753+0000] {dagbag.py:539} INFO - Filling up the DagBag from /home/airflow/.local/lib/python3.8/site-packages/airflow/example_dags/example_kubernetes_executor.py
[2023-08-31T15:32:11.881+0000] {processor.py:839} INFO - DAG(s) dict_keys(['example_kubernetes_executor']) retrieved from /home/airflow/.local/lib/python3.8/site-packages/airflow/example_dags/example_kubernetes_executor.py
[2023-08-31T15:32:11.903+0000] {logging_mixin.py:151} INFO - [2023-08-31T15:32:11.903+0000] {dag.py:2907} INFO - Sync 1 DAGs
[2023-08-31T15:32:11.910+0000] {logging_mixin.py:151} INFO - [2023-08-31T15:32:11.910+0000] {dag.py:3677} INFO - Setting next_dagrun for example_kubernetes_executor to None, run_after=None
[2023-08-31T15:32:11.923+0000] {processor.py:179} INFO - Processing /home/airflow/.local/lib/python3.8/site-packages/airflow/example_dags/example_kubernetes_executor.py took 0.177 seconds
[2023-08-31T15:32:42.132+0000] {processor.py:157} INFO - Started process (PID=7925) to work on /home/airflow/.local/lib/python3.8/site-packages/airflow/example_dags/example_kubernetes_executor.py
[2023-08-31T15:32:42.134+0000] {processor.py:829} INFO - Processing file /home/airflow/.local/lib/python3.8/site-packages/airflow/example_dags/example_kubernetes_executor.py for tasks to queue
[2023-08-31T15:32:42.135+0000] {logging_mixin.py:151} INFO - [2023-08-31T15:32:42.135+0000] {dagbag.py:539} INFO - Filling up the DagBag from /home/airflow/.local/lib/python3.8/site-packages/airflow/example_dags/example_kubernetes_executor.py
[2023-08-31T15:32:42.268+0000] {processor.py:839} INFO - DAG(s) dict_keys(['example_kubernetes_executor']) retrieved from /home/airflow/.local/lib/python3.8/site-packages/airflow/example_dags/example_kubernetes_executor.py
[2023-08-31T15:32:42.291+0000] {logging_mixin.py:151} INFO - [2023-08-31T15:32:42.290+0000] {dag.py:2907} INFO - Sync 1 DAGs
[2023-08-31T15:32:42.298+0000] {logging_mixin.py:151} INFO - [2023-08-31T15:32:42.298+0000] {dag.py:3677} INFO - Setting next_dagrun for example_kubernetes_executor to None, run_after=None
[2023-08-31T15:32:42.309+0000] {processor.py:179} INFO - Processing /home/airflow/.local/lib/python3.8/site-packages/airflow/example_dags/example_kubernetes_executor.py took 0.181 seconds
[2023-08-31T15:33:12.593+0000] {processor.py:157} INFO - Started process (PID=8164) to work on /home/airflow/.local/lib/python3.8/site-packages/airflow/example_dags/example_kubernetes_executor.py
[2023-08-31T15:33:12.595+0000] {processor.py:829} INFO - Processing file /home/airflow/.local/lib/python3.8/site-packages/airflow/example_dags/example_kubernetes_executor.py for tasks to queue
[2023-08-31T15:33:12.597+0000] {logging_mixin.py:151} INFO - [2023-08-31T15:33:12.597+0000] {dagbag.py:539} INFO - Filling up the DagBag from /home/airflow/.local/lib/python3.8/site-packages/airflow/example_dags/example_kubernetes_executor.py
[2023-08-31T15:33:12.727+0000] {processor.py:839} INFO - DAG(s) dict_keys(['example_kubernetes_executor']) retrieved from /home/airflow/.local/lib/python3.8/site-packages/airflow/example_dags/example_kubernetes_executor.py
[2023-08-31T15:33:12.748+0000] {logging_mixin.py:151} INFO - [2023-08-31T15:33:12.748+0000] {dag.py:2907} INFO - Sync 1 DAGs
[2023-08-31T15:33:12.757+0000] {logging_mixin.py:151} INFO - [2023-08-31T15:33:12.757+0000] {dag.py:3677} INFO - Setting next_dagrun for example_kubernetes_executor to None, run_after=None
[2023-08-31T15:33:12.769+0000] {processor.py:179} INFO - Processing /home/airflow/.local/lib/python3.8/site-packages/airflow/example_dags/example_kubernetes_executor.py took 0.180 seconds
[2023-08-31T15:33:42.962+0000] {processor.py:157} INFO - Started process (PID=8404) to work on /home/airflow/.local/lib/python3.8/site-packages/airflow/example_dags/example_kubernetes_executor.py
[2023-08-31T15:33:42.965+0000] {processor.py:829} INFO - Processing file /home/airflow/.local/lib/python3.8/site-packages/airflow/example_dags/example_kubernetes_executor.py for tasks to queue
[2023-08-31T15:33:42.967+0000] {logging_mixin.py:151} INFO - [2023-08-31T15:33:42.967+0000] {dagbag.py:539} INFO - Filling up the DagBag from /home/airflow/.local/lib/python3.8/site-packages/airflow/example_dags/example_kubernetes_executor.py
[2023-08-31T15:33:43.129+0000] {processor.py:839} INFO - DAG(s) dict_keys(['example_kubernetes_executor']) retrieved from /home/airflow/.local/lib/python3.8/site-packages/airflow/example_dags/example_kubernetes_executor.py
[2023-08-31T15:33:43.153+0000] {logging_mixin.py:151} INFO - [2023-08-31T15:33:43.153+0000] {dag.py:2907} INFO - Sync 1 DAGs
[2023-08-31T15:33:43.161+0000] {logging_mixin.py:151} INFO - [2023-08-31T15:33:43.161+0000] {dag.py:3677} INFO - Setting next_dagrun for example_kubernetes_executor to None, run_after=None
[2023-08-31T15:33:43.175+0000] {processor.py:179} INFO - Processing /home/airflow/.local/lib/python3.8/site-packages/airflow/example_dags/example_kubernetes_executor.py took 0.218 seconds
[2023-08-31T15:34:13.569+0000] {processor.py:157} INFO - Started process (PID=8645) to work on /home/airflow/.local/lib/python3.8/site-packages/airflow/example_dags/example_kubernetes_executor.py
[2023-08-31T15:34:13.572+0000] {processor.py:829} INFO - Processing file /home/airflow/.local/lib/python3.8/site-packages/airflow/example_dags/example_kubernetes_executor.py for tasks to queue
[2023-08-31T15:34:13.574+0000] {logging_mixin.py:151} INFO - [2023-08-31T15:34:13.573+0000] {dagbag.py:539} INFO - Filling up the DagBag from /home/airflow/.local/lib/python3.8/site-packages/airflow/example_dags/example_kubernetes_executor.py
[2023-08-31T15:34:13.704+0000] {processor.py:839} INFO - DAG(s) dict_keys(['example_kubernetes_executor']) retrieved from /home/airflow/.local/lib/python3.8/site-packages/airflow/example_dags/example_kubernetes_executor.py
[2023-08-31T15:34:13.725+0000] {logging_mixin.py:151} INFO - [2023-08-31T15:34:13.725+0000] {dag.py:2907} INFO - Sync 1 DAGs
[2023-08-31T15:34:13.733+0000] {logging_mixin.py:151} INFO - [2023-08-31T15:34:13.733+0000] {dag.py:3677} INFO - Setting next_dagrun for example_kubernetes_executor to None, run_after=None
[2023-08-31T15:34:13.743+0000] {processor.py:179} INFO - Processing /home/airflow/.local/lib/python3.8/site-packages/airflow/example_dags/example_kubernetes_executor.py took 0.179 seconds
[2023-08-31T15:34:43.981+0000] {processor.py:157} INFO - Started process (PID=8885) to work on /home/airflow/.local/lib/python3.8/site-packages/airflow/example_dags/example_kubernetes_executor.py
[2023-08-31T15:34:43.983+0000] {processor.py:829} INFO - Processing file /home/airflow/.local/lib/python3.8/site-packages/airflow/example_dags/example_kubernetes_executor.py for tasks to queue
[2023-08-31T15:34:43.985+0000] {logging_mixin.py:151} INFO - [2023-08-31T15:34:43.985+0000] {dagbag.py:539} INFO - Filling up the DagBag from /home/airflow/.local/lib/python3.8/site-packages/airflow/example_dags/example_kubernetes_executor.py
[2023-08-31T15:34:44.117+0000] {processor.py:839} INFO - DAG(s) dict_keys(['example_kubernetes_executor']) retrieved from /home/airflow/.local/lib/python3.8/site-packages/airflow/example_dags/example_kubernetes_executor.py
[2023-08-31T15:34:44.138+0000] {logging_mixin.py:151} INFO - [2023-08-31T15:34:44.138+0000] {dag.py:2907} INFO - Sync 1 DAGs
[2023-08-31T15:34:44.145+0000] {logging_mixin.py:151} INFO - [2023-08-31T15:34:44.145+0000] {dag.py:3677} INFO - Setting next_dagrun for example_kubernetes_executor to None, run_after=None
[2023-08-31T15:34:44.157+0000] {processor.py:179} INFO - Processing /home/airflow/.local/lib/python3.8/site-packages/airflow/example_dags/example_kubernetes_executor.py took 0.180 seconds
[2023-08-31T15:35:14.364+0000] {processor.py:157} INFO - Started process (PID=9127) to work on /home/airflow/.local/lib/python3.8/site-packages/airflow/example_dags/example_kubernetes_executor.py
[2023-08-31T15:35:14.366+0000] {processor.py:829} INFO - Processing file /home/airflow/.local/lib/python3.8/site-packages/airflow/example_dags/example_kubernetes_executor.py for tasks to queue
[2023-08-31T15:35:14.368+0000] {logging_mixin.py:151} INFO - [2023-08-31T15:35:14.368+0000] {dagbag.py:539} INFO - Filling up the DagBag from /home/airflow/.local/lib/python3.8/site-packages/airflow/example_dags/example_kubernetes_executor.py
[2023-08-31T15:35:14.496+0000] {processor.py:839} INFO - DAG(s) dict_keys(['example_kubernetes_executor']) retrieved from /home/airflow/.local/lib/python3.8/site-packages/airflow/example_dags/example_kubernetes_executor.py
[2023-08-31T15:35:14.519+0000] {logging_mixin.py:151} INFO - [2023-08-31T15:35:14.518+0000] {dag.py:2907} INFO - Sync 1 DAGs
[2023-08-31T15:35:14.526+0000] {logging_mixin.py:151} INFO - [2023-08-31T15:35:14.526+0000] {dag.py:3677} INFO - Setting next_dagrun for example_kubernetes_executor to None, run_after=None
[2023-08-31T15:35:14.537+0000] {processor.py:179} INFO - Processing /home/airflow/.local/lib/python3.8/site-packages/airflow/example_dags/example_kubernetes_executor.py took 0.176 seconds
[2023-08-31T15:35:44.734+0000] {processor.py:157} INFO - Started process (PID=9368) to work on /home/airflow/.local/lib/python3.8/site-packages/airflow/example_dags/example_kubernetes_executor.py
[2023-08-31T15:35:44.736+0000] {processor.py:829} INFO - Processing file /home/airflow/.local/lib/python3.8/site-packages/airflow/example_dags/example_kubernetes_executor.py for tasks to queue
[2023-08-31T15:35:44.737+0000] {logging_mixin.py:151} INFO - [2023-08-31T15:35:44.737+0000] {dagbag.py:539} INFO - Filling up the DagBag from /home/airflow/.local/lib/python3.8/site-packages/airflow/example_dags/example_kubernetes_executor.py
[2023-08-31T15:35:44.861+0000] {processor.py:839} INFO - DAG(s) dict_keys(['example_kubernetes_executor']) retrieved from /home/airflow/.local/lib/python3.8/site-packages/airflow/example_dags/example_kubernetes_executor.py
[2023-08-31T15:35:44.882+0000] {logging_mixin.py:151} INFO - [2023-08-31T15:35:44.881+0000] {dag.py:2907} INFO - Sync 1 DAGs
[2023-08-31T15:35:44.890+0000] {logging_mixin.py:151} INFO - [2023-08-31T15:35:44.890+0000] {dag.py:3677} INFO - Setting next_dagrun for example_kubernetes_executor to None, run_after=None
[2023-08-31T15:35:44.900+0000] {processor.py:179} INFO - Processing /home/airflow/.local/lib/python3.8/site-packages/airflow/example_dags/example_kubernetes_executor.py took 0.170 seconds
[2023-08-31T15:36:15.083+0000] {processor.py:157} INFO - Started process (PID=9607) to work on /home/airflow/.local/lib/python3.8/site-packages/airflow/example_dags/example_kubernetes_executor.py
[2023-08-31T15:36:15.085+0000] {processor.py:829} INFO - Processing file /home/airflow/.local/lib/python3.8/site-packages/airflow/example_dags/example_kubernetes_executor.py for tasks to queue
[2023-08-31T15:36:15.088+0000] {logging_mixin.py:151} INFO - [2023-08-31T15:36:15.088+0000] {dagbag.py:539} INFO - Filling up the DagBag from /home/airflow/.local/lib/python3.8/site-packages/airflow/example_dags/example_kubernetes_executor.py
[2023-08-31T15:36:15.220+0000] {processor.py:839} INFO - DAG(s) dict_keys(['example_kubernetes_executor']) retrieved from /home/airflow/.local/lib/python3.8/site-packages/airflow/example_dags/example_kubernetes_executor.py
[2023-08-31T15:36:15.241+0000] {logging_mixin.py:151} INFO - [2023-08-31T15:36:15.241+0000] {dag.py:2907} INFO - Sync 1 DAGs
[2023-08-31T15:36:15.250+0000] {logging_mixin.py:151} INFO - [2023-08-31T15:36:15.250+0000] {dag.py:3677} INFO - Setting next_dagrun for example_kubernetes_executor to None, run_after=None
[2023-08-31T15:36:15.261+0000] {processor.py:179} INFO - Processing /home/airflow/.local/lib/python3.8/site-packages/airflow/example_dags/example_kubernetes_executor.py took 0.181 seconds
[2023-08-31T15:36:45.414+0000] {processor.py:157} INFO - Started process (PID=9847) to work on /home/airflow/.local/lib/python3.8/site-packages/airflow/example_dags/example_kubernetes_executor.py
[2023-08-31T15:36:45.416+0000] {processor.py:829} INFO - Processing file /home/airflow/.local/lib/python3.8/site-packages/airflow/example_dags/example_kubernetes_executor.py for tasks to queue
[2023-08-31T15:36:45.417+0000] {logging_mixin.py:151} INFO - [2023-08-31T15:36:45.417+0000] {dagbag.py:539} INFO - Filling up the DagBag from /home/airflow/.local/lib/python3.8/site-packages/airflow/example_dags/example_kubernetes_executor.py
[2023-08-31T15:36:45.546+0000] {processor.py:839} INFO - DAG(s) dict_keys(['example_kubernetes_executor']) retrieved from /home/airflow/.local/lib/python3.8/site-packages/airflow/example_dags/example_kubernetes_executor.py
[2023-08-31T15:36:45.566+0000] {logging_mixin.py:151} INFO - [2023-08-31T15:36:45.566+0000] {dag.py:2907} INFO - Sync 1 DAGs
[2023-08-31T15:36:45.573+0000] {logging_mixin.py:151} INFO - [2023-08-31T15:36:45.573+0000] {dag.py:3677} INFO - Setting next_dagrun for example_kubernetes_executor to None, run_after=None
[2023-08-31T15:36:45.583+0000] {processor.py:179} INFO - Processing /home/airflow/.local/lib/python3.8/site-packages/airflow/example_dags/example_kubernetes_executor.py took 0.173 seconds
[2023-08-31T15:37:15.739+0000] {processor.py:157} INFO - Started process (PID=10086) to work on /home/airflow/.local/lib/python3.8/site-packages/airflow/example_dags/example_kubernetes_executor.py
[2023-08-31T15:37:15.741+0000] {processor.py:829} INFO - Processing file /home/airflow/.local/lib/python3.8/site-packages/airflow/example_dags/example_kubernetes_executor.py for tasks to queue
[2023-08-31T15:37:15.742+0000] {logging_mixin.py:151} INFO - [2023-08-31T15:37:15.742+0000] {dagbag.py:539} INFO - Filling up the DagBag from /home/airflow/.local/lib/python3.8/site-packages/airflow/example_dags/example_kubernetes_executor.py
[2023-08-31T15:37:15.870+0000] {processor.py:839} INFO - DAG(s) dict_keys(['example_kubernetes_executor']) retrieved from /home/airflow/.local/lib/python3.8/site-packages/airflow/example_dags/example_kubernetes_executor.py
[2023-08-31T15:37:15.890+0000] {logging_mixin.py:151} INFO - [2023-08-31T15:37:15.889+0000] {dag.py:2907} INFO - Sync 1 DAGs
[2023-08-31T15:37:15.896+0000] {logging_mixin.py:151} INFO - [2023-08-31T15:37:15.896+0000] {dag.py:3677} INFO - Setting next_dagrun for example_kubernetes_executor to None, run_after=None
[2023-08-31T15:37:15.906+0000] {processor.py:179} INFO - Processing /home/airflow/.local/lib/python3.8/site-packages/airflow/example_dags/example_kubernetes_executor.py took 0.171 seconds
[2023-08-31T15:37:46.064+0000] {processor.py:157} INFO - Started process (PID=10327) to work on /home/airflow/.local/lib/python3.8/site-packages/airflow/example_dags/example_kubernetes_executor.py
[2023-08-31T15:37:46.067+0000] {processor.py:829} INFO - Processing file /home/airflow/.local/lib/python3.8/site-packages/airflow/example_dags/example_kubernetes_executor.py for tasks to queue
[2023-08-31T15:37:46.069+0000] {logging_mixin.py:151} INFO - [2023-08-31T15:37:46.069+0000] {dagbag.py:539} INFO - Filling up the DagBag from /home/airflow/.local/lib/python3.8/site-packages/airflow/example_dags/example_kubernetes_executor.py
[2023-08-31T15:37:46.198+0000] {processor.py:839} INFO - DAG(s) dict_keys(['example_kubernetes_executor']) retrieved from /home/airflow/.local/lib/python3.8/site-packages/airflow/example_dags/example_kubernetes_executor.py
[2023-08-31T15:37:46.220+0000] {logging_mixin.py:151} INFO - [2023-08-31T15:37:46.220+0000] {dag.py:2907} INFO - Sync 1 DAGs
[2023-08-31T15:37:46.228+0000] {logging_mixin.py:151} INFO - [2023-08-31T15:37:46.228+0000] {dag.py:3677} INFO - Setting next_dagrun for example_kubernetes_executor to None, run_after=None
[2023-08-31T15:37:46.240+0000] {processor.py:179} INFO - Processing /home/airflow/.local/lib/python3.8/site-packages/airflow/example_dags/example_kubernetes_executor.py took 0.180 seconds
