[2023-08-31T15:16:29.214+0000] {processor.py:157} INFO - Started process (PID=242) to work on /home/airflow/.local/lib/python3.8/site-packages/airflow/example_dags/example_python_operator.py
[2023-08-31T15:16:29.216+0000] {processor.py:829} INFO - Processing file /home/airflow/.local/lib/python3.8/site-packages/airflow/example_dags/example_python_operator.py for tasks to queue
[2023-08-31T15:16:29.217+0000] {logging_mixin.py:151} INFO - [2023-08-31T15:16:29.217+0000] {dagbag.py:539} INFO - Filling up the DagBag from /home/airflow/.local/lib/python3.8/site-packages/airflow/example_dags/example_python_operator.py
[2023-08-31T15:16:29.230+0000] {processor.py:839} INFO - DAG(s) dict_keys(['example_python_operator']) retrieved from /home/airflow/.local/lib/python3.8/site-packages/airflow/example_dags/example_python_operator.py
[2023-08-31T15:16:29.239+0000] {logging_mixin.py:151} INFO - [2023-08-31T15:16:29.239+0000] {dag.py:2907} INFO - Sync 1 DAGs
[2023-08-31T15:16:29.250+0000] {logging_mixin.py:151} INFO - [2023-08-31T15:16:29.249+0000] {dag.py:3677} INFO - Setting next_dagrun for example_python_operator to None, run_after=None
[2023-08-31T15:16:29.262+0000] {processor.py:179} INFO - Processing /home/airflow/.local/lib/python3.8/site-packages/airflow/example_dags/example_python_operator.py took 0.050 seconds
[2023-08-31T15:17:00.054+0000] {processor.py:157} INFO - Started process (PID=489) to work on /home/airflow/.local/lib/python3.8/site-packages/airflow/example_dags/example_python_operator.py
[2023-08-31T15:17:00.056+0000] {processor.py:829} INFO - Processing file /home/airflow/.local/lib/python3.8/site-packages/airflow/example_dags/example_python_operator.py for tasks to queue
[2023-08-31T15:17:00.057+0000] {logging_mixin.py:151} INFO - [2023-08-31T15:17:00.057+0000] {dagbag.py:539} INFO - Filling up the DagBag from /home/airflow/.local/lib/python3.8/site-packages/airflow/example_dags/example_python_operator.py
[2023-08-31T15:17:00.066+0000] {processor.py:839} INFO - DAG(s) dict_keys(['example_python_operator']) retrieved from /home/airflow/.local/lib/python3.8/site-packages/airflow/example_dags/example_python_operator.py
[2023-08-31T15:17:00.281+0000] {logging_mixin.py:151} INFO - [2023-08-31T15:17:00.281+0000] {dag.py:2907} INFO - Sync 1 DAGs
[2023-08-31T15:17:00.287+0000] {logging_mixin.py:151} INFO - [2023-08-31T15:17:00.287+0000] {dag.py:3677} INFO - Setting next_dagrun for example_python_operator to None, run_after=None
[2023-08-31T15:17:00.299+0000] {processor.py:179} INFO - Processing /home/airflow/.local/lib/python3.8/site-packages/airflow/example_dags/example_python_operator.py took 0.249 seconds
[2023-08-31T15:17:31.276+0000] {processor.py:157} INFO - Started process (PID=731) to work on /home/airflow/.local/lib/python3.8/site-packages/airflow/example_dags/example_python_operator.py
[2023-08-31T15:17:31.282+0000] {processor.py:829} INFO - Processing file /home/airflow/.local/lib/python3.8/site-packages/airflow/example_dags/example_python_operator.py for tasks to queue
[2023-08-31T15:17:31.283+0000] {logging_mixin.py:151} INFO - [2023-08-31T15:17:31.283+0000] {dagbag.py:539} INFO - Filling up the DagBag from /home/airflow/.local/lib/python3.8/site-packages/airflow/example_dags/example_python_operator.py
[2023-08-31T15:17:31.290+0000] {processor.py:839} INFO - DAG(s) dict_keys(['example_python_operator']) retrieved from /home/airflow/.local/lib/python3.8/site-packages/airflow/example_dags/example_python_operator.py
[2023-08-31T15:17:31.306+0000] {logging_mixin.py:151} INFO - [2023-08-31T15:17:31.306+0000] {dag.py:2907} INFO - Sync 1 DAGs
[2023-08-31T15:17:31.326+0000] {logging_mixin.py:151} INFO - [2023-08-31T15:17:31.326+0000] {dag.py:3677} INFO - Setting next_dagrun for example_python_operator to None, run_after=None
[2023-08-31T15:17:31.337+0000] {processor.py:179} INFO - Processing /home/airflow/.local/lib/python3.8/site-packages/airflow/example_dags/example_python_operator.py took 0.064 seconds
[2023-08-31T15:18:01.824+0000] {processor.py:157} INFO - Started process (PID=967) to work on /home/airflow/.local/lib/python3.8/site-packages/airflow/example_dags/example_python_operator.py
[2023-08-31T15:18:01.826+0000] {processor.py:829} INFO - Processing file /home/airflow/.local/lib/python3.8/site-packages/airflow/example_dags/example_python_operator.py for tasks to queue
[2023-08-31T15:18:01.827+0000] {logging_mixin.py:151} INFO - [2023-08-31T15:18:01.827+0000] {dagbag.py:539} INFO - Filling up the DagBag from /home/airflow/.local/lib/python3.8/site-packages/airflow/example_dags/example_python_operator.py
[2023-08-31T15:18:01.836+0000] {processor.py:839} INFO - DAG(s) dict_keys(['example_python_operator']) retrieved from /home/airflow/.local/lib/python3.8/site-packages/airflow/example_dags/example_python_operator.py
[2023-08-31T15:18:01.852+0000] {logging_mixin.py:151} INFO - [2023-08-31T15:18:01.852+0000] {dag.py:2907} INFO - Sync 1 DAGs
[2023-08-31T15:18:01.860+0000] {logging_mixin.py:151} INFO - [2023-08-31T15:18:01.860+0000] {dag.py:3677} INFO - Setting next_dagrun for example_python_operator to None, run_after=None
[2023-08-31T15:18:01.870+0000] {processor.py:179} INFO - Processing /home/airflow/.local/lib/python3.8/site-packages/airflow/example_dags/example_python_operator.py took 0.049 seconds
[2023-08-31T15:18:32.499+0000] {processor.py:157} INFO - Started process (PID=1232) to work on /home/airflow/.local/lib/python3.8/site-packages/airflow/example_dags/example_python_operator.py
[2023-08-31T15:18:32.500+0000] {processor.py:829} INFO - Processing file /home/airflow/.local/lib/python3.8/site-packages/airflow/example_dags/example_python_operator.py for tasks to queue
[2023-08-31T15:18:32.501+0000] {logging_mixin.py:151} INFO - [2023-08-31T15:18:32.501+0000] {dagbag.py:539} INFO - Filling up the DagBag from /home/airflow/.local/lib/python3.8/site-packages/airflow/example_dags/example_python_operator.py
[2023-08-31T15:18:32.508+0000] {processor.py:839} INFO - DAG(s) dict_keys(['example_python_operator']) retrieved from /home/airflow/.local/lib/python3.8/site-packages/airflow/example_dags/example_python_operator.py
[2023-08-31T15:18:32.523+0000] {logging_mixin.py:151} INFO - [2023-08-31T15:18:32.523+0000] {dag.py:2907} INFO - Sync 1 DAGs
[2023-08-31T15:18:32.531+0000] {logging_mixin.py:151} INFO - [2023-08-31T15:18:32.530+0000] {dag.py:3677} INFO - Setting next_dagrun for example_python_operator to None, run_after=None
[2023-08-31T15:18:32.540+0000] {processor.py:179} INFO - Processing /home/airflow/.local/lib/python3.8/site-packages/airflow/example_dags/example_python_operator.py took 0.044 seconds
[2023-08-31T15:19:03.038+0000] {processor.py:157} INFO - Started process (PID=1471) to work on /home/airflow/.local/lib/python3.8/site-packages/airflow/example_dags/example_python_operator.py
[2023-08-31T15:19:03.040+0000] {processor.py:829} INFO - Processing file /home/airflow/.local/lib/python3.8/site-packages/airflow/example_dags/example_python_operator.py for tasks to queue
[2023-08-31T15:19:03.041+0000] {logging_mixin.py:151} INFO - [2023-08-31T15:19:03.041+0000] {dagbag.py:539} INFO - Filling up the DagBag from /home/airflow/.local/lib/python3.8/site-packages/airflow/example_dags/example_python_operator.py
[2023-08-31T15:19:03.050+0000] {processor.py:839} INFO - DAG(s) dict_keys(['example_python_operator']) retrieved from /home/airflow/.local/lib/python3.8/site-packages/airflow/example_dags/example_python_operator.py
[2023-08-31T15:19:03.066+0000] {logging_mixin.py:151} INFO - [2023-08-31T15:19:03.066+0000] {dag.py:2907} INFO - Sync 1 DAGs
[2023-08-31T15:19:03.074+0000] {logging_mixin.py:151} INFO - [2023-08-31T15:19:03.074+0000] {dag.py:3677} INFO - Setting next_dagrun for example_python_operator to None, run_after=None
[2023-08-31T15:19:03.090+0000] {processor.py:179} INFO - Processing /home/airflow/.local/lib/python3.8/site-packages/airflow/example_dags/example_python_operator.py took 0.055 seconds
[2023-08-31T15:19:33.419+0000] {processor.py:157} INFO - Started process (PID=1712) to work on /home/airflow/.local/lib/python3.8/site-packages/airflow/example_dags/example_python_operator.py
[2023-08-31T15:19:33.420+0000] {processor.py:829} INFO - Processing file /home/airflow/.local/lib/python3.8/site-packages/airflow/example_dags/example_python_operator.py for tasks to queue
[2023-08-31T15:19:33.422+0000] {logging_mixin.py:151} INFO - [2023-08-31T15:19:33.422+0000] {dagbag.py:539} INFO - Filling up the DagBag from /home/airflow/.local/lib/python3.8/site-packages/airflow/example_dags/example_python_operator.py
[2023-08-31T15:19:33.429+0000] {processor.py:839} INFO - DAG(s) dict_keys(['example_python_operator']) retrieved from /home/airflow/.local/lib/python3.8/site-packages/airflow/example_dags/example_python_operator.py
[2023-08-31T15:19:33.445+0000] {logging_mixin.py:151} INFO - [2023-08-31T15:19:33.445+0000] {dag.py:2907} INFO - Sync 1 DAGs
[2023-08-31T15:19:33.453+0000] {logging_mixin.py:151} INFO - [2023-08-31T15:19:33.453+0000] {dag.py:3677} INFO - Setting next_dagrun for example_python_operator to None, run_after=None
[2023-08-31T15:19:33.465+0000] {processor.py:179} INFO - Processing /home/airflow/.local/lib/python3.8/site-packages/airflow/example_dags/example_python_operator.py took 0.049 seconds
[2023-08-31T15:20:03.701+0000] {processor.py:157} INFO - Started process (PID=1952) to work on /home/airflow/.local/lib/python3.8/site-packages/airflow/example_dags/example_python_operator.py
[2023-08-31T15:20:03.702+0000] {processor.py:829} INFO - Processing file /home/airflow/.local/lib/python3.8/site-packages/airflow/example_dags/example_python_operator.py for tasks to queue
[2023-08-31T15:20:03.703+0000] {logging_mixin.py:151} INFO - [2023-08-31T15:20:03.703+0000] {dagbag.py:539} INFO - Filling up the DagBag from /home/airflow/.local/lib/python3.8/site-packages/airflow/example_dags/example_python_operator.py
[2023-08-31T15:20:03.710+0000] {processor.py:839} INFO - DAG(s) dict_keys(['example_python_operator']) retrieved from /home/airflow/.local/lib/python3.8/site-packages/airflow/example_dags/example_python_operator.py
[2023-08-31T15:20:03.726+0000] {logging_mixin.py:151} INFO - [2023-08-31T15:20:03.726+0000] {dag.py:2907} INFO - Sync 1 DAGs
[2023-08-31T15:20:03.735+0000] {logging_mixin.py:151} INFO - [2023-08-31T15:20:03.734+0000] {dag.py:3677} INFO - Setting next_dagrun for example_python_operator to None, run_after=None
[2023-08-31T15:20:03.745+0000] {processor.py:179} INFO - Processing /home/airflow/.local/lib/python3.8/site-packages/airflow/example_dags/example_python_operator.py took 0.047 seconds
[2023-08-31T15:20:34.093+0000] {processor.py:157} INFO - Started process (PID=2191) to work on /home/airflow/.local/lib/python3.8/site-packages/airflow/example_dags/example_python_operator.py
[2023-08-31T15:20:34.094+0000] {processor.py:829} INFO - Processing file /home/airflow/.local/lib/python3.8/site-packages/airflow/example_dags/example_python_operator.py for tasks to queue
[2023-08-31T15:20:34.095+0000] {logging_mixin.py:151} INFO - [2023-08-31T15:20:34.094+0000] {dagbag.py:539} INFO - Filling up the DagBag from /home/airflow/.local/lib/python3.8/site-packages/airflow/example_dags/example_python_operator.py
[2023-08-31T15:20:34.102+0000] {processor.py:839} INFO - DAG(s) dict_keys(['example_python_operator']) retrieved from /home/airflow/.local/lib/python3.8/site-packages/airflow/example_dags/example_python_operator.py
[2023-08-31T15:20:34.118+0000] {logging_mixin.py:151} INFO - [2023-08-31T15:20:34.118+0000] {dag.py:2907} INFO - Sync 1 DAGs
[2023-08-31T15:20:34.126+0000] {logging_mixin.py:151} INFO - [2023-08-31T15:20:34.126+0000] {dag.py:3677} INFO - Setting next_dagrun for example_python_operator to None, run_after=None
[2023-08-31T15:20:34.137+0000] {processor.py:179} INFO - Processing /home/airflow/.local/lib/python3.8/site-packages/airflow/example_dags/example_python_operator.py took 0.046 seconds
[2023-08-31T15:21:04.337+0000] {processor.py:157} INFO - Started process (PID=2432) to work on /home/airflow/.local/lib/python3.8/site-packages/airflow/example_dags/example_python_operator.py
[2023-08-31T15:21:04.338+0000] {processor.py:829} INFO - Processing file /home/airflow/.local/lib/python3.8/site-packages/airflow/example_dags/example_python_operator.py for tasks to queue
[2023-08-31T15:21:04.339+0000] {logging_mixin.py:151} INFO - [2023-08-31T15:21:04.339+0000] {dagbag.py:539} INFO - Filling up the DagBag from /home/airflow/.local/lib/python3.8/site-packages/airflow/example_dags/example_python_operator.py
[2023-08-31T15:21:04.346+0000] {processor.py:839} INFO - DAG(s) dict_keys(['example_python_operator']) retrieved from /home/airflow/.local/lib/python3.8/site-packages/airflow/example_dags/example_python_operator.py
[2023-08-31T15:21:04.362+0000] {logging_mixin.py:151} INFO - [2023-08-31T15:21:04.362+0000] {dag.py:2907} INFO - Sync 1 DAGs
[2023-08-31T15:21:04.371+0000] {logging_mixin.py:151} INFO - [2023-08-31T15:21:04.370+0000] {dag.py:3677} INFO - Setting next_dagrun for example_python_operator to None, run_after=None
[2023-08-31T15:21:04.381+0000] {processor.py:179} INFO - Processing /home/airflow/.local/lib/python3.8/site-packages/airflow/example_dags/example_python_operator.py took 0.047 seconds
[2023-08-31T15:21:34.667+0000] {processor.py:157} INFO - Started process (PID=2672) to work on /home/airflow/.local/lib/python3.8/site-packages/airflow/example_dags/example_python_operator.py
[2023-08-31T15:21:34.668+0000] {processor.py:829} INFO - Processing file /home/airflow/.local/lib/python3.8/site-packages/airflow/example_dags/example_python_operator.py for tasks to queue
[2023-08-31T15:21:34.669+0000] {logging_mixin.py:151} INFO - [2023-08-31T15:21:34.669+0000] {dagbag.py:539} INFO - Filling up the DagBag from /home/airflow/.local/lib/python3.8/site-packages/airflow/example_dags/example_python_operator.py
[2023-08-31T15:21:34.676+0000] {processor.py:839} INFO - DAG(s) dict_keys(['example_python_operator']) retrieved from /home/airflow/.local/lib/python3.8/site-packages/airflow/example_dags/example_python_operator.py
[2023-08-31T15:21:34.693+0000] {logging_mixin.py:151} INFO - [2023-08-31T15:21:34.693+0000] {dag.py:2907} INFO - Sync 1 DAGs
[2023-08-31T15:21:34.701+0000] {logging_mixin.py:151} INFO - [2023-08-31T15:21:34.701+0000] {dag.py:3677} INFO - Setting next_dagrun for example_python_operator to None, run_after=None
[2023-08-31T15:21:34.712+0000] {processor.py:179} INFO - Processing /home/airflow/.local/lib/python3.8/site-packages/airflow/example_dags/example_python_operator.py took 0.047 seconds
[2023-08-31T15:22:04.978+0000] {processor.py:157} INFO - Started process (PID=2912) to work on /home/airflow/.local/lib/python3.8/site-packages/airflow/example_dags/example_python_operator.py
[2023-08-31T15:22:04.979+0000] {processor.py:829} INFO - Processing file /home/airflow/.local/lib/python3.8/site-packages/airflow/example_dags/example_python_operator.py for tasks to queue
[2023-08-31T15:22:04.980+0000] {logging_mixin.py:151} INFO - [2023-08-31T15:22:04.980+0000] {dagbag.py:539} INFO - Filling up the DagBag from /home/airflow/.local/lib/python3.8/site-packages/airflow/example_dags/example_python_operator.py
[2023-08-31T15:22:04.988+0000] {processor.py:839} INFO - DAG(s) dict_keys(['example_python_operator']) retrieved from /home/airflow/.local/lib/python3.8/site-packages/airflow/example_dags/example_python_operator.py
[2023-08-31T15:22:05.005+0000] {logging_mixin.py:151} INFO - [2023-08-31T15:22:05.005+0000] {dag.py:2907} INFO - Sync 1 DAGs
[2023-08-31T15:22:05.013+0000] {logging_mixin.py:151} INFO - [2023-08-31T15:22:05.013+0000] {dag.py:3677} INFO - Setting next_dagrun for example_python_operator to None, run_after=None
[2023-08-31T15:22:05.024+0000] {processor.py:179} INFO - Processing /home/airflow/.local/lib/python3.8/site-packages/airflow/example_dags/example_python_operator.py took 0.049 seconds
[2023-08-31T15:22:35.553+0000] {processor.py:157} INFO - Started process (PID=3154) to work on /home/airflow/.local/lib/python3.8/site-packages/airflow/example_dags/example_python_operator.py
[2023-08-31T15:22:35.554+0000] {processor.py:829} INFO - Processing file /home/airflow/.local/lib/python3.8/site-packages/airflow/example_dags/example_python_operator.py for tasks to queue
[2023-08-31T15:22:35.556+0000] {logging_mixin.py:151} INFO - [2023-08-31T15:22:35.555+0000] {dagbag.py:539} INFO - Filling up the DagBag from /home/airflow/.local/lib/python3.8/site-packages/airflow/example_dags/example_python_operator.py
[2023-08-31T15:22:35.568+0000] {processor.py:839} INFO - DAG(s) dict_keys(['example_python_operator']) retrieved from /home/airflow/.local/lib/python3.8/site-packages/airflow/example_dags/example_python_operator.py
[2023-08-31T15:22:35.584+0000] {logging_mixin.py:151} INFO - [2023-08-31T15:22:35.584+0000] {dag.py:2907} INFO - Sync 1 DAGs
[2023-08-31T15:22:35.592+0000] {logging_mixin.py:151} INFO - [2023-08-31T15:22:35.591+0000] {dag.py:3677} INFO - Setting next_dagrun for example_python_operator to None, run_after=None
[2023-08-31T15:22:35.602+0000] {processor.py:179} INFO - Processing /home/airflow/.local/lib/python3.8/site-packages/airflow/example_dags/example_python_operator.py took 0.053 seconds
[2023-08-31T15:23:06.046+0000] {processor.py:157} INFO - Started process (PID=3396) to work on /home/airflow/.local/lib/python3.8/site-packages/airflow/example_dags/example_python_operator.py
[2023-08-31T15:23:06.047+0000] {processor.py:829} INFO - Processing file /home/airflow/.local/lib/python3.8/site-packages/airflow/example_dags/example_python_operator.py for tasks to queue
[2023-08-31T15:23:06.048+0000] {logging_mixin.py:151} INFO - [2023-08-31T15:23:06.048+0000] {dagbag.py:539} INFO - Filling up the DagBag from /home/airflow/.local/lib/python3.8/site-packages/airflow/example_dags/example_python_operator.py
[2023-08-31T15:23:06.055+0000] {processor.py:839} INFO - DAG(s) dict_keys(['example_python_operator']) retrieved from /home/airflow/.local/lib/python3.8/site-packages/airflow/example_dags/example_python_operator.py
[2023-08-31T15:23:06.071+0000] {logging_mixin.py:151} INFO - [2023-08-31T15:23:06.071+0000] {dag.py:2907} INFO - Sync 1 DAGs
[2023-08-31T15:23:06.080+0000] {logging_mixin.py:151} INFO - [2023-08-31T15:23:06.080+0000] {dag.py:3677} INFO - Setting next_dagrun for example_python_operator to None, run_after=None
[2023-08-31T15:23:06.091+0000] {processor.py:179} INFO - Processing /home/airflow/.local/lib/python3.8/site-packages/airflow/example_dags/example_python_operator.py took 0.048 seconds
[2023-08-31T15:23:36.531+0000] {processor.py:157} INFO - Started process (PID=3634) to work on /home/airflow/.local/lib/python3.8/site-packages/airflow/example_dags/example_python_operator.py
[2023-08-31T15:23:36.533+0000] {processor.py:829} INFO - Processing file /home/airflow/.local/lib/python3.8/site-packages/airflow/example_dags/example_python_operator.py for tasks to queue
[2023-08-31T15:23:36.534+0000] {logging_mixin.py:151} INFO - [2023-08-31T15:23:36.534+0000] {dagbag.py:539} INFO - Filling up the DagBag from /home/airflow/.local/lib/python3.8/site-packages/airflow/example_dags/example_python_operator.py
[2023-08-31T15:23:36.541+0000] {processor.py:839} INFO - DAG(s) dict_keys(['example_python_operator']) retrieved from /home/airflow/.local/lib/python3.8/site-packages/airflow/example_dags/example_python_operator.py
[2023-08-31T15:23:36.560+0000] {logging_mixin.py:151} INFO - [2023-08-31T15:23:36.559+0000] {dag.py:2907} INFO - Sync 1 DAGs
[2023-08-31T15:23:36.568+0000] {logging_mixin.py:151} INFO - [2023-08-31T15:23:36.567+0000] {dag.py:3677} INFO - Setting next_dagrun for example_python_operator to None, run_after=None
[2023-08-31T15:23:36.578+0000] {processor.py:179} INFO - Processing /home/airflow/.local/lib/python3.8/site-packages/airflow/example_dags/example_python_operator.py took 0.049 seconds
[2023-08-31T15:24:06.862+0000] {processor.py:157} INFO - Started process (PID=3876) to work on /home/airflow/.local/lib/python3.8/site-packages/airflow/example_dags/example_python_operator.py
[2023-08-31T15:24:06.863+0000] {processor.py:829} INFO - Processing file /home/airflow/.local/lib/python3.8/site-packages/airflow/example_dags/example_python_operator.py for tasks to queue
[2023-08-31T15:24:06.864+0000] {logging_mixin.py:151} INFO - [2023-08-31T15:24:06.864+0000] {dagbag.py:539} INFO - Filling up the DagBag from /home/airflow/.local/lib/python3.8/site-packages/airflow/example_dags/example_python_operator.py
[2023-08-31T15:24:06.873+0000] {processor.py:839} INFO - DAG(s) dict_keys(['example_python_operator']) retrieved from /home/airflow/.local/lib/python3.8/site-packages/airflow/example_dags/example_python_operator.py
[2023-08-31T15:24:06.890+0000] {logging_mixin.py:151} INFO - [2023-08-31T15:24:06.890+0000] {dag.py:2907} INFO - Sync 1 DAGs
[2023-08-31T15:24:06.899+0000] {logging_mixin.py:151} INFO - [2023-08-31T15:24:06.898+0000] {dag.py:3677} INFO - Setting next_dagrun for example_python_operator to None, run_after=None
[2023-08-31T15:24:06.910+0000] {processor.py:179} INFO - Processing /home/airflow/.local/lib/python3.8/site-packages/airflow/example_dags/example_python_operator.py took 0.051 seconds
[2023-08-31T15:24:37.175+0000] {processor.py:157} INFO - Started process (PID=4117) to work on /home/airflow/.local/lib/python3.8/site-packages/airflow/example_dags/example_python_operator.py
[2023-08-31T15:24:37.176+0000] {processor.py:829} INFO - Processing file /home/airflow/.local/lib/python3.8/site-packages/airflow/example_dags/example_python_operator.py for tasks to queue
[2023-08-31T15:24:37.177+0000] {logging_mixin.py:151} INFO - [2023-08-31T15:24:37.177+0000] {dagbag.py:539} INFO - Filling up the DagBag from /home/airflow/.local/lib/python3.8/site-packages/airflow/example_dags/example_python_operator.py
[2023-08-31T15:24:37.184+0000] {processor.py:839} INFO - DAG(s) dict_keys(['example_python_operator']) retrieved from /home/airflow/.local/lib/python3.8/site-packages/airflow/example_dags/example_python_operator.py
[2023-08-31T15:24:37.201+0000] {logging_mixin.py:151} INFO - [2023-08-31T15:24:37.201+0000] {dag.py:2907} INFO - Sync 1 DAGs
[2023-08-31T15:24:37.210+0000] {logging_mixin.py:151} INFO - [2023-08-31T15:24:37.209+0000] {dag.py:3677} INFO - Setting next_dagrun for example_python_operator to None, run_after=None
[2023-08-31T15:24:37.225+0000] {processor.py:179} INFO - Processing /home/airflow/.local/lib/python3.8/site-packages/airflow/example_dags/example_python_operator.py took 0.052 seconds
[2023-08-31T15:25:07.483+0000] {processor.py:157} INFO - Started process (PID=4356) to work on /home/airflow/.local/lib/python3.8/site-packages/airflow/example_dags/example_python_operator.py
[2023-08-31T15:25:07.485+0000] {processor.py:829} INFO - Processing file /home/airflow/.local/lib/python3.8/site-packages/airflow/example_dags/example_python_operator.py for tasks to queue
[2023-08-31T15:25:07.486+0000] {logging_mixin.py:151} INFO - [2023-08-31T15:25:07.486+0000] {dagbag.py:539} INFO - Filling up the DagBag from /home/airflow/.local/lib/python3.8/site-packages/airflow/example_dags/example_python_operator.py
[2023-08-31T15:25:07.494+0000] {processor.py:839} INFO - DAG(s) dict_keys(['example_python_operator']) retrieved from /home/airflow/.local/lib/python3.8/site-packages/airflow/example_dags/example_python_operator.py
[2023-08-31T15:25:07.513+0000] {logging_mixin.py:151} INFO - [2023-08-31T15:25:07.513+0000] {dag.py:2907} INFO - Sync 1 DAGs
[2023-08-31T15:25:07.522+0000] {logging_mixin.py:151} INFO - [2023-08-31T15:25:07.521+0000] {dag.py:3677} INFO - Setting next_dagrun for example_python_operator to None, run_after=None
[2023-08-31T15:25:07.536+0000] {processor.py:179} INFO - Processing /home/airflow/.local/lib/python3.8/site-packages/airflow/example_dags/example_python_operator.py took 0.055 seconds
[2023-08-31T15:25:37.751+0000] {processor.py:157} INFO - Started process (PID=4595) to work on /home/airflow/.local/lib/python3.8/site-packages/airflow/example_dags/example_python_operator.py
[2023-08-31T15:25:37.753+0000] {processor.py:829} INFO - Processing file /home/airflow/.local/lib/python3.8/site-packages/airflow/example_dags/example_python_operator.py for tasks to queue
[2023-08-31T15:25:37.754+0000] {logging_mixin.py:151} INFO - [2023-08-31T15:25:37.754+0000] {dagbag.py:539} INFO - Filling up the DagBag from /home/airflow/.local/lib/python3.8/site-packages/airflow/example_dags/example_python_operator.py
[2023-08-31T15:25:37.762+0000] {processor.py:839} INFO - DAG(s) dict_keys(['example_python_operator']) retrieved from /home/airflow/.local/lib/python3.8/site-packages/airflow/example_dags/example_python_operator.py
[2023-08-31T15:25:37.784+0000] {logging_mixin.py:151} INFO - [2023-08-31T15:25:37.784+0000] {dag.py:2907} INFO - Sync 1 DAGs
[2023-08-31T15:25:37.792+0000] {logging_mixin.py:151} INFO - [2023-08-31T15:25:37.792+0000] {dag.py:3677} INFO - Setting next_dagrun for example_python_operator to None, run_after=None
[2023-08-31T15:25:37.806+0000] {processor.py:179} INFO - Processing /home/airflow/.local/lib/python3.8/site-packages/airflow/example_dags/example_python_operator.py took 0.057 seconds
[2023-08-31T15:26:08.052+0000] {processor.py:157} INFO - Started process (PID=4836) to work on /home/airflow/.local/lib/python3.8/site-packages/airflow/example_dags/example_python_operator.py
[2023-08-31T15:26:08.053+0000] {processor.py:829} INFO - Processing file /home/airflow/.local/lib/python3.8/site-packages/airflow/example_dags/example_python_operator.py for tasks to queue
[2023-08-31T15:26:08.056+0000] {logging_mixin.py:151} INFO - [2023-08-31T15:26:08.055+0000] {dagbag.py:539} INFO - Filling up the DagBag from /home/airflow/.local/lib/python3.8/site-packages/airflow/example_dags/example_python_operator.py
[2023-08-31T15:26:08.065+0000] {processor.py:839} INFO - DAG(s) dict_keys(['example_python_operator']) retrieved from /home/airflow/.local/lib/python3.8/site-packages/airflow/example_dags/example_python_operator.py
[2023-08-31T15:26:08.083+0000] {logging_mixin.py:151} INFO - [2023-08-31T15:26:08.083+0000] {dag.py:2907} INFO - Sync 1 DAGs
[2023-08-31T15:26:08.091+0000] {logging_mixin.py:151} INFO - [2023-08-31T15:26:08.091+0000] {dag.py:3677} INFO - Setting next_dagrun for example_python_operator to None, run_after=None
[2023-08-31T15:26:08.103+0000] {processor.py:179} INFO - Processing /home/airflow/.local/lib/python3.8/site-packages/airflow/example_dags/example_python_operator.py took 0.054 seconds
[2023-08-31T15:26:38.389+0000] {processor.py:157} INFO - Started process (PID=5075) to work on /home/airflow/.local/lib/python3.8/site-packages/airflow/example_dags/example_python_operator.py
[2023-08-31T15:26:38.390+0000] {processor.py:829} INFO - Processing file /home/airflow/.local/lib/python3.8/site-packages/airflow/example_dags/example_python_operator.py for tasks to queue
[2023-08-31T15:26:38.392+0000] {logging_mixin.py:151} INFO - [2023-08-31T15:26:38.392+0000] {dagbag.py:539} INFO - Filling up the DagBag from /home/airflow/.local/lib/python3.8/site-packages/airflow/example_dags/example_python_operator.py
[2023-08-31T15:26:38.399+0000] {processor.py:839} INFO - DAG(s) dict_keys(['example_python_operator']) retrieved from /home/airflow/.local/lib/python3.8/site-packages/airflow/example_dags/example_python_operator.py
[2023-08-31T15:26:38.417+0000] {logging_mixin.py:151} INFO - [2023-08-31T15:26:38.417+0000] {dag.py:2907} INFO - Sync 1 DAGs
[2023-08-31T15:26:38.425+0000] {logging_mixin.py:151} INFO - [2023-08-31T15:26:38.425+0000] {dag.py:3677} INFO - Setting next_dagrun for example_python_operator to None, run_after=None
[2023-08-31T15:26:38.436+0000] {processor.py:179} INFO - Processing /home/airflow/.local/lib/python3.8/site-packages/airflow/example_dags/example_python_operator.py took 0.049 seconds
[2023-08-31T15:27:08.667+0000] {processor.py:157} INFO - Started process (PID=5314) to work on /home/airflow/.local/lib/python3.8/site-packages/airflow/example_dags/example_python_operator.py
[2023-08-31T15:27:08.668+0000] {processor.py:829} INFO - Processing file /home/airflow/.local/lib/python3.8/site-packages/airflow/example_dags/example_python_operator.py for tasks to queue
[2023-08-31T15:27:08.669+0000] {logging_mixin.py:151} INFO - [2023-08-31T15:27:08.669+0000] {dagbag.py:539} INFO - Filling up the DagBag from /home/airflow/.local/lib/python3.8/site-packages/airflow/example_dags/example_python_operator.py
[2023-08-31T15:27:08.675+0000] {processor.py:839} INFO - DAG(s) dict_keys(['example_python_operator']) retrieved from /home/airflow/.local/lib/python3.8/site-packages/airflow/example_dags/example_python_operator.py
[2023-08-31T15:27:08.691+0000] {logging_mixin.py:151} INFO - [2023-08-31T15:27:08.691+0000] {dag.py:2907} INFO - Sync 1 DAGs
[2023-08-31T15:27:08.699+0000] {logging_mixin.py:151} INFO - [2023-08-31T15:27:08.699+0000] {dag.py:3677} INFO - Setting next_dagrun for example_python_operator to None, run_after=None
[2023-08-31T15:27:08.710+0000] {processor.py:179} INFO - Processing /home/airflow/.local/lib/python3.8/site-packages/airflow/example_dags/example_python_operator.py took 0.046 seconds
[2023-08-31T15:27:39.097+0000] {processor.py:157} INFO - Started process (PID=5556) to work on /home/airflow/.local/lib/python3.8/site-packages/airflow/example_dags/example_python_operator.py
[2023-08-31T15:27:39.098+0000] {processor.py:829} INFO - Processing file /home/airflow/.local/lib/python3.8/site-packages/airflow/example_dags/example_python_operator.py for tasks to queue
[2023-08-31T15:27:39.099+0000] {logging_mixin.py:151} INFO - [2023-08-31T15:27:39.099+0000] {dagbag.py:539} INFO - Filling up the DagBag from /home/airflow/.local/lib/python3.8/site-packages/airflow/example_dags/example_python_operator.py
[2023-08-31T15:27:39.106+0000] {processor.py:839} INFO - DAG(s) dict_keys(['example_python_operator']) retrieved from /home/airflow/.local/lib/python3.8/site-packages/airflow/example_dags/example_python_operator.py
[2023-08-31T15:27:39.123+0000] {logging_mixin.py:151} INFO - [2023-08-31T15:27:39.122+0000] {dag.py:2907} INFO - Sync 1 DAGs
[2023-08-31T15:27:39.130+0000] {logging_mixin.py:151} INFO - [2023-08-31T15:27:39.130+0000] {dag.py:3677} INFO - Setting next_dagrun for example_python_operator to None, run_after=None
[2023-08-31T15:27:39.142+0000] {processor.py:179} INFO - Processing /home/airflow/.local/lib/python3.8/site-packages/airflow/example_dags/example_python_operator.py took 0.047 seconds
[2023-08-31T15:28:09.364+0000] {processor.py:157} INFO - Started process (PID=5794) to work on /home/airflow/.local/lib/python3.8/site-packages/airflow/example_dags/example_python_operator.py
[2023-08-31T15:28:09.365+0000] {processor.py:829} INFO - Processing file /home/airflow/.local/lib/python3.8/site-packages/airflow/example_dags/example_python_operator.py for tasks to queue
[2023-08-31T15:28:09.366+0000] {logging_mixin.py:151} INFO - [2023-08-31T15:28:09.366+0000] {dagbag.py:539} INFO - Filling up the DagBag from /home/airflow/.local/lib/python3.8/site-packages/airflow/example_dags/example_python_operator.py
[2023-08-31T15:28:09.373+0000] {processor.py:839} INFO - DAG(s) dict_keys(['example_python_operator']) retrieved from /home/airflow/.local/lib/python3.8/site-packages/airflow/example_dags/example_python_operator.py
[2023-08-31T15:28:09.392+0000] {logging_mixin.py:151} INFO - [2023-08-31T15:28:09.392+0000] {dag.py:2907} INFO - Sync 1 DAGs
[2023-08-31T15:28:09.401+0000] {logging_mixin.py:151} INFO - [2023-08-31T15:28:09.401+0000] {dag.py:3677} INFO - Setting next_dagrun for example_python_operator to None, run_after=None
[2023-08-31T15:28:09.414+0000] {processor.py:179} INFO - Processing /home/airflow/.local/lib/python3.8/site-packages/airflow/example_dags/example_python_operator.py took 0.053 seconds
[2023-08-31T15:28:39.710+0000] {processor.py:157} INFO - Started process (PID=6035) to work on /home/airflow/.local/lib/python3.8/site-packages/airflow/example_dags/example_python_operator.py
[2023-08-31T15:28:39.712+0000] {processor.py:829} INFO - Processing file /home/airflow/.local/lib/python3.8/site-packages/airflow/example_dags/example_python_operator.py for tasks to queue
[2023-08-31T15:28:39.713+0000] {logging_mixin.py:151} INFO - [2023-08-31T15:28:39.712+0000] {dagbag.py:539} INFO - Filling up the DagBag from /home/airflow/.local/lib/python3.8/site-packages/airflow/example_dags/example_python_operator.py
[2023-08-31T15:28:39.720+0000] {processor.py:839} INFO - DAG(s) dict_keys(['example_python_operator']) retrieved from /home/airflow/.local/lib/python3.8/site-packages/airflow/example_dags/example_python_operator.py
[2023-08-31T15:28:39.736+0000] {logging_mixin.py:151} INFO - [2023-08-31T15:28:39.736+0000] {dag.py:2907} INFO - Sync 1 DAGs
[2023-08-31T15:28:39.745+0000] {logging_mixin.py:151} INFO - [2023-08-31T15:28:39.745+0000] {dag.py:3677} INFO - Setting next_dagrun for example_python_operator to None, run_after=None
[2023-08-31T15:28:39.757+0000] {processor.py:179} INFO - Processing /home/airflow/.local/lib/python3.8/site-packages/airflow/example_dags/example_python_operator.py took 0.049 seconds
[2023-08-31T15:29:10.073+0000] {processor.py:157} INFO - Started process (PID=6279) to work on /home/airflow/.local/lib/python3.8/site-packages/airflow/example_dags/example_python_operator.py
[2023-08-31T15:29:10.074+0000] {processor.py:829} INFO - Processing file /home/airflow/.local/lib/python3.8/site-packages/airflow/example_dags/example_python_operator.py for tasks to queue
[2023-08-31T15:29:10.075+0000] {logging_mixin.py:151} INFO - [2023-08-31T15:29:10.075+0000] {dagbag.py:539} INFO - Filling up the DagBag from /home/airflow/.local/lib/python3.8/site-packages/airflow/example_dags/example_python_operator.py
[2023-08-31T15:29:10.082+0000] {processor.py:839} INFO - DAG(s) dict_keys(['example_python_operator']) retrieved from /home/airflow/.local/lib/python3.8/site-packages/airflow/example_dags/example_python_operator.py
[2023-08-31T15:29:10.098+0000] {logging_mixin.py:151} INFO - [2023-08-31T15:29:10.098+0000] {dag.py:2907} INFO - Sync 1 DAGs
[2023-08-31T15:29:10.107+0000] {logging_mixin.py:151} INFO - [2023-08-31T15:29:10.106+0000] {dag.py:3677} INFO - Setting next_dagrun for example_python_operator to None, run_after=None
[2023-08-31T15:29:10.118+0000] {processor.py:179} INFO - Processing /home/airflow/.local/lib/python3.8/site-packages/airflow/example_dags/example_python_operator.py took 0.048 seconds
[2023-08-31T15:29:40.392+0000] {processor.py:157} INFO - Started process (PID=6517) to work on /home/airflow/.local/lib/python3.8/site-packages/airflow/example_dags/example_python_operator.py
[2023-08-31T15:29:40.393+0000] {processor.py:829} INFO - Processing file /home/airflow/.local/lib/python3.8/site-packages/airflow/example_dags/example_python_operator.py for tasks to queue
[2023-08-31T15:29:40.394+0000] {logging_mixin.py:151} INFO - [2023-08-31T15:29:40.394+0000] {dagbag.py:539} INFO - Filling up the DagBag from /home/airflow/.local/lib/python3.8/site-packages/airflow/example_dags/example_python_operator.py
[2023-08-31T15:29:40.401+0000] {processor.py:839} INFO - DAG(s) dict_keys(['example_python_operator']) retrieved from /home/airflow/.local/lib/python3.8/site-packages/airflow/example_dags/example_python_operator.py
[2023-08-31T15:29:40.416+0000] {logging_mixin.py:151} INFO - [2023-08-31T15:29:40.416+0000] {dag.py:2907} INFO - Sync 1 DAGs
[2023-08-31T15:29:40.425+0000] {logging_mixin.py:151} INFO - [2023-08-31T15:29:40.424+0000] {dag.py:3677} INFO - Setting next_dagrun for example_python_operator to None, run_after=None
[2023-08-31T15:29:40.437+0000] {processor.py:179} INFO - Processing /home/airflow/.local/lib/python3.8/site-packages/airflow/example_dags/example_python_operator.py took 0.047 seconds
[2023-08-31T15:30:10.598+0000] {processor.py:157} INFO - Started process (PID=6757) to work on /home/airflow/.local/lib/python3.8/site-packages/airflow/example_dags/example_python_operator.py
[2023-08-31T15:30:10.599+0000] {processor.py:829} INFO - Processing file /home/airflow/.local/lib/python3.8/site-packages/airflow/example_dags/example_python_operator.py for tasks to queue
[2023-08-31T15:30:10.600+0000] {logging_mixin.py:151} INFO - [2023-08-31T15:30:10.600+0000] {dagbag.py:539} INFO - Filling up the DagBag from /home/airflow/.local/lib/python3.8/site-packages/airflow/example_dags/example_python_operator.py
[2023-08-31T15:30:10.607+0000] {processor.py:839} INFO - DAG(s) dict_keys(['example_python_operator']) retrieved from /home/airflow/.local/lib/python3.8/site-packages/airflow/example_dags/example_python_operator.py
[2023-08-31T15:30:10.623+0000] {logging_mixin.py:151} INFO - [2023-08-31T15:30:10.623+0000] {dag.py:2907} INFO - Sync 1 DAGs
[2023-08-31T15:30:10.631+0000] {logging_mixin.py:151} INFO - [2023-08-31T15:30:10.631+0000] {dag.py:3677} INFO - Setting next_dagrun for example_python_operator to None, run_after=None
[2023-08-31T15:30:10.644+0000] {processor.py:179} INFO - Processing /home/airflow/.local/lib/python3.8/site-packages/airflow/example_dags/example_python_operator.py took 0.048 seconds
[2023-08-31T15:30:40.948+0000] {processor.py:157} INFO - Started process (PID=7000) to work on /home/airflow/.local/lib/python3.8/site-packages/airflow/example_dags/example_python_operator.py
[2023-08-31T15:30:40.949+0000] {processor.py:829} INFO - Processing file /home/airflow/.local/lib/python3.8/site-packages/airflow/example_dags/example_python_operator.py for tasks to queue
[2023-08-31T15:30:40.950+0000] {logging_mixin.py:151} INFO - [2023-08-31T15:30:40.950+0000] {dagbag.py:539} INFO - Filling up the DagBag from /home/airflow/.local/lib/python3.8/site-packages/airflow/example_dags/example_python_operator.py
[2023-08-31T15:30:40.957+0000] {processor.py:839} INFO - DAG(s) dict_keys(['example_python_operator']) retrieved from /home/airflow/.local/lib/python3.8/site-packages/airflow/example_dags/example_python_operator.py
[2023-08-31T15:30:40.973+0000] {logging_mixin.py:151} INFO - [2023-08-31T15:30:40.973+0000] {dag.py:2907} INFO - Sync 1 DAGs
[2023-08-31T15:30:40.981+0000] {logging_mixin.py:151} INFO - [2023-08-31T15:30:40.981+0000] {dag.py:3677} INFO - Setting next_dagrun for example_python_operator to None, run_after=None
[2023-08-31T15:30:40.992+0000] {processor.py:179} INFO - Processing /home/airflow/.local/lib/python3.8/site-packages/airflow/example_dags/example_python_operator.py took 0.047 seconds
[2023-08-31T15:31:11.295+0000] {processor.py:157} INFO - Started process (PID=7237) to work on /home/airflow/.local/lib/python3.8/site-packages/airflow/example_dags/example_python_operator.py
[2023-08-31T15:31:11.296+0000] {processor.py:829} INFO - Processing file /home/airflow/.local/lib/python3.8/site-packages/airflow/example_dags/example_python_operator.py for tasks to queue
[2023-08-31T15:31:11.297+0000] {logging_mixin.py:151} INFO - [2023-08-31T15:31:11.297+0000] {dagbag.py:539} INFO - Filling up the DagBag from /home/airflow/.local/lib/python3.8/site-packages/airflow/example_dags/example_python_operator.py
[2023-08-31T15:31:11.304+0000] {processor.py:839} INFO - DAG(s) dict_keys(['example_python_operator']) retrieved from /home/airflow/.local/lib/python3.8/site-packages/airflow/example_dags/example_python_operator.py
[2023-08-31T15:31:11.321+0000] {logging_mixin.py:151} INFO - [2023-08-31T15:31:11.320+0000] {dag.py:2907} INFO - Sync 1 DAGs
[2023-08-31T15:31:11.328+0000] {logging_mixin.py:151} INFO - [2023-08-31T15:31:11.328+0000] {dag.py:3677} INFO - Setting next_dagrun for example_python_operator to None, run_after=None
[2023-08-31T15:31:11.339+0000] {processor.py:179} INFO - Processing /home/airflow/.local/lib/python3.8/site-packages/airflow/example_dags/example_python_operator.py took 0.046 seconds
[2023-08-31T15:31:41.758+0000] {processor.py:157} INFO - Started process (PID=7476) to work on /home/airflow/.local/lib/python3.8/site-packages/airflow/example_dags/example_python_operator.py
[2023-08-31T15:31:41.759+0000] {processor.py:829} INFO - Processing file /home/airflow/.local/lib/python3.8/site-packages/airflow/example_dags/example_python_operator.py for tasks to queue
[2023-08-31T15:31:41.761+0000] {logging_mixin.py:151} INFO - [2023-08-31T15:31:41.760+0000] {dagbag.py:539} INFO - Filling up the DagBag from /home/airflow/.local/lib/python3.8/site-packages/airflow/example_dags/example_python_operator.py
[2023-08-31T15:31:41.780+0000] {processor.py:839} INFO - DAG(s) dict_keys(['example_python_operator']) retrieved from /home/airflow/.local/lib/python3.8/site-packages/airflow/example_dags/example_python_operator.py
[2023-08-31T15:31:41.801+0000] {logging_mixin.py:151} INFO - [2023-08-31T15:31:41.801+0000] {dag.py:2907} INFO - Sync 1 DAGs
[2023-08-31T15:31:41.809+0000] {logging_mixin.py:151} INFO - [2023-08-31T15:31:41.809+0000] {dag.py:3677} INFO - Setting next_dagrun for example_python_operator to None, run_after=None
[2023-08-31T15:31:41.822+0000] {processor.py:179} INFO - Processing /home/airflow/.local/lib/python3.8/site-packages/airflow/example_dags/example_python_operator.py took 0.066 seconds
[2023-08-31T15:32:12.101+0000] {processor.py:157} INFO - Started process (PID=7715) to work on /home/airflow/.local/lib/python3.8/site-packages/airflow/example_dags/example_python_operator.py
[2023-08-31T15:32:12.102+0000] {processor.py:829} INFO - Processing file /home/airflow/.local/lib/python3.8/site-packages/airflow/example_dags/example_python_operator.py for tasks to queue
[2023-08-31T15:32:12.103+0000] {logging_mixin.py:151} INFO - [2023-08-31T15:32:12.103+0000] {dagbag.py:539} INFO - Filling up the DagBag from /home/airflow/.local/lib/python3.8/site-packages/airflow/example_dags/example_python_operator.py
[2023-08-31T15:32:12.110+0000] {processor.py:839} INFO - DAG(s) dict_keys(['example_python_operator']) retrieved from /home/airflow/.local/lib/python3.8/site-packages/airflow/example_dags/example_python_operator.py
[2023-08-31T15:32:12.126+0000] {logging_mixin.py:151} INFO - [2023-08-31T15:32:12.126+0000] {dag.py:2907} INFO - Sync 1 DAGs
[2023-08-31T15:32:12.134+0000] {logging_mixin.py:151} INFO - [2023-08-31T15:32:12.134+0000] {dag.py:3677} INFO - Setting next_dagrun for example_python_operator to None, run_after=None
[2023-08-31T15:32:12.146+0000] {processor.py:179} INFO - Processing /home/airflow/.local/lib/python3.8/site-packages/airflow/example_dags/example_python_operator.py took 0.048 seconds
[2023-08-31T15:32:42.540+0000] {processor.py:157} INFO - Started process (PID=7957) to work on /home/airflow/.local/lib/python3.8/site-packages/airflow/example_dags/example_python_operator.py
[2023-08-31T15:32:42.541+0000] {processor.py:829} INFO - Processing file /home/airflow/.local/lib/python3.8/site-packages/airflow/example_dags/example_python_operator.py for tasks to queue
[2023-08-31T15:32:42.542+0000] {logging_mixin.py:151} INFO - [2023-08-31T15:32:42.542+0000] {dagbag.py:539} INFO - Filling up the DagBag from /home/airflow/.local/lib/python3.8/site-packages/airflow/example_dags/example_python_operator.py
[2023-08-31T15:32:42.549+0000] {processor.py:839} INFO - DAG(s) dict_keys(['example_python_operator']) retrieved from /home/airflow/.local/lib/python3.8/site-packages/airflow/example_dags/example_python_operator.py
[2023-08-31T15:32:42.565+0000] {logging_mixin.py:151} INFO - [2023-08-31T15:32:42.565+0000] {dag.py:2907} INFO - Sync 1 DAGs
[2023-08-31T15:32:42.603+0000] {logging_mixin.py:151} INFO - [2023-08-31T15:32:42.602+0000] {dag.py:3677} INFO - Setting next_dagrun for example_python_operator to None, run_after=None
[2023-08-31T15:32:42.614+0000] {processor.py:179} INFO - Processing /home/airflow/.local/lib/python3.8/site-packages/airflow/example_dags/example_python_operator.py took 0.076 seconds
[2023-08-31T15:33:13.004+0000] {processor.py:157} INFO - Started process (PID=8194) to work on /home/airflow/.local/lib/python3.8/site-packages/airflow/example_dags/example_python_operator.py
[2023-08-31T15:33:13.006+0000] {processor.py:829} INFO - Processing file /home/airflow/.local/lib/python3.8/site-packages/airflow/example_dags/example_python_operator.py for tasks to queue
[2023-08-31T15:33:13.007+0000] {logging_mixin.py:151} INFO - [2023-08-31T15:33:13.007+0000] {dagbag.py:539} INFO - Filling up the DagBag from /home/airflow/.local/lib/python3.8/site-packages/airflow/example_dags/example_python_operator.py
[2023-08-31T15:33:13.015+0000] {processor.py:839} INFO - DAG(s) dict_keys(['example_python_operator']) retrieved from /home/airflow/.local/lib/python3.8/site-packages/airflow/example_dags/example_python_operator.py
[2023-08-31T15:33:13.032+0000] {logging_mixin.py:151} INFO - [2023-08-31T15:33:13.032+0000] {dag.py:2907} INFO - Sync 1 DAGs
[2023-08-31T15:33:13.040+0000] {logging_mixin.py:151} INFO - [2023-08-31T15:33:13.040+0000] {dag.py:3677} INFO - Setting next_dagrun for example_python_operator to None, run_after=None
[2023-08-31T15:33:13.052+0000] {processor.py:179} INFO - Processing /home/airflow/.local/lib/python3.8/site-packages/airflow/example_dags/example_python_operator.py took 0.050 seconds
[2023-08-31T15:33:43.455+0000] {processor.py:157} INFO - Started process (PID=8434) to work on /home/airflow/.local/lib/python3.8/site-packages/airflow/example_dags/example_python_operator.py
[2023-08-31T15:33:43.457+0000] {processor.py:829} INFO - Processing file /home/airflow/.local/lib/python3.8/site-packages/airflow/example_dags/example_python_operator.py for tasks to queue
[2023-08-31T15:33:43.458+0000] {logging_mixin.py:151} INFO - [2023-08-31T15:33:43.458+0000] {dagbag.py:539} INFO - Filling up the DagBag from /home/airflow/.local/lib/python3.8/site-packages/airflow/example_dags/example_python_operator.py
[2023-08-31T15:33:43.467+0000] {processor.py:839} INFO - DAG(s) dict_keys(['example_python_operator']) retrieved from /home/airflow/.local/lib/python3.8/site-packages/airflow/example_dags/example_python_operator.py
[2023-08-31T15:33:43.492+0000] {logging_mixin.py:151} INFO - [2023-08-31T15:33:43.492+0000] {dag.py:2907} INFO - Sync 1 DAGs
[2023-08-31T15:33:43.501+0000] {logging_mixin.py:151} INFO - [2023-08-31T15:33:43.501+0000] {dag.py:3677} INFO - Setting next_dagrun for example_python_operator to None, run_after=None
[2023-08-31T15:33:43.513+0000] {processor.py:179} INFO - Processing /home/airflow/.local/lib/python3.8/site-packages/airflow/example_dags/example_python_operator.py took 0.061 seconds
[2023-08-31T15:34:13.997+0000] {processor.py:157} INFO - Started process (PID=8677) to work on /home/airflow/.local/lib/python3.8/site-packages/airflow/example_dags/example_python_operator.py
[2023-08-31T15:34:13.998+0000] {processor.py:829} INFO - Processing file /home/airflow/.local/lib/python3.8/site-packages/airflow/example_dags/example_python_operator.py for tasks to queue
[2023-08-31T15:34:13.999+0000] {logging_mixin.py:151} INFO - [2023-08-31T15:34:13.999+0000] {dagbag.py:539} INFO - Filling up the DagBag from /home/airflow/.local/lib/python3.8/site-packages/airflow/example_dags/example_python_operator.py
[2023-08-31T15:34:14.005+0000] {processor.py:839} INFO - DAG(s) dict_keys(['example_python_operator']) retrieved from /home/airflow/.local/lib/python3.8/site-packages/airflow/example_dags/example_python_operator.py
[2023-08-31T15:34:14.020+0000] {logging_mixin.py:151} INFO - [2023-08-31T15:34:14.020+0000] {dag.py:2907} INFO - Sync 1 DAGs
[2023-08-31T15:34:14.028+0000] {logging_mixin.py:151} INFO - [2023-08-31T15:34:14.028+0000] {dag.py:3677} INFO - Setting next_dagrun for example_python_operator to None, run_after=None
[2023-08-31T15:34:14.038+0000] {processor.py:179} INFO - Processing /home/airflow/.local/lib/python3.8/site-packages/airflow/example_dags/example_python_operator.py took 0.043 seconds
[2023-08-31T15:34:44.337+0000] {processor.py:157} INFO - Started process (PID=8915) to work on /home/airflow/.local/lib/python3.8/site-packages/airflow/example_dags/example_python_operator.py
[2023-08-31T15:34:44.339+0000] {processor.py:829} INFO - Processing file /home/airflow/.local/lib/python3.8/site-packages/airflow/example_dags/example_python_operator.py for tasks to queue
[2023-08-31T15:34:44.340+0000] {logging_mixin.py:151} INFO - [2023-08-31T15:34:44.340+0000] {dagbag.py:539} INFO - Filling up the DagBag from /home/airflow/.local/lib/python3.8/site-packages/airflow/example_dags/example_python_operator.py
[2023-08-31T15:34:44.347+0000] {processor.py:839} INFO - DAG(s) dict_keys(['example_python_operator']) retrieved from /home/airflow/.local/lib/python3.8/site-packages/airflow/example_dags/example_python_operator.py
[2023-08-31T15:34:44.363+0000] {logging_mixin.py:151} INFO - [2023-08-31T15:34:44.362+0000] {dag.py:2907} INFO - Sync 1 DAGs
[2023-08-31T15:34:44.372+0000] {logging_mixin.py:151} INFO - [2023-08-31T15:34:44.371+0000] {dag.py:3677} INFO - Setting next_dagrun for example_python_operator to None, run_after=None
[2023-08-31T15:34:44.383+0000] {processor.py:179} INFO - Processing /home/airflow/.local/lib/python3.8/site-packages/airflow/example_dags/example_python_operator.py took 0.048 seconds
[2023-08-31T15:35:14.765+0000] {processor.py:157} INFO - Started process (PID=9157) to work on /home/airflow/.local/lib/python3.8/site-packages/airflow/example_dags/example_python_operator.py
[2023-08-31T15:35:14.767+0000] {processor.py:829} INFO - Processing file /home/airflow/.local/lib/python3.8/site-packages/airflow/example_dags/example_python_operator.py for tasks to queue
[2023-08-31T15:35:14.768+0000] {logging_mixin.py:151} INFO - [2023-08-31T15:35:14.767+0000] {dagbag.py:539} INFO - Filling up the DagBag from /home/airflow/.local/lib/python3.8/site-packages/airflow/example_dags/example_python_operator.py
[2023-08-31T15:35:14.775+0000] {processor.py:839} INFO - DAG(s) dict_keys(['example_python_operator']) retrieved from /home/airflow/.local/lib/python3.8/site-packages/airflow/example_dags/example_python_operator.py
[2023-08-31T15:35:14.793+0000] {logging_mixin.py:151} INFO - [2023-08-31T15:35:14.793+0000] {dag.py:2907} INFO - Sync 1 DAGs
[2023-08-31T15:35:14.802+0000] {logging_mixin.py:151} INFO - [2023-08-31T15:35:14.801+0000] {dag.py:3677} INFO - Setting next_dagrun for example_python_operator to None, run_after=None
[2023-08-31T15:35:14.813+0000] {processor.py:179} INFO - Processing /home/airflow/.local/lib/python3.8/site-packages/airflow/example_dags/example_python_operator.py took 0.050 seconds
[2023-08-31T15:35:45.132+0000] {processor.py:157} INFO - Started process (PID=9400) to work on /home/airflow/.local/lib/python3.8/site-packages/airflow/example_dags/example_python_operator.py
[2023-08-31T15:35:45.133+0000] {processor.py:829} INFO - Processing file /home/airflow/.local/lib/python3.8/site-packages/airflow/example_dags/example_python_operator.py for tasks to queue
[2023-08-31T15:35:45.134+0000] {logging_mixin.py:151} INFO - [2023-08-31T15:35:45.134+0000] {dagbag.py:539} INFO - Filling up the DagBag from /home/airflow/.local/lib/python3.8/site-packages/airflow/example_dags/example_python_operator.py
[2023-08-31T15:35:45.141+0000] {processor.py:839} INFO - DAG(s) dict_keys(['example_python_operator']) retrieved from /home/airflow/.local/lib/python3.8/site-packages/airflow/example_dags/example_python_operator.py
[2023-08-31T15:35:45.157+0000] {logging_mixin.py:151} INFO - [2023-08-31T15:35:45.157+0000] {dag.py:2907} INFO - Sync 1 DAGs
[2023-08-31T15:35:45.166+0000] {logging_mixin.py:151} INFO - [2023-08-31T15:35:45.166+0000] {dag.py:3677} INFO - Setting next_dagrun for example_python_operator to None, run_after=None
[2023-08-31T15:35:45.176+0000] {processor.py:179} INFO - Processing /home/airflow/.local/lib/python3.8/site-packages/airflow/example_dags/example_python_operator.py took 0.047 seconds
[2023-08-31T15:36:15.487+0000] {processor.py:157} INFO - Started process (PID=9639) to work on /home/airflow/.local/lib/python3.8/site-packages/airflow/example_dags/example_python_operator.py
[2023-08-31T15:36:15.489+0000] {processor.py:829} INFO - Processing file /home/airflow/.local/lib/python3.8/site-packages/airflow/example_dags/example_python_operator.py for tasks to queue
[2023-08-31T15:36:15.489+0000] {logging_mixin.py:151} INFO - [2023-08-31T15:36:15.489+0000] {dagbag.py:539} INFO - Filling up the DagBag from /home/airflow/.local/lib/python3.8/site-packages/airflow/example_dags/example_python_operator.py
[2023-08-31T15:36:15.496+0000] {processor.py:839} INFO - DAG(s) dict_keys(['example_python_operator']) retrieved from /home/airflow/.local/lib/python3.8/site-packages/airflow/example_dags/example_python_operator.py
[2023-08-31T15:36:15.514+0000] {logging_mixin.py:151} INFO - [2023-08-31T15:36:15.513+0000] {dag.py:2907} INFO - Sync 1 DAGs
[2023-08-31T15:36:15.521+0000] {logging_mixin.py:151} INFO - [2023-08-31T15:36:15.521+0000] {dag.py:3677} INFO - Setting next_dagrun for example_python_operator to None, run_after=None
[2023-08-31T15:36:15.533+0000] {processor.py:179} INFO - Processing /home/airflow/.local/lib/python3.8/site-packages/airflow/example_dags/example_python_operator.py took 0.048 seconds
[2023-08-31T15:36:45.817+0000] {processor.py:157} INFO - Started process (PID=9877) to work on /home/airflow/.local/lib/python3.8/site-packages/airflow/example_dags/example_python_operator.py
[2023-08-31T15:36:45.819+0000] {processor.py:829} INFO - Processing file /home/airflow/.local/lib/python3.8/site-packages/airflow/example_dags/example_python_operator.py for tasks to queue
[2023-08-31T15:36:45.820+0000] {logging_mixin.py:151} INFO - [2023-08-31T15:36:45.820+0000] {dagbag.py:539} INFO - Filling up the DagBag from /home/airflow/.local/lib/python3.8/site-packages/airflow/example_dags/example_python_operator.py
[2023-08-31T15:36:45.828+0000] {processor.py:839} INFO - DAG(s) dict_keys(['example_python_operator']) retrieved from /home/airflow/.local/lib/python3.8/site-packages/airflow/example_dags/example_python_operator.py
[2023-08-31T15:36:45.845+0000] {logging_mixin.py:151} INFO - [2023-08-31T15:36:45.845+0000] {dag.py:2907} INFO - Sync 1 DAGs
[2023-08-31T15:36:45.852+0000] {logging_mixin.py:151} INFO - [2023-08-31T15:36:45.852+0000] {dag.py:3677} INFO - Setting next_dagrun for example_python_operator to None, run_after=None
[2023-08-31T15:36:45.864+0000] {processor.py:179} INFO - Processing /home/airflow/.local/lib/python3.8/site-packages/airflow/example_dags/example_python_operator.py took 0.050 seconds
[2023-08-31T15:37:16.135+0000] {processor.py:157} INFO - Started process (PID=10117) to work on /home/airflow/.local/lib/python3.8/site-packages/airflow/example_dags/example_python_operator.py
[2023-08-31T15:37:16.136+0000] {processor.py:829} INFO - Processing file /home/airflow/.local/lib/python3.8/site-packages/airflow/example_dags/example_python_operator.py for tasks to queue
[2023-08-31T15:37:16.137+0000] {logging_mixin.py:151} INFO - [2023-08-31T15:37:16.137+0000] {dagbag.py:539} INFO - Filling up the DagBag from /home/airflow/.local/lib/python3.8/site-packages/airflow/example_dags/example_python_operator.py
[2023-08-31T15:37:16.144+0000] {processor.py:839} INFO - DAG(s) dict_keys(['example_python_operator']) retrieved from /home/airflow/.local/lib/python3.8/site-packages/airflow/example_dags/example_python_operator.py
[2023-08-31T15:37:16.160+0000] {logging_mixin.py:151} INFO - [2023-08-31T15:37:16.160+0000] {dag.py:2907} INFO - Sync 1 DAGs
[2023-08-31T15:37:16.167+0000] {logging_mixin.py:151} INFO - [2023-08-31T15:37:16.167+0000] {dag.py:3677} INFO - Setting next_dagrun for example_python_operator to None, run_after=None
[2023-08-31T15:37:16.178+0000] {processor.py:179} INFO - Processing /home/airflow/.local/lib/python3.8/site-packages/airflow/example_dags/example_python_operator.py took 0.046 seconds
[2023-08-31T15:37:46.414+0000] {processor.py:157} INFO - Started process (PID=10357) to work on /home/airflow/.local/lib/python3.8/site-packages/airflow/example_dags/example_python_operator.py
[2023-08-31T15:37:46.415+0000] {processor.py:829} INFO - Processing file /home/airflow/.local/lib/python3.8/site-packages/airflow/example_dags/example_python_operator.py for tasks to queue
[2023-08-31T15:37:46.416+0000] {logging_mixin.py:151} INFO - [2023-08-31T15:37:46.416+0000] {dagbag.py:539} INFO - Filling up the DagBag from /home/airflow/.local/lib/python3.8/site-packages/airflow/example_dags/example_python_operator.py
[2023-08-31T15:37:46.423+0000] {processor.py:839} INFO - DAG(s) dict_keys(['example_python_operator']) retrieved from /home/airflow/.local/lib/python3.8/site-packages/airflow/example_dags/example_python_operator.py
[2023-08-31T15:37:46.439+0000] {logging_mixin.py:151} INFO - [2023-08-31T15:37:46.439+0000] {dag.py:2907} INFO - Sync 1 DAGs
[2023-08-31T15:37:46.446+0000] {logging_mixin.py:151} INFO - [2023-08-31T15:37:46.446+0000] {dag.py:3677} INFO - Setting next_dagrun for example_python_operator to None, run_after=None
[2023-08-31T15:37:46.461+0000] {processor.py:179} INFO - Processing /home/airflow/.local/lib/python3.8/site-packages/airflow/example_dags/example_python_operator.py took 0.049 seconds
