[2023-08-31T15:16:29.405+0000] {processor.py:157} INFO - Started process (PID=267) to work on /home/airflow/.local/lib/python3.8/site-packages/airflow/example_dags/example_branch_python_dop_operator_3.py
[2023-08-31T15:16:29.407+0000] {processor.py:829} INFO - Processing file /home/airflow/.local/lib/python3.8/site-packages/airflow/example_dags/example_branch_python_dop_operator_3.py for tasks to queue
[2023-08-31T15:16:29.409+0000] {logging_mixin.py:151} INFO - [2023-08-31T15:16:29.408+0000] {dagbag.py:539} INFO - Filling up the DagBag from /home/airflow/.local/lib/python3.8/site-packages/airflow/example_dags/example_branch_python_dop_operator_3.py
[2023-08-31T15:16:29.421+0000] {processor.py:839} INFO - DAG(s) dict_keys(['example_branch_dop_operator_v3']) retrieved from /home/airflow/.local/lib/python3.8/site-packages/airflow/example_dags/example_branch_python_dop_operator_3.py
[2023-08-31T15:16:29.433+0000] {logging_mixin.py:151} INFO - [2023-08-31T15:16:29.433+0000] {dag.py:2907} INFO - Sync 1 DAGs
[2023-08-31T15:16:29.454+0000] {logging_mixin.py:151} INFO - [2023-08-31T15:16:29.454+0000] {dag.py:3677} INFO - Setting next_dagrun for example_branch_dop_operator_v3 to 2023-08-31T15:15:00+00:00, run_after=2023-08-31T15:16:00+00:00
[2023-08-31T15:16:29.468+0000] {processor.py:179} INFO - Processing /home/airflow/.local/lib/python3.8/site-packages/airflow/example_dags/example_branch_python_dop_operator_3.py took 0.065 seconds
[2023-08-31T15:17:00.407+0000] {processor.py:157} INFO - Started process (PID=512) to work on /home/airflow/.local/lib/python3.8/site-packages/airflow/example_dags/example_branch_python_dop_operator_3.py
[2023-08-31T15:17:00.408+0000] {processor.py:829} INFO - Processing file /home/airflow/.local/lib/python3.8/site-packages/airflow/example_dags/example_branch_python_dop_operator_3.py for tasks to queue
[2023-08-31T15:17:00.409+0000] {logging_mixin.py:151} INFO - [2023-08-31T15:17:00.409+0000] {dagbag.py:539} INFO - Filling up the DagBag from /home/airflow/.local/lib/python3.8/site-packages/airflow/example_dags/example_branch_python_dop_operator_3.py
[2023-08-31T15:17:00.416+0000] {processor.py:839} INFO - DAG(s) dict_keys(['example_branch_dop_operator_v3']) retrieved from /home/airflow/.local/lib/python3.8/site-packages/airflow/example_dags/example_branch_python_dop_operator_3.py
[2023-08-31T15:17:00.432+0000] {logging_mixin.py:151} INFO - [2023-08-31T15:17:00.432+0000] {dag.py:2907} INFO - Sync 1 DAGs
[2023-08-31T15:17:00.449+0000] {logging_mixin.py:151} INFO - [2023-08-31T15:17:00.449+0000] {dag.py:3677} INFO - Setting next_dagrun for example_branch_dop_operator_v3 to 2023-08-31T15:16:00+00:00, run_after=2023-08-31T15:17:00+00:00
[2023-08-31T15:17:00.463+0000] {processor.py:179} INFO - Processing /home/airflow/.local/lib/python3.8/site-packages/airflow/example_dags/example_branch_python_dop_operator_3.py took 0.058 seconds
[2023-08-31T15:17:31.427+0000] {processor.py:157} INFO - Started process (PID=751) to work on /home/airflow/.local/lib/python3.8/site-packages/airflow/example_dags/example_branch_python_dop_operator_3.py
[2023-08-31T15:17:31.428+0000] {processor.py:829} INFO - Processing file /home/airflow/.local/lib/python3.8/site-packages/airflow/example_dags/example_branch_python_dop_operator_3.py for tasks to queue
[2023-08-31T15:17:31.429+0000] {logging_mixin.py:151} INFO - [2023-08-31T15:17:31.429+0000] {dagbag.py:539} INFO - Filling up the DagBag from /home/airflow/.local/lib/python3.8/site-packages/airflow/example_dags/example_branch_python_dop_operator_3.py
[2023-08-31T15:17:31.436+0000] {processor.py:839} INFO - DAG(s) dict_keys(['example_branch_dop_operator_v3']) retrieved from /home/airflow/.local/lib/python3.8/site-packages/airflow/example_dags/example_branch_python_dop_operator_3.py
[2023-08-31T15:17:31.450+0000] {logging_mixin.py:151} INFO - [2023-08-31T15:17:31.450+0000] {dag.py:2907} INFO - Sync 1 DAGs
[2023-08-31T15:17:31.467+0000] {logging_mixin.py:151} INFO - [2023-08-31T15:17:31.467+0000] {dag.py:3677} INFO - Setting next_dagrun for example_branch_dop_operator_v3 to 2023-08-31T15:16:00+00:00, run_after=2023-08-31T15:17:00+00:00
[2023-08-31T15:17:31.479+0000] {processor.py:179} INFO - Processing /home/airflow/.local/lib/python3.8/site-packages/airflow/example_dags/example_branch_python_dop_operator_3.py took 0.055 seconds
[2023-08-31T15:18:01.995+0000] {processor.py:157} INFO - Started process (PID=990) to work on /home/airflow/.local/lib/python3.8/site-packages/airflow/example_dags/example_branch_python_dop_operator_3.py
[2023-08-31T15:18:01.997+0000] {processor.py:829} INFO - Processing file /home/airflow/.local/lib/python3.8/site-packages/airflow/example_dags/example_branch_python_dop_operator_3.py for tasks to queue
[2023-08-31T15:18:01.999+0000] {logging_mixin.py:151} INFO - [2023-08-31T15:18:01.998+0000] {dagbag.py:539} INFO - Filling up the DagBag from /home/airflow/.local/lib/python3.8/site-packages/airflow/example_dags/example_branch_python_dop_operator_3.py
[2023-08-31T15:18:02.007+0000] {processor.py:839} INFO - DAG(s) dict_keys(['example_branch_dop_operator_v3']) retrieved from /home/airflow/.local/lib/python3.8/site-packages/airflow/example_dags/example_branch_python_dop_operator_3.py
[2023-08-31T15:18:02.028+0000] {logging_mixin.py:151} INFO - [2023-08-31T15:18:02.027+0000] {dag.py:2907} INFO - Sync 1 DAGs
[2023-08-31T15:18:02.052+0000] {logging_mixin.py:151} INFO - [2023-08-31T15:18:02.052+0000] {dag.py:3677} INFO - Setting next_dagrun for example_branch_dop_operator_v3 to 2023-08-31T15:17:00+00:00, run_after=2023-08-31T15:18:00+00:00
[2023-08-31T15:18:02.068+0000] {processor.py:179} INFO - Processing /home/airflow/.local/lib/python3.8/site-packages/airflow/example_dags/example_branch_python_dop_operator_3.py took 0.076 seconds
[2023-08-31T15:18:32.699+0000] {processor.py:157} INFO - Started process (PID=1255) to work on /home/airflow/.local/lib/python3.8/site-packages/airflow/example_dags/example_branch_python_dop_operator_3.py
[2023-08-31T15:18:32.700+0000] {processor.py:829} INFO - Processing file /home/airflow/.local/lib/python3.8/site-packages/airflow/example_dags/example_branch_python_dop_operator_3.py for tasks to queue
[2023-08-31T15:18:32.701+0000] {logging_mixin.py:151} INFO - [2023-08-31T15:18:32.701+0000] {dagbag.py:539} INFO - Filling up the DagBag from /home/airflow/.local/lib/python3.8/site-packages/airflow/example_dags/example_branch_python_dop_operator_3.py
[2023-08-31T15:18:32.708+0000] {processor.py:839} INFO - DAG(s) dict_keys(['example_branch_dop_operator_v3']) retrieved from /home/airflow/.local/lib/python3.8/site-packages/airflow/example_dags/example_branch_python_dop_operator_3.py
[2023-08-31T15:18:32.722+0000] {logging_mixin.py:151} INFO - [2023-08-31T15:18:32.722+0000] {dag.py:2907} INFO - Sync 1 DAGs
[2023-08-31T15:18:32.737+0000] {logging_mixin.py:151} INFO - [2023-08-31T15:18:32.737+0000] {dag.py:3677} INFO - Setting next_dagrun for example_branch_dop_operator_v3 to 2023-08-31T15:17:00+00:00, run_after=2023-08-31T15:18:00+00:00
[2023-08-31T15:18:32.748+0000] {processor.py:179} INFO - Processing /home/airflow/.local/lib/python3.8/site-packages/airflow/example_dags/example_branch_python_dop_operator_3.py took 0.052 seconds
[2023-08-31T15:19:03.203+0000] {processor.py:157} INFO - Started process (PID=1494) to work on /home/airflow/.local/lib/python3.8/site-packages/airflow/example_dags/example_branch_python_dop_operator_3.py
[2023-08-31T15:19:03.204+0000] {processor.py:829} INFO - Processing file /home/airflow/.local/lib/python3.8/site-packages/airflow/example_dags/example_branch_python_dop_operator_3.py for tasks to queue
[2023-08-31T15:19:03.205+0000] {logging_mixin.py:151} INFO - [2023-08-31T15:19:03.205+0000] {dagbag.py:539} INFO - Filling up the DagBag from /home/airflow/.local/lib/python3.8/site-packages/airflow/example_dags/example_branch_python_dop_operator_3.py
[2023-08-31T15:19:03.214+0000] {processor.py:839} INFO - DAG(s) dict_keys(['example_branch_dop_operator_v3']) retrieved from /home/airflow/.local/lib/python3.8/site-packages/airflow/example_dags/example_branch_python_dop_operator_3.py
[2023-08-31T15:19:03.228+0000] {logging_mixin.py:151} INFO - [2023-08-31T15:19:03.228+0000] {dag.py:2907} INFO - Sync 1 DAGs
[2023-08-31T15:19:03.248+0000] {logging_mixin.py:151} INFO - [2023-08-31T15:19:03.248+0000] {dag.py:3677} INFO - Setting next_dagrun for example_branch_dop_operator_v3 to 2023-08-31T15:18:00+00:00, run_after=2023-08-31T15:19:00+00:00
[2023-08-31T15:19:03.262+0000] {processor.py:179} INFO - Processing /home/airflow/.local/lib/python3.8/site-packages/airflow/example_dags/example_branch_python_dop_operator_3.py took 0.062 seconds
[2023-08-31T15:19:33.618+0000] {processor.py:157} INFO - Started process (PID=1737) to work on /home/airflow/.local/lib/python3.8/site-packages/airflow/example_dags/example_branch_python_dop_operator_3.py
[2023-08-31T15:19:33.619+0000] {processor.py:829} INFO - Processing file /home/airflow/.local/lib/python3.8/site-packages/airflow/example_dags/example_branch_python_dop_operator_3.py for tasks to queue
[2023-08-31T15:19:33.620+0000] {logging_mixin.py:151} INFO - [2023-08-31T15:19:33.620+0000] {dagbag.py:539} INFO - Filling up the DagBag from /home/airflow/.local/lib/python3.8/site-packages/airflow/example_dags/example_branch_python_dop_operator_3.py
[2023-08-31T15:19:33.627+0000] {processor.py:839} INFO - DAG(s) dict_keys(['example_branch_dop_operator_v3']) retrieved from /home/airflow/.local/lib/python3.8/site-packages/airflow/example_dags/example_branch_python_dop_operator_3.py
[2023-08-31T15:19:33.642+0000] {logging_mixin.py:151} INFO - [2023-08-31T15:19:33.642+0000] {dag.py:2907} INFO - Sync 1 DAGs
[2023-08-31T15:19:33.657+0000] {logging_mixin.py:151} INFO - [2023-08-31T15:19:33.657+0000] {dag.py:3677} INFO - Setting next_dagrun for example_branch_dop_operator_v3 to 2023-08-31T15:18:00+00:00, run_after=2023-08-31T15:19:00+00:00
[2023-08-31T15:19:33.667+0000] {processor.py:179} INFO - Processing /home/airflow/.local/lib/python3.8/site-packages/airflow/example_dags/example_branch_python_dop_operator_3.py took 0.051 seconds
[2023-08-31T15:20:03.896+0000] {processor.py:157} INFO - Started process (PID=1977) to work on /home/airflow/.local/lib/python3.8/site-packages/airflow/example_dags/example_branch_python_dop_operator_3.py
[2023-08-31T15:20:03.898+0000] {processor.py:829} INFO - Processing file /home/airflow/.local/lib/python3.8/site-packages/airflow/example_dags/example_branch_python_dop_operator_3.py for tasks to queue
[2023-08-31T15:20:03.899+0000] {logging_mixin.py:151} INFO - [2023-08-31T15:20:03.899+0000] {dagbag.py:539} INFO - Filling up the DagBag from /home/airflow/.local/lib/python3.8/site-packages/airflow/example_dags/example_branch_python_dop_operator_3.py
[2023-08-31T15:20:03.905+0000] {processor.py:839} INFO - DAG(s) dict_keys(['example_branch_dop_operator_v3']) retrieved from /home/airflow/.local/lib/python3.8/site-packages/airflow/example_dags/example_branch_python_dop_operator_3.py
[2023-08-31T15:20:03.920+0000] {logging_mixin.py:151} INFO - [2023-08-31T15:20:03.920+0000] {dag.py:2907} INFO - Sync 1 DAGs
[2023-08-31T15:20:03.935+0000] {logging_mixin.py:151} INFO - [2023-08-31T15:20:03.935+0000] {dag.py:3677} INFO - Setting next_dagrun for example_branch_dop_operator_v3 to 2023-08-31T15:19:00+00:00, run_after=2023-08-31T15:20:00+00:00
[2023-08-31T15:20:03.946+0000] {processor.py:179} INFO - Processing /home/airflow/.local/lib/python3.8/site-packages/airflow/example_dags/example_branch_python_dop_operator_3.py took 0.052 seconds
[2023-08-31T15:20:34.242+0000] {processor.py:157} INFO - Started process (PID=2214) to work on /home/airflow/.local/lib/python3.8/site-packages/airflow/example_dags/example_branch_python_dop_operator_3.py
[2023-08-31T15:20:34.243+0000] {processor.py:829} INFO - Processing file /home/airflow/.local/lib/python3.8/site-packages/airflow/example_dags/example_branch_python_dop_operator_3.py for tasks to queue
[2023-08-31T15:20:34.244+0000] {logging_mixin.py:151} INFO - [2023-08-31T15:20:34.244+0000] {dagbag.py:539} INFO - Filling up the DagBag from /home/airflow/.local/lib/python3.8/site-packages/airflow/example_dags/example_branch_python_dop_operator_3.py
[2023-08-31T15:20:34.251+0000] {processor.py:839} INFO - DAG(s) dict_keys(['example_branch_dop_operator_v3']) retrieved from /home/airflow/.local/lib/python3.8/site-packages/airflow/example_dags/example_branch_python_dop_operator_3.py
[2023-08-31T15:20:34.267+0000] {logging_mixin.py:151} INFO - [2023-08-31T15:20:34.266+0000] {dag.py:2907} INFO - Sync 1 DAGs
[2023-08-31T15:20:34.283+0000] {logging_mixin.py:151} INFO - [2023-08-31T15:20:34.283+0000] {dag.py:3677} INFO - Setting next_dagrun for example_branch_dop_operator_v3 to 2023-08-31T15:19:00+00:00, run_after=2023-08-31T15:20:00+00:00
[2023-08-31T15:20:34.294+0000] {processor.py:179} INFO - Processing /home/airflow/.local/lib/python3.8/site-packages/airflow/example_dags/example_branch_python_dop_operator_3.py took 0.055 seconds
[2023-08-31T15:21:04.481+0000] {processor.py:157} INFO - Started process (PID=2455) to work on /home/airflow/.local/lib/python3.8/site-packages/airflow/example_dags/example_branch_python_dop_operator_3.py
[2023-08-31T15:21:04.482+0000] {processor.py:829} INFO - Processing file /home/airflow/.local/lib/python3.8/site-packages/airflow/example_dags/example_branch_python_dop_operator_3.py for tasks to queue
[2023-08-31T15:21:04.483+0000] {logging_mixin.py:151} INFO - [2023-08-31T15:21:04.483+0000] {dagbag.py:539} INFO - Filling up the DagBag from /home/airflow/.local/lib/python3.8/site-packages/airflow/example_dags/example_branch_python_dop_operator_3.py
[2023-08-31T15:21:04.490+0000] {processor.py:839} INFO - DAG(s) dict_keys(['example_branch_dop_operator_v3']) retrieved from /home/airflow/.local/lib/python3.8/site-packages/airflow/example_dags/example_branch_python_dop_operator_3.py
[2023-08-31T15:21:04.505+0000] {logging_mixin.py:151} INFO - [2023-08-31T15:21:04.505+0000] {dag.py:2907} INFO - Sync 1 DAGs
[2023-08-31T15:21:04.521+0000] {logging_mixin.py:151} INFO - [2023-08-31T15:21:04.520+0000] {dag.py:3677} INFO - Setting next_dagrun for example_branch_dop_operator_v3 to 2023-08-31T15:20:00+00:00, run_after=2023-08-31T15:21:00+00:00
[2023-08-31T15:21:04.533+0000] {processor.py:179} INFO - Processing /home/airflow/.local/lib/python3.8/site-packages/airflow/example_dags/example_branch_python_dop_operator_3.py took 0.054 seconds
[2023-08-31T15:21:34.826+0000] {processor.py:157} INFO - Started process (PID=2697) to work on /home/airflow/.local/lib/python3.8/site-packages/airflow/example_dags/example_branch_python_dop_operator_3.py
[2023-08-31T15:21:34.828+0000] {processor.py:829} INFO - Processing file /home/airflow/.local/lib/python3.8/site-packages/airflow/example_dags/example_branch_python_dop_operator_3.py for tasks to queue
[2023-08-31T15:21:34.829+0000] {logging_mixin.py:151} INFO - [2023-08-31T15:21:34.829+0000] {dagbag.py:539} INFO - Filling up the DagBag from /home/airflow/.local/lib/python3.8/site-packages/airflow/example_dags/example_branch_python_dop_operator_3.py
[2023-08-31T15:21:34.836+0000] {processor.py:839} INFO - DAG(s) dict_keys(['example_branch_dop_operator_v3']) retrieved from /home/airflow/.local/lib/python3.8/site-packages/airflow/example_dags/example_branch_python_dop_operator_3.py
[2023-08-31T15:21:34.850+0000] {logging_mixin.py:151} INFO - [2023-08-31T15:21:34.850+0000] {dag.py:2907} INFO - Sync 1 DAGs
[2023-08-31T15:21:34.866+0000] {logging_mixin.py:151} INFO - [2023-08-31T15:21:34.866+0000] {dag.py:3677} INFO - Setting next_dagrun for example_branch_dop_operator_v3 to 2023-08-31T15:20:00+00:00, run_after=2023-08-31T15:21:00+00:00
[2023-08-31T15:21:34.877+0000] {processor.py:179} INFO - Processing /home/airflow/.local/lib/python3.8/site-packages/airflow/example_dags/example_branch_python_dop_operator_3.py took 0.053 seconds
[2023-08-31T15:22:05.134+0000] {processor.py:157} INFO - Started process (PID=2937) to work on /home/airflow/.local/lib/python3.8/site-packages/airflow/example_dags/example_branch_python_dop_operator_3.py
[2023-08-31T15:22:05.136+0000] {processor.py:829} INFO - Processing file /home/airflow/.local/lib/python3.8/site-packages/airflow/example_dags/example_branch_python_dop_operator_3.py for tasks to queue
[2023-08-31T15:22:05.137+0000] {logging_mixin.py:151} INFO - [2023-08-31T15:22:05.136+0000] {dagbag.py:539} INFO - Filling up the DagBag from /home/airflow/.local/lib/python3.8/site-packages/airflow/example_dags/example_branch_python_dop_operator_3.py
[2023-08-31T15:22:05.144+0000] {processor.py:839} INFO - DAG(s) dict_keys(['example_branch_dop_operator_v3']) retrieved from /home/airflow/.local/lib/python3.8/site-packages/airflow/example_dags/example_branch_python_dop_operator_3.py
[2023-08-31T15:22:05.159+0000] {logging_mixin.py:151} INFO - [2023-08-31T15:22:05.158+0000] {dag.py:2907} INFO - Sync 1 DAGs
[2023-08-31T15:22:05.176+0000] {logging_mixin.py:151} INFO - [2023-08-31T15:22:05.176+0000] {dag.py:3677} INFO - Setting next_dagrun for example_branch_dop_operator_v3 to 2023-08-31T15:21:00+00:00, run_after=2023-08-31T15:22:00+00:00
[2023-08-31T15:22:05.189+0000] {processor.py:179} INFO - Processing /home/airflow/.local/lib/python3.8/site-packages/airflow/example_dags/example_branch_python_dop_operator_3.py took 0.057 seconds
[2023-08-31T15:22:35.754+0000] {processor.py:157} INFO - Started process (PID=3179) to work on /home/airflow/.local/lib/python3.8/site-packages/airflow/example_dags/example_branch_python_dop_operator_3.py
[2023-08-31T15:22:35.756+0000] {processor.py:829} INFO - Processing file /home/airflow/.local/lib/python3.8/site-packages/airflow/example_dags/example_branch_python_dop_operator_3.py for tasks to queue
[2023-08-31T15:22:35.757+0000] {logging_mixin.py:151} INFO - [2023-08-31T15:22:35.757+0000] {dagbag.py:539} INFO - Filling up the DagBag from /home/airflow/.local/lib/python3.8/site-packages/airflow/example_dags/example_branch_python_dop_operator_3.py
[2023-08-31T15:22:35.768+0000] {processor.py:839} INFO - DAG(s) dict_keys(['example_branch_dop_operator_v3']) retrieved from /home/airflow/.local/lib/python3.8/site-packages/airflow/example_dags/example_branch_python_dop_operator_3.py
[2023-08-31T15:22:35.782+0000] {logging_mixin.py:151} INFO - [2023-08-31T15:22:35.782+0000] {dag.py:2907} INFO - Sync 1 DAGs
[2023-08-31T15:22:35.800+0000] {logging_mixin.py:151} INFO - [2023-08-31T15:22:35.800+0000] {dag.py:3677} INFO - Setting next_dagrun for example_branch_dop_operator_v3 to 2023-08-31T15:21:00+00:00, run_after=2023-08-31T15:22:00+00:00
[2023-08-31T15:22:35.812+0000] {processor.py:179} INFO - Processing /home/airflow/.local/lib/python3.8/site-packages/airflow/example_dags/example_branch_python_dop_operator_3.py took 0.060 seconds
[2023-08-31T15:23:06.261+0000] {processor.py:157} INFO - Started process (PID=3421) to work on /home/airflow/.local/lib/python3.8/site-packages/airflow/example_dags/example_branch_python_dop_operator_3.py
[2023-08-31T15:23:06.263+0000] {processor.py:829} INFO - Processing file /home/airflow/.local/lib/python3.8/site-packages/airflow/example_dags/example_branch_python_dop_operator_3.py for tasks to queue
[2023-08-31T15:23:06.264+0000] {logging_mixin.py:151} INFO - [2023-08-31T15:23:06.264+0000] {dagbag.py:539} INFO - Filling up the DagBag from /home/airflow/.local/lib/python3.8/site-packages/airflow/example_dags/example_branch_python_dop_operator_3.py
[2023-08-31T15:23:06.272+0000] {processor.py:839} INFO - DAG(s) dict_keys(['example_branch_dop_operator_v3']) retrieved from /home/airflow/.local/lib/python3.8/site-packages/airflow/example_dags/example_branch_python_dop_operator_3.py
[2023-08-31T15:23:06.287+0000] {logging_mixin.py:151} INFO - [2023-08-31T15:23:06.287+0000] {dag.py:2907} INFO - Sync 1 DAGs
[2023-08-31T15:23:06.303+0000] {logging_mixin.py:151} INFO - [2023-08-31T15:23:06.303+0000] {dag.py:3677} INFO - Setting next_dagrun for example_branch_dop_operator_v3 to 2023-08-31T15:22:00+00:00, run_after=2023-08-31T15:23:00+00:00
[2023-08-31T15:23:06.351+0000] {processor.py:179} INFO - Processing /home/airflow/.local/lib/python3.8/site-packages/airflow/example_dags/example_branch_python_dop_operator_3.py took 0.092 seconds
[2023-08-31T15:23:36.690+0000] {processor.py:157} INFO - Started process (PID=3659) to work on /home/airflow/.local/lib/python3.8/site-packages/airflow/example_dags/example_branch_python_dop_operator_3.py
[2023-08-31T15:23:36.692+0000] {processor.py:829} INFO - Processing file /home/airflow/.local/lib/python3.8/site-packages/airflow/example_dags/example_branch_python_dop_operator_3.py for tasks to queue
[2023-08-31T15:23:36.698+0000] {logging_mixin.py:151} INFO - [2023-08-31T15:23:36.698+0000] {dagbag.py:539} INFO - Filling up the DagBag from /home/airflow/.local/lib/python3.8/site-packages/airflow/example_dags/example_branch_python_dop_operator_3.py
[2023-08-31T15:23:36.705+0000] {processor.py:839} INFO - DAG(s) dict_keys(['example_branch_dop_operator_v3']) retrieved from /home/airflow/.local/lib/python3.8/site-packages/airflow/example_dags/example_branch_python_dop_operator_3.py
[2023-08-31T15:23:36.724+0000] {logging_mixin.py:151} INFO - [2023-08-31T15:23:36.723+0000] {dag.py:2907} INFO - Sync 1 DAGs
[2023-08-31T15:23:36.739+0000] {logging_mixin.py:151} INFO - [2023-08-31T15:23:36.739+0000] {dag.py:3677} INFO - Setting next_dagrun for example_branch_dop_operator_v3 to 2023-08-31T15:22:00+00:00, run_after=2023-08-31T15:23:00+00:00
[2023-08-31T15:23:36.754+0000] {processor.py:179} INFO - Processing /home/airflow/.local/lib/python3.8/site-packages/airflow/example_dags/example_branch_python_dop_operator_3.py took 0.066 seconds
[2023-08-31T15:24:07.035+0000] {processor.py:157} INFO - Started process (PID=3901) to work on /home/airflow/.local/lib/python3.8/site-packages/airflow/example_dags/example_branch_python_dop_operator_3.py
[2023-08-31T15:24:07.037+0000] {processor.py:829} INFO - Processing file /home/airflow/.local/lib/python3.8/site-packages/airflow/example_dags/example_branch_python_dop_operator_3.py for tasks to queue
[2023-08-31T15:24:07.038+0000] {logging_mixin.py:151} INFO - [2023-08-31T15:24:07.037+0000] {dagbag.py:539} INFO - Filling up the DagBag from /home/airflow/.local/lib/python3.8/site-packages/airflow/example_dags/example_branch_python_dop_operator_3.py
[2023-08-31T15:24:07.044+0000] {processor.py:839} INFO - DAG(s) dict_keys(['example_branch_dop_operator_v3']) retrieved from /home/airflow/.local/lib/python3.8/site-packages/airflow/example_dags/example_branch_python_dop_operator_3.py
[2023-08-31T15:24:07.059+0000] {logging_mixin.py:151} INFO - [2023-08-31T15:24:07.059+0000] {dag.py:2907} INFO - Sync 1 DAGs
[2023-08-31T15:24:07.076+0000] {logging_mixin.py:151} INFO - [2023-08-31T15:24:07.076+0000] {dag.py:3677} INFO - Setting next_dagrun for example_branch_dop_operator_v3 to 2023-08-31T15:23:00+00:00, run_after=2023-08-31T15:24:00+00:00
[2023-08-31T15:24:07.091+0000] {processor.py:179} INFO - Processing /home/airflow/.local/lib/python3.8/site-packages/airflow/example_dags/example_branch_python_dop_operator_3.py took 0.058 seconds
[2023-08-31T15:24:37.342+0000] {processor.py:157} INFO - Started process (PID=4141) to work on /home/airflow/.local/lib/python3.8/site-packages/airflow/example_dags/example_branch_python_dop_operator_3.py
[2023-08-31T15:24:37.343+0000] {processor.py:829} INFO - Processing file /home/airflow/.local/lib/python3.8/site-packages/airflow/example_dags/example_branch_python_dop_operator_3.py for tasks to queue
[2023-08-31T15:24:37.344+0000] {logging_mixin.py:151} INFO - [2023-08-31T15:24:37.344+0000] {dagbag.py:539} INFO - Filling up the DagBag from /home/airflow/.local/lib/python3.8/site-packages/airflow/example_dags/example_branch_python_dop_operator_3.py
[2023-08-31T15:24:37.351+0000] {processor.py:839} INFO - DAG(s) dict_keys(['example_branch_dop_operator_v3']) retrieved from /home/airflow/.local/lib/python3.8/site-packages/airflow/example_dags/example_branch_python_dop_operator_3.py
[2023-08-31T15:24:37.365+0000] {logging_mixin.py:151} INFO - [2023-08-31T15:24:37.365+0000] {dag.py:2907} INFO - Sync 1 DAGs
[2023-08-31T15:24:37.382+0000] {logging_mixin.py:151} INFO - [2023-08-31T15:24:37.382+0000] {dag.py:3677} INFO - Setting next_dagrun for example_branch_dop_operator_v3 to 2023-08-31T15:23:00+00:00, run_after=2023-08-31T15:24:00+00:00
[2023-08-31T15:24:37.396+0000] {processor.py:179} INFO - Processing /home/airflow/.local/lib/python3.8/site-packages/airflow/example_dags/example_branch_python_dop_operator_3.py took 0.057 seconds
[2023-08-31T15:25:07.656+0000] {processor.py:157} INFO - Started process (PID=4381) to work on /home/airflow/.local/lib/python3.8/site-packages/airflow/example_dags/example_branch_python_dop_operator_3.py
[2023-08-31T15:25:07.657+0000] {processor.py:829} INFO - Processing file /home/airflow/.local/lib/python3.8/site-packages/airflow/example_dags/example_branch_python_dop_operator_3.py for tasks to queue
[2023-08-31T15:25:07.658+0000] {logging_mixin.py:151} INFO - [2023-08-31T15:25:07.658+0000] {dagbag.py:539} INFO - Filling up the DagBag from /home/airflow/.local/lib/python3.8/site-packages/airflow/example_dags/example_branch_python_dop_operator_3.py
[2023-08-31T15:25:07.665+0000] {processor.py:839} INFO - DAG(s) dict_keys(['example_branch_dop_operator_v3']) retrieved from /home/airflow/.local/lib/python3.8/site-packages/airflow/example_dags/example_branch_python_dop_operator_3.py
[2023-08-31T15:25:07.680+0000] {logging_mixin.py:151} INFO - [2023-08-31T15:25:07.680+0000] {dag.py:2907} INFO - Sync 1 DAGs
[2023-08-31T15:25:07.696+0000] {logging_mixin.py:151} INFO - [2023-08-31T15:25:07.696+0000] {dag.py:3677} INFO - Setting next_dagrun for example_branch_dop_operator_v3 to 2023-08-31T15:24:00+00:00, run_after=2023-08-31T15:25:00+00:00
[2023-08-31T15:25:07.706+0000] {processor.py:179} INFO - Processing /home/airflow/.local/lib/python3.8/site-packages/airflow/example_dags/example_branch_python_dop_operator_3.py took 0.053 seconds
[2023-08-31T15:25:37.923+0000] {processor.py:157} INFO - Started process (PID=4620) to work on /home/airflow/.local/lib/python3.8/site-packages/airflow/example_dags/example_branch_python_dop_operator_3.py
[2023-08-31T15:25:37.924+0000] {processor.py:829} INFO - Processing file /home/airflow/.local/lib/python3.8/site-packages/airflow/example_dags/example_branch_python_dop_operator_3.py for tasks to queue
[2023-08-31T15:25:37.925+0000] {logging_mixin.py:151} INFO - [2023-08-31T15:25:37.925+0000] {dagbag.py:539} INFO - Filling up the DagBag from /home/airflow/.local/lib/python3.8/site-packages/airflow/example_dags/example_branch_python_dop_operator_3.py
[2023-08-31T15:25:37.932+0000] {processor.py:839} INFO - DAG(s) dict_keys(['example_branch_dop_operator_v3']) retrieved from /home/airflow/.local/lib/python3.8/site-packages/airflow/example_dags/example_branch_python_dop_operator_3.py
[2023-08-31T15:25:37.947+0000] {logging_mixin.py:151} INFO - [2023-08-31T15:25:37.947+0000] {dag.py:2907} INFO - Sync 1 DAGs
[2023-08-31T15:25:37.966+0000] {logging_mixin.py:151} INFO - [2023-08-31T15:25:37.966+0000] {dag.py:3677} INFO - Setting next_dagrun for example_branch_dop_operator_v3 to 2023-08-31T15:24:00+00:00, run_after=2023-08-31T15:25:00+00:00
[2023-08-31T15:25:37.977+0000] {processor.py:179} INFO - Processing /home/airflow/.local/lib/python3.8/site-packages/airflow/example_dags/example_branch_python_dop_operator_3.py took 0.056 seconds
[2023-08-31T15:26:08.219+0000] {processor.py:157} INFO - Started process (PID=4861) to work on /home/airflow/.local/lib/python3.8/site-packages/airflow/example_dags/example_branch_python_dop_operator_3.py
[2023-08-31T15:26:08.221+0000] {processor.py:829} INFO - Processing file /home/airflow/.local/lib/python3.8/site-packages/airflow/example_dags/example_branch_python_dop_operator_3.py for tasks to queue
[2023-08-31T15:26:08.222+0000] {logging_mixin.py:151} INFO - [2023-08-31T15:26:08.221+0000] {dagbag.py:539} INFO - Filling up the DagBag from /home/airflow/.local/lib/python3.8/site-packages/airflow/example_dags/example_branch_python_dop_operator_3.py
[2023-08-31T15:26:08.229+0000] {processor.py:839} INFO - DAG(s) dict_keys(['example_branch_dop_operator_v3']) retrieved from /home/airflow/.local/lib/python3.8/site-packages/airflow/example_dags/example_branch_python_dop_operator_3.py
[2023-08-31T15:26:08.243+0000] {logging_mixin.py:151} INFO - [2023-08-31T15:26:08.243+0000] {dag.py:2907} INFO - Sync 1 DAGs
[2023-08-31T15:26:08.261+0000] {logging_mixin.py:151} INFO - [2023-08-31T15:26:08.260+0000] {dag.py:3677} INFO - Setting next_dagrun for example_branch_dop_operator_v3 to 2023-08-31T15:25:00+00:00, run_after=2023-08-31T15:26:00+00:00
[2023-08-31T15:26:08.275+0000] {processor.py:179} INFO - Processing /home/airflow/.local/lib/python3.8/site-packages/airflow/example_dags/example_branch_python_dop_operator_3.py took 0.058 seconds
[2023-08-31T15:26:38.543+0000] {processor.py:157} INFO - Started process (PID=5100) to work on /home/airflow/.local/lib/python3.8/site-packages/airflow/example_dags/example_branch_python_dop_operator_3.py
[2023-08-31T15:26:38.544+0000] {processor.py:829} INFO - Processing file /home/airflow/.local/lib/python3.8/site-packages/airflow/example_dags/example_branch_python_dop_operator_3.py for tasks to queue
[2023-08-31T15:26:38.545+0000] {logging_mixin.py:151} INFO - [2023-08-31T15:26:38.545+0000] {dagbag.py:539} INFO - Filling up the DagBag from /home/airflow/.local/lib/python3.8/site-packages/airflow/example_dags/example_branch_python_dop_operator_3.py
[2023-08-31T15:26:38.552+0000] {processor.py:839} INFO - DAG(s) dict_keys(['example_branch_dop_operator_v3']) retrieved from /home/airflow/.local/lib/python3.8/site-packages/airflow/example_dags/example_branch_python_dop_operator_3.py
[2023-08-31T15:26:38.568+0000] {logging_mixin.py:151} INFO - [2023-08-31T15:26:38.568+0000] {dag.py:2907} INFO - Sync 1 DAGs
[2023-08-31T15:26:38.584+0000] {logging_mixin.py:151} INFO - [2023-08-31T15:26:38.584+0000] {dag.py:3677} INFO - Setting next_dagrun for example_branch_dop_operator_v3 to 2023-08-31T15:25:00+00:00, run_after=2023-08-31T15:26:00+00:00
[2023-08-31T15:26:38.596+0000] {processor.py:179} INFO - Processing /home/airflow/.local/lib/python3.8/site-packages/airflow/example_dags/example_branch_python_dop_operator_3.py took 0.056 seconds
[2023-08-31T15:27:08.924+0000] {processor.py:157} INFO - Started process (PID=5341) to work on /home/airflow/.local/lib/python3.8/site-packages/airflow/example_dags/example_branch_python_dop_operator_3.py
[2023-08-31T15:27:08.925+0000] {processor.py:829} INFO - Processing file /home/airflow/.local/lib/python3.8/site-packages/airflow/example_dags/example_branch_python_dop_operator_3.py for tasks to queue
[2023-08-31T15:27:08.926+0000] {logging_mixin.py:151} INFO - [2023-08-31T15:27:08.925+0000] {dagbag.py:539} INFO - Filling up the DagBag from /home/airflow/.local/lib/python3.8/site-packages/airflow/example_dags/example_branch_python_dop_operator_3.py
[2023-08-31T15:27:08.933+0000] {processor.py:839} INFO - DAG(s) dict_keys(['example_branch_dop_operator_v3']) retrieved from /home/airflow/.local/lib/python3.8/site-packages/airflow/example_dags/example_branch_python_dop_operator_3.py
[2023-08-31T15:27:08.947+0000] {logging_mixin.py:151} INFO - [2023-08-31T15:27:08.947+0000] {dag.py:2907} INFO - Sync 1 DAGs
[2023-08-31T15:27:08.963+0000] {logging_mixin.py:151} INFO - [2023-08-31T15:27:08.963+0000] {dag.py:3677} INFO - Setting next_dagrun for example_branch_dop_operator_v3 to 2023-08-31T15:26:00+00:00, run_after=2023-08-31T15:27:00+00:00
[2023-08-31T15:27:08.974+0000] {processor.py:179} INFO - Processing /home/airflow/.local/lib/python3.8/site-packages/airflow/example_dags/example_branch_python_dop_operator_3.py took 0.053 seconds
[2023-08-31T15:27:39.264+0000] {processor.py:157} INFO - Started process (PID=5579) to work on /home/airflow/.local/lib/python3.8/site-packages/airflow/example_dags/example_branch_python_dop_operator_3.py
[2023-08-31T15:27:39.266+0000] {processor.py:829} INFO - Processing file /home/airflow/.local/lib/python3.8/site-packages/airflow/example_dags/example_branch_python_dop_operator_3.py for tasks to queue
[2023-08-31T15:27:39.268+0000] {logging_mixin.py:151} INFO - [2023-08-31T15:27:39.267+0000] {dagbag.py:539} INFO - Filling up the DagBag from /home/airflow/.local/lib/python3.8/site-packages/airflow/example_dags/example_branch_python_dop_operator_3.py
[2023-08-31T15:27:39.277+0000] {processor.py:839} INFO - DAG(s) dict_keys(['example_branch_dop_operator_v3']) retrieved from /home/airflow/.local/lib/python3.8/site-packages/airflow/example_dags/example_branch_python_dop_operator_3.py
[2023-08-31T15:27:39.294+0000] {logging_mixin.py:151} INFO - [2023-08-31T15:27:39.294+0000] {dag.py:2907} INFO - Sync 1 DAGs
[2023-08-31T15:27:39.313+0000] {logging_mixin.py:151} INFO - [2023-08-31T15:27:39.313+0000] {dag.py:3677} INFO - Setting next_dagrun for example_branch_dop_operator_v3 to 2023-08-31T15:26:00+00:00, run_after=2023-08-31T15:27:00+00:00
[2023-08-31T15:27:39.328+0000] {processor.py:179} INFO - Processing /home/airflow/.local/lib/python3.8/site-packages/airflow/example_dags/example_branch_python_dop_operator_3.py took 0.066 seconds
[2023-08-31T15:28:09.580+0000] {processor.py:157} INFO - Started process (PID=5819) to work on /home/airflow/.local/lib/python3.8/site-packages/airflow/example_dags/example_branch_python_dop_operator_3.py
[2023-08-31T15:28:09.582+0000] {processor.py:829} INFO - Processing file /home/airflow/.local/lib/python3.8/site-packages/airflow/example_dags/example_branch_python_dop_operator_3.py for tasks to queue
[2023-08-31T15:28:09.584+0000] {logging_mixin.py:151} INFO - [2023-08-31T15:28:09.583+0000] {dagbag.py:539} INFO - Filling up the DagBag from /home/airflow/.local/lib/python3.8/site-packages/airflow/example_dags/example_branch_python_dop_operator_3.py
[2023-08-31T15:28:09.590+0000] {processor.py:839} INFO - DAG(s) dict_keys(['example_branch_dop_operator_v3']) retrieved from /home/airflow/.local/lib/python3.8/site-packages/airflow/example_dags/example_branch_python_dop_operator_3.py
[2023-08-31T15:28:09.608+0000] {logging_mixin.py:151} INFO - [2023-08-31T15:28:09.608+0000] {dag.py:2907} INFO - Sync 1 DAGs
[2023-08-31T15:28:09.625+0000] {logging_mixin.py:151} INFO - [2023-08-31T15:28:09.625+0000] {dag.py:3677} INFO - Setting next_dagrun for example_branch_dop_operator_v3 to 2023-08-31T15:27:00+00:00, run_after=2023-08-31T15:28:00+00:00
[2023-08-31T15:28:09.636+0000] {processor.py:179} INFO - Processing /home/airflow/.local/lib/python3.8/site-packages/airflow/example_dags/example_branch_python_dop_operator_3.py took 0.059 seconds
[2023-08-31T15:28:39.906+0000] {processor.py:157} INFO - Started process (PID=6060) to work on /home/airflow/.local/lib/python3.8/site-packages/airflow/example_dags/example_branch_python_dop_operator_3.py
[2023-08-31T15:28:39.907+0000] {processor.py:829} INFO - Processing file /home/airflow/.local/lib/python3.8/site-packages/airflow/example_dags/example_branch_python_dop_operator_3.py for tasks to queue
[2023-08-31T15:28:39.909+0000] {logging_mixin.py:151} INFO - [2023-08-31T15:28:39.908+0000] {dagbag.py:539} INFO - Filling up the DagBag from /home/airflow/.local/lib/python3.8/site-packages/airflow/example_dags/example_branch_python_dop_operator_3.py
[2023-08-31T15:28:39.916+0000] {processor.py:839} INFO - DAG(s) dict_keys(['example_branch_dop_operator_v3']) retrieved from /home/airflow/.local/lib/python3.8/site-packages/airflow/example_dags/example_branch_python_dop_operator_3.py
[2023-08-31T15:28:39.931+0000] {logging_mixin.py:151} INFO - [2023-08-31T15:28:39.931+0000] {dag.py:2907} INFO - Sync 1 DAGs
[2023-08-31T15:28:39.947+0000] {logging_mixin.py:151} INFO - [2023-08-31T15:28:39.947+0000] {dag.py:3677} INFO - Setting next_dagrun for example_branch_dop_operator_v3 to 2023-08-31T15:27:00+00:00, run_after=2023-08-31T15:28:00+00:00
[2023-08-31T15:28:39.958+0000] {processor.py:179} INFO - Processing /home/airflow/.local/lib/python3.8/site-packages/airflow/example_dags/example_branch_python_dop_operator_3.py took 0.054 seconds
[2023-08-31T15:29:10.268+0000] {processor.py:157} INFO - Started process (PID=6304) to work on /home/airflow/.local/lib/python3.8/site-packages/airflow/example_dags/example_branch_python_dop_operator_3.py
[2023-08-31T15:29:10.269+0000] {processor.py:829} INFO - Processing file /home/airflow/.local/lib/python3.8/site-packages/airflow/example_dags/example_branch_python_dop_operator_3.py for tasks to queue
[2023-08-31T15:29:10.269+0000] {logging_mixin.py:151} INFO - [2023-08-31T15:29:10.269+0000] {dagbag.py:539} INFO - Filling up the DagBag from /home/airflow/.local/lib/python3.8/site-packages/airflow/example_dags/example_branch_python_dop_operator_3.py
[2023-08-31T15:29:10.276+0000] {processor.py:839} INFO - DAG(s) dict_keys(['example_branch_dop_operator_v3']) retrieved from /home/airflow/.local/lib/python3.8/site-packages/airflow/example_dags/example_branch_python_dop_operator_3.py
[2023-08-31T15:29:10.290+0000] {logging_mixin.py:151} INFO - [2023-08-31T15:29:10.290+0000] {dag.py:2907} INFO - Sync 1 DAGs
[2023-08-31T15:29:10.304+0000] {logging_mixin.py:151} INFO - [2023-08-31T15:29:10.303+0000] {dag.py:3677} INFO - Setting next_dagrun for example_branch_dop_operator_v3 to 2023-08-31T15:28:00+00:00, run_after=2023-08-31T15:29:00+00:00
[2023-08-31T15:29:10.313+0000] {processor.py:179} INFO - Processing /home/airflow/.local/lib/python3.8/site-packages/airflow/example_dags/example_branch_python_dop_operator_3.py took 0.048 seconds
[2023-08-31T15:29:40.587+0000] {processor.py:157} INFO - Started process (PID=6544) to work on /home/airflow/.local/lib/python3.8/site-packages/airflow/example_dags/example_branch_python_dop_operator_3.py
[2023-08-31T15:29:40.588+0000] {processor.py:829} INFO - Processing file /home/airflow/.local/lib/python3.8/site-packages/airflow/example_dags/example_branch_python_dop_operator_3.py for tasks to queue
[2023-08-31T15:29:40.589+0000] {logging_mixin.py:151} INFO - [2023-08-31T15:29:40.589+0000] {dagbag.py:539} INFO - Filling up the DagBag from /home/airflow/.local/lib/python3.8/site-packages/airflow/example_dags/example_branch_python_dop_operator_3.py
[2023-08-31T15:29:40.598+0000] {processor.py:839} INFO - DAG(s) dict_keys(['example_branch_dop_operator_v3']) retrieved from /home/airflow/.local/lib/python3.8/site-packages/airflow/example_dags/example_branch_python_dop_operator_3.py
[2023-08-31T15:29:40.613+0000] {logging_mixin.py:151} INFO - [2023-08-31T15:29:40.613+0000] {dag.py:2907} INFO - Sync 1 DAGs
[2023-08-31T15:29:40.629+0000] {logging_mixin.py:151} INFO - [2023-08-31T15:29:40.629+0000] {dag.py:3677} INFO - Setting next_dagrun for example_branch_dop_operator_v3 to 2023-08-31T15:28:00+00:00, run_after=2023-08-31T15:29:00+00:00
[2023-08-31T15:29:40.639+0000] {processor.py:179} INFO - Processing /home/airflow/.local/lib/python3.8/site-packages/airflow/example_dags/example_branch_python_dop_operator_3.py took 0.054 seconds
[2023-08-31T15:30:10.800+0000] {processor.py:157} INFO - Started process (PID=6784) to work on /home/airflow/.local/lib/python3.8/site-packages/airflow/example_dags/example_branch_python_dop_operator_3.py
[2023-08-31T15:30:10.801+0000] {processor.py:829} INFO - Processing file /home/airflow/.local/lib/python3.8/site-packages/airflow/example_dags/example_branch_python_dop_operator_3.py for tasks to queue
[2023-08-31T15:30:10.802+0000] {logging_mixin.py:151} INFO - [2023-08-31T15:30:10.802+0000] {dagbag.py:539} INFO - Filling up the DagBag from /home/airflow/.local/lib/python3.8/site-packages/airflow/example_dags/example_branch_python_dop_operator_3.py
[2023-08-31T15:30:10.811+0000] {processor.py:839} INFO - DAG(s) dict_keys(['example_branch_dop_operator_v3']) retrieved from /home/airflow/.local/lib/python3.8/site-packages/airflow/example_dags/example_branch_python_dop_operator_3.py
[2023-08-31T15:30:10.825+0000] {logging_mixin.py:151} INFO - [2023-08-31T15:30:10.825+0000] {dag.py:2907} INFO - Sync 1 DAGs
[2023-08-31T15:30:10.841+0000] {logging_mixin.py:151} INFO - [2023-08-31T15:30:10.841+0000] {dag.py:3677} INFO - Setting next_dagrun for example_branch_dop_operator_v3 to 2023-08-31T15:29:00+00:00, run_after=2023-08-31T15:30:00+00:00
[2023-08-31T15:30:10.852+0000] {processor.py:179} INFO - Processing /home/airflow/.local/lib/python3.8/site-packages/airflow/example_dags/example_branch_python_dop_operator_3.py took 0.054 seconds
[2023-08-31T15:30:41.094+0000] {processor.py:157} INFO - Started process (PID=7023) to work on /home/airflow/.local/lib/python3.8/site-packages/airflow/example_dags/example_branch_python_dop_operator_3.py
[2023-08-31T15:30:41.096+0000] {processor.py:829} INFO - Processing file /home/airflow/.local/lib/python3.8/site-packages/airflow/example_dags/example_branch_python_dop_operator_3.py for tasks to queue
[2023-08-31T15:30:41.097+0000] {logging_mixin.py:151} INFO - [2023-08-31T15:30:41.097+0000] {dagbag.py:539} INFO - Filling up the DagBag from /home/airflow/.local/lib/python3.8/site-packages/airflow/example_dags/example_branch_python_dop_operator_3.py
[2023-08-31T15:30:41.104+0000] {processor.py:839} INFO - DAG(s) dict_keys(['example_branch_dop_operator_v3']) retrieved from /home/airflow/.local/lib/python3.8/site-packages/airflow/example_dags/example_branch_python_dop_operator_3.py
[2023-08-31T15:30:41.118+0000] {logging_mixin.py:151} INFO - [2023-08-31T15:30:41.118+0000] {dag.py:2907} INFO - Sync 1 DAGs
[2023-08-31T15:30:41.133+0000] {logging_mixin.py:151} INFO - [2023-08-31T15:30:41.133+0000] {dag.py:3677} INFO - Setting next_dagrun for example_branch_dop_operator_v3 to 2023-08-31T15:29:00+00:00, run_after=2023-08-31T15:30:00+00:00
[2023-08-31T15:30:41.144+0000] {processor.py:179} INFO - Processing /home/airflow/.local/lib/python3.8/site-packages/airflow/example_dags/example_branch_python_dop_operator_3.py took 0.052 seconds
[2023-08-31T15:31:11.556+0000] {processor.py:157} INFO - Started process (PID=7264) to work on /home/airflow/.local/lib/python3.8/site-packages/airflow/example_dags/example_branch_python_dop_operator_3.py
[2023-08-31T15:31:11.558+0000] {processor.py:829} INFO - Processing file /home/airflow/.local/lib/python3.8/site-packages/airflow/example_dags/example_branch_python_dop_operator_3.py for tasks to queue
[2023-08-31T15:31:11.559+0000] {logging_mixin.py:151} INFO - [2023-08-31T15:31:11.559+0000] {dagbag.py:539} INFO - Filling up the DagBag from /home/airflow/.local/lib/python3.8/site-packages/airflow/example_dags/example_branch_python_dop_operator_3.py
[2023-08-31T15:31:11.566+0000] {processor.py:839} INFO - DAG(s) dict_keys(['example_branch_dop_operator_v3']) retrieved from /home/airflow/.local/lib/python3.8/site-packages/airflow/example_dags/example_branch_python_dop_operator_3.py
[2023-08-31T15:31:11.580+0000] {logging_mixin.py:151} INFO - [2023-08-31T15:31:11.580+0000] {dag.py:2907} INFO - Sync 1 DAGs
[2023-08-31T15:31:11.595+0000] {logging_mixin.py:151} INFO - [2023-08-31T15:31:11.595+0000] {dag.py:3677} INFO - Setting next_dagrun for example_branch_dop_operator_v3 to 2023-08-31T15:30:00+00:00, run_after=2023-08-31T15:31:00+00:00
[2023-08-31T15:31:11.606+0000] {processor.py:179} INFO - Processing /home/airflow/.local/lib/python3.8/site-packages/airflow/example_dags/example_branch_python_dop_operator_3.py took 0.054 seconds
[2023-08-31T15:31:41.934+0000] {processor.py:157} INFO - Started process (PID=7501) to work on /home/airflow/.local/lib/python3.8/site-packages/airflow/example_dags/example_branch_python_dop_operator_3.py
[2023-08-31T15:31:41.935+0000] {processor.py:829} INFO - Processing file /home/airflow/.local/lib/python3.8/site-packages/airflow/example_dags/example_branch_python_dop_operator_3.py for tasks to queue
[2023-08-31T15:31:41.936+0000] {logging_mixin.py:151} INFO - [2023-08-31T15:31:41.936+0000] {dagbag.py:539} INFO - Filling up the DagBag from /home/airflow/.local/lib/python3.8/site-packages/airflow/example_dags/example_branch_python_dop_operator_3.py
[2023-08-31T15:31:41.943+0000] {processor.py:839} INFO - DAG(s) dict_keys(['example_branch_dop_operator_v3']) retrieved from /home/airflow/.local/lib/python3.8/site-packages/airflow/example_dags/example_branch_python_dop_operator_3.py
[2023-08-31T15:31:41.957+0000] {logging_mixin.py:151} INFO - [2023-08-31T15:31:41.957+0000] {dag.py:2907} INFO - Sync 1 DAGs
[2023-08-31T15:31:41.972+0000] {logging_mixin.py:151} INFO - [2023-08-31T15:31:41.972+0000] {dag.py:3677} INFO - Setting next_dagrun for example_branch_dop_operator_v3 to 2023-08-31T15:30:00+00:00, run_after=2023-08-31T15:31:00+00:00
[2023-08-31T15:31:41.985+0000] {processor.py:179} INFO - Processing /home/airflow/.local/lib/python3.8/site-packages/airflow/example_dags/example_branch_python_dop_operator_3.py took 0.053 seconds
[2023-08-31T15:32:12.297+0000] {processor.py:157} INFO - Started process (PID=7740) to work on /home/airflow/.local/lib/python3.8/site-packages/airflow/example_dags/example_branch_python_dop_operator_3.py
[2023-08-31T15:32:12.299+0000] {processor.py:829} INFO - Processing file /home/airflow/.local/lib/python3.8/site-packages/airflow/example_dags/example_branch_python_dop_operator_3.py for tasks to queue
[2023-08-31T15:32:12.300+0000] {logging_mixin.py:151} INFO - [2023-08-31T15:32:12.300+0000] {dagbag.py:539} INFO - Filling up the DagBag from /home/airflow/.local/lib/python3.8/site-packages/airflow/example_dags/example_branch_python_dop_operator_3.py
[2023-08-31T15:32:12.307+0000] {processor.py:839} INFO - DAG(s) dict_keys(['example_branch_dop_operator_v3']) retrieved from /home/airflow/.local/lib/python3.8/site-packages/airflow/example_dags/example_branch_python_dop_operator_3.py
[2023-08-31T15:32:12.323+0000] {logging_mixin.py:151} INFO - [2023-08-31T15:32:12.322+0000] {dag.py:2907} INFO - Sync 1 DAGs
[2023-08-31T15:32:12.338+0000] {logging_mixin.py:151} INFO - [2023-08-31T15:32:12.338+0000] {dag.py:3677} INFO - Setting next_dagrun for example_branch_dop_operator_v3 to 2023-08-31T15:31:00+00:00, run_after=2023-08-31T15:32:00+00:00
[2023-08-31T15:32:12.349+0000] {processor.py:179} INFO - Processing /home/airflow/.local/lib/python3.8/site-packages/airflow/example_dags/example_branch_python_dop_operator_3.py took 0.054 seconds
[2023-08-31T15:32:42.784+0000] {processor.py:157} INFO - Started process (PID=7982) to work on /home/airflow/.local/lib/python3.8/site-packages/airflow/example_dags/example_branch_python_dop_operator_3.py
[2023-08-31T15:32:42.786+0000] {processor.py:829} INFO - Processing file /home/airflow/.local/lib/python3.8/site-packages/airflow/example_dags/example_branch_python_dop_operator_3.py for tasks to queue
[2023-08-31T15:32:42.788+0000] {logging_mixin.py:151} INFO - [2023-08-31T15:32:42.787+0000] {dagbag.py:539} INFO - Filling up the DagBag from /home/airflow/.local/lib/python3.8/site-packages/airflow/example_dags/example_branch_python_dop_operator_3.py
[2023-08-31T15:32:42.795+0000] {processor.py:839} INFO - DAG(s) dict_keys(['example_branch_dop_operator_v3']) retrieved from /home/airflow/.local/lib/python3.8/site-packages/airflow/example_dags/example_branch_python_dop_operator_3.py
[2023-08-31T15:32:42.810+0000] {logging_mixin.py:151} INFO - [2023-08-31T15:32:42.810+0000] {dag.py:2907} INFO - Sync 1 DAGs
[2023-08-31T15:32:42.827+0000] {logging_mixin.py:151} INFO - [2023-08-31T15:32:42.827+0000] {dag.py:3677} INFO - Setting next_dagrun for example_branch_dop_operator_v3 to 2023-08-31T15:31:00+00:00, run_after=2023-08-31T15:32:00+00:00
[2023-08-31T15:32:42.843+0000] {processor.py:179} INFO - Processing /home/airflow/.local/lib/python3.8/site-packages/airflow/example_dags/example_branch_python_dop_operator_3.py took 0.061 seconds
[2023-08-31T15:33:13.161+0000] {processor.py:157} INFO - Started process (PID=8219) to work on /home/airflow/.local/lib/python3.8/site-packages/airflow/example_dags/example_branch_python_dop_operator_3.py
[2023-08-31T15:33:13.162+0000] {processor.py:829} INFO - Processing file /home/airflow/.local/lib/python3.8/site-packages/airflow/example_dags/example_branch_python_dop_operator_3.py for tasks to queue
[2023-08-31T15:33:13.163+0000] {logging_mixin.py:151} INFO - [2023-08-31T15:33:13.163+0000] {dagbag.py:539} INFO - Filling up the DagBag from /home/airflow/.local/lib/python3.8/site-packages/airflow/example_dags/example_branch_python_dop_operator_3.py
[2023-08-31T15:33:13.170+0000] {processor.py:839} INFO - DAG(s) dict_keys(['example_branch_dop_operator_v3']) retrieved from /home/airflow/.local/lib/python3.8/site-packages/airflow/example_dags/example_branch_python_dop_operator_3.py
[2023-08-31T15:33:13.185+0000] {logging_mixin.py:151} INFO - [2023-08-31T15:33:13.184+0000] {dag.py:2907} INFO - Sync 1 DAGs
[2023-08-31T15:33:13.201+0000] {logging_mixin.py:151} INFO - [2023-08-31T15:33:13.201+0000] {dag.py:3677} INFO - Setting next_dagrun for example_branch_dop_operator_v3 to 2023-08-31T15:32:00+00:00, run_after=2023-08-31T15:33:00+00:00
[2023-08-31T15:33:13.213+0000] {processor.py:179} INFO - Processing /home/airflow/.local/lib/python3.8/site-packages/airflow/example_dags/example_branch_python_dop_operator_3.py took 0.054 seconds
[2023-08-31T15:33:43.792+0000] {processor.py:157} INFO - Started process (PID=8461) to work on /home/airflow/.local/lib/python3.8/site-packages/airflow/example_dags/example_branch_python_dop_operator_3.py
[2023-08-31T15:33:43.793+0000] {processor.py:829} INFO - Processing file /home/airflow/.local/lib/python3.8/site-packages/airflow/example_dags/example_branch_python_dop_operator_3.py for tasks to queue
[2023-08-31T15:33:43.794+0000] {logging_mixin.py:151} INFO - [2023-08-31T15:33:43.794+0000] {dagbag.py:539} INFO - Filling up the DagBag from /home/airflow/.local/lib/python3.8/site-packages/airflow/example_dags/example_branch_python_dop_operator_3.py
[2023-08-31T15:33:43.802+0000] {processor.py:839} INFO - DAG(s) dict_keys(['example_branch_dop_operator_v3']) retrieved from /home/airflow/.local/lib/python3.8/site-packages/airflow/example_dags/example_branch_python_dop_operator_3.py
[2023-08-31T15:33:43.817+0000] {logging_mixin.py:151} INFO - [2023-08-31T15:33:43.817+0000] {dag.py:2907} INFO - Sync 1 DAGs
[2023-08-31T15:33:43.835+0000] {logging_mixin.py:151} INFO - [2023-08-31T15:33:43.835+0000] {dag.py:3677} INFO - Setting next_dagrun for example_branch_dop_operator_v3 to 2023-08-31T15:32:00+00:00, run_after=2023-08-31T15:33:00+00:00
[2023-08-31T15:33:43.846+0000] {processor.py:179} INFO - Processing /home/airflow/.local/lib/python3.8/site-packages/airflow/example_dags/example_branch_python_dop_operator_3.py took 0.058 seconds
[2023-08-31T15:34:14.199+0000] {processor.py:157} INFO - Started process (PID=8700) to work on /home/airflow/.local/lib/python3.8/site-packages/airflow/example_dags/example_branch_python_dop_operator_3.py
[2023-08-31T15:34:14.200+0000] {processor.py:829} INFO - Processing file /home/airflow/.local/lib/python3.8/site-packages/airflow/example_dags/example_branch_python_dop_operator_3.py for tasks to queue
[2023-08-31T15:34:14.201+0000] {logging_mixin.py:151} INFO - [2023-08-31T15:34:14.201+0000] {dagbag.py:539} INFO - Filling up the DagBag from /home/airflow/.local/lib/python3.8/site-packages/airflow/example_dags/example_branch_python_dop_operator_3.py
[2023-08-31T15:34:14.208+0000] {processor.py:839} INFO - DAG(s) dict_keys(['example_branch_dop_operator_v3']) retrieved from /home/airflow/.local/lib/python3.8/site-packages/airflow/example_dags/example_branch_python_dop_operator_3.py
[2023-08-31T15:34:14.223+0000] {logging_mixin.py:151} INFO - [2023-08-31T15:34:14.223+0000] {dag.py:2907} INFO - Sync 1 DAGs
[2023-08-31T15:34:14.238+0000] {logging_mixin.py:151} INFO - [2023-08-31T15:34:14.238+0000] {dag.py:3677} INFO - Setting next_dagrun for example_branch_dop_operator_v3 to 2023-08-31T15:33:00+00:00, run_after=2023-08-31T15:34:00+00:00
[2023-08-31T15:34:14.250+0000] {processor.py:179} INFO - Processing /home/airflow/.local/lib/python3.8/site-packages/airflow/example_dags/example_branch_python_dop_operator_3.py took 0.054 seconds
[2023-08-31T15:34:44.528+0000] {processor.py:157} INFO - Started process (PID=8940) to work on /home/airflow/.local/lib/python3.8/site-packages/airflow/example_dags/example_branch_python_dop_operator_3.py
[2023-08-31T15:34:44.529+0000] {processor.py:829} INFO - Processing file /home/airflow/.local/lib/python3.8/site-packages/airflow/example_dags/example_branch_python_dop_operator_3.py for tasks to queue
[2023-08-31T15:34:44.531+0000] {logging_mixin.py:151} INFO - [2023-08-31T15:34:44.530+0000] {dagbag.py:539} INFO - Filling up the DagBag from /home/airflow/.local/lib/python3.8/site-packages/airflow/example_dags/example_branch_python_dop_operator_3.py
[2023-08-31T15:34:44.538+0000] {processor.py:839} INFO - DAG(s) dict_keys(['example_branch_dop_operator_v3']) retrieved from /home/airflow/.local/lib/python3.8/site-packages/airflow/example_dags/example_branch_python_dop_operator_3.py
[2023-08-31T15:34:44.555+0000] {logging_mixin.py:151} INFO - [2023-08-31T15:34:44.555+0000] {dag.py:2907} INFO - Sync 1 DAGs
[2023-08-31T15:34:44.570+0000] {logging_mixin.py:151} INFO - [2023-08-31T15:34:44.570+0000] {dag.py:3677} INFO - Setting next_dagrun for example_branch_dop_operator_v3 to 2023-08-31T15:33:00+00:00, run_after=2023-08-31T15:34:00+00:00
[2023-08-31T15:34:44.582+0000] {processor.py:179} INFO - Processing /home/airflow/.local/lib/python3.8/site-packages/airflow/example_dags/example_branch_python_dop_operator_3.py took 0.057 seconds
[2023-08-31T15:35:14.922+0000] {processor.py:157} INFO - Started process (PID=9182) to work on /home/airflow/.local/lib/python3.8/site-packages/airflow/example_dags/example_branch_python_dop_operator_3.py
[2023-08-31T15:35:14.923+0000] {processor.py:829} INFO - Processing file /home/airflow/.local/lib/python3.8/site-packages/airflow/example_dags/example_branch_python_dop_operator_3.py for tasks to queue
[2023-08-31T15:35:14.924+0000] {logging_mixin.py:151} INFO - [2023-08-31T15:35:14.924+0000] {dagbag.py:539} INFO - Filling up the DagBag from /home/airflow/.local/lib/python3.8/site-packages/airflow/example_dags/example_branch_python_dop_operator_3.py
[2023-08-31T15:35:14.931+0000] {processor.py:839} INFO - DAG(s) dict_keys(['example_branch_dop_operator_v3']) retrieved from /home/airflow/.local/lib/python3.8/site-packages/airflow/example_dags/example_branch_python_dop_operator_3.py
[2023-08-31T15:35:14.946+0000] {logging_mixin.py:151} INFO - [2023-08-31T15:35:14.946+0000] {dag.py:2907} INFO - Sync 1 DAGs
[2023-08-31T15:35:14.962+0000] {logging_mixin.py:151} INFO - [2023-08-31T15:35:14.962+0000] {dag.py:3677} INFO - Setting next_dagrun for example_branch_dop_operator_v3 to 2023-08-31T15:34:00+00:00, run_after=2023-08-31T15:35:00+00:00
[2023-08-31T15:35:14.973+0000] {processor.py:179} INFO - Processing /home/airflow/.local/lib/python3.8/site-packages/airflow/example_dags/example_branch_python_dop_operator_3.py took 0.054 seconds
[2023-08-31T15:35:45.283+0000] {processor.py:157} INFO - Started process (PID=9423) to work on /home/airflow/.local/lib/python3.8/site-packages/airflow/example_dags/example_branch_python_dop_operator_3.py
[2023-08-31T15:35:45.285+0000] {processor.py:829} INFO - Processing file /home/airflow/.local/lib/python3.8/site-packages/airflow/example_dags/example_branch_python_dop_operator_3.py for tasks to queue
[2023-08-31T15:35:45.286+0000] {logging_mixin.py:151} INFO - [2023-08-31T15:35:45.286+0000] {dagbag.py:539} INFO - Filling up the DagBag from /home/airflow/.local/lib/python3.8/site-packages/airflow/example_dags/example_branch_python_dop_operator_3.py
[2023-08-31T15:35:45.293+0000] {processor.py:839} INFO - DAG(s) dict_keys(['example_branch_dop_operator_v3']) retrieved from /home/airflow/.local/lib/python3.8/site-packages/airflow/example_dags/example_branch_python_dop_operator_3.py
[2023-08-31T15:35:45.307+0000] {logging_mixin.py:151} INFO - [2023-08-31T15:35:45.307+0000] {dag.py:2907} INFO - Sync 1 DAGs
[2023-08-31T15:35:45.323+0000] {logging_mixin.py:151} INFO - [2023-08-31T15:35:45.323+0000] {dag.py:3677} INFO - Setting next_dagrun for example_branch_dop_operator_v3 to 2023-08-31T15:34:00+00:00, run_after=2023-08-31T15:35:00+00:00
[2023-08-31T15:35:45.335+0000] {processor.py:179} INFO - Processing /home/airflow/.local/lib/python3.8/site-packages/airflow/example_dags/example_branch_python_dop_operator_3.py took 0.055 seconds
[2023-08-31T15:36:15.642+0000] {processor.py:157} INFO - Started process (PID=9662) to work on /home/airflow/.local/lib/python3.8/site-packages/airflow/example_dags/example_branch_python_dop_operator_3.py
[2023-08-31T15:36:15.644+0000] {processor.py:829} INFO - Processing file /home/airflow/.local/lib/python3.8/site-packages/airflow/example_dags/example_branch_python_dop_operator_3.py for tasks to queue
[2023-08-31T15:36:15.645+0000] {logging_mixin.py:151} INFO - [2023-08-31T15:36:15.645+0000] {dagbag.py:539} INFO - Filling up the DagBag from /home/airflow/.local/lib/python3.8/site-packages/airflow/example_dags/example_branch_python_dop_operator_3.py
[2023-08-31T15:36:15.653+0000] {processor.py:839} INFO - DAG(s) dict_keys(['example_branch_dop_operator_v3']) retrieved from /home/airflow/.local/lib/python3.8/site-packages/airflow/example_dags/example_branch_python_dop_operator_3.py
[2023-08-31T15:36:15.667+0000] {logging_mixin.py:151} INFO - [2023-08-31T15:36:15.667+0000] {dag.py:2907} INFO - Sync 1 DAGs
[2023-08-31T15:36:15.685+0000] {logging_mixin.py:151} INFO - [2023-08-31T15:36:15.685+0000] {dag.py:3677} INFO - Setting next_dagrun for example_branch_dop_operator_v3 to 2023-08-31T15:35:00+00:00, run_after=2023-08-31T15:36:00+00:00
[2023-08-31T15:36:15.698+0000] {processor.py:179} INFO - Processing /home/airflow/.local/lib/python3.8/site-packages/airflow/example_dags/example_branch_python_dop_operator_3.py took 0.059 seconds
[2023-08-31T15:36:45.974+0000] {processor.py:157} INFO - Started process (PID=9902) to work on /home/airflow/.local/lib/python3.8/site-packages/airflow/example_dags/example_branch_python_dop_operator_3.py
[2023-08-31T15:36:45.975+0000] {processor.py:829} INFO - Processing file /home/airflow/.local/lib/python3.8/site-packages/airflow/example_dags/example_branch_python_dop_operator_3.py for tasks to queue
[2023-08-31T15:36:45.976+0000] {logging_mixin.py:151} INFO - [2023-08-31T15:36:45.976+0000] {dagbag.py:539} INFO - Filling up the DagBag from /home/airflow/.local/lib/python3.8/site-packages/airflow/example_dags/example_branch_python_dop_operator_3.py
[2023-08-31T15:36:45.983+0000] {processor.py:839} INFO - DAG(s) dict_keys(['example_branch_dop_operator_v3']) retrieved from /home/airflow/.local/lib/python3.8/site-packages/airflow/example_dags/example_branch_python_dop_operator_3.py
[2023-08-31T15:36:45.998+0000] {logging_mixin.py:151} INFO - [2023-08-31T15:36:45.997+0000] {dag.py:2907} INFO - Sync 1 DAGs
[2023-08-31T15:36:46.015+0000] {logging_mixin.py:151} INFO - [2023-08-31T15:36:46.015+0000] {dag.py:3677} INFO - Setting next_dagrun for example_branch_dop_operator_v3 to 2023-08-31T15:35:00+00:00, run_after=2023-08-31T15:36:00+00:00
[2023-08-31T15:36:46.036+0000] {processor.py:179} INFO - Processing /home/airflow/.local/lib/python3.8/site-packages/airflow/example_dags/example_branch_python_dop_operator_3.py took 0.064 seconds
[2023-08-31T15:37:16.285+0000] {processor.py:157} INFO - Started process (PID=10141) to work on /home/airflow/.local/lib/python3.8/site-packages/airflow/example_dags/example_branch_python_dop_operator_3.py
[2023-08-31T15:37:16.286+0000] {processor.py:829} INFO - Processing file /home/airflow/.local/lib/python3.8/site-packages/airflow/example_dags/example_branch_python_dop_operator_3.py for tasks to queue
[2023-08-31T15:37:16.287+0000] {logging_mixin.py:151} INFO - [2023-08-31T15:37:16.287+0000] {dagbag.py:539} INFO - Filling up the DagBag from /home/airflow/.local/lib/python3.8/site-packages/airflow/example_dags/example_branch_python_dop_operator_3.py
[2023-08-31T15:37:16.294+0000] {processor.py:839} INFO - DAG(s) dict_keys(['example_branch_dop_operator_v3']) retrieved from /home/airflow/.local/lib/python3.8/site-packages/airflow/example_dags/example_branch_python_dop_operator_3.py
[2023-08-31T15:37:16.309+0000] {logging_mixin.py:151} INFO - [2023-08-31T15:37:16.309+0000] {dag.py:2907} INFO - Sync 1 DAGs
[2023-08-31T15:37:16.324+0000] {logging_mixin.py:151} INFO - [2023-08-31T15:37:16.324+0000] {dag.py:3677} INFO - Setting next_dagrun for example_branch_dop_operator_v3 to 2023-08-31T15:36:00+00:00, run_after=2023-08-31T15:37:00+00:00
[2023-08-31T15:37:16.336+0000] {processor.py:179} INFO - Processing /home/airflow/.local/lib/python3.8/site-packages/airflow/example_dags/example_branch_python_dop_operator_3.py took 0.053 seconds
[2023-08-31T15:37:46.606+0000] {processor.py:157} INFO - Started process (PID=10382) to work on /home/airflow/.local/lib/python3.8/site-packages/airflow/example_dags/example_branch_python_dop_operator_3.py
[2023-08-31T15:37:46.607+0000] {processor.py:829} INFO - Processing file /home/airflow/.local/lib/python3.8/site-packages/airflow/example_dags/example_branch_python_dop_operator_3.py for tasks to queue
[2023-08-31T15:37:46.608+0000] {logging_mixin.py:151} INFO - [2023-08-31T15:37:46.608+0000] {dagbag.py:539} INFO - Filling up the DagBag from /home/airflow/.local/lib/python3.8/site-packages/airflow/example_dags/example_branch_python_dop_operator_3.py
[2023-08-31T15:37:46.616+0000] {processor.py:839} INFO - DAG(s) dict_keys(['example_branch_dop_operator_v3']) retrieved from /home/airflow/.local/lib/python3.8/site-packages/airflow/example_dags/example_branch_python_dop_operator_3.py
[2023-08-31T15:37:46.631+0000] {logging_mixin.py:151} INFO - [2023-08-31T15:37:46.631+0000] {dag.py:2907} INFO - Sync 1 DAGs
[2023-08-31T15:37:46.646+0000] {logging_mixin.py:151} INFO - [2023-08-31T15:37:46.646+0000] {dag.py:3677} INFO - Setting next_dagrun for example_branch_dop_operator_v3 to 2023-08-31T15:36:00+00:00, run_after=2023-08-31T15:37:00+00:00
[2023-08-31T15:37:46.656+0000] {processor.py:179} INFO - Processing /home/airflow/.local/lib/python3.8/site-packages/airflow/example_dags/example_branch_python_dop_operator_3.py took 0.053 seconds
