[2023-08-31T15:16:27.916+0000] {processor.py:157} INFO - Started process (PID=189) to work on /home/airflow/.local/lib/python3.8/site-packages/airflow/example_dags/example_short_circuit_operator.py
[2023-08-31T15:16:27.918+0000] {processor.py:829} INFO - Processing file /home/airflow/.local/lib/python3.8/site-packages/airflow/example_dags/example_short_circuit_operator.py for tasks to queue
[2023-08-31T15:16:27.920+0000] {logging_mixin.py:151} INFO - [2023-08-31T15:16:27.920+0000] {dagbag.py:539} INFO - Filling up the DagBag from /home/airflow/.local/lib/python3.8/site-packages/airflow/example_dags/example_short_circuit_operator.py
[2023-08-31T15:16:27.930+0000] {processor.py:839} INFO - DAG(s) dict_keys(['example_short_circuit_operator']) retrieved from /home/airflow/.local/lib/python3.8/site-packages/airflow/example_dags/example_short_circuit_operator.py
[2023-08-31T15:16:27.940+0000] {logging_mixin.py:151} INFO - [2023-08-31T15:16:27.939+0000] {dag.py:2907} INFO - Sync 1 DAGs
[2023-08-31T15:16:27.962+0000] {logging_mixin.py:151} INFO - [2023-08-31T15:16:27.962+0000] {dag.py:3677} INFO - Setting next_dagrun for example_short_circuit_operator to 2023-08-30T15:16:27.962612+00:00, run_after=2023-08-31T15:16:27.962612+00:00
[2023-08-31T15:16:27.975+0000] {processor.py:179} INFO - Processing /home/airflow/.local/lib/python3.8/site-packages/airflow/example_dags/example_short_circuit_operator.py took 0.062 seconds
[2023-08-31T15:16:58.095+0000] {processor.py:157} INFO - Started process (PID=434) to work on /home/airflow/.local/lib/python3.8/site-packages/airflow/example_dags/example_short_circuit_operator.py
[2023-08-31T15:16:58.097+0000] {processor.py:829} INFO - Processing file /home/airflow/.local/lib/python3.8/site-packages/airflow/example_dags/example_short_circuit_operator.py for tasks to queue
[2023-08-31T15:16:58.098+0000] {logging_mixin.py:151} INFO - [2023-08-31T15:16:58.098+0000] {dagbag.py:539} INFO - Filling up the DagBag from /home/airflow/.local/lib/python3.8/site-packages/airflow/example_dags/example_short_circuit_operator.py
[2023-08-31T15:16:58.104+0000] {processor.py:839} INFO - DAG(s) dict_keys(['example_short_circuit_operator']) retrieved from /home/airflow/.local/lib/python3.8/site-packages/airflow/example_dags/example_short_circuit_operator.py
[2023-08-31T15:16:58.118+0000] {logging_mixin.py:151} INFO - [2023-08-31T15:16:58.118+0000] {dag.py:2907} INFO - Sync 1 DAGs
[2023-08-31T15:16:58.130+0000] {logging_mixin.py:151} INFO - [2023-08-31T15:16:58.129+0000] {dag.py:3677} INFO - Setting next_dagrun for example_short_circuit_operator to 2023-08-30T15:16:58.129751+00:00, run_after=2023-08-31T15:16:58.129751+00:00
[2023-08-31T15:16:58.140+0000] {processor.py:179} INFO - Processing /home/airflow/.local/lib/python3.8/site-packages/airflow/example_dags/example_short_circuit_operator.py took 0.048 seconds
[2023-08-31T15:17:28.974+0000] {processor.py:157} INFO - Started process (PID=671) to work on /home/airflow/.local/lib/python3.8/site-packages/airflow/example_dags/example_short_circuit_operator.py
[2023-08-31T15:17:28.975+0000] {processor.py:829} INFO - Processing file /home/airflow/.local/lib/python3.8/site-packages/airflow/example_dags/example_short_circuit_operator.py for tasks to queue
[2023-08-31T15:17:28.976+0000] {logging_mixin.py:151} INFO - [2023-08-31T15:17:28.976+0000] {dagbag.py:539} INFO - Filling up the DagBag from /home/airflow/.local/lib/python3.8/site-packages/airflow/example_dags/example_short_circuit_operator.py
[2023-08-31T15:17:28.982+0000] {processor.py:839} INFO - DAG(s) dict_keys(['example_short_circuit_operator']) retrieved from /home/airflow/.local/lib/python3.8/site-packages/airflow/example_dags/example_short_circuit_operator.py
[2023-08-31T15:17:29.077+0000] {logging_mixin.py:151} INFO - [2023-08-31T15:17:29.077+0000] {dag.py:2907} INFO - Sync 1 DAGs
[2023-08-31T15:17:29.089+0000] {logging_mixin.py:151} INFO - [2023-08-31T15:17:29.089+0000] {dag.py:3677} INFO - Setting next_dagrun for example_short_circuit_operator to 2023-08-30T15:17:29.089110+00:00, run_after=2023-08-31T15:17:29.089110+00:00
[2023-08-31T15:17:29.105+0000] {processor.py:179} INFO - Processing /home/airflow/.local/lib/python3.8/site-packages/airflow/example_dags/example_short_circuit_operator.py took 0.134 seconds
[2023-08-31T15:18:00.121+0000] {processor.py:157} INFO - Started process (PID=910) to work on /home/airflow/.local/lib/python3.8/site-packages/airflow/example_dags/example_short_circuit_operator.py
[2023-08-31T15:18:00.124+0000] {processor.py:829} INFO - Processing file /home/airflow/.local/lib/python3.8/site-packages/airflow/example_dags/example_short_circuit_operator.py for tasks to queue
[2023-08-31T15:18:00.125+0000] {logging_mixin.py:151} INFO - [2023-08-31T15:18:00.125+0000] {dagbag.py:539} INFO - Filling up the DagBag from /home/airflow/.local/lib/python3.8/site-packages/airflow/example_dags/example_short_circuit_operator.py
[2023-08-31T15:18:00.134+0000] {processor.py:839} INFO - DAG(s) dict_keys(['example_short_circuit_operator']) retrieved from /home/airflow/.local/lib/python3.8/site-packages/airflow/example_dags/example_short_circuit_operator.py
[2023-08-31T15:18:00.153+0000] {logging_mixin.py:151} INFO - [2023-08-31T15:18:00.153+0000] {dag.py:2907} INFO - Sync 1 DAGs
[2023-08-31T15:18:00.167+0000] {logging_mixin.py:151} INFO - [2023-08-31T15:18:00.167+0000] {dag.py:3677} INFO - Setting next_dagrun for example_short_circuit_operator to 2023-08-30T15:18:00.166926+00:00, run_after=2023-08-31T15:18:00.166926+00:00
[2023-08-31T15:18:00.177+0000] {processor.py:179} INFO - Processing /home/airflow/.local/lib/python3.8/site-packages/airflow/example_dags/example_short_circuit_operator.py took 0.060 seconds
[2023-08-31T15:18:30.856+0000] {processor.py:157} INFO - Started process (PID=1175) to work on /home/airflow/.local/lib/python3.8/site-packages/airflow/example_dags/example_short_circuit_operator.py
[2023-08-31T15:18:30.857+0000] {processor.py:829} INFO - Processing file /home/airflow/.local/lib/python3.8/site-packages/airflow/example_dags/example_short_circuit_operator.py for tasks to queue
[2023-08-31T15:18:30.858+0000] {logging_mixin.py:151} INFO - [2023-08-31T15:18:30.858+0000] {dagbag.py:539} INFO - Filling up the DagBag from /home/airflow/.local/lib/python3.8/site-packages/airflow/example_dags/example_short_circuit_operator.py
[2023-08-31T15:18:30.865+0000] {processor.py:839} INFO - DAG(s) dict_keys(['example_short_circuit_operator']) retrieved from /home/airflow/.local/lib/python3.8/site-packages/airflow/example_dags/example_short_circuit_operator.py
[2023-08-31T15:18:30.881+0000] {logging_mixin.py:151} INFO - [2023-08-31T15:18:30.881+0000] {dag.py:2907} INFO - Sync 1 DAGs
[2023-08-31T15:18:30.896+0000] {logging_mixin.py:151} INFO - [2023-08-31T15:18:30.896+0000] {dag.py:3677} INFO - Setting next_dagrun for example_short_circuit_operator to 2023-08-30T15:18:30.895864+00:00, run_after=2023-08-31T15:18:30.895864+00:00
[2023-08-31T15:18:30.908+0000] {processor.py:179} INFO - Processing /home/airflow/.local/lib/python3.8/site-packages/airflow/example_dags/example_short_circuit_operator.py took 0.055 seconds
[2023-08-31T15:19:01.352+0000] {processor.py:157} INFO - Started process (PID=1414) to work on /home/airflow/.local/lib/python3.8/site-packages/airflow/example_dags/example_short_circuit_operator.py
[2023-08-31T15:19:01.354+0000] {processor.py:829} INFO - Processing file /home/airflow/.local/lib/python3.8/site-packages/airflow/example_dags/example_short_circuit_operator.py for tasks to queue
[2023-08-31T15:19:01.356+0000] {logging_mixin.py:151} INFO - [2023-08-31T15:19:01.356+0000] {dagbag.py:539} INFO - Filling up the DagBag from /home/airflow/.local/lib/python3.8/site-packages/airflow/example_dags/example_short_circuit_operator.py
[2023-08-31T15:19:01.366+0000] {processor.py:839} INFO - DAG(s) dict_keys(['example_short_circuit_operator']) retrieved from /home/airflow/.local/lib/python3.8/site-packages/airflow/example_dags/example_short_circuit_operator.py
[2023-08-31T15:19:01.383+0000] {logging_mixin.py:151} INFO - [2023-08-31T15:19:01.383+0000] {dag.py:2907} INFO - Sync 1 DAGs
[2023-08-31T15:19:01.397+0000] {logging_mixin.py:151} INFO - [2023-08-31T15:19:01.397+0000] {dag.py:3677} INFO - Setting next_dagrun for example_short_circuit_operator to 2023-08-30T15:19:01.397104+00:00, run_after=2023-08-31T15:19:01.397104+00:00
[2023-08-31T15:19:01.409+0000] {processor.py:179} INFO - Processing /home/airflow/.local/lib/python3.8/site-packages/airflow/example_dags/example_short_circuit_operator.py took 0.061 seconds
[2023-08-31T15:19:31.808+0000] {processor.py:157} INFO - Started process (PID=1655) to work on /home/airflow/.local/lib/python3.8/site-packages/airflow/example_dags/example_short_circuit_operator.py
[2023-08-31T15:19:31.810+0000] {processor.py:829} INFO - Processing file /home/airflow/.local/lib/python3.8/site-packages/airflow/example_dags/example_short_circuit_operator.py for tasks to queue
[2023-08-31T15:19:31.812+0000] {logging_mixin.py:151} INFO - [2023-08-31T15:19:31.811+0000] {dagbag.py:539} INFO - Filling up the DagBag from /home/airflow/.local/lib/python3.8/site-packages/airflow/example_dags/example_short_circuit_operator.py
[2023-08-31T15:19:31.821+0000] {processor.py:839} INFO - DAG(s) dict_keys(['example_short_circuit_operator']) retrieved from /home/airflow/.local/lib/python3.8/site-packages/airflow/example_dags/example_short_circuit_operator.py
[2023-08-31T15:19:31.839+0000] {logging_mixin.py:151} INFO - [2023-08-31T15:19:31.839+0000] {dag.py:2907} INFO - Sync 1 DAGs
[2023-08-31T15:19:31.853+0000] {logging_mixin.py:151} INFO - [2023-08-31T15:19:31.853+0000] {dag.py:3677} INFO - Setting next_dagrun for example_short_circuit_operator to 2023-08-30T15:19:31.852976+00:00, run_after=2023-08-31T15:19:31.852976+00:00
[2023-08-31T15:19:31.864+0000] {processor.py:179} INFO - Processing /home/airflow/.local/lib/python3.8/site-packages/airflow/example_dags/example_short_circuit_operator.py took 0.059 seconds
[2023-08-31T15:20:02.096+0000] {processor.py:157} INFO - Started process (PID=1895) to work on /home/airflow/.local/lib/python3.8/site-packages/airflow/example_dags/example_short_circuit_operator.py
[2023-08-31T15:20:02.098+0000] {processor.py:829} INFO - Processing file /home/airflow/.local/lib/python3.8/site-packages/airflow/example_dags/example_short_circuit_operator.py for tasks to queue
[2023-08-31T15:20:02.099+0000] {logging_mixin.py:151} INFO - [2023-08-31T15:20:02.099+0000] {dagbag.py:539} INFO - Filling up the DagBag from /home/airflow/.local/lib/python3.8/site-packages/airflow/example_dags/example_short_circuit_operator.py
[2023-08-31T15:20:02.109+0000] {processor.py:839} INFO - DAG(s) dict_keys(['example_short_circuit_operator']) retrieved from /home/airflow/.local/lib/python3.8/site-packages/airflow/example_dags/example_short_circuit_operator.py
[2023-08-31T15:20:02.128+0000] {logging_mixin.py:151} INFO - [2023-08-31T15:20:02.128+0000] {dag.py:2907} INFO - Sync 1 DAGs
[2023-08-31T15:20:02.141+0000] {logging_mixin.py:151} INFO - [2023-08-31T15:20:02.141+0000] {dag.py:3677} INFO - Setting next_dagrun for example_short_circuit_operator to 2023-08-30T15:20:02.141376+00:00, run_after=2023-08-31T15:20:02.141376+00:00
[2023-08-31T15:20:02.154+0000] {processor.py:179} INFO - Processing /home/airflow/.local/lib/python3.8/site-packages/airflow/example_dags/example_short_circuit_operator.py took 0.062 seconds
[2023-08-31T15:20:32.396+0000] {processor.py:157} INFO - Started process (PID=2134) to work on /home/airflow/.local/lib/python3.8/site-packages/airflow/example_dags/example_short_circuit_operator.py
[2023-08-31T15:20:32.398+0000] {processor.py:829} INFO - Processing file /home/airflow/.local/lib/python3.8/site-packages/airflow/example_dags/example_short_circuit_operator.py for tasks to queue
[2023-08-31T15:20:32.400+0000] {logging_mixin.py:151} INFO - [2023-08-31T15:20:32.399+0000] {dagbag.py:539} INFO - Filling up the DagBag from /home/airflow/.local/lib/python3.8/site-packages/airflow/example_dags/example_short_circuit_operator.py
[2023-08-31T15:20:32.408+0000] {processor.py:839} INFO - DAG(s) dict_keys(['example_short_circuit_operator']) retrieved from /home/airflow/.local/lib/python3.8/site-packages/airflow/example_dags/example_short_circuit_operator.py
[2023-08-31T15:20:32.426+0000] {logging_mixin.py:151} INFO - [2023-08-31T15:20:32.426+0000] {dag.py:2907} INFO - Sync 1 DAGs
[2023-08-31T15:20:32.440+0000] {logging_mixin.py:151} INFO - [2023-08-31T15:20:32.440+0000] {dag.py:3677} INFO - Setting next_dagrun for example_short_circuit_operator to 2023-08-30T15:20:32.440285+00:00, run_after=2023-08-31T15:20:32.440285+00:00
[2023-08-31T15:20:32.450+0000] {processor.py:179} INFO - Processing /home/airflow/.local/lib/python3.8/site-packages/airflow/example_dags/example_short_circuit_operator.py took 0.058 seconds
[2023-08-31T15:21:02.683+0000] {processor.py:157} INFO - Started process (PID=2375) to work on /home/airflow/.local/lib/python3.8/site-packages/airflow/example_dags/example_short_circuit_operator.py
[2023-08-31T15:21:02.684+0000] {processor.py:829} INFO - Processing file /home/airflow/.local/lib/python3.8/site-packages/airflow/example_dags/example_short_circuit_operator.py for tasks to queue
[2023-08-31T15:21:02.686+0000] {logging_mixin.py:151} INFO - [2023-08-31T15:21:02.685+0000] {dagbag.py:539} INFO - Filling up the DagBag from /home/airflow/.local/lib/python3.8/site-packages/airflow/example_dags/example_short_circuit_operator.py
[2023-08-31T15:21:02.692+0000] {processor.py:839} INFO - DAG(s) dict_keys(['example_short_circuit_operator']) retrieved from /home/airflow/.local/lib/python3.8/site-packages/airflow/example_dags/example_short_circuit_operator.py
[2023-08-31T15:21:02.707+0000] {logging_mixin.py:151} INFO - [2023-08-31T15:21:02.707+0000] {dag.py:2907} INFO - Sync 1 DAGs
[2023-08-31T15:21:02.719+0000] {logging_mixin.py:151} INFO - [2023-08-31T15:21:02.719+0000] {dag.py:3677} INFO - Setting next_dagrun for example_short_circuit_operator to 2023-08-30T15:21:02.719699+00:00, run_after=2023-08-31T15:21:02.719699+00:00
[2023-08-31T15:21:02.731+0000] {processor.py:179} INFO - Processing /home/airflow/.local/lib/python3.8/site-packages/airflow/example_dags/example_short_circuit_operator.py took 0.050 seconds
[2023-08-31T15:21:33.058+0000] {processor.py:157} INFO - Started process (PID=2617) to work on /home/airflow/.local/lib/python3.8/site-packages/airflow/example_dags/example_short_circuit_operator.py
[2023-08-31T15:21:33.060+0000] {processor.py:829} INFO - Processing file /home/airflow/.local/lib/python3.8/site-packages/airflow/example_dags/example_short_circuit_operator.py for tasks to queue
[2023-08-31T15:21:33.061+0000] {logging_mixin.py:151} INFO - [2023-08-31T15:21:33.061+0000] {dagbag.py:539} INFO - Filling up the DagBag from /home/airflow/.local/lib/python3.8/site-packages/airflow/example_dags/example_short_circuit_operator.py
[2023-08-31T15:21:33.068+0000] {processor.py:839} INFO - DAG(s) dict_keys(['example_short_circuit_operator']) retrieved from /home/airflow/.local/lib/python3.8/site-packages/airflow/example_dags/example_short_circuit_operator.py
[2023-08-31T15:21:33.086+0000] {logging_mixin.py:151} INFO - [2023-08-31T15:21:33.086+0000] {dag.py:2907} INFO - Sync 1 DAGs
[2023-08-31T15:21:33.100+0000] {logging_mixin.py:151} INFO - [2023-08-31T15:21:33.100+0000] {dag.py:3677} INFO - Setting next_dagrun for example_short_circuit_operator to 2023-08-30T15:21:33.100227+00:00, run_after=2023-08-31T15:21:33.100227+00:00
[2023-08-31T15:21:33.113+0000] {processor.py:179} INFO - Processing /home/airflow/.local/lib/python3.8/site-packages/airflow/example_dags/example_short_circuit_operator.py took 0.057 seconds
[2023-08-31T15:22:03.382+0000] {processor.py:157} INFO - Started process (PID=2857) to work on /home/airflow/.local/lib/python3.8/site-packages/airflow/example_dags/example_short_circuit_operator.py
[2023-08-31T15:22:03.384+0000] {processor.py:829} INFO - Processing file /home/airflow/.local/lib/python3.8/site-packages/airflow/example_dags/example_short_circuit_operator.py for tasks to queue
[2023-08-31T15:22:03.386+0000] {logging_mixin.py:151} INFO - [2023-08-31T15:22:03.386+0000] {dagbag.py:539} INFO - Filling up the DagBag from /home/airflow/.local/lib/python3.8/site-packages/airflow/example_dags/example_short_circuit_operator.py
[2023-08-31T15:22:03.397+0000] {processor.py:839} INFO - DAG(s) dict_keys(['example_short_circuit_operator']) retrieved from /home/airflow/.local/lib/python3.8/site-packages/airflow/example_dags/example_short_circuit_operator.py
[2023-08-31T15:22:03.416+0000] {logging_mixin.py:151} INFO - [2023-08-31T15:22:03.415+0000] {dag.py:2907} INFO - Sync 1 DAGs
[2023-08-31T15:22:03.429+0000] {logging_mixin.py:151} INFO - [2023-08-31T15:22:03.429+0000] {dag.py:3677} INFO - Setting next_dagrun for example_short_circuit_operator to 2023-08-30T15:22:03.428926+00:00, run_after=2023-08-31T15:22:03.428926+00:00
[2023-08-31T15:22:03.441+0000] {processor.py:179} INFO - Processing /home/airflow/.local/lib/python3.8/site-packages/airflow/example_dags/example_short_circuit_operator.py took 0.062 seconds
[2023-08-31T15:22:33.688+0000] {processor.py:157} INFO - Started process (PID=3097) to work on /home/airflow/.local/lib/python3.8/site-packages/airflow/example_dags/example_short_circuit_operator.py
[2023-08-31T15:22:33.690+0000] {processor.py:829} INFO - Processing file /home/airflow/.local/lib/python3.8/site-packages/airflow/example_dags/example_short_circuit_operator.py for tasks to queue
[2023-08-31T15:22:33.691+0000] {logging_mixin.py:151} INFO - [2023-08-31T15:22:33.691+0000] {dagbag.py:539} INFO - Filling up the DagBag from /home/airflow/.local/lib/python3.8/site-packages/airflow/example_dags/example_short_circuit_operator.py
[2023-08-31T15:22:33.701+0000] {processor.py:839} INFO - DAG(s) dict_keys(['example_short_circuit_operator']) retrieved from /home/airflow/.local/lib/python3.8/site-packages/airflow/example_dags/example_short_circuit_operator.py
[2023-08-31T15:22:33.719+0000] {logging_mixin.py:151} INFO - [2023-08-31T15:22:33.719+0000] {dag.py:2907} INFO - Sync 1 DAGs
[2023-08-31T15:22:33.732+0000] {logging_mixin.py:151} INFO - [2023-08-31T15:22:33.732+0000] {dag.py:3677} INFO - Setting next_dagrun for example_short_circuit_operator to 2023-08-30T15:22:33.732609+00:00, run_after=2023-08-31T15:22:33.732609+00:00
[2023-08-31T15:22:33.743+0000] {processor.py:179} INFO - Processing /home/airflow/.local/lib/python3.8/site-packages/airflow/example_dags/example_short_circuit_operator.py took 0.059 seconds
[2023-08-31T15:23:04.409+0000] {processor.py:157} INFO - Started process (PID=3339) to work on /home/airflow/.local/lib/python3.8/site-packages/airflow/example_dags/example_short_circuit_operator.py
[2023-08-31T15:23:04.411+0000] {processor.py:829} INFO - Processing file /home/airflow/.local/lib/python3.8/site-packages/airflow/example_dags/example_short_circuit_operator.py for tasks to queue
[2023-08-31T15:23:04.412+0000] {logging_mixin.py:151} INFO - [2023-08-31T15:23:04.412+0000] {dagbag.py:539} INFO - Filling up the DagBag from /home/airflow/.local/lib/python3.8/site-packages/airflow/example_dags/example_short_circuit_operator.py
[2023-08-31T15:23:04.421+0000] {processor.py:839} INFO - DAG(s) dict_keys(['example_short_circuit_operator']) retrieved from /home/airflow/.local/lib/python3.8/site-packages/airflow/example_dags/example_short_circuit_operator.py
[2023-08-31T15:23:04.439+0000] {logging_mixin.py:151} INFO - [2023-08-31T15:23:04.439+0000] {dag.py:2907} INFO - Sync 1 DAGs
[2023-08-31T15:23:04.453+0000] {logging_mixin.py:151} INFO - [2023-08-31T15:23:04.453+0000] {dag.py:3677} INFO - Setting next_dagrun for example_short_circuit_operator to 2023-08-30T15:23:04.453014+00:00, run_after=2023-08-31T15:23:04.453014+00:00
[2023-08-31T15:23:04.464+0000] {processor.py:179} INFO - Processing /home/airflow/.local/lib/python3.8/site-packages/airflow/example_dags/example_short_circuit_operator.py took 0.059 seconds
[2023-08-31T15:23:34.926+0000] {processor.py:157} INFO - Started process (PID=3579) to work on /home/airflow/.local/lib/python3.8/site-packages/airflow/example_dags/example_short_circuit_operator.py
[2023-08-31T15:23:34.928+0000] {processor.py:829} INFO - Processing file /home/airflow/.local/lib/python3.8/site-packages/airflow/example_dags/example_short_circuit_operator.py for tasks to queue
[2023-08-31T15:23:34.929+0000] {logging_mixin.py:151} INFO - [2023-08-31T15:23:34.929+0000] {dagbag.py:539} INFO - Filling up the DagBag from /home/airflow/.local/lib/python3.8/site-packages/airflow/example_dags/example_short_circuit_operator.py
[2023-08-31T15:23:34.939+0000] {processor.py:839} INFO - DAG(s) dict_keys(['example_short_circuit_operator']) retrieved from /home/airflow/.local/lib/python3.8/site-packages/airflow/example_dags/example_short_circuit_operator.py
[2023-08-31T15:23:34.958+0000] {logging_mixin.py:151} INFO - [2023-08-31T15:23:34.958+0000] {dag.py:2907} INFO - Sync 1 DAGs
[2023-08-31T15:23:34.972+0000] {logging_mixin.py:151} INFO - [2023-08-31T15:23:34.972+0000] {dag.py:3677} INFO - Setting next_dagrun for example_short_circuit_operator to 2023-08-30T15:23:34.972032+00:00, run_after=2023-08-31T15:23:34.972032+00:00
[2023-08-31T15:23:34.982+0000] {processor.py:179} INFO - Processing /home/airflow/.local/lib/python3.8/site-packages/airflow/example_dags/example_short_circuit_operator.py took 0.060 seconds
[2023-08-31T15:24:05.256+0000] {processor.py:157} INFO - Started process (PID=3821) to work on /home/airflow/.local/lib/python3.8/site-packages/airflow/example_dags/example_short_circuit_operator.py
[2023-08-31T15:24:05.258+0000] {processor.py:829} INFO - Processing file /home/airflow/.local/lib/python3.8/site-packages/airflow/example_dags/example_short_circuit_operator.py for tasks to queue
[2023-08-31T15:24:05.260+0000] {logging_mixin.py:151} INFO - [2023-08-31T15:24:05.260+0000] {dagbag.py:539} INFO - Filling up the DagBag from /home/airflow/.local/lib/python3.8/site-packages/airflow/example_dags/example_short_circuit_operator.py
[2023-08-31T15:24:05.270+0000] {processor.py:839} INFO - DAG(s) dict_keys(['example_short_circuit_operator']) retrieved from /home/airflow/.local/lib/python3.8/site-packages/airflow/example_dags/example_short_circuit_operator.py
[2023-08-31T15:24:05.289+0000] {logging_mixin.py:151} INFO - [2023-08-31T15:24:05.289+0000] {dag.py:2907} INFO - Sync 1 DAGs
[2023-08-31T15:24:05.303+0000] {logging_mixin.py:151} INFO - [2023-08-31T15:24:05.303+0000] {dag.py:3677} INFO - Setting next_dagrun for example_short_circuit_operator to 2023-08-30T15:24:05.302914+00:00, run_after=2023-08-31T15:24:05.302914+00:00
[2023-08-31T15:24:05.314+0000] {processor.py:179} INFO - Processing /home/airflow/.local/lib/python3.8/site-packages/airflow/example_dags/example_short_circuit_operator.py took 0.061 seconds
[2023-08-31T15:24:35.508+0000] {processor.py:157} INFO - Started process (PID=4061) to work on /home/airflow/.local/lib/python3.8/site-packages/airflow/example_dags/example_short_circuit_operator.py
[2023-08-31T15:24:35.510+0000] {processor.py:829} INFO - Processing file /home/airflow/.local/lib/python3.8/site-packages/airflow/example_dags/example_short_circuit_operator.py for tasks to queue
[2023-08-31T15:24:35.511+0000] {logging_mixin.py:151} INFO - [2023-08-31T15:24:35.511+0000] {dagbag.py:539} INFO - Filling up the DagBag from /home/airflow/.local/lib/python3.8/site-packages/airflow/example_dags/example_short_circuit_operator.py
[2023-08-31T15:24:35.520+0000] {processor.py:839} INFO - DAG(s) dict_keys(['example_short_circuit_operator']) retrieved from /home/airflow/.local/lib/python3.8/site-packages/airflow/example_dags/example_short_circuit_operator.py
[2023-08-31T15:24:35.538+0000] {logging_mixin.py:151} INFO - [2023-08-31T15:24:35.538+0000] {dag.py:2907} INFO - Sync 1 DAGs
[2023-08-31T15:24:35.551+0000] {logging_mixin.py:151} INFO - [2023-08-31T15:24:35.551+0000] {dag.py:3677} INFO - Setting next_dagrun for example_short_circuit_operator to 2023-08-30T15:24:35.551342+00:00, run_after=2023-08-31T15:24:35.551342+00:00
[2023-08-31T15:24:35.561+0000] {processor.py:179} INFO - Processing /home/airflow/.local/lib/python3.8/site-packages/airflow/example_dags/example_short_circuit_operator.py took 0.057 seconds
[2023-08-31T15:25:05.796+0000] {processor.py:157} INFO - Started process (PID=4301) to work on /home/airflow/.local/lib/python3.8/site-packages/airflow/example_dags/example_short_circuit_operator.py
[2023-08-31T15:25:05.798+0000] {processor.py:829} INFO - Processing file /home/airflow/.local/lib/python3.8/site-packages/airflow/example_dags/example_short_circuit_operator.py for tasks to queue
[2023-08-31T15:25:05.801+0000] {logging_mixin.py:151} INFO - [2023-08-31T15:25:05.801+0000] {dagbag.py:539} INFO - Filling up the DagBag from /home/airflow/.local/lib/python3.8/site-packages/airflow/example_dags/example_short_circuit_operator.py
[2023-08-31T15:25:05.810+0000] {processor.py:839} INFO - DAG(s) dict_keys(['example_short_circuit_operator']) retrieved from /home/airflow/.local/lib/python3.8/site-packages/airflow/example_dags/example_short_circuit_operator.py
[2023-08-31T15:25:05.829+0000] {logging_mixin.py:151} INFO - [2023-08-31T15:25:05.829+0000] {dag.py:2907} INFO - Sync 1 DAGs
[2023-08-31T15:25:05.842+0000] {logging_mixin.py:151} INFO - [2023-08-31T15:25:05.842+0000] {dag.py:3677} INFO - Setting next_dagrun for example_short_circuit_operator to 2023-08-30T15:25:05.842087+00:00, run_after=2023-08-31T15:25:05.842087+00:00
[2023-08-31T15:25:05.852+0000] {processor.py:179} INFO - Processing /home/airflow/.local/lib/python3.8/site-packages/airflow/example_dags/example_short_circuit_operator.py took 0.060 seconds
[2023-08-31T15:25:36.081+0000] {processor.py:157} INFO - Started process (PID=4540) to work on /home/airflow/.local/lib/python3.8/site-packages/airflow/example_dags/example_short_circuit_operator.py
[2023-08-31T15:25:36.083+0000] {processor.py:829} INFO - Processing file /home/airflow/.local/lib/python3.8/site-packages/airflow/example_dags/example_short_circuit_operator.py for tasks to queue
[2023-08-31T15:25:36.085+0000] {logging_mixin.py:151} INFO - [2023-08-31T15:25:36.085+0000] {dagbag.py:539} INFO - Filling up the DagBag from /home/airflow/.local/lib/python3.8/site-packages/airflow/example_dags/example_short_circuit_operator.py
[2023-08-31T15:25:36.094+0000] {processor.py:839} INFO - DAG(s) dict_keys(['example_short_circuit_operator']) retrieved from /home/airflow/.local/lib/python3.8/site-packages/airflow/example_dags/example_short_circuit_operator.py
[2023-08-31T15:25:36.112+0000] {logging_mixin.py:151} INFO - [2023-08-31T15:25:36.112+0000] {dag.py:2907} INFO - Sync 1 DAGs
[2023-08-31T15:25:36.125+0000] {logging_mixin.py:151} INFO - [2023-08-31T15:25:36.125+0000] {dag.py:3677} INFO - Setting next_dagrun for example_short_circuit_operator to 2023-08-30T15:25:36.125304+00:00, run_after=2023-08-31T15:25:36.125304+00:00
[2023-08-31T15:25:36.136+0000] {processor.py:179} INFO - Processing /home/airflow/.local/lib/python3.8/site-packages/airflow/example_dags/example_short_circuit_operator.py took 0.058 seconds
[2023-08-31T15:26:06.367+0000] {processor.py:157} INFO - Started process (PID=4781) to work on /home/airflow/.local/lib/python3.8/site-packages/airflow/example_dags/example_short_circuit_operator.py
[2023-08-31T15:26:06.369+0000] {processor.py:829} INFO - Processing file /home/airflow/.local/lib/python3.8/site-packages/airflow/example_dags/example_short_circuit_operator.py for tasks to queue
[2023-08-31T15:26:06.372+0000] {logging_mixin.py:151} INFO - [2023-08-31T15:26:06.371+0000] {dagbag.py:539} INFO - Filling up the DagBag from /home/airflow/.local/lib/python3.8/site-packages/airflow/example_dags/example_short_circuit_operator.py
[2023-08-31T15:26:06.382+0000] {processor.py:839} INFO - DAG(s) dict_keys(['example_short_circuit_operator']) retrieved from /home/airflow/.local/lib/python3.8/site-packages/airflow/example_dags/example_short_circuit_operator.py
[2023-08-31T15:26:06.401+0000] {logging_mixin.py:151} INFO - [2023-08-31T15:26:06.400+0000] {dag.py:2907} INFO - Sync 1 DAGs
[2023-08-31T15:26:06.415+0000] {logging_mixin.py:151} INFO - [2023-08-31T15:26:06.414+0000] {dag.py:3677} INFO - Setting next_dagrun for example_short_circuit_operator to 2023-08-30T15:26:06.414796+00:00, run_after=2023-08-31T15:26:06.414796+00:00
[2023-08-31T15:26:06.426+0000] {processor.py:179} INFO - Processing /home/airflow/.local/lib/python3.8/site-packages/airflow/example_dags/example_short_circuit_operator.py took 0.063 seconds
[2023-08-31T15:26:36.707+0000] {processor.py:157} INFO - Started process (PID=5020) to work on /home/airflow/.local/lib/python3.8/site-packages/airflow/example_dags/example_short_circuit_operator.py
[2023-08-31T15:26:36.708+0000] {processor.py:829} INFO - Processing file /home/airflow/.local/lib/python3.8/site-packages/airflow/example_dags/example_short_circuit_operator.py for tasks to queue
[2023-08-31T15:26:36.710+0000] {logging_mixin.py:151} INFO - [2023-08-31T15:26:36.710+0000] {dagbag.py:539} INFO - Filling up the DagBag from /home/airflow/.local/lib/python3.8/site-packages/airflow/example_dags/example_short_circuit_operator.py
[2023-08-31T15:26:36.719+0000] {processor.py:839} INFO - DAG(s) dict_keys(['example_short_circuit_operator']) retrieved from /home/airflow/.local/lib/python3.8/site-packages/airflow/example_dags/example_short_circuit_operator.py
[2023-08-31T15:26:36.737+0000] {logging_mixin.py:151} INFO - [2023-08-31T15:26:36.737+0000] {dag.py:2907} INFO - Sync 1 DAGs
[2023-08-31T15:26:36.751+0000] {logging_mixin.py:151} INFO - [2023-08-31T15:26:36.751+0000] {dag.py:3677} INFO - Setting next_dagrun for example_short_circuit_operator to 2023-08-30T15:26:36.751625+00:00, run_after=2023-08-31T15:26:36.751625+00:00
[2023-08-31T15:26:36.762+0000] {processor.py:179} INFO - Processing /home/airflow/.local/lib/python3.8/site-packages/airflow/example_dags/example_short_circuit_operator.py took 0.059 seconds
[2023-08-31T15:27:06.984+0000] {processor.py:157} INFO - Started process (PID=5259) to work on /home/airflow/.local/lib/python3.8/site-packages/airflow/example_dags/example_short_circuit_operator.py
[2023-08-31T15:27:06.986+0000] {processor.py:829} INFO - Processing file /home/airflow/.local/lib/python3.8/site-packages/airflow/example_dags/example_short_circuit_operator.py for tasks to queue
[2023-08-31T15:27:06.988+0000] {logging_mixin.py:151} INFO - [2023-08-31T15:27:06.988+0000] {dagbag.py:539} INFO - Filling up the DagBag from /home/airflow/.local/lib/python3.8/site-packages/airflow/example_dags/example_short_circuit_operator.py
[2023-08-31T15:27:06.998+0000] {processor.py:839} INFO - DAG(s) dict_keys(['example_short_circuit_operator']) retrieved from /home/airflow/.local/lib/python3.8/site-packages/airflow/example_dags/example_short_circuit_operator.py
[2023-08-31T15:27:07.017+0000] {logging_mixin.py:151} INFO - [2023-08-31T15:27:07.017+0000] {dag.py:2907} INFO - Sync 1 DAGs
[2023-08-31T15:27:07.031+0000] {logging_mixin.py:151} INFO - [2023-08-31T15:27:07.030+0000] {dag.py:3677} INFO - Setting next_dagrun for example_short_circuit_operator to 2023-08-30T15:27:07.030850+00:00, run_after=2023-08-31T15:27:07.030850+00:00
[2023-08-31T15:27:07.041+0000] {processor.py:179} INFO - Processing /home/airflow/.local/lib/python3.8/site-packages/airflow/example_dags/example_short_circuit_operator.py took 0.061 seconds
[2023-08-31T15:27:37.427+0000] {processor.py:157} INFO - Started process (PID=5499) to work on /home/airflow/.local/lib/python3.8/site-packages/airflow/example_dags/example_short_circuit_operator.py
[2023-08-31T15:27:37.429+0000] {processor.py:829} INFO - Processing file /home/airflow/.local/lib/python3.8/site-packages/airflow/example_dags/example_short_circuit_operator.py for tasks to queue
[2023-08-31T15:27:37.431+0000] {logging_mixin.py:151} INFO - [2023-08-31T15:27:37.430+0000] {dagbag.py:539} INFO - Filling up the DagBag from /home/airflow/.local/lib/python3.8/site-packages/airflow/example_dags/example_short_circuit_operator.py
[2023-08-31T15:27:37.440+0000] {processor.py:839} INFO - DAG(s) dict_keys(['example_short_circuit_operator']) retrieved from /home/airflow/.local/lib/python3.8/site-packages/airflow/example_dags/example_short_circuit_operator.py
[2023-08-31T15:27:37.458+0000] {logging_mixin.py:151} INFO - [2023-08-31T15:27:37.458+0000] {dag.py:2907} INFO - Sync 1 DAGs
[2023-08-31T15:27:37.472+0000] {logging_mixin.py:151} INFO - [2023-08-31T15:27:37.472+0000] {dag.py:3677} INFO - Setting next_dagrun for example_short_circuit_operator to 2023-08-30T15:27:37.472050+00:00, run_after=2023-08-31T15:27:37.472050+00:00
[2023-08-31T15:27:37.483+0000] {processor.py:179} INFO - Processing /home/airflow/.local/lib/python3.8/site-packages/airflow/example_dags/example_short_circuit_operator.py took 0.060 seconds
[2023-08-31T15:28:07.786+0000] {processor.py:157} INFO - Started process (PID=5739) to work on /home/airflow/.local/lib/python3.8/site-packages/airflow/example_dags/example_short_circuit_operator.py
[2023-08-31T15:28:07.788+0000] {processor.py:829} INFO - Processing file /home/airflow/.local/lib/python3.8/site-packages/airflow/example_dags/example_short_circuit_operator.py for tasks to queue
[2023-08-31T15:28:07.789+0000] {logging_mixin.py:151} INFO - [2023-08-31T15:28:07.789+0000] {dagbag.py:539} INFO - Filling up the DagBag from /home/airflow/.local/lib/python3.8/site-packages/airflow/example_dags/example_short_circuit_operator.py
[2023-08-31T15:28:07.799+0000] {processor.py:839} INFO - DAG(s) dict_keys(['example_short_circuit_operator']) retrieved from /home/airflow/.local/lib/python3.8/site-packages/airflow/example_dags/example_short_circuit_operator.py
[2023-08-31T15:28:07.816+0000] {logging_mixin.py:151} INFO - [2023-08-31T15:28:07.816+0000] {dag.py:2907} INFO - Sync 1 DAGs
[2023-08-31T15:28:07.829+0000] {logging_mixin.py:151} INFO - [2023-08-31T15:28:07.829+0000] {dag.py:3677} INFO - Setting next_dagrun for example_short_circuit_operator to 2023-08-30T15:28:07.828877+00:00, run_after=2023-08-31T15:28:07.828877+00:00
[2023-08-31T15:28:07.838+0000] {processor.py:179} INFO - Processing /home/airflow/.local/lib/python3.8/site-packages/airflow/example_dags/example_short_circuit_operator.py took 0.056 seconds
[2023-08-31T15:28:38.137+0000] {processor.py:157} INFO - Started process (PID=5980) to work on /home/airflow/.local/lib/python3.8/site-packages/airflow/example_dags/example_short_circuit_operator.py
[2023-08-31T15:28:38.140+0000] {processor.py:829} INFO - Processing file /home/airflow/.local/lib/python3.8/site-packages/airflow/example_dags/example_short_circuit_operator.py for tasks to queue
[2023-08-31T15:28:38.142+0000] {logging_mixin.py:151} INFO - [2023-08-31T15:28:38.141+0000] {dagbag.py:539} INFO - Filling up the DagBag from /home/airflow/.local/lib/python3.8/site-packages/airflow/example_dags/example_short_circuit_operator.py
[2023-08-31T15:28:38.151+0000] {processor.py:839} INFO - DAG(s) dict_keys(['example_short_circuit_operator']) retrieved from /home/airflow/.local/lib/python3.8/site-packages/airflow/example_dags/example_short_circuit_operator.py
[2023-08-31T15:28:38.169+0000] {logging_mixin.py:151} INFO - [2023-08-31T15:28:38.169+0000] {dag.py:2907} INFO - Sync 1 DAGs
[2023-08-31T15:28:38.182+0000] {logging_mixin.py:151} INFO - [2023-08-31T15:28:38.182+0000] {dag.py:3677} INFO - Setting next_dagrun for example_short_circuit_operator to 2023-08-30T15:28:38.182616+00:00, run_after=2023-08-31T15:28:38.182616+00:00
[2023-08-31T15:28:38.193+0000] {processor.py:179} INFO - Processing /home/airflow/.local/lib/python3.8/site-packages/airflow/example_dags/example_short_circuit_operator.py took 0.059 seconds
[2023-08-31T15:29:08.368+0000] {processor.py:157} INFO - Started process (PID=6222) to work on /home/airflow/.local/lib/python3.8/site-packages/airflow/example_dags/example_short_circuit_operator.py
[2023-08-31T15:29:08.370+0000] {processor.py:829} INFO - Processing file /home/airflow/.local/lib/python3.8/site-packages/airflow/example_dags/example_short_circuit_operator.py for tasks to queue
[2023-08-31T15:29:08.372+0000] {logging_mixin.py:151} INFO - [2023-08-31T15:29:08.372+0000] {dagbag.py:539} INFO - Filling up the DagBag from /home/airflow/.local/lib/python3.8/site-packages/airflow/example_dags/example_short_circuit_operator.py
[2023-08-31T15:29:08.381+0000] {processor.py:839} INFO - DAG(s) dict_keys(['example_short_circuit_operator']) retrieved from /home/airflow/.local/lib/python3.8/site-packages/airflow/example_dags/example_short_circuit_operator.py
[2023-08-31T15:29:08.400+0000] {logging_mixin.py:151} INFO - [2023-08-31T15:29:08.400+0000] {dag.py:2907} INFO - Sync 1 DAGs
[2023-08-31T15:29:08.414+0000] {logging_mixin.py:151} INFO - [2023-08-31T15:29:08.413+0000] {dag.py:3677} INFO - Setting next_dagrun for example_short_circuit_operator to 2023-08-30T15:29:08.413790+00:00, run_after=2023-08-31T15:29:08.413790+00:00
[2023-08-31T15:29:08.425+0000] {processor.py:179} INFO - Processing /home/airflow/.local/lib/python3.8/site-packages/airflow/example_dags/example_short_circuit_operator.py took 0.060 seconds
[2023-08-31T15:29:38.810+0000] {processor.py:157} INFO - Started process (PID=6462) to work on /home/airflow/.local/lib/python3.8/site-packages/airflow/example_dags/example_short_circuit_operator.py
[2023-08-31T15:29:38.812+0000] {processor.py:829} INFO - Processing file /home/airflow/.local/lib/python3.8/site-packages/airflow/example_dags/example_short_circuit_operator.py for tasks to queue
[2023-08-31T15:29:38.813+0000] {logging_mixin.py:151} INFO - [2023-08-31T15:29:38.813+0000] {dagbag.py:539} INFO - Filling up the DagBag from /home/airflow/.local/lib/python3.8/site-packages/airflow/example_dags/example_short_circuit_operator.py
[2023-08-31T15:29:38.822+0000] {processor.py:839} INFO - DAG(s) dict_keys(['example_short_circuit_operator']) retrieved from /home/airflow/.local/lib/python3.8/site-packages/airflow/example_dags/example_short_circuit_operator.py
[2023-08-31T15:29:38.841+0000] {logging_mixin.py:151} INFO - [2023-08-31T15:29:38.841+0000] {dag.py:2907} INFO - Sync 1 DAGs
[2023-08-31T15:29:38.853+0000] {logging_mixin.py:151} INFO - [2023-08-31T15:29:38.853+0000] {dag.py:3677} INFO - Setting next_dagrun for example_short_circuit_operator to 2023-08-30T15:29:38.853314+00:00, run_after=2023-08-31T15:29:38.853314+00:00
[2023-08-31T15:29:38.865+0000] {processor.py:179} INFO - Processing /home/airflow/.local/lib/python3.8/site-packages/airflow/example_dags/example_short_circuit_operator.py took 0.059 seconds
[2023-08-31T15:30:09.083+0000] {processor.py:157} INFO - Started process (PID=6702) to work on /home/airflow/.local/lib/python3.8/site-packages/airflow/example_dags/example_short_circuit_operator.py
[2023-08-31T15:30:09.085+0000] {processor.py:829} INFO - Processing file /home/airflow/.local/lib/python3.8/site-packages/airflow/example_dags/example_short_circuit_operator.py for tasks to queue
[2023-08-31T15:30:09.087+0000] {logging_mixin.py:151} INFO - [2023-08-31T15:30:09.087+0000] {dagbag.py:539} INFO - Filling up the DagBag from /home/airflow/.local/lib/python3.8/site-packages/airflow/example_dags/example_short_circuit_operator.py
[2023-08-31T15:30:09.097+0000] {processor.py:839} INFO - DAG(s) dict_keys(['example_short_circuit_operator']) retrieved from /home/airflow/.local/lib/python3.8/site-packages/airflow/example_dags/example_short_circuit_operator.py
[2023-08-31T15:30:09.115+0000] {logging_mixin.py:151} INFO - [2023-08-31T15:30:09.114+0000] {dag.py:2907} INFO - Sync 1 DAGs
[2023-08-31T15:30:09.128+0000] {logging_mixin.py:151} INFO - [2023-08-31T15:30:09.128+0000] {dag.py:3677} INFO - Setting next_dagrun for example_short_circuit_operator to 2023-08-30T15:30:09.127926+00:00, run_after=2023-08-31T15:30:09.127926+00:00
[2023-08-31T15:30:09.138+0000] {processor.py:179} INFO - Processing /home/airflow/.local/lib/python3.8/site-packages/airflow/example_dags/example_short_circuit_operator.py took 0.060 seconds
[2023-08-31T15:30:39.306+0000] {processor.py:157} INFO - Started process (PID=6943) to work on /home/airflow/.local/lib/python3.8/site-packages/airflow/example_dags/example_short_circuit_operator.py
[2023-08-31T15:30:39.308+0000] {processor.py:829} INFO - Processing file /home/airflow/.local/lib/python3.8/site-packages/airflow/example_dags/example_short_circuit_operator.py for tasks to queue
[2023-08-31T15:30:39.310+0000] {logging_mixin.py:151} INFO - [2023-08-31T15:30:39.310+0000] {dagbag.py:539} INFO - Filling up the DagBag from /home/airflow/.local/lib/python3.8/site-packages/airflow/example_dags/example_short_circuit_operator.py
[2023-08-31T15:30:39.321+0000] {processor.py:839} INFO - DAG(s) dict_keys(['example_short_circuit_operator']) retrieved from /home/airflow/.local/lib/python3.8/site-packages/airflow/example_dags/example_short_circuit_operator.py
[2023-08-31T15:30:39.340+0000] {logging_mixin.py:151} INFO - [2023-08-31T15:30:39.339+0000] {dag.py:2907} INFO - Sync 1 DAGs
[2023-08-31T15:30:39.353+0000] {logging_mixin.py:151} INFO - [2023-08-31T15:30:39.353+0000] {dag.py:3677} INFO - Setting next_dagrun for example_short_circuit_operator to 2023-08-30T15:30:39.353230+00:00, run_after=2023-08-31T15:30:39.353230+00:00
[2023-08-31T15:30:39.364+0000] {processor.py:179} INFO - Processing /home/airflow/.local/lib/python3.8/site-packages/airflow/example_dags/example_short_circuit_operator.py took 0.062 seconds
[2023-08-31T15:31:09.677+0000] {processor.py:157} INFO - Started process (PID=7182) to work on /home/airflow/.local/lib/python3.8/site-packages/airflow/example_dags/example_short_circuit_operator.py
[2023-08-31T15:31:09.679+0000] {processor.py:829} INFO - Processing file /home/airflow/.local/lib/python3.8/site-packages/airflow/example_dags/example_short_circuit_operator.py for tasks to queue
[2023-08-31T15:31:09.681+0000] {logging_mixin.py:151} INFO - [2023-08-31T15:31:09.680+0000] {dagbag.py:539} INFO - Filling up the DagBag from /home/airflow/.local/lib/python3.8/site-packages/airflow/example_dags/example_short_circuit_operator.py
[2023-08-31T15:31:09.690+0000] {processor.py:839} INFO - DAG(s) dict_keys(['example_short_circuit_operator']) retrieved from /home/airflow/.local/lib/python3.8/site-packages/airflow/example_dags/example_short_circuit_operator.py
[2023-08-31T15:31:09.708+0000] {logging_mixin.py:151} INFO - [2023-08-31T15:31:09.708+0000] {dag.py:2907} INFO - Sync 1 DAGs
[2023-08-31T15:31:09.721+0000] {logging_mixin.py:151} INFO - [2023-08-31T15:31:09.721+0000] {dag.py:3677} INFO - Setting next_dagrun for example_short_circuit_operator to 2023-08-30T15:31:09.721259+00:00, run_after=2023-08-31T15:31:09.721259+00:00
[2023-08-31T15:31:09.731+0000] {processor.py:179} INFO - Processing /home/airflow/.local/lib/python3.8/site-packages/airflow/example_dags/example_short_circuit_operator.py took 0.058 seconds
[2023-08-31T15:31:40.113+0000] {processor.py:157} INFO - Started process (PID=7421) to work on /home/airflow/.local/lib/python3.8/site-packages/airflow/example_dags/example_short_circuit_operator.py
[2023-08-31T15:31:40.115+0000] {processor.py:829} INFO - Processing file /home/airflow/.local/lib/python3.8/site-packages/airflow/example_dags/example_short_circuit_operator.py for tasks to queue
[2023-08-31T15:31:40.117+0000] {logging_mixin.py:151} INFO - [2023-08-31T15:31:40.117+0000] {dagbag.py:539} INFO - Filling up the DagBag from /home/airflow/.local/lib/python3.8/site-packages/airflow/example_dags/example_short_circuit_operator.py
[2023-08-31T15:31:40.127+0000] {processor.py:839} INFO - DAG(s) dict_keys(['example_short_circuit_operator']) retrieved from /home/airflow/.local/lib/python3.8/site-packages/airflow/example_dags/example_short_circuit_operator.py
[2023-08-31T15:31:40.145+0000] {logging_mixin.py:151} INFO - [2023-08-31T15:31:40.145+0000] {dag.py:2907} INFO - Sync 1 DAGs
[2023-08-31T15:31:40.158+0000] {logging_mixin.py:151} INFO - [2023-08-31T15:31:40.158+0000] {dag.py:3677} INFO - Setting next_dagrun for example_short_circuit_operator to 2023-08-30T15:31:40.158158+00:00, run_after=2023-08-31T15:31:40.158158+00:00
[2023-08-31T15:31:40.169+0000] {processor.py:179} INFO - Processing /home/airflow/.local/lib/python3.8/site-packages/airflow/example_dags/example_short_circuit_operator.py took 0.061 seconds
[2023-08-31T15:32:10.487+0000] {processor.py:157} INFO - Started process (PID=7660) to work on /home/airflow/.local/lib/python3.8/site-packages/airflow/example_dags/example_short_circuit_operator.py
[2023-08-31T15:32:10.488+0000] {processor.py:829} INFO - Processing file /home/airflow/.local/lib/python3.8/site-packages/airflow/example_dags/example_short_circuit_operator.py for tasks to queue
[2023-08-31T15:32:10.490+0000] {logging_mixin.py:151} INFO - [2023-08-31T15:32:10.489+0000] {dagbag.py:539} INFO - Filling up the DagBag from /home/airflow/.local/lib/python3.8/site-packages/airflow/example_dags/example_short_circuit_operator.py
[2023-08-31T15:32:10.500+0000] {processor.py:839} INFO - DAG(s) dict_keys(['example_short_circuit_operator']) retrieved from /home/airflow/.local/lib/python3.8/site-packages/airflow/example_dags/example_short_circuit_operator.py
[2023-08-31T15:32:10.517+0000] {logging_mixin.py:151} INFO - [2023-08-31T15:32:10.517+0000] {dag.py:2907} INFO - Sync 1 DAGs
[2023-08-31T15:32:10.530+0000] {logging_mixin.py:151} INFO - [2023-08-31T15:32:10.530+0000] {dag.py:3677} INFO - Setting next_dagrun for example_short_circuit_operator to 2023-08-30T15:32:10.530606+00:00, run_after=2023-08-31T15:32:10.530606+00:00
[2023-08-31T15:32:10.541+0000] {processor.py:179} INFO - Processing /home/airflow/.local/lib/python3.8/site-packages/airflow/example_dags/example_short_circuit_operator.py took 0.058 seconds
[2023-08-31T15:32:40.822+0000] {processor.py:157} INFO - Started process (PID=7900) to work on /home/airflow/.local/lib/python3.8/site-packages/airflow/example_dags/example_short_circuit_operator.py
[2023-08-31T15:32:40.825+0000] {processor.py:829} INFO - Processing file /home/airflow/.local/lib/python3.8/site-packages/airflow/example_dags/example_short_circuit_operator.py for tasks to queue
[2023-08-31T15:32:40.827+0000] {logging_mixin.py:151} INFO - [2023-08-31T15:32:40.827+0000] {dagbag.py:539} INFO - Filling up the DagBag from /home/airflow/.local/lib/python3.8/site-packages/airflow/example_dags/example_short_circuit_operator.py
[2023-08-31T15:32:40.835+0000] {processor.py:839} INFO - DAG(s) dict_keys(['example_short_circuit_operator']) retrieved from /home/airflow/.local/lib/python3.8/site-packages/airflow/example_dags/example_short_circuit_operator.py
[2023-08-31T15:32:40.853+0000] {logging_mixin.py:151} INFO - [2023-08-31T15:32:40.853+0000] {dag.py:2907} INFO - Sync 1 DAGs
[2023-08-31T15:32:40.869+0000] {logging_mixin.py:151} INFO - [2023-08-31T15:32:40.869+0000] {dag.py:3677} INFO - Setting next_dagrun for example_short_circuit_operator to 2023-08-30T15:32:40.869065+00:00, run_after=2023-08-31T15:32:40.869065+00:00
[2023-08-31T15:32:40.884+0000] {processor.py:179} INFO - Processing /home/airflow/.local/lib/python3.8/site-packages/airflow/example_dags/example_short_circuit_operator.py took 0.064 seconds
[2023-08-31T15:33:11.326+0000] {processor.py:157} INFO - Started process (PID=8139) to work on /home/airflow/.local/lib/python3.8/site-packages/airflow/example_dags/example_short_circuit_operator.py
[2023-08-31T15:33:11.329+0000] {processor.py:829} INFO - Processing file /home/airflow/.local/lib/python3.8/site-packages/airflow/example_dags/example_short_circuit_operator.py for tasks to queue
[2023-08-31T15:33:11.331+0000] {logging_mixin.py:151} INFO - [2023-08-31T15:33:11.330+0000] {dagbag.py:539} INFO - Filling up the DagBag from /home/airflow/.local/lib/python3.8/site-packages/airflow/example_dags/example_short_circuit_operator.py
[2023-08-31T15:33:11.340+0000] {processor.py:839} INFO - DAG(s) dict_keys(['example_short_circuit_operator']) retrieved from /home/airflow/.local/lib/python3.8/site-packages/airflow/example_dags/example_short_circuit_operator.py
[2023-08-31T15:33:11.358+0000] {logging_mixin.py:151} INFO - [2023-08-31T15:33:11.357+0000] {dag.py:2907} INFO - Sync 1 DAGs
[2023-08-31T15:33:11.371+0000] {logging_mixin.py:151} INFO - [2023-08-31T15:33:11.371+0000] {dag.py:3677} INFO - Setting next_dagrun for example_short_circuit_operator to 2023-08-30T15:33:11.371366+00:00, run_after=2023-08-31T15:33:11.371366+00:00
[2023-08-31T15:33:11.383+0000] {processor.py:179} INFO - Processing /home/airflow/.local/lib/python3.8/site-packages/airflow/example_dags/example_short_circuit_operator.py took 0.060 seconds
[2023-08-31T15:33:41.710+0000] {processor.py:157} INFO - Started process (PID=8379) to work on /home/airflow/.local/lib/python3.8/site-packages/airflow/example_dags/example_short_circuit_operator.py
[2023-08-31T15:33:41.712+0000] {processor.py:829} INFO - Processing file /home/airflow/.local/lib/python3.8/site-packages/airflow/example_dags/example_short_circuit_operator.py for tasks to queue
[2023-08-31T15:33:41.715+0000] {logging_mixin.py:151} INFO - [2023-08-31T15:33:41.714+0000] {dagbag.py:539} INFO - Filling up the DagBag from /home/airflow/.local/lib/python3.8/site-packages/airflow/example_dags/example_short_circuit_operator.py
[2023-08-31T15:33:41.729+0000] {processor.py:839} INFO - DAG(s) dict_keys(['example_short_circuit_operator']) retrieved from /home/airflow/.local/lib/python3.8/site-packages/airflow/example_dags/example_short_circuit_operator.py
[2023-08-31T15:33:41.753+0000] {logging_mixin.py:151} INFO - [2023-08-31T15:33:41.753+0000] {dag.py:2907} INFO - Sync 1 DAGs
[2023-08-31T15:33:41.776+0000] {logging_mixin.py:151} INFO - [2023-08-31T15:33:41.776+0000] {dag.py:3677} INFO - Setting next_dagrun for example_short_circuit_operator to 2023-08-30T15:33:41.776495+00:00, run_after=2023-08-31T15:33:41.776495+00:00
[2023-08-31T15:33:41.796+0000] {processor.py:179} INFO - Processing /home/airflow/.local/lib/python3.8/site-packages/airflow/example_dags/example_short_circuit_operator.py took 0.091 seconds
[2023-08-31T15:34:12.341+0000] {processor.py:157} INFO - Started process (PID=8620) to work on /home/airflow/.local/lib/python3.8/site-packages/airflow/example_dags/example_short_circuit_operator.py
[2023-08-31T15:34:12.342+0000] {processor.py:829} INFO - Processing file /home/airflow/.local/lib/python3.8/site-packages/airflow/example_dags/example_short_circuit_operator.py for tasks to queue
[2023-08-31T15:34:12.344+0000] {logging_mixin.py:151} INFO - [2023-08-31T15:34:12.344+0000] {dagbag.py:539} INFO - Filling up the DagBag from /home/airflow/.local/lib/python3.8/site-packages/airflow/example_dags/example_short_circuit_operator.py
[2023-08-31T15:34:12.351+0000] {processor.py:839} INFO - DAG(s) dict_keys(['example_short_circuit_operator']) retrieved from /home/airflow/.local/lib/python3.8/site-packages/airflow/example_dags/example_short_circuit_operator.py
[2023-08-31T15:34:12.370+0000] {logging_mixin.py:151} INFO - [2023-08-31T15:34:12.369+0000] {dag.py:2907} INFO - Sync 1 DAGs
[2023-08-31T15:34:12.383+0000] {logging_mixin.py:151} INFO - [2023-08-31T15:34:12.383+0000] {dag.py:3677} INFO - Setting next_dagrun for example_short_circuit_operator to 2023-08-30T15:34:12.383108+00:00, run_after=2023-08-31T15:34:12.383108+00:00
[2023-08-31T15:34:12.395+0000] {processor.py:179} INFO - Processing /home/airflow/.local/lib/python3.8/site-packages/airflow/example_dags/example_short_circuit_operator.py took 0.057 seconds
[2023-08-31T15:34:42.786+0000] {processor.py:157} INFO - Started process (PID=8860) to work on /home/airflow/.local/lib/python3.8/site-packages/airflow/example_dags/example_short_circuit_operator.py
[2023-08-31T15:34:42.787+0000] {processor.py:829} INFO - Processing file /home/airflow/.local/lib/python3.8/site-packages/airflow/example_dags/example_short_circuit_operator.py for tasks to queue
[2023-08-31T15:34:42.788+0000] {logging_mixin.py:151} INFO - [2023-08-31T15:34:42.788+0000] {dagbag.py:539} INFO - Filling up the DagBag from /home/airflow/.local/lib/python3.8/site-packages/airflow/example_dags/example_short_circuit_operator.py
[2023-08-31T15:34:42.795+0000] {processor.py:839} INFO - DAG(s) dict_keys(['example_short_circuit_operator']) retrieved from /home/airflow/.local/lib/python3.8/site-packages/airflow/example_dags/example_short_circuit_operator.py
[2023-08-31T15:34:42.813+0000] {logging_mixin.py:151} INFO - [2023-08-31T15:34:42.813+0000] {dag.py:2907} INFO - Sync 1 DAGs
[2023-08-31T15:34:42.826+0000] {logging_mixin.py:151} INFO - [2023-08-31T15:34:42.826+0000] {dag.py:3677} INFO - Setting next_dagrun for example_short_circuit_operator to 2023-08-30T15:34:42.826613+00:00, run_after=2023-08-31T15:34:42.826613+00:00
[2023-08-31T15:34:42.838+0000] {processor.py:179} INFO - Processing /home/airflow/.local/lib/python3.8/site-packages/airflow/example_dags/example_short_circuit_operator.py took 0.055 seconds
[2023-08-31T15:35:13.102+0000] {processor.py:157} INFO - Started process (PID=9102) to work on /home/airflow/.local/lib/python3.8/site-packages/airflow/example_dags/example_short_circuit_operator.py
[2023-08-31T15:35:13.104+0000] {processor.py:829} INFO - Processing file /home/airflow/.local/lib/python3.8/site-packages/airflow/example_dags/example_short_circuit_operator.py for tasks to queue
[2023-08-31T15:35:13.105+0000] {logging_mixin.py:151} INFO - [2023-08-31T15:35:13.105+0000] {dagbag.py:539} INFO - Filling up the DagBag from /home/airflow/.local/lib/python3.8/site-packages/airflow/example_dags/example_short_circuit_operator.py
[2023-08-31T15:35:13.111+0000] {processor.py:839} INFO - DAG(s) dict_keys(['example_short_circuit_operator']) retrieved from /home/airflow/.local/lib/python3.8/site-packages/airflow/example_dags/example_short_circuit_operator.py
[2023-08-31T15:35:13.125+0000] {logging_mixin.py:151} INFO - [2023-08-31T15:35:13.125+0000] {dag.py:2907} INFO - Sync 1 DAGs
[2023-08-31T15:35:13.137+0000] {logging_mixin.py:151} INFO - [2023-08-31T15:35:13.137+0000] {dag.py:3677} INFO - Setting next_dagrun for example_short_circuit_operator to 2023-08-30T15:35:13.136913+00:00, run_after=2023-08-31T15:35:13.136913+00:00
[2023-08-31T15:35:13.147+0000] {processor.py:179} INFO - Processing /home/airflow/.local/lib/python3.8/site-packages/airflow/example_dags/example_short_circuit_operator.py took 0.047 seconds
[2023-08-31T15:35:43.540+0000] {processor.py:157} INFO - Started process (PID=9343) to work on /home/airflow/.local/lib/python3.8/site-packages/airflow/example_dags/example_short_circuit_operator.py
[2023-08-31T15:35:43.544+0000] {processor.py:829} INFO - Processing file /home/airflow/.local/lib/python3.8/site-packages/airflow/example_dags/example_short_circuit_operator.py for tasks to queue
[2023-08-31T15:35:43.545+0000] {logging_mixin.py:151} INFO - [2023-08-31T15:35:43.545+0000] {dagbag.py:539} INFO - Filling up the DagBag from /home/airflow/.local/lib/python3.8/site-packages/airflow/example_dags/example_short_circuit_operator.py
[2023-08-31T15:35:43.551+0000] {processor.py:839} INFO - DAG(s) dict_keys(['example_short_circuit_operator']) retrieved from /home/airflow/.local/lib/python3.8/site-packages/airflow/example_dags/example_short_circuit_operator.py
[2023-08-31T15:35:43.567+0000] {logging_mixin.py:151} INFO - [2023-08-31T15:35:43.566+0000] {dag.py:2907} INFO - Sync 1 DAGs
[2023-08-31T15:35:43.579+0000] {logging_mixin.py:151} INFO - [2023-08-31T15:35:43.579+0000] {dag.py:3677} INFO - Setting next_dagrun for example_short_circuit_operator to 2023-08-30T15:35:43.579306+00:00, run_after=2023-08-31T15:35:43.579306+00:00
[2023-08-31T15:35:43.590+0000] {processor.py:179} INFO - Processing /home/airflow/.local/lib/python3.8/site-packages/airflow/example_dags/example_short_circuit_operator.py took 0.054 seconds
[2023-08-31T15:36:13.824+0000] {processor.py:157} INFO - Started process (PID=9582) to work on /home/airflow/.local/lib/python3.8/site-packages/airflow/example_dags/example_short_circuit_operator.py
[2023-08-31T15:36:13.826+0000] {processor.py:829} INFO - Processing file /home/airflow/.local/lib/python3.8/site-packages/airflow/example_dags/example_short_circuit_operator.py for tasks to queue
[2023-08-31T15:36:13.827+0000] {logging_mixin.py:151} INFO - [2023-08-31T15:36:13.826+0000] {dagbag.py:539} INFO - Filling up the DagBag from /home/airflow/.local/lib/python3.8/site-packages/airflow/example_dags/example_short_circuit_operator.py
[2023-08-31T15:36:13.833+0000] {processor.py:839} INFO - DAG(s) dict_keys(['example_short_circuit_operator']) retrieved from /home/airflow/.local/lib/python3.8/site-packages/airflow/example_dags/example_short_circuit_operator.py
[2023-08-31T15:36:13.847+0000] {logging_mixin.py:151} INFO - [2023-08-31T15:36:13.846+0000] {dag.py:2907} INFO - Sync 1 DAGs
[2023-08-31T15:36:13.858+0000] {logging_mixin.py:151} INFO - [2023-08-31T15:36:13.858+0000] {dag.py:3677} INFO - Setting next_dagrun for example_short_circuit_operator to 2023-08-30T15:36:13.858410+00:00, run_after=2023-08-31T15:36:13.858410+00:00
[2023-08-31T15:36:13.868+0000] {processor.py:179} INFO - Processing /home/airflow/.local/lib/python3.8/site-packages/airflow/example_dags/example_short_circuit_operator.py took 0.047 seconds
[2023-08-31T15:36:44.212+0000] {processor.py:157} INFO - Started process (PID=9822) to work on /home/airflow/.local/lib/python3.8/site-packages/airflow/example_dags/example_short_circuit_operator.py
[2023-08-31T15:36:44.214+0000] {processor.py:829} INFO - Processing file /home/airflow/.local/lib/python3.8/site-packages/airflow/example_dags/example_short_circuit_operator.py for tasks to queue
[2023-08-31T15:36:44.215+0000] {logging_mixin.py:151} INFO - [2023-08-31T15:36:44.215+0000] {dagbag.py:539} INFO - Filling up the DagBag from /home/airflow/.local/lib/python3.8/site-packages/airflow/example_dags/example_short_circuit_operator.py
[2023-08-31T15:36:44.223+0000] {processor.py:839} INFO - DAG(s) dict_keys(['example_short_circuit_operator']) retrieved from /home/airflow/.local/lib/python3.8/site-packages/airflow/example_dags/example_short_circuit_operator.py
[2023-08-31T15:36:44.240+0000] {logging_mixin.py:151} INFO - [2023-08-31T15:36:44.240+0000] {dag.py:2907} INFO - Sync 1 DAGs
[2023-08-31T15:36:44.253+0000] {logging_mixin.py:151} INFO - [2023-08-31T15:36:44.253+0000] {dag.py:3677} INFO - Setting next_dagrun for example_short_circuit_operator to 2023-08-30T15:36:44.253412+00:00, run_after=2023-08-31T15:36:44.253412+00:00
[2023-08-31T15:36:44.264+0000] {processor.py:179} INFO - Processing /home/airflow/.local/lib/python3.8/site-packages/airflow/example_dags/example_short_circuit_operator.py took 0.056 seconds
[2023-08-31T15:37:14.535+0000] {processor.py:157} INFO - Started process (PID=10061) to work on /home/airflow/.local/lib/python3.8/site-packages/airflow/example_dags/example_short_circuit_operator.py
[2023-08-31T15:37:14.537+0000] {processor.py:829} INFO - Processing file /home/airflow/.local/lib/python3.8/site-packages/airflow/example_dags/example_short_circuit_operator.py for tasks to queue
[2023-08-31T15:37:14.539+0000] {logging_mixin.py:151} INFO - [2023-08-31T15:37:14.539+0000] {dagbag.py:539} INFO - Filling up the DagBag from /home/airflow/.local/lib/python3.8/site-packages/airflow/example_dags/example_short_circuit_operator.py
[2023-08-31T15:37:14.547+0000] {processor.py:839} INFO - DAG(s) dict_keys(['example_short_circuit_operator']) retrieved from /home/airflow/.local/lib/python3.8/site-packages/airflow/example_dags/example_short_circuit_operator.py
[2023-08-31T15:37:14.564+0000] {logging_mixin.py:151} INFO - [2023-08-31T15:37:14.564+0000] {dag.py:2907} INFO - Sync 1 DAGs
[2023-08-31T15:37:14.577+0000] {logging_mixin.py:151} INFO - [2023-08-31T15:37:14.577+0000] {dag.py:3677} INFO - Setting next_dagrun for example_short_circuit_operator to 2023-08-30T15:37:14.577378+00:00, run_after=2023-08-31T15:37:14.577378+00:00
[2023-08-31T15:37:14.588+0000] {processor.py:179} INFO - Processing /home/airflow/.local/lib/python3.8/site-packages/airflow/example_dags/example_short_circuit_operator.py took 0.057 seconds
[2023-08-31T15:37:44.759+0000] {processor.py:157} INFO - Started process (PID=10302) to work on /home/airflow/.local/lib/python3.8/site-packages/airflow/example_dags/example_short_circuit_operator.py
[2023-08-31T15:37:44.761+0000] {processor.py:829} INFO - Processing file /home/airflow/.local/lib/python3.8/site-packages/airflow/example_dags/example_short_circuit_operator.py for tasks to queue
[2023-08-31T15:37:44.763+0000] {logging_mixin.py:151} INFO - [2023-08-31T15:37:44.762+0000] {dagbag.py:539} INFO - Filling up the DagBag from /home/airflow/.local/lib/python3.8/site-packages/airflow/example_dags/example_short_circuit_operator.py
[2023-08-31T15:37:44.771+0000] {processor.py:839} INFO - DAG(s) dict_keys(['example_short_circuit_operator']) retrieved from /home/airflow/.local/lib/python3.8/site-packages/airflow/example_dags/example_short_circuit_operator.py
[2023-08-31T15:37:44.788+0000] {logging_mixin.py:151} INFO - [2023-08-31T15:37:44.788+0000] {dag.py:2907} INFO - Sync 1 DAGs
[2023-08-31T15:37:44.801+0000] {logging_mixin.py:151} INFO - [2023-08-31T15:37:44.801+0000] {dag.py:3677} INFO - Setting next_dagrun for example_short_circuit_operator to 2023-08-30T15:37:44.800890+00:00, run_after=2023-08-31T15:37:44.800890+00:00
[2023-08-31T15:37:44.812+0000] {processor.py:179} INFO - Processing /home/airflow/.local/lib/python3.8/site-packages/airflow/example_dags/example_short_circuit_operator.py took 0.056 seconds
