[2023-08-31T15:16:29.077+0000] {processor.py:157} INFO - Started process (PID=227) to work on /home/airflow/.local/lib/python3.8/site-packages/airflow/example_dags/example_short_circuit_decorator.py
[2023-08-31T15:16:29.078+0000] {processor.py:829} INFO - Processing file /home/airflow/.local/lib/python3.8/site-packages/airflow/example_dags/example_short_circuit_decorator.py for tasks to queue
[2023-08-31T15:16:29.079+0000] {logging_mixin.py:151} INFO - [2023-08-31T15:16:29.079+0000] {dagbag.py:539} INFO - Filling up the DagBag from /home/airflow/.local/lib/python3.8/site-packages/airflow/example_dags/example_short_circuit_decorator.py
[2023-08-31T15:16:29.089+0000] {processor.py:839} INFO - DAG(s) dict_keys(['example_short_circuit_decorator']) retrieved from /home/airflow/.local/lib/python3.8/site-packages/airflow/example_dags/example_short_circuit_decorator.py
[2023-08-31T15:16:29.098+0000] {logging_mixin.py:151} INFO - [2023-08-31T15:16:29.098+0000] {dag.py:2907} INFO - Sync 1 DAGs
[2023-08-31T15:16:29.115+0000] {logging_mixin.py:151} INFO - [2023-08-31T15:16:29.115+0000] {dag.py:3677} INFO - Setting next_dagrun for example_short_circuit_decorator to 2023-08-30T15:16:29.115514+00:00, run_after=2023-08-31T15:16:29.115514+00:00
[2023-08-31T15:16:29.135+0000] {processor.py:179} INFO - Processing /home/airflow/.local/lib/python3.8/site-packages/airflow/example_dags/example_short_circuit_decorator.py took 0.060 seconds
[2023-08-31T15:16:59.859+0000] {processor.py:157} INFO - Started process (PID=472) to work on /home/airflow/.local/lib/python3.8/site-packages/airflow/example_dags/example_short_circuit_decorator.py
[2023-08-31T15:16:59.860+0000] {processor.py:829} INFO - Processing file /home/airflow/.local/lib/python3.8/site-packages/airflow/example_dags/example_short_circuit_decorator.py for tasks to queue
[2023-08-31T15:16:59.861+0000] {logging_mixin.py:151} INFO - [2023-08-31T15:16:59.860+0000] {dagbag.py:539} INFO - Filling up the DagBag from /home/airflow/.local/lib/python3.8/site-packages/airflow/example_dags/example_short_circuit_decorator.py
[2023-08-31T15:16:59.867+0000] {processor.py:839} INFO - DAG(s) dict_keys(['example_short_circuit_decorator']) retrieved from /home/airflow/.local/lib/python3.8/site-packages/airflow/example_dags/example_short_circuit_decorator.py
[2023-08-31T15:16:59.880+0000] {logging_mixin.py:151} INFO - [2023-08-31T15:16:59.880+0000] {dag.py:2907} INFO - Sync 1 DAGs
[2023-08-31T15:16:59.891+0000] {logging_mixin.py:151} INFO - [2023-08-31T15:16:59.891+0000] {dag.py:3677} INFO - Setting next_dagrun for example_short_circuit_decorator to 2023-08-30T15:16:59.891507+00:00, run_after=2023-08-31T15:16:59.891507+00:00
[2023-08-31T15:16:59.902+0000] {processor.py:179} INFO - Processing /home/airflow/.local/lib/python3.8/site-packages/airflow/example_dags/example_short_circuit_decorator.py took 0.046 seconds
[2023-08-31T15:17:30.855+0000] {processor.py:157} INFO - Started process (PID=711) to work on /home/airflow/.local/lib/python3.8/site-packages/airflow/example_dags/example_short_circuit_decorator.py
[2023-08-31T15:17:30.857+0000] {processor.py:829} INFO - Processing file /home/airflow/.local/lib/python3.8/site-packages/airflow/example_dags/example_short_circuit_decorator.py for tasks to queue
[2023-08-31T15:17:30.859+0000] {logging_mixin.py:151} INFO - [2023-08-31T15:17:30.858+0000] {dagbag.py:539} INFO - Filling up the DagBag from /home/airflow/.local/lib/python3.8/site-packages/airflow/example_dags/example_short_circuit_decorator.py
[2023-08-31T15:17:30.954+0000] {processor.py:839} INFO - DAG(s) dict_keys(['example_short_circuit_decorator']) retrieved from /home/airflow/.local/lib/python3.8/site-packages/airflow/example_dags/example_short_circuit_decorator.py
[2023-08-31T15:17:30.967+0000] {logging_mixin.py:151} INFO - [2023-08-31T15:17:30.967+0000] {dag.py:2907} INFO - Sync 1 DAGs
[2023-08-31T15:17:30.978+0000] {logging_mixin.py:151} INFO - [2023-08-31T15:17:30.978+0000] {dag.py:3677} INFO - Setting next_dagrun for example_short_circuit_decorator to 2023-08-30T15:17:30.978372+00:00, run_after=2023-08-31T15:17:30.978372+00:00
[2023-08-31T15:17:30.990+0000] {processor.py:179} INFO - Processing /home/airflow/.local/lib/python3.8/site-packages/airflow/example_dags/example_short_circuit_decorator.py took 0.137 seconds
[2023-08-31T15:18:01.693+0000] {processor.py:157} INFO - Started process (PID=950) to work on /home/airflow/.local/lib/python3.8/site-packages/airflow/example_dags/example_short_circuit_decorator.py
[2023-08-31T15:18:01.695+0000] {processor.py:829} INFO - Processing file /home/airflow/.local/lib/python3.8/site-packages/airflow/example_dags/example_short_circuit_decorator.py for tasks to queue
[2023-08-31T15:18:01.696+0000] {logging_mixin.py:151} INFO - [2023-08-31T15:18:01.696+0000] {dagbag.py:539} INFO - Filling up the DagBag from /home/airflow/.local/lib/python3.8/site-packages/airflow/example_dags/example_short_circuit_decorator.py
[2023-08-31T15:18:01.703+0000] {processor.py:839} INFO - DAG(s) dict_keys(['example_short_circuit_decorator']) retrieved from /home/airflow/.local/lib/python3.8/site-packages/airflow/example_dags/example_short_circuit_decorator.py
[2023-08-31T15:18:01.718+0000] {logging_mixin.py:151} INFO - [2023-08-31T15:18:01.718+0000] {dag.py:2907} INFO - Sync 1 DAGs
[2023-08-31T15:18:01.731+0000] {logging_mixin.py:151} INFO - [2023-08-31T15:18:01.730+0000] {dag.py:3677} INFO - Setting next_dagrun for example_short_circuit_decorator to 2023-08-30T15:18:01.730723+00:00, run_after=2023-08-31T15:18:01.730723+00:00
[2023-08-31T15:18:01.741+0000] {processor.py:179} INFO - Processing /home/airflow/.local/lib/python3.8/site-packages/airflow/example_dags/example_short_circuit_decorator.py took 0.051 seconds
[2023-08-31T15:18:32.358+0000] {processor.py:157} INFO - Started process (PID=1217) to work on /home/airflow/.local/lib/python3.8/site-packages/airflow/example_dags/example_short_circuit_decorator.py
[2023-08-31T15:18:32.360+0000] {processor.py:829} INFO - Processing file /home/airflow/.local/lib/python3.8/site-packages/airflow/example_dags/example_short_circuit_decorator.py for tasks to queue
[2023-08-31T15:18:32.361+0000] {logging_mixin.py:151} INFO - [2023-08-31T15:18:32.360+0000] {dagbag.py:539} INFO - Filling up the DagBag from /home/airflow/.local/lib/python3.8/site-packages/airflow/example_dags/example_short_circuit_decorator.py
[2023-08-31T15:18:32.367+0000] {processor.py:839} INFO - DAG(s) dict_keys(['example_short_circuit_decorator']) retrieved from /home/airflow/.local/lib/python3.8/site-packages/airflow/example_dags/example_short_circuit_decorator.py
[2023-08-31T15:18:32.381+0000] {logging_mixin.py:151} INFO - [2023-08-31T15:18:32.381+0000] {dag.py:2907} INFO - Sync 1 DAGs
[2023-08-31T15:18:32.394+0000] {logging_mixin.py:151} INFO - [2023-08-31T15:18:32.394+0000] {dag.py:3677} INFO - Setting next_dagrun for example_short_circuit_decorator to 2023-08-30T15:18:32.393896+00:00, run_after=2023-08-31T15:18:32.393896+00:00
[2023-08-31T15:18:32.404+0000] {processor.py:179} INFO - Processing /home/airflow/.local/lib/python3.8/site-packages/airflow/example_dags/example_short_circuit_decorator.py took 0.047 seconds
[2023-08-31T15:19:02.891+0000] {processor.py:157} INFO - Started process (PID=1456) to work on /home/airflow/.local/lib/python3.8/site-packages/airflow/example_dags/example_short_circuit_decorator.py
[2023-08-31T15:19:02.893+0000] {processor.py:829} INFO - Processing file /home/airflow/.local/lib/python3.8/site-packages/airflow/example_dags/example_short_circuit_decorator.py for tasks to queue
[2023-08-31T15:19:02.894+0000] {logging_mixin.py:151} INFO - [2023-08-31T15:19:02.894+0000] {dagbag.py:539} INFO - Filling up the DagBag from /home/airflow/.local/lib/python3.8/site-packages/airflow/example_dags/example_short_circuit_decorator.py
[2023-08-31T15:19:02.900+0000] {processor.py:839} INFO - DAG(s) dict_keys(['example_short_circuit_decorator']) retrieved from /home/airflow/.local/lib/python3.8/site-packages/airflow/example_dags/example_short_circuit_decorator.py
[2023-08-31T15:19:02.915+0000] {logging_mixin.py:151} INFO - [2023-08-31T15:19:02.915+0000] {dag.py:2907} INFO - Sync 1 DAGs
[2023-08-31T15:19:02.929+0000] {logging_mixin.py:151} INFO - [2023-08-31T15:19:02.929+0000] {dag.py:3677} INFO - Setting next_dagrun for example_short_circuit_decorator to 2023-08-30T15:19:02.929554+00:00, run_after=2023-08-31T15:19:02.929554+00:00
[2023-08-31T15:19:02.939+0000] {processor.py:179} INFO - Processing /home/airflow/.local/lib/python3.8/site-packages/airflow/example_dags/example_short_circuit_decorator.py took 0.050 seconds
[2023-08-31T15:19:33.278+0000] {processor.py:157} INFO - Started process (PID=1697) to work on /home/airflow/.local/lib/python3.8/site-packages/airflow/example_dags/example_short_circuit_decorator.py
[2023-08-31T15:19:33.279+0000] {processor.py:829} INFO - Processing file /home/airflow/.local/lib/python3.8/site-packages/airflow/example_dags/example_short_circuit_decorator.py for tasks to queue
[2023-08-31T15:19:33.280+0000] {logging_mixin.py:151} INFO - [2023-08-31T15:19:33.280+0000] {dagbag.py:539} INFO - Filling up the DagBag from /home/airflow/.local/lib/python3.8/site-packages/airflow/example_dags/example_short_circuit_decorator.py
[2023-08-31T15:19:33.287+0000] {processor.py:839} INFO - DAG(s) dict_keys(['example_short_circuit_decorator']) retrieved from /home/airflow/.local/lib/python3.8/site-packages/airflow/example_dags/example_short_circuit_decorator.py
[2023-08-31T15:19:33.301+0000] {logging_mixin.py:151} INFO - [2023-08-31T15:19:33.301+0000] {dag.py:2907} INFO - Sync 1 DAGs
[2023-08-31T15:19:33.313+0000] {logging_mixin.py:151} INFO - [2023-08-31T15:19:33.313+0000] {dag.py:3677} INFO - Setting next_dagrun for example_short_circuit_decorator to 2023-08-30T15:19:33.312887+00:00, run_after=2023-08-31T15:19:33.312887+00:00
[2023-08-31T15:19:33.323+0000] {processor.py:179} INFO - Processing /home/airflow/.local/lib/python3.8/site-packages/airflow/example_dags/example_short_circuit_decorator.py took 0.047 seconds
[2023-08-31T15:20:03.565+0000] {processor.py:157} INFO - Started process (PID=1937) to work on /home/airflow/.local/lib/python3.8/site-packages/airflow/example_dags/example_short_circuit_decorator.py
[2023-08-31T15:20:03.566+0000] {processor.py:829} INFO - Processing file /home/airflow/.local/lib/python3.8/site-packages/airflow/example_dags/example_short_circuit_decorator.py for tasks to queue
[2023-08-31T15:20:03.567+0000] {logging_mixin.py:151} INFO - [2023-08-31T15:20:03.567+0000] {dagbag.py:539} INFO - Filling up the DagBag from /home/airflow/.local/lib/python3.8/site-packages/airflow/example_dags/example_short_circuit_decorator.py
[2023-08-31T15:20:03.574+0000] {processor.py:839} INFO - DAG(s) dict_keys(['example_short_circuit_decorator']) retrieved from /home/airflow/.local/lib/python3.8/site-packages/airflow/example_dags/example_short_circuit_decorator.py
[2023-08-31T15:20:03.590+0000] {logging_mixin.py:151} INFO - [2023-08-31T15:20:03.590+0000] {dag.py:2907} INFO - Sync 1 DAGs
[2023-08-31T15:20:03.603+0000] {logging_mixin.py:151} INFO - [2023-08-31T15:20:03.603+0000] {dag.py:3677} INFO - Setting next_dagrun for example_short_circuit_decorator to 2023-08-30T15:20:03.603270+00:00, run_after=2023-08-31T15:20:03.603270+00:00
[2023-08-31T15:20:03.615+0000] {processor.py:179} INFO - Processing /home/airflow/.local/lib/python3.8/site-packages/airflow/example_dags/example_short_circuit_decorator.py took 0.052 seconds
[2023-08-31T15:20:33.950+0000] {processor.py:157} INFO - Started process (PID=2174) to work on /home/airflow/.local/lib/python3.8/site-packages/airflow/example_dags/example_short_circuit_decorator.py
[2023-08-31T15:20:33.951+0000] {processor.py:829} INFO - Processing file /home/airflow/.local/lib/python3.8/site-packages/airflow/example_dags/example_short_circuit_decorator.py for tasks to queue
[2023-08-31T15:20:33.952+0000] {logging_mixin.py:151} INFO - [2023-08-31T15:20:33.952+0000] {dagbag.py:539} INFO - Filling up the DagBag from /home/airflow/.local/lib/python3.8/site-packages/airflow/example_dags/example_short_circuit_decorator.py
[2023-08-31T15:20:33.959+0000] {processor.py:839} INFO - DAG(s) dict_keys(['example_short_circuit_decorator']) retrieved from /home/airflow/.local/lib/python3.8/site-packages/airflow/example_dags/example_short_circuit_decorator.py
[2023-08-31T15:20:33.975+0000] {logging_mixin.py:151} INFO - [2023-08-31T15:20:33.975+0000] {dag.py:2907} INFO - Sync 1 DAGs
[2023-08-31T15:20:33.987+0000] {logging_mixin.py:151} INFO - [2023-08-31T15:20:33.987+0000] {dag.py:3677} INFO - Setting next_dagrun for example_short_circuit_decorator to 2023-08-30T15:20:33.987121+00:00, run_after=2023-08-31T15:20:33.987121+00:00
[2023-08-31T15:20:34.010+0000] {processor.py:179} INFO - Processing /home/airflow/.local/lib/python3.8/site-packages/airflow/example_dags/example_short_circuit_decorator.py took 0.062 seconds
[2023-08-31T15:21:04.202+0000] {processor.py:157} INFO - Started process (PID=2415) to work on /home/airflow/.local/lib/python3.8/site-packages/airflow/example_dags/example_short_circuit_decorator.py
[2023-08-31T15:21:04.203+0000] {processor.py:829} INFO - Processing file /home/airflow/.local/lib/python3.8/site-packages/airflow/example_dags/example_short_circuit_decorator.py for tasks to queue
[2023-08-31T15:21:04.204+0000] {logging_mixin.py:151} INFO - [2023-08-31T15:21:04.204+0000] {dagbag.py:539} INFO - Filling up the DagBag from /home/airflow/.local/lib/python3.8/site-packages/airflow/example_dags/example_short_circuit_decorator.py
[2023-08-31T15:21:04.211+0000] {processor.py:839} INFO - DAG(s) dict_keys(['example_short_circuit_decorator']) retrieved from /home/airflow/.local/lib/python3.8/site-packages/airflow/example_dags/example_short_circuit_decorator.py
[2023-08-31T15:21:04.226+0000] {logging_mixin.py:151} INFO - [2023-08-31T15:21:04.226+0000] {dag.py:2907} INFO - Sync 1 DAGs
[2023-08-31T15:21:04.239+0000] {logging_mixin.py:151} INFO - [2023-08-31T15:21:04.239+0000] {dag.py:3677} INFO - Setting next_dagrun for example_short_circuit_decorator to 2023-08-30T15:21:04.238960+00:00, run_after=2023-08-31T15:21:04.238960+00:00
[2023-08-31T15:21:04.250+0000] {processor.py:179} INFO - Processing /home/airflow/.local/lib/python3.8/site-packages/airflow/example_dags/example_short_circuit_decorator.py took 0.051 seconds
[2023-08-31T15:21:34.536+0000] {processor.py:157} INFO - Started process (PID=2657) to work on /home/airflow/.local/lib/python3.8/site-packages/airflow/example_dags/example_short_circuit_decorator.py
[2023-08-31T15:21:34.537+0000] {processor.py:829} INFO - Processing file /home/airflow/.local/lib/python3.8/site-packages/airflow/example_dags/example_short_circuit_decorator.py for tasks to queue
[2023-08-31T15:21:34.538+0000] {logging_mixin.py:151} INFO - [2023-08-31T15:21:34.538+0000] {dagbag.py:539} INFO - Filling up the DagBag from /home/airflow/.local/lib/python3.8/site-packages/airflow/example_dags/example_short_circuit_decorator.py
[2023-08-31T15:21:34.545+0000] {processor.py:839} INFO - DAG(s) dict_keys(['example_short_circuit_decorator']) retrieved from /home/airflow/.local/lib/python3.8/site-packages/airflow/example_dags/example_short_circuit_decorator.py
[2023-08-31T15:21:34.560+0000] {logging_mixin.py:151} INFO - [2023-08-31T15:21:34.560+0000] {dag.py:2907} INFO - Sync 1 DAGs
[2023-08-31T15:21:34.573+0000] {logging_mixin.py:151} INFO - [2023-08-31T15:21:34.573+0000] {dag.py:3677} INFO - Setting next_dagrun for example_short_circuit_decorator to 2023-08-30T15:21:34.573631+00:00, run_after=2023-08-31T15:21:34.573631+00:00
[2023-08-31T15:21:34.585+0000] {processor.py:179} INFO - Processing /home/airflow/.local/lib/python3.8/site-packages/airflow/example_dags/example_short_circuit_decorator.py took 0.052 seconds
[2023-08-31T15:22:04.841+0000] {processor.py:157} INFO - Started process (PID=2897) to work on /home/airflow/.local/lib/python3.8/site-packages/airflow/example_dags/example_short_circuit_decorator.py
[2023-08-31T15:22:04.842+0000] {processor.py:829} INFO - Processing file /home/airflow/.local/lib/python3.8/site-packages/airflow/example_dags/example_short_circuit_decorator.py for tasks to queue
[2023-08-31T15:22:04.843+0000] {logging_mixin.py:151} INFO - [2023-08-31T15:22:04.843+0000] {dagbag.py:539} INFO - Filling up the DagBag from /home/airflow/.local/lib/python3.8/site-packages/airflow/example_dags/example_short_circuit_decorator.py
[2023-08-31T15:22:04.851+0000] {processor.py:839} INFO - DAG(s) dict_keys(['example_short_circuit_decorator']) retrieved from /home/airflow/.local/lib/python3.8/site-packages/airflow/example_dags/example_short_circuit_decorator.py
[2023-08-31T15:22:04.865+0000] {logging_mixin.py:151} INFO - [2023-08-31T15:22:04.865+0000] {dag.py:2907} INFO - Sync 1 DAGs
[2023-08-31T15:22:04.878+0000] {logging_mixin.py:151} INFO - [2023-08-31T15:22:04.878+0000] {dag.py:3677} INFO - Setting next_dagrun for example_short_circuit_decorator to 2023-08-30T15:22:04.878493+00:00, run_after=2023-08-31T15:22:04.878493+00:00
[2023-08-31T15:22:04.891+0000] {processor.py:179} INFO - Processing /home/airflow/.local/lib/python3.8/site-packages/airflow/example_dags/example_short_circuit_decorator.py took 0.052 seconds
[2023-08-31T15:22:35.359+0000] {processor.py:157} INFO - Started process (PID=3139) to work on /home/airflow/.local/lib/python3.8/site-packages/airflow/example_dags/example_short_circuit_decorator.py
[2023-08-31T15:22:35.360+0000] {processor.py:829} INFO - Processing file /home/airflow/.local/lib/python3.8/site-packages/airflow/example_dags/example_short_circuit_decorator.py for tasks to queue
[2023-08-31T15:22:35.361+0000] {logging_mixin.py:151} INFO - [2023-08-31T15:22:35.361+0000] {dagbag.py:539} INFO - Filling up the DagBag from /home/airflow/.local/lib/python3.8/site-packages/airflow/example_dags/example_short_circuit_decorator.py
[2023-08-31T15:22:35.370+0000] {processor.py:839} INFO - DAG(s) dict_keys(['example_short_circuit_decorator']) retrieved from /home/airflow/.local/lib/python3.8/site-packages/airflow/example_dags/example_short_circuit_decorator.py
[2023-08-31T15:22:35.387+0000] {logging_mixin.py:151} INFO - [2023-08-31T15:22:35.387+0000] {dag.py:2907} INFO - Sync 1 DAGs
[2023-08-31T15:22:35.413+0000] {logging_mixin.py:151} INFO - [2023-08-31T15:22:35.412+0000] {dag.py:3677} INFO - Setting next_dagrun for example_short_circuit_decorator to 2023-08-30T15:22:35.412036+00:00, run_after=2023-08-31T15:22:35.412036+00:00
[2023-08-31T15:22:35.426+0000] {processor.py:179} INFO - Processing /home/airflow/.local/lib/python3.8/site-packages/airflow/example_dags/example_short_circuit_decorator.py took 0.070 seconds
[2023-08-31T15:23:05.893+0000] {processor.py:157} INFO - Started process (PID=3381) to work on /home/airflow/.local/lib/python3.8/site-packages/airflow/example_dags/example_short_circuit_decorator.py
[2023-08-31T15:23:05.894+0000] {processor.py:829} INFO - Processing file /home/airflow/.local/lib/python3.8/site-packages/airflow/example_dags/example_short_circuit_decorator.py for tasks to queue
[2023-08-31T15:23:05.895+0000] {logging_mixin.py:151} INFO - [2023-08-31T15:23:05.895+0000] {dagbag.py:539} INFO - Filling up the DagBag from /home/airflow/.local/lib/python3.8/site-packages/airflow/example_dags/example_short_circuit_decorator.py
[2023-08-31T15:23:05.902+0000] {processor.py:839} INFO - DAG(s) dict_keys(['example_short_circuit_decorator']) retrieved from /home/airflow/.local/lib/python3.8/site-packages/airflow/example_dags/example_short_circuit_decorator.py
[2023-08-31T15:23:05.917+0000] {logging_mixin.py:151} INFO - [2023-08-31T15:23:05.917+0000] {dag.py:2907} INFO - Sync 1 DAGs
[2023-08-31T15:23:05.930+0000] {logging_mixin.py:151} INFO - [2023-08-31T15:23:05.930+0000] {dag.py:3677} INFO - Setting next_dagrun for example_short_circuit_decorator to 2023-08-30T15:23:05.929969+00:00, run_after=2023-08-31T15:23:05.929969+00:00
[2023-08-31T15:23:05.941+0000] {processor.py:179} INFO - Processing /home/airflow/.local/lib/python3.8/site-packages/airflow/example_dags/example_short_circuit_decorator.py took 0.050 seconds
[2023-08-31T15:23:36.394+0000] {processor.py:157} INFO - Started process (PID=3619) to work on /home/airflow/.local/lib/python3.8/site-packages/airflow/example_dags/example_short_circuit_decorator.py
[2023-08-31T15:23:36.395+0000] {processor.py:829} INFO - Processing file /home/airflow/.local/lib/python3.8/site-packages/airflow/example_dags/example_short_circuit_decorator.py for tasks to queue
[2023-08-31T15:23:36.397+0000] {logging_mixin.py:151} INFO - [2023-08-31T15:23:36.396+0000] {dagbag.py:539} INFO - Filling up the DagBag from /home/airflow/.local/lib/python3.8/site-packages/airflow/example_dags/example_short_circuit_decorator.py
[2023-08-31T15:23:36.404+0000] {processor.py:839} INFO - DAG(s) dict_keys(['example_short_circuit_decorator']) retrieved from /home/airflow/.local/lib/python3.8/site-packages/airflow/example_dags/example_short_circuit_decorator.py
[2023-08-31T15:23:36.420+0000] {logging_mixin.py:151} INFO - [2023-08-31T15:23:36.420+0000] {dag.py:2907} INFO - Sync 1 DAGs
[2023-08-31T15:23:36.433+0000] {logging_mixin.py:151} INFO - [2023-08-31T15:23:36.433+0000] {dag.py:3677} INFO - Setting next_dagrun for example_short_circuit_decorator to 2023-08-30T15:23:36.433487+00:00, run_after=2023-08-31T15:23:36.433487+00:00
[2023-08-31T15:23:36.445+0000] {processor.py:179} INFO - Processing /home/airflow/.local/lib/python3.8/site-packages/airflow/example_dags/example_short_circuit_decorator.py took 0.054 seconds
[2023-08-31T15:24:06.729+0000] {processor.py:157} INFO - Started process (PID=3861) to work on /home/airflow/.local/lib/python3.8/site-packages/airflow/example_dags/example_short_circuit_decorator.py
[2023-08-31T15:24:06.730+0000] {processor.py:829} INFO - Processing file /home/airflow/.local/lib/python3.8/site-packages/airflow/example_dags/example_short_circuit_decorator.py for tasks to queue
[2023-08-31T15:24:06.731+0000] {logging_mixin.py:151} INFO - [2023-08-31T15:24:06.731+0000] {dagbag.py:539} INFO - Filling up the DagBag from /home/airflow/.local/lib/python3.8/site-packages/airflow/example_dags/example_short_circuit_decorator.py
[2023-08-31T15:24:06.738+0000] {processor.py:839} INFO - DAG(s) dict_keys(['example_short_circuit_decorator']) retrieved from /home/airflow/.local/lib/python3.8/site-packages/airflow/example_dags/example_short_circuit_decorator.py
[2023-08-31T15:24:06.754+0000] {logging_mixin.py:151} INFO - [2023-08-31T15:24:06.754+0000] {dag.py:2907} INFO - Sync 1 DAGs
[2023-08-31T15:24:06.768+0000] {logging_mixin.py:151} INFO - [2023-08-31T15:24:06.768+0000] {dag.py:3677} INFO - Setting next_dagrun for example_short_circuit_decorator to 2023-08-30T15:24:06.768076+00:00, run_after=2023-08-31T15:24:06.768076+00:00
[2023-08-31T15:24:06.780+0000] {processor.py:179} INFO - Processing /home/airflow/.local/lib/python3.8/site-packages/airflow/example_dags/example_short_circuit_decorator.py took 0.053 seconds
[2023-08-31T15:24:37.041+0000] {processor.py:157} INFO - Started process (PID=4101) to work on /home/airflow/.local/lib/python3.8/site-packages/airflow/example_dags/example_short_circuit_decorator.py
[2023-08-31T15:24:37.042+0000] {processor.py:829} INFO - Processing file /home/airflow/.local/lib/python3.8/site-packages/airflow/example_dags/example_short_circuit_decorator.py for tasks to queue
[2023-08-31T15:24:37.043+0000] {logging_mixin.py:151} INFO - [2023-08-31T15:24:37.043+0000] {dagbag.py:539} INFO - Filling up the DagBag from /home/airflow/.local/lib/python3.8/site-packages/airflow/example_dags/example_short_circuit_decorator.py
[2023-08-31T15:24:37.050+0000] {processor.py:839} INFO - DAG(s) dict_keys(['example_short_circuit_decorator']) retrieved from /home/airflow/.local/lib/python3.8/site-packages/airflow/example_dags/example_short_circuit_decorator.py
[2023-08-31T15:24:37.066+0000] {logging_mixin.py:151} INFO - [2023-08-31T15:24:37.066+0000] {dag.py:2907} INFO - Sync 1 DAGs
[2023-08-31T15:24:37.079+0000] {logging_mixin.py:151} INFO - [2023-08-31T15:24:37.078+0000] {dag.py:3677} INFO - Setting next_dagrun for example_short_circuit_decorator to 2023-08-30T15:24:37.078806+00:00, run_after=2023-08-31T15:24:37.078806+00:00
[2023-08-31T15:24:37.091+0000] {processor.py:179} INFO - Processing /home/airflow/.local/lib/python3.8/site-packages/airflow/example_dags/example_short_circuit_decorator.py took 0.052 seconds
[2023-08-31T15:25:07.346+0000] {processor.py:157} INFO - Started process (PID=4341) to work on /home/airflow/.local/lib/python3.8/site-packages/airflow/example_dags/example_short_circuit_decorator.py
[2023-08-31T15:25:07.348+0000] {processor.py:829} INFO - Processing file /home/airflow/.local/lib/python3.8/site-packages/airflow/example_dags/example_short_circuit_decorator.py for tasks to queue
[2023-08-31T15:25:07.350+0000] {logging_mixin.py:151} INFO - [2023-08-31T15:25:07.350+0000] {dagbag.py:539} INFO - Filling up the DagBag from /home/airflow/.local/lib/python3.8/site-packages/airflow/example_dags/example_short_circuit_decorator.py
[2023-08-31T15:25:07.357+0000] {processor.py:839} INFO - DAG(s) dict_keys(['example_short_circuit_decorator']) retrieved from /home/airflow/.local/lib/python3.8/site-packages/airflow/example_dags/example_short_circuit_decorator.py
[2023-08-31T15:25:07.375+0000] {logging_mixin.py:151} INFO - [2023-08-31T15:25:07.374+0000] {dag.py:2907} INFO - Sync 1 DAGs
[2023-08-31T15:25:07.388+0000] {logging_mixin.py:151} INFO - [2023-08-31T15:25:07.388+0000] {dag.py:3677} INFO - Setting next_dagrun for example_short_circuit_decorator to 2023-08-30T15:25:07.388312+00:00, run_after=2023-08-31T15:25:07.388312+00:00
[2023-08-31T15:25:07.400+0000] {processor.py:179} INFO - Processing /home/airflow/.local/lib/python3.8/site-packages/airflow/example_dags/example_short_circuit_decorator.py took 0.056 seconds
[2023-08-31T15:25:37.614+0000] {processor.py:157} INFO - Started process (PID=4580) to work on /home/airflow/.local/lib/python3.8/site-packages/airflow/example_dags/example_short_circuit_decorator.py
[2023-08-31T15:25:37.615+0000] {processor.py:829} INFO - Processing file /home/airflow/.local/lib/python3.8/site-packages/airflow/example_dags/example_short_circuit_decorator.py for tasks to queue
[2023-08-31T15:25:37.616+0000] {logging_mixin.py:151} INFO - [2023-08-31T15:25:37.616+0000] {dagbag.py:539} INFO - Filling up the DagBag from /home/airflow/.local/lib/python3.8/site-packages/airflow/example_dags/example_short_circuit_decorator.py
[2023-08-31T15:25:37.623+0000] {processor.py:839} INFO - DAG(s) dict_keys(['example_short_circuit_decorator']) retrieved from /home/airflow/.local/lib/python3.8/site-packages/airflow/example_dags/example_short_circuit_decorator.py
[2023-08-31T15:25:37.638+0000] {logging_mixin.py:151} INFO - [2023-08-31T15:25:37.638+0000] {dag.py:2907} INFO - Sync 1 DAGs
[2023-08-31T15:25:37.651+0000] {logging_mixin.py:151} INFO - [2023-08-31T15:25:37.651+0000] {dag.py:3677} INFO - Setting next_dagrun for example_short_circuit_decorator to 2023-08-30T15:25:37.650956+00:00, run_after=2023-08-31T15:25:37.650956+00:00
[2023-08-31T15:25:37.662+0000] {processor.py:179} INFO - Processing /home/airflow/.local/lib/python3.8/site-packages/airflow/example_dags/example_short_circuit_decorator.py took 0.051 seconds
[2023-08-31T15:26:07.905+0000] {processor.py:157} INFO - Started process (PID=4821) to work on /home/airflow/.local/lib/python3.8/site-packages/airflow/example_dags/example_short_circuit_decorator.py
[2023-08-31T15:26:07.907+0000] {processor.py:829} INFO - Processing file /home/airflow/.local/lib/python3.8/site-packages/airflow/example_dags/example_short_circuit_decorator.py for tasks to queue
[2023-08-31T15:26:07.908+0000] {logging_mixin.py:151} INFO - [2023-08-31T15:26:07.907+0000] {dagbag.py:539} INFO - Filling up the DagBag from /home/airflow/.local/lib/python3.8/site-packages/airflow/example_dags/example_short_circuit_decorator.py
[2023-08-31T15:26:07.915+0000] {processor.py:839} INFO - DAG(s) dict_keys(['example_short_circuit_decorator']) retrieved from /home/airflow/.local/lib/python3.8/site-packages/airflow/example_dags/example_short_circuit_decorator.py
[2023-08-31T15:26:07.930+0000] {logging_mixin.py:151} INFO - [2023-08-31T15:26:07.930+0000] {dag.py:2907} INFO - Sync 1 DAGs
[2023-08-31T15:26:07.945+0000] {logging_mixin.py:151} INFO - [2023-08-31T15:26:07.945+0000] {dag.py:3677} INFO - Setting next_dagrun for example_short_circuit_decorator to 2023-08-30T15:26:07.945564+00:00, run_after=2023-08-31T15:26:07.945564+00:00
[2023-08-31T15:26:07.957+0000] {processor.py:179} INFO - Processing /home/airflow/.local/lib/python3.8/site-packages/airflow/example_dags/example_short_circuit_decorator.py took 0.054 seconds
[2023-08-31T15:26:38.236+0000] {processor.py:157} INFO - Started process (PID=5060) to work on /home/airflow/.local/lib/python3.8/site-packages/airflow/example_dags/example_short_circuit_decorator.py
[2023-08-31T15:26:38.237+0000] {processor.py:829} INFO - Processing file /home/airflow/.local/lib/python3.8/site-packages/airflow/example_dags/example_short_circuit_decorator.py for tasks to queue
[2023-08-31T15:26:38.238+0000] {logging_mixin.py:151} INFO - [2023-08-31T15:26:38.237+0000] {dagbag.py:539} INFO - Filling up the DagBag from /home/airflow/.local/lib/python3.8/site-packages/airflow/example_dags/example_short_circuit_decorator.py
[2023-08-31T15:26:38.245+0000] {processor.py:839} INFO - DAG(s) dict_keys(['example_short_circuit_decorator']) retrieved from /home/airflow/.local/lib/python3.8/site-packages/airflow/example_dags/example_short_circuit_decorator.py
[2023-08-31T15:26:38.260+0000] {logging_mixin.py:151} INFO - [2023-08-31T15:26:38.260+0000] {dag.py:2907} INFO - Sync 1 DAGs
[2023-08-31T15:26:38.274+0000] {logging_mixin.py:151} INFO - [2023-08-31T15:26:38.273+0000] {dag.py:3677} INFO - Setting next_dagrun for example_short_circuit_decorator to 2023-08-30T15:26:38.273743+00:00, run_after=2023-08-31T15:26:38.273743+00:00
[2023-08-31T15:26:38.291+0000] {processor.py:179} INFO - Processing /home/airflow/.local/lib/python3.8/site-packages/airflow/example_dags/example_short_circuit_decorator.py took 0.058 seconds
[2023-08-31T15:27:08.513+0000] {processor.py:157} INFO - Started process (PID=5299) to work on /home/airflow/.local/lib/python3.8/site-packages/airflow/example_dags/example_short_circuit_decorator.py
[2023-08-31T15:27:08.514+0000] {processor.py:829} INFO - Processing file /home/airflow/.local/lib/python3.8/site-packages/airflow/example_dags/example_short_circuit_decorator.py for tasks to queue
[2023-08-31T15:27:08.515+0000] {logging_mixin.py:151} INFO - [2023-08-31T15:27:08.515+0000] {dagbag.py:539} INFO - Filling up the DagBag from /home/airflow/.local/lib/python3.8/site-packages/airflow/example_dags/example_short_circuit_decorator.py
[2023-08-31T15:27:08.522+0000] {processor.py:839} INFO - DAG(s) dict_keys(['example_short_circuit_decorator']) retrieved from /home/airflow/.local/lib/python3.8/site-packages/airflow/example_dags/example_short_circuit_decorator.py
[2023-08-31T15:27:08.538+0000] {logging_mixin.py:151} INFO - [2023-08-31T15:27:08.537+0000] {dag.py:2907} INFO - Sync 1 DAGs
[2023-08-31T15:27:08.552+0000] {logging_mixin.py:151} INFO - [2023-08-31T15:27:08.552+0000] {dag.py:3677} INFO - Setting next_dagrun for example_short_circuit_decorator to 2023-08-30T15:27:08.552671+00:00, run_after=2023-08-31T15:27:08.552671+00:00
[2023-08-31T15:27:08.565+0000] {processor.py:179} INFO - Processing /home/airflow/.local/lib/python3.8/site-packages/airflow/example_dags/example_short_circuit_decorator.py took 0.054 seconds
[2023-08-31T15:27:38.958+0000] {processor.py:157} INFO - Started process (PID=5539) to work on /home/airflow/.local/lib/python3.8/site-packages/airflow/example_dags/example_short_circuit_decorator.py
[2023-08-31T15:27:38.959+0000] {processor.py:829} INFO - Processing file /home/airflow/.local/lib/python3.8/site-packages/airflow/example_dags/example_short_circuit_decorator.py for tasks to queue
[2023-08-31T15:27:38.960+0000] {logging_mixin.py:151} INFO - [2023-08-31T15:27:38.960+0000] {dagbag.py:539} INFO - Filling up the DagBag from /home/airflow/.local/lib/python3.8/site-packages/airflow/example_dags/example_short_circuit_decorator.py
[2023-08-31T15:27:38.968+0000] {processor.py:839} INFO - DAG(s) dict_keys(['example_short_circuit_decorator']) retrieved from /home/airflow/.local/lib/python3.8/site-packages/airflow/example_dags/example_short_circuit_decorator.py
[2023-08-31T15:27:38.983+0000] {logging_mixin.py:151} INFO - [2023-08-31T15:27:38.983+0000] {dag.py:2907} INFO - Sync 1 DAGs
[2023-08-31T15:27:39.000+0000] {logging_mixin.py:151} INFO - [2023-08-31T15:27:39.000+0000] {dag.py:3677} INFO - Setting next_dagrun for example_short_circuit_decorator to 2023-08-30T15:27:39.000587+00:00, run_after=2023-08-31T15:27:39.000587+00:00
[2023-08-31T15:27:39.012+0000] {processor.py:179} INFO - Processing /home/airflow/.local/lib/python3.8/site-packages/airflow/example_dags/example_short_circuit_decorator.py took 0.057 seconds
[2023-08-31T15:28:09.265+0000] {processor.py:157} INFO - Started process (PID=5781) to work on /home/airflow/.local/lib/python3.8/site-packages/airflow/example_dags/example_short_circuit_decorator.py
[2023-08-31T15:28:09.267+0000] {processor.py:829} INFO - Processing file /home/airflow/.local/lib/python3.8/site-packages/airflow/example_dags/example_short_circuit_decorator.py for tasks to queue
[2023-08-31T15:28:09.268+0000] {logging_mixin.py:151} INFO - [2023-08-31T15:28:09.268+0000] {dagbag.py:539} INFO - Filling up the DagBag from /home/airflow/.local/lib/python3.8/site-packages/airflow/example_dags/example_short_circuit_decorator.py
[2023-08-31T15:28:09.275+0000] {processor.py:839} INFO - DAG(s) dict_keys(['example_short_circuit_decorator']) retrieved from /home/airflow/.local/lib/python3.8/site-packages/airflow/example_dags/example_short_circuit_decorator.py
[2023-08-31T15:28:09.290+0000] {logging_mixin.py:151} INFO - [2023-08-31T15:28:09.290+0000] {dag.py:2907} INFO - Sync 1 DAGs
[2023-08-31T15:28:09.304+0000] {logging_mixin.py:151} INFO - [2023-08-31T15:28:09.304+0000] {dag.py:3677} INFO - Setting next_dagrun for example_short_circuit_decorator to 2023-08-30T15:28:09.304181+00:00, run_after=2023-08-31T15:28:09.304181+00:00
[2023-08-31T15:28:09.320+0000] {processor.py:179} INFO - Processing /home/airflow/.local/lib/python3.8/site-packages/airflow/example_dags/example_short_circuit_decorator.py took 0.057 seconds
[2023-08-31T15:28:39.622+0000] {processor.py:157} INFO - Started process (PID=6022) to work on /home/airflow/.local/lib/python3.8/site-packages/airflow/example_dags/example_short_circuit_decorator.py
[2023-08-31T15:28:39.623+0000] {processor.py:829} INFO - Processing file /home/airflow/.local/lib/python3.8/site-packages/airflow/example_dags/example_short_circuit_decorator.py for tasks to queue
[2023-08-31T15:28:39.624+0000] {logging_mixin.py:151} INFO - [2023-08-31T15:28:39.624+0000] {dagbag.py:539} INFO - Filling up the DagBag from /home/airflow/.local/lib/python3.8/site-packages/airflow/example_dags/example_short_circuit_decorator.py
[2023-08-31T15:28:39.631+0000] {processor.py:839} INFO - DAG(s) dict_keys(['example_short_circuit_decorator']) retrieved from /home/airflow/.local/lib/python3.8/site-packages/airflow/example_dags/example_short_circuit_decorator.py
[2023-08-31T15:28:39.648+0000] {logging_mixin.py:151} INFO - [2023-08-31T15:28:39.648+0000] {dag.py:2907} INFO - Sync 1 DAGs
[2023-08-31T15:28:39.662+0000] {logging_mixin.py:151} INFO - [2023-08-31T15:28:39.661+0000] {dag.py:3677} INFO - Setting next_dagrun for example_short_circuit_decorator to 2023-08-30T15:28:39.661765+00:00, run_after=2023-08-31T15:28:39.661765+00:00
[2023-08-31T15:28:39.672+0000] {processor.py:179} INFO - Processing /home/airflow/.local/lib/python3.8/site-packages/airflow/example_dags/example_short_circuit_decorator.py took 0.052 seconds
[2023-08-31T15:29:09.933+0000] {processor.py:157} INFO - Started process (PID=6264) to work on /home/airflow/.local/lib/python3.8/site-packages/airflow/example_dags/example_short_circuit_decorator.py
[2023-08-31T15:29:09.934+0000] {processor.py:829} INFO - Processing file /home/airflow/.local/lib/python3.8/site-packages/airflow/example_dags/example_short_circuit_decorator.py for tasks to queue
[2023-08-31T15:29:09.935+0000] {logging_mixin.py:151} INFO - [2023-08-31T15:29:09.935+0000] {dagbag.py:539} INFO - Filling up the DagBag from /home/airflow/.local/lib/python3.8/site-packages/airflow/example_dags/example_short_circuit_decorator.py
[2023-08-31T15:29:09.942+0000] {processor.py:839} INFO - DAG(s) dict_keys(['example_short_circuit_decorator']) retrieved from /home/airflow/.local/lib/python3.8/site-packages/airflow/example_dags/example_short_circuit_decorator.py
[2023-08-31T15:29:09.957+0000] {logging_mixin.py:151} INFO - [2023-08-31T15:29:09.957+0000] {dag.py:2907} INFO - Sync 1 DAGs
[2023-08-31T15:29:09.969+0000] {logging_mixin.py:151} INFO - [2023-08-31T15:29:09.968+0000] {dag.py:3677} INFO - Setting next_dagrun for example_short_circuit_decorator to 2023-08-30T15:29:09.968845+00:00, run_after=2023-08-31T15:29:09.968845+00:00
[2023-08-31T15:29:09.978+0000] {processor.py:179} INFO - Processing /home/airflow/.local/lib/python3.8/site-packages/airflow/example_dags/example_short_circuit_decorator.py took 0.047 seconds
[2023-08-31T15:29:40.302+0000] {processor.py:157} INFO - Started process (PID=6504) to work on /home/airflow/.local/lib/python3.8/site-packages/airflow/example_dags/example_short_circuit_decorator.py
[2023-08-31T15:29:40.304+0000] {processor.py:829} INFO - Processing file /home/airflow/.local/lib/python3.8/site-packages/airflow/example_dags/example_short_circuit_decorator.py for tasks to queue
[2023-08-31T15:29:40.305+0000] {logging_mixin.py:151} INFO - [2023-08-31T15:29:40.304+0000] {dagbag.py:539} INFO - Filling up the DagBag from /home/airflow/.local/lib/python3.8/site-packages/airflow/example_dags/example_short_circuit_decorator.py
[2023-08-31T15:29:40.312+0000] {processor.py:839} INFO - DAG(s) dict_keys(['example_short_circuit_decorator']) retrieved from /home/airflow/.local/lib/python3.8/site-packages/airflow/example_dags/example_short_circuit_decorator.py
[2023-08-31T15:29:40.327+0000] {logging_mixin.py:151} INFO - [2023-08-31T15:29:40.327+0000] {dag.py:2907} INFO - Sync 1 DAGs
[2023-08-31T15:29:40.340+0000] {logging_mixin.py:151} INFO - [2023-08-31T15:29:40.340+0000] {dag.py:3677} INFO - Setting next_dagrun for example_short_circuit_decorator to 2023-08-30T15:29:40.340667+00:00, run_after=2023-08-31T15:29:40.340667+00:00
[2023-08-31T15:29:40.351+0000] {processor.py:179} INFO - Processing /home/airflow/.local/lib/python3.8/site-packages/airflow/example_dags/example_short_circuit_decorator.py took 0.051 seconds
[2023-08-31T15:30:10.513+0000] {processor.py:157} INFO - Started process (PID=6744) to work on /home/airflow/.local/lib/python3.8/site-packages/airflow/example_dags/example_short_circuit_decorator.py
[2023-08-31T15:30:10.514+0000] {processor.py:829} INFO - Processing file /home/airflow/.local/lib/python3.8/site-packages/airflow/example_dags/example_short_circuit_decorator.py for tasks to queue
[2023-08-31T15:30:10.515+0000] {logging_mixin.py:151} INFO - [2023-08-31T15:30:10.515+0000] {dagbag.py:539} INFO - Filling up the DagBag from /home/airflow/.local/lib/python3.8/site-packages/airflow/example_dags/example_short_circuit_decorator.py
[2023-08-31T15:30:10.522+0000] {processor.py:839} INFO - DAG(s) dict_keys(['example_short_circuit_decorator']) retrieved from /home/airflow/.local/lib/python3.8/site-packages/airflow/example_dags/example_short_circuit_decorator.py
[2023-08-31T15:30:10.537+0000] {logging_mixin.py:151} INFO - [2023-08-31T15:30:10.537+0000] {dag.py:2907} INFO - Sync 1 DAGs
[2023-08-31T15:30:10.550+0000] {logging_mixin.py:151} INFO - [2023-08-31T15:30:10.550+0000] {dag.py:3677} INFO - Setting next_dagrun for example_short_circuit_decorator to 2023-08-30T15:30:10.550159+00:00, run_after=2023-08-31T15:30:10.550159+00:00
[2023-08-31T15:30:10.561+0000] {processor.py:179} INFO - Processing /home/airflow/.local/lib/python3.8/site-packages/airflow/example_dags/example_short_circuit_decorator.py took 0.051 seconds
[2023-08-31T15:30:40.810+0000] {processor.py:157} INFO - Started process (PID=6985) to work on /home/airflow/.local/lib/python3.8/site-packages/airflow/example_dags/example_short_circuit_decorator.py
[2023-08-31T15:30:40.811+0000] {processor.py:829} INFO - Processing file /home/airflow/.local/lib/python3.8/site-packages/airflow/example_dags/example_short_circuit_decorator.py for tasks to queue
[2023-08-31T15:30:40.812+0000] {logging_mixin.py:151} INFO - [2023-08-31T15:30:40.812+0000] {dagbag.py:539} INFO - Filling up the DagBag from /home/airflow/.local/lib/python3.8/site-packages/airflow/example_dags/example_short_circuit_decorator.py
[2023-08-31T15:30:40.820+0000] {processor.py:839} INFO - DAG(s) dict_keys(['example_short_circuit_decorator']) retrieved from /home/airflow/.local/lib/python3.8/site-packages/airflow/example_dags/example_short_circuit_decorator.py
[2023-08-31T15:30:40.836+0000] {logging_mixin.py:151} INFO - [2023-08-31T15:30:40.836+0000] {dag.py:2907} INFO - Sync 1 DAGs
[2023-08-31T15:30:40.849+0000] {logging_mixin.py:151} INFO - [2023-08-31T15:30:40.849+0000] {dag.py:3677} INFO - Setting next_dagrun for example_short_circuit_decorator to 2023-08-30T15:30:40.848965+00:00, run_after=2023-08-31T15:30:40.848965+00:00
[2023-08-31T15:30:40.859+0000] {processor.py:179} INFO - Processing /home/airflow/.local/lib/python3.8/site-packages/airflow/example_dags/example_short_circuit_decorator.py took 0.052 seconds
[2023-08-31T15:31:11.160+0000] {processor.py:157} INFO - Started process (PID=7224) to work on /home/airflow/.local/lib/python3.8/site-packages/airflow/example_dags/example_short_circuit_decorator.py
[2023-08-31T15:31:11.161+0000] {processor.py:829} INFO - Processing file /home/airflow/.local/lib/python3.8/site-packages/airflow/example_dags/example_short_circuit_decorator.py for tasks to queue
[2023-08-31T15:31:11.162+0000] {logging_mixin.py:151} INFO - [2023-08-31T15:31:11.162+0000] {dagbag.py:539} INFO - Filling up the DagBag from /home/airflow/.local/lib/python3.8/site-packages/airflow/example_dags/example_short_circuit_decorator.py
[2023-08-31T15:31:11.168+0000] {processor.py:839} INFO - DAG(s) dict_keys(['example_short_circuit_decorator']) retrieved from /home/airflow/.local/lib/python3.8/site-packages/airflow/example_dags/example_short_circuit_decorator.py
[2023-08-31T15:31:11.183+0000] {logging_mixin.py:151} INFO - [2023-08-31T15:31:11.183+0000] {dag.py:2907} INFO - Sync 1 DAGs
[2023-08-31T15:31:11.194+0000] {logging_mixin.py:151} INFO - [2023-08-31T15:31:11.194+0000] {dag.py:3677} INFO - Setting next_dagrun for example_short_circuit_decorator to 2023-08-30T15:31:11.194580+00:00, run_after=2023-08-31T15:31:11.194580+00:00
[2023-08-31T15:31:11.204+0000] {processor.py:179} INFO - Processing /home/airflow/.local/lib/python3.8/site-packages/airflow/example_dags/example_short_circuit_decorator.py took 0.046 seconds
[2023-08-31T15:31:41.622+0000] {processor.py:157} INFO - Started process (PID=7461) to work on /home/airflow/.local/lib/python3.8/site-packages/airflow/example_dags/example_short_circuit_decorator.py
[2023-08-31T15:31:41.624+0000] {processor.py:829} INFO - Processing file /home/airflow/.local/lib/python3.8/site-packages/airflow/example_dags/example_short_circuit_decorator.py for tasks to queue
[2023-08-31T15:31:41.624+0000] {logging_mixin.py:151} INFO - [2023-08-31T15:31:41.624+0000] {dagbag.py:539} INFO - Filling up the DagBag from /home/airflow/.local/lib/python3.8/site-packages/airflow/example_dags/example_short_circuit_decorator.py
[2023-08-31T15:31:41.631+0000] {processor.py:839} INFO - DAG(s) dict_keys(['example_short_circuit_decorator']) retrieved from /home/airflow/.local/lib/python3.8/site-packages/airflow/example_dags/example_short_circuit_decorator.py
[2023-08-31T15:31:41.646+0000] {logging_mixin.py:151} INFO - [2023-08-31T15:31:41.646+0000] {dag.py:2907} INFO - Sync 1 DAGs
[2023-08-31T15:31:41.658+0000] {logging_mixin.py:151} INFO - [2023-08-31T15:31:41.658+0000] {dag.py:3677} INFO - Setting next_dagrun for example_short_circuit_decorator to 2023-08-30T15:31:41.658159+00:00, run_after=2023-08-31T15:31:41.658159+00:00
[2023-08-31T15:31:41.673+0000] {processor.py:179} INFO - Processing /home/airflow/.local/lib/python3.8/site-packages/airflow/example_dags/example_short_circuit_decorator.py took 0.054 seconds
[2023-08-31T15:32:12.009+0000] {processor.py:157} INFO - Started process (PID=7702) to work on /home/airflow/.local/lib/python3.8/site-packages/airflow/example_dags/example_short_circuit_decorator.py
[2023-08-31T15:32:12.010+0000] {processor.py:829} INFO - Processing file /home/airflow/.local/lib/python3.8/site-packages/airflow/example_dags/example_short_circuit_decorator.py for tasks to queue
[2023-08-31T15:32:12.012+0000] {logging_mixin.py:151} INFO - [2023-08-31T15:32:12.012+0000] {dagbag.py:539} INFO - Filling up the DagBag from /home/airflow/.local/lib/python3.8/site-packages/airflow/example_dags/example_short_circuit_decorator.py
[2023-08-31T15:32:12.019+0000] {processor.py:839} INFO - DAG(s) dict_keys(['example_short_circuit_decorator']) retrieved from /home/airflow/.local/lib/python3.8/site-packages/airflow/example_dags/example_short_circuit_decorator.py
[2023-08-31T15:32:12.035+0000] {logging_mixin.py:151} INFO - [2023-08-31T15:32:12.035+0000] {dag.py:2907} INFO - Sync 1 DAGs
[2023-08-31T15:32:12.048+0000] {logging_mixin.py:151} INFO - [2023-08-31T15:32:12.048+0000] {dag.py:3677} INFO - Setting next_dagrun for example_short_circuit_decorator to 2023-08-30T15:32:12.048703+00:00, run_after=2023-08-31T15:32:12.048703+00:00
[2023-08-31T15:32:12.059+0000] {processor.py:179} INFO - Processing /home/airflow/.local/lib/python3.8/site-packages/airflow/example_dags/example_short_circuit_decorator.py took 0.052 seconds
[2023-08-31T15:32:42.403+0000] {processor.py:157} INFO - Started process (PID=7942) to work on /home/airflow/.local/lib/python3.8/site-packages/airflow/example_dags/example_short_circuit_decorator.py
[2023-08-31T15:32:42.405+0000] {processor.py:829} INFO - Processing file /home/airflow/.local/lib/python3.8/site-packages/airflow/example_dags/example_short_circuit_decorator.py for tasks to queue
[2023-08-31T15:32:42.406+0000] {logging_mixin.py:151} INFO - [2023-08-31T15:32:42.406+0000] {dagbag.py:539} INFO - Filling up the DagBag from /home/airflow/.local/lib/python3.8/site-packages/airflow/example_dags/example_short_circuit_decorator.py
[2023-08-31T15:32:42.414+0000] {processor.py:839} INFO - DAG(s) dict_keys(['example_short_circuit_decorator']) retrieved from /home/airflow/.local/lib/python3.8/site-packages/airflow/example_dags/example_short_circuit_decorator.py
[2023-08-31T15:32:42.429+0000] {logging_mixin.py:151} INFO - [2023-08-31T15:32:42.429+0000] {dag.py:2907} INFO - Sync 1 DAGs
[2023-08-31T15:32:42.442+0000] {logging_mixin.py:151} INFO - [2023-08-31T15:32:42.442+0000] {dag.py:3677} INFO - Setting next_dagrun for example_short_circuit_decorator to 2023-08-30T15:32:42.442550+00:00, run_after=2023-08-31T15:32:42.442550+00:00
[2023-08-31T15:32:42.453+0000] {processor.py:179} INFO - Processing /home/airflow/.local/lib/python3.8/site-packages/airflow/example_dags/example_short_circuit_decorator.py took 0.052 seconds
[2023-08-31T15:33:12.863+0000] {processor.py:157} INFO - Started process (PID=8179) to work on /home/airflow/.local/lib/python3.8/site-packages/airflow/example_dags/example_short_circuit_decorator.py
[2023-08-31T15:33:12.864+0000] {processor.py:829} INFO - Processing file /home/airflow/.local/lib/python3.8/site-packages/airflow/example_dags/example_short_circuit_decorator.py for tasks to queue
[2023-08-31T15:33:12.865+0000] {logging_mixin.py:151} INFO - [2023-08-31T15:33:12.865+0000] {dagbag.py:539} INFO - Filling up the DagBag from /home/airflow/.local/lib/python3.8/site-packages/airflow/example_dags/example_short_circuit_decorator.py
[2023-08-31T15:33:12.872+0000] {processor.py:839} INFO - DAG(s) dict_keys(['example_short_circuit_decorator']) retrieved from /home/airflow/.local/lib/python3.8/site-packages/airflow/example_dags/example_short_circuit_decorator.py
[2023-08-31T15:33:12.888+0000] {logging_mixin.py:151} INFO - [2023-08-31T15:33:12.888+0000] {dag.py:2907} INFO - Sync 1 DAGs
[2023-08-31T15:33:12.900+0000] {logging_mixin.py:151} INFO - [2023-08-31T15:33:12.900+0000] {dag.py:3677} INFO - Setting next_dagrun for example_short_circuit_decorator to 2023-08-30T15:33:12.900241+00:00, run_after=2023-08-31T15:33:12.900241+00:00
[2023-08-31T15:33:12.912+0000] {processor.py:179} INFO - Processing /home/airflow/.local/lib/python3.8/site-packages/airflow/example_dags/example_short_circuit_decorator.py took 0.052 seconds
[2023-08-31T15:33:43.356+0000] {processor.py:157} INFO - Started process (PID=8421) to work on /home/airflow/.local/lib/python3.8/site-packages/airflow/example_dags/example_short_circuit_decorator.py
[2023-08-31T15:33:43.359+0000] {processor.py:829} INFO - Processing file /home/airflow/.local/lib/python3.8/site-packages/airflow/example_dags/example_short_circuit_decorator.py for tasks to queue
[2023-08-31T15:33:43.360+0000] {logging_mixin.py:151} INFO - [2023-08-31T15:33:43.360+0000] {dagbag.py:539} INFO - Filling up the DagBag from /home/airflow/.local/lib/python3.8/site-packages/airflow/example_dags/example_short_circuit_decorator.py
[2023-08-31T15:33:43.370+0000] {processor.py:839} INFO - DAG(s) dict_keys(['example_short_circuit_decorator']) retrieved from /home/airflow/.local/lib/python3.8/site-packages/airflow/example_dags/example_short_circuit_decorator.py
[2023-08-31T15:33:43.391+0000] {logging_mixin.py:151} INFO - [2023-08-31T15:33:43.391+0000] {dag.py:2907} INFO - Sync 1 DAGs
[2023-08-31T15:33:43.407+0000] {logging_mixin.py:151} INFO - [2023-08-31T15:33:43.407+0000] {dag.py:3677} INFO - Setting next_dagrun for example_short_circuit_decorator to 2023-08-30T15:33:43.407321+00:00, run_after=2023-08-31T15:33:43.407321+00:00
[2023-08-31T15:33:43.419+0000] {processor.py:179} INFO - Processing /home/airflow/.local/lib/python3.8/site-packages/airflow/example_dags/example_short_circuit_decorator.py took 0.067 seconds
[2023-08-31T15:34:13.838+0000] {processor.py:157} INFO - Started process (PID=8660) to work on /home/airflow/.local/lib/python3.8/site-packages/airflow/example_dags/example_short_circuit_decorator.py
[2023-08-31T15:34:13.839+0000] {processor.py:829} INFO - Processing file /home/airflow/.local/lib/python3.8/site-packages/airflow/example_dags/example_short_circuit_decorator.py for tasks to queue
[2023-08-31T15:34:13.841+0000] {logging_mixin.py:151} INFO - [2023-08-31T15:34:13.840+0000] {dagbag.py:539} INFO - Filling up the DagBag from /home/airflow/.local/lib/python3.8/site-packages/airflow/example_dags/example_short_circuit_decorator.py
[2023-08-31T15:34:13.848+0000] {processor.py:839} INFO - DAG(s) dict_keys(['example_short_circuit_decorator']) retrieved from /home/airflow/.local/lib/python3.8/site-packages/airflow/example_dags/example_short_circuit_decorator.py
[2023-08-31T15:34:13.865+0000] {logging_mixin.py:151} INFO - [2023-08-31T15:34:13.864+0000] {dag.py:2907} INFO - Sync 1 DAGs
[2023-08-31T15:34:13.878+0000] {logging_mixin.py:151} INFO - [2023-08-31T15:34:13.878+0000] {dag.py:3677} INFO - Setting next_dagrun for example_short_circuit_decorator to 2023-08-30T15:34:13.877859+00:00, run_after=2023-08-31T15:34:13.877859+00:00
[2023-08-31T15:34:13.891+0000] {processor.py:179} INFO - Processing /home/airflow/.local/lib/python3.8/site-packages/airflow/example_dags/example_short_circuit_decorator.py took 0.056 seconds
[2023-08-31T15:34:44.246+0000] {processor.py:157} INFO - Started process (PID=8902) to work on /home/airflow/.local/lib/python3.8/site-packages/airflow/example_dags/example_short_circuit_decorator.py
[2023-08-31T15:34:44.247+0000] {processor.py:829} INFO - Processing file /home/airflow/.local/lib/python3.8/site-packages/airflow/example_dags/example_short_circuit_decorator.py for tasks to queue
[2023-08-31T15:34:44.248+0000] {logging_mixin.py:151} INFO - [2023-08-31T15:34:44.248+0000] {dagbag.py:539} INFO - Filling up the DagBag from /home/airflow/.local/lib/python3.8/site-packages/airflow/example_dags/example_short_circuit_decorator.py
[2023-08-31T15:34:44.256+0000] {processor.py:839} INFO - DAG(s) dict_keys(['example_short_circuit_decorator']) retrieved from /home/airflow/.local/lib/python3.8/site-packages/airflow/example_dags/example_short_circuit_decorator.py
[2023-08-31T15:34:44.271+0000] {logging_mixin.py:151} INFO - [2023-08-31T15:34:44.271+0000] {dag.py:2907} INFO - Sync 1 DAGs
[2023-08-31T15:34:44.285+0000] {logging_mixin.py:151} INFO - [2023-08-31T15:34:44.285+0000] {dag.py:3677} INFO - Setting next_dagrun for example_short_circuit_decorator to 2023-08-30T15:34:44.285116+00:00, run_after=2023-08-31T15:34:44.285116+00:00
[2023-08-31T15:34:44.296+0000] {processor.py:179} INFO - Processing /home/airflow/.local/lib/python3.8/site-packages/airflow/example_dags/example_short_circuit_decorator.py took 0.052 seconds
[2023-08-31T15:35:14.628+0000] {processor.py:157} INFO - Started process (PID=9142) to work on /home/airflow/.local/lib/python3.8/site-packages/airflow/example_dags/example_short_circuit_decorator.py
[2023-08-31T15:35:14.629+0000] {processor.py:829} INFO - Processing file /home/airflow/.local/lib/python3.8/site-packages/airflow/example_dags/example_short_circuit_decorator.py for tasks to queue
[2023-08-31T15:35:14.630+0000] {logging_mixin.py:151} INFO - [2023-08-31T15:35:14.630+0000] {dagbag.py:539} INFO - Filling up the DagBag from /home/airflow/.local/lib/python3.8/site-packages/airflow/example_dags/example_short_circuit_decorator.py
[2023-08-31T15:35:14.638+0000] {processor.py:839} INFO - DAG(s) dict_keys(['example_short_circuit_decorator']) retrieved from /home/airflow/.local/lib/python3.8/site-packages/airflow/example_dags/example_short_circuit_decorator.py
[2023-08-31T15:35:14.653+0000] {logging_mixin.py:151} INFO - [2023-08-31T15:35:14.653+0000] {dag.py:2907} INFO - Sync 1 DAGs
[2023-08-31T15:35:14.667+0000] {logging_mixin.py:151} INFO - [2023-08-31T15:35:14.667+0000] {dag.py:3677} INFO - Setting next_dagrun for example_short_circuit_decorator to 2023-08-30T15:35:14.667695+00:00, run_after=2023-08-31T15:35:14.667695+00:00
[2023-08-31T15:35:14.680+0000] {processor.py:179} INFO - Processing /home/airflow/.local/lib/python3.8/site-packages/airflow/example_dags/example_short_circuit_decorator.py took 0.055 seconds
[2023-08-31T15:35:44.996+0000] {processor.py:157} INFO - Started process (PID=9383) to work on /home/airflow/.local/lib/python3.8/site-packages/airflow/example_dags/example_short_circuit_decorator.py
[2023-08-31T15:35:44.997+0000] {processor.py:829} INFO - Processing file /home/airflow/.local/lib/python3.8/site-packages/airflow/example_dags/example_short_circuit_decorator.py for tasks to queue
[2023-08-31T15:35:44.998+0000] {logging_mixin.py:151} INFO - [2023-08-31T15:35:44.998+0000] {dagbag.py:539} INFO - Filling up the DagBag from /home/airflow/.local/lib/python3.8/site-packages/airflow/example_dags/example_short_circuit_decorator.py
[2023-08-31T15:35:45.005+0000] {processor.py:839} INFO - DAG(s) dict_keys(['example_short_circuit_decorator']) retrieved from /home/airflow/.local/lib/python3.8/site-packages/airflow/example_dags/example_short_circuit_decorator.py
[2023-08-31T15:35:45.021+0000] {logging_mixin.py:151} INFO - [2023-08-31T15:35:45.021+0000] {dag.py:2907} INFO - Sync 1 DAGs
[2023-08-31T15:35:45.034+0000] {logging_mixin.py:151} INFO - [2023-08-31T15:35:45.034+0000] {dag.py:3677} INFO - Setting next_dagrun for example_short_circuit_decorator to 2023-08-30T15:35:45.034471+00:00, run_after=2023-08-31T15:35:45.034471+00:00
[2023-08-31T15:35:45.046+0000] {processor.py:179} INFO - Processing /home/airflow/.local/lib/python3.8/site-packages/airflow/example_dags/example_short_circuit_decorator.py took 0.053 seconds
[2023-08-31T15:36:15.353+0000] {processor.py:157} INFO - Started process (PID=9622) to work on /home/airflow/.local/lib/python3.8/site-packages/airflow/example_dags/example_short_circuit_decorator.py
[2023-08-31T15:36:15.354+0000] {processor.py:829} INFO - Processing file /home/airflow/.local/lib/python3.8/site-packages/airflow/example_dags/example_short_circuit_decorator.py for tasks to queue
[2023-08-31T15:36:15.356+0000] {logging_mixin.py:151} INFO - [2023-08-31T15:36:15.355+0000] {dagbag.py:539} INFO - Filling up the DagBag from /home/airflow/.local/lib/python3.8/site-packages/airflow/example_dags/example_short_circuit_decorator.py
[2023-08-31T15:36:15.363+0000] {processor.py:839} INFO - DAG(s) dict_keys(['example_short_circuit_decorator']) retrieved from /home/airflow/.local/lib/python3.8/site-packages/airflow/example_dags/example_short_circuit_decorator.py
[2023-08-31T15:36:15.378+0000] {logging_mixin.py:151} INFO - [2023-08-31T15:36:15.378+0000] {dag.py:2907} INFO - Sync 1 DAGs
[2023-08-31T15:36:15.391+0000] {logging_mixin.py:151} INFO - [2023-08-31T15:36:15.391+0000] {dag.py:3677} INFO - Setting next_dagrun for example_short_circuit_decorator to 2023-08-30T15:36:15.391073+00:00, run_after=2023-08-31T15:36:15.391073+00:00
[2023-08-31T15:36:15.404+0000] {processor.py:179} INFO - Processing /home/airflow/.local/lib/python3.8/site-packages/airflow/example_dags/example_short_circuit_decorator.py took 0.054 seconds
[2023-08-31T15:36:45.677+0000] {processor.py:157} INFO - Started process (PID=9862) to work on /home/airflow/.local/lib/python3.8/site-packages/airflow/example_dags/example_short_circuit_decorator.py
[2023-08-31T15:36:45.678+0000] {processor.py:829} INFO - Processing file /home/airflow/.local/lib/python3.8/site-packages/airflow/example_dags/example_short_circuit_decorator.py for tasks to queue
[2023-08-31T15:36:45.679+0000] {logging_mixin.py:151} INFO - [2023-08-31T15:36:45.679+0000] {dagbag.py:539} INFO - Filling up the DagBag from /home/airflow/.local/lib/python3.8/site-packages/airflow/example_dags/example_short_circuit_decorator.py
[2023-08-31T15:36:45.686+0000] {processor.py:839} INFO - DAG(s) dict_keys(['example_short_circuit_decorator']) retrieved from /home/airflow/.local/lib/python3.8/site-packages/airflow/example_dags/example_short_circuit_decorator.py
[2023-08-31T15:36:45.701+0000] {logging_mixin.py:151} INFO - [2023-08-31T15:36:45.700+0000] {dag.py:2907} INFO - Sync 1 DAGs
[2023-08-31T15:36:45.714+0000] {logging_mixin.py:151} INFO - [2023-08-31T15:36:45.714+0000] {dag.py:3677} INFO - Setting next_dagrun for example_short_circuit_decorator to 2023-08-30T15:36:45.714063+00:00, run_after=2023-08-31T15:36:45.714063+00:00
[2023-08-31T15:36:45.726+0000] {processor.py:179} INFO - Processing /home/airflow/.local/lib/python3.8/site-packages/airflow/example_dags/example_short_circuit_decorator.py took 0.052 seconds
[2023-08-31T15:37:16.003+0000] {processor.py:157} INFO - Started process (PID=10101) to work on /home/airflow/.local/lib/python3.8/site-packages/airflow/example_dags/example_short_circuit_decorator.py
[2023-08-31T15:37:16.004+0000] {processor.py:829} INFO - Processing file /home/airflow/.local/lib/python3.8/site-packages/airflow/example_dags/example_short_circuit_decorator.py for tasks to queue
[2023-08-31T15:37:16.005+0000] {logging_mixin.py:151} INFO - [2023-08-31T15:37:16.005+0000] {dagbag.py:539} INFO - Filling up the DagBag from /home/airflow/.local/lib/python3.8/site-packages/airflow/example_dags/example_short_circuit_decorator.py
[2023-08-31T15:37:16.012+0000] {processor.py:839} INFO - DAG(s) dict_keys(['example_short_circuit_decorator']) retrieved from /home/airflow/.local/lib/python3.8/site-packages/airflow/example_dags/example_short_circuit_decorator.py
[2023-08-31T15:37:16.028+0000] {logging_mixin.py:151} INFO - [2023-08-31T15:37:16.027+0000] {dag.py:2907} INFO - Sync 1 DAGs
[2023-08-31T15:37:16.041+0000] {logging_mixin.py:151} INFO - [2023-08-31T15:37:16.041+0000] {dag.py:3677} INFO - Setting next_dagrun for example_short_circuit_decorator to 2023-08-30T15:37:16.040909+00:00, run_after=2023-08-31T15:37:16.040909+00:00
[2023-08-31T15:37:16.052+0000] {processor.py:179} INFO - Processing /home/airflow/.local/lib/python3.8/site-packages/airflow/example_dags/example_short_circuit_decorator.py took 0.051 seconds
[2023-08-31T15:37:46.327+0000] {processor.py:157} INFO - Started process (PID=10344) to work on /home/airflow/.local/lib/python3.8/site-packages/airflow/example_dags/example_short_circuit_decorator.py
[2023-08-31T15:37:46.329+0000] {processor.py:829} INFO - Processing file /home/airflow/.local/lib/python3.8/site-packages/airflow/example_dags/example_short_circuit_decorator.py for tasks to queue
[2023-08-31T15:37:46.330+0000] {logging_mixin.py:151} INFO - [2023-08-31T15:37:46.329+0000] {dagbag.py:539} INFO - Filling up the DagBag from /home/airflow/.local/lib/python3.8/site-packages/airflow/example_dags/example_short_circuit_decorator.py
[2023-08-31T15:37:46.337+0000] {processor.py:839} INFO - DAG(s) dict_keys(['example_short_circuit_decorator']) retrieved from /home/airflow/.local/lib/python3.8/site-packages/airflow/example_dags/example_short_circuit_decorator.py
[2023-08-31T15:37:46.353+0000] {logging_mixin.py:151} INFO - [2023-08-31T15:37:46.353+0000] {dag.py:2907} INFO - Sync 1 DAGs
[2023-08-31T15:37:46.367+0000] {logging_mixin.py:151} INFO - [2023-08-31T15:37:46.367+0000] {dag.py:3677} INFO - Setting next_dagrun for example_short_circuit_decorator to 2023-08-30T15:37:46.367168+00:00, run_after=2023-08-31T15:37:46.367168+00:00
[2023-08-31T15:37:46.377+0000] {processor.py:179} INFO - Processing /home/airflow/.local/lib/python3.8/site-packages/airflow/example_dags/example_short_circuit_decorator.py took 0.052 seconds
