[2023-08-31T15:16:29.723+0000] {processor.py:157} INFO - Started process (PID=302) to work on /home/airflow/.local/lib/python3.8/site-packages/airflow/example_dags/example_branch_operator.py
[2023-08-31T15:16:29.724+0000] {processor.py:829} INFO - Processing file /home/airflow/.local/lib/python3.8/site-packages/airflow/example_dags/example_branch_operator.py for tasks to queue
[2023-08-31T15:16:29.725+0000] {logging_mixin.py:151} INFO - [2023-08-31T15:16:29.725+0000] {dagbag.py:539} INFO - Filling up the DagBag from /home/airflow/.local/lib/python3.8/site-packages/airflow/example_dags/example_branch_operator.py
[2023-08-31T15:16:29.732+0000] {processor.py:839} INFO - DAG(s) dict_keys(['example_branch_operator']) retrieved from /home/airflow/.local/lib/python3.8/site-packages/airflow/example_dags/example_branch_operator.py
[2023-08-31T15:16:29.742+0000] {logging_mixin.py:151} INFO - [2023-08-31T15:16:29.742+0000] {dag.py:2907} INFO - Sync 1 DAGs
[2023-08-31T15:16:29.760+0000] {logging_mixin.py:151} INFO - [2023-08-31T15:16:29.760+0000] {dag.py:3677} INFO - Setting next_dagrun for example_branch_operator to 2023-08-30T00:00:00+00:00, run_after=2023-08-31T00:00:00+00:00
[2023-08-31T15:16:29.772+0000] {processor.py:179} INFO - Processing /home/airflow/.local/lib/python3.8/site-packages/airflow/example_dags/example_branch_operator.py took 0.052 seconds
[2023-08-31T15:17:00.789+0000] {processor.py:157} INFO - Started process (PID=547) to work on /home/airflow/.local/lib/python3.8/site-packages/airflow/example_dags/example_branch_operator.py
[2023-08-31T15:17:00.790+0000] {processor.py:829} INFO - Processing file /home/airflow/.local/lib/python3.8/site-packages/airflow/example_dags/example_branch_operator.py for tasks to queue
[2023-08-31T15:17:00.791+0000] {logging_mixin.py:151} INFO - [2023-08-31T15:17:00.791+0000] {dagbag.py:539} INFO - Filling up the DagBag from /home/airflow/.local/lib/python3.8/site-packages/airflow/example_dags/example_branch_operator.py
[2023-08-31T15:17:00.798+0000] {processor.py:839} INFO - DAG(s) dict_keys(['example_branch_operator']) retrieved from /home/airflow/.local/lib/python3.8/site-packages/airflow/example_dags/example_branch_operator.py
[2023-08-31T15:17:00.813+0000] {logging_mixin.py:151} INFO - [2023-08-31T15:17:00.813+0000] {dag.py:2907} INFO - Sync 1 DAGs
[2023-08-31T15:17:00.828+0000] {logging_mixin.py:151} INFO - [2023-08-31T15:17:00.828+0000] {dag.py:3677} INFO - Setting next_dagrun for example_branch_operator to 2023-08-30T00:00:00+00:00, run_after=2023-08-31T00:00:00+00:00
[2023-08-31T15:17:00.923+0000] {processor.py:179} INFO - Processing /home/airflow/.local/lib/python3.8/site-packages/airflow/example_dags/example_branch_operator.py took 0.136 seconds
[2023-08-31T15:17:31.706+0000] {processor.py:157} INFO - Started process (PID=786) to work on /home/airflow/.local/lib/python3.8/site-packages/airflow/example_dags/example_branch_operator.py
[2023-08-31T15:17:31.708+0000] {processor.py:829} INFO - Processing file /home/airflow/.local/lib/python3.8/site-packages/airflow/example_dags/example_branch_operator.py for tasks to queue
[2023-08-31T15:17:31.709+0000] {logging_mixin.py:151} INFO - [2023-08-31T15:17:31.709+0000] {dagbag.py:539} INFO - Filling up the DagBag from /home/airflow/.local/lib/python3.8/site-packages/airflow/example_dags/example_branch_operator.py
[2023-08-31T15:17:31.716+0000] {processor.py:839} INFO - DAG(s) dict_keys(['example_branch_operator']) retrieved from /home/airflow/.local/lib/python3.8/site-packages/airflow/example_dags/example_branch_operator.py
[2023-08-31T15:17:31.731+0000] {logging_mixin.py:151} INFO - [2023-08-31T15:17:31.731+0000] {dag.py:2907} INFO - Sync 1 DAGs
[2023-08-31T15:17:31.745+0000] {logging_mixin.py:151} INFO - [2023-08-31T15:17:31.745+0000] {dag.py:3677} INFO - Setting next_dagrun for example_branch_operator to 2023-08-30T00:00:00+00:00, run_after=2023-08-31T00:00:00+00:00
[2023-08-31T15:17:31.757+0000] {processor.py:179} INFO - Processing /home/airflow/.local/lib/python3.8/site-packages/airflow/example_dags/example_branch_operator.py took 0.053 seconds
[2023-08-31T15:18:02.402+0000] {processor.py:157} INFO - Started process (PID=1027) to work on /home/airflow/.local/lib/python3.8/site-packages/airflow/example_dags/example_branch_operator.py
[2023-08-31T15:18:02.404+0000] {processor.py:829} INFO - Processing file /home/airflow/.local/lib/python3.8/site-packages/airflow/example_dags/example_branch_operator.py for tasks to queue
[2023-08-31T15:18:02.405+0000] {logging_mixin.py:151} INFO - [2023-08-31T15:18:02.405+0000] {dagbag.py:539} INFO - Filling up the DagBag from /home/airflow/.local/lib/python3.8/site-packages/airflow/example_dags/example_branch_operator.py
[2023-08-31T15:18:02.412+0000] {processor.py:839} INFO - DAG(s) dict_keys(['example_branch_operator']) retrieved from /home/airflow/.local/lib/python3.8/site-packages/airflow/example_dags/example_branch_operator.py
[2023-08-31T15:18:02.427+0000] {logging_mixin.py:151} INFO - [2023-08-31T15:18:02.427+0000] {dag.py:2907} INFO - Sync 1 DAGs
[2023-08-31T15:18:02.441+0000] {logging_mixin.py:151} INFO - [2023-08-31T15:18:02.441+0000] {dag.py:3677} INFO - Setting next_dagrun for example_branch_operator to 2023-08-30T00:00:00+00:00, run_after=2023-08-31T00:00:00+00:00
[2023-08-31T15:18:02.451+0000] {processor.py:179} INFO - Processing /home/airflow/.local/lib/python3.8/site-packages/airflow/example_dags/example_branch_operator.py took 0.052 seconds
[2023-08-31T15:18:33.034+0000] {processor.py:157} INFO - Started process (PID=1292) to work on /home/airflow/.local/lib/python3.8/site-packages/airflow/example_dags/example_branch_operator.py
[2023-08-31T15:18:33.048+0000] {processor.py:829} INFO - Processing file /home/airflow/.local/lib/python3.8/site-packages/airflow/example_dags/example_branch_operator.py for tasks to queue
[2023-08-31T15:18:33.066+0000] {logging_mixin.py:151} INFO - [2023-08-31T15:18:33.066+0000] {dagbag.py:539} INFO - Filling up the DagBag from /home/airflow/.local/lib/python3.8/site-packages/airflow/example_dags/example_branch_operator.py
[2023-08-31T15:18:33.072+0000] {processor.py:839} INFO - DAG(s) dict_keys(['example_branch_operator']) retrieved from /home/airflow/.local/lib/python3.8/site-packages/airflow/example_dags/example_branch_operator.py
[2023-08-31T15:18:33.098+0000] {logging_mixin.py:151} INFO - [2023-08-31T15:18:33.098+0000] {dag.py:2907} INFO - Sync 1 DAGs
[2023-08-31T15:18:33.114+0000] {logging_mixin.py:151} INFO - [2023-08-31T15:18:33.114+0000] {dag.py:3677} INFO - Setting next_dagrun for example_branch_operator to 2023-08-30T00:00:00+00:00, run_after=2023-08-31T00:00:00+00:00
[2023-08-31T15:18:33.123+0000] {processor.py:179} INFO - Processing /home/airflow/.local/lib/python3.8/site-packages/airflow/example_dags/example_branch_operator.py took 0.092 seconds
[2023-08-31T15:19:03.552+0000] {processor.py:157} INFO - Started process (PID=1529) to work on /home/airflow/.local/lib/python3.8/site-packages/airflow/example_dags/example_branch_operator.py
[2023-08-31T15:19:03.554+0000] {processor.py:829} INFO - Processing file /home/airflow/.local/lib/python3.8/site-packages/airflow/example_dags/example_branch_operator.py for tasks to queue
[2023-08-31T15:19:03.555+0000] {logging_mixin.py:151} INFO - [2023-08-31T15:19:03.555+0000] {dagbag.py:539} INFO - Filling up the DagBag from /home/airflow/.local/lib/python3.8/site-packages/airflow/example_dags/example_branch_operator.py
[2023-08-31T15:19:03.564+0000] {processor.py:839} INFO - DAG(s) dict_keys(['example_branch_operator']) retrieved from /home/airflow/.local/lib/python3.8/site-packages/airflow/example_dags/example_branch_operator.py
[2023-08-31T15:19:03.580+0000] {logging_mixin.py:151} INFO - [2023-08-31T15:19:03.580+0000] {dag.py:2907} INFO - Sync 1 DAGs
[2023-08-31T15:19:03.595+0000] {logging_mixin.py:151} INFO - [2023-08-31T15:19:03.595+0000] {dag.py:3677} INFO - Setting next_dagrun for example_branch_operator to 2023-08-30T00:00:00+00:00, run_after=2023-08-31T00:00:00+00:00
[2023-08-31T15:19:03.609+0000] {processor.py:179} INFO - Processing /home/airflow/.local/lib/python3.8/site-packages/airflow/example_dags/example_branch_operator.py took 0.059 seconds
[2023-08-31T15:19:33.898+0000] {processor.py:157} INFO - Started process (PID=1770) to work on /home/airflow/.local/lib/python3.8/site-packages/airflow/example_dags/example_branch_operator.py
[2023-08-31T15:19:33.900+0000] {processor.py:829} INFO - Processing file /home/airflow/.local/lib/python3.8/site-packages/airflow/example_dags/example_branch_operator.py for tasks to queue
[2023-08-31T15:19:33.902+0000] {logging_mixin.py:151} INFO - [2023-08-31T15:19:33.901+0000] {dagbag.py:539} INFO - Filling up the DagBag from /home/airflow/.local/lib/python3.8/site-packages/airflow/example_dags/example_branch_operator.py
[2023-08-31T15:19:33.909+0000] {processor.py:839} INFO - DAG(s) dict_keys(['example_branch_operator']) retrieved from /home/airflow/.local/lib/python3.8/site-packages/airflow/example_dags/example_branch_operator.py
[2023-08-31T15:19:33.927+0000] {logging_mixin.py:151} INFO - [2023-08-31T15:19:33.926+0000] {dag.py:2907} INFO - Sync 1 DAGs
[2023-08-31T15:19:33.941+0000] {logging_mixin.py:151} INFO - [2023-08-31T15:19:33.941+0000] {dag.py:3677} INFO - Setting next_dagrun for example_branch_operator to 2023-08-30T00:00:00+00:00, run_after=2023-08-31T00:00:00+00:00
[2023-08-31T15:19:33.952+0000] {processor.py:179} INFO - Processing /home/airflow/.local/lib/python3.8/site-packages/airflow/example_dags/example_branch_operator.py took 0.056 seconds
[2023-08-31T15:20:04.184+0000] {processor.py:157} INFO - Started process (PID=2010) to work on /home/airflow/.local/lib/python3.8/site-packages/airflow/example_dags/example_branch_operator.py
[2023-08-31T15:20:04.185+0000] {processor.py:829} INFO - Processing file /home/airflow/.local/lib/python3.8/site-packages/airflow/example_dags/example_branch_operator.py for tasks to queue
[2023-08-31T15:20:04.186+0000] {logging_mixin.py:151} INFO - [2023-08-31T15:20:04.186+0000] {dagbag.py:539} INFO - Filling up the DagBag from /home/airflow/.local/lib/python3.8/site-packages/airflow/example_dags/example_branch_operator.py
[2023-08-31T15:20:04.193+0000] {processor.py:839} INFO - DAG(s) dict_keys(['example_branch_operator']) retrieved from /home/airflow/.local/lib/python3.8/site-packages/airflow/example_dags/example_branch_operator.py
[2023-08-31T15:20:04.209+0000] {logging_mixin.py:151} INFO - [2023-08-31T15:20:04.209+0000] {dag.py:2907} INFO - Sync 1 DAGs
[2023-08-31T15:20:04.223+0000] {logging_mixin.py:151} INFO - [2023-08-31T15:20:04.223+0000] {dag.py:3677} INFO - Setting next_dagrun for example_branch_operator to 2023-08-30T00:00:00+00:00, run_after=2023-08-31T00:00:00+00:00
[2023-08-31T15:20:04.234+0000] {processor.py:179} INFO - Processing /home/airflow/.local/lib/python3.8/site-packages/airflow/example_dags/example_branch_operator.py took 0.052 seconds
[2023-08-31T15:20:34.512+0000] {processor.py:157} INFO - Started process (PID=2249) to work on /home/airflow/.local/lib/python3.8/site-packages/airflow/example_dags/example_branch_operator.py
[2023-08-31T15:20:34.513+0000] {processor.py:829} INFO - Processing file /home/airflow/.local/lib/python3.8/site-packages/airflow/example_dags/example_branch_operator.py for tasks to queue
[2023-08-31T15:20:34.514+0000] {logging_mixin.py:151} INFO - [2023-08-31T15:20:34.514+0000] {dagbag.py:539} INFO - Filling up the DagBag from /home/airflow/.local/lib/python3.8/site-packages/airflow/example_dags/example_branch_operator.py
[2023-08-31T15:20:34.521+0000] {processor.py:839} INFO - DAG(s) dict_keys(['example_branch_operator']) retrieved from /home/airflow/.local/lib/python3.8/site-packages/airflow/example_dags/example_branch_operator.py
[2023-08-31T15:20:34.537+0000] {logging_mixin.py:151} INFO - [2023-08-31T15:20:34.537+0000] {dag.py:2907} INFO - Sync 1 DAGs
[2023-08-31T15:20:34.552+0000] {logging_mixin.py:151} INFO - [2023-08-31T15:20:34.552+0000] {dag.py:3677} INFO - Setting next_dagrun for example_branch_operator to 2023-08-30T00:00:00+00:00, run_after=2023-08-31T00:00:00+00:00
[2023-08-31T15:20:34.563+0000] {processor.py:179} INFO - Processing /home/airflow/.local/lib/python3.8/site-packages/airflow/example_dags/example_branch_operator.py took 0.054 seconds
[2023-08-31T15:21:04.742+0000] {processor.py:157} INFO - Started process (PID=2490) to work on /home/airflow/.local/lib/python3.8/site-packages/airflow/example_dags/example_branch_operator.py
[2023-08-31T15:21:04.743+0000] {processor.py:829} INFO - Processing file /home/airflow/.local/lib/python3.8/site-packages/airflow/example_dags/example_branch_operator.py for tasks to queue
[2023-08-31T15:21:04.744+0000] {logging_mixin.py:151} INFO - [2023-08-31T15:21:04.744+0000] {dagbag.py:539} INFO - Filling up the DagBag from /home/airflow/.local/lib/python3.8/site-packages/airflow/example_dags/example_branch_operator.py
[2023-08-31T15:21:04.751+0000] {processor.py:839} INFO - DAG(s) dict_keys(['example_branch_operator']) retrieved from /home/airflow/.local/lib/python3.8/site-packages/airflow/example_dags/example_branch_operator.py
[2023-08-31T15:21:04.767+0000] {logging_mixin.py:151} INFO - [2023-08-31T15:21:04.766+0000] {dag.py:2907} INFO - Sync 1 DAGs
[2023-08-31T15:21:04.781+0000] {logging_mixin.py:151} INFO - [2023-08-31T15:21:04.781+0000] {dag.py:3677} INFO - Setting next_dagrun for example_branch_operator to 2023-08-30T00:00:00+00:00, run_after=2023-08-31T00:00:00+00:00
[2023-08-31T15:21:04.793+0000] {processor.py:179} INFO - Processing /home/airflow/.local/lib/python3.8/site-packages/airflow/example_dags/example_branch_operator.py took 0.054 seconds
[2023-08-31T15:21:35.110+0000] {processor.py:157} INFO - Started process (PID=2732) to work on /home/airflow/.local/lib/python3.8/site-packages/airflow/example_dags/example_branch_operator.py
[2023-08-31T15:21:35.111+0000] {processor.py:829} INFO - Processing file /home/airflow/.local/lib/python3.8/site-packages/airflow/example_dags/example_branch_operator.py for tasks to queue
[2023-08-31T15:21:35.112+0000] {logging_mixin.py:151} INFO - [2023-08-31T15:21:35.112+0000] {dagbag.py:539} INFO - Filling up the DagBag from /home/airflow/.local/lib/python3.8/site-packages/airflow/example_dags/example_branch_operator.py
[2023-08-31T15:21:35.119+0000] {processor.py:839} INFO - DAG(s) dict_keys(['example_branch_operator']) retrieved from /home/airflow/.local/lib/python3.8/site-packages/airflow/example_dags/example_branch_operator.py
[2023-08-31T15:21:35.135+0000] {logging_mixin.py:151} INFO - [2023-08-31T15:21:35.134+0000] {dag.py:2907} INFO - Sync 1 DAGs
[2023-08-31T15:21:35.148+0000] {logging_mixin.py:151} INFO - [2023-08-31T15:21:35.148+0000] {dag.py:3677} INFO - Setting next_dagrun for example_branch_operator to 2023-08-30T00:00:00+00:00, run_after=2023-08-31T00:00:00+00:00
[2023-08-31T15:21:35.159+0000] {processor.py:179} INFO - Processing /home/airflow/.local/lib/python3.8/site-packages/airflow/example_dags/example_branch_operator.py took 0.052 seconds
[2023-08-31T15:22:05.410+0000] {processor.py:157} INFO - Started process (PID=2972) to work on /home/airflow/.local/lib/python3.8/site-packages/airflow/example_dags/example_branch_operator.py
[2023-08-31T15:22:05.412+0000] {processor.py:829} INFO - Processing file /home/airflow/.local/lib/python3.8/site-packages/airflow/example_dags/example_branch_operator.py for tasks to queue
[2023-08-31T15:22:05.413+0000] {logging_mixin.py:151} INFO - [2023-08-31T15:22:05.413+0000] {dagbag.py:539} INFO - Filling up the DagBag from /home/airflow/.local/lib/python3.8/site-packages/airflow/example_dags/example_branch_operator.py
[2023-08-31T15:22:05.420+0000] {processor.py:839} INFO - DAG(s) dict_keys(['example_branch_operator']) retrieved from /home/airflow/.local/lib/python3.8/site-packages/airflow/example_dags/example_branch_operator.py
[2023-08-31T15:22:05.437+0000] {logging_mixin.py:151} INFO - [2023-08-31T15:22:05.437+0000] {dag.py:2907} INFO - Sync 1 DAGs
[2023-08-31T15:22:05.451+0000] {logging_mixin.py:151} INFO - [2023-08-31T15:22:05.451+0000] {dag.py:3677} INFO - Setting next_dagrun for example_branch_operator to 2023-08-30T00:00:00+00:00, run_after=2023-08-31T00:00:00+00:00
[2023-08-31T15:22:05.461+0000] {processor.py:179} INFO - Processing /home/airflow/.local/lib/python3.8/site-packages/airflow/example_dags/example_branch_operator.py took 0.053 seconds
[2023-08-31T15:22:36.075+0000] {processor.py:157} INFO - Started process (PID=3214) to work on /home/airflow/.local/lib/python3.8/site-packages/airflow/example_dags/example_branch_operator.py
[2023-08-31T15:22:36.076+0000] {processor.py:829} INFO - Processing file /home/airflow/.local/lib/python3.8/site-packages/airflow/example_dags/example_branch_operator.py for tasks to queue
[2023-08-31T15:22:36.077+0000] {logging_mixin.py:151} INFO - [2023-08-31T15:22:36.077+0000] {dagbag.py:539} INFO - Filling up the DagBag from /home/airflow/.local/lib/python3.8/site-packages/airflow/example_dags/example_branch_operator.py
[2023-08-31T15:22:36.085+0000] {processor.py:839} INFO - DAG(s) dict_keys(['example_branch_operator']) retrieved from /home/airflow/.local/lib/python3.8/site-packages/airflow/example_dags/example_branch_operator.py
[2023-08-31T15:22:36.102+0000] {logging_mixin.py:151} INFO - [2023-08-31T15:22:36.102+0000] {dag.py:2907} INFO - Sync 1 DAGs
[2023-08-31T15:22:36.115+0000] {logging_mixin.py:151} INFO - [2023-08-31T15:22:36.115+0000] {dag.py:3677} INFO - Setting next_dagrun for example_branch_operator to 2023-08-30T00:00:00+00:00, run_after=2023-08-31T00:00:00+00:00
[2023-08-31T15:22:36.126+0000] {processor.py:179} INFO - Processing /home/airflow/.local/lib/python3.8/site-packages/airflow/example_dags/example_branch_operator.py took 0.054 seconds
[2023-08-31T15:23:06.645+0000] {processor.py:157} INFO - Started process (PID=3454) to work on /home/airflow/.local/lib/python3.8/site-packages/airflow/example_dags/example_branch_operator.py
[2023-08-31T15:23:06.646+0000] {processor.py:829} INFO - Processing file /home/airflow/.local/lib/python3.8/site-packages/airflow/example_dags/example_branch_operator.py for tasks to queue
[2023-08-31T15:23:06.648+0000] {logging_mixin.py:151} INFO - [2023-08-31T15:23:06.647+0000] {dagbag.py:539} INFO - Filling up the DagBag from /home/airflow/.local/lib/python3.8/site-packages/airflow/example_dags/example_branch_operator.py
[2023-08-31T15:23:06.656+0000] {processor.py:839} INFO - DAG(s) dict_keys(['example_branch_operator']) retrieved from /home/airflow/.local/lib/python3.8/site-packages/airflow/example_dags/example_branch_operator.py
[2023-08-31T15:23:06.676+0000] {logging_mixin.py:151} INFO - [2023-08-31T15:23:06.676+0000] {dag.py:2907} INFO - Sync 1 DAGs
[2023-08-31T15:23:06.698+0000] {logging_mixin.py:151} INFO - [2023-08-31T15:23:06.698+0000] {dag.py:3677} INFO - Setting next_dagrun for example_branch_operator to 2023-08-30T00:00:00+00:00, run_after=2023-08-31T00:00:00+00:00
[2023-08-31T15:23:06.710+0000] {processor.py:179} INFO - Processing /home/airflow/.local/lib/python3.8/site-packages/airflow/example_dags/example_branch_operator.py took 0.069 seconds
[2023-08-31T15:23:37.010+0000] {processor.py:157} INFO - Started process (PID=3694) to work on /home/airflow/.local/lib/python3.8/site-packages/airflow/example_dags/example_branch_operator.py
[2023-08-31T15:23:37.011+0000] {processor.py:829} INFO - Processing file /home/airflow/.local/lib/python3.8/site-packages/airflow/example_dags/example_branch_operator.py for tasks to queue
[2023-08-31T15:23:37.012+0000] {logging_mixin.py:151} INFO - [2023-08-31T15:23:37.012+0000] {dagbag.py:539} INFO - Filling up the DagBag from /home/airflow/.local/lib/python3.8/site-packages/airflow/example_dags/example_branch_operator.py
[2023-08-31T15:23:37.019+0000] {processor.py:839} INFO - DAG(s) dict_keys(['example_branch_operator']) retrieved from /home/airflow/.local/lib/python3.8/site-packages/airflow/example_dags/example_branch_operator.py
[2023-08-31T15:23:37.036+0000] {logging_mixin.py:151} INFO - [2023-08-31T15:23:37.036+0000] {dag.py:2907} INFO - Sync 1 DAGs
[2023-08-31T15:23:37.053+0000] {logging_mixin.py:151} INFO - [2023-08-31T15:23:37.053+0000] {dag.py:3677} INFO - Setting next_dagrun for example_branch_operator to 2023-08-30T00:00:00+00:00, run_after=2023-08-31T00:00:00+00:00
[2023-08-31T15:23:37.065+0000] {processor.py:179} INFO - Processing /home/airflow/.local/lib/python3.8/site-packages/airflow/example_dags/example_branch_operator.py took 0.058 seconds
[2023-08-31T15:24:07.317+0000] {processor.py:157} INFO - Started process (PID=3937) to work on /home/airflow/.local/lib/python3.8/site-packages/airflow/example_dags/example_branch_operator.py
[2023-08-31T15:24:07.318+0000] {processor.py:829} INFO - Processing file /home/airflow/.local/lib/python3.8/site-packages/airflow/example_dags/example_branch_operator.py for tasks to queue
[2023-08-31T15:24:07.319+0000] {logging_mixin.py:151} INFO - [2023-08-31T15:24:07.319+0000] {dagbag.py:539} INFO - Filling up the DagBag from /home/airflow/.local/lib/python3.8/site-packages/airflow/example_dags/example_branch_operator.py
[2023-08-31T15:24:07.326+0000] {processor.py:839} INFO - DAG(s) dict_keys(['example_branch_operator']) retrieved from /home/airflow/.local/lib/python3.8/site-packages/airflow/example_dags/example_branch_operator.py
[2023-08-31T15:24:07.342+0000] {logging_mixin.py:151} INFO - [2023-08-31T15:24:07.342+0000] {dag.py:2907} INFO - Sync 1 DAGs
[2023-08-31T15:24:07.356+0000] {logging_mixin.py:151} INFO - [2023-08-31T15:24:07.356+0000] {dag.py:3677} INFO - Setting next_dagrun for example_branch_operator to 2023-08-30T00:00:00+00:00, run_after=2023-08-31T00:00:00+00:00
[2023-08-31T15:24:07.367+0000] {processor.py:179} INFO - Processing /home/airflow/.local/lib/python3.8/site-packages/airflow/example_dags/example_branch_operator.py took 0.052 seconds
[2023-08-31T15:24:37.614+0000] {processor.py:157} INFO - Started process (PID=4176) to work on /home/airflow/.local/lib/python3.8/site-packages/airflow/example_dags/example_branch_operator.py
[2023-08-31T15:24:37.616+0000] {processor.py:829} INFO - Processing file /home/airflow/.local/lib/python3.8/site-packages/airflow/example_dags/example_branch_operator.py for tasks to queue
[2023-08-31T15:24:37.617+0000] {logging_mixin.py:151} INFO - [2023-08-31T15:24:37.617+0000] {dagbag.py:539} INFO - Filling up the DagBag from /home/airflow/.local/lib/python3.8/site-packages/airflow/example_dags/example_branch_operator.py
[2023-08-31T15:24:37.624+0000] {processor.py:839} INFO - DAG(s) dict_keys(['example_branch_operator']) retrieved from /home/airflow/.local/lib/python3.8/site-packages/airflow/example_dags/example_branch_operator.py
[2023-08-31T15:24:37.641+0000] {logging_mixin.py:151} INFO - [2023-08-31T15:24:37.641+0000] {dag.py:2907} INFO - Sync 1 DAGs
[2023-08-31T15:24:37.655+0000] {logging_mixin.py:151} INFO - [2023-08-31T15:24:37.655+0000] {dag.py:3677} INFO - Setting next_dagrun for example_branch_operator to 2023-08-30T00:00:00+00:00, run_after=2023-08-31T00:00:00+00:00
[2023-08-31T15:24:37.666+0000] {processor.py:179} INFO - Processing /home/airflow/.local/lib/python3.8/site-packages/airflow/example_dags/example_branch_operator.py took 0.054 seconds
[2023-08-31T15:25:07.927+0000] {processor.py:157} INFO - Started process (PID=4416) to work on /home/airflow/.local/lib/python3.8/site-packages/airflow/example_dags/example_branch_operator.py
[2023-08-31T15:25:07.928+0000] {processor.py:829} INFO - Processing file /home/airflow/.local/lib/python3.8/site-packages/airflow/example_dags/example_branch_operator.py for tasks to queue
[2023-08-31T15:25:07.929+0000] {logging_mixin.py:151} INFO - [2023-08-31T15:25:07.929+0000] {dagbag.py:539} INFO - Filling up the DagBag from /home/airflow/.local/lib/python3.8/site-packages/airflow/example_dags/example_branch_operator.py
[2023-08-31T15:25:07.936+0000] {processor.py:839} INFO - DAG(s) dict_keys(['example_branch_operator']) retrieved from /home/airflow/.local/lib/python3.8/site-packages/airflow/example_dags/example_branch_operator.py
[2023-08-31T15:25:07.953+0000] {logging_mixin.py:151} INFO - [2023-08-31T15:25:07.953+0000] {dag.py:2907} INFO - Sync 1 DAGs
[2023-08-31T15:25:07.967+0000] {logging_mixin.py:151} INFO - [2023-08-31T15:25:07.967+0000] {dag.py:3677} INFO - Setting next_dagrun for example_branch_operator to 2023-08-30T00:00:00+00:00, run_after=2023-08-31T00:00:00+00:00
[2023-08-31T15:25:07.978+0000] {processor.py:179} INFO - Processing /home/airflow/.local/lib/python3.8/site-packages/airflow/example_dags/example_branch_operator.py took 0.054 seconds
[2023-08-31T15:25:38.187+0000] {processor.py:157} INFO - Started process (PID=4655) to work on /home/airflow/.local/lib/python3.8/site-packages/airflow/example_dags/example_branch_operator.py
[2023-08-31T15:25:38.188+0000] {processor.py:829} INFO - Processing file /home/airflow/.local/lib/python3.8/site-packages/airflow/example_dags/example_branch_operator.py for tasks to queue
[2023-08-31T15:25:38.189+0000] {logging_mixin.py:151} INFO - [2023-08-31T15:25:38.189+0000] {dagbag.py:539} INFO - Filling up the DagBag from /home/airflow/.local/lib/python3.8/site-packages/airflow/example_dags/example_branch_operator.py
[2023-08-31T15:25:38.196+0000] {processor.py:839} INFO - DAG(s) dict_keys(['example_branch_operator']) retrieved from /home/airflow/.local/lib/python3.8/site-packages/airflow/example_dags/example_branch_operator.py
[2023-08-31T15:25:38.213+0000] {logging_mixin.py:151} INFO - [2023-08-31T15:25:38.213+0000] {dag.py:2907} INFO - Sync 1 DAGs
[2023-08-31T15:25:38.227+0000] {logging_mixin.py:151} INFO - [2023-08-31T15:25:38.227+0000] {dag.py:3677} INFO - Setting next_dagrun for example_branch_operator to 2023-08-30T00:00:00+00:00, run_after=2023-08-31T00:00:00+00:00
[2023-08-31T15:25:38.238+0000] {processor.py:179} INFO - Processing /home/airflow/.local/lib/python3.8/site-packages/airflow/example_dags/example_branch_operator.py took 0.054 seconds
[2023-08-31T15:26:08.490+0000] {processor.py:157} INFO - Started process (PID=4896) to work on /home/airflow/.local/lib/python3.8/site-packages/airflow/example_dags/example_branch_operator.py
[2023-08-31T15:26:08.492+0000] {processor.py:829} INFO - Processing file /home/airflow/.local/lib/python3.8/site-packages/airflow/example_dags/example_branch_operator.py for tasks to queue
[2023-08-31T15:26:08.493+0000] {logging_mixin.py:151} INFO - [2023-08-31T15:26:08.493+0000] {dagbag.py:539} INFO - Filling up the DagBag from /home/airflow/.local/lib/python3.8/site-packages/airflow/example_dags/example_branch_operator.py
[2023-08-31T15:26:08.501+0000] {processor.py:839} INFO - DAG(s) dict_keys(['example_branch_operator']) retrieved from /home/airflow/.local/lib/python3.8/site-packages/airflow/example_dags/example_branch_operator.py
[2023-08-31T15:26:08.519+0000] {logging_mixin.py:151} INFO - [2023-08-31T15:26:08.519+0000] {dag.py:2907} INFO - Sync 1 DAGs
[2023-08-31T15:26:08.533+0000] {logging_mixin.py:151} INFO - [2023-08-31T15:26:08.533+0000] {dag.py:3677} INFO - Setting next_dagrun for example_branch_operator to 2023-08-30T00:00:00+00:00, run_after=2023-08-31T00:00:00+00:00
[2023-08-31T15:26:08.544+0000] {processor.py:179} INFO - Processing /home/airflow/.local/lib/python3.8/site-packages/airflow/example_dags/example_branch_operator.py took 0.056 seconds
[2023-08-31T15:26:38.821+0000] {processor.py:157} INFO - Started process (PID=5135) to work on /home/airflow/.local/lib/python3.8/site-packages/airflow/example_dags/example_branch_operator.py
[2023-08-31T15:26:38.822+0000] {processor.py:829} INFO - Processing file /home/airflow/.local/lib/python3.8/site-packages/airflow/example_dags/example_branch_operator.py for tasks to queue
[2023-08-31T15:26:38.823+0000] {logging_mixin.py:151} INFO - [2023-08-31T15:26:38.823+0000] {dagbag.py:539} INFO - Filling up the DagBag from /home/airflow/.local/lib/python3.8/site-packages/airflow/example_dags/example_branch_operator.py
[2023-08-31T15:26:38.830+0000] {processor.py:839} INFO - DAG(s) dict_keys(['example_branch_operator']) retrieved from /home/airflow/.local/lib/python3.8/site-packages/airflow/example_dags/example_branch_operator.py
[2023-08-31T15:26:38.847+0000] {logging_mixin.py:151} INFO - [2023-08-31T15:26:38.847+0000] {dag.py:2907} INFO - Sync 1 DAGs
[2023-08-31T15:26:38.861+0000] {logging_mixin.py:151} INFO - [2023-08-31T15:26:38.861+0000] {dag.py:3677} INFO - Setting next_dagrun for example_branch_operator to 2023-08-30T00:00:00+00:00, run_after=2023-08-31T00:00:00+00:00
[2023-08-31T15:26:38.872+0000] {processor.py:179} INFO - Processing /home/airflow/.local/lib/python3.8/site-packages/airflow/example_dags/example_branch_operator.py took 0.053 seconds
[2023-08-31T15:27:09.158+0000] {processor.py:157} INFO - Started process (PID=5374) to work on /home/airflow/.local/lib/python3.8/site-packages/airflow/example_dags/example_branch_operator.py
[2023-08-31T15:27:09.159+0000] {processor.py:829} INFO - Processing file /home/airflow/.local/lib/python3.8/site-packages/airflow/example_dags/example_branch_operator.py for tasks to queue
[2023-08-31T15:27:09.160+0000] {logging_mixin.py:151} INFO - [2023-08-31T15:27:09.159+0000] {dagbag.py:539} INFO - Filling up the DagBag from /home/airflow/.local/lib/python3.8/site-packages/airflow/example_dags/example_branch_operator.py
[2023-08-31T15:27:09.167+0000] {processor.py:839} INFO - DAG(s) dict_keys(['example_branch_operator']) retrieved from /home/airflow/.local/lib/python3.8/site-packages/airflow/example_dags/example_branch_operator.py
[2023-08-31T15:27:09.183+0000] {logging_mixin.py:151} INFO - [2023-08-31T15:27:09.183+0000] {dag.py:2907} INFO - Sync 1 DAGs
[2023-08-31T15:27:09.200+0000] {logging_mixin.py:151} INFO - [2023-08-31T15:27:09.199+0000] {dag.py:3677} INFO - Setting next_dagrun for example_branch_operator to 2023-08-30T00:00:00+00:00, run_after=2023-08-31T00:00:00+00:00
[2023-08-31T15:27:09.212+0000] {processor.py:179} INFO - Processing /home/airflow/.local/lib/python3.8/site-packages/airflow/example_dags/example_branch_operator.py took 0.057 seconds
[2023-08-31T15:27:39.583+0000] {processor.py:157} INFO - Started process (PID=5614) to work on /home/airflow/.local/lib/python3.8/site-packages/airflow/example_dags/example_branch_operator.py
[2023-08-31T15:27:39.584+0000] {processor.py:829} INFO - Processing file /home/airflow/.local/lib/python3.8/site-packages/airflow/example_dags/example_branch_operator.py for tasks to queue
[2023-08-31T15:27:39.585+0000] {logging_mixin.py:151} INFO - [2023-08-31T15:27:39.585+0000] {dagbag.py:539} INFO - Filling up the DagBag from /home/airflow/.local/lib/python3.8/site-packages/airflow/example_dags/example_branch_operator.py
[2023-08-31T15:27:39.592+0000] {processor.py:839} INFO - DAG(s) dict_keys(['example_branch_operator']) retrieved from /home/airflow/.local/lib/python3.8/site-packages/airflow/example_dags/example_branch_operator.py
[2023-08-31T15:27:39.608+0000] {logging_mixin.py:151} INFO - [2023-08-31T15:27:39.608+0000] {dag.py:2907} INFO - Sync 1 DAGs
[2023-08-31T15:27:39.622+0000] {logging_mixin.py:151} INFO - [2023-08-31T15:27:39.622+0000] {dag.py:3677} INFO - Setting next_dagrun for example_branch_operator to 2023-08-30T00:00:00+00:00, run_after=2023-08-31T00:00:00+00:00
[2023-08-31T15:27:39.633+0000] {processor.py:179} INFO - Processing /home/airflow/.local/lib/python3.8/site-packages/airflow/example_dags/example_branch_operator.py took 0.053 seconds
[2023-08-31T15:28:09.848+0000] {processor.py:157} INFO - Started process (PID=5854) to work on /home/airflow/.local/lib/python3.8/site-packages/airflow/example_dags/example_branch_operator.py
[2023-08-31T15:28:09.849+0000] {processor.py:829} INFO - Processing file /home/airflow/.local/lib/python3.8/site-packages/airflow/example_dags/example_branch_operator.py for tasks to queue
[2023-08-31T15:28:09.851+0000] {logging_mixin.py:151} INFO - [2023-08-31T15:28:09.850+0000] {dagbag.py:539} INFO - Filling up the DagBag from /home/airflow/.local/lib/python3.8/site-packages/airflow/example_dags/example_branch_operator.py
[2023-08-31T15:28:09.858+0000] {processor.py:839} INFO - DAG(s) dict_keys(['example_branch_operator']) retrieved from /home/airflow/.local/lib/python3.8/site-packages/airflow/example_dags/example_branch_operator.py
[2023-08-31T15:28:09.876+0000] {logging_mixin.py:151} INFO - [2023-08-31T15:28:09.876+0000] {dag.py:2907} INFO - Sync 1 DAGs
[2023-08-31T15:28:09.895+0000] {logging_mixin.py:151} INFO - [2023-08-31T15:28:09.895+0000] {dag.py:3677} INFO - Setting next_dagrun for example_branch_operator to 2023-08-30T00:00:00+00:00, run_after=2023-08-31T00:00:00+00:00
[2023-08-31T15:28:09.906+0000] {processor.py:179} INFO - Processing /home/airflow/.local/lib/python3.8/site-packages/airflow/example_dags/example_branch_operator.py took 0.060 seconds
[2023-08-31T15:28:40.156+0000] {processor.py:157} INFO - Started process (PID=6095) to work on /home/airflow/.local/lib/python3.8/site-packages/airflow/example_dags/example_branch_operator.py
[2023-08-31T15:28:40.158+0000] {processor.py:829} INFO - Processing file /home/airflow/.local/lib/python3.8/site-packages/airflow/example_dags/example_branch_operator.py for tasks to queue
[2023-08-31T15:28:40.159+0000] {logging_mixin.py:151} INFO - [2023-08-31T15:28:40.159+0000] {dagbag.py:539} INFO - Filling up the DagBag from /home/airflow/.local/lib/python3.8/site-packages/airflow/example_dags/example_branch_operator.py
[2023-08-31T15:28:40.165+0000] {processor.py:839} INFO - DAG(s) dict_keys(['example_branch_operator']) retrieved from /home/airflow/.local/lib/python3.8/site-packages/airflow/example_dags/example_branch_operator.py
[2023-08-31T15:28:40.182+0000] {logging_mixin.py:151} INFO - [2023-08-31T15:28:40.182+0000] {dag.py:2907} INFO - Sync 1 DAGs
[2023-08-31T15:28:40.198+0000] {logging_mixin.py:151} INFO - [2023-08-31T15:28:40.198+0000] {dag.py:3677} INFO - Setting next_dagrun for example_branch_operator to 2023-08-30T00:00:00+00:00, run_after=2023-08-31T00:00:00+00:00
[2023-08-31T15:28:40.210+0000] {processor.py:179} INFO - Processing /home/airflow/.local/lib/python3.8/site-packages/airflow/example_dags/example_branch_operator.py took 0.056 seconds
[2023-08-31T15:29:10.547+0000] {processor.py:157} INFO - Started process (PID=6337) to work on /home/airflow/.local/lib/python3.8/site-packages/airflow/example_dags/example_branch_operator.py
[2023-08-31T15:29:10.548+0000] {processor.py:829} INFO - Processing file /home/airflow/.local/lib/python3.8/site-packages/airflow/example_dags/example_branch_operator.py for tasks to queue
[2023-08-31T15:29:10.549+0000] {logging_mixin.py:151} INFO - [2023-08-31T15:29:10.549+0000] {dagbag.py:539} INFO - Filling up the DagBag from /home/airflow/.local/lib/python3.8/site-packages/airflow/example_dags/example_branch_operator.py
[2023-08-31T15:29:10.556+0000] {processor.py:839} INFO - DAG(s) dict_keys(['example_branch_operator']) retrieved from /home/airflow/.local/lib/python3.8/site-packages/airflow/example_dags/example_branch_operator.py
[2023-08-31T15:29:10.573+0000] {logging_mixin.py:151} INFO - [2023-08-31T15:29:10.573+0000] {dag.py:2907} INFO - Sync 1 DAGs
[2023-08-31T15:29:10.586+0000] {logging_mixin.py:151} INFO - [2023-08-31T15:29:10.586+0000] {dag.py:3677} INFO - Setting next_dagrun for example_branch_operator to 2023-08-30T00:00:00+00:00, run_after=2023-08-31T00:00:00+00:00
[2023-08-31T15:29:10.597+0000] {processor.py:179} INFO - Processing /home/airflow/.local/lib/python3.8/site-packages/airflow/example_dags/example_branch_operator.py took 0.053 seconds
[2023-08-31T15:29:40.829+0000] {processor.py:157} INFO - Started process (PID=6577) to work on /home/airflow/.local/lib/python3.8/site-packages/airflow/example_dags/example_branch_operator.py
[2023-08-31T15:29:40.830+0000] {processor.py:829} INFO - Processing file /home/airflow/.local/lib/python3.8/site-packages/airflow/example_dags/example_branch_operator.py for tasks to queue
[2023-08-31T15:29:40.831+0000] {logging_mixin.py:151} INFO - [2023-08-31T15:29:40.831+0000] {dagbag.py:539} INFO - Filling up the DagBag from /home/airflow/.local/lib/python3.8/site-packages/airflow/example_dags/example_branch_operator.py
[2023-08-31T15:29:40.838+0000] {processor.py:839} INFO - DAG(s) dict_keys(['example_branch_operator']) retrieved from /home/airflow/.local/lib/python3.8/site-packages/airflow/example_dags/example_branch_operator.py
[2023-08-31T15:29:40.856+0000] {logging_mixin.py:151} INFO - [2023-08-31T15:29:40.856+0000] {dag.py:2907} INFO - Sync 1 DAGs
[2023-08-31T15:29:40.872+0000] {logging_mixin.py:151} INFO - [2023-08-31T15:29:40.872+0000] {dag.py:3677} INFO - Setting next_dagrun for example_branch_operator to 2023-08-30T00:00:00+00:00, run_after=2023-08-31T00:00:00+00:00
[2023-08-31T15:29:40.885+0000] {processor.py:179} INFO - Processing /home/airflow/.local/lib/python3.8/site-packages/airflow/example_dags/example_branch_operator.py took 0.059 seconds
[2023-08-31T15:30:11.043+0000] {processor.py:157} INFO - Started process (PID=6817) to work on /home/airflow/.local/lib/python3.8/site-packages/airflow/example_dags/example_branch_operator.py
[2023-08-31T15:30:11.044+0000] {processor.py:829} INFO - Processing file /home/airflow/.local/lib/python3.8/site-packages/airflow/example_dags/example_branch_operator.py for tasks to queue
[2023-08-31T15:30:11.045+0000] {logging_mixin.py:151} INFO - [2023-08-31T15:30:11.044+0000] {dagbag.py:539} INFO - Filling up the DagBag from /home/airflow/.local/lib/python3.8/site-packages/airflow/example_dags/example_branch_operator.py
[2023-08-31T15:30:11.051+0000] {processor.py:839} INFO - DAG(s) dict_keys(['example_branch_operator']) retrieved from /home/airflow/.local/lib/python3.8/site-packages/airflow/example_dags/example_branch_operator.py
[2023-08-31T15:30:11.067+0000] {logging_mixin.py:151} INFO - [2023-08-31T15:30:11.066+0000] {dag.py:2907} INFO - Sync 1 DAGs
[2023-08-31T15:30:11.081+0000] {logging_mixin.py:151} INFO - [2023-08-31T15:30:11.081+0000] {dag.py:3677} INFO - Setting next_dagrun for example_branch_operator to 2023-08-30T00:00:00+00:00, run_after=2023-08-31T00:00:00+00:00
[2023-08-31T15:30:11.094+0000] {processor.py:179} INFO - Processing /home/airflow/.local/lib/python3.8/site-packages/airflow/example_dags/example_branch_operator.py took 0.054 seconds
[2023-08-31T15:30:41.436+0000] {processor.py:157} INFO - Started process (PID=7060) to work on /home/airflow/.local/lib/python3.8/site-packages/airflow/example_dags/example_branch_operator.py
[2023-08-31T15:30:41.437+0000] {processor.py:829} INFO - Processing file /home/airflow/.local/lib/python3.8/site-packages/airflow/example_dags/example_branch_operator.py for tasks to queue
[2023-08-31T15:30:41.439+0000] {logging_mixin.py:151} INFO - [2023-08-31T15:30:41.438+0000] {dagbag.py:539} INFO - Filling up the DagBag from /home/airflow/.local/lib/python3.8/site-packages/airflow/example_dags/example_branch_operator.py
[2023-08-31T15:30:41.446+0000] {processor.py:839} INFO - DAG(s) dict_keys(['example_branch_operator']) retrieved from /home/airflow/.local/lib/python3.8/site-packages/airflow/example_dags/example_branch_operator.py
[2023-08-31T15:30:41.461+0000] {logging_mixin.py:151} INFO - [2023-08-31T15:30:41.461+0000] {dag.py:2907} INFO - Sync 1 DAGs
[2023-08-31T15:30:41.474+0000] {logging_mixin.py:151} INFO - [2023-08-31T15:30:41.474+0000] {dag.py:3677} INFO - Setting next_dagrun for example_branch_operator to 2023-08-30T00:00:00+00:00, run_after=2023-08-31T00:00:00+00:00
[2023-08-31T15:30:41.485+0000] {processor.py:179} INFO - Processing /home/airflow/.local/lib/python3.8/site-packages/airflow/example_dags/example_branch_operator.py took 0.053 seconds
[2023-08-31T15:31:11.788+0000] {processor.py:157} INFO - Started process (PID=7297) to work on /home/airflow/.local/lib/python3.8/site-packages/airflow/example_dags/example_branch_operator.py
[2023-08-31T15:31:11.789+0000] {processor.py:829} INFO - Processing file /home/airflow/.local/lib/python3.8/site-packages/airflow/example_dags/example_branch_operator.py for tasks to queue
[2023-08-31T15:31:11.790+0000] {logging_mixin.py:151} INFO - [2023-08-31T15:31:11.790+0000] {dagbag.py:539} INFO - Filling up the DagBag from /home/airflow/.local/lib/python3.8/site-packages/airflow/example_dags/example_branch_operator.py
[2023-08-31T15:31:11.796+0000] {processor.py:839} INFO - DAG(s) dict_keys(['example_branch_operator']) retrieved from /home/airflow/.local/lib/python3.8/site-packages/airflow/example_dags/example_branch_operator.py
[2023-08-31T15:31:11.811+0000] {logging_mixin.py:151} INFO - [2023-08-31T15:31:11.811+0000] {dag.py:2907} INFO - Sync 1 DAGs
[2023-08-31T15:31:11.825+0000] {logging_mixin.py:151} INFO - [2023-08-31T15:31:11.825+0000] {dag.py:3677} INFO - Setting next_dagrun for example_branch_operator to 2023-08-30T00:00:00+00:00, run_after=2023-08-31T00:00:00+00:00
[2023-08-31T15:31:11.839+0000] {processor.py:179} INFO - Processing /home/airflow/.local/lib/python3.8/site-packages/airflow/example_dags/example_branch_operator.py took 0.054 seconds
[2023-08-31T15:31:42.244+0000] {processor.py:157} INFO - Started process (PID=7536) to work on /home/airflow/.local/lib/python3.8/site-packages/airflow/example_dags/example_branch_operator.py
[2023-08-31T15:31:42.246+0000] {processor.py:829} INFO - Processing file /home/airflow/.local/lib/python3.8/site-packages/airflow/example_dags/example_branch_operator.py for tasks to queue
[2023-08-31T15:31:42.247+0000] {logging_mixin.py:151} INFO - [2023-08-31T15:31:42.247+0000] {dagbag.py:539} INFO - Filling up the DagBag from /home/airflow/.local/lib/python3.8/site-packages/airflow/example_dags/example_branch_operator.py
[2023-08-31T15:31:42.254+0000] {processor.py:839} INFO - DAG(s) dict_keys(['example_branch_operator']) retrieved from /home/airflow/.local/lib/python3.8/site-packages/airflow/example_dags/example_branch_operator.py
[2023-08-31T15:31:42.271+0000] {logging_mixin.py:151} INFO - [2023-08-31T15:31:42.271+0000] {dag.py:2907} INFO - Sync 1 DAGs
[2023-08-31T15:31:42.286+0000] {logging_mixin.py:151} INFO - [2023-08-31T15:31:42.285+0000] {dag.py:3677} INFO - Setting next_dagrun for example_branch_operator to 2023-08-30T00:00:00+00:00, run_after=2023-08-31T00:00:00+00:00
[2023-08-31T15:31:42.297+0000] {processor.py:179} INFO - Processing /home/airflow/.local/lib/python3.8/site-packages/airflow/example_dags/example_branch_operator.py took 0.056 seconds
[2023-08-31T15:32:12.541+0000] {processor.py:157} INFO - Started process (PID=7775) to work on /home/airflow/.local/lib/python3.8/site-packages/airflow/example_dags/example_branch_operator.py
[2023-08-31T15:32:12.542+0000] {processor.py:829} INFO - Processing file /home/airflow/.local/lib/python3.8/site-packages/airflow/example_dags/example_branch_operator.py for tasks to queue
[2023-08-31T15:32:12.543+0000] {logging_mixin.py:151} INFO - [2023-08-31T15:32:12.543+0000] {dagbag.py:539} INFO - Filling up the DagBag from /home/airflow/.local/lib/python3.8/site-packages/airflow/example_dags/example_branch_operator.py
[2023-08-31T15:32:12.551+0000] {processor.py:839} INFO - DAG(s) dict_keys(['example_branch_operator']) retrieved from /home/airflow/.local/lib/python3.8/site-packages/airflow/example_dags/example_branch_operator.py
[2023-08-31T15:32:12.567+0000] {logging_mixin.py:151} INFO - [2023-08-31T15:32:12.566+0000] {dag.py:2907} INFO - Sync 1 DAGs
[2023-08-31T15:32:12.581+0000] {logging_mixin.py:151} INFO - [2023-08-31T15:32:12.581+0000] {dag.py:3677} INFO - Setting next_dagrun for example_branch_operator to 2023-08-30T00:00:00+00:00, run_after=2023-08-31T00:00:00+00:00
[2023-08-31T15:32:12.593+0000] {processor.py:179} INFO - Processing /home/airflow/.local/lib/python3.8/site-packages/airflow/example_dags/example_branch_operator.py took 0.055 seconds
[2023-08-31T15:32:43.062+0000] {processor.py:157} INFO - Started process (PID=8015) to work on /home/airflow/.local/lib/python3.8/site-packages/airflow/example_dags/example_branch_operator.py
[2023-08-31T15:32:43.063+0000] {processor.py:829} INFO - Processing file /home/airflow/.local/lib/python3.8/site-packages/airflow/example_dags/example_branch_operator.py for tasks to queue
[2023-08-31T15:32:43.065+0000] {logging_mixin.py:151} INFO - [2023-08-31T15:32:43.064+0000] {dagbag.py:539} INFO - Filling up the DagBag from /home/airflow/.local/lib/python3.8/site-packages/airflow/example_dags/example_branch_operator.py
[2023-08-31T15:32:43.073+0000] {processor.py:839} INFO - DAG(s) dict_keys(['example_branch_operator']) retrieved from /home/airflow/.local/lib/python3.8/site-packages/airflow/example_dags/example_branch_operator.py
[2023-08-31T15:32:43.091+0000] {logging_mixin.py:151} INFO - [2023-08-31T15:32:43.090+0000] {dag.py:2907} INFO - Sync 1 DAGs
[2023-08-31T15:32:43.109+0000] {logging_mixin.py:151} INFO - [2023-08-31T15:32:43.108+0000] {dag.py:3677} INFO - Setting next_dagrun for example_branch_operator to 2023-08-30T00:00:00+00:00, run_after=2023-08-31T00:00:00+00:00
[2023-08-31T15:32:43.120+0000] {processor.py:179} INFO - Processing /home/airflow/.local/lib/python3.8/site-packages/airflow/example_dags/example_branch_operator.py took 0.061 seconds
[2023-08-31T15:33:13.451+0000] {processor.py:157} INFO - Started process (PID=8254) to work on /home/airflow/.local/lib/python3.8/site-packages/airflow/example_dags/example_branch_operator.py
[2023-08-31T15:33:13.453+0000] {processor.py:829} INFO - Processing file /home/airflow/.local/lib/python3.8/site-packages/airflow/example_dags/example_branch_operator.py for tasks to queue
[2023-08-31T15:33:13.454+0000] {logging_mixin.py:151} INFO - [2023-08-31T15:33:13.453+0000] {dagbag.py:539} INFO - Filling up the DagBag from /home/airflow/.local/lib/python3.8/site-packages/airflow/example_dags/example_branch_operator.py
[2023-08-31T15:33:13.460+0000] {processor.py:839} INFO - DAG(s) dict_keys(['example_branch_operator']) retrieved from /home/airflow/.local/lib/python3.8/site-packages/airflow/example_dags/example_branch_operator.py
[2023-08-31T15:33:13.476+0000] {logging_mixin.py:151} INFO - [2023-08-31T15:33:13.476+0000] {dag.py:2907} INFO - Sync 1 DAGs
[2023-08-31T15:33:13.489+0000] {logging_mixin.py:151} INFO - [2023-08-31T15:33:13.489+0000] {dag.py:3677} INFO - Setting next_dagrun for example_branch_operator to 2023-08-30T00:00:00+00:00, run_after=2023-08-31T00:00:00+00:00
[2023-08-31T15:33:13.501+0000] {processor.py:179} INFO - Processing /home/airflow/.local/lib/python3.8/site-packages/airflow/example_dags/example_branch_operator.py took 0.053 seconds
[2023-08-31T15:33:44.111+0000] {processor.py:157} INFO - Started process (PID=8494) to work on /home/airflow/.local/lib/python3.8/site-packages/airflow/example_dags/example_branch_operator.py
[2023-08-31T15:33:44.113+0000] {processor.py:829} INFO - Processing file /home/airflow/.local/lib/python3.8/site-packages/airflow/example_dags/example_branch_operator.py for tasks to queue
[2023-08-31T15:33:44.115+0000] {logging_mixin.py:151} INFO - [2023-08-31T15:33:44.114+0000] {dagbag.py:539} INFO - Filling up the DagBag from /home/airflow/.local/lib/python3.8/site-packages/airflow/example_dags/example_branch_operator.py
[2023-08-31T15:33:44.122+0000] {processor.py:839} INFO - DAG(s) dict_keys(['example_branch_operator']) retrieved from /home/airflow/.local/lib/python3.8/site-packages/airflow/example_dags/example_branch_operator.py
[2023-08-31T15:33:44.139+0000] {logging_mixin.py:151} INFO - [2023-08-31T15:33:44.139+0000] {dag.py:2907} INFO - Sync 1 DAGs
[2023-08-31T15:33:44.155+0000] {logging_mixin.py:151} INFO - [2023-08-31T15:33:44.155+0000] {dag.py:3677} INFO - Setting next_dagrun for example_branch_operator to 2023-08-30T00:00:00+00:00, run_after=2023-08-31T00:00:00+00:00
[2023-08-31T15:33:44.168+0000] {processor.py:179} INFO - Processing /home/airflow/.local/lib/python3.8/site-packages/airflow/example_dags/example_branch_operator.py took 0.060 seconds
[2023-08-31T15:34:14.545+0000] {processor.py:157} INFO - Started process (PID=8737) to work on /home/airflow/.local/lib/python3.8/site-packages/airflow/example_dags/example_branch_operator.py
[2023-08-31T15:34:14.546+0000] {processor.py:829} INFO - Processing file /home/airflow/.local/lib/python3.8/site-packages/airflow/example_dags/example_branch_operator.py for tasks to queue
[2023-08-31T15:34:14.547+0000] {logging_mixin.py:151} INFO - [2023-08-31T15:34:14.547+0000] {dagbag.py:539} INFO - Filling up the DagBag from /home/airflow/.local/lib/python3.8/site-packages/airflow/example_dags/example_branch_operator.py
[2023-08-31T15:34:14.555+0000] {processor.py:839} INFO - DAG(s) dict_keys(['example_branch_operator']) retrieved from /home/airflow/.local/lib/python3.8/site-packages/airflow/example_dags/example_branch_operator.py
[2023-08-31T15:34:14.571+0000] {logging_mixin.py:151} INFO - [2023-08-31T15:34:14.571+0000] {dag.py:2907} INFO - Sync 1 DAGs
[2023-08-31T15:34:14.584+0000] {logging_mixin.py:151} INFO - [2023-08-31T15:34:14.584+0000] {dag.py:3677} INFO - Setting next_dagrun for example_branch_operator to 2023-08-30T00:00:00+00:00, run_after=2023-08-31T00:00:00+00:00
[2023-08-31T15:34:14.595+0000] {processor.py:179} INFO - Processing /home/airflow/.local/lib/python3.8/site-packages/airflow/example_dags/example_branch_operator.py took 0.053 seconds
[2023-08-31T15:34:44.783+0000] {processor.py:157} INFO - Started process (PID=8975) to work on /home/airflow/.local/lib/python3.8/site-packages/airflow/example_dags/example_branch_operator.py
[2023-08-31T15:34:44.784+0000] {processor.py:829} INFO - Processing file /home/airflow/.local/lib/python3.8/site-packages/airflow/example_dags/example_branch_operator.py for tasks to queue
[2023-08-31T15:34:44.786+0000] {logging_mixin.py:151} INFO - [2023-08-31T15:34:44.785+0000] {dagbag.py:539} INFO - Filling up the DagBag from /home/airflow/.local/lib/python3.8/site-packages/airflow/example_dags/example_branch_operator.py
[2023-08-31T15:34:44.793+0000] {processor.py:839} INFO - DAG(s) dict_keys(['example_branch_operator']) retrieved from /home/airflow/.local/lib/python3.8/site-packages/airflow/example_dags/example_branch_operator.py
[2023-08-31T15:34:44.810+0000] {logging_mixin.py:151} INFO - [2023-08-31T15:34:44.809+0000] {dag.py:2907} INFO - Sync 1 DAGs
[2023-08-31T15:34:44.824+0000] {logging_mixin.py:151} INFO - [2023-08-31T15:34:44.824+0000] {dag.py:3677} INFO - Setting next_dagrun for example_branch_operator to 2023-08-30T00:00:00+00:00, run_after=2023-08-31T00:00:00+00:00
[2023-08-31T15:34:44.836+0000] {processor.py:179} INFO - Processing /home/airflow/.local/lib/python3.8/site-packages/airflow/example_dags/example_branch_operator.py took 0.056 seconds
[2023-08-31T15:35:15.202+0000] {processor.py:157} INFO - Started process (PID=9219) to work on /home/airflow/.local/lib/python3.8/site-packages/airflow/example_dags/example_branch_operator.py
[2023-08-31T15:35:15.204+0000] {processor.py:829} INFO - Processing file /home/airflow/.local/lib/python3.8/site-packages/airflow/example_dags/example_branch_operator.py for tasks to queue
[2023-08-31T15:35:15.205+0000] {logging_mixin.py:151} INFO - [2023-08-31T15:35:15.205+0000] {dagbag.py:539} INFO - Filling up the DagBag from /home/airflow/.local/lib/python3.8/site-packages/airflow/example_dags/example_branch_operator.py
[2023-08-31T15:35:15.214+0000] {processor.py:839} INFO - DAG(s) dict_keys(['example_branch_operator']) retrieved from /home/airflow/.local/lib/python3.8/site-packages/airflow/example_dags/example_branch_operator.py
[2023-08-31T15:35:15.231+0000] {logging_mixin.py:151} INFO - [2023-08-31T15:35:15.231+0000] {dag.py:2907} INFO - Sync 1 DAGs
[2023-08-31T15:35:15.245+0000] {logging_mixin.py:151} INFO - [2023-08-31T15:35:15.245+0000] {dag.py:3677} INFO - Setting next_dagrun for example_branch_operator to 2023-08-30T00:00:00+00:00, run_after=2023-08-31T00:00:00+00:00
[2023-08-31T15:35:15.256+0000] {processor.py:179} INFO - Processing /home/airflow/.local/lib/python3.8/site-packages/airflow/example_dags/example_branch_operator.py took 0.055 seconds
[2023-08-31T15:35:45.570+0000] {processor.py:157} INFO - Started process (PID=9458) to work on /home/airflow/.local/lib/python3.8/site-packages/airflow/example_dags/example_branch_operator.py
[2023-08-31T15:35:45.571+0000] {processor.py:829} INFO - Processing file /home/airflow/.local/lib/python3.8/site-packages/airflow/example_dags/example_branch_operator.py for tasks to queue
[2023-08-31T15:35:45.572+0000] {logging_mixin.py:151} INFO - [2023-08-31T15:35:45.572+0000] {dagbag.py:539} INFO - Filling up the DagBag from /home/airflow/.local/lib/python3.8/site-packages/airflow/example_dags/example_branch_operator.py
[2023-08-31T15:35:45.579+0000] {processor.py:839} INFO - DAG(s) dict_keys(['example_branch_operator']) retrieved from /home/airflow/.local/lib/python3.8/site-packages/airflow/example_dags/example_branch_operator.py
[2023-08-31T15:35:45.595+0000] {logging_mixin.py:151} INFO - [2023-08-31T15:35:45.595+0000] {dag.py:2907} INFO - Sync 1 DAGs
[2023-08-31T15:35:45.609+0000] {logging_mixin.py:151} INFO - [2023-08-31T15:35:45.609+0000] {dag.py:3677} INFO - Setting next_dagrun for example_branch_operator to 2023-08-30T00:00:00+00:00, run_after=2023-08-31T00:00:00+00:00
[2023-08-31T15:35:45.621+0000] {processor.py:179} INFO - Processing /home/airflow/.local/lib/python3.8/site-packages/airflow/example_dags/example_branch_operator.py took 0.054 seconds
[2023-08-31T15:36:15.923+0000] {processor.py:157} INFO - Started process (PID=9697) to work on /home/airflow/.local/lib/python3.8/site-packages/airflow/example_dags/example_branch_operator.py
[2023-08-31T15:36:15.925+0000] {processor.py:829} INFO - Processing file /home/airflow/.local/lib/python3.8/site-packages/airflow/example_dags/example_branch_operator.py for tasks to queue
[2023-08-31T15:36:15.926+0000] {logging_mixin.py:151} INFO - [2023-08-31T15:36:15.926+0000] {dagbag.py:539} INFO - Filling up the DagBag from /home/airflow/.local/lib/python3.8/site-packages/airflow/example_dags/example_branch_operator.py
[2023-08-31T15:36:15.933+0000] {processor.py:839} INFO - DAG(s) dict_keys(['example_branch_operator']) retrieved from /home/airflow/.local/lib/python3.8/site-packages/airflow/example_dags/example_branch_operator.py
[2023-08-31T15:36:15.948+0000] {logging_mixin.py:151} INFO - [2023-08-31T15:36:15.948+0000] {dag.py:2907} INFO - Sync 1 DAGs
[2023-08-31T15:36:15.964+0000] {logging_mixin.py:151} INFO - [2023-08-31T15:36:15.963+0000] {dag.py:3677} INFO - Setting next_dagrun for example_branch_operator to 2023-08-30T00:00:00+00:00, run_after=2023-08-31T00:00:00+00:00
[2023-08-31T15:36:15.975+0000] {processor.py:179} INFO - Processing /home/airflow/.local/lib/python3.8/site-packages/airflow/example_dags/example_branch_operator.py took 0.055 seconds
[2023-08-31T15:36:46.278+0000] {processor.py:157} INFO - Started process (PID=9937) to work on /home/airflow/.local/lib/python3.8/site-packages/airflow/example_dags/example_branch_operator.py
[2023-08-31T15:36:46.279+0000] {processor.py:829} INFO - Processing file /home/airflow/.local/lib/python3.8/site-packages/airflow/example_dags/example_branch_operator.py for tasks to queue
[2023-08-31T15:36:46.280+0000] {logging_mixin.py:151} INFO - [2023-08-31T15:36:46.280+0000] {dagbag.py:539} INFO - Filling up the DagBag from /home/airflow/.local/lib/python3.8/site-packages/airflow/example_dags/example_branch_operator.py
[2023-08-31T15:36:46.289+0000] {processor.py:839} INFO - DAG(s) dict_keys(['example_branch_operator']) retrieved from /home/airflow/.local/lib/python3.8/site-packages/airflow/example_dags/example_branch_operator.py
[2023-08-31T15:36:46.307+0000] {logging_mixin.py:151} INFO - [2023-08-31T15:36:46.307+0000] {dag.py:2907} INFO - Sync 1 DAGs
[2023-08-31T15:36:46.322+0000] {logging_mixin.py:151} INFO - [2023-08-31T15:36:46.321+0000] {dag.py:3677} INFO - Setting next_dagrun for example_branch_operator to 2023-08-30T00:00:00+00:00, run_after=2023-08-31T00:00:00+00:00
[2023-08-31T15:36:46.337+0000] {processor.py:179} INFO - Processing /home/airflow/.local/lib/python3.8/site-packages/airflow/example_dags/example_branch_operator.py took 0.062 seconds
[2023-08-31T15:37:16.631+0000] {processor.py:157} INFO - Started process (PID=10178) to work on /home/airflow/.local/lib/python3.8/site-packages/airflow/example_dags/example_branch_operator.py
[2023-08-31T15:37:16.632+0000] {processor.py:829} INFO - Processing file /home/airflow/.local/lib/python3.8/site-packages/airflow/example_dags/example_branch_operator.py for tasks to queue
[2023-08-31T15:37:16.633+0000] {logging_mixin.py:151} INFO - [2023-08-31T15:37:16.633+0000] {dagbag.py:539} INFO - Filling up the DagBag from /home/airflow/.local/lib/python3.8/site-packages/airflow/example_dags/example_branch_operator.py
[2023-08-31T15:37:16.641+0000] {processor.py:839} INFO - DAG(s) dict_keys(['example_branch_operator']) retrieved from /home/airflow/.local/lib/python3.8/site-packages/airflow/example_dags/example_branch_operator.py
[2023-08-31T15:37:16.656+0000] {logging_mixin.py:151} INFO - [2023-08-31T15:37:16.656+0000] {dag.py:2907} INFO - Sync 1 DAGs
[2023-08-31T15:37:16.668+0000] {logging_mixin.py:151} INFO - [2023-08-31T15:37:16.668+0000] {dag.py:3677} INFO - Setting next_dagrun for example_branch_operator to 2023-08-30T00:00:00+00:00, run_after=2023-08-31T00:00:00+00:00
[2023-08-31T15:37:16.678+0000] {processor.py:179} INFO - Processing /home/airflow/.local/lib/python3.8/site-packages/airflow/example_dags/example_branch_operator.py took 0.051 seconds
[2023-08-31T15:37:46.856+0000] {processor.py:157} INFO - Started process (PID=10417) to work on /home/airflow/.local/lib/python3.8/site-packages/airflow/example_dags/example_branch_operator.py
[2023-08-31T15:37:46.858+0000] {processor.py:829} INFO - Processing file /home/airflow/.local/lib/python3.8/site-packages/airflow/example_dags/example_branch_operator.py for tasks to queue
[2023-08-31T15:37:46.859+0000] {logging_mixin.py:151} INFO - [2023-08-31T15:37:46.859+0000] {dagbag.py:539} INFO - Filling up the DagBag from /home/airflow/.local/lib/python3.8/site-packages/airflow/example_dags/example_branch_operator.py
[2023-08-31T15:37:46.867+0000] {processor.py:839} INFO - DAG(s) dict_keys(['example_branch_operator']) retrieved from /home/airflow/.local/lib/python3.8/site-packages/airflow/example_dags/example_branch_operator.py
[2023-08-31T15:37:46.885+0000] {logging_mixin.py:151} INFO - [2023-08-31T15:37:46.885+0000] {dag.py:2907} INFO - Sync 1 DAGs
[2023-08-31T15:37:46.900+0000] {logging_mixin.py:151} INFO - [2023-08-31T15:37:46.900+0000] {dag.py:3677} INFO - Setting next_dagrun for example_branch_operator to 2023-08-30T00:00:00+00:00, run_after=2023-08-31T00:00:00+00:00
[2023-08-31T15:37:46.911+0000] {processor.py:179} INFO - Processing /home/airflow/.local/lib/python3.8/site-packages/airflow/example_dags/example_branch_operator.py took 0.056 seconds
