[2023-08-31T15:16:28.005+0000] {processor.py:157} INFO - Started process (PID=199) to work on /home/airflow/.local/lib/python3.8/site-packages/airflow/example_dags/example_local_kubernetes_executor.py
[2023-08-31T15:16:28.007+0000] {processor.py:829} INFO - Processing file /home/airflow/.local/lib/python3.8/site-packages/airflow/example_dags/example_local_kubernetes_executor.py for tasks to queue
[2023-08-31T15:16:28.008+0000] {logging_mixin.py:151} INFO - [2023-08-31T15:16:28.008+0000] {dagbag.py:539} INFO - Filling up the DagBag from /home/airflow/.local/lib/python3.8/site-packages/airflow/example_dags/example_local_kubernetes_executor.py
[2023-08-31T15:16:28.914+0000] {processor.py:839} INFO - DAG(s) dict_keys(['example_local_kubernetes_executor']) retrieved from /home/airflow/.local/lib/python3.8/site-packages/airflow/example_dags/example_local_kubernetes_executor.py
[2023-08-31T15:16:28.923+0000] {logging_mixin.py:151} INFO - [2023-08-31T15:16:28.923+0000] {dag.py:2907} INFO - Sync 1 DAGs
[2023-08-31T15:16:28.931+0000] {logging_mixin.py:151} INFO - [2023-08-31T15:16:28.931+0000] {dag.py:3677} INFO - Setting next_dagrun for example_local_kubernetes_executor to None, run_after=None
[2023-08-31T15:16:28.964+0000] {processor.py:179} INFO - Processing /home/airflow/.local/lib/python3.8/site-packages/airflow/example_dags/example_local_kubernetes_executor.py took 0.961 seconds
[2023-08-31T15:16:59.273+0000] {processor.py:157} INFO - Started process (PID=454) to work on /home/airflow/.local/lib/python3.8/site-packages/airflow/example_dags/example_local_kubernetes_executor.py
[2023-08-31T15:16:59.276+0000] {processor.py:829} INFO - Processing file /home/airflow/.local/lib/python3.8/site-packages/airflow/example_dags/example_local_kubernetes_executor.py for tasks to queue
[2023-08-31T15:16:59.279+0000] {logging_mixin.py:151} INFO - [2023-08-31T15:16:59.279+0000] {dagbag.py:539} INFO - Filling up the DagBag from /home/airflow/.local/lib/python3.8/site-packages/airflow/example_dags/example_local_kubernetes_executor.py
[2023-08-31T15:16:59.675+0000] {processor.py:839} INFO - DAG(s) dict_keys(['example_local_kubernetes_executor']) retrieved from /home/airflow/.local/lib/python3.8/site-packages/airflow/example_dags/example_local_kubernetes_executor.py
[2023-08-31T15:16:59.710+0000] {logging_mixin.py:151} INFO - [2023-08-31T15:16:59.709+0000] {dag.py:2907} INFO - Sync 1 DAGs
[2023-08-31T15:16:59.718+0000] {logging_mixin.py:151} INFO - [2023-08-31T15:16:59.718+0000] {dag.py:3677} INFO - Setting next_dagrun for example_local_kubernetes_executor to None, run_after=None
[2023-08-31T15:16:59.761+0000] {processor.py:179} INFO - Processing /home/airflow/.local/lib/python3.8/site-packages/airflow/example_dags/example_local_kubernetes_executor.py took 0.497 seconds
[2023-08-31T15:17:30.333+0000] {processor.py:157} INFO - Started process (PID=693) to work on /home/airflow/.local/lib/python3.8/site-packages/airflow/example_dags/example_local_kubernetes_executor.py
[2023-08-31T15:17:30.336+0000] {processor.py:829} INFO - Processing file /home/airflow/.local/lib/python3.8/site-packages/airflow/example_dags/example_local_kubernetes_executor.py for tasks to queue
[2023-08-31T15:17:30.338+0000] {logging_mixin.py:151} INFO - [2023-08-31T15:17:30.338+0000] {dagbag.py:539} INFO - Filling up the DagBag from /home/airflow/.local/lib/python3.8/site-packages/airflow/example_dags/example_local_kubernetes_executor.py
[2023-08-31T15:17:30.620+0000] {processor.py:839} INFO - DAG(s) dict_keys(['example_local_kubernetes_executor']) retrieved from /home/airflow/.local/lib/python3.8/site-packages/airflow/example_dags/example_local_kubernetes_executor.py
[2023-08-31T15:17:30.644+0000] {logging_mixin.py:151} INFO - [2023-08-31T15:17:30.644+0000] {dag.py:2907} INFO - Sync 1 DAGs
[2023-08-31T15:17:30.653+0000] {logging_mixin.py:151} INFO - [2023-08-31T15:17:30.652+0000] {dag.py:3677} INFO - Setting next_dagrun for example_local_kubernetes_executor to None, run_after=None
[2023-08-31T15:17:30.667+0000] {processor.py:179} INFO - Processing /home/airflow/.local/lib/python3.8/site-packages/airflow/example_dags/example_local_kubernetes_executor.py took 0.340 seconds
[2023-08-31T15:18:01.317+0000] {processor.py:157} INFO - Started process (PID=932) to work on /home/airflow/.local/lib/python3.8/site-packages/airflow/example_dags/example_local_kubernetes_executor.py
[2023-08-31T15:18:01.320+0000] {processor.py:829} INFO - Processing file /home/airflow/.local/lib/python3.8/site-packages/airflow/example_dags/example_local_kubernetes_executor.py for tasks to queue
[2023-08-31T15:18:01.322+0000] {logging_mixin.py:151} INFO - [2023-08-31T15:18:01.322+0000] {dagbag.py:539} INFO - Filling up the DagBag from /home/airflow/.local/lib/python3.8/site-packages/airflow/example_dags/example_local_kubernetes_executor.py
[2023-08-31T15:18:01.494+0000] {processor.py:839} INFO - DAG(s) dict_keys(['example_local_kubernetes_executor']) retrieved from /home/airflow/.local/lib/python3.8/site-packages/airflow/example_dags/example_local_kubernetes_executor.py
[2023-08-31T15:18:01.519+0000] {logging_mixin.py:151} INFO - [2023-08-31T15:18:01.519+0000] {dag.py:2907} INFO - Sync 1 DAGs
[2023-08-31T15:18:01.528+0000] {logging_mixin.py:151} INFO - [2023-08-31T15:18:01.528+0000] {dag.py:3677} INFO - Setting next_dagrun for example_local_kubernetes_executor to None, run_after=None
[2023-08-31T15:18:01.562+0000] {processor.py:179} INFO - Processing /home/airflow/.local/lib/python3.8/site-packages/airflow/example_dags/example_local_kubernetes_executor.py took 0.250 seconds
[2023-08-31T15:18:32.034+0000] {processor.py:157} INFO - Started process (PID=1197) to work on /home/airflow/.local/lib/python3.8/site-packages/airflow/example_dags/example_local_kubernetes_executor.py
[2023-08-31T15:18:32.037+0000] {processor.py:829} INFO - Processing file /home/airflow/.local/lib/python3.8/site-packages/airflow/example_dags/example_local_kubernetes_executor.py for tasks to queue
[2023-08-31T15:18:32.039+0000] {logging_mixin.py:151} INFO - [2023-08-31T15:18:32.039+0000] {dagbag.py:539} INFO - Filling up the DagBag from /home/airflow/.local/lib/python3.8/site-packages/airflow/example_dags/example_local_kubernetes_executor.py
[2023-08-31T15:18:32.221+0000] {processor.py:839} INFO - DAG(s) dict_keys(['example_local_kubernetes_executor']) retrieved from /home/airflow/.local/lib/python3.8/site-packages/airflow/example_dags/example_local_kubernetes_executor.py
[2023-08-31T15:18:32.250+0000] {logging_mixin.py:151} INFO - [2023-08-31T15:18:32.250+0000] {dag.py:2907} INFO - Sync 1 DAGs
[2023-08-31T15:18:32.258+0000] {logging_mixin.py:151} INFO - [2023-08-31T15:18:32.258+0000] {dag.py:3677} INFO - Setting next_dagrun for example_local_kubernetes_executor to None, run_after=None
[2023-08-31T15:18:32.268+0000] {processor.py:179} INFO - Processing /home/airflow/.local/lib/python3.8/site-packages/airflow/example_dags/example_local_kubernetes_executor.py took 0.239 seconds
[2023-08-31T15:19:02.525+0000] {processor.py:157} INFO - Started process (PID=1436) to work on /home/airflow/.local/lib/python3.8/site-packages/airflow/example_dags/example_local_kubernetes_executor.py
[2023-08-31T15:19:02.527+0000] {processor.py:829} INFO - Processing file /home/airflow/.local/lib/python3.8/site-packages/airflow/example_dags/example_local_kubernetes_executor.py for tasks to queue
[2023-08-31T15:19:02.528+0000] {logging_mixin.py:151} INFO - [2023-08-31T15:19:02.528+0000] {dagbag.py:539} INFO - Filling up the DagBag from /home/airflow/.local/lib/python3.8/site-packages/airflow/example_dags/example_local_kubernetes_executor.py
[2023-08-31T15:19:02.672+0000] {processor.py:839} INFO - DAG(s) dict_keys(['example_local_kubernetes_executor']) retrieved from /home/airflow/.local/lib/python3.8/site-packages/airflow/example_dags/example_local_kubernetes_executor.py
[2023-08-31T15:19:02.708+0000] {logging_mixin.py:151} INFO - [2023-08-31T15:19:02.708+0000] {dag.py:2907} INFO - Sync 1 DAGs
[2023-08-31T15:19:02.720+0000] {logging_mixin.py:151} INFO - [2023-08-31T15:19:02.720+0000] {dag.py:3677} INFO - Setting next_dagrun for example_local_kubernetes_executor to None, run_after=None
[2023-08-31T15:19:02.752+0000] {processor.py:179} INFO - Processing /home/airflow/.local/lib/python3.8/site-packages/airflow/example_dags/example_local_kubernetes_executor.py took 0.230 seconds
[2023-08-31T15:19:33.006+0000] {processor.py:157} INFO - Started process (PID=1677) to work on /home/airflow/.local/lib/python3.8/site-packages/airflow/example_dags/example_local_kubernetes_executor.py
[2023-08-31T15:19:33.008+0000] {processor.py:829} INFO - Processing file /home/airflow/.local/lib/python3.8/site-packages/airflow/example_dags/example_local_kubernetes_executor.py for tasks to queue
[2023-08-31T15:19:33.010+0000] {logging_mixin.py:151} INFO - [2023-08-31T15:19:33.010+0000] {dagbag.py:539} INFO - Filling up the DagBag from /home/airflow/.local/lib/python3.8/site-packages/airflow/example_dags/example_local_kubernetes_executor.py
[2023-08-31T15:19:33.142+0000] {processor.py:839} INFO - DAG(s) dict_keys(['example_local_kubernetes_executor']) retrieved from /home/airflow/.local/lib/python3.8/site-packages/airflow/example_dags/example_local_kubernetes_executor.py
[2023-08-31T15:19:33.164+0000] {logging_mixin.py:151} INFO - [2023-08-31T15:19:33.164+0000] {dag.py:2907} INFO - Sync 1 DAGs
[2023-08-31T15:19:33.173+0000] {logging_mixin.py:151} INFO - [2023-08-31T15:19:33.173+0000] {dag.py:3677} INFO - Setting next_dagrun for example_local_kubernetes_executor to None, run_after=None
[2023-08-31T15:19:33.184+0000] {processor.py:179} INFO - Processing /home/airflow/.local/lib/python3.8/site-packages/airflow/example_dags/example_local_kubernetes_executor.py took 0.186 seconds
[2023-08-31T15:20:03.294+0000] {processor.py:157} INFO - Started process (PID=1917) to work on /home/airflow/.local/lib/python3.8/site-packages/airflow/example_dags/example_local_kubernetes_executor.py
[2023-08-31T15:20:03.297+0000] {processor.py:829} INFO - Processing file /home/airflow/.local/lib/python3.8/site-packages/airflow/example_dags/example_local_kubernetes_executor.py for tasks to queue
[2023-08-31T15:20:03.299+0000] {logging_mixin.py:151} INFO - [2023-08-31T15:20:03.299+0000] {dagbag.py:539} INFO - Filling up the DagBag from /home/airflow/.local/lib/python3.8/site-packages/airflow/example_dags/example_local_kubernetes_executor.py
[2023-08-31T15:20:03.428+0000] {processor.py:839} INFO - DAG(s) dict_keys(['example_local_kubernetes_executor']) retrieved from /home/airflow/.local/lib/python3.8/site-packages/airflow/example_dags/example_local_kubernetes_executor.py
[2023-08-31T15:20:03.450+0000] {logging_mixin.py:151} INFO - [2023-08-31T15:20:03.449+0000] {dag.py:2907} INFO - Sync 1 DAGs
[2023-08-31T15:20:03.458+0000] {logging_mixin.py:151} INFO - [2023-08-31T15:20:03.458+0000] {dag.py:3677} INFO - Setting next_dagrun for example_local_kubernetes_executor to None, run_after=None
[2023-08-31T15:20:03.470+0000] {processor.py:179} INFO - Processing /home/airflow/.local/lib/python3.8/site-packages/airflow/example_dags/example_local_kubernetes_executor.py took 0.184 seconds
[2023-08-31T15:20:33.677+0000] {processor.py:157} INFO - Started process (PID=2156) to work on /home/airflow/.local/lib/python3.8/site-packages/airflow/example_dags/example_local_kubernetes_executor.py
[2023-08-31T15:20:33.679+0000] {processor.py:829} INFO - Processing file /home/airflow/.local/lib/python3.8/site-packages/airflow/example_dags/example_local_kubernetes_executor.py for tasks to queue
[2023-08-31T15:20:33.685+0000] {logging_mixin.py:151} INFO - [2023-08-31T15:20:33.681+0000] {dagbag.py:539} INFO - Filling up the DagBag from /home/airflow/.local/lib/python3.8/site-packages/airflow/example_dags/example_local_kubernetes_executor.py
[2023-08-31T15:20:33.812+0000] {processor.py:839} INFO - DAG(s) dict_keys(['example_local_kubernetes_executor']) retrieved from /home/airflow/.local/lib/python3.8/site-packages/airflow/example_dags/example_local_kubernetes_executor.py
[2023-08-31T15:20:33.834+0000] {logging_mixin.py:151} INFO - [2023-08-31T15:20:33.833+0000] {dag.py:2907} INFO - Sync 1 DAGs
[2023-08-31T15:20:33.842+0000] {logging_mixin.py:151} INFO - [2023-08-31T15:20:33.842+0000] {dag.py:3677} INFO - Setting next_dagrun for example_local_kubernetes_executor to None, run_after=None
[2023-08-31T15:20:33.855+0000] {processor.py:179} INFO - Processing /home/airflow/.local/lib/python3.8/site-packages/airflow/example_dags/example_local_kubernetes_executor.py took 0.183 seconds
[2023-08-31T15:21:03.928+0000] {processor.py:157} INFO - Started process (PID=2397) to work on /home/airflow/.local/lib/python3.8/site-packages/airflow/example_dags/example_local_kubernetes_executor.py
[2023-08-31T15:21:03.931+0000] {processor.py:829} INFO - Processing file /home/airflow/.local/lib/python3.8/site-packages/airflow/example_dags/example_local_kubernetes_executor.py for tasks to queue
[2023-08-31T15:21:03.933+0000] {logging_mixin.py:151} INFO - [2023-08-31T15:21:03.933+0000] {dagbag.py:539} INFO - Filling up the DagBag from /home/airflow/.local/lib/python3.8/site-packages/airflow/example_dags/example_local_kubernetes_executor.py
[2023-08-31T15:21:04.064+0000] {processor.py:839} INFO - DAG(s) dict_keys(['example_local_kubernetes_executor']) retrieved from /home/airflow/.local/lib/python3.8/site-packages/airflow/example_dags/example_local_kubernetes_executor.py
[2023-08-31T15:21:04.085+0000] {logging_mixin.py:151} INFO - [2023-08-31T15:21:04.085+0000] {dag.py:2907} INFO - Sync 1 DAGs
[2023-08-31T15:21:04.093+0000] {logging_mixin.py:151} INFO - [2023-08-31T15:21:04.093+0000] {dag.py:3677} INFO - Setting next_dagrun for example_local_kubernetes_executor to None, run_after=None
[2023-08-31T15:21:04.103+0000] {processor.py:179} INFO - Processing /home/airflow/.local/lib/python3.8/site-packages/airflow/example_dags/example_local_kubernetes_executor.py took 0.181 seconds
[2023-08-31T15:21:34.261+0000] {processor.py:157} INFO - Started process (PID=2639) to work on /home/airflow/.local/lib/python3.8/site-packages/airflow/example_dags/example_local_kubernetes_executor.py
[2023-08-31T15:21:34.264+0000] {processor.py:829} INFO - Processing file /home/airflow/.local/lib/python3.8/site-packages/airflow/example_dags/example_local_kubernetes_executor.py for tasks to queue
[2023-08-31T15:21:34.266+0000] {logging_mixin.py:151} INFO - [2023-08-31T15:21:34.265+0000] {dagbag.py:539} INFO - Filling up the DagBag from /home/airflow/.local/lib/python3.8/site-packages/airflow/example_dags/example_local_kubernetes_executor.py
[2023-08-31T15:21:34.398+0000] {processor.py:839} INFO - DAG(s) dict_keys(['example_local_kubernetes_executor']) retrieved from /home/airflow/.local/lib/python3.8/site-packages/airflow/example_dags/example_local_kubernetes_executor.py
[2023-08-31T15:21:34.420+0000] {logging_mixin.py:151} INFO - [2023-08-31T15:21:34.419+0000] {dag.py:2907} INFO - Sync 1 DAGs
[2023-08-31T15:21:34.427+0000] {logging_mixin.py:151} INFO - [2023-08-31T15:21:34.427+0000] {dag.py:3677} INFO - Setting next_dagrun for example_local_kubernetes_executor to None, run_after=None
[2023-08-31T15:21:34.438+0000] {processor.py:179} INFO - Processing /home/airflow/.local/lib/python3.8/site-packages/airflow/example_dags/example_local_kubernetes_executor.py took 0.184 seconds
[2023-08-31T15:22:04.574+0000] {processor.py:157} INFO - Started process (PID=2879) to work on /home/airflow/.local/lib/python3.8/site-packages/airflow/example_dags/example_local_kubernetes_executor.py
[2023-08-31T15:22:04.577+0000] {processor.py:829} INFO - Processing file /home/airflow/.local/lib/python3.8/site-packages/airflow/example_dags/example_local_kubernetes_executor.py for tasks to queue
[2023-08-31T15:22:04.578+0000] {logging_mixin.py:151} INFO - [2023-08-31T15:22:04.578+0000] {dagbag.py:539} INFO - Filling up the DagBag from /home/airflow/.local/lib/python3.8/site-packages/airflow/example_dags/example_local_kubernetes_executor.py
[2023-08-31T15:22:04.705+0000] {processor.py:839} INFO - DAG(s) dict_keys(['example_local_kubernetes_executor']) retrieved from /home/airflow/.local/lib/python3.8/site-packages/airflow/example_dags/example_local_kubernetes_executor.py
[2023-08-31T15:22:04.727+0000] {logging_mixin.py:151} INFO - [2023-08-31T15:22:04.727+0000] {dag.py:2907} INFO - Sync 1 DAGs
[2023-08-31T15:22:04.737+0000] {logging_mixin.py:151} INFO - [2023-08-31T15:22:04.737+0000] {dag.py:3677} INFO - Setting next_dagrun for example_local_kubernetes_executor to None, run_after=None
[2023-08-31T15:22:04.748+0000] {processor.py:179} INFO - Processing /home/airflow/.local/lib/python3.8/site-packages/airflow/example_dags/example_local_kubernetes_executor.py took 0.179 seconds
[2023-08-31T15:22:34.906+0000] {processor.py:157} INFO - Started process (PID=3119) to work on /home/airflow/.local/lib/python3.8/site-packages/airflow/example_dags/example_local_kubernetes_executor.py
[2023-08-31T15:22:34.908+0000] {processor.py:829} INFO - Processing file /home/airflow/.local/lib/python3.8/site-packages/airflow/example_dags/example_local_kubernetes_executor.py for tasks to queue
[2023-08-31T15:22:34.909+0000] {logging_mixin.py:151} INFO - [2023-08-31T15:22:34.908+0000] {dagbag.py:539} INFO - Filling up the DagBag from /home/airflow/.local/lib/python3.8/site-packages/airflow/example_dags/example_local_kubernetes_executor.py
[2023-08-31T15:22:35.077+0000] {processor.py:839} INFO - DAG(s) dict_keys(['example_local_kubernetes_executor']) retrieved from /home/airflow/.local/lib/python3.8/site-packages/airflow/example_dags/example_local_kubernetes_executor.py
[2023-08-31T15:22:35.141+0000] {logging_mixin.py:151} INFO - [2023-08-31T15:22:35.141+0000] {dag.py:2907} INFO - Sync 1 DAGs
[2023-08-31T15:22:35.171+0000] {logging_mixin.py:151} INFO - [2023-08-31T15:22:35.171+0000] {dag.py:3677} INFO - Setting next_dagrun for example_local_kubernetes_executor to None, run_after=None
[2023-08-31T15:22:35.235+0000] {processor.py:179} INFO - Processing /home/airflow/.local/lib/python3.8/site-packages/airflow/example_dags/example_local_kubernetes_executor.py took 0.332 seconds
[2023-08-31T15:23:05.584+0000] {processor.py:157} INFO - Started process (PID=3361) to work on /home/airflow/.local/lib/python3.8/site-packages/airflow/example_dags/example_local_kubernetes_executor.py
[2023-08-31T15:23:05.586+0000] {processor.py:829} INFO - Processing file /home/airflow/.local/lib/python3.8/site-packages/airflow/example_dags/example_local_kubernetes_executor.py for tasks to queue
[2023-08-31T15:23:05.588+0000] {logging_mixin.py:151} INFO - [2023-08-31T15:23:05.587+0000] {dagbag.py:539} INFO - Filling up the DagBag from /home/airflow/.local/lib/python3.8/site-packages/airflow/example_dags/example_local_kubernetes_executor.py
[2023-08-31T15:23:05.739+0000] {processor.py:839} INFO - DAG(s) dict_keys(['example_local_kubernetes_executor']) retrieved from /home/airflow/.local/lib/python3.8/site-packages/airflow/example_dags/example_local_kubernetes_executor.py
[2023-08-31T15:23:05.764+0000] {logging_mixin.py:151} INFO - [2023-08-31T15:23:05.763+0000] {dag.py:2907} INFO - Sync 1 DAGs
[2023-08-31T15:23:05.772+0000] {logging_mixin.py:151} INFO - [2023-08-31T15:23:05.772+0000] {dag.py:3677} INFO - Setting next_dagrun for example_local_kubernetes_executor to None, run_after=None
[2023-08-31T15:23:05.784+0000] {processor.py:179} INFO - Processing /home/airflow/.local/lib/python3.8/site-packages/airflow/example_dags/example_local_kubernetes_executor.py took 0.204 seconds
[2023-08-31T15:23:36.118+0000] {processor.py:157} INFO - Started process (PID=3601) to work on /home/airflow/.local/lib/python3.8/site-packages/airflow/example_dags/example_local_kubernetes_executor.py
[2023-08-31T15:23:36.120+0000] {processor.py:829} INFO - Processing file /home/airflow/.local/lib/python3.8/site-packages/airflow/example_dags/example_local_kubernetes_executor.py for tasks to queue
[2023-08-31T15:23:36.122+0000] {logging_mixin.py:151} INFO - [2023-08-31T15:23:36.122+0000] {dagbag.py:539} INFO - Filling up the DagBag from /home/airflow/.local/lib/python3.8/site-packages/airflow/example_dags/example_local_kubernetes_executor.py
[2023-08-31T15:23:36.257+0000] {processor.py:839} INFO - DAG(s) dict_keys(['example_local_kubernetes_executor']) retrieved from /home/airflow/.local/lib/python3.8/site-packages/airflow/example_dags/example_local_kubernetes_executor.py
[2023-08-31T15:23:36.279+0000] {logging_mixin.py:151} INFO - [2023-08-31T15:23:36.279+0000] {dag.py:2907} INFO - Sync 1 DAGs
[2023-08-31T15:23:36.287+0000] {logging_mixin.py:151} INFO - [2023-08-31T15:23:36.287+0000] {dag.py:3677} INFO - Setting next_dagrun for example_local_kubernetes_executor to None, run_after=None
[2023-08-31T15:23:36.298+0000] {processor.py:179} INFO - Processing /home/airflow/.local/lib/python3.8/site-packages/airflow/example_dags/example_local_kubernetes_executor.py took 0.186 seconds
[2023-08-31T15:24:06.455+0000] {processor.py:157} INFO - Started process (PID=3843) to work on /home/airflow/.local/lib/python3.8/site-packages/airflow/example_dags/example_local_kubernetes_executor.py
[2023-08-31T15:24:06.458+0000] {processor.py:829} INFO - Processing file /home/airflow/.local/lib/python3.8/site-packages/airflow/example_dags/example_local_kubernetes_executor.py for tasks to queue
[2023-08-31T15:24:06.461+0000] {logging_mixin.py:151} INFO - [2023-08-31T15:24:06.460+0000] {dagbag.py:539} INFO - Filling up the DagBag from /home/airflow/.local/lib/python3.8/site-packages/airflow/example_dags/example_local_kubernetes_executor.py
[2023-08-31T15:24:06.593+0000] {processor.py:839} INFO - DAG(s) dict_keys(['example_local_kubernetes_executor']) retrieved from /home/airflow/.local/lib/python3.8/site-packages/airflow/example_dags/example_local_kubernetes_executor.py
[2023-08-31T15:24:06.616+0000] {logging_mixin.py:151} INFO - [2023-08-31T15:24:06.615+0000] {dag.py:2907} INFO - Sync 1 DAGs
[2023-08-31T15:24:06.624+0000] {logging_mixin.py:151} INFO - [2023-08-31T15:24:06.624+0000] {dag.py:3677} INFO - Setting next_dagrun for example_local_kubernetes_executor to None, run_after=None
[2023-08-31T15:24:06.635+0000] {processor.py:179} INFO - Processing /home/airflow/.local/lib/python3.8/site-packages/airflow/example_dags/example_local_kubernetes_executor.py took 0.188 seconds
[2023-08-31T15:24:36.762+0000] {processor.py:157} INFO - Started process (PID=4083) to work on /home/airflow/.local/lib/python3.8/site-packages/airflow/example_dags/example_local_kubernetes_executor.py
[2023-08-31T15:24:36.765+0000] {processor.py:829} INFO - Processing file /home/airflow/.local/lib/python3.8/site-packages/airflow/example_dags/example_local_kubernetes_executor.py for tasks to queue
[2023-08-31T15:24:36.767+0000] {logging_mixin.py:151} INFO - [2023-08-31T15:24:36.767+0000] {dagbag.py:539} INFO - Filling up the DagBag from /home/airflow/.local/lib/python3.8/site-packages/airflow/example_dags/example_local_kubernetes_executor.py
[2023-08-31T15:24:36.903+0000] {processor.py:839} INFO - DAG(s) dict_keys(['example_local_kubernetes_executor']) retrieved from /home/airflow/.local/lib/python3.8/site-packages/airflow/example_dags/example_local_kubernetes_executor.py
[2023-08-31T15:24:36.925+0000] {logging_mixin.py:151} INFO - [2023-08-31T15:24:36.925+0000] {dag.py:2907} INFO - Sync 1 DAGs
[2023-08-31T15:24:36.933+0000] {logging_mixin.py:151} INFO - [2023-08-31T15:24:36.933+0000] {dag.py:3677} INFO - Setting next_dagrun for example_local_kubernetes_executor to None, run_after=None
[2023-08-31T15:24:36.945+0000] {processor.py:179} INFO - Processing /home/airflow/.local/lib/python3.8/site-packages/airflow/example_dags/example_local_kubernetes_executor.py took 0.188 seconds
[2023-08-31T15:25:07.070+0000] {processor.py:157} INFO - Started process (PID=4323) to work on /home/airflow/.local/lib/python3.8/site-packages/airflow/example_dags/example_local_kubernetes_executor.py
[2023-08-31T15:25:07.073+0000] {processor.py:829} INFO - Processing file /home/airflow/.local/lib/python3.8/site-packages/airflow/example_dags/example_local_kubernetes_executor.py for tasks to queue
[2023-08-31T15:25:07.075+0000] {logging_mixin.py:151} INFO - [2023-08-31T15:25:07.074+0000] {dagbag.py:539} INFO - Filling up the DagBag from /home/airflow/.local/lib/python3.8/site-packages/airflow/example_dags/example_local_kubernetes_executor.py
[2023-08-31T15:25:07.206+0000] {processor.py:839} INFO - DAG(s) dict_keys(['example_local_kubernetes_executor']) retrieved from /home/airflow/.local/lib/python3.8/site-packages/airflow/example_dags/example_local_kubernetes_executor.py
[2023-08-31T15:25:07.229+0000] {logging_mixin.py:151} INFO - [2023-08-31T15:25:07.229+0000] {dag.py:2907} INFO - Sync 1 DAGs
[2023-08-31T15:25:07.237+0000] {logging_mixin.py:151} INFO - [2023-08-31T15:25:07.237+0000] {dag.py:3677} INFO - Setting next_dagrun for example_local_kubernetes_executor to None, run_after=None
[2023-08-31T15:25:07.248+0000] {processor.py:179} INFO - Processing /home/airflow/.local/lib/python3.8/site-packages/airflow/example_dags/example_local_kubernetes_executor.py took 0.183 seconds
[2023-08-31T15:25:37.336+0000] {processor.py:157} INFO - Started process (PID=4562) to work on /home/airflow/.local/lib/python3.8/site-packages/airflow/example_dags/example_local_kubernetes_executor.py
[2023-08-31T15:25:37.338+0000] {processor.py:829} INFO - Processing file /home/airflow/.local/lib/python3.8/site-packages/airflow/example_dags/example_local_kubernetes_executor.py for tasks to queue
[2023-08-31T15:25:37.339+0000] {logging_mixin.py:151} INFO - [2023-08-31T15:25:37.339+0000] {dagbag.py:539} INFO - Filling up the DagBag from /home/airflow/.local/lib/python3.8/site-packages/airflow/example_dags/example_local_kubernetes_executor.py
[2023-08-31T15:25:37.476+0000] {processor.py:839} INFO - DAG(s) dict_keys(['example_local_kubernetes_executor']) retrieved from /home/airflow/.local/lib/python3.8/site-packages/airflow/example_dags/example_local_kubernetes_executor.py
[2023-08-31T15:25:37.498+0000] {logging_mixin.py:151} INFO - [2023-08-31T15:25:37.498+0000] {dag.py:2907} INFO - Sync 1 DAGs
[2023-08-31T15:25:37.507+0000] {logging_mixin.py:151} INFO - [2023-08-31T15:25:37.507+0000] {dag.py:3677} INFO - Setting next_dagrun for example_local_kubernetes_executor to None, run_after=None
[2023-08-31T15:25:37.518+0000] {processor.py:179} INFO - Processing /home/airflow/.local/lib/python3.8/site-packages/airflow/example_dags/example_local_kubernetes_executor.py took 0.191 seconds
[2023-08-31T15:26:07.633+0000] {processor.py:157} INFO - Started process (PID=4803) to work on /home/airflow/.local/lib/python3.8/site-packages/airflow/example_dags/example_local_kubernetes_executor.py
[2023-08-31T15:26:07.636+0000] {processor.py:829} INFO - Processing file /home/airflow/.local/lib/python3.8/site-packages/airflow/example_dags/example_local_kubernetes_executor.py for tasks to queue
[2023-08-31T15:26:07.638+0000] {logging_mixin.py:151} INFO - [2023-08-31T15:26:07.637+0000] {dagbag.py:539} INFO - Filling up the DagBag from /home/airflow/.local/lib/python3.8/site-packages/airflow/example_dags/example_local_kubernetes_executor.py
[2023-08-31T15:26:07.769+0000] {processor.py:839} INFO - DAG(s) dict_keys(['example_local_kubernetes_executor']) retrieved from /home/airflow/.local/lib/python3.8/site-packages/airflow/example_dags/example_local_kubernetes_executor.py
[2023-08-31T15:26:07.790+0000] {logging_mixin.py:151} INFO - [2023-08-31T15:26:07.790+0000] {dag.py:2907} INFO - Sync 1 DAGs
[2023-08-31T15:26:07.798+0000] {logging_mixin.py:151} INFO - [2023-08-31T15:26:07.798+0000] {dag.py:3677} INFO - Setting next_dagrun for example_local_kubernetes_executor to None, run_after=None
[2023-08-31T15:26:07.809+0000] {processor.py:179} INFO - Processing /home/airflow/.local/lib/python3.8/site-packages/airflow/example_dags/example_local_kubernetes_executor.py took 0.182 seconds
[2023-08-31T15:26:37.959+0000] {processor.py:157} INFO - Started process (PID=5042) to work on /home/airflow/.local/lib/python3.8/site-packages/airflow/example_dags/example_local_kubernetes_executor.py
[2023-08-31T15:26:37.961+0000] {processor.py:829} INFO - Processing file /home/airflow/.local/lib/python3.8/site-packages/airflow/example_dags/example_local_kubernetes_executor.py for tasks to queue
[2023-08-31T15:26:37.964+0000] {logging_mixin.py:151} INFO - [2023-08-31T15:26:37.964+0000] {dagbag.py:539} INFO - Filling up the DagBag from /home/airflow/.local/lib/python3.8/site-packages/airflow/example_dags/example_local_kubernetes_executor.py
[2023-08-31T15:26:38.099+0000] {processor.py:839} INFO - DAG(s) dict_keys(['example_local_kubernetes_executor']) retrieved from /home/airflow/.local/lib/python3.8/site-packages/airflow/example_dags/example_local_kubernetes_executor.py
[2023-08-31T15:26:38.122+0000] {logging_mixin.py:151} INFO - [2023-08-31T15:26:38.121+0000] {dag.py:2907} INFO - Sync 1 DAGs
[2023-08-31T15:26:38.130+0000] {logging_mixin.py:151} INFO - [2023-08-31T15:26:38.130+0000] {dag.py:3677} INFO - Setting next_dagrun for example_local_kubernetes_executor to None, run_after=None
[2023-08-31T15:26:38.140+0000] {processor.py:179} INFO - Processing /home/airflow/.local/lib/python3.8/site-packages/airflow/example_dags/example_local_kubernetes_executor.py took 0.187 seconds
[2023-08-31T15:27:08.238+0000] {processor.py:157} INFO - Started process (PID=5281) to work on /home/airflow/.local/lib/python3.8/site-packages/airflow/example_dags/example_local_kubernetes_executor.py
[2023-08-31T15:27:08.240+0000] {processor.py:829} INFO - Processing file /home/airflow/.local/lib/python3.8/site-packages/airflow/example_dags/example_local_kubernetes_executor.py for tasks to queue
[2023-08-31T15:27:08.243+0000] {logging_mixin.py:151} INFO - [2023-08-31T15:27:08.242+0000] {dagbag.py:539} INFO - Filling up the DagBag from /home/airflow/.local/lib/python3.8/site-packages/airflow/example_dags/example_local_kubernetes_executor.py
[2023-08-31T15:27:08.378+0000] {processor.py:839} INFO - DAG(s) dict_keys(['example_local_kubernetes_executor']) retrieved from /home/airflow/.local/lib/python3.8/site-packages/airflow/example_dags/example_local_kubernetes_executor.py
[2023-08-31T15:27:08.398+0000] {logging_mixin.py:151} INFO - [2023-08-31T15:27:08.398+0000] {dag.py:2907} INFO - Sync 1 DAGs
[2023-08-31T15:27:08.408+0000] {logging_mixin.py:151} INFO - [2023-08-31T15:27:08.408+0000] {dag.py:3677} INFO - Setting next_dagrun for example_local_kubernetes_executor to None, run_after=None
[2023-08-31T15:27:08.419+0000] {processor.py:179} INFO - Processing /home/airflow/.local/lib/python3.8/site-packages/airflow/example_dags/example_local_kubernetes_executor.py took 0.187 seconds
[2023-08-31T15:27:38.678+0000] {processor.py:157} INFO - Started process (PID=5521) to work on /home/airflow/.local/lib/python3.8/site-packages/airflow/example_dags/example_local_kubernetes_executor.py
[2023-08-31T15:27:38.682+0000] {processor.py:829} INFO - Processing file /home/airflow/.local/lib/python3.8/site-packages/airflow/example_dags/example_local_kubernetes_executor.py for tasks to queue
[2023-08-31T15:27:38.684+0000] {logging_mixin.py:151} INFO - [2023-08-31T15:27:38.683+0000] {dagbag.py:539} INFO - Filling up the DagBag from /home/airflow/.local/lib/python3.8/site-packages/airflow/example_dags/example_local_kubernetes_executor.py
[2023-08-31T15:27:38.818+0000] {processor.py:839} INFO - DAG(s) dict_keys(['example_local_kubernetes_executor']) retrieved from /home/airflow/.local/lib/python3.8/site-packages/airflow/example_dags/example_local_kubernetes_executor.py
[2023-08-31T15:27:38.842+0000] {logging_mixin.py:151} INFO - [2023-08-31T15:27:38.841+0000] {dag.py:2907} INFO - Sync 1 DAGs
[2023-08-31T15:27:38.852+0000] {logging_mixin.py:151} INFO - [2023-08-31T15:27:38.852+0000] {dag.py:3677} INFO - Setting next_dagrun for example_local_kubernetes_executor to None, run_after=None
[2023-08-31T15:27:38.863+0000] {processor.py:179} INFO - Processing /home/airflow/.local/lib/python3.8/site-packages/airflow/example_dags/example_local_kubernetes_executor.py took 0.192 seconds
[2023-08-31T15:28:08.978+0000] {processor.py:157} INFO - Started process (PID=5761) to work on /home/airflow/.local/lib/python3.8/site-packages/airflow/example_dags/example_local_kubernetes_executor.py
[2023-08-31T15:28:08.980+0000] {processor.py:829} INFO - Processing file /home/airflow/.local/lib/python3.8/site-packages/airflow/example_dags/example_local_kubernetes_executor.py for tasks to queue
[2023-08-31T15:28:08.983+0000] {logging_mixin.py:151} INFO - [2023-08-31T15:28:08.983+0000] {dagbag.py:539} INFO - Filling up the DagBag from /home/airflow/.local/lib/python3.8/site-packages/airflow/example_dags/example_local_kubernetes_executor.py
[2023-08-31T15:28:09.129+0000] {processor.py:839} INFO - DAG(s) dict_keys(['example_local_kubernetes_executor']) retrieved from /home/airflow/.local/lib/python3.8/site-packages/airflow/example_dags/example_local_kubernetes_executor.py
[2023-08-31T15:28:09.150+0000] {logging_mixin.py:151} INFO - [2023-08-31T15:28:09.149+0000] {dag.py:2907} INFO - Sync 1 DAGs
[2023-08-31T15:28:09.158+0000] {logging_mixin.py:151} INFO - [2023-08-31T15:28:09.157+0000] {dag.py:3677} INFO - Setting next_dagrun for example_local_kubernetes_executor to None, run_after=None
[2023-08-31T15:28:09.169+0000] {processor.py:179} INFO - Processing /home/airflow/.local/lib/python3.8/site-packages/airflow/example_dags/example_local_kubernetes_executor.py took 0.196 seconds
[2023-08-31T15:28:39.338+0000] {processor.py:157} INFO - Started process (PID=6002) to work on /home/airflow/.local/lib/python3.8/site-packages/airflow/example_dags/example_local_kubernetes_executor.py
[2023-08-31T15:28:39.340+0000] {processor.py:829} INFO - Processing file /home/airflow/.local/lib/python3.8/site-packages/airflow/example_dags/example_local_kubernetes_executor.py for tasks to queue
[2023-08-31T15:28:39.341+0000] {logging_mixin.py:151} INFO - [2023-08-31T15:28:39.341+0000] {dagbag.py:539} INFO - Filling up the DagBag from /home/airflow/.local/lib/python3.8/site-packages/airflow/example_dags/example_local_kubernetes_executor.py
[2023-08-31T15:28:39.483+0000] {processor.py:839} INFO - DAG(s) dict_keys(['example_local_kubernetes_executor']) retrieved from /home/airflow/.local/lib/python3.8/site-packages/airflow/example_dags/example_local_kubernetes_executor.py
[2023-08-31T15:28:39.506+0000] {logging_mixin.py:151} INFO - [2023-08-31T15:28:39.505+0000] {dag.py:2907} INFO - Sync 1 DAGs
[2023-08-31T15:28:39.513+0000] {logging_mixin.py:151} INFO - [2023-08-31T15:28:39.513+0000] {dag.py:3677} INFO - Setting next_dagrun for example_local_kubernetes_executor to None, run_after=None
[2023-08-31T15:28:39.525+0000] {processor.py:179} INFO - Processing /home/airflow/.local/lib/python3.8/site-packages/airflow/example_dags/example_local_kubernetes_executor.py took 0.192 seconds
[2023-08-31T15:29:09.650+0000] {processor.py:157} INFO - Started process (PID=6244) to work on /home/airflow/.local/lib/python3.8/site-packages/airflow/example_dags/example_local_kubernetes_executor.py
[2023-08-31T15:29:09.654+0000] {processor.py:829} INFO - Processing file /home/airflow/.local/lib/python3.8/site-packages/airflow/example_dags/example_local_kubernetes_executor.py for tasks to queue
[2023-08-31T15:29:09.655+0000] {logging_mixin.py:151} INFO - [2023-08-31T15:29:09.655+0000] {dagbag.py:539} INFO - Filling up the DagBag from /home/airflow/.local/lib/python3.8/site-packages/airflow/example_dags/example_local_kubernetes_executor.py
[2023-08-31T15:29:09.794+0000] {processor.py:839} INFO - DAG(s) dict_keys(['example_local_kubernetes_executor']) retrieved from /home/airflow/.local/lib/python3.8/site-packages/airflow/example_dags/example_local_kubernetes_executor.py
[2023-08-31T15:29:09.818+0000] {logging_mixin.py:151} INFO - [2023-08-31T15:29:09.818+0000] {dag.py:2907} INFO - Sync 1 DAGs
[2023-08-31T15:29:09.826+0000] {logging_mixin.py:151} INFO - [2023-08-31T15:29:09.825+0000] {dag.py:3677} INFO - Setting next_dagrun for example_local_kubernetes_executor to None, run_after=None
[2023-08-31T15:29:09.836+0000] {processor.py:179} INFO - Processing /home/airflow/.local/lib/python3.8/site-packages/airflow/example_dags/example_local_kubernetes_executor.py took 0.190 seconds
[2023-08-31T15:29:40.034+0000] {processor.py:157} INFO - Started process (PID=6484) to work on /home/airflow/.local/lib/python3.8/site-packages/airflow/example_dags/example_local_kubernetes_executor.py
[2023-08-31T15:29:40.036+0000] {processor.py:829} INFO - Processing file /home/airflow/.local/lib/python3.8/site-packages/airflow/example_dags/example_local_kubernetes_executor.py for tasks to queue
[2023-08-31T15:29:40.037+0000] {logging_mixin.py:151} INFO - [2023-08-31T15:29:40.037+0000] {dagbag.py:539} INFO - Filling up the DagBag from /home/airflow/.local/lib/python3.8/site-packages/airflow/example_dags/example_local_kubernetes_executor.py
[2023-08-31T15:29:40.163+0000] {processor.py:839} INFO - DAG(s) dict_keys(['example_local_kubernetes_executor']) retrieved from /home/airflow/.local/lib/python3.8/site-packages/airflow/example_dags/example_local_kubernetes_executor.py
[2023-08-31T15:29:40.184+0000] {logging_mixin.py:151} INFO - [2023-08-31T15:29:40.183+0000] {dag.py:2907} INFO - Sync 1 DAGs
[2023-08-31T15:29:40.193+0000] {logging_mixin.py:151} INFO - [2023-08-31T15:29:40.192+0000] {dag.py:3677} INFO - Setting next_dagrun for example_local_kubernetes_executor to None, run_after=None
[2023-08-31T15:29:40.205+0000] {processor.py:179} INFO - Processing /home/airflow/.local/lib/python3.8/site-packages/airflow/example_dags/example_local_kubernetes_executor.py took 0.173 seconds
[2023-08-31T15:30:10.249+0000] {processor.py:157} INFO - Started process (PID=6724) to work on /home/airflow/.local/lib/python3.8/site-packages/airflow/example_dags/example_local_kubernetes_executor.py
[2023-08-31T15:30:10.250+0000] {processor.py:829} INFO - Processing file /home/airflow/.local/lib/python3.8/site-packages/airflow/example_dags/example_local_kubernetes_executor.py for tasks to queue
[2023-08-31T15:30:10.252+0000] {logging_mixin.py:151} INFO - [2023-08-31T15:30:10.252+0000] {dagbag.py:539} INFO - Filling up the DagBag from /home/airflow/.local/lib/python3.8/site-packages/airflow/example_dags/example_local_kubernetes_executor.py
[2023-08-31T15:30:10.376+0000] {processor.py:839} INFO - DAG(s) dict_keys(['example_local_kubernetes_executor']) retrieved from /home/airflow/.local/lib/python3.8/site-packages/airflow/example_dags/example_local_kubernetes_executor.py
[2023-08-31T15:30:10.398+0000] {logging_mixin.py:151} INFO - [2023-08-31T15:30:10.397+0000] {dag.py:2907} INFO - Sync 1 DAGs
[2023-08-31T15:30:10.405+0000] {logging_mixin.py:151} INFO - [2023-08-31T15:30:10.405+0000] {dag.py:3677} INFO - Setting next_dagrun for example_local_kubernetes_executor to None, run_after=None
[2023-08-31T15:30:10.417+0000] {processor.py:179} INFO - Processing /home/airflow/.local/lib/python3.8/site-packages/airflow/example_dags/example_local_kubernetes_executor.py took 0.173 seconds
[2023-08-31T15:30:40.488+0000] {processor.py:157} INFO - Started process (PID=6965) to work on /home/airflow/.local/lib/python3.8/site-packages/airflow/example_dags/example_local_kubernetes_executor.py
[2023-08-31T15:30:40.492+0000] {processor.py:829} INFO - Processing file /home/airflow/.local/lib/python3.8/site-packages/airflow/example_dags/example_local_kubernetes_executor.py for tasks to queue
[2023-08-31T15:30:40.494+0000] {logging_mixin.py:151} INFO - [2023-08-31T15:30:40.494+0000] {dagbag.py:539} INFO - Filling up the DagBag from /home/airflow/.local/lib/python3.8/site-packages/airflow/example_dags/example_local_kubernetes_executor.py
[2023-08-31T15:30:40.620+0000] {processor.py:839} INFO - DAG(s) dict_keys(['example_local_kubernetes_executor']) retrieved from /home/airflow/.local/lib/python3.8/site-packages/airflow/example_dags/example_local_kubernetes_executor.py
[2023-08-31T15:30:40.642+0000] {logging_mixin.py:151} INFO - [2023-08-31T15:30:40.642+0000] {dag.py:2907} INFO - Sync 1 DAGs
[2023-08-31T15:30:40.650+0000] {logging_mixin.py:151} INFO - [2023-08-31T15:30:40.650+0000] {dag.py:3677} INFO - Setting next_dagrun for example_local_kubernetes_executor to None, run_after=None
[2023-08-31T15:30:40.661+0000] {processor.py:179} INFO - Processing /home/airflow/.local/lib/python3.8/site-packages/airflow/example_dags/example_local_kubernetes_executor.py took 0.177 seconds
[2023-08-31T15:31:10.899+0000] {processor.py:157} INFO - Started process (PID=7204) to work on /home/airflow/.local/lib/python3.8/site-packages/airflow/example_dags/example_local_kubernetes_executor.py
[2023-08-31T15:31:10.900+0000] {processor.py:829} INFO - Processing file /home/airflow/.local/lib/python3.8/site-packages/airflow/example_dags/example_local_kubernetes_executor.py for tasks to queue
[2023-08-31T15:31:10.904+0000] {logging_mixin.py:151} INFO - [2023-08-31T15:31:10.904+0000] {dagbag.py:539} INFO - Filling up the DagBag from /home/airflow/.local/lib/python3.8/site-packages/airflow/example_dags/example_local_kubernetes_executor.py
[2023-08-31T15:31:11.026+0000] {processor.py:839} INFO - DAG(s) dict_keys(['example_local_kubernetes_executor']) retrieved from /home/airflow/.local/lib/python3.8/site-packages/airflow/example_dags/example_local_kubernetes_executor.py
[2023-08-31T15:31:11.047+0000] {logging_mixin.py:151} INFO - [2023-08-31T15:31:11.046+0000] {dag.py:2907} INFO - Sync 1 DAGs
[2023-08-31T15:31:11.055+0000] {logging_mixin.py:151} INFO - [2023-08-31T15:31:11.055+0000] {dag.py:3677} INFO - Setting next_dagrun for example_local_kubernetes_executor to None, run_after=None
[2023-08-31T15:31:11.065+0000] {processor.py:179} INFO - Processing /home/airflow/.local/lib/python3.8/site-packages/airflow/example_dags/example_local_kubernetes_executor.py took 0.169 seconds
[2023-08-31T15:31:41.349+0000] {processor.py:157} INFO - Started process (PID=7443) to work on /home/airflow/.local/lib/python3.8/site-packages/airflow/example_dags/example_local_kubernetes_executor.py
[2023-08-31T15:31:41.353+0000] {processor.py:829} INFO - Processing file /home/airflow/.local/lib/python3.8/site-packages/airflow/example_dags/example_local_kubernetes_executor.py for tasks to queue
[2023-08-31T15:31:41.358+0000] {logging_mixin.py:151} INFO - [2023-08-31T15:31:41.357+0000] {dagbag.py:539} INFO - Filling up the DagBag from /home/airflow/.local/lib/python3.8/site-packages/airflow/example_dags/example_local_kubernetes_executor.py
[2023-08-31T15:31:41.486+0000] {processor.py:839} INFO - DAG(s) dict_keys(['example_local_kubernetes_executor']) retrieved from /home/airflow/.local/lib/python3.8/site-packages/airflow/example_dags/example_local_kubernetes_executor.py
[2023-08-31T15:31:41.509+0000] {logging_mixin.py:151} INFO - [2023-08-31T15:31:41.508+0000] {dag.py:2907} INFO - Sync 1 DAGs
[2023-08-31T15:31:41.517+0000] {logging_mixin.py:151} INFO - [2023-08-31T15:31:41.517+0000] {dag.py:3677} INFO - Setting next_dagrun for example_local_kubernetes_executor to None, run_after=None
[2023-08-31T15:31:41.528+0000] {processor.py:179} INFO - Processing /home/airflow/.local/lib/python3.8/site-packages/airflow/example_dags/example_local_kubernetes_executor.py took 0.182 seconds
[2023-08-31T15:32:11.736+0000] {processor.py:157} INFO - Started process (PID=7682) to work on /home/airflow/.local/lib/python3.8/site-packages/airflow/example_dags/example_local_kubernetes_executor.py
[2023-08-31T15:32:11.739+0000] {processor.py:829} INFO - Processing file /home/airflow/.local/lib/python3.8/site-packages/airflow/example_dags/example_local_kubernetes_executor.py for tasks to queue
[2023-08-31T15:32:11.741+0000] {logging_mixin.py:151} INFO - [2023-08-31T15:32:11.741+0000] {dagbag.py:539} INFO - Filling up the DagBag from /home/airflow/.local/lib/python3.8/site-packages/airflow/example_dags/example_local_kubernetes_executor.py
[2023-08-31T15:32:11.874+0000] {processor.py:839} INFO - DAG(s) dict_keys(['example_local_kubernetes_executor']) retrieved from /home/airflow/.local/lib/python3.8/site-packages/airflow/example_dags/example_local_kubernetes_executor.py
[2023-08-31T15:32:11.896+0000] {logging_mixin.py:151} INFO - [2023-08-31T15:32:11.896+0000] {dag.py:2907} INFO - Sync 1 DAGs
[2023-08-31T15:32:11.904+0000] {logging_mixin.py:151} INFO - [2023-08-31T15:32:11.904+0000] {dag.py:3677} INFO - Setting next_dagrun for example_local_kubernetes_executor to None, run_after=None
[2023-08-31T15:32:11.915+0000] {processor.py:179} INFO - Processing /home/airflow/.local/lib/python3.8/site-packages/airflow/example_dags/example_local_kubernetes_executor.py took 0.184 seconds
[2023-08-31T15:32:42.124+0000] {processor.py:157} INFO - Started process (PID=7922) to work on /home/airflow/.local/lib/python3.8/site-packages/airflow/example_dags/example_local_kubernetes_executor.py
[2023-08-31T15:32:42.127+0000] {processor.py:829} INFO - Processing file /home/airflow/.local/lib/python3.8/site-packages/airflow/example_dags/example_local_kubernetes_executor.py for tasks to queue
[2023-08-31T15:32:42.129+0000] {logging_mixin.py:151} INFO - [2023-08-31T15:32:42.129+0000] {dagbag.py:539} INFO - Filling up the DagBag from /home/airflow/.local/lib/python3.8/site-packages/airflow/example_dags/example_local_kubernetes_executor.py
[2023-08-31T15:32:42.266+0000] {processor.py:839} INFO - DAG(s) dict_keys(['example_local_kubernetes_executor']) retrieved from /home/airflow/.local/lib/python3.8/site-packages/airflow/example_dags/example_local_kubernetes_executor.py
[2023-08-31T15:32:42.288+0000] {logging_mixin.py:151} INFO - [2023-08-31T15:32:42.288+0000] {dag.py:2907} INFO - Sync 1 DAGs
[2023-08-31T15:32:42.297+0000] {logging_mixin.py:151} INFO - [2023-08-31T15:32:42.297+0000] {dag.py:3677} INFO - Setting next_dagrun for example_local_kubernetes_executor to None, run_after=None
[2023-08-31T15:32:42.308+0000] {processor.py:179} INFO - Processing /home/airflow/.local/lib/python3.8/site-packages/airflow/example_dags/example_local_kubernetes_executor.py took 0.189 seconds
[2023-08-31T15:33:12.581+0000] {processor.py:157} INFO - Started process (PID=8161) to work on /home/airflow/.local/lib/python3.8/site-packages/airflow/example_dags/example_local_kubernetes_executor.py
[2023-08-31T15:33:12.584+0000] {processor.py:829} INFO - Processing file /home/airflow/.local/lib/python3.8/site-packages/airflow/example_dags/example_local_kubernetes_executor.py for tasks to queue
[2023-08-31T15:33:12.587+0000] {logging_mixin.py:151} INFO - [2023-08-31T15:33:12.586+0000] {dagbag.py:539} INFO - Filling up the DagBag from /home/airflow/.local/lib/python3.8/site-packages/airflow/example_dags/example_local_kubernetes_executor.py
[2023-08-31T15:33:12.723+0000] {processor.py:839} INFO - DAG(s) dict_keys(['example_local_kubernetes_executor']) retrieved from /home/airflow/.local/lib/python3.8/site-packages/airflow/example_dags/example_local_kubernetes_executor.py
[2023-08-31T15:33:12.745+0000] {logging_mixin.py:151} INFO - [2023-08-31T15:33:12.744+0000] {dag.py:2907} INFO - Sync 1 DAGs
[2023-08-31T15:33:12.754+0000] {logging_mixin.py:151} INFO - [2023-08-31T15:33:12.754+0000] {dag.py:3677} INFO - Setting next_dagrun for example_local_kubernetes_executor to None, run_after=None
[2023-08-31T15:33:12.769+0000] {processor.py:179} INFO - Processing /home/airflow/.local/lib/python3.8/site-packages/airflow/example_dags/example_local_kubernetes_executor.py took 0.193 seconds
[2023-08-31T15:33:42.951+0000] {processor.py:157} INFO - Started process (PID=8401) to work on /home/airflow/.local/lib/python3.8/site-packages/airflow/example_dags/example_local_kubernetes_executor.py
[2023-08-31T15:33:42.955+0000] {processor.py:829} INFO - Processing file /home/airflow/.local/lib/python3.8/site-packages/airflow/example_dags/example_local_kubernetes_executor.py for tasks to queue
[2023-08-31T15:33:42.957+0000] {logging_mixin.py:151} INFO - [2023-08-31T15:33:42.957+0000] {dagbag.py:539} INFO - Filling up the DagBag from /home/airflow/.local/lib/python3.8/site-packages/airflow/example_dags/example_local_kubernetes_executor.py
[2023-08-31T15:33:43.124+0000] {processor.py:839} INFO - DAG(s) dict_keys(['example_local_kubernetes_executor']) retrieved from /home/airflow/.local/lib/python3.8/site-packages/airflow/example_dags/example_local_kubernetes_executor.py
[2023-08-31T15:33:43.147+0000] {logging_mixin.py:151} INFO - [2023-08-31T15:33:43.146+0000] {dag.py:2907} INFO - Sync 1 DAGs
[2023-08-31T15:33:43.157+0000] {logging_mixin.py:151} INFO - [2023-08-31T15:33:43.156+0000] {dag.py:3677} INFO - Setting next_dagrun for example_local_kubernetes_executor to None, run_after=None
[2023-08-31T15:33:43.169+0000] {processor.py:179} INFO - Processing /home/airflow/.local/lib/python3.8/site-packages/airflow/example_dags/example_local_kubernetes_executor.py took 0.224 seconds
[2023-08-31T15:34:13.554+0000] {processor.py:157} INFO - Started process (PID=8642) to work on /home/airflow/.local/lib/python3.8/site-packages/airflow/example_dags/example_local_kubernetes_executor.py
[2023-08-31T15:34:13.559+0000] {processor.py:829} INFO - Processing file /home/airflow/.local/lib/python3.8/site-packages/airflow/example_dags/example_local_kubernetes_executor.py for tasks to queue
[2023-08-31T15:34:13.562+0000] {logging_mixin.py:151} INFO - [2023-08-31T15:34:13.561+0000] {dagbag.py:539} INFO - Filling up the DagBag from /home/airflow/.local/lib/python3.8/site-packages/airflow/example_dags/example_local_kubernetes_executor.py
[2023-08-31T15:34:13.701+0000] {processor.py:839} INFO - DAG(s) dict_keys(['example_local_kubernetes_executor']) retrieved from /home/airflow/.local/lib/python3.8/site-packages/airflow/example_dags/example_local_kubernetes_executor.py
[2023-08-31T15:34:13.722+0000] {logging_mixin.py:151} INFO - [2023-08-31T15:34:13.722+0000] {dag.py:2907} INFO - Sync 1 DAGs
[2023-08-31T15:34:13.730+0000] {logging_mixin.py:151} INFO - [2023-08-31T15:34:13.730+0000] {dag.py:3677} INFO - Setting next_dagrun for example_local_kubernetes_executor to None, run_after=None
[2023-08-31T15:34:13.741+0000] {processor.py:179} INFO - Processing /home/airflow/.local/lib/python3.8/site-packages/airflow/example_dags/example_local_kubernetes_executor.py took 0.192 seconds
[2023-08-31T15:34:43.969+0000] {processor.py:157} INFO - Started process (PID=8882) to work on /home/airflow/.local/lib/python3.8/site-packages/airflow/example_dags/example_local_kubernetes_executor.py
[2023-08-31T15:34:43.972+0000] {processor.py:829} INFO - Processing file /home/airflow/.local/lib/python3.8/site-packages/airflow/example_dags/example_local_kubernetes_executor.py for tasks to queue
[2023-08-31T15:34:43.974+0000] {logging_mixin.py:151} INFO - [2023-08-31T15:34:43.974+0000] {dagbag.py:539} INFO - Filling up the DagBag from /home/airflow/.local/lib/python3.8/site-packages/airflow/example_dags/example_local_kubernetes_executor.py
[2023-08-31T15:34:44.109+0000] {processor.py:839} INFO - DAG(s) dict_keys(['example_local_kubernetes_executor']) retrieved from /home/airflow/.local/lib/python3.8/site-packages/airflow/example_dags/example_local_kubernetes_executor.py
[2023-08-31T15:34:44.131+0000] {logging_mixin.py:151} INFO - [2023-08-31T15:34:44.131+0000] {dag.py:2907} INFO - Sync 1 DAGs
[2023-08-31T15:34:44.139+0000] {logging_mixin.py:151} INFO - [2023-08-31T15:34:44.139+0000] {dag.py:3677} INFO - Setting next_dagrun for example_local_kubernetes_executor to None, run_after=None
[2023-08-31T15:34:44.150+0000] {processor.py:179} INFO - Processing /home/airflow/.local/lib/python3.8/site-packages/airflow/example_dags/example_local_kubernetes_executor.py took 0.186 seconds
[2023-08-31T15:35:14.352+0000] {processor.py:157} INFO - Started process (PID=9124) to work on /home/airflow/.local/lib/python3.8/site-packages/airflow/example_dags/example_local_kubernetes_executor.py
[2023-08-31T15:35:14.354+0000] {processor.py:829} INFO - Processing file /home/airflow/.local/lib/python3.8/site-packages/airflow/example_dags/example_local_kubernetes_executor.py for tasks to queue
[2023-08-31T15:35:14.357+0000] {logging_mixin.py:151} INFO - [2023-08-31T15:35:14.356+0000] {dagbag.py:539} INFO - Filling up the DagBag from /home/airflow/.local/lib/python3.8/site-packages/airflow/example_dags/example_local_kubernetes_executor.py
[2023-08-31T15:35:14.489+0000] {processor.py:839} INFO - DAG(s) dict_keys(['example_local_kubernetes_executor']) retrieved from /home/airflow/.local/lib/python3.8/site-packages/airflow/example_dags/example_local_kubernetes_executor.py
[2023-08-31T15:35:14.512+0000] {logging_mixin.py:151} INFO - [2023-08-31T15:35:14.511+0000] {dag.py:2907} INFO - Sync 1 DAGs
[2023-08-31T15:35:14.521+0000] {logging_mixin.py:151} INFO - [2023-08-31T15:35:14.521+0000] {dag.py:3677} INFO - Setting next_dagrun for example_local_kubernetes_executor to None, run_after=None
[2023-08-31T15:35:14.531+0000] {processor.py:179} INFO - Processing /home/airflow/.local/lib/python3.8/site-packages/airflow/example_dags/example_local_kubernetes_executor.py took 0.185 seconds
[2023-08-31T15:35:44.724+0000] {processor.py:157} INFO - Started process (PID=9365) to work on /home/airflow/.local/lib/python3.8/site-packages/airflow/example_dags/example_local_kubernetes_executor.py
[2023-08-31T15:35:44.726+0000] {processor.py:829} INFO - Processing file /home/airflow/.local/lib/python3.8/site-packages/airflow/example_dags/example_local_kubernetes_executor.py for tasks to queue
[2023-08-31T15:35:44.728+0000] {logging_mixin.py:151} INFO - [2023-08-31T15:35:44.728+0000] {dagbag.py:539} INFO - Filling up the DagBag from /home/airflow/.local/lib/python3.8/site-packages/airflow/example_dags/example_local_kubernetes_executor.py
[2023-08-31T15:35:44.858+0000] {processor.py:839} INFO - DAG(s) dict_keys(['example_local_kubernetes_executor']) retrieved from /home/airflow/.local/lib/python3.8/site-packages/airflow/example_dags/example_local_kubernetes_executor.py
[2023-08-31T15:35:44.879+0000] {logging_mixin.py:151} INFO - [2023-08-31T15:35:44.879+0000] {dag.py:2907} INFO - Sync 1 DAGs
[2023-08-31T15:35:44.888+0000] {logging_mixin.py:151} INFO - [2023-08-31T15:35:44.888+0000] {dag.py:3677} INFO - Setting next_dagrun for example_local_kubernetes_executor to None, run_after=None
[2023-08-31T15:35:44.900+0000] {processor.py:179} INFO - Processing /home/airflow/.local/lib/python3.8/site-packages/airflow/example_dags/example_local_kubernetes_executor.py took 0.181 seconds
[2023-08-31T15:36:15.070+0000] {processor.py:157} INFO - Started process (PID=9604) to work on /home/airflow/.local/lib/python3.8/site-packages/airflow/example_dags/example_local_kubernetes_executor.py
[2023-08-31T15:36:15.074+0000] {processor.py:829} INFO - Processing file /home/airflow/.local/lib/python3.8/site-packages/airflow/example_dags/example_local_kubernetes_executor.py for tasks to queue
[2023-08-31T15:36:15.076+0000] {logging_mixin.py:151} INFO - [2023-08-31T15:36:15.076+0000] {dagbag.py:539} INFO - Filling up the DagBag from /home/airflow/.local/lib/python3.8/site-packages/airflow/example_dags/example_local_kubernetes_executor.py
[2023-08-31T15:36:15.216+0000] {processor.py:839} INFO - DAG(s) dict_keys(['example_local_kubernetes_executor']) retrieved from /home/airflow/.local/lib/python3.8/site-packages/airflow/example_dags/example_local_kubernetes_executor.py
[2023-08-31T15:36:15.239+0000] {logging_mixin.py:151} INFO - [2023-08-31T15:36:15.238+0000] {dag.py:2907} INFO - Sync 1 DAGs
[2023-08-31T15:36:15.247+0000] {logging_mixin.py:151} INFO - [2023-08-31T15:36:15.247+0000] {dag.py:3677} INFO - Setting next_dagrun for example_local_kubernetes_executor to None, run_after=None
[2023-08-31T15:36:15.259+0000] {processor.py:179} INFO - Processing /home/airflow/.local/lib/python3.8/site-packages/airflow/example_dags/example_local_kubernetes_executor.py took 0.194 seconds
[2023-08-31T15:36:45.410+0000] {processor.py:157} INFO - Started process (PID=9844) to work on /home/airflow/.local/lib/python3.8/site-packages/airflow/example_dags/example_local_kubernetes_executor.py
[2023-08-31T15:36:45.412+0000] {processor.py:829} INFO - Processing file /home/airflow/.local/lib/python3.8/site-packages/airflow/example_dags/example_local_kubernetes_executor.py for tasks to queue
[2023-08-31T15:36:45.414+0000] {logging_mixin.py:151} INFO - [2023-08-31T15:36:45.413+0000] {dagbag.py:539} INFO - Filling up the DagBag from /home/airflow/.local/lib/python3.8/site-packages/airflow/example_dags/example_local_kubernetes_executor.py
[2023-08-31T15:36:45.543+0000] {processor.py:839} INFO - DAG(s) dict_keys(['example_local_kubernetes_executor']) retrieved from /home/airflow/.local/lib/python3.8/site-packages/airflow/example_dags/example_local_kubernetes_executor.py
[2023-08-31T15:36:45.564+0000] {logging_mixin.py:151} INFO - [2023-08-31T15:36:45.564+0000] {dag.py:2907} INFO - Sync 1 DAGs
[2023-08-31T15:36:45.572+0000] {logging_mixin.py:151} INFO - [2023-08-31T15:36:45.572+0000] {dag.py:3677} INFO - Setting next_dagrun for example_local_kubernetes_executor to None, run_after=None
[2023-08-31T15:36:45.583+0000] {processor.py:179} INFO - Processing /home/airflow/.local/lib/python3.8/site-packages/airflow/example_dags/example_local_kubernetes_executor.py took 0.182 seconds
[2023-08-31T15:37:15.736+0000] {processor.py:157} INFO - Started process (PID=10083) to work on /home/airflow/.local/lib/python3.8/site-packages/airflow/example_dags/example_local_kubernetes_executor.py
[2023-08-31T15:37:15.738+0000] {processor.py:829} INFO - Processing file /home/airflow/.local/lib/python3.8/site-packages/airflow/example_dags/example_local_kubernetes_executor.py for tasks to queue
[2023-08-31T15:37:15.739+0000] {logging_mixin.py:151} INFO - [2023-08-31T15:37:15.739+0000] {dagbag.py:539} INFO - Filling up the DagBag from /home/airflow/.local/lib/python3.8/site-packages/airflow/example_dags/example_local_kubernetes_executor.py
[2023-08-31T15:37:15.867+0000] {processor.py:839} INFO - DAG(s) dict_keys(['example_local_kubernetes_executor']) retrieved from /home/airflow/.local/lib/python3.8/site-packages/airflow/example_dags/example_local_kubernetes_executor.py
[2023-08-31T15:37:15.888+0000] {logging_mixin.py:151} INFO - [2023-08-31T15:37:15.888+0000] {dag.py:2907} INFO - Sync 1 DAGs
[2023-08-31T15:37:15.896+0000] {logging_mixin.py:151} INFO - [2023-08-31T15:37:15.896+0000] {dag.py:3677} INFO - Setting next_dagrun for example_local_kubernetes_executor to None, run_after=None
[2023-08-31T15:37:15.907+0000] {processor.py:179} INFO - Processing /home/airflow/.local/lib/python3.8/site-packages/airflow/example_dags/example_local_kubernetes_executor.py took 0.179 seconds
[2023-08-31T15:37:46.054+0000] {processor.py:157} INFO - Started process (PID=10324) to work on /home/airflow/.local/lib/python3.8/site-packages/airflow/example_dags/example_local_kubernetes_executor.py
[2023-08-31T15:37:46.058+0000] {processor.py:829} INFO - Processing file /home/airflow/.local/lib/python3.8/site-packages/airflow/example_dags/example_local_kubernetes_executor.py for tasks to queue
[2023-08-31T15:37:46.060+0000] {logging_mixin.py:151} INFO - [2023-08-31T15:37:46.060+0000] {dagbag.py:539} INFO - Filling up the DagBag from /home/airflow/.local/lib/python3.8/site-packages/airflow/example_dags/example_local_kubernetes_executor.py
[2023-08-31T15:37:46.190+0000] {processor.py:839} INFO - DAG(s) dict_keys(['example_local_kubernetes_executor']) retrieved from /home/airflow/.local/lib/python3.8/site-packages/airflow/example_dags/example_local_kubernetes_executor.py
[2023-08-31T15:37:46.213+0000] {logging_mixin.py:151} INFO - [2023-08-31T15:37:46.213+0000] {dag.py:2907} INFO - Sync 1 DAGs
[2023-08-31T15:37:46.221+0000] {logging_mixin.py:151} INFO - [2023-08-31T15:37:46.221+0000] {dag.py:3677} INFO - Setting next_dagrun for example_local_kubernetes_executor to None, run_after=None
[2023-08-31T15:37:46.232+0000] {processor.py:179} INFO - Processing /home/airflow/.local/lib/python3.8/site-packages/airflow/example_dags/example_local_kubernetes_executor.py took 0.183 seconds
