[2023-08-31T15:16:29.166+0000] {processor.py:157} INFO - Started process (PID=237) to work on /home/airflow/.local/lib/python3.8/site-packages/airflow/example_dags/example_latest_only_with_trigger.py
[2023-08-31T15:16:29.168+0000] {processor.py:829} INFO - Processing file /home/airflow/.local/lib/python3.8/site-packages/airflow/example_dags/example_latest_only_with_trigger.py for tasks to queue
[2023-08-31T15:16:29.169+0000] {logging_mixin.py:151} INFO - [2023-08-31T15:16:29.169+0000] {dagbag.py:539} INFO - Filling up the DagBag from /home/airflow/.local/lib/python3.8/site-packages/airflow/example_dags/example_latest_only_with_trigger.py
[2023-08-31T15:16:29.176+0000] {processor.py:839} INFO - DAG(s) dict_keys(['latest_only_with_trigger']) retrieved from /home/airflow/.local/lib/python3.8/site-packages/airflow/example_dags/example_latest_only_with_trigger.py
[2023-08-31T15:16:29.185+0000] {logging_mixin.py:151} INFO - [2023-08-31T15:16:29.185+0000] {dag.py:2907} INFO - Sync 1 DAGs
[2023-08-31T15:16:29.201+0000] {logging_mixin.py:151} INFO - [2023-08-31T15:16:29.201+0000] {dag.py:3677} INFO - Setting next_dagrun for latest_only_with_trigger to 2023-08-31T11:16:29.201145+00:00, run_after=2023-08-31T15:16:29.201145+00:00
[2023-08-31T15:16:29.217+0000] {processor.py:179} INFO - Processing /home/airflow/.local/lib/python3.8/site-packages/airflow/example_dags/example_latest_only_with_trigger.py took 0.053 seconds
[2023-08-31T15:16:59.984+0000] {processor.py:157} INFO - Started process (PID=484) to work on /home/airflow/.local/lib/python3.8/site-packages/airflow/example_dags/example_latest_only_with_trigger.py
[2023-08-31T15:16:59.985+0000] {processor.py:829} INFO - Processing file /home/airflow/.local/lib/python3.8/site-packages/airflow/example_dags/example_latest_only_with_trigger.py for tasks to queue
[2023-08-31T15:16:59.986+0000] {logging_mixin.py:151} INFO - [2023-08-31T15:16:59.985+0000] {dagbag.py:539} INFO - Filling up the DagBag from /home/airflow/.local/lib/python3.8/site-packages/airflow/example_dags/example_latest_only_with_trigger.py
[2023-08-31T15:16:59.990+0000] {processor.py:839} INFO - DAG(s) dict_keys(['latest_only_with_trigger']) retrieved from /home/airflow/.local/lib/python3.8/site-packages/airflow/example_dags/example_latest_only_with_trigger.py
[2023-08-31T15:17:00.004+0000] {logging_mixin.py:151} INFO - [2023-08-31T15:17:00.004+0000] {dag.py:2907} INFO - Sync 1 DAGs
[2023-08-31T15:17:00.017+0000] {logging_mixin.py:151} INFO - [2023-08-31T15:17:00.017+0000] {dag.py:3677} INFO - Setting next_dagrun for latest_only_with_trigger to 2023-08-31T11:17:00.016878+00:00, run_after=2023-08-31T15:17:00.016878+00:00
[2023-08-31T15:17:00.028+0000] {processor.py:179} INFO - Processing /home/airflow/.local/lib/python3.8/site-packages/airflow/example_dags/example_latest_only_with_trigger.py took 0.046 seconds
[2023-08-31T15:17:31.019+0000] {processor.py:157} INFO - Started process (PID=721) to work on /home/airflow/.local/lib/python3.8/site-packages/airflow/example_dags/example_latest_only_with_trigger.py
[2023-08-31T15:17:31.020+0000] {processor.py:829} INFO - Processing file /home/airflow/.local/lib/python3.8/site-packages/airflow/example_dags/example_latest_only_with_trigger.py for tasks to queue
[2023-08-31T15:17:31.021+0000] {logging_mixin.py:151} INFO - [2023-08-31T15:17:31.021+0000] {dagbag.py:539} INFO - Filling up the DagBag from /home/airflow/.local/lib/python3.8/site-packages/airflow/example_dags/example_latest_only_with_trigger.py
[2023-08-31T15:17:31.115+0000] {processor.py:839} INFO - DAG(s) dict_keys(['latest_only_with_trigger']) retrieved from /home/airflow/.local/lib/python3.8/site-packages/airflow/example_dags/example_latest_only_with_trigger.py
[2023-08-31T15:17:31.127+0000] {logging_mixin.py:151} INFO - [2023-08-31T15:17:31.127+0000] {dag.py:2907} INFO - Sync 1 DAGs
[2023-08-31T15:17:31.139+0000] {logging_mixin.py:151} INFO - [2023-08-31T15:17:31.139+0000] {dag.py:3677} INFO - Setting next_dagrun for latest_only_with_trigger to 2023-08-31T11:17:31.139216+00:00, run_after=2023-08-31T15:17:31.139216+00:00
[2023-08-31T15:17:31.152+0000] {processor.py:179} INFO - Processing /home/airflow/.local/lib/python3.8/site-packages/airflow/example_dags/example_latest_only_with_trigger.py took 0.136 seconds
[2023-08-31T15:18:01.766+0000] {processor.py:157} INFO - Started process (PID=960) to work on /home/airflow/.local/lib/python3.8/site-packages/airflow/example_dags/example_latest_only_with_trigger.py
[2023-08-31T15:18:01.768+0000] {processor.py:829} INFO - Processing file /home/airflow/.local/lib/python3.8/site-packages/airflow/example_dags/example_latest_only_with_trigger.py for tasks to queue
[2023-08-31T15:18:01.769+0000] {logging_mixin.py:151} INFO - [2023-08-31T15:18:01.769+0000] {dagbag.py:539} INFO - Filling up the DagBag from /home/airflow/.local/lib/python3.8/site-packages/airflow/example_dags/example_latest_only_with_trigger.py
[2023-08-31T15:18:01.774+0000] {processor.py:839} INFO - DAG(s) dict_keys(['latest_only_with_trigger']) retrieved from /home/airflow/.local/lib/python3.8/site-packages/airflow/example_dags/example_latest_only_with_trigger.py
[2023-08-31T15:18:01.789+0000] {logging_mixin.py:151} INFO - [2023-08-31T15:18:01.788+0000] {dag.py:2907} INFO - Sync 1 DAGs
[2023-08-31T15:18:01.801+0000] {logging_mixin.py:151} INFO - [2023-08-31T15:18:01.801+0000] {dag.py:3677} INFO - Setting next_dagrun for latest_only_with_trigger to 2023-08-31T11:18:01.801364+00:00, run_after=2023-08-31T15:18:01.801364+00:00
[2023-08-31T15:18:01.812+0000] {processor.py:179} INFO - Processing /home/airflow/.local/lib/python3.8/site-packages/airflow/example_dags/example_latest_only_with_trigger.py took 0.048 seconds
[2023-08-31T15:18:32.430+0000] {processor.py:157} INFO - Started process (PID=1225) to work on /home/airflow/.local/lib/python3.8/site-packages/airflow/example_dags/example_latest_only_with_trigger.py
[2023-08-31T15:18:32.431+0000] {processor.py:829} INFO - Processing file /home/airflow/.local/lib/python3.8/site-packages/airflow/example_dags/example_latest_only_with_trigger.py for tasks to queue
[2023-08-31T15:18:32.432+0000] {logging_mixin.py:151} INFO - [2023-08-31T15:18:32.432+0000] {dagbag.py:539} INFO - Filling up the DagBag from /home/airflow/.local/lib/python3.8/site-packages/airflow/example_dags/example_latest_only_with_trigger.py
[2023-08-31T15:18:32.436+0000] {processor.py:839} INFO - DAG(s) dict_keys(['latest_only_with_trigger']) retrieved from /home/airflow/.local/lib/python3.8/site-packages/airflow/example_dags/example_latest_only_with_trigger.py
[2023-08-31T15:18:32.451+0000] {logging_mixin.py:151} INFO - [2023-08-31T15:18:32.451+0000] {dag.py:2907} INFO - Sync 1 DAGs
[2023-08-31T15:18:32.465+0000] {logging_mixin.py:151} INFO - [2023-08-31T15:18:32.465+0000] {dag.py:3677} INFO - Setting next_dagrun for latest_only_with_trigger to 2023-08-31T11:18:32.464917+00:00, run_after=2023-08-31T15:18:32.464917+00:00
[2023-08-31T15:18:32.475+0000] {processor.py:179} INFO - Processing /home/airflow/.local/lib/python3.8/site-packages/airflow/example_dags/example_latest_only_with_trigger.py took 0.048 seconds
[2023-08-31T15:19:02.966+0000] {processor.py:157} INFO - Started process (PID=1464) to work on /home/airflow/.local/lib/python3.8/site-packages/airflow/example_dags/example_latest_only_with_trigger.py
[2023-08-31T15:19:02.967+0000] {processor.py:829} INFO - Processing file /home/airflow/.local/lib/python3.8/site-packages/airflow/example_dags/example_latest_only_with_trigger.py for tasks to queue
[2023-08-31T15:19:02.968+0000] {logging_mixin.py:151} INFO - [2023-08-31T15:19:02.968+0000] {dagbag.py:539} INFO - Filling up the DagBag from /home/airflow/.local/lib/python3.8/site-packages/airflow/example_dags/example_latest_only_with_trigger.py
[2023-08-31T15:19:02.973+0000] {processor.py:839} INFO - DAG(s) dict_keys(['latest_only_with_trigger']) retrieved from /home/airflow/.local/lib/python3.8/site-packages/airflow/example_dags/example_latest_only_with_trigger.py
[2023-08-31T15:19:02.988+0000] {logging_mixin.py:151} INFO - [2023-08-31T15:19:02.987+0000] {dag.py:2907} INFO - Sync 1 DAGs
[2023-08-31T15:19:03.001+0000] {logging_mixin.py:151} INFO - [2023-08-31T15:19:03.001+0000] {dag.py:3677} INFO - Setting next_dagrun for latest_only_with_trigger to 2023-08-31T11:19:03.001356+00:00, run_after=2023-08-31T15:19:03.001356+00:00
[2023-08-31T15:19:03.012+0000] {processor.py:179} INFO - Processing /home/airflow/.local/lib/python3.8/site-packages/airflow/example_dags/example_latest_only_with_trigger.py took 0.049 seconds
[2023-08-31T15:19:33.351+0000] {processor.py:157} INFO - Started process (PID=1705) to work on /home/airflow/.local/lib/python3.8/site-packages/airflow/example_dags/example_latest_only_with_trigger.py
[2023-08-31T15:19:33.353+0000] {processor.py:829} INFO - Processing file /home/airflow/.local/lib/python3.8/site-packages/airflow/example_dags/example_latest_only_with_trigger.py for tasks to queue
[2023-08-31T15:19:33.353+0000] {logging_mixin.py:151} INFO - [2023-08-31T15:19:33.353+0000] {dagbag.py:539} INFO - Filling up the DagBag from /home/airflow/.local/lib/python3.8/site-packages/airflow/example_dags/example_latest_only_with_trigger.py
[2023-08-31T15:19:33.359+0000] {processor.py:839} INFO - DAG(s) dict_keys(['latest_only_with_trigger']) retrieved from /home/airflow/.local/lib/python3.8/site-packages/airflow/example_dags/example_latest_only_with_trigger.py
[2023-08-31T15:19:33.371+0000] {logging_mixin.py:151} INFO - [2023-08-31T15:19:33.371+0000] {dag.py:2907} INFO - Sync 1 DAGs
[2023-08-31T15:19:33.383+0000] {logging_mixin.py:151} INFO - [2023-08-31T15:19:33.383+0000] {dag.py:3677} INFO - Setting next_dagrun for latest_only_with_trigger to 2023-08-31T11:19:33.383182+00:00, run_after=2023-08-31T15:19:33.383182+00:00
[2023-08-31T15:19:33.394+0000] {processor.py:179} INFO - Processing /home/airflow/.local/lib/python3.8/site-packages/airflow/example_dags/example_latest_only_with_trigger.py took 0.047 seconds
[2023-08-31T15:20:03.638+0000] {processor.py:157} INFO - Started process (PID=1947) to work on /home/airflow/.local/lib/python3.8/site-packages/airflow/example_dags/example_latest_only_with_trigger.py
[2023-08-31T15:20:03.639+0000] {processor.py:829} INFO - Processing file /home/airflow/.local/lib/python3.8/site-packages/airflow/example_dags/example_latest_only_with_trigger.py for tasks to queue
[2023-08-31T15:20:03.640+0000] {logging_mixin.py:151} INFO - [2023-08-31T15:20:03.640+0000] {dagbag.py:539} INFO - Filling up the DagBag from /home/airflow/.local/lib/python3.8/site-packages/airflow/example_dags/example_latest_only_with_trigger.py
[2023-08-31T15:20:03.645+0000] {processor.py:839} INFO - DAG(s) dict_keys(['latest_only_with_trigger']) retrieved from /home/airflow/.local/lib/python3.8/site-packages/airflow/example_dags/example_latest_only_with_trigger.py
[2023-08-31T15:20:03.658+0000] {logging_mixin.py:151} INFO - [2023-08-31T15:20:03.658+0000] {dag.py:2907} INFO - Sync 1 DAGs
[2023-08-31T15:20:03.670+0000] {logging_mixin.py:151} INFO - [2023-08-31T15:20:03.670+0000] {dag.py:3677} INFO - Setting next_dagrun for latest_only_with_trigger to 2023-08-31T11:20:03.670274+00:00, run_after=2023-08-31T15:20:03.670274+00:00
[2023-08-31T15:20:03.679+0000] {processor.py:179} INFO - Processing /home/airflow/.local/lib/python3.8/site-packages/airflow/example_dags/example_latest_only_with_trigger.py took 0.044 seconds
[2023-08-31T15:20:34.034+0000] {processor.py:157} INFO - Started process (PID=2184) to work on /home/airflow/.local/lib/python3.8/site-packages/airflow/example_dags/example_latest_only_with_trigger.py
[2023-08-31T15:20:34.035+0000] {processor.py:829} INFO - Processing file /home/airflow/.local/lib/python3.8/site-packages/airflow/example_dags/example_latest_only_with_trigger.py for tasks to queue
[2023-08-31T15:20:34.036+0000] {logging_mixin.py:151} INFO - [2023-08-31T15:20:34.036+0000] {dagbag.py:539} INFO - Filling up the DagBag from /home/airflow/.local/lib/python3.8/site-packages/airflow/example_dags/example_latest_only_with_trigger.py
[2023-08-31T15:20:34.042+0000] {processor.py:839} INFO - DAG(s) dict_keys(['latest_only_with_trigger']) retrieved from /home/airflow/.local/lib/python3.8/site-packages/airflow/example_dags/example_latest_only_with_trigger.py
[2023-08-31T15:20:34.057+0000] {logging_mixin.py:151} INFO - [2023-08-31T15:20:34.057+0000] {dag.py:2907} INFO - Sync 1 DAGs
[2023-08-31T15:20:34.069+0000] {logging_mixin.py:151} INFO - [2023-08-31T15:20:34.069+0000] {dag.py:3677} INFO - Setting next_dagrun for latest_only_with_trigger to 2023-08-31T11:20:34.069696+00:00, run_after=2023-08-31T15:20:34.069696+00:00
[2023-08-31T15:20:34.081+0000] {processor.py:179} INFO - Processing /home/airflow/.local/lib/python3.8/site-packages/airflow/example_dags/example_latest_only_with_trigger.py took 0.049 seconds
[2023-08-31T15:21:04.275+0000] {processor.py:157} INFO - Started process (PID=2425) to work on /home/airflow/.local/lib/python3.8/site-packages/airflow/example_dags/example_latest_only_with_trigger.py
[2023-08-31T15:21:04.276+0000] {processor.py:829} INFO - Processing file /home/airflow/.local/lib/python3.8/site-packages/airflow/example_dags/example_latest_only_with_trigger.py for tasks to queue
[2023-08-31T15:21:04.277+0000] {logging_mixin.py:151} INFO - [2023-08-31T15:21:04.277+0000] {dagbag.py:539} INFO - Filling up the DagBag from /home/airflow/.local/lib/python3.8/site-packages/airflow/example_dags/example_latest_only_with_trigger.py
[2023-08-31T15:21:04.282+0000] {processor.py:839} INFO - DAG(s) dict_keys(['latest_only_with_trigger']) retrieved from /home/airflow/.local/lib/python3.8/site-packages/airflow/example_dags/example_latest_only_with_trigger.py
[2023-08-31T15:21:04.297+0000] {logging_mixin.py:151} INFO - [2023-08-31T15:21:04.297+0000] {dag.py:2907} INFO - Sync 1 DAGs
[2023-08-31T15:21:04.309+0000] {logging_mixin.py:151} INFO - [2023-08-31T15:21:04.309+0000] {dag.py:3677} INFO - Setting next_dagrun for latest_only_with_trigger to 2023-08-31T11:21:04.309347+00:00, run_after=2023-08-31T15:21:04.309347+00:00
[2023-08-31T15:21:04.320+0000] {processor.py:179} INFO - Processing /home/airflow/.local/lib/python3.8/site-packages/airflow/example_dags/example_latest_only_with_trigger.py took 0.048 seconds
[2023-08-31T15:21:34.610+0000] {processor.py:157} INFO - Started process (PID=2667) to work on /home/airflow/.local/lib/python3.8/site-packages/airflow/example_dags/example_latest_only_with_trigger.py
[2023-08-31T15:21:34.612+0000] {processor.py:829} INFO - Processing file /home/airflow/.local/lib/python3.8/site-packages/airflow/example_dags/example_latest_only_with_trigger.py for tasks to queue
[2023-08-31T15:21:34.613+0000] {logging_mixin.py:151} INFO - [2023-08-31T15:21:34.612+0000] {dagbag.py:539} INFO - Filling up the DagBag from /home/airflow/.local/lib/python3.8/site-packages/airflow/example_dags/example_latest_only_with_trigger.py
[2023-08-31T15:21:34.618+0000] {processor.py:839} INFO - DAG(s) dict_keys(['latest_only_with_trigger']) retrieved from /home/airflow/.local/lib/python3.8/site-packages/airflow/example_dags/example_latest_only_with_trigger.py
[2023-08-31T15:21:34.632+0000] {logging_mixin.py:151} INFO - [2023-08-31T15:21:34.631+0000] {dag.py:2907} INFO - Sync 1 DAGs
[2023-08-31T15:21:34.645+0000] {logging_mixin.py:151} INFO - [2023-08-31T15:21:34.645+0000] {dag.py:3677} INFO - Setting next_dagrun for latest_only_with_trigger to 2023-08-31T11:21:34.645302+00:00, run_after=2023-08-31T15:21:34.645302+00:00
[2023-08-31T15:21:34.657+0000] {processor.py:179} INFO - Processing /home/airflow/.local/lib/python3.8/site-packages/airflow/example_dags/example_latest_only_with_trigger.py took 0.049 seconds
[2023-08-31T15:22:04.918+0000] {processor.py:157} INFO - Started process (PID=2907) to work on /home/airflow/.local/lib/python3.8/site-packages/airflow/example_dags/example_latest_only_with_trigger.py
[2023-08-31T15:22:04.920+0000] {processor.py:829} INFO - Processing file /home/airflow/.local/lib/python3.8/site-packages/airflow/example_dags/example_latest_only_with_trigger.py for tasks to queue
[2023-08-31T15:22:04.921+0000] {logging_mixin.py:151} INFO - [2023-08-31T15:22:04.921+0000] {dagbag.py:539} INFO - Filling up the DagBag from /home/airflow/.local/lib/python3.8/site-packages/airflow/example_dags/example_latest_only_with_trigger.py
[2023-08-31T15:22:04.927+0000] {processor.py:839} INFO - DAG(s) dict_keys(['latest_only_with_trigger']) retrieved from /home/airflow/.local/lib/python3.8/site-packages/airflow/example_dags/example_latest_only_with_trigger.py
[2023-08-31T15:22:04.941+0000] {logging_mixin.py:151} INFO - [2023-08-31T15:22:04.941+0000] {dag.py:2907} INFO - Sync 1 DAGs
[2023-08-31T15:22:04.954+0000] {logging_mixin.py:151} INFO - [2023-08-31T15:22:04.954+0000] {dag.py:3677} INFO - Setting next_dagrun for latest_only_with_trigger to 2023-08-31T11:22:04.954429+00:00, run_after=2023-08-31T15:22:04.954429+00:00
[2023-08-31T15:22:04.966+0000] {processor.py:179} INFO - Processing /home/airflow/.local/lib/python3.8/site-packages/airflow/example_dags/example_latest_only_with_trigger.py took 0.051 seconds
[2023-08-31T15:22:35.459+0000] {processor.py:157} INFO - Started process (PID=3149) to work on /home/airflow/.local/lib/python3.8/site-packages/airflow/example_dags/example_latest_only_with_trigger.py
[2023-08-31T15:22:35.461+0000] {processor.py:829} INFO - Processing file /home/airflow/.local/lib/python3.8/site-packages/airflow/example_dags/example_latest_only_with_trigger.py for tasks to queue
[2023-08-31T15:22:35.462+0000] {logging_mixin.py:151} INFO - [2023-08-31T15:22:35.462+0000] {dagbag.py:539} INFO - Filling up the DagBag from /home/airflow/.local/lib/python3.8/site-packages/airflow/example_dags/example_latest_only_with_trigger.py
[2023-08-31T15:22:35.473+0000] {processor.py:839} INFO - DAG(s) dict_keys(['latest_only_with_trigger']) retrieved from /home/airflow/.local/lib/python3.8/site-packages/airflow/example_dags/example_latest_only_with_trigger.py
[2023-08-31T15:22:35.491+0000] {logging_mixin.py:151} INFO - [2023-08-31T15:22:35.491+0000] {dag.py:2907} INFO - Sync 1 DAGs
[2023-08-31T15:22:35.507+0000] {logging_mixin.py:151} INFO - [2023-08-31T15:22:35.507+0000] {dag.py:3677} INFO - Setting next_dagrun for latest_only_with_trigger to 2023-08-31T11:22:35.507427+00:00, run_after=2023-08-31T15:22:35.507427+00:00
[2023-08-31T15:22:35.521+0000] {processor.py:179} INFO - Processing /home/airflow/.local/lib/python3.8/site-packages/airflow/example_dags/example_latest_only_with_trigger.py took 0.065 seconds
[2023-08-31T15:23:05.972+0000] {processor.py:157} INFO - Started process (PID=3389) to work on /home/airflow/.local/lib/python3.8/site-packages/airflow/example_dags/example_latest_only_with_trigger.py
[2023-08-31T15:23:05.974+0000] {processor.py:829} INFO - Processing file /home/airflow/.local/lib/python3.8/site-packages/airflow/example_dags/example_latest_only_with_trigger.py for tasks to queue
[2023-08-31T15:23:05.975+0000] {logging_mixin.py:151} INFO - [2023-08-31T15:23:05.975+0000] {dagbag.py:539} INFO - Filling up the DagBag from /home/airflow/.local/lib/python3.8/site-packages/airflow/example_dags/example_latest_only_with_trigger.py
[2023-08-31T15:23:05.981+0000] {processor.py:839} INFO - DAG(s) dict_keys(['latest_only_with_trigger']) retrieved from /home/airflow/.local/lib/python3.8/site-packages/airflow/example_dags/example_latest_only_with_trigger.py
[2023-08-31T15:23:05.997+0000] {logging_mixin.py:151} INFO - [2023-08-31T15:23:05.997+0000] {dag.py:2907} INFO - Sync 1 DAGs
[2023-08-31T15:23:06.012+0000] {logging_mixin.py:151} INFO - [2023-08-31T15:23:06.012+0000] {dag.py:3677} INFO - Setting next_dagrun for latest_only_with_trigger to 2023-08-31T11:23:06.011934+00:00, run_after=2023-08-31T15:23:06.011934+00:00
[2023-08-31T15:23:06.025+0000] {processor.py:179} INFO - Processing /home/airflow/.local/lib/python3.8/site-packages/airflow/example_dags/example_latest_only_with_trigger.py took 0.055 seconds
[2023-08-31T15:23:36.472+0000] {processor.py:157} INFO - Started process (PID=3629) to work on /home/airflow/.local/lib/python3.8/site-packages/airflow/example_dags/example_latest_only_with_trigger.py
[2023-08-31T15:23:36.474+0000] {processor.py:829} INFO - Processing file /home/airflow/.local/lib/python3.8/site-packages/airflow/example_dags/example_latest_only_with_trigger.py for tasks to queue
[2023-08-31T15:23:36.474+0000] {logging_mixin.py:151} INFO - [2023-08-31T15:23:36.474+0000] {dagbag.py:539} INFO - Filling up the DagBag from /home/airflow/.local/lib/python3.8/site-packages/airflow/example_dags/example_latest_only_with_trigger.py
[2023-08-31T15:23:36.480+0000] {processor.py:839} INFO - DAG(s) dict_keys(['latest_only_with_trigger']) retrieved from /home/airflow/.local/lib/python3.8/site-packages/airflow/example_dags/example_latest_only_with_trigger.py
[2023-08-31T15:23:36.496+0000] {logging_mixin.py:151} INFO - [2023-08-31T15:23:36.496+0000] {dag.py:2907} INFO - Sync 1 DAGs
[2023-08-31T15:23:36.511+0000] {logging_mixin.py:151} INFO - [2023-08-31T15:23:36.511+0000] {dag.py:3677} INFO - Setting next_dagrun for latest_only_with_trigger to 2023-08-31T11:23:36.510980+00:00, run_after=2023-08-31T15:23:36.510980+00:00
[2023-08-31T15:23:36.523+0000] {processor.py:179} INFO - Processing /home/airflow/.local/lib/python3.8/site-packages/airflow/example_dags/example_latest_only_with_trigger.py took 0.053 seconds
[2023-08-31T15:24:06.805+0000] {processor.py:157} INFO - Started process (PID=3871) to work on /home/airflow/.local/lib/python3.8/site-packages/airflow/example_dags/example_latest_only_with_trigger.py
[2023-08-31T15:24:06.806+0000] {processor.py:829} INFO - Processing file /home/airflow/.local/lib/python3.8/site-packages/airflow/example_dags/example_latest_only_with_trigger.py for tasks to queue
[2023-08-31T15:24:06.808+0000] {logging_mixin.py:151} INFO - [2023-08-31T15:24:06.807+0000] {dagbag.py:539} INFO - Filling up the DagBag from /home/airflow/.local/lib/python3.8/site-packages/airflow/example_dags/example_latest_only_with_trigger.py
[2023-08-31T15:24:06.813+0000] {processor.py:839} INFO - DAG(s) dict_keys(['latest_only_with_trigger']) retrieved from /home/airflow/.local/lib/python3.8/site-packages/airflow/example_dags/example_latest_only_with_trigger.py
[2023-08-31T15:24:06.827+0000] {logging_mixin.py:151} INFO - [2023-08-31T15:24:06.827+0000] {dag.py:2907} INFO - Sync 1 DAGs
[2023-08-31T15:24:06.841+0000] {logging_mixin.py:151} INFO - [2023-08-31T15:24:06.841+0000] {dag.py:3677} INFO - Setting next_dagrun for latest_only_with_trigger to 2023-08-31T11:24:06.841153+00:00, run_after=2023-08-31T15:24:06.841153+00:00
[2023-08-31T15:24:06.852+0000] {processor.py:179} INFO - Processing /home/airflow/.local/lib/python3.8/site-packages/airflow/example_dags/example_latest_only_with_trigger.py took 0.050 seconds
[2023-08-31T15:24:37.117+0000] {processor.py:157} INFO - Started process (PID=4111) to work on /home/airflow/.local/lib/python3.8/site-packages/airflow/example_dags/example_latest_only_with_trigger.py
[2023-08-31T15:24:37.118+0000] {processor.py:829} INFO - Processing file /home/airflow/.local/lib/python3.8/site-packages/airflow/example_dags/example_latest_only_with_trigger.py for tasks to queue
[2023-08-31T15:24:37.119+0000] {logging_mixin.py:151} INFO - [2023-08-31T15:24:37.119+0000] {dagbag.py:539} INFO - Filling up the DagBag from /home/airflow/.local/lib/python3.8/site-packages/airflow/example_dags/example_latest_only_with_trigger.py
[2023-08-31T15:24:37.124+0000] {processor.py:839} INFO - DAG(s) dict_keys(['latest_only_with_trigger']) retrieved from /home/airflow/.local/lib/python3.8/site-packages/airflow/example_dags/example_latest_only_with_trigger.py
[2023-08-31T15:24:37.139+0000] {logging_mixin.py:151} INFO - [2023-08-31T15:24:37.139+0000] {dag.py:2907} INFO - Sync 1 DAGs
[2023-08-31T15:24:37.151+0000] {logging_mixin.py:151} INFO - [2023-08-31T15:24:37.151+0000] {dag.py:3677} INFO - Setting next_dagrun for latest_only_with_trigger to 2023-08-31T11:24:37.151724+00:00, run_after=2023-08-31T15:24:37.151724+00:00
[2023-08-31T15:24:37.164+0000] {processor.py:179} INFO - Processing /home/airflow/.local/lib/python3.8/site-packages/airflow/example_dags/example_latest_only_with_trigger.py took 0.049 seconds
[2023-08-31T15:25:07.426+0000] {processor.py:157} INFO - Started process (PID=4351) to work on /home/airflow/.local/lib/python3.8/site-packages/airflow/example_dags/example_latest_only_with_trigger.py
[2023-08-31T15:25:07.427+0000] {processor.py:829} INFO - Processing file /home/airflow/.local/lib/python3.8/site-packages/airflow/example_dags/example_latest_only_with_trigger.py for tasks to queue
[2023-08-31T15:25:07.429+0000] {logging_mixin.py:151} INFO - [2023-08-31T15:25:07.429+0000] {dagbag.py:539} INFO - Filling up the DagBag from /home/airflow/.local/lib/python3.8/site-packages/airflow/example_dags/example_latest_only_with_trigger.py
[2023-08-31T15:25:07.434+0000] {processor.py:839} INFO - DAG(s) dict_keys(['latest_only_with_trigger']) retrieved from /home/airflow/.local/lib/python3.8/site-packages/airflow/example_dags/example_latest_only_with_trigger.py
[2023-08-31T15:25:07.448+0000] {logging_mixin.py:151} INFO - [2023-08-31T15:25:07.448+0000] {dag.py:2907} INFO - Sync 1 DAGs
[2023-08-31T15:25:07.461+0000] {logging_mixin.py:151} INFO - [2023-08-31T15:25:07.461+0000] {dag.py:3677} INFO - Setting next_dagrun for latest_only_with_trigger to 2023-08-31T11:25:07.460929+00:00, run_after=2023-08-31T15:25:07.460929+00:00
[2023-08-31T15:25:07.477+0000] {processor.py:179} INFO - Processing /home/airflow/.local/lib/python3.8/site-packages/airflow/example_dags/example_latest_only_with_trigger.py took 0.054 seconds
[2023-08-31T15:25:37.690+0000] {processor.py:157} INFO - Started process (PID=4590) to work on /home/airflow/.local/lib/python3.8/site-packages/airflow/example_dags/example_latest_only_with_trigger.py
[2023-08-31T15:25:37.691+0000] {processor.py:829} INFO - Processing file /home/airflow/.local/lib/python3.8/site-packages/airflow/example_dags/example_latest_only_with_trigger.py for tasks to queue
[2023-08-31T15:25:37.692+0000] {logging_mixin.py:151} INFO - [2023-08-31T15:25:37.692+0000] {dagbag.py:539} INFO - Filling up the DagBag from /home/airflow/.local/lib/python3.8/site-packages/airflow/example_dags/example_latest_only_with_trigger.py
[2023-08-31T15:25:37.697+0000] {processor.py:839} INFO - DAG(s) dict_keys(['latest_only_with_trigger']) retrieved from /home/airflow/.local/lib/python3.8/site-packages/airflow/example_dags/example_latest_only_with_trigger.py
[2023-08-31T15:25:37.712+0000] {logging_mixin.py:151} INFO - [2023-08-31T15:25:37.712+0000] {dag.py:2907} INFO - Sync 1 DAGs
[2023-08-31T15:25:37.725+0000] {logging_mixin.py:151} INFO - [2023-08-31T15:25:37.725+0000] {dag.py:3677} INFO - Setting next_dagrun for latest_only_with_trigger to 2023-08-31T11:25:37.725677+00:00, run_after=2023-08-31T15:25:37.725677+00:00
[2023-08-31T15:25:37.739+0000] {processor.py:179} INFO - Processing /home/airflow/.local/lib/python3.8/site-packages/airflow/example_dags/example_latest_only_with_trigger.py took 0.052 seconds
[2023-08-31T15:26:07.982+0000] {processor.py:157} INFO - Started process (PID=4831) to work on /home/airflow/.local/lib/python3.8/site-packages/airflow/example_dags/example_latest_only_with_trigger.py
[2023-08-31T15:26:07.983+0000] {processor.py:829} INFO - Processing file /home/airflow/.local/lib/python3.8/site-packages/airflow/example_dags/example_latest_only_with_trigger.py for tasks to queue
[2023-08-31T15:26:07.984+0000] {logging_mixin.py:151} INFO - [2023-08-31T15:26:07.984+0000] {dagbag.py:539} INFO - Filling up the DagBag from /home/airflow/.local/lib/python3.8/site-packages/airflow/example_dags/example_latest_only_with_trigger.py
[2023-08-31T15:26:07.991+0000] {processor.py:839} INFO - DAG(s) dict_keys(['latest_only_with_trigger']) retrieved from /home/airflow/.local/lib/python3.8/site-packages/airflow/example_dags/example_latest_only_with_trigger.py
[2023-08-31T15:26:08.009+0000] {logging_mixin.py:151} INFO - [2023-08-31T15:26:08.009+0000] {dag.py:2907} INFO - Sync 1 DAGs
[2023-08-31T15:26:08.024+0000] {logging_mixin.py:151} INFO - [2023-08-31T15:26:08.024+0000] {dag.py:3677} INFO - Setting next_dagrun for latest_only_with_trigger to 2023-08-31T11:26:08.023949+00:00, run_after=2023-08-31T15:26:08.023949+00:00
[2023-08-31T15:26:08.037+0000] {processor.py:179} INFO - Processing /home/airflow/.local/lib/python3.8/site-packages/airflow/example_dags/example_latest_only_with_trigger.py took 0.057 seconds
[2023-08-31T15:26:38.329+0000] {processor.py:157} INFO - Started process (PID=5070) to work on /home/airflow/.local/lib/python3.8/site-packages/airflow/example_dags/example_latest_only_with_trigger.py
[2023-08-31T15:26:38.332+0000] {processor.py:829} INFO - Processing file /home/airflow/.local/lib/python3.8/site-packages/airflow/example_dags/example_latest_only_with_trigger.py for tasks to queue
[2023-08-31T15:26:38.333+0000] {logging_mixin.py:151} INFO - [2023-08-31T15:26:38.333+0000] {dagbag.py:539} INFO - Filling up the DagBag from /home/airflow/.local/lib/python3.8/site-packages/airflow/example_dags/example_latest_only_with_trigger.py
[2023-08-31T15:26:38.342+0000] {processor.py:839} INFO - DAG(s) dict_keys(['latest_only_with_trigger']) retrieved from /home/airflow/.local/lib/python3.8/site-packages/airflow/example_dags/example_latest_only_with_trigger.py
[2023-08-31T15:26:38.357+0000] {logging_mixin.py:151} INFO - [2023-08-31T15:26:38.357+0000] {dag.py:2907} INFO - Sync 1 DAGs
[2023-08-31T15:26:38.370+0000] {logging_mixin.py:151} INFO - [2023-08-31T15:26:38.370+0000] {dag.py:3677} INFO - Setting next_dagrun for latest_only_with_trigger to 2023-08-31T11:26:38.370159+00:00, run_after=2023-08-31T15:26:38.370159+00:00
[2023-08-31T15:26:38.381+0000] {processor.py:179} INFO - Processing /home/airflow/.local/lib/python3.8/site-packages/airflow/example_dags/example_latest_only_with_trigger.py took 0.055 seconds
[2023-08-31T15:27:08.664+0000] {processor.py:157} INFO - Started process (PID=5311) to work on /home/airflow/.local/lib/python3.8/site-packages/airflow/example_dags/example_latest_only_with_trigger.py
[2023-08-31T15:27:08.665+0000] {processor.py:829} INFO - Processing file /home/airflow/.local/lib/python3.8/site-packages/airflow/example_dags/example_latest_only_with_trigger.py for tasks to queue
[2023-08-31T15:27:08.666+0000] {logging_mixin.py:151} INFO - [2023-08-31T15:27:08.666+0000] {dagbag.py:539} INFO - Filling up the DagBag from /home/airflow/.local/lib/python3.8/site-packages/airflow/example_dags/example_latest_only_with_trigger.py
[2023-08-31T15:27:08.672+0000] {processor.py:839} INFO - DAG(s) dict_keys(['latest_only_with_trigger']) retrieved from /home/airflow/.local/lib/python3.8/site-packages/airflow/example_dags/example_latest_only_with_trigger.py
[2023-08-31T15:27:08.687+0000] {logging_mixin.py:151} INFO - [2023-08-31T15:27:08.687+0000] {dag.py:2907} INFO - Sync 1 DAGs
[2023-08-31T15:27:08.701+0000] {logging_mixin.py:151} INFO - [2023-08-31T15:27:08.700+0000] {dag.py:3677} INFO - Setting next_dagrun for latest_only_with_trigger to 2023-08-31T11:27:08.700743+00:00, run_after=2023-08-31T15:27:08.700743+00:00
[2023-08-31T15:27:08.710+0000] {processor.py:179} INFO - Processing /home/airflow/.local/lib/python3.8/site-packages/airflow/example_dags/example_latest_only_with_trigger.py took 0.051 seconds
[2023-08-31T15:27:39.036+0000] {processor.py:157} INFO - Started process (PID=5549) to work on /home/airflow/.local/lib/python3.8/site-packages/airflow/example_dags/example_latest_only_with_trigger.py
[2023-08-31T15:27:39.038+0000] {processor.py:829} INFO - Processing file /home/airflow/.local/lib/python3.8/site-packages/airflow/example_dags/example_latest_only_with_trigger.py for tasks to queue
[2023-08-31T15:27:39.039+0000] {logging_mixin.py:151} INFO - [2023-08-31T15:27:39.039+0000] {dagbag.py:539} INFO - Filling up the DagBag from /home/airflow/.local/lib/python3.8/site-packages/airflow/example_dags/example_latest_only_with_trigger.py
[2023-08-31T15:27:39.044+0000] {processor.py:839} INFO - DAG(s) dict_keys(['latest_only_with_trigger']) retrieved from /home/airflow/.local/lib/python3.8/site-packages/airflow/example_dags/example_latest_only_with_trigger.py
[2023-08-31T15:27:39.059+0000] {logging_mixin.py:151} INFO - [2023-08-31T15:27:39.059+0000] {dag.py:2907} INFO - Sync 1 DAGs
[2023-08-31T15:27:39.071+0000] {logging_mixin.py:151} INFO - [2023-08-31T15:27:39.071+0000] {dag.py:3677} INFO - Setting next_dagrun for latest_only_with_trigger to 2023-08-31T11:27:39.071504+00:00, run_after=2023-08-31T15:27:39.071504+00:00
[2023-08-31T15:27:39.082+0000] {processor.py:179} INFO - Processing /home/airflow/.local/lib/python3.8/site-packages/airflow/example_dags/example_latest_only_with_trigger.py took 0.049 seconds
[2023-08-31T15:28:09.350+0000] {processor.py:157} INFO - Started process (PID=5791) to work on /home/airflow/.local/lib/python3.8/site-packages/airflow/example_dags/example_latest_only_with_trigger.py
[2023-08-31T15:28:09.351+0000] {processor.py:829} INFO - Processing file /home/airflow/.local/lib/python3.8/site-packages/airflow/example_dags/example_latest_only_with_trigger.py for tasks to queue
[2023-08-31T15:28:09.352+0000] {logging_mixin.py:151} INFO - [2023-08-31T15:28:09.352+0000] {dagbag.py:539} INFO - Filling up the DagBag from /home/airflow/.local/lib/python3.8/site-packages/airflow/example_dags/example_latest_only_with_trigger.py
[2023-08-31T15:28:09.358+0000] {processor.py:839} INFO - DAG(s) dict_keys(['latest_only_with_trigger']) retrieved from /home/airflow/.local/lib/python3.8/site-packages/airflow/example_dags/example_latest_only_with_trigger.py
[2023-08-31T15:28:09.375+0000] {logging_mixin.py:151} INFO - [2023-08-31T15:28:09.375+0000] {dag.py:2907} INFO - Sync 1 DAGs
[2023-08-31T15:28:09.390+0000] {logging_mixin.py:151} INFO - [2023-08-31T15:28:09.390+0000] {dag.py:3677} INFO - Setting next_dagrun for latest_only_with_trigger to 2023-08-31T11:28:09.389932+00:00, run_after=2023-08-31T15:28:09.389932+00:00
[2023-08-31T15:28:09.403+0000] {processor.py:179} INFO - Processing /home/airflow/.local/lib/python3.8/site-packages/airflow/example_dags/example_latest_only_with_trigger.py took 0.056 seconds
[2023-08-31T15:28:39.696+0000] {processor.py:157} INFO - Started process (PID=6031) to work on /home/airflow/.local/lib/python3.8/site-packages/airflow/example_dags/example_latest_only_with_trigger.py
[2023-08-31T15:28:39.698+0000] {processor.py:829} INFO - Processing file /home/airflow/.local/lib/python3.8/site-packages/airflow/example_dags/example_latest_only_with_trigger.py for tasks to queue
[2023-08-31T15:28:39.699+0000] {logging_mixin.py:151} INFO - [2023-08-31T15:28:39.699+0000] {dagbag.py:539} INFO - Filling up the DagBag from /home/airflow/.local/lib/python3.8/site-packages/airflow/example_dags/example_latest_only_with_trigger.py
[2023-08-31T15:28:39.705+0000] {processor.py:839} INFO - DAG(s) dict_keys(['latest_only_with_trigger']) retrieved from /home/airflow/.local/lib/python3.8/site-packages/airflow/example_dags/example_latest_only_with_trigger.py
[2023-08-31T15:28:39.720+0000] {logging_mixin.py:151} INFO - [2023-08-31T15:28:39.720+0000] {dag.py:2907} INFO - Sync 1 DAGs
[2023-08-31T15:28:39.733+0000] {logging_mixin.py:151} INFO - [2023-08-31T15:28:39.733+0000] {dag.py:3677} INFO - Setting next_dagrun for latest_only_with_trigger to 2023-08-31T11:28:39.733393+00:00, run_after=2023-08-31T15:28:39.733393+00:00
[2023-08-31T15:28:39.745+0000] {processor.py:179} INFO - Processing /home/airflow/.local/lib/python3.8/site-packages/airflow/example_dags/example_latest_only_with_trigger.py took 0.051 seconds
[2023-08-31T15:29:10.004+0000] {processor.py:157} INFO - Started process (PID=6272) to work on /home/airflow/.local/lib/python3.8/site-packages/airflow/example_dags/example_latest_only_with_trigger.py
[2023-08-31T15:29:10.006+0000] {processor.py:829} INFO - Processing file /home/airflow/.local/lib/python3.8/site-packages/airflow/example_dags/example_latest_only_with_trigger.py for tasks to queue
[2023-08-31T15:29:10.007+0000] {logging_mixin.py:151} INFO - [2023-08-31T15:29:10.007+0000] {dagbag.py:539} INFO - Filling up the DagBag from /home/airflow/.local/lib/python3.8/site-packages/airflow/example_dags/example_latest_only_with_trigger.py
[2023-08-31T15:29:10.012+0000] {processor.py:839} INFO - DAG(s) dict_keys(['latest_only_with_trigger']) retrieved from /home/airflow/.local/lib/python3.8/site-packages/airflow/example_dags/example_latest_only_with_trigger.py
[2023-08-31T15:29:10.025+0000] {logging_mixin.py:151} INFO - [2023-08-31T15:29:10.024+0000] {dag.py:2907} INFO - Sync 1 DAGs
[2023-08-31T15:29:10.038+0000] {logging_mixin.py:151} INFO - [2023-08-31T15:29:10.038+0000] {dag.py:3677} INFO - Setting next_dagrun for latest_only_with_trigger to 2023-08-31T11:29:10.038024+00:00, run_after=2023-08-31T15:29:10.038024+00:00
[2023-08-31T15:29:10.049+0000] {processor.py:179} INFO - Processing /home/airflow/.local/lib/python3.8/site-packages/airflow/example_dags/example_latest_only_with_trigger.py took 0.047 seconds
[2023-08-31T15:29:40.374+0000] {processor.py:157} INFO - Started process (PID=6512) to work on /home/airflow/.local/lib/python3.8/site-packages/airflow/example_dags/example_latest_only_with_trigger.py
[2023-08-31T15:29:40.376+0000] {processor.py:829} INFO - Processing file /home/airflow/.local/lib/python3.8/site-packages/airflow/example_dags/example_latest_only_with_trigger.py for tasks to queue
[2023-08-31T15:29:40.377+0000] {logging_mixin.py:151} INFO - [2023-08-31T15:29:40.377+0000] {dagbag.py:539} INFO - Filling up the DagBag from /home/airflow/.local/lib/python3.8/site-packages/airflow/example_dags/example_latest_only_with_trigger.py
[2023-08-31T15:29:40.382+0000] {processor.py:839} INFO - DAG(s) dict_keys(['latest_only_with_trigger']) retrieved from /home/airflow/.local/lib/python3.8/site-packages/airflow/example_dags/example_latest_only_with_trigger.py
[2023-08-31T15:29:40.398+0000] {logging_mixin.py:151} INFO - [2023-08-31T15:29:40.398+0000] {dag.py:2907} INFO - Sync 1 DAGs
[2023-08-31T15:29:40.412+0000] {logging_mixin.py:151} INFO - [2023-08-31T15:29:40.412+0000] {dag.py:3677} INFO - Setting next_dagrun for latest_only_with_trigger to 2023-08-31T11:29:40.412594+00:00, run_after=2023-08-31T15:29:40.412594+00:00
[2023-08-31T15:29:40.424+0000] {processor.py:179} INFO - Processing /home/airflow/.local/lib/python3.8/site-packages/airflow/example_dags/example_latest_only_with_trigger.py took 0.052 seconds
[2023-08-31T15:30:10.586+0000] {processor.py:157} INFO - Started process (PID=6754) to work on /home/airflow/.local/lib/python3.8/site-packages/airflow/example_dags/example_latest_only_with_trigger.py
[2023-08-31T15:30:10.588+0000] {processor.py:829} INFO - Processing file /home/airflow/.local/lib/python3.8/site-packages/airflow/example_dags/example_latest_only_with_trigger.py for tasks to queue
[2023-08-31T15:30:10.589+0000] {logging_mixin.py:151} INFO - [2023-08-31T15:30:10.589+0000] {dagbag.py:539} INFO - Filling up the DagBag from /home/airflow/.local/lib/python3.8/site-packages/airflow/example_dags/example_latest_only_with_trigger.py
[2023-08-31T15:30:10.596+0000] {processor.py:839} INFO - DAG(s) dict_keys(['latest_only_with_trigger']) retrieved from /home/airflow/.local/lib/python3.8/site-packages/airflow/example_dags/example_latest_only_with_trigger.py
[2023-08-31T15:30:10.612+0000] {logging_mixin.py:151} INFO - [2023-08-31T15:30:10.612+0000] {dag.py:2907} INFO - Sync 1 DAGs
[2023-08-31T15:30:10.625+0000] {logging_mixin.py:151} INFO - [2023-08-31T15:30:10.625+0000] {dag.py:3677} INFO - Setting next_dagrun for latest_only_with_trigger to 2023-08-31T11:30:10.625384+00:00, run_after=2023-08-31T15:30:10.625384+00:00
[2023-08-31T15:30:10.638+0000] {processor.py:179} INFO - Processing /home/airflow/.local/lib/python3.8/site-packages/airflow/example_dags/example_latest_only_with_trigger.py took 0.054 seconds
[2023-08-31T15:30:40.882+0000] {processor.py:157} INFO - Started process (PID=6995) to work on /home/airflow/.local/lib/python3.8/site-packages/airflow/example_dags/example_latest_only_with_trigger.py
[2023-08-31T15:30:40.883+0000] {processor.py:829} INFO - Processing file /home/airflow/.local/lib/python3.8/site-packages/airflow/example_dags/example_latest_only_with_trigger.py for tasks to queue
[2023-08-31T15:30:40.885+0000] {logging_mixin.py:151} INFO - [2023-08-31T15:30:40.884+0000] {dagbag.py:539} INFO - Filling up the DagBag from /home/airflow/.local/lib/python3.8/site-packages/airflow/example_dags/example_latest_only_with_trigger.py
[2023-08-31T15:30:40.890+0000] {processor.py:839} INFO - DAG(s) dict_keys(['latest_only_with_trigger']) retrieved from /home/airflow/.local/lib/python3.8/site-packages/airflow/example_dags/example_latest_only_with_trigger.py
[2023-08-31T15:30:40.903+0000] {logging_mixin.py:151} INFO - [2023-08-31T15:30:40.903+0000] {dag.py:2907} INFO - Sync 1 DAGs
[2023-08-31T15:30:40.916+0000] {logging_mixin.py:151} INFO - [2023-08-31T15:30:40.916+0000] {dag.py:3677} INFO - Setting next_dagrun for latest_only_with_trigger to 2023-08-31T11:30:40.915898+00:00, run_after=2023-08-31T15:30:40.915898+00:00
[2023-08-31T15:30:40.926+0000] {processor.py:179} INFO - Processing /home/airflow/.local/lib/python3.8/site-packages/airflow/example_dags/example_latest_only_with_trigger.py took 0.046 seconds
[2023-08-31T15:31:11.292+0000] {processor.py:157} INFO - Started process (PID=7234) to work on /home/airflow/.local/lib/python3.8/site-packages/airflow/example_dags/example_latest_only_with_trigger.py
[2023-08-31T15:31:11.293+0000] {processor.py:829} INFO - Processing file /home/airflow/.local/lib/python3.8/site-packages/airflow/example_dags/example_latest_only_with_trigger.py for tasks to queue
[2023-08-31T15:31:11.294+0000] {logging_mixin.py:151} INFO - [2023-08-31T15:31:11.294+0000] {dagbag.py:539} INFO - Filling up the DagBag from /home/airflow/.local/lib/python3.8/site-packages/airflow/example_dags/example_latest_only_with_trigger.py
[2023-08-31T15:31:11.300+0000] {processor.py:839} INFO - DAG(s) dict_keys(['latest_only_with_trigger']) retrieved from /home/airflow/.local/lib/python3.8/site-packages/airflow/example_dags/example_latest_only_with_trigger.py
[2023-08-31T15:31:11.315+0000] {logging_mixin.py:151} INFO - [2023-08-31T15:31:11.315+0000] {dag.py:2907} INFO - Sync 1 DAGs
[2023-08-31T15:31:11.328+0000] {logging_mixin.py:151} INFO - [2023-08-31T15:31:11.328+0000] {dag.py:3677} INFO - Setting next_dagrun for latest_only_with_trigger to 2023-08-31T11:31:11.327899+00:00, run_after=2023-08-31T15:31:11.327899+00:00
[2023-08-31T15:31:11.339+0000] {processor.py:179} INFO - Processing /home/airflow/.local/lib/python3.8/site-packages/airflow/example_dags/example_latest_only_with_trigger.py took 0.050 seconds
[2023-08-31T15:31:41.702+0000] {processor.py:157} INFO - Started process (PID=7471) to work on /home/airflow/.local/lib/python3.8/site-packages/airflow/example_dags/example_latest_only_with_trigger.py
[2023-08-31T15:31:41.704+0000] {processor.py:829} INFO - Processing file /home/airflow/.local/lib/python3.8/site-packages/airflow/example_dags/example_latest_only_with_trigger.py for tasks to queue
[2023-08-31T15:31:41.705+0000] {logging_mixin.py:151} INFO - [2023-08-31T15:31:41.704+0000] {dagbag.py:539} INFO - Filling up the DagBag from /home/airflow/.local/lib/python3.8/site-packages/airflow/example_dags/example_latest_only_with_trigger.py
[2023-08-31T15:31:41.710+0000] {processor.py:839} INFO - DAG(s) dict_keys(['latest_only_with_trigger']) retrieved from /home/airflow/.local/lib/python3.8/site-packages/airflow/example_dags/example_latest_only_with_trigger.py
[2023-08-31T15:31:41.724+0000] {logging_mixin.py:151} INFO - [2023-08-31T15:31:41.724+0000] {dag.py:2907} INFO - Sync 1 DAGs
[2023-08-31T15:31:41.737+0000] {logging_mixin.py:151} INFO - [2023-08-31T15:31:41.736+0000] {dag.py:3677} INFO - Setting next_dagrun for latest_only_with_trigger to 2023-08-31T11:31:41.736843+00:00, run_after=2023-08-31T15:31:41.736843+00:00
[2023-08-31T15:31:41.748+0000] {processor.py:179} INFO - Processing /home/airflow/.local/lib/python3.8/site-packages/airflow/example_dags/example_latest_only_with_trigger.py took 0.049 seconds
[2023-08-31T15:32:12.083+0000] {processor.py:157} INFO - Started process (PID=7710) to work on /home/airflow/.local/lib/python3.8/site-packages/airflow/example_dags/example_latest_only_with_trigger.py
[2023-08-31T15:32:12.085+0000] {processor.py:829} INFO - Processing file /home/airflow/.local/lib/python3.8/site-packages/airflow/example_dags/example_latest_only_with_trigger.py for tasks to queue
[2023-08-31T15:32:12.086+0000] {logging_mixin.py:151} INFO - [2023-08-31T15:32:12.086+0000] {dagbag.py:539} INFO - Filling up the DagBag from /home/airflow/.local/lib/python3.8/site-packages/airflow/example_dags/example_latest_only_with_trigger.py
[2023-08-31T15:32:12.091+0000] {processor.py:839} INFO - DAG(s) dict_keys(['latest_only_with_trigger']) retrieved from /home/airflow/.local/lib/python3.8/site-packages/airflow/example_dags/example_latest_only_with_trigger.py
[2023-08-31T15:32:12.110+0000] {logging_mixin.py:151} INFO - [2023-08-31T15:32:12.110+0000] {dag.py:2907} INFO - Sync 1 DAGs
[2023-08-31T15:32:12.124+0000] {logging_mixin.py:151} INFO - [2023-08-31T15:32:12.124+0000] {dag.py:3677} INFO - Setting next_dagrun for latest_only_with_trigger to 2023-08-31T11:32:12.124167+00:00, run_after=2023-08-31T15:32:12.124167+00:00
[2023-08-31T15:32:12.135+0000] {processor.py:179} INFO - Processing /home/airflow/.local/lib/python3.8/site-packages/airflow/example_dags/example_latest_only_with_trigger.py took 0.054 seconds
[2023-08-31T15:32:42.476+0000] {processor.py:157} INFO - Started process (PID=7952) to work on /home/airflow/.local/lib/python3.8/site-packages/airflow/example_dags/example_latest_only_with_trigger.py
[2023-08-31T15:32:42.478+0000] {processor.py:829} INFO - Processing file /home/airflow/.local/lib/python3.8/site-packages/airflow/example_dags/example_latest_only_with_trigger.py for tasks to queue
[2023-08-31T15:32:42.479+0000] {logging_mixin.py:151} INFO - [2023-08-31T15:32:42.479+0000] {dagbag.py:539} INFO - Filling up the DagBag from /home/airflow/.local/lib/python3.8/site-packages/airflow/example_dags/example_latest_only_with_trigger.py
[2023-08-31T15:32:42.483+0000] {processor.py:839} INFO - DAG(s) dict_keys(['latest_only_with_trigger']) retrieved from /home/airflow/.local/lib/python3.8/site-packages/airflow/example_dags/example_latest_only_with_trigger.py
[2023-08-31T15:32:42.497+0000] {logging_mixin.py:151} INFO - [2023-08-31T15:32:42.497+0000] {dag.py:2907} INFO - Sync 1 DAGs
[2023-08-31T15:32:42.509+0000] {logging_mixin.py:151} INFO - [2023-08-31T15:32:42.509+0000] {dag.py:3677} INFO - Setting next_dagrun for latest_only_with_trigger to 2023-08-31T11:32:42.509421+00:00, run_after=2023-08-31T15:32:42.509421+00:00
[2023-08-31T15:32:42.518+0000] {processor.py:179} INFO - Processing /home/airflow/.local/lib/python3.8/site-packages/airflow/example_dags/example_latest_only_with_trigger.py took 0.045 seconds
[2023-08-31T15:33:12.938+0000] {processor.py:157} INFO - Started process (PID=8189) to work on /home/airflow/.local/lib/python3.8/site-packages/airflow/example_dags/example_latest_only_with_trigger.py
[2023-08-31T15:33:12.939+0000] {processor.py:829} INFO - Processing file /home/airflow/.local/lib/python3.8/site-packages/airflow/example_dags/example_latest_only_with_trigger.py for tasks to queue
[2023-08-31T15:33:12.956+0000] {logging_mixin.py:151} INFO - [2023-08-31T15:33:12.956+0000] {dagbag.py:539} INFO - Filling up the DagBag from /home/airflow/.local/lib/python3.8/site-packages/airflow/example_dags/example_latest_only_with_trigger.py
[2023-08-31T15:33:12.961+0000] {processor.py:839} INFO - DAG(s) dict_keys(['latest_only_with_trigger']) retrieved from /home/airflow/.local/lib/python3.8/site-packages/airflow/example_dags/example_latest_only_with_trigger.py
[2023-08-31T15:33:12.975+0000] {logging_mixin.py:151} INFO - [2023-08-31T15:33:12.975+0000] {dag.py:2907} INFO - Sync 1 DAGs
[2023-08-31T15:33:12.988+0000] {logging_mixin.py:151} INFO - [2023-08-31T15:33:12.988+0000] {dag.py:3677} INFO - Setting next_dagrun for latest_only_with_trigger to 2023-08-31T11:33:12.988594+00:00, run_after=2023-08-31T15:33:12.988594+00:00
[2023-08-31T15:33:13.000+0000] {processor.py:179} INFO - Processing /home/airflow/.local/lib/python3.8/site-packages/airflow/example_dags/example_latest_only_with_trigger.py took 0.065 seconds
[2023-08-31T15:33:43.448+0000] {processor.py:157} INFO - Started process (PID=8431) to work on /home/airflow/.local/lib/python3.8/site-packages/airflow/example_dags/example_latest_only_with_trigger.py
[2023-08-31T15:33:43.450+0000] {processor.py:829} INFO - Processing file /home/airflow/.local/lib/python3.8/site-packages/airflow/example_dags/example_latest_only_with_trigger.py for tasks to queue
[2023-08-31T15:33:43.451+0000] {logging_mixin.py:151} INFO - [2023-08-31T15:33:43.451+0000] {dagbag.py:539} INFO - Filling up the DagBag from /home/airflow/.local/lib/python3.8/site-packages/airflow/example_dags/example_latest_only_with_trigger.py
[2023-08-31T15:33:43.457+0000] {processor.py:839} INFO - DAG(s) dict_keys(['latest_only_with_trigger']) retrieved from /home/airflow/.local/lib/python3.8/site-packages/airflow/example_dags/example_latest_only_with_trigger.py
[2023-08-31T15:33:43.481+0000] {logging_mixin.py:151} INFO - [2023-08-31T15:33:43.481+0000] {dag.py:2907} INFO - Sync 1 DAGs
[2023-08-31T15:33:43.497+0000] {logging_mixin.py:151} INFO - [2023-08-31T15:33:43.497+0000] {dag.py:3677} INFO - Setting next_dagrun for latest_only_with_trigger to 2023-08-31T11:33:43.497155+00:00, run_after=2023-08-31T15:33:43.497155+00:00
[2023-08-31T15:33:43.509+0000] {processor.py:179} INFO - Processing /home/airflow/.local/lib/python3.8/site-packages/airflow/example_dags/example_latest_only_with_trigger.py took 0.064 seconds
[2023-08-31T15:34:13.919+0000] {processor.py:157} INFO - Started process (PID=8670) to work on /home/airflow/.local/lib/python3.8/site-packages/airflow/example_dags/example_latest_only_with_trigger.py
[2023-08-31T15:34:13.927+0000] {processor.py:829} INFO - Processing file /home/airflow/.local/lib/python3.8/site-packages/airflow/example_dags/example_latest_only_with_trigger.py for tasks to queue
[2023-08-31T15:34:13.928+0000] {logging_mixin.py:151} INFO - [2023-08-31T15:34:13.928+0000] {dagbag.py:539} INFO - Filling up the DagBag from /home/airflow/.local/lib/python3.8/site-packages/airflow/example_dags/example_latest_only_with_trigger.py
[2023-08-31T15:34:13.933+0000] {processor.py:839} INFO - DAG(s) dict_keys(['latest_only_with_trigger']) retrieved from /home/airflow/.local/lib/python3.8/site-packages/airflow/example_dags/example_latest_only_with_trigger.py
[2023-08-31T15:34:13.948+0000] {logging_mixin.py:151} INFO - [2023-08-31T15:34:13.948+0000] {dag.py:2907} INFO - Sync 1 DAGs
[2023-08-31T15:34:13.961+0000] {logging_mixin.py:151} INFO - [2023-08-31T15:34:13.961+0000] {dag.py:3677} INFO - Setting next_dagrun for latest_only_with_trigger to 2023-08-31T11:34:13.961323+00:00, run_after=2023-08-31T15:34:13.961323+00:00
[2023-08-31T15:34:13.973+0000] {processor.py:179} INFO - Processing /home/airflow/.local/lib/python3.8/site-packages/airflow/example_dags/example_latest_only_with_trigger.py took 0.057 seconds
[2023-08-31T15:34:44.319+0000] {processor.py:157} INFO - Started process (PID=8910) to work on /home/airflow/.local/lib/python3.8/site-packages/airflow/example_dags/example_latest_only_with_trigger.py
[2023-08-31T15:34:44.321+0000] {processor.py:829} INFO - Processing file /home/airflow/.local/lib/python3.8/site-packages/airflow/example_dags/example_latest_only_with_trigger.py for tasks to queue
[2023-08-31T15:34:44.322+0000] {logging_mixin.py:151} INFO - [2023-08-31T15:34:44.322+0000] {dagbag.py:539} INFO - Filling up the DagBag from /home/airflow/.local/lib/python3.8/site-packages/airflow/example_dags/example_latest_only_with_trigger.py
[2023-08-31T15:34:44.327+0000] {processor.py:839} INFO - DAG(s) dict_keys(['latest_only_with_trigger']) retrieved from /home/airflow/.local/lib/python3.8/site-packages/airflow/example_dags/example_latest_only_with_trigger.py
[2023-08-31T15:34:44.342+0000] {logging_mixin.py:151} INFO - [2023-08-31T15:34:44.342+0000] {dag.py:2907} INFO - Sync 1 DAGs
[2023-08-31T15:34:44.355+0000] {logging_mixin.py:151} INFO - [2023-08-31T15:34:44.355+0000] {dag.py:3677} INFO - Setting next_dagrun for latest_only_with_trigger to 2023-08-31T11:34:44.355248+00:00, run_after=2023-08-31T15:34:44.355248+00:00
[2023-08-31T15:34:44.367+0000] {processor.py:179} INFO - Processing /home/airflow/.local/lib/python3.8/site-packages/airflow/example_dags/example_latest_only_with_trigger.py took 0.050 seconds
[2023-08-31T15:35:14.705+0000] {processor.py:157} INFO - Started process (PID=9152) to work on /home/airflow/.local/lib/python3.8/site-packages/airflow/example_dags/example_latest_only_with_trigger.py
[2023-08-31T15:35:14.707+0000] {processor.py:829} INFO - Processing file /home/airflow/.local/lib/python3.8/site-packages/airflow/example_dags/example_latest_only_with_trigger.py for tasks to queue
[2023-08-31T15:35:14.709+0000] {logging_mixin.py:151} INFO - [2023-08-31T15:35:14.709+0000] {dagbag.py:539} INFO - Filling up the DagBag from /home/airflow/.local/lib/python3.8/site-packages/airflow/example_dags/example_latest_only_with_trigger.py
[2023-08-31T15:35:14.715+0000] {processor.py:839} INFO - DAG(s) dict_keys(['latest_only_with_trigger']) retrieved from /home/airflow/.local/lib/python3.8/site-packages/airflow/example_dags/example_latest_only_with_trigger.py
[2023-08-31T15:35:14.729+0000] {logging_mixin.py:151} INFO - [2023-08-31T15:35:14.729+0000] {dag.py:2907} INFO - Sync 1 DAGs
[2023-08-31T15:35:14.743+0000] {logging_mixin.py:151} INFO - [2023-08-31T15:35:14.743+0000] {dag.py:3677} INFO - Setting next_dagrun for latest_only_with_trigger to 2023-08-31T11:35:14.743552+00:00, run_after=2023-08-31T15:35:14.743552+00:00
[2023-08-31T15:35:14.755+0000] {processor.py:179} INFO - Processing /home/airflow/.local/lib/python3.8/site-packages/airflow/example_dags/example_latest_only_with_trigger.py took 0.053 seconds
[2023-08-31T15:35:45.072+0000] {processor.py:157} INFO - Started process (PID=9393) to work on /home/airflow/.local/lib/python3.8/site-packages/airflow/example_dags/example_latest_only_with_trigger.py
[2023-08-31T15:35:45.073+0000] {processor.py:829} INFO - Processing file /home/airflow/.local/lib/python3.8/site-packages/airflow/example_dags/example_latest_only_with_trigger.py for tasks to queue
[2023-08-31T15:35:45.074+0000] {logging_mixin.py:151} INFO - [2023-08-31T15:35:45.074+0000] {dagbag.py:539} INFO - Filling up the DagBag from /home/airflow/.local/lib/python3.8/site-packages/airflow/example_dags/example_latest_only_with_trigger.py
[2023-08-31T15:35:45.079+0000] {processor.py:839} INFO - DAG(s) dict_keys(['latest_only_with_trigger']) retrieved from /home/airflow/.local/lib/python3.8/site-packages/airflow/example_dags/example_latest_only_with_trigger.py
[2023-08-31T15:35:45.095+0000] {logging_mixin.py:151} INFO - [2023-08-31T15:35:45.094+0000] {dag.py:2907} INFO - Sync 1 DAGs
[2023-08-31T15:35:45.108+0000] {logging_mixin.py:151} INFO - [2023-08-31T15:35:45.108+0000] {dag.py:3677} INFO - Setting next_dagrun for latest_only_with_trigger to 2023-08-31T11:35:45.108340+00:00, run_after=2023-08-31T15:35:45.108340+00:00
[2023-08-31T15:35:45.120+0000] {processor.py:179} INFO - Processing /home/airflow/.local/lib/python3.8/site-packages/airflow/example_dags/example_latest_only_with_trigger.py took 0.051 seconds
[2023-08-31T15:36:15.429+0000] {processor.py:157} INFO - Started process (PID=9632) to work on /home/airflow/.local/lib/python3.8/site-packages/airflow/example_dags/example_latest_only_with_trigger.py
[2023-08-31T15:36:15.431+0000] {processor.py:829} INFO - Processing file /home/airflow/.local/lib/python3.8/site-packages/airflow/example_dags/example_latest_only_with_trigger.py for tasks to queue
[2023-08-31T15:36:15.432+0000] {logging_mixin.py:151} INFO - [2023-08-31T15:36:15.432+0000] {dagbag.py:539} INFO - Filling up the DagBag from /home/airflow/.local/lib/python3.8/site-packages/airflow/example_dags/example_latest_only_with_trigger.py
[2023-08-31T15:36:15.437+0000] {processor.py:839} INFO - DAG(s) dict_keys(['latest_only_with_trigger']) retrieved from /home/airflow/.local/lib/python3.8/site-packages/airflow/example_dags/example_latest_only_with_trigger.py
[2023-08-31T15:36:15.451+0000] {logging_mixin.py:151} INFO - [2023-08-31T15:36:15.451+0000] {dag.py:2907} INFO - Sync 1 DAGs
[2023-08-31T15:36:15.463+0000] {logging_mixin.py:151} INFO - [2023-08-31T15:36:15.463+0000] {dag.py:3677} INFO - Setting next_dagrun for latest_only_with_trigger to 2023-08-31T11:36:15.463145+00:00, run_after=2023-08-31T15:36:15.463145+00:00
[2023-08-31T15:36:15.475+0000] {processor.py:179} INFO - Processing /home/airflow/.local/lib/python3.8/site-packages/airflow/example_dags/example_latest_only_with_trigger.py took 0.048 seconds
[2023-08-31T15:36:45.751+0000] {processor.py:157} INFO - Started process (PID=9872) to work on /home/airflow/.local/lib/python3.8/site-packages/airflow/example_dags/example_latest_only_with_trigger.py
[2023-08-31T15:36:45.753+0000] {processor.py:829} INFO - Processing file /home/airflow/.local/lib/python3.8/site-packages/airflow/example_dags/example_latest_only_with_trigger.py for tasks to queue
[2023-08-31T15:36:45.754+0000] {logging_mixin.py:151} INFO - [2023-08-31T15:36:45.754+0000] {dagbag.py:539} INFO - Filling up the DagBag from /home/airflow/.local/lib/python3.8/site-packages/airflow/example_dags/example_latest_only_with_trigger.py
[2023-08-31T15:36:45.760+0000] {processor.py:839} INFO - DAG(s) dict_keys(['latest_only_with_trigger']) retrieved from /home/airflow/.local/lib/python3.8/site-packages/airflow/example_dags/example_latest_only_with_trigger.py
[2023-08-31T15:36:45.775+0000] {logging_mixin.py:151} INFO - [2023-08-31T15:36:45.774+0000] {dag.py:2907} INFO - Sync 1 DAGs
[2023-08-31T15:36:45.795+0000] {logging_mixin.py:151} INFO - [2023-08-31T15:36:45.795+0000] {dag.py:3677} INFO - Setting next_dagrun for latest_only_with_trigger to 2023-08-31T11:36:45.795426+00:00, run_after=2023-08-31T15:36:45.795426+00:00
[2023-08-31T15:36:45.807+0000] {processor.py:179} INFO - Processing /home/airflow/.local/lib/python3.8/site-packages/airflow/example_dags/example_latest_only_with_trigger.py took 0.058 seconds
[2023-08-31T15:37:16.077+0000] {processor.py:157} INFO - Started process (PID=10111) to work on /home/airflow/.local/lib/python3.8/site-packages/airflow/example_dags/example_latest_only_with_trigger.py
[2023-08-31T15:37:16.078+0000] {processor.py:829} INFO - Processing file /home/airflow/.local/lib/python3.8/site-packages/airflow/example_dags/example_latest_only_with_trigger.py for tasks to queue
[2023-08-31T15:37:16.079+0000] {logging_mixin.py:151} INFO - [2023-08-31T15:37:16.079+0000] {dagbag.py:539} INFO - Filling up the DagBag from /home/airflow/.local/lib/python3.8/site-packages/airflow/example_dags/example_latest_only_with_trigger.py
[2023-08-31T15:37:16.085+0000] {processor.py:839} INFO - DAG(s) dict_keys(['latest_only_with_trigger']) retrieved from /home/airflow/.local/lib/python3.8/site-packages/airflow/example_dags/example_latest_only_with_trigger.py
[2023-08-31T15:37:16.099+0000] {logging_mixin.py:151} INFO - [2023-08-31T15:37:16.099+0000] {dag.py:2907} INFO - Sync 1 DAGs
[2023-08-31T15:37:16.113+0000] {logging_mixin.py:151} INFO - [2023-08-31T15:37:16.112+0000] {dag.py:3677} INFO - Setting next_dagrun for latest_only_with_trigger to 2023-08-31T11:37:16.112713+00:00, run_after=2023-08-31T15:37:16.112713+00:00
[2023-08-31T15:37:16.124+0000] {processor.py:179} INFO - Processing /home/airflow/.local/lib/python3.8/site-packages/airflow/example_dags/example_latest_only_with_trigger.py took 0.050 seconds
[2023-08-31T15:37:46.400+0000] {processor.py:157} INFO - Started process (PID=10354) to work on /home/airflow/.local/lib/python3.8/site-packages/airflow/example_dags/example_latest_only_with_trigger.py
[2023-08-31T15:37:46.401+0000] {processor.py:829} INFO - Processing file /home/airflow/.local/lib/python3.8/site-packages/airflow/example_dags/example_latest_only_with_trigger.py for tasks to queue
[2023-08-31T15:37:46.402+0000] {logging_mixin.py:151} INFO - [2023-08-31T15:37:46.402+0000] {dagbag.py:539} INFO - Filling up the DagBag from /home/airflow/.local/lib/python3.8/site-packages/airflow/example_dags/example_latest_only_with_trigger.py
[2023-08-31T15:37:46.407+0000] {processor.py:839} INFO - DAG(s) dict_keys(['latest_only_with_trigger']) retrieved from /home/airflow/.local/lib/python3.8/site-packages/airflow/example_dags/example_latest_only_with_trigger.py
[2023-08-31T15:37:46.423+0000] {logging_mixin.py:151} INFO - [2023-08-31T15:37:46.423+0000] {dag.py:2907} INFO - Sync 1 DAGs
[2023-08-31T15:37:46.436+0000] {logging_mixin.py:151} INFO - [2023-08-31T15:37:46.436+0000] {dag.py:3677} INFO - Setting next_dagrun for latest_only_with_trigger to 2023-08-31T11:37:46.436168+00:00, run_after=2023-08-31T15:37:46.436168+00:00
[2023-08-31T15:37:46.447+0000] {processor.py:179} INFO - Processing /home/airflow/.local/lib/python3.8/site-packages/airflow/example_dags/example_latest_only_with_trigger.py took 0.050 seconds
