[2023-08-31T15:16:27.580+0000] {processor.py:157} INFO - Started process (PID=167) to work on /home/airflow/.local/lib/python3.8/site-packages/airflow/example_dags/example_task_group_decorator.py
[2023-08-31T15:16:27.582+0000] {processor.py:829} INFO - Processing file /home/airflow/.local/lib/python3.8/site-packages/airflow/example_dags/example_task_group_decorator.py for tasks to queue
[2023-08-31T15:16:27.588+0000] {logging_mixin.py:151} INFO - [2023-08-31T15:16:27.584+0000] {dagbag.py:539} INFO - Filling up the DagBag from /home/airflow/.local/lib/python3.8/site-packages/airflow/example_dags/example_task_group_decorator.py
[2023-08-31T15:16:27.605+0000] {processor.py:839} INFO - DAG(s) dict_keys(['example_task_group_decorator']) retrieved from /home/airflow/.local/lib/python3.8/site-packages/airflow/example_dags/example_task_group_decorator.py
[2023-08-31T15:16:27.630+0000] {logging_mixin.py:151} INFO - [2023-08-31T15:16:27.630+0000] {dag.py:2907} INFO - Sync 1 DAGs
[2023-08-31T15:16:27.656+0000] {logging_mixin.py:151} INFO - [2023-08-31T15:16:27.656+0000] {dag.py:3677} INFO - Setting next_dagrun for example_task_group_decorator to 2023-08-30T15:16:27.656310+00:00, run_after=2023-08-31T15:16:27.656310+00:00
[2023-08-31T15:16:27.731+0000] {processor.py:179} INFO - Processing /home/airflow/.local/lib/python3.8/site-packages/airflow/example_dags/example_task_group_decorator.py took 0.154 seconds
[2023-08-31T15:16:57.858+0000] {processor.py:157} INFO - Started process (PID=412) to work on /home/airflow/.local/lib/python3.8/site-packages/airflow/example_dags/example_task_group_decorator.py
[2023-08-31T15:16:57.860+0000] {processor.py:829} INFO - Processing file /home/airflow/.local/lib/python3.8/site-packages/airflow/example_dags/example_task_group_decorator.py for tasks to queue
[2023-08-31T15:16:57.862+0000] {logging_mixin.py:151} INFO - [2023-08-31T15:16:57.862+0000] {dagbag.py:539} INFO - Filling up the DagBag from /home/airflow/.local/lib/python3.8/site-packages/airflow/example_dags/example_task_group_decorator.py
[2023-08-31T15:16:57.874+0000] {processor.py:839} INFO - DAG(s) dict_keys(['example_task_group_decorator']) retrieved from /home/airflow/.local/lib/python3.8/site-packages/airflow/example_dags/example_task_group_decorator.py
[2023-08-31T15:16:57.898+0000] {logging_mixin.py:151} INFO - [2023-08-31T15:16:57.898+0000] {dag.py:2907} INFO - Sync 1 DAGs
[2023-08-31T15:16:57.916+0000] {logging_mixin.py:151} INFO - [2023-08-31T15:16:57.916+0000] {dag.py:3677} INFO - Setting next_dagrun for example_task_group_decorator to 2023-08-30T15:16:57.916364+00:00, run_after=2023-08-31T15:16:57.916364+00:00
[2023-08-31T15:16:57.932+0000] {processor.py:179} INFO - Processing /home/airflow/.local/lib/python3.8/site-packages/airflow/example_dags/example_task_group_decorator.py took 0.078 seconds
[2023-08-31T15:17:28.505+0000] {processor.py:157} INFO - Started process (PID=651) to work on /home/airflow/.local/lib/python3.8/site-packages/airflow/example_dags/example_task_group_decorator.py
[2023-08-31T15:17:28.507+0000] {processor.py:829} INFO - Processing file /home/airflow/.local/lib/python3.8/site-packages/airflow/example_dags/example_task_group_decorator.py for tasks to queue
[2023-08-31T15:17:28.508+0000] {logging_mixin.py:151} INFO - [2023-08-31T15:17:28.508+0000] {dagbag.py:539} INFO - Filling up the DagBag from /home/airflow/.local/lib/python3.8/site-packages/airflow/example_dags/example_task_group_decorator.py
[2023-08-31T15:17:28.708+0000] {processor.py:839} INFO - DAG(s) dict_keys(['example_task_group_decorator']) retrieved from /home/airflow/.local/lib/python3.8/site-packages/airflow/example_dags/example_task_group_decorator.py
[2023-08-31T15:17:28.726+0000] {logging_mixin.py:151} INFO - [2023-08-31T15:17:28.726+0000] {dag.py:2907} INFO - Sync 1 DAGs
[2023-08-31T15:17:28.737+0000] {logging_mixin.py:151} INFO - [2023-08-31T15:17:28.737+0000] {dag.py:3677} INFO - Setting next_dagrun for example_task_group_decorator to 2023-08-30T15:17:28.737360+00:00, run_after=2023-08-31T15:17:28.737360+00:00
[2023-08-31T15:17:28.768+0000] {processor.py:179} INFO - Processing /home/airflow/.local/lib/python3.8/site-packages/airflow/example_dags/example_task_group_decorator.py took 0.267 seconds
[2023-08-31T15:17:58.900+0000] {processor.py:157} INFO - Started process (PID=890) to work on /home/airflow/.local/lib/python3.8/site-packages/airflow/example_dags/example_task_group_decorator.py
[2023-08-31T15:17:58.904+0000] {processor.py:829} INFO - Processing file /home/airflow/.local/lib/python3.8/site-packages/airflow/example_dags/example_task_group_decorator.py for tasks to queue
[2023-08-31T15:17:58.906+0000] {logging_mixin.py:151} INFO - [2023-08-31T15:17:58.905+0000] {dagbag.py:539} INFO - Filling up the DagBag from /home/airflow/.local/lib/python3.8/site-packages/airflow/example_dags/example_task_group_decorator.py
[2023-08-31T15:17:58.919+0000] {processor.py:839} INFO - DAG(s) dict_keys(['example_task_group_decorator']) retrieved from /home/airflow/.local/lib/python3.8/site-packages/airflow/example_dags/example_task_group_decorator.py
[2023-08-31T15:17:58.937+0000] {logging_mixin.py:151} INFO - [2023-08-31T15:17:58.937+0000] {dag.py:2907} INFO - Sync 1 DAGs
[2023-08-31T15:17:58.951+0000] {logging_mixin.py:151} INFO - [2023-08-31T15:17:58.951+0000] {dag.py:3677} INFO - Setting next_dagrun for example_task_group_decorator to 2023-08-30T15:17:58.951528+00:00, run_after=2023-08-31T15:17:58.951528+00:00
[2023-08-31T15:17:58.980+0000] {processor.py:179} INFO - Processing /home/airflow/.local/lib/python3.8/site-packages/airflow/example_dags/example_task_group_decorator.py took 0.084 seconds
[2023-08-31T15:18:29.562+0000] {processor.py:157} INFO - Started process (PID=1153) to work on /home/airflow/.local/lib/python3.8/site-packages/airflow/example_dags/example_task_group_decorator.py
[2023-08-31T15:18:29.565+0000] {processor.py:829} INFO - Processing file /home/airflow/.local/lib/python3.8/site-packages/airflow/example_dags/example_task_group_decorator.py for tasks to queue
[2023-08-31T15:18:29.571+0000] {logging_mixin.py:151} INFO - [2023-08-31T15:18:29.569+0000] {dagbag.py:539} INFO - Filling up the DagBag from /home/airflow/.local/lib/python3.8/site-packages/airflow/example_dags/example_task_group_decorator.py
[2023-08-31T15:18:29.640+0000] {processor.py:839} INFO - DAG(s) dict_keys(['example_task_group_decorator']) retrieved from /home/airflow/.local/lib/python3.8/site-packages/airflow/example_dags/example_task_group_decorator.py
[2023-08-31T15:18:29.691+0000] {logging_mixin.py:151} INFO - [2023-08-31T15:18:29.691+0000] {dag.py:2907} INFO - Sync 1 DAGs
[2023-08-31T15:18:29.724+0000] {logging_mixin.py:151} INFO - [2023-08-31T15:18:29.724+0000] {dag.py:3677} INFO - Setting next_dagrun for example_task_group_decorator to 2023-08-30T15:18:29.723387+00:00, run_after=2023-08-31T15:18:29.723387+00:00
[2023-08-31T15:18:29.739+0000] {processor.py:179} INFO - Processing /home/airflow/.local/lib/python3.8/site-packages/airflow/example_dags/example_task_group_decorator.py took 0.198 seconds
[2023-08-31T15:19:00.148+0000] {processor.py:157} INFO - Started process (PID=1394) to work on /home/airflow/.local/lib/python3.8/site-packages/airflow/example_dags/example_task_group_decorator.py
[2023-08-31T15:19:00.150+0000] {processor.py:829} INFO - Processing file /home/airflow/.local/lib/python3.8/site-packages/airflow/example_dags/example_task_group_decorator.py for tasks to queue
[2023-08-31T15:19:00.151+0000] {logging_mixin.py:151} INFO - [2023-08-31T15:19:00.151+0000] {dagbag.py:539} INFO - Filling up the DagBag from /home/airflow/.local/lib/python3.8/site-packages/airflow/example_dags/example_task_group_decorator.py
[2023-08-31T15:19:00.164+0000] {processor.py:839} INFO - DAG(s) dict_keys(['example_task_group_decorator']) retrieved from /home/airflow/.local/lib/python3.8/site-packages/airflow/example_dags/example_task_group_decorator.py
[2023-08-31T15:19:00.183+0000] {logging_mixin.py:151} INFO - [2023-08-31T15:19:00.183+0000] {dag.py:2907} INFO - Sync 1 DAGs
[2023-08-31T15:19:00.196+0000] {logging_mixin.py:151} INFO - [2023-08-31T15:19:00.196+0000] {dag.py:3677} INFO - Setting next_dagrun for example_task_group_decorator to 2023-08-30T15:19:00.196217+00:00, run_after=2023-08-31T15:19:00.196217+00:00
[2023-08-31T15:19:00.208+0000] {processor.py:179} INFO - Processing /home/airflow/.local/lib/python3.8/site-packages/airflow/example_dags/example_task_group_decorator.py took 0.064 seconds
[2023-08-31T15:19:30.602+0000] {processor.py:157} INFO - Started process (PID=1635) to work on /home/airflow/.local/lib/python3.8/site-packages/airflow/example_dags/example_task_group_decorator.py
[2023-08-31T15:19:30.604+0000] {processor.py:829} INFO - Processing file /home/airflow/.local/lib/python3.8/site-packages/airflow/example_dags/example_task_group_decorator.py for tasks to queue
[2023-08-31T15:19:30.605+0000] {logging_mixin.py:151} INFO - [2023-08-31T15:19:30.605+0000] {dagbag.py:539} INFO - Filling up the DagBag from /home/airflow/.local/lib/python3.8/site-packages/airflow/example_dags/example_task_group_decorator.py
[2023-08-31T15:19:30.619+0000] {processor.py:839} INFO - DAG(s) dict_keys(['example_task_group_decorator']) retrieved from /home/airflow/.local/lib/python3.8/site-packages/airflow/example_dags/example_task_group_decorator.py
[2023-08-31T15:19:30.638+0000] {logging_mixin.py:151} INFO - [2023-08-31T15:19:30.638+0000] {dag.py:2907} INFO - Sync 1 DAGs
[2023-08-31T15:19:30.650+0000] {logging_mixin.py:151} INFO - [2023-08-31T15:19:30.650+0000] {dag.py:3677} INFO - Setting next_dagrun for example_task_group_decorator to 2023-08-30T15:19:30.650530+00:00, run_after=2023-08-31T15:19:30.650530+00:00
[2023-08-31T15:19:30.661+0000] {processor.py:179} INFO - Processing /home/airflow/.local/lib/python3.8/site-packages/airflow/example_dags/example_task_group_decorator.py took 0.064 seconds
[2023-08-31T15:20:00.896+0000] {processor.py:157} INFO - Started process (PID=1875) to work on /home/airflow/.local/lib/python3.8/site-packages/airflow/example_dags/example_task_group_decorator.py
[2023-08-31T15:20:00.897+0000] {processor.py:829} INFO - Processing file /home/airflow/.local/lib/python3.8/site-packages/airflow/example_dags/example_task_group_decorator.py for tasks to queue
[2023-08-31T15:20:00.899+0000] {logging_mixin.py:151} INFO - [2023-08-31T15:20:00.899+0000] {dagbag.py:539} INFO - Filling up the DagBag from /home/airflow/.local/lib/python3.8/site-packages/airflow/example_dags/example_task_group_decorator.py
[2023-08-31T15:20:00.912+0000] {processor.py:839} INFO - DAG(s) dict_keys(['example_task_group_decorator']) retrieved from /home/airflow/.local/lib/python3.8/site-packages/airflow/example_dags/example_task_group_decorator.py
[2023-08-31T15:20:00.931+0000] {logging_mixin.py:151} INFO - [2023-08-31T15:20:00.931+0000] {dag.py:2907} INFO - Sync 1 DAGs
[2023-08-31T15:20:00.944+0000] {logging_mixin.py:151} INFO - [2023-08-31T15:20:00.944+0000] {dag.py:3677} INFO - Setting next_dagrun for example_task_group_decorator to 2023-08-30T15:20:00.943946+00:00, run_after=2023-08-31T15:20:00.943946+00:00
[2023-08-31T15:20:00.955+0000] {processor.py:179} INFO - Processing /home/airflow/.local/lib/python3.8/site-packages/airflow/example_dags/example_task_group_decorator.py took 0.063 seconds
[2023-08-31T15:20:31.167+0000] {processor.py:157} INFO - Started process (PID=2114) to work on /home/airflow/.local/lib/python3.8/site-packages/airflow/example_dags/example_task_group_decorator.py
[2023-08-31T15:20:31.169+0000] {processor.py:829} INFO - Processing file /home/airflow/.local/lib/python3.8/site-packages/airflow/example_dags/example_task_group_decorator.py for tasks to queue
[2023-08-31T15:20:31.170+0000] {logging_mixin.py:151} INFO - [2023-08-31T15:20:31.170+0000] {dagbag.py:539} INFO - Filling up the DagBag from /home/airflow/.local/lib/python3.8/site-packages/airflow/example_dags/example_task_group_decorator.py
[2023-08-31T15:20:31.182+0000] {processor.py:839} INFO - DAG(s) dict_keys(['example_task_group_decorator']) retrieved from /home/airflow/.local/lib/python3.8/site-packages/airflow/example_dags/example_task_group_decorator.py
[2023-08-31T15:20:31.215+0000] {logging_mixin.py:151} INFO - [2023-08-31T15:20:31.214+0000] {dag.py:2907} INFO - Sync 1 DAGs
[2023-08-31T15:20:31.232+0000] {logging_mixin.py:151} INFO - [2023-08-31T15:20:31.232+0000] {dag.py:3677} INFO - Setting next_dagrun for example_task_group_decorator to 2023-08-30T15:20:31.232338+00:00, run_after=2023-08-31T15:20:31.232338+00:00
[2023-08-31T15:20:31.246+0000] {processor.py:179} INFO - Processing /home/airflow/.local/lib/python3.8/site-packages/airflow/example_dags/example_task_group_decorator.py took 0.081 seconds
[2023-08-31T15:21:01.495+0000] {processor.py:157} INFO - Started process (PID=2355) to work on /home/airflow/.local/lib/python3.8/site-packages/airflow/example_dags/example_task_group_decorator.py
[2023-08-31T15:21:01.496+0000] {processor.py:829} INFO - Processing file /home/airflow/.local/lib/python3.8/site-packages/airflow/example_dags/example_task_group_decorator.py for tasks to queue
[2023-08-31T15:21:01.498+0000] {logging_mixin.py:151} INFO - [2023-08-31T15:21:01.497+0000] {dagbag.py:539} INFO - Filling up the DagBag from /home/airflow/.local/lib/python3.8/site-packages/airflow/example_dags/example_task_group_decorator.py
[2023-08-31T15:21:01.507+0000] {processor.py:839} INFO - DAG(s) dict_keys(['example_task_group_decorator']) retrieved from /home/airflow/.local/lib/python3.8/site-packages/airflow/example_dags/example_task_group_decorator.py
[2023-08-31T15:21:01.524+0000] {logging_mixin.py:151} INFO - [2023-08-31T15:21:01.524+0000] {dag.py:2907} INFO - Sync 1 DAGs
[2023-08-31T15:21:01.538+0000] {logging_mixin.py:151} INFO - [2023-08-31T15:21:01.538+0000] {dag.py:3677} INFO - Setting next_dagrun for example_task_group_decorator to 2023-08-30T15:21:01.538149+00:00, run_after=2023-08-31T15:21:01.538149+00:00
[2023-08-31T15:21:01.551+0000] {processor.py:179} INFO - Processing /home/airflow/.local/lib/python3.8/site-packages/airflow/example_dags/example_task_group_decorator.py took 0.058 seconds
[2023-08-31T15:21:31.890+0000] {processor.py:157} INFO - Started process (PID=2597) to work on /home/airflow/.local/lib/python3.8/site-packages/airflow/example_dags/example_task_group_decorator.py
[2023-08-31T15:21:31.891+0000] {processor.py:829} INFO - Processing file /home/airflow/.local/lib/python3.8/site-packages/airflow/example_dags/example_task_group_decorator.py for tasks to queue
[2023-08-31T15:21:31.893+0000] {logging_mixin.py:151} INFO - [2023-08-31T15:21:31.892+0000] {dagbag.py:539} INFO - Filling up the DagBag from /home/airflow/.local/lib/python3.8/site-packages/airflow/example_dags/example_task_group_decorator.py
[2023-08-31T15:21:31.906+0000] {processor.py:839} INFO - DAG(s) dict_keys(['example_task_group_decorator']) retrieved from /home/airflow/.local/lib/python3.8/site-packages/airflow/example_dags/example_task_group_decorator.py
[2023-08-31T15:21:31.925+0000] {logging_mixin.py:151} INFO - [2023-08-31T15:21:31.924+0000] {dag.py:2907} INFO - Sync 1 DAGs
[2023-08-31T15:21:31.938+0000] {logging_mixin.py:151} INFO - [2023-08-31T15:21:31.937+0000] {dag.py:3677} INFO - Setting next_dagrun for example_task_group_decorator to 2023-08-30T15:21:31.937773+00:00, run_after=2023-08-31T15:21:31.937773+00:00
[2023-08-31T15:21:31.948+0000] {processor.py:179} INFO - Processing /home/airflow/.local/lib/python3.8/site-packages/airflow/example_dags/example_task_group_decorator.py took 0.062 seconds
[2023-08-31T15:22:02.173+0000] {processor.py:157} INFO - Started process (PID=2837) to work on /home/airflow/.local/lib/python3.8/site-packages/airflow/example_dags/example_task_group_decorator.py
[2023-08-31T15:22:02.176+0000] {processor.py:829} INFO - Processing file /home/airflow/.local/lib/python3.8/site-packages/airflow/example_dags/example_task_group_decorator.py for tasks to queue
[2023-08-31T15:22:02.179+0000] {logging_mixin.py:151} INFO - [2023-08-31T15:22:02.179+0000] {dagbag.py:539} INFO - Filling up the DagBag from /home/airflow/.local/lib/python3.8/site-packages/airflow/example_dags/example_task_group_decorator.py
[2023-08-31T15:22:02.191+0000] {processor.py:839} INFO - DAG(s) dict_keys(['example_task_group_decorator']) retrieved from /home/airflow/.local/lib/python3.8/site-packages/airflow/example_dags/example_task_group_decorator.py
[2023-08-31T15:22:02.210+0000] {logging_mixin.py:151} INFO - [2023-08-31T15:22:02.210+0000] {dag.py:2907} INFO - Sync 1 DAGs
[2023-08-31T15:22:02.222+0000] {logging_mixin.py:151} INFO - [2023-08-31T15:22:02.222+0000] {dag.py:3677} INFO - Setting next_dagrun for example_task_group_decorator to 2023-08-30T15:22:02.222318+00:00, run_after=2023-08-31T15:22:02.222318+00:00
[2023-08-31T15:22:02.233+0000] {processor.py:179} INFO - Processing /home/airflow/.local/lib/python3.8/site-packages/airflow/example_dags/example_task_group_decorator.py took 0.063 seconds
[2023-08-31T15:22:32.481+0000] {processor.py:157} INFO - Started process (PID=3077) to work on /home/airflow/.local/lib/python3.8/site-packages/airflow/example_dags/example_task_group_decorator.py
[2023-08-31T15:22:32.483+0000] {processor.py:829} INFO - Processing file /home/airflow/.local/lib/python3.8/site-packages/airflow/example_dags/example_task_group_decorator.py for tasks to queue
[2023-08-31T15:22:32.484+0000] {logging_mixin.py:151} INFO - [2023-08-31T15:22:32.484+0000] {dagbag.py:539} INFO - Filling up the DagBag from /home/airflow/.local/lib/python3.8/site-packages/airflow/example_dags/example_task_group_decorator.py
[2023-08-31T15:22:32.497+0000] {processor.py:839} INFO - DAG(s) dict_keys(['example_task_group_decorator']) retrieved from /home/airflow/.local/lib/python3.8/site-packages/airflow/example_dags/example_task_group_decorator.py
[2023-08-31T15:22:32.515+0000] {logging_mixin.py:151} INFO - [2023-08-31T15:22:32.515+0000] {dag.py:2907} INFO - Sync 1 DAGs
[2023-08-31T15:22:32.527+0000] {logging_mixin.py:151} INFO - [2023-08-31T15:22:32.527+0000] {dag.py:3677} INFO - Setting next_dagrun for example_task_group_decorator to 2023-08-30T15:22:32.527427+00:00, run_after=2023-08-31T15:22:32.527427+00:00
[2023-08-31T15:22:32.539+0000] {processor.py:179} INFO - Processing /home/airflow/.local/lib/python3.8/site-packages/airflow/example_dags/example_task_group_decorator.py took 0.061 seconds
[2023-08-31T15:23:03.192+0000] {processor.py:157} INFO - Started process (PID=3319) to work on /home/airflow/.local/lib/python3.8/site-packages/airflow/example_dags/example_task_group_decorator.py
[2023-08-31T15:23:03.194+0000] {processor.py:829} INFO - Processing file /home/airflow/.local/lib/python3.8/site-packages/airflow/example_dags/example_task_group_decorator.py for tasks to queue
[2023-08-31T15:23:03.195+0000] {logging_mixin.py:151} INFO - [2023-08-31T15:23:03.195+0000] {dagbag.py:539} INFO - Filling up the DagBag from /home/airflow/.local/lib/python3.8/site-packages/airflow/example_dags/example_task_group_decorator.py
[2023-08-31T15:23:03.211+0000] {processor.py:839} INFO - DAG(s) dict_keys(['example_task_group_decorator']) retrieved from /home/airflow/.local/lib/python3.8/site-packages/airflow/example_dags/example_task_group_decorator.py
[2023-08-31T15:23:03.235+0000] {logging_mixin.py:151} INFO - [2023-08-31T15:23:03.235+0000] {dag.py:2907} INFO - Sync 1 DAGs
[2023-08-31T15:23:03.250+0000] {logging_mixin.py:151} INFO - [2023-08-31T15:23:03.249+0000] {dag.py:3677} INFO - Setting next_dagrun for example_task_group_decorator to 2023-08-30T15:23:03.249823+00:00, run_after=2023-08-31T15:23:03.249823+00:00
[2023-08-31T15:23:03.261+0000] {processor.py:179} INFO - Processing /home/airflow/.local/lib/python3.8/site-packages/airflow/example_dags/example_task_group_decorator.py took 0.073 seconds
[2023-08-31T15:23:33.729+0000] {processor.py:157} INFO - Started process (PID=3559) to work on /home/airflow/.local/lib/python3.8/site-packages/airflow/example_dags/example_task_group_decorator.py
[2023-08-31T15:23:33.730+0000] {processor.py:829} INFO - Processing file /home/airflow/.local/lib/python3.8/site-packages/airflow/example_dags/example_task_group_decorator.py for tasks to queue
[2023-08-31T15:23:33.732+0000] {logging_mixin.py:151} INFO - [2023-08-31T15:23:33.731+0000] {dagbag.py:539} INFO - Filling up the DagBag from /home/airflow/.local/lib/python3.8/site-packages/airflow/example_dags/example_task_group_decorator.py
[2023-08-31T15:23:33.744+0000] {processor.py:839} INFO - DAG(s) dict_keys(['example_task_group_decorator']) retrieved from /home/airflow/.local/lib/python3.8/site-packages/airflow/example_dags/example_task_group_decorator.py
[2023-08-31T15:23:33.763+0000] {logging_mixin.py:151} INFO - [2023-08-31T15:23:33.762+0000] {dag.py:2907} INFO - Sync 1 DAGs
[2023-08-31T15:23:33.775+0000] {logging_mixin.py:151} INFO - [2023-08-31T15:23:33.775+0000] {dag.py:3677} INFO - Setting next_dagrun for example_task_group_decorator to 2023-08-30T15:23:33.775676+00:00, run_after=2023-08-31T15:23:33.775676+00:00
[2023-08-31T15:23:33.787+0000] {processor.py:179} INFO - Processing /home/airflow/.local/lib/python3.8/site-packages/airflow/example_dags/example_task_group_decorator.py took 0.062 seconds
[2023-08-31T15:24:04.044+0000] {processor.py:157} INFO - Started process (PID=3801) to work on /home/airflow/.local/lib/python3.8/site-packages/airflow/example_dags/example_task_group_decorator.py
[2023-08-31T15:24:04.046+0000] {processor.py:829} INFO - Processing file /home/airflow/.local/lib/python3.8/site-packages/airflow/example_dags/example_task_group_decorator.py for tasks to queue
[2023-08-31T15:24:04.047+0000] {logging_mixin.py:151} INFO - [2023-08-31T15:24:04.047+0000] {dagbag.py:539} INFO - Filling up the DagBag from /home/airflow/.local/lib/python3.8/site-packages/airflow/example_dags/example_task_group_decorator.py
[2023-08-31T15:24:04.060+0000] {processor.py:839} INFO - DAG(s) dict_keys(['example_task_group_decorator']) retrieved from /home/airflow/.local/lib/python3.8/site-packages/airflow/example_dags/example_task_group_decorator.py
[2023-08-31T15:24:04.081+0000] {logging_mixin.py:151} INFO - [2023-08-31T15:24:04.081+0000] {dag.py:2907} INFO - Sync 1 DAGs
[2023-08-31T15:24:04.094+0000] {logging_mixin.py:151} INFO - [2023-08-31T15:24:04.094+0000] {dag.py:3677} INFO - Setting next_dagrun for example_task_group_decorator to 2023-08-30T15:24:04.094018+00:00, run_after=2023-08-31T15:24:04.094018+00:00
[2023-08-31T15:24:04.106+0000] {processor.py:179} INFO - Processing /home/airflow/.local/lib/python3.8/site-packages/airflow/example_dags/example_task_group_decorator.py took 0.065 seconds
[2023-08-31T15:24:34.303+0000] {processor.py:157} INFO - Started process (PID=4041) to work on /home/airflow/.local/lib/python3.8/site-packages/airflow/example_dags/example_task_group_decorator.py
[2023-08-31T15:24:34.305+0000] {processor.py:829} INFO - Processing file /home/airflow/.local/lib/python3.8/site-packages/airflow/example_dags/example_task_group_decorator.py for tasks to queue
[2023-08-31T15:24:34.307+0000] {logging_mixin.py:151} INFO - [2023-08-31T15:24:34.306+0000] {dagbag.py:539} INFO - Filling up the DagBag from /home/airflow/.local/lib/python3.8/site-packages/airflow/example_dags/example_task_group_decorator.py
[2023-08-31T15:24:34.319+0000] {processor.py:839} INFO - DAG(s) dict_keys(['example_task_group_decorator']) retrieved from /home/airflow/.local/lib/python3.8/site-packages/airflow/example_dags/example_task_group_decorator.py
[2023-08-31T15:24:34.337+0000] {logging_mixin.py:151} INFO - [2023-08-31T15:24:34.337+0000] {dag.py:2907} INFO - Sync 1 DAGs
[2023-08-31T15:24:34.349+0000] {logging_mixin.py:151} INFO - [2023-08-31T15:24:34.349+0000] {dag.py:3677} INFO - Setting next_dagrun for example_task_group_decorator to 2023-08-30T15:24:34.349357+00:00, run_after=2023-08-31T15:24:34.349357+00:00
[2023-08-31T15:24:34.361+0000] {processor.py:179} INFO - Processing /home/airflow/.local/lib/python3.8/site-packages/airflow/example_dags/example_task_group_decorator.py took 0.061 seconds
[2023-08-31T15:25:04.591+0000] {processor.py:157} INFO - Started process (PID=4281) to work on /home/airflow/.local/lib/python3.8/site-packages/airflow/example_dags/example_task_group_decorator.py
[2023-08-31T15:25:04.592+0000] {processor.py:829} INFO - Processing file /home/airflow/.local/lib/python3.8/site-packages/airflow/example_dags/example_task_group_decorator.py for tasks to queue
[2023-08-31T15:25:04.594+0000] {logging_mixin.py:151} INFO - [2023-08-31T15:25:04.593+0000] {dagbag.py:539} INFO - Filling up the DagBag from /home/airflow/.local/lib/python3.8/site-packages/airflow/example_dags/example_task_group_decorator.py
[2023-08-31T15:25:04.605+0000] {processor.py:839} INFO - DAG(s) dict_keys(['example_task_group_decorator']) retrieved from /home/airflow/.local/lib/python3.8/site-packages/airflow/example_dags/example_task_group_decorator.py
[2023-08-31T15:25:04.622+0000] {logging_mixin.py:151} INFO - [2023-08-31T15:25:04.622+0000] {dag.py:2907} INFO - Sync 1 DAGs
[2023-08-31T15:25:04.635+0000] {logging_mixin.py:151} INFO - [2023-08-31T15:25:04.635+0000] {dag.py:3677} INFO - Setting next_dagrun for example_task_group_decorator to 2023-08-30T15:25:04.635096+00:00, run_after=2023-08-31T15:25:04.635096+00:00
[2023-08-31T15:25:04.646+0000] {processor.py:179} INFO - Processing /home/airflow/.local/lib/python3.8/site-packages/airflow/example_dags/example_task_group_decorator.py took 0.059 seconds
[2023-08-31T15:25:34.879+0000] {processor.py:157} INFO - Started process (PID=4520) to work on /home/airflow/.local/lib/python3.8/site-packages/airflow/example_dags/example_task_group_decorator.py
[2023-08-31T15:25:34.881+0000] {processor.py:829} INFO - Processing file /home/airflow/.local/lib/python3.8/site-packages/airflow/example_dags/example_task_group_decorator.py for tasks to queue
[2023-08-31T15:25:34.883+0000] {logging_mixin.py:151} INFO - [2023-08-31T15:25:34.883+0000] {dagbag.py:539} INFO - Filling up the DagBag from /home/airflow/.local/lib/python3.8/site-packages/airflow/example_dags/example_task_group_decorator.py
[2023-08-31T15:25:34.895+0000] {processor.py:839} INFO - DAG(s) dict_keys(['example_task_group_decorator']) retrieved from /home/airflow/.local/lib/python3.8/site-packages/airflow/example_dags/example_task_group_decorator.py
[2023-08-31T15:25:34.913+0000] {logging_mixin.py:151} INFO - [2023-08-31T15:25:34.913+0000] {dag.py:2907} INFO - Sync 1 DAGs
[2023-08-31T15:25:34.925+0000] {logging_mixin.py:151} INFO - [2023-08-31T15:25:34.925+0000] {dag.py:3677} INFO - Setting next_dagrun for example_task_group_decorator to 2023-08-30T15:25:34.925403+00:00, run_after=2023-08-31T15:25:34.925403+00:00
[2023-08-31T15:25:34.937+0000] {processor.py:179} INFO - Processing /home/airflow/.local/lib/python3.8/site-packages/airflow/example_dags/example_task_group_decorator.py took 0.061 seconds
[2023-08-31T15:26:05.158+0000] {processor.py:157} INFO - Started process (PID=4761) to work on /home/airflow/.local/lib/python3.8/site-packages/airflow/example_dags/example_task_group_decorator.py
[2023-08-31T15:26:05.160+0000] {processor.py:829} INFO - Processing file /home/airflow/.local/lib/python3.8/site-packages/airflow/example_dags/example_task_group_decorator.py for tasks to queue
[2023-08-31T15:26:05.161+0000] {logging_mixin.py:151} INFO - [2023-08-31T15:26:05.161+0000] {dagbag.py:539} INFO - Filling up the DagBag from /home/airflow/.local/lib/python3.8/site-packages/airflow/example_dags/example_task_group_decorator.py
[2023-08-31T15:26:05.174+0000] {processor.py:839} INFO - DAG(s) dict_keys(['example_task_group_decorator']) retrieved from /home/airflow/.local/lib/python3.8/site-packages/airflow/example_dags/example_task_group_decorator.py
[2023-08-31T15:26:05.191+0000] {logging_mixin.py:151} INFO - [2023-08-31T15:26:05.191+0000] {dag.py:2907} INFO - Sync 1 DAGs
[2023-08-31T15:26:05.203+0000] {logging_mixin.py:151} INFO - [2023-08-31T15:26:05.203+0000] {dag.py:3677} INFO - Setting next_dagrun for example_task_group_decorator to 2023-08-30T15:26:05.203686+00:00, run_after=2023-08-31T15:26:05.203686+00:00
[2023-08-31T15:26:05.216+0000] {processor.py:179} INFO - Processing /home/airflow/.local/lib/python3.8/site-packages/airflow/example_dags/example_task_group_decorator.py took 0.061 seconds
[2023-08-31T15:26:35.495+0000] {processor.py:157} INFO - Started process (PID=5000) to work on /home/airflow/.local/lib/python3.8/site-packages/airflow/example_dags/example_task_group_decorator.py
[2023-08-31T15:26:35.497+0000] {processor.py:829} INFO - Processing file /home/airflow/.local/lib/python3.8/site-packages/airflow/example_dags/example_task_group_decorator.py for tasks to queue
[2023-08-31T15:26:35.499+0000] {logging_mixin.py:151} INFO - [2023-08-31T15:26:35.499+0000] {dagbag.py:539} INFO - Filling up the DagBag from /home/airflow/.local/lib/python3.8/site-packages/airflow/example_dags/example_task_group_decorator.py
[2023-08-31T15:26:35.513+0000] {processor.py:839} INFO - DAG(s) dict_keys(['example_task_group_decorator']) retrieved from /home/airflow/.local/lib/python3.8/site-packages/airflow/example_dags/example_task_group_decorator.py
[2023-08-31T15:26:35.533+0000] {logging_mixin.py:151} INFO - [2023-08-31T15:26:35.533+0000] {dag.py:2907} INFO - Sync 1 DAGs
[2023-08-31T15:26:35.546+0000] {logging_mixin.py:151} INFO - [2023-08-31T15:26:35.546+0000] {dag.py:3677} INFO - Setting next_dagrun for example_task_group_decorator to 2023-08-30T15:26:35.546403+00:00, run_after=2023-08-31T15:26:35.546403+00:00
[2023-08-31T15:26:35.558+0000] {processor.py:179} INFO - Processing /home/airflow/.local/lib/python3.8/site-packages/airflow/example_dags/example_task_group_decorator.py took 0.066 seconds
[2023-08-31T15:27:05.790+0000] {processor.py:157} INFO - Started process (PID=5239) to work on /home/airflow/.local/lib/python3.8/site-packages/airflow/example_dags/example_task_group_decorator.py
[2023-08-31T15:27:05.791+0000] {processor.py:829} INFO - Processing file /home/airflow/.local/lib/python3.8/site-packages/airflow/example_dags/example_task_group_decorator.py for tasks to queue
[2023-08-31T15:27:05.792+0000] {logging_mixin.py:151} INFO - [2023-08-31T15:27:05.792+0000] {dagbag.py:539} INFO - Filling up the DagBag from /home/airflow/.local/lib/python3.8/site-packages/airflow/example_dags/example_task_group_decorator.py
[2023-08-31T15:27:05.802+0000] {processor.py:839} INFO - DAG(s) dict_keys(['example_task_group_decorator']) retrieved from /home/airflow/.local/lib/python3.8/site-packages/airflow/example_dags/example_task_group_decorator.py
[2023-08-31T15:27:05.818+0000] {logging_mixin.py:151} INFO - [2023-08-31T15:27:05.818+0000] {dag.py:2907} INFO - Sync 1 DAGs
[2023-08-31T15:27:05.831+0000] {logging_mixin.py:151} INFO - [2023-08-31T15:27:05.831+0000] {dag.py:3677} INFO - Setting next_dagrun for example_task_group_decorator to 2023-08-30T15:27:05.831223+00:00, run_after=2023-08-31T15:27:05.831223+00:00
[2023-08-31T15:27:05.844+0000] {processor.py:179} INFO - Processing /home/airflow/.local/lib/python3.8/site-packages/airflow/example_dags/example_task_group_decorator.py took 0.057 seconds
[2023-08-31T15:27:36.222+0000] {processor.py:157} INFO - Started process (PID=5479) to work on /home/airflow/.local/lib/python3.8/site-packages/airflow/example_dags/example_task_group_decorator.py
[2023-08-31T15:27:36.223+0000] {processor.py:829} INFO - Processing file /home/airflow/.local/lib/python3.8/site-packages/airflow/example_dags/example_task_group_decorator.py for tasks to queue
[2023-08-31T15:27:36.225+0000] {logging_mixin.py:151} INFO - [2023-08-31T15:27:36.225+0000] {dagbag.py:539} INFO - Filling up the DagBag from /home/airflow/.local/lib/python3.8/site-packages/airflow/example_dags/example_task_group_decorator.py
[2023-08-31T15:27:36.239+0000] {processor.py:839} INFO - DAG(s) dict_keys(['example_task_group_decorator']) retrieved from /home/airflow/.local/lib/python3.8/site-packages/airflow/example_dags/example_task_group_decorator.py
[2023-08-31T15:27:36.257+0000] {logging_mixin.py:151} INFO - [2023-08-31T15:27:36.257+0000] {dag.py:2907} INFO - Sync 1 DAGs
[2023-08-31T15:27:36.270+0000] {logging_mixin.py:151} INFO - [2023-08-31T15:27:36.270+0000] {dag.py:3677} INFO - Setting next_dagrun for example_task_group_decorator to 2023-08-30T15:27:36.270108+00:00, run_after=2023-08-31T15:27:36.270108+00:00
[2023-08-31T15:27:36.280+0000] {processor.py:179} INFO - Processing /home/airflow/.local/lib/python3.8/site-packages/airflow/example_dags/example_task_group_decorator.py took 0.062 seconds
[2023-08-31T15:28:06.590+0000] {processor.py:157} INFO - Started process (PID=5719) to work on /home/airflow/.local/lib/python3.8/site-packages/airflow/example_dags/example_task_group_decorator.py
[2023-08-31T15:28:06.593+0000] {processor.py:829} INFO - Processing file /home/airflow/.local/lib/python3.8/site-packages/airflow/example_dags/example_task_group_decorator.py for tasks to queue
[2023-08-31T15:28:06.594+0000] {logging_mixin.py:151} INFO - [2023-08-31T15:28:06.594+0000] {dagbag.py:539} INFO - Filling up the DagBag from /home/airflow/.local/lib/python3.8/site-packages/airflow/example_dags/example_task_group_decorator.py
[2023-08-31T15:28:06.607+0000] {processor.py:839} INFO - DAG(s) dict_keys(['example_task_group_decorator']) retrieved from /home/airflow/.local/lib/python3.8/site-packages/airflow/example_dags/example_task_group_decorator.py
[2023-08-31T15:28:06.626+0000] {logging_mixin.py:151} INFO - [2023-08-31T15:28:06.626+0000] {dag.py:2907} INFO - Sync 1 DAGs
[2023-08-31T15:28:06.638+0000] {logging_mixin.py:151} INFO - [2023-08-31T15:28:06.638+0000] {dag.py:3677} INFO - Setting next_dagrun for example_task_group_decorator to 2023-08-30T15:28:06.638511+00:00, run_after=2023-08-31T15:28:06.638511+00:00
[2023-08-31T15:28:06.649+0000] {processor.py:179} INFO - Processing /home/airflow/.local/lib/python3.8/site-packages/airflow/example_dags/example_task_group_decorator.py took 0.064 seconds
[2023-08-31T15:28:36.894+0000] {processor.py:157} INFO - Started process (PID=5960) to work on /home/airflow/.local/lib/python3.8/site-packages/airflow/example_dags/example_task_group_decorator.py
[2023-08-31T15:28:36.895+0000] {processor.py:829} INFO - Processing file /home/airflow/.local/lib/python3.8/site-packages/airflow/example_dags/example_task_group_decorator.py for tasks to queue
[2023-08-31T15:28:36.897+0000] {logging_mixin.py:151} INFO - [2023-08-31T15:28:36.897+0000] {dagbag.py:539} INFO - Filling up the DagBag from /home/airflow/.local/lib/python3.8/site-packages/airflow/example_dags/example_task_group_decorator.py
[2023-08-31T15:28:36.912+0000] {processor.py:839} INFO - DAG(s) dict_keys(['example_task_group_decorator']) retrieved from /home/airflow/.local/lib/python3.8/site-packages/airflow/example_dags/example_task_group_decorator.py
[2023-08-31T15:28:36.938+0000] {logging_mixin.py:151} INFO - [2023-08-31T15:28:36.938+0000] {dag.py:2907} INFO - Sync 1 DAGs
[2023-08-31T15:28:36.954+0000] {logging_mixin.py:151} INFO - [2023-08-31T15:28:36.954+0000] {dag.py:3677} INFO - Setting next_dagrun for example_task_group_decorator to 2023-08-30T15:28:36.954035+00:00, run_after=2023-08-31T15:28:36.954035+00:00
[2023-08-31T15:28:36.966+0000] {processor.py:179} INFO - Processing /home/airflow/.local/lib/python3.8/site-packages/airflow/example_dags/example_task_group_decorator.py took 0.077 seconds
[2023-08-31T15:29:07.166+0000] {processor.py:157} INFO - Started process (PID=6202) to work on /home/airflow/.local/lib/python3.8/site-packages/airflow/example_dags/example_task_group_decorator.py
[2023-08-31T15:29:07.168+0000] {processor.py:829} INFO - Processing file /home/airflow/.local/lib/python3.8/site-packages/airflow/example_dags/example_task_group_decorator.py for tasks to queue
[2023-08-31T15:29:07.169+0000] {logging_mixin.py:151} INFO - [2023-08-31T15:29:07.169+0000] {dagbag.py:539} INFO - Filling up the DagBag from /home/airflow/.local/lib/python3.8/site-packages/airflow/example_dags/example_task_group_decorator.py
[2023-08-31T15:29:07.181+0000] {processor.py:839} INFO - DAG(s) dict_keys(['example_task_group_decorator']) retrieved from /home/airflow/.local/lib/python3.8/site-packages/airflow/example_dags/example_task_group_decorator.py
[2023-08-31T15:29:07.200+0000] {logging_mixin.py:151} INFO - [2023-08-31T15:29:07.200+0000] {dag.py:2907} INFO - Sync 1 DAGs
[2023-08-31T15:29:07.212+0000] {logging_mixin.py:151} INFO - [2023-08-31T15:29:07.212+0000] {dag.py:3677} INFO - Setting next_dagrun for example_task_group_decorator to 2023-08-30T15:29:07.212680+00:00, run_after=2023-08-31T15:29:07.212680+00:00
[2023-08-31T15:29:07.224+0000] {processor.py:179} INFO - Processing /home/airflow/.local/lib/python3.8/site-packages/airflow/example_dags/example_task_group_decorator.py took 0.062 seconds
[2023-08-31T15:29:37.601+0000] {processor.py:157} INFO - Started process (PID=6442) to work on /home/airflow/.local/lib/python3.8/site-packages/airflow/example_dags/example_task_group_decorator.py
[2023-08-31T15:29:37.603+0000] {processor.py:829} INFO - Processing file /home/airflow/.local/lib/python3.8/site-packages/airflow/example_dags/example_task_group_decorator.py for tasks to queue
[2023-08-31T15:29:37.605+0000] {logging_mixin.py:151} INFO - [2023-08-31T15:29:37.604+0000] {dagbag.py:539} INFO - Filling up the DagBag from /home/airflow/.local/lib/python3.8/site-packages/airflow/example_dags/example_task_group_decorator.py
[2023-08-31T15:29:37.618+0000] {processor.py:839} INFO - DAG(s) dict_keys(['example_task_group_decorator']) retrieved from /home/airflow/.local/lib/python3.8/site-packages/airflow/example_dags/example_task_group_decorator.py
[2023-08-31T15:29:37.637+0000] {logging_mixin.py:151} INFO - [2023-08-31T15:29:37.637+0000] {dag.py:2907} INFO - Sync 1 DAGs
[2023-08-31T15:29:37.650+0000] {logging_mixin.py:151} INFO - [2023-08-31T15:29:37.650+0000] {dag.py:3677} INFO - Setting next_dagrun for example_task_group_decorator to 2023-08-30T15:29:37.650313+00:00, run_after=2023-08-31T15:29:37.650313+00:00
[2023-08-31T15:29:37.662+0000] {processor.py:179} INFO - Processing /home/airflow/.local/lib/python3.8/site-packages/airflow/example_dags/example_task_group_decorator.py took 0.065 seconds
[2023-08-31T15:30:07.881+0000] {processor.py:157} INFO - Started process (PID=6682) to work on /home/airflow/.local/lib/python3.8/site-packages/airflow/example_dags/example_task_group_decorator.py
[2023-08-31T15:30:07.883+0000] {processor.py:829} INFO - Processing file /home/airflow/.local/lib/python3.8/site-packages/airflow/example_dags/example_task_group_decorator.py for tasks to queue
[2023-08-31T15:30:07.885+0000] {logging_mixin.py:151} INFO - [2023-08-31T15:30:07.884+0000] {dagbag.py:539} INFO - Filling up the DagBag from /home/airflow/.local/lib/python3.8/site-packages/airflow/example_dags/example_task_group_decorator.py
[2023-08-31T15:30:07.897+0000] {processor.py:839} INFO - DAG(s) dict_keys(['example_task_group_decorator']) retrieved from /home/airflow/.local/lib/python3.8/site-packages/airflow/example_dags/example_task_group_decorator.py
[2023-08-31T15:30:07.916+0000] {logging_mixin.py:151} INFO - [2023-08-31T15:30:07.916+0000] {dag.py:2907} INFO - Sync 1 DAGs
[2023-08-31T15:30:07.928+0000] {logging_mixin.py:151} INFO - [2023-08-31T15:30:07.928+0000] {dag.py:3677} INFO - Setting next_dagrun for example_task_group_decorator to 2023-08-30T15:30:07.928277+00:00, run_after=2023-08-31T15:30:07.928277+00:00
[2023-08-31T15:30:07.939+0000] {processor.py:179} INFO - Processing /home/airflow/.local/lib/python3.8/site-packages/airflow/example_dags/example_task_group_decorator.py took 0.062 seconds
[2023-08-31T15:30:38.102+0000] {processor.py:157} INFO - Started process (PID=6923) to work on /home/airflow/.local/lib/python3.8/site-packages/airflow/example_dags/example_task_group_decorator.py
[2023-08-31T15:30:38.104+0000] {processor.py:829} INFO - Processing file /home/airflow/.local/lib/python3.8/site-packages/airflow/example_dags/example_task_group_decorator.py for tasks to queue
[2023-08-31T15:30:38.106+0000] {logging_mixin.py:151} INFO - [2023-08-31T15:30:38.105+0000] {dagbag.py:539} INFO - Filling up the DagBag from /home/airflow/.local/lib/python3.8/site-packages/airflow/example_dags/example_task_group_decorator.py
[2023-08-31T15:30:38.119+0000] {processor.py:839} INFO - DAG(s) dict_keys(['example_task_group_decorator']) retrieved from /home/airflow/.local/lib/python3.8/site-packages/airflow/example_dags/example_task_group_decorator.py
[2023-08-31T15:30:38.138+0000] {logging_mixin.py:151} INFO - [2023-08-31T15:30:38.137+0000] {dag.py:2907} INFO - Sync 1 DAGs
[2023-08-31T15:30:38.150+0000] {logging_mixin.py:151} INFO - [2023-08-31T15:30:38.150+0000] {dag.py:3677} INFO - Setting next_dagrun for example_task_group_decorator to 2023-08-30T15:30:38.150117+00:00, run_after=2023-08-31T15:30:38.150117+00:00
[2023-08-31T15:30:38.162+0000] {processor.py:179} INFO - Processing /home/airflow/.local/lib/python3.8/site-packages/airflow/example_dags/example_task_group_decorator.py took 0.064 seconds
[2023-08-31T15:31:08.468+0000] {processor.py:157} INFO - Started process (PID=7162) to work on /home/airflow/.local/lib/python3.8/site-packages/airflow/example_dags/example_task_group_decorator.py
[2023-08-31T15:31:08.469+0000] {processor.py:829} INFO - Processing file /home/airflow/.local/lib/python3.8/site-packages/airflow/example_dags/example_task_group_decorator.py for tasks to queue
[2023-08-31T15:31:08.471+0000] {logging_mixin.py:151} INFO - [2023-08-31T15:31:08.471+0000] {dagbag.py:539} INFO - Filling up the DagBag from /home/airflow/.local/lib/python3.8/site-packages/airflow/example_dags/example_task_group_decorator.py
[2023-08-31T15:31:08.484+0000] {processor.py:839} INFO - DAG(s) dict_keys(['example_task_group_decorator']) retrieved from /home/airflow/.local/lib/python3.8/site-packages/airflow/example_dags/example_task_group_decorator.py
[2023-08-31T15:31:08.504+0000] {logging_mixin.py:151} INFO - [2023-08-31T15:31:08.504+0000] {dag.py:2907} INFO - Sync 1 DAGs
[2023-08-31T15:31:08.517+0000] {logging_mixin.py:151} INFO - [2023-08-31T15:31:08.517+0000] {dag.py:3677} INFO - Setting next_dagrun for example_task_group_decorator to 2023-08-30T15:31:08.516906+00:00, run_after=2023-08-31T15:31:08.516906+00:00
[2023-08-31T15:31:08.529+0000] {processor.py:179} INFO - Processing /home/airflow/.local/lib/python3.8/site-packages/airflow/example_dags/example_task_group_decorator.py took 0.065 seconds
[2023-08-31T15:31:38.900+0000] {processor.py:157} INFO - Started process (PID=7401) to work on /home/airflow/.local/lib/python3.8/site-packages/airflow/example_dags/example_task_group_decorator.py
[2023-08-31T15:31:38.901+0000] {processor.py:829} INFO - Processing file /home/airflow/.local/lib/python3.8/site-packages/airflow/example_dags/example_task_group_decorator.py for tasks to queue
[2023-08-31T15:31:38.903+0000] {logging_mixin.py:151} INFO - [2023-08-31T15:31:38.903+0000] {dagbag.py:539} INFO - Filling up the DagBag from /home/airflow/.local/lib/python3.8/site-packages/airflow/example_dags/example_task_group_decorator.py
[2023-08-31T15:31:38.917+0000] {processor.py:839} INFO - DAG(s) dict_keys(['example_task_group_decorator']) retrieved from /home/airflow/.local/lib/python3.8/site-packages/airflow/example_dags/example_task_group_decorator.py
[2023-08-31T15:31:38.936+0000] {logging_mixin.py:151} INFO - [2023-08-31T15:31:38.936+0000] {dag.py:2907} INFO - Sync 1 DAGs
[2023-08-31T15:31:38.949+0000] {logging_mixin.py:151} INFO - [2023-08-31T15:31:38.949+0000] {dag.py:3677} INFO - Setting next_dagrun for example_task_group_decorator to 2023-08-30T15:31:38.948853+00:00, run_after=2023-08-31T15:31:38.948853+00:00
[2023-08-31T15:31:38.960+0000] {processor.py:179} INFO - Processing /home/airflow/.local/lib/python3.8/site-packages/airflow/example_dags/example_task_group_decorator.py took 0.065 seconds
[2023-08-31T15:32:09.287+0000] {processor.py:157} INFO - Started process (PID=7640) to work on /home/airflow/.local/lib/python3.8/site-packages/airflow/example_dags/example_task_group_decorator.py
[2023-08-31T15:32:09.288+0000] {processor.py:829} INFO - Processing file /home/airflow/.local/lib/python3.8/site-packages/airflow/example_dags/example_task_group_decorator.py for tasks to queue
[2023-08-31T15:32:09.290+0000] {logging_mixin.py:151} INFO - [2023-08-31T15:32:09.290+0000] {dagbag.py:539} INFO - Filling up the DagBag from /home/airflow/.local/lib/python3.8/site-packages/airflow/example_dags/example_task_group_decorator.py
[2023-08-31T15:32:09.304+0000] {processor.py:839} INFO - DAG(s) dict_keys(['example_task_group_decorator']) retrieved from /home/airflow/.local/lib/python3.8/site-packages/airflow/example_dags/example_task_group_decorator.py
[2023-08-31T15:32:09.323+0000] {logging_mixin.py:151} INFO - [2023-08-31T15:32:09.322+0000] {dag.py:2907} INFO - Sync 1 DAGs
[2023-08-31T15:32:09.336+0000] {logging_mixin.py:151} INFO - [2023-08-31T15:32:09.336+0000] {dag.py:3677} INFO - Setting next_dagrun for example_task_group_decorator to 2023-08-30T15:32:09.336169+00:00, run_after=2023-08-31T15:32:09.336169+00:00
[2023-08-31T15:32:09.348+0000] {processor.py:179} INFO - Processing /home/airflow/.local/lib/python3.8/site-packages/airflow/example_dags/example_task_group_decorator.py took 0.065 seconds
[2023-08-31T15:32:39.622+0000] {processor.py:157} INFO - Started process (PID=7880) to work on /home/airflow/.local/lib/python3.8/site-packages/airflow/example_dags/example_task_group_decorator.py
[2023-08-31T15:32:39.624+0000] {processor.py:829} INFO - Processing file /home/airflow/.local/lib/python3.8/site-packages/airflow/example_dags/example_task_group_decorator.py for tasks to queue
[2023-08-31T15:32:39.626+0000] {logging_mixin.py:151} INFO - [2023-08-31T15:32:39.626+0000] {dagbag.py:539} INFO - Filling up the DagBag from /home/airflow/.local/lib/python3.8/site-packages/airflow/example_dags/example_task_group_decorator.py
[2023-08-31T15:32:39.639+0000] {processor.py:839} INFO - DAG(s) dict_keys(['example_task_group_decorator']) retrieved from /home/airflow/.local/lib/python3.8/site-packages/airflow/example_dags/example_task_group_decorator.py
[2023-08-31T15:32:39.660+0000] {logging_mixin.py:151} INFO - [2023-08-31T15:32:39.660+0000] {dag.py:2907} INFO - Sync 1 DAGs
[2023-08-31T15:32:39.673+0000] {logging_mixin.py:151} INFO - [2023-08-31T15:32:39.673+0000] {dag.py:3677} INFO - Setting next_dagrun for example_task_group_decorator to 2023-08-30T15:32:39.673568+00:00, run_after=2023-08-31T15:32:39.673568+00:00
[2023-08-31T15:32:39.687+0000] {processor.py:179} INFO - Processing /home/airflow/.local/lib/python3.8/site-packages/airflow/example_dags/example_task_group_decorator.py took 0.070 seconds
[2023-08-31T15:33:10.123+0000] {processor.py:157} INFO - Started process (PID=8119) to work on /home/airflow/.local/lib/python3.8/site-packages/airflow/example_dags/example_task_group_decorator.py
[2023-08-31T15:33:10.125+0000] {processor.py:829} INFO - Processing file /home/airflow/.local/lib/python3.8/site-packages/airflow/example_dags/example_task_group_decorator.py for tasks to queue
[2023-08-31T15:33:10.127+0000] {logging_mixin.py:151} INFO - [2023-08-31T15:33:10.127+0000] {dagbag.py:539} INFO - Filling up the DagBag from /home/airflow/.local/lib/python3.8/site-packages/airflow/example_dags/example_task_group_decorator.py
[2023-08-31T15:33:10.141+0000] {processor.py:839} INFO - DAG(s) dict_keys(['example_task_group_decorator']) retrieved from /home/airflow/.local/lib/python3.8/site-packages/airflow/example_dags/example_task_group_decorator.py
[2023-08-31T15:33:10.159+0000] {logging_mixin.py:151} INFO - [2023-08-31T15:33:10.159+0000] {dag.py:2907} INFO - Sync 1 DAGs
[2023-08-31T15:33:10.172+0000] {logging_mixin.py:151} INFO - [2023-08-31T15:33:10.172+0000] {dag.py:3677} INFO - Setting next_dagrun for example_task_group_decorator to 2023-08-30T15:33:10.172030+00:00, run_after=2023-08-31T15:33:10.172030+00:00
[2023-08-31T15:33:10.183+0000] {processor.py:179} INFO - Processing /home/airflow/.local/lib/python3.8/site-packages/airflow/example_dags/example_task_group_decorator.py took 0.065 seconds
[2023-08-31T15:33:40.467+0000] {processor.py:157} INFO - Started process (PID=8359) to work on /home/airflow/.local/lib/python3.8/site-packages/airflow/example_dags/example_task_group_decorator.py
[2023-08-31T15:33:40.469+0000] {processor.py:829} INFO - Processing file /home/airflow/.local/lib/python3.8/site-packages/airflow/example_dags/example_task_group_decorator.py for tasks to queue
[2023-08-31T15:33:40.470+0000] {logging_mixin.py:151} INFO - [2023-08-31T15:33:40.470+0000] {dagbag.py:539} INFO - Filling up the DagBag from /home/airflow/.local/lib/python3.8/site-packages/airflow/example_dags/example_task_group_decorator.py
[2023-08-31T15:33:40.485+0000] {processor.py:839} INFO - DAG(s) dict_keys(['example_task_group_decorator']) retrieved from /home/airflow/.local/lib/python3.8/site-packages/airflow/example_dags/example_task_group_decorator.py
[2023-08-31T15:33:40.504+0000] {logging_mixin.py:151} INFO - [2023-08-31T15:33:40.504+0000] {dag.py:2907} INFO - Sync 1 DAGs
[2023-08-31T15:33:40.521+0000] {logging_mixin.py:151} INFO - [2023-08-31T15:33:40.521+0000] {dag.py:3677} INFO - Setting next_dagrun for example_task_group_decorator to 2023-08-30T15:33:40.520901+00:00, run_after=2023-08-31T15:33:40.520901+00:00
[2023-08-31T15:33:40.534+0000] {processor.py:179} INFO - Processing /home/airflow/.local/lib/python3.8/site-packages/airflow/example_dags/example_task_group_decorator.py took 0.072 seconds
[2023-08-31T15:34:11.163+0000] {processor.py:157} INFO - Started process (PID=8600) to work on /home/airflow/.local/lib/python3.8/site-packages/airflow/example_dags/example_task_group_decorator.py
[2023-08-31T15:34:11.166+0000] {processor.py:829} INFO - Processing file /home/airflow/.local/lib/python3.8/site-packages/airflow/example_dags/example_task_group_decorator.py for tasks to queue
[2023-08-31T15:34:11.167+0000] {logging_mixin.py:151} INFO - [2023-08-31T15:34:11.167+0000] {dagbag.py:539} INFO - Filling up the DagBag from /home/airflow/.local/lib/python3.8/site-packages/airflow/example_dags/example_task_group_decorator.py
[2023-08-31T15:34:11.180+0000] {processor.py:839} INFO - DAG(s) dict_keys(['example_task_group_decorator']) retrieved from /home/airflow/.local/lib/python3.8/site-packages/airflow/example_dags/example_task_group_decorator.py
[2023-08-31T15:34:11.199+0000] {logging_mixin.py:151} INFO - [2023-08-31T15:34:11.199+0000] {dag.py:2907} INFO - Sync 1 DAGs
[2023-08-31T15:34:11.212+0000] {logging_mixin.py:151} INFO - [2023-08-31T15:34:11.211+0000] {dag.py:3677} INFO - Setting next_dagrun for example_task_group_decorator to 2023-08-30T15:34:11.211803+00:00, run_after=2023-08-31T15:34:11.211803+00:00
[2023-08-31T15:34:11.224+0000] {processor.py:179} INFO - Processing /home/airflow/.local/lib/python3.8/site-packages/airflow/example_dags/example_task_group_decorator.py took 0.065 seconds
[2023-08-31T15:34:41.615+0000] {processor.py:157} INFO - Started process (PID=8840) to work on /home/airflow/.local/lib/python3.8/site-packages/airflow/example_dags/example_task_group_decorator.py
[2023-08-31T15:34:41.617+0000] {processor.py:829} INFO - Processing file /home/airflow/.local/lib/python3.8/site-packages/airflow/example_dags/example_task_group_decorator.py for tasks to queue
[2023-08-31T15:34:41.619+0000] {logging_mixin.py:151} INFO - [2023-08-31T15:34:41.619+0000] {dagbag.py:539} INFO - Filling up the DagBag from /home/airflow/.local/lib/python3.8/site-packages/airflow/example_dags/example_task_group_decorator.py
[2023-08-31T15:34:41.632+0000] {processor.py:839} INFO - DAG(s) dict_keys(['example_task_group_decorator']) retrieved from /home/airflow/.local/lib/python3.8/site-packages/airflow/example_dags/example_task_group_decorator.py
[2023-08-31T15:34:41.652+0000] {logging_mixin.py:151} INFO - [2023-08-31T15:34:41.651+0000] {dag.py:2907} INFO - Sync 1 DAGs
[2023-08-31T15:34:41.665+0000] {logging_mixin.py:151} INFO - [2023-08-31T15:34:41.664+0000] {dag.py:3677} INFO - Setting next_dagrun for example_task_group_decorator to 2023-08-30T15:34:41.664804+00:00, run_after=2023-08-31T15:34:41.664804+00:00
[2023-08-31T15:34:41.676+0000] {processor.py:179} INFO - Processing /home/airflow/.local/lib/python3.8/site-packages/airflow/example_dags/example_task_group_decorator.py took 0.066 seconds
[2023-08-31T15:35:11.932+0000] {processor.py:157} INFO - Started process (PID=9082) to work on /home/airflow/.local/lib/python3.8/site-packages/airflow/example_dags/example_task_group_decorator.py
[2023-08-31T15:35:11.935+0000] {processor.py:829} INFO - Processing file /home/airflow/.local/lib/python3.8/site-packages/airflow/example_dags/example_task_group_decorator.py for tasks to queue
[2023-08-31T15:35:11.936+0000] {logging_mixin.py:151} INFO - [2023-08-31T15:35:11.936+0000] {dagbag.py:539} INFO - Filling up the DagBag from /home/airflow/.local/lib/python3.8/site-packages/airflow/example_dags/example_task_group_decorator.py
[2023-08-31T15:35:11.949+0000] {processor.py:839} INFO - DAG(s) dict_keys(['example_task_group_decorator']) retrieved from /home/airflow/.local/lib/python3.8/site-packages/airflow/example_dags/example_task_group_decorator.py
[2023-08-31T15:35:11.968+0000] {logging_mixin.py:151} INFO - [2023-08-31T15:35:11.968+0000] {dag.py:2907} INFO - Sync 1 DAGs
[2023-08-31T15:35:11.981+0000] {logging_mixin.py:151} INFO - [2023-08-31T15:35:11.981+0000] {dag.py:3677} INFO - Setting next_dagrun for example_task_group_decorator to 2023-08-30T15:35:11.981557+00:00, run_after=2023-08-31T15:35:11.981557+00:00
[2023-08-31T15:35:11.993+0000] {processor.py:179} INFO - Processing /home/airflow/.local/lib/python3.8/site-packages/airflow/example_dags/example_task_group_decorator.py took 0.064 seconds
[2023-08-31T15:35:42.366+0000] {processor.py:157} INFO - Started process (PID=9323) to work on /home/airflow/.local/lib/python3.8/site-packages/airflow/example_dags/example_task_group_decorator.py
[2023-08-31T15:35:42.368+0000] {processor.py:829} INFO - Processing file /home/airflow/.local/lib/python3.8/site-packages/airflow/example_dags/example_task_group_decorator.py for tasks to queue
[2023-08-31T15:35:42.370+0000] {logging_mixin.py:151} INFO - [2023-08-31T15:35:42.370+0000] {dagbag.py:539} INFO - Filling up the DagBag from /home/airflow/.local/lib/python3.8/site-packages/airflow/example_dags/example_task_group_decorator.py
[2023-08-31T15:35:42.383+0000] {processor.py:839} INFO - DAG(s) dict_keys(['example_task_group_decorator']) retrieved from /home/airflow/.local/lib/python3.8/site-packages/airflow/example_dags/example_task_group_decorator.py
[2023-08-31T15:35:42.402+0000] {logging_mixin.py:151} INFO - [2023-08-31T15:35:42.402+0000] {dag.py:2907} INFO - Sync 1 DAGs
[2023-08-31T15:35:42.414+0000] {logging_mixin.py:151} INFO - [2023-08-31T15:35:42.414+0000] {dag.py:3677} INFO - Setting next_dagrun for example_task_group_decorator to 2023-08-30T15:35:42.414533+00:00, run_after=2023-08-31T15:35:42.414533+00:00
[2023-08-31T15:35:42.427+0000] {processor.py:179} INFO - Processing /home/airflow/.local/lib/python3.8/site-packages/airflow/example_dags/example_task_group_decorator.py took 0.065 seconds
[2023-08-31T15:36:12.645+0000] {processor.py:157} INFO - Started process (PID=9562) to work on /home/airflow/.local/lib/python3.8/site-packages/airflow/example_dags/example_task_group_decorator.py
[2023-08-31T15:36:12.648+0000] {processor.py:829} INFO - Processing file /home/airflow/.local/lib/python3.8/site-packages/airflow/example_dags/example_task_group_decorator.py for tasks to queue
[2023-08-31T15:36:12.649+0000] {logging_mixin.py:151} INFO - [2023-08-31T15:36:12.649+0000] {dagbag.py:539} INFO - Filling up the DagBag from /home/airflow/.local/lib/python3.8/site-packages/airflow/example_dags/example_task_group_decorator.py
[2023-08-31T15:36:12.664+0000] {processor.py:839} INFO - DAG(s) dict_keys(['example_task_group_decorator']) retrieved from /home/airflow/.local/lib/python3.8/site-packages/airflow/example_dags/example_task_group_decorator.py
[2023-08-31T15:36:12.682+0000] {logging_mixin.py:151} INFO - [2023-08-31T15:36:12.682+0000] {dag.py:2907} INFO - Sync 1 DAGs
[2023-08-31T15:36:12.695+0000] {logging_mixin.py:151} INFO - [2023-08-31T15:36:12.695+0000] {dag.py:3677} INFO - Setting next_dagrun for example_task_group_decorator to 2023-08-30T15:36:12.695467+00:00, run_after=2023-08-31T15:36:12.695467+00:00
[2023-08-31T15:36:12.707+0000] {processor.py:179} INFO - Processing /home/airflow/.local/lib/python3.8/site-packages/airflow/example_dags/example_task_group_decorator.py took 0.066 seconds
[2023-08-31T15:36:43.030+0000] {processor.py:157} INFO - Started process (PID=9802) to work on /home/airflow/.local/lib/python3.8/site-packages/airflow/example_dags/example_task_group_decorator.py
[2023-08-31T15:36:43.032+0000] {processor.py:829} INFO - Processing file /home/airflow/.local/lib/python3.8/site-packages/airflow/example_dags/example_task_group_decorator.py for tasks to queue
[2023-08-31T15:36:43.033+0000] {logging_mixin.py:151} INFO - [2023-08-31T15:36:43.033+0000] {dagbag.py:539} INFO - Filling up the DagBag from /home/airflow/.local/lib/python3.8/site-packages/airflow/example_dags/example_task_group_decorator.py
[2023-08-31T15:36:43.045+0000] {processor.py:839} INFO - DAG(s) dict_keys(['example_task_group_decorator']) retrieved from /home/airflow/.local/lib/python3.8/site-packages/airflow/example_dags/example_task_group_decorator.py
[2023-08-31T15:36:43.063+0000] {logging_mixin.py:151} INFO - [2023-08-31T15:36:43.063+0000] {dag.py:2907} INFO - Sync 1 DAGs
[2023-08-31T15:36:43.076+0000] {logging_mixin.py:151} INFO - [2023-08-31T15:36:43.076+0000] {dag.py:3677} INFO - Setting next_dagrun for example_task_group_decorator to 2023-08-30T15:36:43.076168+00:00, run_after=2023-08-31T15:36:43.076168+00:00
[2023-08-31T15:36:43.087+0000] {processor.py:179} INFO - Processing /home/airflow/.local/lib/python3.8/site-packages/airflow/example_dags/example_task_group_decorator.py took 0.060 seconds
[2023-08-31T15:37:13.348+0000] {processor.py:157} INFO - Started process (PID=10041) to work on /home/airflow/.local/lib/python3.8/site-packages/airflow/example_dags/example_task_group_decorator.py
[2023-08-31T15:37:13.350+0000] {processor.py:829} INFO - Processing file /home/airflow/.local/lib/python3.8/site-packages/airflow/example_dags/example_task_group_decorator.py for tasks to queue
[2023-08-31T15:37:13.351+0000] {logging_mixin.py:151} INFO - [2023-08-31T15:37:13.351+0000] {dagbag.py:539} INFO - Filling up the DagBag from /home/airflow/.local/lib/python3.8/site-packages/airflow/example_dags/example_task_group_decorator.py
[2023-08-31T15:37:13.364+0000] {processor.py:839} INFO - DAG(s) dict_keys(['example_task_group_decorator']) retrieved from /home/airflow/.local/lib/python3.8/site-packages/airflow/example_dags/example_task_group_decorator.py
[2023-08-31T15:37:13.384+0000] {logging_mixin.py:151} INFO - [2023-08-31T15:37:13.383+0000] {dag.py:2907} INFO - Sync 1 DAGs
[2023-08-31T15:37:13.396+0000] {logging_mixin.py:151} INFO - [2023-08-31T15:37:13.396+0000] {dag.py:3677} INFO - Setting next_dagrun for example_task_group_decorator to 2023-08-30T15:37:13.396147+00:00, run_after=2023-08-31T15:37:13.396147+00:00
[2023-08-31T15:37:13.407+0000] {processor.py:179} INFO - Processing /home/airflow/.local/lib/python3.8/site-packages/airflow/example_dags/example_task_group_decorator.py took 0.063 seconds
[2023-08-31T15:37:43.572+0000] {processor.py:157} INFO - Started process (PID=10282) to work on /home/airflow/.local/lib/python3.8/site-packages/airflow/example_dags/example_task_group_decorator.py
[2023-08-31T15:37:43.574+0000] {processor.py:829} INFO - Processing file /home/airflow/.local/lib/python3.8/site-packages/airflow/example_dags/example_task_group_decorator.py for tasks to queue
[2023-08-31T15:37:43.576+0000] {logging_mixin.py:151} INFO - [2023-08-31T15:37:43.576+0000] {dagbag.py:539} INFO - Filling up the DagBag from /home/airflow/.local/lib/python3.8/site-packages/airflow/example_dags/example_task_group_decorator.py
[2023-08-31T15:37:43.589+0000] {processor.py:839} INFO - DAG(s) dict_keys(['example_task_group_decorator']) retrieved from /home/airflow/.local/lib/python3.8/site-packages/airflow/example_dags/example_task_group_decorator.py
[2023-08-31T15:37:43.607+0000] {logging_mixin.py:151} INFO - [2023-08-31T15:37:43.607+0000] {dag.py:2907} INFO - Sync 1 DAGs
[2023-08-31T15:37:43.619+0000] {logging_mixin.py:151} INFO - [2023-08-31T15:37:43.619+0000] {dag.py:3677} INFO - Setting next_dagrun for example_task_group_decorator to 2023-08-30T15:37:43.619632+00:00, run_after=2023-08-31T15:37:43.619632+00:00
[2023-08-31T15:37:43.630+0000] {processor.py:179} INFO - Processing /home/airflow/.local/lib/python3.8/site-packages/airflow/example_dags/example_task_group_decorator.py took 0.062 seconds
