[2023-08-31T15:16:29.137+0000] {processor.py:157} INFO - Started process (PID=232) to work on /home/airflow/.local/lib/python3.8/site-packages/airflow/example_dags/example_setup_teardown_taskflow.py
[2023-08-31T15:16:29.138+0000] {processor.py:829} INFO - Processing file /home/airflow/.local/lib/python3.8/site-packages/airflow/example_dags/example_setup_teardown_taskflow.py for tasks to queue
[2023-08-31T15:16:29.140+0000] {logging_mixin.py:151} INFO - [2023-08-31T15:16:29.140+0000] {dagbag.py:539} INFO - Filling up the DagBag from /home/airflow/.local/lib/python3.8/site-packages/airflow/example_dags/example_setup_teardown_taskflow.py
[2023-08-31T15:16:29.149+0000] {processor.py:839} INFO - DAG(s) dict_keys(['example_setup_teardown_taskflow']) retrieved from /home/airflow/.local/lib/python3.8/site-packages/airflow/example_dags/example_setup_teardown_taskflow.py
[2023-08-31T15:16:29.159+0000] {logging_mixin.py:151} INFO - [2023-08-31T15:16:29.159+0000] {dag.py:2907} INFO - Sync 1 DAGs
[2023-08-31T15:16:29.173+0000] {logging_mixin.py:151} INFO - [2023-08-31T15:16:29.173+0000] {dag.py:3677} INFO - Setting next_dagrun for example_setup_teardown_taskflow to 2023-08-30T15:16:29.173560+00:00, run_after=2023-08-31T15:16:29.173560+00:00
[2023-08-31T15:16:29.187+0000] {processor.py:179} INFO - Processing /home/airflow/.local/lib/python3.8/site-packages/airflow/example_dags/example_setup_teardown_taskflow.py took 0.053 seconds
[2023-08-31T15:16:59.920+0000] {processor.py:157} INFO - Started process (PID=479) to work on /home/airflow/.local/lib/python3.8/site-packages/airflow/example_dags/example_setup_teardown_taskflow.py
[2023-08-31T15:16:59.921+0000] {processor.py:829} INFO - Processing file /home/airflow/.local/lib/python3.8/site-packages/airflow/example_dags/example_setup_teardown_taskflow.py for tasks to queue
[2023-08-31T15:16:59.922+0000] {logging_mixin.py:151} INFO - [2023-08-31T15:16:59.921+0000] {dagbag.py:539} INFO - Filling up the DagBag from /home/airflow/.local/lib/python3.8/site-packages/airflow/example_dags/example_setup_teardown_taskflow.py
[2023-08-31T15:16:59.928+0000] {processor.py:839} INFO - DAG(s) dict_keys(['example_setup_teardown_taskflow']) retrieved from /home/airflow/.local/lib/python3.8/site-packages/airflow/example_dags/example_setup_teardown_taskflow.py
[2023-08-31T15:16:59.941+0000] {logging_mixin.py:151} INFO - [2023-08-31T15:16:59.941+0000] {dag.py:2907} INFO - Sync 1 DAGs
[2023-08-31T15:16:59.952+0000] {logging_mixin.py:151} INFO - [2023-08-31T15:16:59.952+0000] {dag.py:3677} INFO - Setting next_dagrun for example_setup_teardown_taskflow to 2023-08-30T15:16:59.952653+00:00, run_after=2023-08-31T15:16:59.952653+00:00
[2023-08-31T15:16:59.963+0000] {processor.py:179} INFO - Processing /home/airflow/.local/lib/python3.8/site-packages/airflow/example_dags/example_setup_teardown_taskflow.py took 0.045 seconds
[2023-08-31T15:17:31.006+0000] {processor.py:157} INFO - Started process (PID=718) to work on /home/airflow/.local/lib/python3.8/site-packages/airflow/example_dags/example_setup_teardown_taskflow.py
[2023-08-31T15:17:31.008+0000] {processor.py:829} INFO - Processing file /home/airflow/.local/lib/python3.8/site-packages/airflow/example_dags/example_setup_teardown_taskflow.py for tasks to queue
[2023-08-31T15:17:31.009+0000] {logging_mixin.py:151} INFO - [2023-08-31T15:17:31.008+0000] {dagbag.py:539} INFO - Filling up the DagBag from /home/airflow/.local/lib/python3.8/site-packages/airflow/example_dags/example_setup_teardown_taskflow.py
[2023-08-31T15:17:31.104+0000] {processor.py:839} INFO - DAG(s) dict_keys(['example_setup_teardown_taskflow']) retrieved from /home/airflow/.local/lib/python3.8/site-packages/airflow/example_dags/example_setup_teardown_taskflow.py
[2023-08-31T15:17:31.119+0000] {logging_mixin.py:151} INFO - [2023-08-31T15:17:31.118+0000] {dag.py:2907} INFO - Sync 1 DAGs
[2023-08-31T15:17:31.131+0000] {logging_mixin.py:151} INFO - [2023-08-31T15:17:31.131+0000] {dag.py:3677} INFO - Setting next_dagrun for example_setup_teardown_taskflow to 2023-08-30T15:17:31.131155+00:00, run_after=2023-08-31T15:17:31.131155+00:00
[2023-08-31T15:17:31.144+0000] {processor.py:179} INFO - Processing /home/airflow/.local/lib/python3.8/site-packages/airflow/example_dags/example_setup_teardown_taskflow.py took 0.140 seconds
[2023-08-31T15:18:01.753+0000] {processor.py:157} INFO - Started process (PID=955) to work on /home/airflow/.local/lib/python3.8/site-packages/airflow/example_dags/example_setup_teardown_taskflow.py
[2023-08-31T15:18:01.755+0000] {processor.py:829} INFO - Processing file /home/airflow/.local/lib/python3.8/site-packages/airflow/example_dags/example_setup_teardown_taskflow.py for tasks to queue
[2023-08-31T15:18:01.755+0000] {logging_mixin.py:151} INFO - [2023-08-31T15:18:01.755+0000] {dagbag.py:539} INFO - Filling up the DagBag from /home/airflow/.local/lib/python3.8/site-packages/airflow/example_dags/example_setup_teardown_taskflow.py
[2023-08-31T15:18:01.762+0000] {processor.py:839} INFO - DAG(s) dict_keys(['example_setup_teardown_taskflow']) retrieved from /home/airflow/.local/lib/python3.8/site-packages/airflow/example_dags/example_setup_teardown_taskflow.py
[2023-08-31T15:18:01.777+0000] {logging_mixin.py:151} INFO - [2023-08-31T15:18:01.777+0000] {dag.py:2907} INFO - Sync 1 DAGs
[2023-08-31T15:18:01.789+0000] {logging_mixin.py:151} INFO - [2023-08-31T15:18:01.789+0000] {dag.py:3677} INFO - Setting next_dagrun for example_setup_teardown_taskflow to 2023-08-30T15:18:01.789502+00:00, run_after=2023-08-31T15:18:01.789502+00:00
[2023-08-31T15:18:01.799+0000] {processor.py:179} INFO - Processing /home/airflow/.local/lib/python3.8/site-packages/airflow/example_dags/example_setup_teardown_taskflow.py took 0.048 seconds
[2023-08-31T15:18:32.427+0000] {processor.py:157} INFO - Started process (PID=1222) to work on /home/airflow/.local/lib/python3.8/site-packages/airflow/example_dags/example_setup_teardown_taskflow.py
[2023-08-31T15:18:32.429+0000] {processor.py:829} INFO - Processing file /home/airflow/.local/lib/python3.8/site-packages/airflow/example_dags/example_setup_teardown_taskflow.py for tasks to queue
[2023-08-31T15:18:32.430+0000] {logging_mixin.py:151} INFO - [2023-08-31T15:18:32.430+0000] {dagbag.py:539} INFO - Filling up the DagBag from /home/airflow/.local/lib/python3.8/site-packages/airflow/example_dags/example_setup_teardown_taskflow.py
[2023-08-31T15:18:32.439+0000] {processor.py:839} INFO - DAG(s) dict_keys(['example_setup_teardown_taskflow']) retrieved from /home/airflow/.local/lib/python3.8/site-packages/airflow/example_dags/example_setup_teardown_taskflow.py
[2023-08-31T15:18:32.452+0000] {logging_mixin.py:151} INFO - [2023-08-31T15:18:32.452+0000] {dag.py:2907} INFO - Sync 1 DAGs
[2023-08-31T15:18:32.465+0000] {logging_mixin.py:151} INFO - [2023-08-31T15:18:32.465+0000] {dag.py:3677} INFO - Setting next_dagrun for example_setup_teardown_taskflow to 2023-08-30T15:18:32.464917+00:00, run_after=2023-08-31T15:18:32.464917+00:00
[2023-08-31T15:18:32.475+0000] {processor.py:179} INFO - Processing /home/airflow/.local/lib/python3.8/site-packages/airflow/example_dags/example_setup_teardown_taskflow.py took 0.052 seconds
[2023-08-31T15:19:02.962+0000] {processor.py:157} INFO - Started process (PID=1461) to work on /home/airflow/.local/lib/python3.8/site-packages/airflow/example_dags/example_setup_teardown_taskflow.py
[2023-08-31T15:19:02.963+0000] {processor.py:829} INFO - Processing file /home/airflow/.local/lib/python3.8/site-packages/airflow/example_dags/example_setup_teardown_taskflow.py for tasks to queue
[2023-08-31T15:19:02.964+0000] {logging_mixin.py:151} INFO - [2023-08-31T15:19:02.964+0000] {dagbag.py:539} INFO - Filling up the DagBag from /home/airflow/.local/lib/python3.8/site-packages/airflow/example_dags/example_setup_teardown_taskflow.py
[2023-08-31T15:19:02.973+0000] {processor.py:839} INFO - DAG(s) dict_keys(['example_setup_teardown_taskflow']) retrieved from /home/airflow/.local/lib/python3.8/site-packages/airflow/example_dags/example_setup_teardown_taskflow.py
[2023-08-31T15:19:02.988+0000] {logging_mixin.py:151} INFO - [2023-08-31T15:19:02.988+0000] {dag.py:2907} INFO - Sync 1 DAGs
[2023-08-31T15:19:03.001+0000] {logging_mixin.py:151} INFO - [2023-08-31T15:19:03.001+0000] {dag.py:3677} INFO - Setting next_dagrun for example_setup_teardown_taskflow to 2023-08-30T15:19:03.001356+00:00, run_after=2023-08-31T15:19:03.001356+00:00
[2023-08-31T15:19:03.011+0000] {processor.py:179} INFO - Processing /home/airflow/.local/lib/python3.8/site-packages/airflow/example_dags/example_setup_teardown_taskflow.py took 0.052 seconds
[2023-08-31T15:19:33.347+0000] {processor.py:157} INFO - Started process (PID=1702) to work on /home/airflow/.local/lib/python3.8/site-packages/airflow/example_dags/example_setup_teardown_taskflow.py
[2023-08-31T15:19:33.348+0000] {processor.py:829} INFO - Processing file /home/airflow/.local/lib/python3.8/site-packages/airflow/example_dags/example_setup_teardown_taskflow.py for tasks to queue
[2023-08-31T15:19:33.349+0000] {logging_mixin.py:151} INFO - [2023-08-31T15:19:33.349+0000] {dagbag.py:539} INFO - Filling up the DagBag from /home/airflow/.local/lib/python3.8/site-packages/airflow/example_dags/example_setup_teardown_taskflow.py
[2023-08-31T15:19:33.357+0000] {processor.py:839} INFO - DAG(s) dict_keys(['example_setup_teardown_taskflow']) retrieved from /home/airflow/.local/lib/python3.8/site-packages/airflow/example_dags/example_setup_teardown_taskflow.py
[2023-08-31T15:19:33.370+0000] {logging_mixin.py:151} INFO - [2023-08-31T15:19:33.370+0000] {dag.py:2907} INFO - Sync 1 DAGs
[2023-08-31T15:19:33.383+0000] {logging_mixin.py:151} INFO - [2023-08-31T15:19:33.383+0000] {dag.py:3677} INFO - Setting next_dagrun for example_setup_teardown_taskflow to 2023-08-30T15:19:33.383182+00:00, run_after=2023-08-31T15:19:33.383182+00:00
[2023-08-31T15:19:33.394+0000] {processor.py:179} INFO - Processing /home/airflow/.local/lib/python3.8/site-packages/airflow/example_dags/example_setup_teardown_taskflow.py took 0.052 seconds
[2023-08-31T15:20:03.571+0000] {processor.py:157} INFO - Started process (PID=1940) to work on /home/airflow/.local/lib/python3.8/site-packages/airflow/example_dags/example_setup_teardown_taskflow.py
[2023-08-31T15:20:03.573+0000] {processor.py:829} INFO - Processing file /home/airflow/.local/lib/python3.8/site-packages/airflow/example_dags/example_setup_teardown_taskflow.py for tasks to queue
[2023-08-31T15:20:03.574+0000] {logging_mixin.py:151} INFO - [2023-08-31T15:20:03.574+0000] {dagbag.py:539} INFO - Filling up the DagBag from /home/airflow/.local/lib/python3.8/site-packages/airflow/example_dags/example_setup_teardown_taskflow.py
[2023-08-31T15:20:03.581+0000] {processor.py:839} INFO - DAG(s) dict_keys(['example_setup_teardown_taskflow']) retrieved from /home/airflow/.local/lib/python3.8/site-packages/airflow/example_dags/example_setup_teardown_taskflow.py
[2023-08-31T15:20:03.595+0000] {logging_mixin.py:151} INFO - [2023-08-31T15:20:03.595+0000] {dag.py:2907} INFO - Sync 1 DAGs
[2023-08-31T15:20:03.607+0000] {logging_mixin.py:151} INFO - [2023-08-31T15:20:03.607+0000] {dag.py:3677} INFO - Setting next_dagrun for example_setup_teardown_taskflow to 2023-08-30T15:20:03.607580+00:00, run_after=2023-08-31T15:20:03.607580+00:00
[2023-08-31T15:20:03.617+0000] {processor.py:179} INFO - Processing /home/airflow/.local/lib/python3.8/site-packages/airflow/example_dags/example_setup_teardown_taskflow.py took 0.048 seconds
[2023-08-31T15:20:34.021+0000] {processor.py:157} INFO - Started process (PID=2179) to work on /home/airflow/.local/lib/python3.8/site-packages/airflow/example_dags/example_setup_teardown_taskflow.py
[2023-08-31T15:20:34.023+0000] {processor.py:829} INFO - Processing file /home/airflow/.local/lib/python3.8/site-packages/airflow/example_dags/example_setup_teardown_taskflow.py for tasks to queue
[2023-08-31T15:20:34.024+0000] {logging_mixin.py:151} INFO - [2023-08-31T15:20:34.024+0000] {dagbag.py:539} INFO - Filling up the DagBag from /home/airflow/.local/lib/python3.8/site-packages/airflow/example_dags/example_setup_teardown_taskflow.py
[2023-08-31T15:20:34.031+0000] {processor.py:839} INFO - DAG(s) dict_keys(['example_setup_teardown_taskflow']) retrieved from /home/airflow/.local/lib/python3.8/site-packages/airflow/example_dags/example_setup_teardown_taskflow.py
[2023-08-31T15:20:34.046+0000] {logging_mixin.py:151} INFO - [2023-08-31T15:20:34.046+0000] {dag.py:2907} INFO - Sync 1 DAGs
[2023-08-31T15:20:34.059+0000] {logging_mixin.py:151} INFO - [2023-08-31T15:20:34.059+0000] {dag.py:3677} INFO - Setting next_dagrun for example_setup_teardown_taskflow to 2023-08-30T15:20:34.059199+00:00, run_after=2023-08-31T15:20:34.059199+00:00
[2023-08-31T15:20:34.069+0000] {processor.py:179} INFO - Processing /home/airflow/.local/lib/python3.8/site-packages/airflow/example_dags/example_setup_teardown_taskflow.py took 0.050 seconds
[2023-08-31T15:21:04.263+0000] {processor.py:157} INFO - Started process (PID=2422) to work on /home/airflow/.local/lib/python3.8/site-packages/airflow/example_dags/example_setup_teardown_taskflow.py
[2023-08-31T15:21:04.264+0000] {processor.py:829} INFO - Processing file /home/airflow/.local/lib/python3.8/site-packages/airflow/example_dags/example_setup_teardown_taskflow.py for tasks to queue
[2023-08-31T15:21:04.266+0000] {logging_mixin.py:151} INFO - [2023-08-31T15:21:04.265+0000] {dagbag.py:539} INFO - Filling up the DagBag from /home/airflow/.local/lib/python3.8/site-packages/airflow/example_dags/example_setup_teardown_taskflow.py
[2023-08-31T15:21:04.274+0000] {processor.py:839} INFO - DAG(s) dict_keys(['example_setup_teardown_taskflow']) retrieved from /home/airflow/.local/lib/python3.8/site-packages/airflow/example_dags/example_setup_teardown_taskflow.py
[2023-08-31T15:21:04.290+0000] {logging_mixin.py:151} INFO - [2023-08-31T15:21:04.290+0000] {dag.py:2907} INFO - Sync 1 DAGs
[2023-08-31T15:21:04.302+0000] {logging_mixin.py:151} INFO - [2023-08-31T15:21:04.302+0000] {dag.py:3677} INFO - Setting next_dagrun for example_setup_teardown_taskflow to 2023-08-30T15:21:04.302588+00:00, run_after=2023-08-31T15:21:04.302588+00:00
[2023-08-31T15:21:04.313+0000] {processor.py:179} INFO - Processing /home/airflow/.local/lib/python3.8/site-packages/airflow/example_dags/example_setup_teardown_taskflow.py took 0.052 seconds
[2023-08-31T15:21:34.595+0000] {processor.py:157} INFO - Started process (PID=2662) to work on /home/airflow/.local/lib/python3.8/site-packages/airflow/example_dags/example_setup_teardown_taskflow.py
[2023-08-31T15:21:34.596+0000] {processor.py:829} INFO - Processing file /home/airflow/.local/lib/python3.8/site-packages/airflow/example_dags/example_setup_teardown_taskflow.py for tasks to queue
[2023-08-31T15:21:34.597+0000] {logging_mixin.py:151} INFO - [2023-08-31T15:21:34.597+0000] {dagbag.py:539} INFO - Filling up the DagBag from /home/airflow/.local/lib/python3.8/site-packages/airflow/example_dags/example_setup_teardown_taskflow.py
[2023-08-31T15:21:34.604+0000] {processor.py:839} INFO - DAG(s) dict_keys(['example_setup_teardown_taskflow']) retrieved from /home/airflow/.local/lib/python3.8/site-packages/airflow/example_dags/example_setup_teardown_taskflow.py
[2023-08-31T15:21:34.620+0000] {logging_mixin.py:151} INFO - [2023-08-31T15:21:34.619+0000] {dag.py:2907} INFO - Sync 1 DAGs
[2023-08-31T15:21:34.633+0000] {logging_mixin.py:151} INFO - [2023-08-31T15:21:34.633+0000] {dag.py:3677} INFO - Setting next_dagrun for example_setup_teardown_taskflow to 2023-08-30T15:21:34.633001+00:00, run_after=2023-08-31T15:21:34.633001+00:00
[2023-08-31T15:21:34.643+0000] {processor.py:179} INFO - Processing /home/airflow/.local/lib/python3.8/site-packages/airflow/example_dags/example_setup_teardown_taskflow.py took 0.051 seconds
[2023-08-31T15:22:04.905+0000] {processor.py:157} INFO - Started process (PID=2904) to work on /home/airflow/.local/lib/python3.8/site-packages/airflow/example_dags/example_setup_teardown_taskflow.py
[2023-08-31T15:22:04.906+0000] {processor.py:829} INFO - Processing file /home/airflow/.local/lib/python3.8/site-packages/airflow/example_dags/example_setup_teardown_taskflow.py for tasks to queue
[2023-08-31T15:22:04.907+0000] {logging_mixin.py:151} INFO - [2023-08-31T15:22:04.907+0000] {dagbag.py:539} INFO - Filling up the DagBag from /home/airflow/.local/lib/python3.8/site-packages/airflow/example_dags/example_setup_teardown_taskflow.py
[2023-08-31T15:22:04.915+0000] {processor.py:839} INFO - DAG(s) dict_keys(['example_setup_teardown_taskflow']) retrieved from /home/airflow/.local/lib/python3.8/site-packages/airflow/example_dags/example_setup_teardown_taskflow.py
[2023-08-31T15:22:04.931+0000] {logging_mixin.py:151} INFO - [2023-08-31T15:22:04.931+0000] {dag.py:2907} INFO - Sync 1 DAGs
[2023-08-31T15:22:04.944+0000] {logging_mixin.py:151} INFO - [2023-08-31T15:22:04.944+0000] {dag.py:3677} INFO - Setting next_dagrun for example_setup_teardown_taskflow to 2023-08-30T15:22:04.943884+00:00, run_after=2023-08-31T15:22:04.943884+00:00
[2023-08-31T15:22:04.954+0000] {processor.py:179} INFO - Processing /home/airflow/.local/lib/python3.8/site-packages/airflow/example_dags/example_setup_teardown_taskflow.py took 0.051 seconds
[2023-08-31T15:22:35.366+0000] {processor.py:157} INFO - Started process (PID=3142) to work on /home/airflow/.local/lib/python3.8/site-packages/airflow/example_dags/example_setup_teardown_taskflow.py
[2023-08-31T15:22:35.368+0000] {processor.py:829} INFO - Processing file /home/airflow/.local/lib/python3.8/site-packages/airflow/example_dags/example_setup_teardown_taskflow.py for tasks to queue
[2023-08-31T15:22:35.369+0000] {logging_mixin.py:151} INFO - [2023-08-31T15:22:35.368+0000] {dagbag.py:539} INFO - Filling up the DagBag from /home/airflow/.local/lib/python3.8/site-packages/airflow/example_dags/example_setup_teardown_taskflow.py
[2023-08-31T15:22:35.377+0000] {processor.py:839} INFO - DAG(s) dict_keys(['example_setup_teardown_taskflow']) retrieved from /home/airflow/.local/lib/python3.8/site-packages/airflow/example_dags/example_setup_teardown_taskflow.py
[2023-08-31T15:22:35.395+0000] {logging_mixin.py:151} INFO - [2023-08-31T15:22:35.395+0000] {dag.py:2907} INFO - Sync 1 DAGs
[2023-08-31T15:22:35.413+0000] {logging_mixin.py:151} INFO - [2023-08-31T15:22:35.412+0000] {dag.py:3677} INFO - Setting next_dagrun for example_setup_teardown_taskflow to 2023-08-30T15:22:35.412161+00:00, run_after=2023-08-31T15:22:35.412161+00:00
[2023-08-31T15:22:35.426+0000] {processor.py:179} INFO - Processing /home/airflow/.local/lib/python3.8/site-packages/airflow/example_dags/example_setup_teardown_taskflow.py took 0.063 seconds
[2023-08-31T15:23:05.966+0000] {processor.py:157} INFO - Started process (PID=3386) to work on /home/airflow/.local/lib/python3.8/site-packages/airflow/example_dags/example_setup_teardown_taskflow.py
[2023-08-31T15:23:05.967+0000] {processor.py:829} INFO - Processing file /home/airflow/.local/lib/python3.8/site-packages/airflow/example_dags/example_setup_teardown_taskflow.py for tasks to queue
[2023-08-31T15:23:05.969+0000] {logging_mixin.py:151} INFO - [2023-08-31T15:23:05.968+0000] {dagbag.py:539} INFO - Filling up the DagBag from /home/airflow/.local/lib/python3.8/site-packages/airflow/example_dags/example_setup_teardown_taskflow.py
[2023-08-31T15:23:05.976+0000] {processor.py:839} INFO - DAG(s) dict_keys(['example_setup_teardown_taskflow']) retrieved from /home/airflow/.local/lib/python3.8/site-packages/airflow/example_dags/example_setup_teardown_taskflow.py
[2023-08-31T15:23:05.991+0000] {logging_mixin.py:151} INFO - [2023-08-31T15:23:05.991+0000] {dag.py:2907} INFO - Sync 1 DAGs
[2023-08-31T15:23:06.007+0000] {logging_mixin.py:151} INFO - [2023-08-31T15:23:06.007+0000] {dag.py:3677} INFO - Setting next_dagrun for example_setup_teardown_taskflow to 2023-08-30T15:23:06.006915+00:00, run_after=2023-08-31T15:23:06.006915+00:00
[2023-08-31T15:23:06.020+0000] {processor.py:179} INFO - Processing /home/airflow/.local/lib/python3.8/site-packages/airflow/example_dags/example_setup_teardown_taskflow.py took 0.057 seconds
[2023-08-31T15:23:36.457+0000] {processor.py:157} INFO - Started process (PID=3626) to work on /home/airflow/.local/lib/python3.8/site-packages/airflow/example_dags/example_setup_teardown_taskflow.py
[2023-08-31T15:23:36.459+0000] {processor.py:829} INFO - Processing file /home/airflow/.local/lib/python3.8/site-packages/airflow/example_dags/example_setup_teardown_taskflow.py for tasks to queue
[2023-08-31T15:23:36.460+0000] {logging_mixin.py:151} INFO - [2023-08-31T15:23:36.460+0000] {dagbag.py:539} INFO - Filling up the DagBag from /home/airflow/.local/lib/python3.8/site-packages/airflow/example_dags/example_setup_teardown_taskflow.py
[2023-08-31T15:23:36.468+0000] {processor.py:839} INFO - DAG(s) dict_keys(['example_setup_teardown_taskflow']) retrieved from /home/airflow/.local/lib/python3.8/site-packages/airflow/example_dags/example_setup_teardown_taskflow.py
[2023-08-31T15:23:36.483+0000] {logging_mixin.py:151} INFO - [2023-08-31T15:23:36.483+0000] {dag.py:2907} INFO - Sync 1 DAGs
[2023-08-31T15:23:36.497+0000] {logging_mixin.py:151} INFO - [2023-08-31T15:23:36.497+0000] {dag.py:3677} INFO - Setting next_dagrun for example_setup_teardown_taskflow to 2023-08-30T15:23:36.497131+00:00, run_after=2023-08-31T15:23:36.497131+00:00
[2023-08-31T15:23:36.508+0000] {processor.py:179} INFO - Processing /home/airflow/.local/lib/python3.8/site-packages/airflow/example_dags/example_setup_teardown_taskflow.py took 0.052 seconds
[2023-08-31T15:24:06.789+0000] {processor.py:157} INFO - Started process (PID=3866) to work on /home/airflow/.local/lib/python3.8/site-packages/airflow/example_dags/example_setup_teardown_taskflow.py
[2023-08-31T15:24:06.790+0000] {processor.py:829} INFO - Processing file /home/airflow/.local/lib/python3.8/site-packages/airflow/example_dags/example_setup_teardown_taskflow.py for tasks to queue
[2023-08-31T15:24:06.791+0000] {logging_mixin.py:151} INFO - [2023-08-31T15:24:06.790+0000] {dagbag.py:539} INFO - Filling up the DagBag from /home/airflow/.local/lib/python3.8/site-packages/airflow/example_dags/example_setup_teardown_taskflow.py
[2023-08-31T15:24:06.798+0000] {processor.py:839} INFO - DAG(s) dict_keys(['example_setup_teardown_taskflow']) retrieved from /home/airflow/.local/lib/python3.8/site-packages/airflow/example_dags/example_setup_teardown_taskflow.py
[2023-08-31T15:24:06.813+0000] {logging_mixin.py:151} INFO - [2023-08-31T15:24:06.813+0000] {dag.py:2907} INFO - Sync 1 DAGs
[2023-08-31T15:24:06.826+0000] {logging_mixin.py:151} INFO - [2023-08-31T15:24:06.826+0000] {dag.py:3677} INFO - Setting next_dagrun for example_setup_teardown_taskflow to 2023-08-30T15:24:06.826264+00:00, run_after=2023-08-31T15:24:06.826264+00:00
[2023-08-31T15:24:06.837+0000] {processor.py:179} INFO - Processing /home/airflow/.local/lib/python3.8/site-packages/airflow/example_dags/example_setup_teardown_taskflow.py took 0.051 seconds
[2023-08-31T15:24:37.100+0000] {processor.py:157} INFO - Started process (PID=4106) to work on /home/airflow/.local/lib/python3.8/site-packages/airflow/example_dags/example_setup_teardown_taskflow.py
[2023-08-31T15:24:37.101+0000] {processor.py:829} INFO - Processing file /home/airflow/.local/lib/python3.8/site-packages/airflow/example_dags/example_setup_teardown_taskflow.py for tasks to queue
[2023-08-31T15:24:37.103+0000] {logging_mixin.py:151} INFO - [2023-08-31T15:24:37.103+0000] {dagbag.py:539} INFO - Filling up the DagBag from /home/airflow/.local/lib/python3.8/site-packages/airflow/example_dags/example_setup_teardown_taskflow.py
[2023-08-31T15:24:37.110+0000] {processor.py:839} INFO - DAG(s) dict_keys(['example_setup_teardown_taskflow']) retrieved from /home/airflow/.local/lib/python3.8/site-packages/airflow/example_dags/example_setup_teardown_taskflow.py
[2023-08-31T15:24:37.128+0000] {logging_mixin.py:151} INFO - [2023-08-31T15:24:37.128+0000] {dag.py:2907} INFO - Sync 1 DAGs
[2023-08-31T15:24:37.141+0000] {logging_mixin.py:151} INFO - [2023-08-31T15:24:37.141+0000] {dag.py:3677} INFO - Setting next_dagrun for example_setup_teardown_taskflow to 2023-08-30T15:24:37.140952+00:00, run_after=2023-08-31T15:24:37.140952+00:00
[2023-08-31T15:24:37.152+0000] {processor.py:179} INFO - Processing /home/airflow/.local/lib/python3.8/site-packages/airflow/example_dags/example_setup_teardown_taskflow.py took 0.054 seconds
[2023-08-31T15:25:07.406+0000] {processor.py:157} INFO - Started process (PID=4346) to work on /home/airflow/.local/lib/python3.8/site-packages/airflow/example_dags/example_setup_teardown_taskflow.py
[2023-08-31T15:25:07.409+0000] {processor.py:829} INFO - Processing file /home/airflow/.local/lib/python3.8/site-packages/airflow/example_dags/example_setup_teardown_taskflow.py for tasks to queue
[2023-08-31T15:25:07.410+0000] {logging_mixin.py:151} INFO - [2023-08-31T15:25:07.409+0000] {dagbag.py:539} INFO - Filling up the DagBag from /home/airflow/.local/lib/python3.8/site-packages/airflow/example_dags/example_setup_teardown_taskflow.py
[2023-08-31T15:25:07.417+0000] {processor.py:839} INFO - DAG(s) dict_keys(['example_setup_teardown_taskflow']) retrieved from /home/airflow/.local/lib/python3.8/site-packages/airflow/example_dags/example_setup_teardown_taskflow.py
[2023-08-31T15:25:07.433+0000] {logging_mixin.py:151} INFO - [2023-08-31T15:25:07.433+0000] {dag.py:2907} INFO - Sync 1 DAGs
[2023-08-31T15:25:07.446+0000] {logging_mixin.py:151} INFO - [2023-08-31T15:25:07.446+0000] {dag.py:3677} INFO - Setting next_dagrun for example_setup_teardown_taskflow to 2023-08-30T15:25:07.445980+00:00, run_after=2023-08-31T15:25:07.445980+00:00
[2023-08-31T15:25:07.457+0000] {processor.py:179} INFO - Processing /home/airflow/.local/lib/python3.8/site-packages/airflow/example_dags/example_setup_teardown_taskflow.py took 0.053 seconds
[2023-08-31T15:25:37.675+0000] {processor.py:157} INFO - Started process (PID=4586) to work on /home/airflow/.local/lib/python3.8/site-packages/airflow/example_dags/example_setup_teardown_taskflow.py
[2023-08-31T15:25:37.676+0000] {processor.py:829} INFO - Processing file /home/airflow/.local/lib/python3.8/site-packages/airflow/example_dags/example_setup_teardown_taskflow.py for tasks to queue
[2023-08-31T15:25:37.677+0000] {logging_mixin.py:151} INFO - [2023-08-31T15:25:37.676+0000] {dagbag.py:539} INFO - Filling up the DagBag from /home/airflow/.local/lib/python3.8/site-packages/airflow/example_dags/example_setup_teardown_taskflow.py
[2023-08-31T15:25:37.684+0000] {processor.py:839} INFO - DAG(s) dict_keys(['example_setup_teardown_taskflow']) retrieved from /home/airflow/.local/lib/python3.8/site-packages/airflow/example_dags/example_setup_teardown_taskflow.py
[2023-08-31T15:25:37.700+0000] {logging_mixin.py:151} INFO - [2023-08-31T15:25:37.700+0000] {dag.py:2907} INFO - Sync 1 DAGs
[2023-08-31T15:25:37.713+0000] {logging_mixin.py:151} INFO - [2023-08-31T15:25:37.713+0000] {dag.py:3677} INFO - Setting next_dagrun for example_setup_teardown_taskflow to 2023-08-30T15:25:37.712846+00:00, run_after=2023-08-31T15:25:37.712846+00:00
[2023-08-31T15:25:37.723+0000] {processor.py:179} INFO - Processing /home/airflow/.local/lib/python3.8/site-packages/airflow/example_dags/example_setup_teardown_taskflow.py took 0.051 seconds
[2023-08-31T15:26:07.965+0000] {processor.py:157} INFO - Started process (PID=4826) to work on /home/airflow/.local/lib/python3.8/site-packages/airflow/example_dags/example_setup_teardown_taskflow.py
[2023-08-31T15:26:07.967+0000] {processor.py:829} INFO - Processing file /home/airflow/.local/lib/python3.8/site-packages/airflow/example_dags/example_setup_teardown_taskflow.py for tasks to queue
[2023-08-31T15:26:07.968+0000] {logging_mixin.py:151} INFO - [2023-08-31T15:26:07.967+0000] {dagbag.py:539} INFO - Filling up the DagBag from /home/airflow/.local/lib/python3.8/site-packages/airflow/example_dags/example_setup_teardown_taskflow.py
[2023-08-31T15:26:07.975+0000] {processor.py:839} INFO - DAG(s) dict_keys(['example_setup_teardown_taskflow']) retrieved from /home/airflow/.local/lib/python3.8/site-packages/airflow/example_dags/example_setup_teardown_taskflow.py
[2023-08-31T15:26:07.991+0000] {logging_mixin.py:151} INFO - [2023-08-31T15:26:07.991+0000] {dag.py:2907} INFO - Sync 1 DAGs
[2023-08-31T15:26:08.005+0000] {logging_mixin.py:151} INFO - [2023-08-31T15:26:08.005+0000] {dag.py:3677} INFO - Setting next_dagrun for example_setup_teardown_taskflow to 2023-08-30T15:26:08.005010+00:00, run_after=2023-08-31T15:26:08.005010+00:00
[2023-08-31T15:26:08.017+0000] {processor.py:179} INFO - Processing /home/airflow/.local/lib/python3.8/site-packages/airflow/example_dags/example_setup_teardown_taskflow.py took 0.055 seconds
[2023-08-31T15:26:38.313+0000] {processor.py:157} INFO - Started process (PID=5065) to work on /home/airflow/.local/lib/python3.8/site-packages/airflow/example_dags/example_setup_teardown_taskflow.py
[2023-08-31T15:26:38.315+0000] {processor.py:829} INFO - Processing file /home/airflow/.local/lib/python3.8/site-packages/airflow/example_dags/example_setup_teardown_taskflow.py for tasks to queue
[2023-08-31T15:26:38.316+0000] {logging_mixin.py:151} INFO - [2023-08-31T15:26:38.316+0000] {dagbag.py:539} INFO - Filling up the DagBag from /home/airflow/.local/lib/python3.8/site-packages/airflow/example_dags/example_setup_teardown_taskflow.py
[2023-08-31T15:26:38.324+0000] {processor.py:839} INFO - DAG(s) dict_keys(['example_setup_teardown_taskflow']) retrieved from /home/airflow/.local/lib/python3.8/site-packages/airflow/example_dags/example_setup_teardown_taskflow.py
[2023-08-31T15:26:38.339+0000] {logging_mixin.py:151} INFO - [2023-08-31T15:26:38.339+0000] {dag.py:2907} INFO - Sync 1 DAGs
[2023-08-31T15:26:38.353+0000] {logging_mixin.py:151} INFO - [2023-08-31T15:26:38.353+0000] {dag.py:3677} INFO - Setting next_dagrun for example_setup_teardown_taskflow to 2023-08-30T15:26:38.353694+00:00, run_after=2023-08-31T15:26:38.353694+00:00
[2023-08-31T15:26:38.364+0000] {processor.py:179} INFO - Processing /home/airflow/.local/lib/python3.8/site-packages/airflow/example_dags/example_setup_teardown_taskflow.py took 0.053 seconds
[2023-08-31T15:27:08.592+0000] {processor.py:157} INFO - Started process (PID=5306) to work on /home/airflow/.local/lib/python3.8/site-packages/airflow/example_dags/example_setup_teardown_taskflow.py
[2023-08-31T15:27:08.593+0000] {processor.py:829} INFO - Processing file /home/airflow/.local/lib/python3.8/site-packages/airflow/example_dags/example_setup_teardown_taskflow.py for tasks to queue
[2023-08-31T15:27:08.594+0000] {logging_mixin.py:151} INFO - [2023-08-31T15:27:08.594+0000] {dagbag.py:539} INFO - Filling up the DagBag from /home/airflow/.local/lib/python3.8/site-packages/airflow/example_dags/example_setup_teardown_taskflow.py
[2023-08-31T15:27:08.603+0000] {processor.py:839} INFO - DAG(s) dict_keys(['example_setup_teardown_taskflow']) retrieved from /home/airflow/.local/lib/python3.8/site-packages/airflow/example_dags/example_setup_teardown_taskflow.py
[2023-08-31T15:27:08.618+0000] {logging_mixin.py:151} INFO - [2023-08-31T15:27:08.618+0000] {dag.py:2907} INFO - Sync 1 DAGs
[2023-08-31T15:27:08.630+0000] {logging_mixin.py:151} INFO - [2023-08-31T15:27:08.630+0000] {dag.py:3677} INFO - Setting next_dagrun for example_setup_teardown_taskflow to 2023-08-30T15:27:08.630669+00:00, run_after=2023-08-31T15:27:08.630669+00:00
[2023-08-31T15:27:08.640+0000] {processor.py:179} INFO - Processing /home/airflow/.local/lib/python3.8/site-packages/airflow/example_dags/example_setup_teardown_taskflow.py took 0.051 seconds
[2023-08-31T15:27:39.020+0000] {processor.py:157} INFO - Started process (PID=5544) to work on /home/airflow/.local/lib/python3.8/site-packages/airflow/example_dags/example_setup_teardown_taskflow.py
[2023-08-31T15:27:39.022+0000] {processor.py:829} INFO - Processing file /home/airflow/.local/lib/python3.8/site-packages/airflow/example_dags/example_setup_teardown_taskflow.py for tasks to queue
[2023-08-31T15:27:39.023+0000] {logging_mixin.py:151} INFO - [2023-08-31T15:27:39.023+0000] {dagbag.py:539} INFO - Filling up the DagBag from /home/airflow/.local/lib/python3.8/site-packages/airflow/example_dags/example_setup_teardown_taskflow.py
[2023-08-31T15:27:39.032+0000] {processor.py:839} INFO - DAG(s) dict_keys(['example_setup_teardown_taskflow']) retrieved from /home/airflow/.local/lib/python3.8/site-packages/airflow/example_dags/example_setup_teardown_taskflow.py
[2023-08-31T15:27:39.048+0000] {logging_mixin.py:151} INFO - [2023-08-31T15:27:39.048+0000] {dag.py:2907} INFO - Sync 1 DAGs
[2023-08-31T15:27:39.062+0000] {logging_mixin.py:151} INFO - [2023-08-31T15:27:39.062+0000] {dag.py:3677} INFO - Setting next_dagrun for example_setup_teardown_taskflow to 2023-08-30T15:27:39.061889+00:00, run_after=2023-08-31T15:27:39.061889+00:00
[2023-08-31T15:27:39.073+0000] {processor.py:179} INFO - Processing /home/airflow/.local/lib/python3.8/site-packages/airflow/example_dags/example_setup_teardown_taskflow.py took 0.055 seconds
[2023-08-31T15:28:09.275+0000] {processor.py:157} INFO - Started process (PID=5784) to work on /home/airflow/.local/lib/python3.8/site-packages/airflow/example_dags/example_setup_teardown_taskflow.py
[2023-08-31T15:28:09.277+0000] {processor.py:829} INFO - Processing file /home/airflow/.local/lib/python3.8/site-packages/airflow/example_dags/example_setup_teardown_taskflow.py for tasks to queue
[2023-08-31T15:28:09.278+0000] {logging_mixin.py:151} INFO - [2023-08-31T15:28:09.278+0000] {dagbag.py:539} INFO - Filling up the DagBag from /home/airflow/.local/lib/python3.8/site-packages/airflow/example_dags/example_setup_teardown_taskflow.py
[2023-08-31T15:28:09.285+0000] {processor.py:839} INFO - DAG(s) dict_keys(['example_setup_teardown_taskflow']) retrieved from /home/airflow/.local/lib/python3.8/site-packages/airflow/example_dags/example_setup_teardown_taskflow.py
[2023-08-31T15:28:09.300+0000] {logging_mixin.py:151} INFO - [2023-08-31T15:28:09.300+0000] {dag.py:2907} INFO - Sync 1 DAGs
[2023-08-31T15:28:09.318+0000] {logging_mixin.py:151} INFO - [2023-08-31T15:28:09.318+0000] {dag.py:3677} INFO - Setting next_dagrun for example_setup_teardown_taskflow to 2023-08-30T15:28:09.318436+00:00, run_after=2023-08-31T15:28:09.318436+00:00
[2023-08-31T15:28:09.333+0000] {processor.py:179} INFO - Processing /home/airflow/.local/lib/python3.8/site-packages/airflow/example_dags/example_setup_teardown_taskflow.py took 0.060 seconds
[2023-08-31T15:28:39.636+0000] {processor.py:157} INFO - Started process (PID=6025) to work on /home/airflow/.local/lib/python3.8/site-packages/airflow/example_dags/example_setup_teardown_taskflow.py
[2023-08-31T15:28:39.637+0000] {processor.py:829} INFO - Processing file /home/airflow/.local/lib/python3.8/site-packages/airflow/example_dags/example_setup_teardown_taskflow.py for tasks to queue
[2023-08-31T15:28:39.638+0000] {logging_mixin.py:151} INFO - [2023-08-31T15:28:39.638+0000] {dagbag.py:539} INFO - Filling up the DagBag from /home/airflow/.local/lib/python3.8/site-packages/airflow/example_dags/example_setup_teardown_taskflow.py
[2023-08-31T15:28:39.645+0000] {processor.py:839} INFO - DAG(s) dict_keys(['example_setup_teardown_taskflow']) retrieved from /home/airflow/.local/lib/python3.8/site-packages/airflow/example_dags/example_setup_teardown_taskflow.py
[2023-08-31T15:28:39.659+0000] {logging_mixin.py:151} INFO - [2023-08-31T15:28:39.659+0000] {dag.py:2907} INFO - Sync 1 DAGs
[2023-08-31T15:28:39.672+0000] {logging_mixin.py:151} INFO - [2023-08-31T15:28:39.672+0000] {dag.py:3677} INFO - Setting next_dagrun for example_setup_teardown_taskflow to 2023-08-30T15:28:39.672155+00:00, run_after=2023-08-31T15:28:39.672155+00:00
[2023-08-31T15:28:39.684+0000] {processor.py:179} INFO - Processing /home/airflow/.local/lib/python3.8/site-packages/airflow/example_dags/example_setup_teardown_taskflow.py took 0.051 seconds
[2023-08-31T15:29:10.000+0000] {processor.py:157} INFO - Started process (PID=6269) to work on /home/airflow/.local/lib/python3.8/site-packages/airflow/example_dags/example_setup_teardown_taskflow.py
[2023-08-31T15:29:10.001+0000] {processor.py:829} INFO - Processing file /home/airflow/.local/lib/python3.8/site-packages/airflow/example_dags/example_setup_teardown_taskflow.py for tasks to queue
[2023-08-31T15:29:10.002+0000] {logging_mixin.py:151} INFO - [2023-08-31T15:29:10.002+0000] {dagbag.py:539} INFO - Filling up the DagBag from /home/airflow/.local/lib/python3.8/site-packages/airflow/example_dags/example_setup_teardown_taskflow.py
[2023-08-31T15:29:10.009+0000] {processor.py:839} INFO - DAG(s) dict_keys(['example_setup_teardown_taskflow']) retrieved from /home/airflow/.local/lib/python3.8/site-packages/airflow/example_dags/example_setup_teardown_taskflow.py
[2023-08-31T15:29:10.025+0000] {logging_mixin.py:151} INFO - [2023-08-31T15:29:10.024+0000] {dag.py:2907} INFO - Sync 1 DAGs
[2023-08-31T15:29:10.038+0000] {logging_mixin.py:151} INFO - [2023-08-31T15:29:10.038+0000] {dag.py:3677} INFO - Setting next_dagrun for example_setup_teardown_taskflow to 2023-08-30T15:29:10.037999+00:00, run_after=2023-08-31T15:29:10.037999+00:00
[2023-08-31T15:29:10.049+0000] {processor.py:179} INFO - Processing /home/airflow/.local/lib/python3.8/site-packages/airflow/example_dags/example_setup_teardown_taskflow.py took 0.052 seconds
[2023-08-31T15:29:40.313+0000] {processor.py:157} INFO - Started process (PID=6507) to work on /home/airflow/.local/lib/python3.8/site-packages/airflow/example_dags/example_setup_teardown_taskflow.py
[2023-08-31T15:29:40.314+0000] {processor.py:829} INFO - Processing file /home/airflow/.local/lib/python3.8/site-packages/airflow/example_dags/example_setup_teardown_taskflow.py for tasks to queue
[2023-08-31T15:29:40.315+0000] {logging_mixin.py:151} INFO - [2023-08-31T15:29:40.315+0000] {dagbag.py:539} INFO - Filling up the DagBag from /home/airflow/.local/lib/python3.8/site-packages/airflow/example_dags/example_setup_teardown_taskflow.py
[2023-08-31T15:29:40.323+0000] {processor.py:839} INFO - DAG(s) dict_keys(['example_setup_teardown_taskflow']) retrieved from /home/airflow/.local/lib/python3.8/site-packages/airflow/example_dags/example_setup_teardown_taskflow.py
[2023-08-31T15:29:40.337+0000] {logging_mixin.py:151} INFO - [2023-08-31T15:29:40.337+0000] {dag.py:2907} INFO - Sync 1 DAGs
[2023-08-31T15:29:40.350+0000] {logging_mixin.py:151} INFO - [2023-08-31T15:29:40.350+0000] {dag.py:3677} INFO - Setting next_dagrun for example_setup_teardown_taskflow to 2023-08-30T15:29:40.350224+00:00, run_after=2023-08-31T15:29:40.350224+00:00
[2023-08-31T15:29:40.365+0000] {processor.py:179} INFO - Processing /home/airflow/.local/lib/python3.8/site-packages/airflow/example_dags/example_setup_teardown_taskflow.py took 0.054 seconds
[2023-08-31T15:30:10.524+0000] {processor.py:157} INFO - Started process (PID=6747) to work on /home/airflow/.local/lib/python3.8/site-packages/airflow/example_dags/example_setup_teardown_taskflow.py
[2023-08-31T15:30:10.525+0000] {processor.py:829} INFO - Processing file /home/airflow/.local/lib/python3.8/site-packages/airflow/example_dags/example_setup_teardown_taskflow.py for tasks to queue
[2023-08-31T15:30:10.526+0000] {logging_mixin.py:151} INFO - [2023-08-31T15:30:10.526+0000] {dagbag.py:539} INFO - Filling up the DagBag from /home/airflow/.local/lib/python3.8/site-packages/airflow/example_dags/example_setup_teardown_taskflow.py
[2023-08-31T15:30:10.533+0000] {processor.py:839} INFO - DAG(s) dict_keys(['example_setup_teardown_taskflow']) retrieved from /home/airflow/.local/lib/python3.8/site-packages/airflow/example_dags/example_setup_teardown_taskflow.py
[2023-08-31T15:30:10.548+0000] {logging_mixin.py:151} INFO - [2023-08-31T15:30:10.548+0000] {dag.py:2907} INFO - Sync 1 DAGs
[2023-08-31T15:30:10.561+0000] {logging_mixin.py:151} INFO - [2023-08-31T15:30:10.561+0000] {dag.py:3677} INFO - Setting next_dagrun for example_setup_teardown_taskflow to 2023-08-30T15:30:10.561227+00:00, run_after=2023-08-31T15:30:10.561227+00:00
[2023-08-31T15:30:10.573+0000] {processor.py:179} INFO - Processing /home/airflow/.local/lib/python3.8/site-packages/airflow/example_dags/example_setup_teardown_taskflow.py took 0.051 seconds
[2023-08-31T15:30:40.813+0000] {processor.py:157} INFO - Started process (PID=6988) to work on /home/airflow/.local/lib/python3.8/site-packages/airflow/example_dags/example_setup_teardown_taskflow.py
[2023-08-31T15:30:40.814+0000] {processor.py:829} INFO - Processing file /home/airflow/.local/lib/python3.8/site-packages/airflow/example_dags/example_setup_teardown_taskflow.py for tasks to queue
[2023-08-31T15:30:40.815+0000] {logging_mixin.py:151} INFO - [2023-08-31T15:30:40.815+0000] {dagbag.py:539} INFO - Filling up the DagBag from /home/airflow/.local/lib/python3.8/site-packages/airflow/example_dags/example_setup_teardown_taskflow.py
[2023-08-31T15:30:40.823+0000] {processor.py:839} INFO - DAG(s) dict_keys(['example_setup_teardown_taskflow']) retrieved from /home/airflow/.local/lib/python3.8/site-packages/airflow/example_dags/example_setup_teardown_taskflow.py
[2023-08-31T15:30:40.836+0000] {logging_mixin.py:151} INFO - [2023-08-31T15:30:40.836+0000] {dag.py:2907} INFO - Sync 1 DAGs
[2023-08-31T15:30:40.849+0000] {logging_mixin.py:151} INFO - [2023-08-31T15:30:40.849+0000] {dag.py:3677} INFO - Setting next_dagrun for example_setup_teardown_taskflow to 2023-08-30T15:30:40.848968+00:00, run_after=2023-08-31T15:30:40.848968+00:00
[2023-08-31T15:30:40.859+0000] {processor.py:179} INFO - Processing /home/airflow/.local/lib/python3.8/site-packages/airflow/example_dags/example_setup_teardown_taskflow.py took 0.048 seconds
[2023-08-31T15:31:11.226+0000] {processor.py:157} INFO - Started process (PID=7229) to work on /home/airflow/.local/lib/python3.8/site-packages/airflow/example_dags/example_setup_teardown_taskflow.py
[2023-08-31T15:31:11.227+0000] {processor.py:829} INFO - Processing file /home/airflow/.local/lib/python3.8/site-packages/airflow/example_dags/example_setup_teardown_taskflow.py for tasks to queue
[2023-08-31T15:31:11.228+0000] {logging_mixin.py:151} INFO - [2023-08-31T15:31:11.228+0000] {dagbag.py:539} INFO - Filling up the DagBag from /home/airflow/.local/lib/python3.8/site-packages/airflow/example_dags/example_setup_teardown_taskflow.py
[2023-08-31T15:31:11.234+0000] {processor.py:839} INFO - DAG(s) dict_keys(['example_setup_teardown_taskflow']) retrieved from /home/airflow/.local/lib/python3.8/site-packages/airflow/example_dags/example_setup_teardown_taskflow.py
[2023-08-31T15:31:11.248+0000] {logging_mixin.py:151} INFO - [2023-08-31T15:31:11.248+0000] {dag.py:2907} INFO - Sync 1 DAGs
[2023-08-31T15:31:11.260+0000] {logging_mixin.py:151} INFO - [2023-08-31T15:31:11.260+0000] {dag.py:3677} INFO - Setting next_dagrun for example_setup_teardown_taskflow to 2023-08-30T15:31:11.259879+00:00, run_after=2023-08-31T15:31:11.259879+00:00
[2023-08-31T15:31:11.269+0000] {processor.py:179} INFO - Processing /home/airflow/.local/lib/python3.8/site-packages/airflow/example_dags/example_setup_teardown_taskflow.py took 0.046 seconds
[2023-08-31T15:31:41.686+0000] {processor.py:157} INFO - Started process (PID=7468) to work on /home/airflow/.local/lib/python3.8/site-packages/airflow/example_dags/example_setup_teardown_taskflow.py
[2023-08-31T15:31:41.688+0000] {processor.py:829} INFO - Processing file /home/airflow/.local/lib/python3.8/site-packages/airflow/example_dags/example_setup_teardown_taskflow.py for tasks to queue
[2023-08-31T15:31:41.689+0000] {logging_mixin.py:151} INFO - [2023-08-31T15:31:41.689+0000] {dagbag.py:539} INFO - Filling up the DagBag from /home/airflow/.local/lib/python3.8/site-packages/airflow/example_dags/example_setup_teardown_taskflow.py
[2023-08-31T15:31:41.696+0000] {processor.py:839} INFO - DAG(s) dict_keys(['example_setup_teardown_taskflow']) retrieved from /home/airflow/.local/lib/python3.8/site-packages/airflow/example_dags/example_setup_teardown_taskflow.py
[2023-08-31T15:31:41.711+0000] {logging_mixin.py:151} INFO - [2023-08-31T15:31:41.711+0000] {dag.py:2907} INFO - Sync 1 DAGs
[2023-08-31T15:31:41.724+0000] {logging_mixin.py:151} INFO - [2023-08-31T15:31:41.724+0000] {dag.py:3677} INFO - Setting next_dagrun for example_setup_teardown_taskflow to 2023-08-30T15:31:41.724032+00:00, run_after=2023-08-31T15:31:41.724032+00:00
[2023-08-31T15:31:41.734+0000] {processor.py:179} INFO - Processing /home/airflow/.local/lib/python3.8/site-packages/airflow/example_dags/example_setup_teardown_taskflow.py took 0.051 seconds
[2023-08-31T15:32:12.021+0000] {processor.py:157} INFO - Started process (PID=7705) to work on /home/airflow/.local/lib/python3.8/site-packages/airflow/example_dags/example_setup_teardown_taskflow.py
[2023-08-31T15:32:12.022+0000] {processor.py:829} INFO - Processing file /home/airflow/.local/lib/python3.8/site-packages/airflow/example_dags/example_setup_teardown_taskflow.py for tasks to queue
[2023-08-31T15:32:12.024+0000] {logging_mixin.py:151} INFO - [2023-08-31T15:32:12.024+0000] {dagbag.py:539} INFO - Filling up the DagBag from /home/airflow/.local/lib/python3.8/site-packages/airflow/example_dags/example_setup_teardown_taskflow.py
[2023-08-31T15:32:12.031+0000] {processor.py:839} INFO - DAG(s) dict_keys(['example_setup_teardown_taskflow']) retrieved from /home/airflow/.local/lib/python3.8/site-packages/airflow/example_dags/example_setup_teardown_taskflow.py
[2023-08-31T15:32:12.046+0000] {logging_mixin.py:151} INFO - [2023-08-31T15:32:12.046+0000] {dag.py:2907} INFO - Sync 1 DAGs
[2023-08-31T15:32:12.059+0000] {logging_mixin.py:151} INFO - [2023-08-31T15:32:12.059+0000] {dag.py:3677} INFO - Setting next_dagrun for example_setup_teardown_taskflow to 2023-08-30T15:32:12.059299+00:00, run_after=2023-08-31T15:32:12.059299+00:00
[2023-08-31T15:32:12.072+0000] {processor.py:179} INFO - Processing /home/airflow/.local/lib/python3.8/site-packages/airflow/example_dags/example_setup_teardown_taskflow.py took 0.053 seconds
[2023-08-31T15:32:42.408+0000] {processor.py:157} INFO - Started process (PID=7945) to work on /home/airflow/.local/lib/python3.8/site-packages/airflow/example_dags/example_setup_teardown_taskflow.py
[2023-08-31T15:32:42.409+0000] {processor.py:829} INFO - Processing file /home/airflow/.local/lib/python3.8/site-packages/airflow/example_dags/example_setup_teardown_taskflow.py for tasks to queue
[2023-08-31T15:32:42.410+0000] {logging_mixin.py:151} INFO - [2023-08-31T15:32:42.410+0000] {dagbag.py:539} INFO - Filling up the DagBag from /home/airflow/.local/lib/python3.8/site-packages/airflow/example_dags/example_setup_teardown_taskflow.py
[2023-08-31T15:32:42.417+0000] {processor.py:839} INFO - DAG(s) dict_keys(['example_setup_teardown_taskflow']) retrieved from /home/airflow/.local/lib/python3.8/site-packages/airflow/example_dags/example_setup_teardown_taskflow.py
[2023-08-31T15:32:42.430+0000] {logging_mixin.py:151} INFO - [2023-08-31T15:32:42.430+0000] {dag.py:2907} INFO - Sync 1 DAGs
[2023-08-31T15:32:42.442+0000] {logging_mixin.py:151} INFO - [2023-08-31T15:32:42.442+0000] {dag.py:3677} INFO - Setting next_dagrun for example_setup_teardown_taskflow to 2023-08-30T15:32:42.442512+00:00, run_after=2023-08-31T15:32:42.442512+00:00
[2023-08-31T15:32:42.453+0000] {processor.py:179} INFO - Processing /home/airflow/.local/lib/python3.8/site-packages/airflow/example_dags/example_setup_teardown_taskflow.py took 0.047 seconds
[2023-08-31T15:33:12.925+0000] {processor.py:157} INFO - Started process (PID=8184) to work on /home/airflow/.local/lib/python3.8/site-packages/airflow/example_dags/example_setup_teardown_taskflow.py
[2023-08-31T15:33:12.926+0000] {processor.py:829} INFO - Processing file /home/airflow/.local/lib/python3.8/site-packages/airflow/example_dags/example_setup_teardown_taskflow.py for tasks to queue
[2023-08-31T15:33:12.927+0000] {logging_mixin.py:151} INFO - [2023-08-31T15:33:12.927+0000] {dagbag.py:539} INFO - Filling up the DagBag from /home/airflow/.local/lib/python3.8/site-packages/airflow/example_dags/example_setup_teardown_taskflow.py
[2023-08-31T15:33:12.934+0000] {processor.py:839} INFO - DAG(s) dict_keys(['example_setup_teardown_taskflow']) retrieved from /home/airflow/.local/lib/python3.8/site-packages/airflow/example_dags/example_setup_teardown_taskflow.py
[2023-08-31T15:33:12.948+0000] {logging_mixin.py:151} INFO - [2023-08-31T15:33:12.947+0000] {dag.py:2907} INFO - Sync 1 DAGs
[2023-08-31T15:33:12.968+0000] {logging_mixin.py:151} INFO - [2023-08-31T15:33:12.968+0000] {dag.py:3677} INFO - Setting next_dagrun for example_setup_teardown_taskflow to 2023-08-30T15:33:12.968369+00:00, run_after=2023-08-31T15:33:12.968369+00:00
[2023-08-31T15:33:12.980+0000] {processor.py:179} INFO - Processing /home/airflow/.local/lib/python3.8/site-packages/airflow/example_dags/example_setup_teardown_taskflow.py took 0.058 seconds
[2023-08-31T15:33:43.358+0000] {processor.py:157} INFO - Started process (PID=8424) to work on /home/airflow/.local/lib/python3.8/site-packages/airflow/example_dags/example_setup_teardown_taskflow.py
[2023-08-31T15:33:43.361+0000] {processor.py:829} INFO - Processing file /home/airflow/.local/lib/python3.8/site-packages/airflow/example_dags/example_setup_teardown_taskflow.py for tasks to queue
[2023-08-31T15:33:43.365+0000] {logging_mixin.py:151} INFO - [2023-08-31T15:33:43.365+0000] {dagbag.py:539} INFO - Filling up the DagBag from /home/airflow/.local/lib/python3.8/site-packages/airflow/example_dags/example_setup_teardown_taskflow.py
[2023-08-31T15:33:43.374+0000] {processor.py:839} INFO - DAG(s) dict_keys(['example_setup_teardown_taskflow']) retrieved from /home/airflow/.local/lib/python3.8/site-packages/airflow/example_dags/example_setup_teardown_taskflow.py
[2023-08-31T15:33:43.391+0000] {logging_mixin.py:151} INFO - [2023-08-31T15:33:43.391+0000] {dag.py:2907} INFO - Sync 1 DAGs
[2023-08-31T15:33:43.407+0000] {logging_mixin.py:151} INFO - [2023-08-31T15:33:43.407+0000] {dag.py:3677} INFO - Setting next_dagrun for example_setup_teardown_taskflow to 2023-08-30T15:33:43.407289+00:00, run_after=2023-08-31T15:33:43.407289+00:00
[2023-08-31T15:33:43.420+0000] {processor.py:179} INFO - Processing /home/airflow/.local/lib/python3.8/site-packages/airflow/example_dags/example_setup_teardown_taskflow.py took 0.065 seconds
[2023-08-31T15:34:13.901+0000] {processor.py:157} INFO - Started process (PID=8665) to work on /home/airflow/.local/lib/python3.8/site-packages/airflow/example_dags/example_setup_teardown_taskflow.py
[2023-08-31T15:34:13.927+0000] {processor.py:829} INFO - Processing file /home/airflow/.local/lib/python3.8/site-packages/airflow/example_dags/example_setup_teardown_taskflow.py for tasks to queue
[2023-08-31T15:34:13.928+0000] {logging_mixin.py:151} INFO - [2023-08-31T15:34:13.928+0000] {dagbag.py:539} INFO - Filling up the DagBag from /home/airflow/.local/lib/python3.8/site-packages/airflow/example_dags/example_setup_teardown_taskflow.py
[2023-08-31T15:34:13.935+0000] {processor.py:839} INFO - DAG(s) dict_keys(['example_setup_teardown_taskflow']) retrieved from /home/airflow/.local/lib/python3.8/site-packages/airflow/example_dags/example_setup_teardown_taskflow.py
[2023-08-31T15:34:13.948+0000] {logging_mixin.py:151} INFO - [2023-08-31T15:34:13.948+0000] {dag.py:2907} INFO - Sync 1 DAGs
[2023-08-31T15:34:13.961+0000] {logging_mixin.py:151} INFO - [2023-08-31T15:34:13.961+0000] {dag.py:3677} INFO - Setting next_dagrun for example_setup_teardown_taskflow to 2023-08-30T15:34:13.961279+00:00, run_after=2023-08-31T15:34:13.961279+00:00
[2023-08-31T15:34:13.973+0000] {processor.py:179} INFO - Processing /home/airflow/.local/lib/python3.8/site-packages/airflow/example_dags/example_setup_teardown_taskflow.py took 0.075 seconds
[2023-08-31T15:34:44.258+0000] {processor.py:157} INFO - Started process (PID=8905) to work on /home/airflow/.local/lib/python3.8/site-packages/airflow/example_dags/example_setup_teardown_taskflow.py
[2023-08-31T15:34:44.259+0000] {processor.py:829} INFO - Processing file /home/airflow/.local/lib/python3.8/site-packages/airflow/example_dags/example_setup_teardown_taskflow.py for tasks to queue
[2023-08-31T15:34:44.260+0000] {logging_mixin.py:151} INFO - [2023-08-31T15:34:44.260+0000] {dagbag.py:539} INFO - Filling up the DagBag from /home/airflow/.local/lib/python3.8/site-packages/airflow/example_dags/example_setup_teardown_taskflow.py
[2023-08-31T15:34:44.267+0000] {processor.py:839} INFO - DAG(s) dict_keys(['example_setup_teardown_taskflow']) retrieved from /home/airflow/.local/lib/python3.8/site-packages/airflow/example_dags/example_setup_teardown_taskflow.py
[2023-08-31T15:34:44.282+0000] {logging_mixin.py:151} INFO - [2023-08-31T15:34:44.281+0000] {dag.py:2907} INFO - Sync 1 DAGs
[2023-08-31T15:34:44.294+0000] {logging_mixin.py:151} INFO - [2023-08-31T15:34:44.294+0000] {dag.py:3677} INFO - Setting next_dagrun for example_setup_teardown_taskflow to 2023-08-30T15:34:44.294675+00:00, run_after=2023-08-31T15:34:44.294675+00:00
[2023-08-31T15:34:44.309+0000] {processor.py:179} INFO - Processing /home/airflow/.local/lib/python3.8/site-packages/airflow/example_dags/example_setup_teardown_taskflow.py took 0.054 seconds
[2023-08-31T15:35:14.691+0000] {processor.py:157} INFO - Started process (PID=9147) to work on /home/airflow/.local/lib/python3.8/site-packages/airflow/example_dags/example_setup_teardown_taskflow.py
[2023-08-31T15:35:14.692+0000] {processor.py:829} INFO - Processing file /home/airflow/.local/lib/python3.8/site-packages/airflow/example_dags/example_setup_teardown_taskflow.py for tasks to queue
[2023-08-31T15:35:14.693+0000] {logging_mixin.py:151} INFO - [2023-08-31T15:35:14.693+0000] {dagbag.py:539} INFO - Filling up the DagBag from /home/airflow/.local/lib/python3.8/site-packages/airflow/example_dags/example_setup_teardown_taskflow.py
[2023-08-31T15:35:14.701+0000] {processor.py:839} INFO - DAG(s) dict_keys(['example_setup_teardown_taskflow']) retrieved from /home/airflow/.local/lib/python3.8/site-packages/airflow/example_dags/example_setup_teardown_taskflow.py
[2023-08-31T15:35:14.716+0000] {logging_mixin.py:151} INFO - [2023-08-31T15:35:14.716+0000] {dag.py:2907} INFO - Sync 1 DAGs
[2023-08-31T15:35:14.730+0000] {logging_mixin.py:151} INFO - [2023-08-31T15:35:14.730+0000] {dag.py:3677} INFO - Setting next_dagrun for example_setup_teardown_taskflow to 2023-08-30T15:35:14.730286+00:00, run_after=2023-08-31T15:35:14.730286+00:00
[2023-08-31T15:35:14.741+0000] {processor.py:179} INFO - Processing /home/airflow/.local/lib/python3.8/site-packages/airflow/example_dags/example_setup_teardown_taskflow.py took 0.053 seconds
[2023-08-31T15:35:45.060+0000] {processor.py:157} INFO - Started process (PID=9390) to work on /home/airflow/.local/lib/python3.8/site-packages/airflow/example_dags/example_setup_teardown_taskflow.py
[2023-08-31T15:35:45.061+0000] {processor.py:829} INFO - Processing file /home/airflow/.local/lib/python3.8/site-packages/airflow/example_dags/example_setup_teardown_taskflow.py for tasks to queue
[2023-08-31T15:35:45.062+0000] {logging_mixin.py:151} INFO - [2023-08-31T15:35:45.062+0000] {dagbag.py:539} INFO - Filling up the DagBag from /home/airflow/.local/lib/python3.8/site-packages/airflow/example_dags/example_setup_teardown_taskflow.py
[2023-08-31T15:35:45.069+0000] {processor.py:839} INFO - DAG(s) dict_keys(['example_setup_teardown_taskflow']) retrieved from /home/airflow/.local/lib/python3.8/site-packages/airflow/example_dags/example_setup_teardown_taskflow.py
[2023-08-31T15:35:45.085+0000] {logging_mixin.py:151} INFO - [2023-08-31T15:35:45.084+0000] {dag.py:2907} INFO - Sync 1 DAGs
[2023-08-31T15:35:45.098+0000] {logging_mixin.py:151} INFO - [2023-08-31T15:35:45.098+0000] {dag.py:3677} INFO - Setting next_dagrun for example_setup_teardown_taskflow to 2023-08-30T15:35:45.098386+00:00, run_after=2023-08-31T15:35:45.098386+00:00
[2023-08-31T15:35:45.109+0000] {processor.py:179} INFO - Processing /home/airflow/.local/lib/python3.8/site-packages/airflow/example_dags/example_setup_teardown_taskflow.py took 0.052 seconds
[2023-08-31T15:36:15.413+0000] {processor.py:157} INFO - Started process (PID=9627) to work on /home/airflow/.local/lib/python3.8/site-packages/airflow/example_dags/example_setup_teardown_taskflow.py
[2023-08-31T15:36:15.414+0000] {processor.py:829} INFO - Processing file /home/airflow/.local/lib/python3.8/site-packages/airflow/example_dags/example_setup_teardown_taskflow.py for tasks to queue
[2023-08-31T15:36:15.415+0000] {logging_mixin.py:151} INFO - [2023-08-31T15:36:15.415+0000] {dagbag.py:539} INFO - Filling up the DagBag from /home/airflow/.local/lib/python3.8/site-packages/airflow/example_dags/example_setup_teardown_taskflow.py
[2023-08-31T15:36:15.422+0000] {processor.py:839} INFO - DAG(s) dict_keys(['example_setup_teardown_taskflow']) retrieved from /home/airflow/.local/lib/python3.8/site-packages/airflow/example_dags/example_setup_teardown_taskflow.py
[2023-08-31T15:36:15.438+0000] {logging_mixin.py:151} INFO - [2023-08-31T15:36:15.438+0000] {dag.py:2907} INFO - Sync 1 DAGs
[2023-08-31T15:36:15.450+0000] {logging_mixin.py:151} INFO - [2023-08-31T15:36:15.450+0000] {dag.py:3677} INFO - Setting next_dagrun for example_setup_teardown_taskflow to 2023-08-30T15:36:15.450662+00:00, run_after=2023-08-31T15:36:15.450662+00:00
[2023-08-31T15:36:15.462+0000] {processor.py:179} INFO - Processing /home/airflow/.local/lib/python3.8/site-packages/airflow/example_dags/example_setup_teardown_taskflow.py took 0.052 seconds
[2023-08-31T15:36:45.736+0000] {processor.py:157} INFO - Started process (PID=9867) to work on /home/airflow/.local/lib/python3.8/site-packages/airflow/example_dags/example_setup_teardown_taskflow.py
[2023-08-31T15:36:45.737+0000] {processor.py:829} INFO - Processing file /home/airflow/.local/lib/python3.8/site-packages/airflow/example_dags/example_setup_teardown_taskflow.py for tasks to queue
[2023-08-31T15:36:45.739+0000] {logging_mixin.py:151} INFO - [2023-08-31T15:36:45.738+0000] {dagbag.py:539} INFO - Filling up the DagBag from /home/airflow/.local/lib/python3.8/site-packages/airflow/example_dags/example_setup_teardown_taskflow.py
[2023-08-31T15:36:45.746+0000] {processor.py:839} INFO - DAG(s) dict_keys(['example_setup_teardown_taskflow']) retrieved from /home/airflow/.local/lib/python3.8/site-packages/airflow/example_dags/example_setup_teardown_taskflow.py
[2023-08-31T15:36:45.761+0000] {logging_mixin.py:151} INFO - [2023-08-31T15:36:45.761+0000] {dag.py:2907} INFO - Sync 1 DAGs
[2023-08-31T15:36:45.775+0000] {logging_mixin.py:151} INFO - [2023-08-31T15:36:45.775+0000] {dag.py:3677} INFO - Setting next_dagrun for example_setup_teardown_taskflow to 2023-08-30T15:36:45.775065+00:00, run_after=2023-08-31T15:36:45.775065+00:00
[2023-08-31T15:36:45.792+0000] {processor.py:179} INFO - Processing /home/airflow/.local/lib/python3.8/site-packages/airflow/example_dags/example_setup_teardown_taskflow.py took 0.059 seconds
[2023-08-31T15:37:16.062+0000] {processor.py:157} INFO - Started process (PID=10106) to work on /home/airflow/.local/lib/python3.8/site-packages/airflow/example_dags/example_setup_teardown_taskflow.py
[2023-08-31T15:37:16.063+0000] {processor.py:829} INFO - Processing file /home/airflow/.local/lib/python3.8/site-packages/airflow/example_dags/example_setup_teardown_taskflow.py for tasks to queue
[2023-08-31T15:37:16.064+0000] {logging_mixin.py:151} INFO - [2023-08-31T15:37:16.064+0000] {dagbag.py:539} INFO - Filling up the DagBag from /home/airflow/.local/lib/python3.8/site-packages/airflow/example_dags/example_setup_teardown_taskflow.py
[2023-08-31T15:37:16.074+0000] {processor.py:839} INFO - DAG(s) dict_keys(['example_setup_teardown_taskflow']) retrieved from /home/airflow/.local/lib/python3.8/site-packages/airflow/example_dags/example_setup_teardown_taskflow.py
[2023-08-31T15:37:16.089+0000] {logging_mixin.py:151} INFO - [2023-08-31T15:37:16.089+0000] {dag.py:2907} INFO - Sync 1 DAGs
[2023-08-31T15:37:16.102+0000] {logging_mixin.py:151} INFO - [2023-08-31T15:37:16.101+0000] {dag.py:3677} INFO - Setting next_dagrun for example_setup_teardown_taskflow to 2023-08-30T15:37:16.101742+00:00, run_after=2023-08-31T15:37:16.101742+00:00
[2023-08-31T15:37:16.112+0000] {processor.py:179} INFO - Processing /home/airflow/.local/lib/python3.8/site-packages/airflow/example_dags/example_setup_teardown_taskflow.py took 0.053 seconds
[2023-08-31T15:37:46.336+0000] {processor.py:157} INFO - Started process (PID=10347) to work on /home/airflow/.local/lib/python3.8/site-packages/airflow/example_dags/example_setup_teardown_taskflow.py
[2023-08-31T15:37:46.338+0000] {processor.py:829} INFO - Processing file /home/airflow/.local/lib/python3.8/site-packages/airflow/example_dags/example_setup_teardown_taskflow.py for tasks to queue
[2023-08-31T15:37:46.339+0000] {logging_mixin.py:151} INFO - [2023-08-31T15:37:46.339+0000] {dagbag.py:539} INFO - Filling up the DagBag from /home/airflow/.local/lib/python3.8/site-packages/airflow/example_dags/example_setup_teardown_taskflow.py
[2023-08-31T15:37:46.347+0000] {processor.py:839} INFO - DAG(s) dict_keys(['example_setup_teardown_taskflow']) retrieved from /home/airflow/.local/lib/python3.8/site-packages/airflow/example_dags/example_setup_teardown_taskflow.py
[2023-08-31T15:37:46.363+0000] {logging_mixin.py:151} INFO - [2023-08-31T15:37:46.362+0000] {dag.py:2907} INFO - Sync 1 DAGs
[2023-08-31T15:37:46.376+0000] {logging_mixin.py:151} INFO - [2023-08-31T15:37:46.376+0000] {dag.py:3677} INFO - Setting next_dagrun for example_setup_teardown_taskflow to 2023-08-30T15:37:46.375966+00:00, run_after=2023-08-31T15:37:46.375966+00:00
[2023-08-31T15:37:46.387+0000] {processor.py:179} INFO - Processing /home/airflow/.local/lib/python3.8/site-packages/airflow/example_dags/example_setup_teardown_taskflow.py took 0.054 seconds
