[2023-08-31T15:16:29.863+0000] {processor.py:157} INFO - Started process (PID=319) to work on /home/airflow/.local/lib/python3.8/site-packages/airflow/example_dags/example_task_group.py
[2023-08-31T15:16:29.865+0000] {processor.py:829} INFO - Processing file /home/airflow/.local/lib/python3.8/site-packages/airflow/example_dags/example_task_group.py for tasks to queue
[2023-08-31T15:16:29.866+0000] {logging_mixin.py:151} INFO - [2023-08-31T15:16:29.866+0000] {dagbag.py:539} INFO - Filling up the DagBag from /home/airflow/.local/lib/python3.8/site-packages/airflow/example_dags/example_task_group.py
[2023-08-31T15:16:29.872+0000] {processor.py:839} INFO - DAG(s) dict_keys(['example_task_group']) retrieved from /home/airflow/.local/lib/python3.8/site-packages/airflow/example_dags/example_task_group.py
[2023-08-31T15:16:29.884+0000] {logging_mixin.py:151} INFO - [2023-08-31T15:16:29.884+0000] {dag.py:2907} INFO - Sync 1 DAGs
[2023-08-31T15:16:29.900+0000] {logging_mixin.py:151} INFO - [2023-08-31T15:16:29.900+0000] {dag.py:3677} INFO - Setting next_dagrun for example_task_group to 2023-08-30T15:16:29.900170+00:00, run_after=2023-08-31T15:16:29.900170+00:00
[2023-08-31T15:16:29.912+0000] {processor.py:179} INFO - Processing /home/airflow/.local/lib/python3.8/site-packages/airflow/example_dags/example_task_group.py took 0.051 seconds
[2023-08-31T15:17:01.021+0000] {processor.py:157} INFO - Started process (PID=562) to work on /home/airflow/.local/lib/python3.8/site-packages/airflow/example_dags/example_task_group.py
[2023-08-31T15:17:01.022+0000] {processor.py:829} INFO - Processing file /home/airflow/.local/lib/python3.8/site-packages/airflow/example_dags/example_task_group.py for tasks to queue
[2023-08-31T15:17:01.024+0000] {logging_mixin.py:151} INFO - [2023-08-31T15:17:01.023+0000] {dagbag.py:539} INFO - Filling up the DagBag from /home/airflow/.local/lib/python3.8/site-packages/airflow/example_dags/example_task_group.py
[2023-08-31T15:17:01.030+0000] {processor.py:839} INFO - DAG(s) dict_keys(['example_task_group']) retrieved from /home/airflow/.local/lib/python3.8/site-packages/airflow/example_dags/example_task_group.py
[2023-08-31T15:17:01.046+0000] {logging_mixin.py:151} INFO - [2023-08-31T15:17:01.046+0000] {dag.py:2907} INFO - Sync 1 DAGs
[2023-08-31T15:17:01.061+0000] {logging_mixin.py:151} INFO - [2023-08-31T15:17:01.061+0000] {dag.py:3677} INFO - Setting next_dagrun for example_task_group to 2023-08-30T15:17:01.061414+00:00, run_after=2023-08-31T15:17:01.061414+00:00
[2023-08-31T15:17:01.165+0000] {processor.py:179} INFO - Processing /home/airflow/.local/lib/python3.8/site-packages/airflow/example_dags/example_task_group.py took 0.146 seconds
[2023-08-31T15:17:31.836+0000] {processor.py:157} INFO - Started process (PID=801) to work on /home/airflow/.local/lib/python3.8/site-packages/airflow/example_dags/example_task_group.py
[2023-08-31T15:17:31.837+0000] {processor.py:829} INFO - Processing file /home/airflow/.local/lib/python3.8/site-packages/airflow/example_dags/example_task_group.py for tasks to queue
[2023-08-31T15:17:31.838+0000] {logging_mixin.py:151} INFO - [2023-08-31T15:17:31.838+0000] {dagbag.py:539} INFO - Filling up the DagBag from /home/airflow/.local/lib/python3.8/site-packages/airflow/example_dags/example_task_group.py
[2023-08-31T15:17:31.844+0000] {processor.py:839} INFO - DAG(s) dict_keys(['example_task_group']) retrieved from /home/airflow/.local/lib/python3.8/site-packages/airflow/example_dags/example_task_group.py
[2023-08-31T15:17:31.859+0000] {logging_mixin.py:151} INFO - [2023-08-31T15:17:31.859+0000] {dag.py:2907} INFO - Sync 1 DAGs
[2023-08-31T15:17:31.872+0000] {logging_mixin.py:151} INFO - [2023-08-31T15:17:31.872+0000] {dag.py:3677} INFO - Setting next_dagrun for example_task_group to 2023-08-30T15:17:31.872153+00:00, run_after=2023-08-31T15:17:31.872153+00:00
[2023-08-31T15:17:31.882+0000] {processor.py:179} INFO - Processing /home/airflow/.local/lib/python3.8/site-packages/airflow/example_dags/example_task_group.py took 0.049 seconds
[2023-08-31T15:18:02.632+0000] {processor.py:157} INFO - Started process (PID=1042) to work on /home/airflow/.local/lib/python3.8/site-packages/airflow/example_dags/example_task_group.py
[2023-08-31T15:18:02.634+0000] {processor.py:829} INFO - Processing file /home/airflow/.local/lib/python3.8/site-packages/airflow/example_dags/example_task_group.py for tasks to queue
[2023-08-31T15:18:02.635+0000] {logging_mixin.py:151} INFO - [2023-08-31T15:18:02.634+0000] {dagbag.py:539} INFO - Filling up the DagBag from /home/airflow/.local/lib/python3.8/site-packages/airflow/example_dags/example_task_group.py
[2023-08-31T15:18:02.640+0000] {processor.py:839} INFO - DAG(s) dict_keys(['example_task_group']) retrieved from /home/airflow/.local/lib/python3.8/site-packages/airflow/example_dags/example_task_group.py
[2023-08-31T15:18:02.654+0000] {logging_mixin.py:151} INFO - [2023-08-31T15:18:02.654+0000] {dag.py:2907} INFO - Sync 1 DAGs
[2023-08-31T15:18:02.666+0000] {logging_mixin.py:151} INFO - [2023-08-31T15:18:02.666+0000] {dag.py:3677} INFO - Setting next_dagrun for example_task_group to 2023-08-30T15:18:02.666503+00:00, run_after=2023-08-31T15:18:02.666503+00:00
[2023-08-31T15:18:02.676+0000] {processor.py:179} INFO - Processing /home/airflow/.local/lib/python3.8/site-packages/airflow/example_dags/example_task_group.py took 0.047 seconds
[2023-08-31T15:18:33.205+0000] {processor.py:157} INFO - Started process (PID=1307) to work on /home/airflow/.local/lib/python3.8/site-packages/airflow/example_dags/example_task_group.py
[2023-08-31T15:18:33.207+0000] {processor.py:829} INFO - Processing file /home/airflow/.local/lib/python3.8/site-packages/airflow/example_dags/example_task_group.py for tasks to queue
[2023-08-31T15:18:33.208+0000] {logging_mixin.py:151} INFO - [2023-08-31T15:18:33.208+0000] {dagbag.py:539} INFO - Filling up the DagBag from /home/airflow/.local/lib/python3.8/site-packages/airflow/example_dags/example_task_group.py
[2023-08-31T15:18:33.215+0000] {processor.py:839} INFO - DAG(s) dict_keys(['example_task_group']) retrieved from /home/airflow/.local/lib/python3.8/site-packages/airflow/example_dags/example_task_group.py
[2023-08-31T15:18:33.229+0000] {logging_mixin.py:151} INFO - [2023-08-31T15:18:33.229+0000] {dag.py:2907} INFO - Sync 1 DAGs
[2023-08-31T15:18:33.242+0000] {logging_mixin.py:151} INFO - [2023-08-31T15:18:33.242+0000] {dag.py:3677} INFO - Setting next_dagrun for example_task_group to 2023-08-30T15:18:33.242163+00:00, run_after=2023-08-31T15:18:33.242163+00:00
[2023-08-31T15:18:33.253+0000] {processor.py:179} INFO - Processing /home/airflow/.local/lib/python3.8/site-packages/airflow/example_dags/example_task_group.py took 0.051 seconds
[2023-08-31T15:19:03.656+0000] {processor.py:157} INFO - Started process (PID=1544) to work on /home/airflow/.local/lib/python3.8/site-packages/airflow/example_dags/example_task_group.py
[2023-08-31T15:19:03.657+0000] {processor.py:829} INFO - Processing file /home/airflow/.local/lib/python3.8/site-packages/airflow/example_dags/example_task_group.py for tasks to queue
[2023-08-31T15:19:03.659+0000] {logging_mixin.py:151} INFO - [2023-08-31T15:19:03.658+0000] {dagbag.py:539} INFO - Filling up the DagBag from /home/airflow/.local/lib/python3.8/site-packages/airflow/example_dags/example_task_group.py
[2023-08-31T15:19:03.665+0000] {processor.py:839} INFO - DAG(s) dict_keys(['example_task_group']) retrieved from /home/airflow/.local/lib/python3.8/site-packages/airflow/example_dags/example_task_group.py
[2023-08-31T15:19:03.680+0000] {logging_mixin.py:151} INFO - [2023-08-31T15:19:03.680+0000] {dag.py:2907} INFO - Sync 1 DAGs
[2023-08-31T15:19:03.694+0000] {logging_mixin.py:151} INFO - [2023-08-31T15:19:03.694+0000] {dag.py:3677} INFO - Setting next_dagrun for example_task_group to 2023-08-30T15:19:03.694650+00:00, run_after=2023-08-31T15:19:03.694650+00:00
[2023-08-31T15:19:03.708+0000] {processor.py:179} INFO - Processing /home/airflow/.local/lib/python3.8/site-packages/airflow/example_dags/example_task_group.py took 0.055 seconds
[2023-08-31T15:19:33.993+0000] {processor.py:157} INFO - Started process (PID=1785) to work on /home/airflow/.local/lib/python3.8/site-packages/airflow/example_dags/example_task_group.py
[2023-08-31T15:19:33.995+0000] {processor.py:829} INFO - Processing file /home/airflow/.local/lib/python3.8/site-packages/airflow/example_dags/example_task_group.py for tasks to queue
[2023-08-31T15:19:33.996+0000] {logging_mixin.py:151} INFO - [2023-08-31T15:19:33.996+0000] {dagbag.py:539} INFO - Filling up the DagBag from /home/airflow/.local/lib/python3.8/site-packages/airflow/example_dags/example_task_group.py
[2023-08-31T15:19:34.002+0000] {processor.py:839} INFO - DAG(s) dict_keys(['example_task_group']) retrieved from /home/airflow/.local/lib/python3.8/site-packages/airflow/example_dags/example_task_group.py
[2023-08-31T15:19:34.017+0000] {logging_mixin.py:151} INFO - [2023-08-31T15:19:34.017+0000] {dag.py:2907} INFO - Sync 1 DAGs
[2023-08-31T15:19:34.032+0000] {logging_mixin.py:151} INFO - [2023-08-31T15:19:34.032+0000] {dag.py:3677} INFO - Setting next_dagrun for example_task_group to 2023-08-30T15:19:34.032672+00:00, run_after=2023-08-31T15:19:34.032672+00:00
[2023-08-31T15:19:34.046+0000] {processor.py:179} INFO - Processing /home/airflow/.local/lib/python3.8/site-packages/airflow/example_dags/example_task_group.py took 0.056 seconds
[2023-08-31T15:20:04.274+0000] {processor.py:157} INFO - Started process (PID=2025) to work on /home/airflow/.local/lib/python3.8/site-packages/airflow/example_dags/example_task_group.py
[2023-08-31T15:20:04.276+0000] {processor.py:829} INFO - Processing file /home/airflow/.local/lib/python3.8/site-packages/airflow/example_dags/example_task_group.py for tasks to queue
[2023-08-31T15:20:04.277+0000] {logging_mixin.py:151} INFO - [2023-08-31T15:20:04.277+0000] {dagbag.py:539} INFO - Filling up the DagBag from /home/airflow/.local/lib/python3.8/site-packages/airflow/example_dags/example_task_group.py
[2023-08-31T15:20:04.284+0000] {processor.py:839} INFO - DAG(s) dict_keys(['example_task_group']) retrieved from /home/airflow/.local/lib/python3.8/site-packages/airflow/example_dags/example_task_group.py
[2023-08-31T15:20:04.299+0000] {logging_mixin.py:151} INFO - [2023-08-31T15:20:04.299+0000] {dag.py:2907} INFO - Sync 1 DAGs
[2023-08-31T15:20:04.312+0000] {logging_mixin.py:151} INFO - [2023-08-31T15:20:04.312+0000] {dag.py:3677} INFO - Setting next_dagrun for example_task_group to 2023-08-30T15:20:04.312230+00:00, run_after=2023-08-31T15:20:04.312230+00:00
[2023-08-31T15:20:04.325+0000] {processor.py:179} INFO - Processing /home/airflow/.local/lib/python3.8/site-packages/airflow/example_dags/example_task_group.py took 0.053 seconds
[2023-08-31T15:20:34.624+0000] {processor.py:157} INFO - Started process (PID=2264) to work on /home/airflow/.local/lib/python3.8/site-packages/airflow/example_dags/example_task_group.py
[2023-08-31T15:20:34.625+0000] {processor.py:829} INFO - Processing file /home/airflow/.local/lib/python3.8/site-packages/airflow/example_dags/example_task_group.py for tasks to queue
[2023-08-31T15:20:34.626+0000] {logging_mixin.py:151} INFO - [2023-08-31T15:20:34.625+0000] {dagbag.py:539} INFO - Filling up the DagBag from /home/airflow/.local/lib/python3.8/site-packages/airflow/example_dags/example_task_group.py
[2023-08-31T15:20:34.632+0000] {processor.py:839} INFO - DAG(s) dict_keys(['example_task_group']) retrieved from /home/airflow/.local/lib/python3.8/site-packages/airflow/example_dags/example_task_group.py
[2023-08-31T15:20:34.647+0000] {logging_mixin.py:151} INFO - [2023-08-31T15:20:34.647+0000] {dag.py:2907} INFO - Sync 1 DAGs
[2023-08-31T15:20:34.666+0000] {logging_mixin.py:151} INFO - [2023-08-31T15:20:34.665+0000] {dag.py:3677} INFO - Setting next_dagrun for example_task_group to 2023-08-30T15:20:34.665830+00:00, run_after=2023-08-31T15:20:34.665830+00:00
[2023-08-31T15:20:34.676+0000] {processor.py:179} INFO - Processing /home/airflow/.local/lib/python3.8/site-packages/airflow/example_dags/example_task_group.py took 0.055 seconds
[2023-08-31T15:21:04.858+0000] {processor.py:157} INFO - Started process (PID=2505) to work on /home/airflow/.local/lib/python3.8/site-packages/airflow/example_dags/example_task_group.py
[2023-08-31T15:21:04.860+0000] {processor.py:829} INFO - Processing file /home/airflow/.local/lib/python3.8/site-packages/airflow/example_dags/example_task_group.py for tasks to queue
[2023-08-31T15:21:04.862+0000] {logging_mixin.py:151} INFO - [2023-08-31T15:21:04.861+0000] {dagbag.py:539} INFO - Filling up the DagBag from /home/airflow/.local/lib/python3.8/site-packages/airflow/example_dags/example_task_group.py
[2023-08-31T15:21:04.868+0000] {processor.py:839} INFO - DAG(s) dict_keys(['example_task_group']) retrieved from /home/airflow/.local/lib/python3.8/site-packages/airflow/example_dags/example_task_group.py
[2023-08-31T15:21:04.883+0000] {logging_mixin.py:151} INFO - [2023-08-31T15:21:04.883+0000] {dag.py:2907} INFO - Sync 1 DAGs
[2023-08-31T15:21:04.896+0000] {logging_mixin.py:151} INFO - [2023-08-31T15:21:04.896+0000] {dag.py:3677} INFO - Setting next_dagrun for example_task_group to 2023-08-30T15:21:04.896262+00:00, run_after=2023-08-31T15:21:04.896262+00:00
[2023-08-31T15:21:04.907+0000] {processor.py:179} INFO - Processing /home/airflow/.local/lib/python3.8/site-packages/airflow/example_dags/example_task_group.py took 0.051 seconds
[2023-08-31T15:21:35.201+0000] {processor.py:157} INFO - Started process (PID=2747) to work on /home/airflow/.local/lib/python3.8/site-packages/airflow/example_dags/example_task_group.py
[2023-08-31T15:21:35.202+0000] {processor.py:829} INFO - Processing file /home/airflow/.local/lib/python3.8/site-packages/airflow/example_dags/example_task_group.py for tasks to queue
[2023-08-31T15:21:35.203+0000] {logging_mixin.py:151} INFO - [2023-08-31T15:21:35.203+0000] {dagbag.py:539} INFO - Filling up the DagBag from /home/airflow/.local/lib/python3.8/site-packages/airflow/example_dags/example_task_group.py
[2023-08-31T15:21:35.209+0000] {processor.py:839} INFO - DAG(s) dict_keys(['example_task_group']) retrieved from /home/airflow/.local/lib/python3.8/site-packages/airflow/example_dags/example_task_group.py
[2023-08-31T15:21:35.224+0000] {logging_mixin.py:151} INFO - [2023-08-31T15:21:35.224+0000] {dag.py:2907} INFO - Sync 1 DAGs
[2023-08-31T15:21:35.238+0000] {logging_mixin.py:151} INFO - [2023-08-31T15:21:35.237+0000] {dag.py:3677} INFO - Setting next_dagrun for example_task_group to 2023-08-30T15:21:35.237815+00:00, run_after=2023-08-31T15:21:35.237815+00:00
[2023-08-31T15:21:35.250+0000] {processor.py:179} INFO - Processing /home/airflow/.local/lib/python3.8/site-packages/airflow/example_dags/example_task_group.py took 0.052 seconds
[2023-08-31T15:22:05.498+0000] {processor.py:157} INFO - Started process (PID=2987) to work on /home/airflow/.local/lib/python3.8/site-packages/airflow/example_dags/example_task_group.py
[2023-08-31T15:22:05.499+0000] {processor.py:829} INFO - Processing file /home/airflow/.local/lib/python3.8/site-packages/airflow/example_dags/example_task_group.py for tasks to queue
[2023-08-31T15:22:05.500+0000] {logging_mixin.py:151} INFO - [2023-08-31T15:22:05.500+0000] {dagbag.py:539} INFO - Filling up the DagBag from /home/airflow/.local/lib/python3.8/site-packages/airflow/example_dags/example_task_group.py
[2023-08-31T15:22:05.506+0000] {processor.py:839} INFO - DAG(s) dict_keys(['example_task_group']) retrieved from /home/airflow/.local/lib/python3.8/site-packages/airflow/example_dags/example_task_group.py
[2023-08-31T15:22:05.521+0000] {logging_mixin.py:151} INFO - [2023-08-31T15:22:05.521+0000] {dag.py:2907} INFO - Sync 1 DAGs
[2023-08-31T15:22:05.537+0000] {logging_mixin.py:151} INFO - [2023-08-31T15:22:05.537+0000] {dag.py:3677} INFO - Setting next_dagrun for example_task_group to 2023-08-30T15:22:05.537232+00:00, run_after=2023-08-31T15:22:05.537232+00:00
[2023-08-31T15:22:05.549+0000] {processor.py:179} INFO - Processing /home/airflow/.local/lib/python3.8/site-packages/airflow/example_dags/example_task_group.py took 0.054 seconds
[2023-08-31T15:22:36.165+0000] {processor.py:157} INFO - Started process (PID=3227) to work on /home/airflow/.local/lib/python3.8/site-packages/airflow/example_dags/example_task_group.py
[2023-08-31T15:22:36.167+0000] {processor.py:829} INFO - Processing file /home/airflow/.local/lib/python3.8/site-packages/airflow/example_dags/example_task_group.py for tasks to queue
[2023-08-31T15:22:36.168+0000] {logging_mixin.py:151} INFO - [2023-08-31T15:22:36.168+0000] {dagbag.py:539} INFO - Filling up the DagBag from /home/airflow/.local/lib/python3.8/site-packages/airflow/example_dags/example_task_group.py
[2023-08-31T15:22:36.174+0000] {processor.py:839} INFO - DAG(s) dict_keys(['example_task_group']) retrieved from /home/airflow/.local/lib/python3.8/site-packages/airflow/example_dags/example_task_group.py
[2023-08-31T15:22:36.189+0000] {logging_mixin.py:151} INFO - [2023-08-31T15:22:36.188+0000] {dag.py:2907} INFO - Sync 1 DAGs
[2023-08-31T15:22:36.204+0000] {logging_mixin.py:151} INFO - [2023-08-31T15:22:36.204+0000] {dag.py:3677} INFO - Setting next_dagrun for example_task_group to 2023-08-30T15:22:36.204322+00:00, run_after=2023-08-31T15:22:36.204322+00:00
[2023-08-31T15:22:36.221+0000] {processor.py:179} INFO - Processing /home/airflow/.local/lib/python3.8/site-packages/airflow/example_dags/example_task_group.py took 0.058 seconds
[2023-08-31T15:23:06.778+0000] {processor.py:157} INFO - Started process (PID=3469) to work on /home/airflow/.local/lib/python3.8/site-packages/airflow/example_dags/example_task_group.py
[2023-08-31T15:23:06.780+0000] {processor.py:829} INFO - Processing file /home/airflow/.local/lib/python3.8/site-packages/airflow/example_dags/example_task_group.py for tasks to queue
[2023-08-31T15:23:06.782+0000] {logging_mixin.py:151} INFO - [2023-08-31T15:23:06.781+0000] {dagbag.py:539} INFO - Filling up the DagBag from /home/airflow/.local/lib/python3.8/site-packages/airflow/example_dags/example_task_group.py
[2023-08-31T15:23:06.788+0000] {processor.py:839} INFO - DAG(s) dict_keys(['example_task_group']) retrieved from /home/airflow/.local/lib/python3.8/site-packages/airflow/example_dags/example_task_group.py
[2023-08-31T15:23:06.806+0000] {logging_mixin.py:151} INFO - [2023-08-31T15:23:06.806+0000] {dag.py:2907} INFO - Sync 1 DAGs
[2023-08-31T15:23:06.821+0000] {logging_mixin.py:151} INFO - [2023-08-31T15:23:06.820+0000] {dag.py:3677} INFO - Setting next_dagrun for example_task_group to 2023-08-30T15:23:06.820740+00:00, run_after=2023-08-31T15:23:06.820740+00:00
[2023-08-31T15:23:06.832+0000] {processor.py:179} INFO - Processing /home/airflow/.local/lib/python3.8/site-packages/airflow/example_dags/example_task_group.py took 0.057 seconds
[2023-08-31T15:23:37.149+0000] {processor.py:157} INFO - Started process (PID=3709) to work on /home/airflow/.local/lib/python3.8/site-packages/airflow/example_dags/example_task_group.py
[2023-08-31T15:23:37.151+0000] {processor.py:829} INFO - Processing file /home/airflow/.local/lib/python3.8/site-packages/airflow/example_dags/example_task_group.py for tasks to queue
[2023-08-31T15:23:37.152+0000] {logging_mixin.py:151} INFO - [2023-08-31T15:23:37.152+0000] {dagbag.py:539} INFO - Filling up the DagBag from /home/airflow/.local/lib/python3.8/site-packages/airflow/example_dags/example_task_group.py
[2023-08-31T15:23:37.159+0000] {processor.py:839} INFO - DAG(s) dict_keys(['example_task_group']) retrieved from /home/airflow/.local/lib/python3.8/site-packages/airflow/example_dags/example_task_group.py
[2023-08-31T15:23:37.176+0000] {logging_mixin.py:151} INFO - [2023-08-31T15:23:37.175+0000] {dag.py:2907} INFO - Sync 1 DAGs
[2023-08-31T15:23:37.190+0000] {logging_mixin.py:151} INFO - [2023-08-31T15:23:37.190+0000] {dag.py:3677} INFO - Setting next_dagrun for example_task_group to 2023-08-30T15:23:37.189872+00:00, run_after=2023-08-31T15:23:37.189872+00:00
[2023-08-31T15:23:37.204+0000] {processor.py:179} INFO - Processing /home/airflow/.local/lib/python3.8/site-packages/airflow/example_dags/example_task_group.py took 0.058 seconds
[2023-08-31T15:24:07.403+0000] {processor.py:157} INFO - Started process (PID=3951) to work on /home/airflow/.local/lib/python3.8/site-packages/airflow/example_dags/example_task_group.py
[2023-08-31T15:24:07.405+0000] {processor.py:829} INFO - Processing file /home/airflow/.local/lib/python3.8/site-packages/airflow/example_dags/example_task_group.py for tasks to queue
[2023-08-31T15:24:07.406+0000] {logging_mixin.py:151} INFO - [2023-08-31T15:24:07.406+0000] {dagbag.py:539} INFO - Filling up the DagBag from /home/airflow/.local/lib/python3.8/site-packages/airflow/example_dags/example_task_group.py
[2023-08-31T15:24:07.412+0000] {processor.py:839} INFO - DAG(s) dict_keys(['example_task_group']) retrieved from /home/airflow/.local/lib/python3.8/site-packages/airflow/example_dags/example_task_group.py
[2023-08-31T15:24:07.427+0000] {logging_mixin.py:151} INFO - [2023-08-31T15:24:07.427+0000] {dag.py:2907} INFO - Sync 1 DAGs
[2023-08-31T15:24:07.442+0000] {logging_mixin.py:151} INFO - [2023-08-31T15:24:07.442+0000] {dag.py:3677} INFO - Setting next_dagrun for example_task_group to 2023-08-30T15:24:07.442135+00:00, run_after=2023-08-31T15:24:07.442135+00:00
[2023-08-31T15:24:07.454+0000] {processor.py:179} INFO - Processing /home/airflow/.local/lib/python3.8/site-packages/airflow/example_dags/example_task_group.py took 0.053 seconds
[2023-08-31T15:24:37.705+0000] {processor.py:157} INFO - Started process (PID=4191) to work on /home/airflow/.local/lib/python3.8/site-packages/airflow/example_dags/example_task_group.py
[2023-08-31T15:24:37.707+0000] {processor.py:829} INFO - Processing file /home/airflow/.local/lib/python3.8/site-packages/airflow/example_dags/example_task_group.py for tasks to queue
[2023-08-31T15:24:37.708+0000] {logging_mixin.py:151} INFO - [2023-08-31T15:24:37.707+0000] {dagbag.py:539} INFO - Filling up the DagBag from /home/airflow/.local/lib/python3.8/site-packages/airflow/example_dags/example_task_group.py
[2023-08-31T15:24:37.713+0000] {processor.py:839} INFO - DAG(s) dict_keys(['example_task_group']) retrieved from /home/airflow/.local/lib/python3.8/site-packages/airflow/example_dags/example_task_group.py
[2023-08-31T15:24:37.727+0000] {logging_mixin.py:151} INFO - [2023-08-31T15:24:37.727+0000] {dag.py:2907} INFO - Sync 1 DAGs
[2023-08-31T15:24:37.742+0000] {logging_mixin.py:151} INFO - [2023-08-31T15:24:37.742+0000] {dag.py:3677} INFO - Setting next_dagrun for example_task_group to 2023-08-30T15:24:37.742188+00:00, run_after=2023-08-31T15:24:37.742188+00:00
[2023-08-31T15:24:37.754+0000] {processor.py:179} INFO - Processing /home/airflow/.local/lib/python3.8/site-packages/airflow/example_dags/example_task_group.py took 0.051 seconds
[2023-08-31T15:25:08.017+0000] {processor.py:157} INFO - Started process (PID=4431) to work on /home/airflow/.local/lib/python3.8/site-packages/airflow/example_dags/example_task_group.py
[2023-08-31T15:25:08.019+0000] {processor.py:829} INFO - Processing file /home/airflow/.local/lib/python3.8/site-packages/airflow/example_dags/example_task_group.py for tasks to queue
[2023-08-31T15:25:08.020+0000] {logging_mixin.py:151} INFO - [2023-08-31T15:25:08.020+0000] {dagbag.py:539} INFO - Filling up the DagBag from /home/airflow/.local/lib/python3.8/site-packages/airflow/example_dags/example_task_group.py
[2023-08-31T15:25:08.026+0000] {processor.py:839} INFO - DAG(s) dict_keys(['example_task_group']) retrieved from /home/airflow/.local/lib/python3.8/site-packages/airflow/example_dags/example_task_group.py
[2023-08-31T15:25:08.040+0000] {logging_mixin.py:151} INFO - [2023-08-31T15:25:08.040+0000] {dag.py:2907} INFO - Sync 1 DAGs
[2023-08-31T15:25:08.054+0000] {logging_mixin.py:151} INFO - [2023-08-31T15:25:08.054+0000] {dag.py:3677} INFO - Setting next_dagrun for example_task_group to 2023-08-30T15:25:08.054075+00:00, run_after=2023-08-31T15:25:08.054075+00:00
[2023-08-31T15:25:08.066+0000] {processor.py:179} INFO - Processing /home/airflow/.local/lib/python3.8/site-packages/airflow/example_dags/example_task_group.py took 0.052 seconds
[2023-08-31T15:25:38.288+0000] {processor.py:157} INFO - Started process (PID=4670) to work on /home/airflow/.local/lib/python3.8/site-packages/airflow/example_dags/example_task_group.py
[2023-08-31T15:25:38.289+0000] {processor.py:829} INFO - Processing file /home/airflow/.local/lib/python3.8/site-packages/airflow/example_dags/example_task_group.py for tasks to queue
[2023-08-31T15:25:38.290+0000] {logging_mixin.py:151} INFO - [2023-08-31T15:25:38.290+0000] {dagbag.py:539} INFO - Filling up the DagBag from /home/airflow/.local/lib/python3.8/site-packages/airflow/example_dags/example_task_group.py
[2023-08-31T15:25:38.296+0000] {processor.py:839} INFO - DAG(s) dict_keys(['example_task_group']) retrieved from /home/airflow/.local/lib/python3.8/site-packages/airflow/example_dags/example_task_group.py
[2023-08-31T15:25:38.310+0000] {logging_mixin.py:151} INFO - [2023-08-31T15:25:38.310+0000] {dag.py:2907} INFO - Sync 1 DAGs
[2023-08-31T15:25:38.324+0000] {logging_mixin.py:151} INFO - [2023-08-31T15:25:38.324+0000] {dag.py:3677} INFO - Setting next_dagrun for example_task_group to 2023-08-30T15:25:38.324224+00:00, run_after=2023-08-31T15:25:38.324224+00:00
[2023-08-31T15:25:38.336+0000] {processor.py:179} INFO - Processing /home/airflow/.local/lib/python3.8/site-packages/airflow/example_dags/example_task_group.py took 0.051 seconds
[2023-08-31T15:26:08.585+0000] {processor.py:157} INFO - Started process (PID=4911) to work on /home/airflow/.local/lib/python3.8/site-packages/airflow/example_dags/example_task_group.py
[2023-08-31T15:26:08.586+0000] {processor.py:829} INFO - Processing file /home/airflow/.local/lib/python3.8/site-packages/airflow/example_dags/example_task_group.py for tasks to queue
[2023-08-31T15:26:08.587+0000] {logging_mixin.py:151} INFO - [2023-08-31T15:26:08.587+0000] {dagbag.py:539} INFO - Filling up the DagBag from /home/airflow/.local/lib/python3.8/site-packages/airflow/example_dags/example_task_group.py
[2023-08-31T15:26:08.593+0000] {processor.py:839} INFO - DAG(s) dict_keys(['example_task_group']) retrieved from /home/airflow/.local/lib/python3.8/site-packages/airflow/example_dags/example_task_group.py
[2023-08-31T15:26:08.607+0000] {logging_mixin.py:151} INFO - [2023-08-31T15:26:08.607+0000] {dag.py:2907} INFO - Sync 1 DAGs
[2023-08-31T15:26:08.621+0000] {logging_mixin.py:151} INFO - [2023-08-31T15:26:08.621+0000] {dag.py:3677} INFO - Setting next_dagrun for example_task_group to 2023-08-30T15:26:08.620992+00:00, run_after=2023-08-31T15:26:08.620992+00:00
[2023-08-31T15:26:08.633+0000] {processor.py:179} INFO - Processing /home/airflow/.local/lib/python3.8/site-packages/airflow/example_dags/example_task_group.py took 0.051 seconds
[2023-08-31T15:26:38.909+0000] {processor.py:157} INFO - Started process (PID=5150) to work on /home/airflow/.local/lib/python3.8/site-packages/airflow/example_dags/example_task_group.py
[2023-08-31T15:26:38.911+0000] {processor.py:829} INFO - Processing file /home/airflow/.local/lib/python3.8/site-packages/airflow/example_dags/example_task_group.py for tasks to queue
[2023-08-31T15:26:38.912+0000] {logging_mixin.py:151} INFO - [2023-08-31T15:26:38.912+0000] {dagbag.py:539} INFO - Filling up the DagBag from /home/airflow/.local/lib/python3.8/site-packages/airflow/example_dags/example_task_group.py
[2023-08-31T15:26:38.918+0000] {processor.py:839} INFO - DAG(s) dict_keys(['example_task_group']) retrieved from /home/airflow/.local/lib/python3.8/site-packages/airflow/example_dags/example_task_group.py
[2023-08-31T15:26:38.932+0000] {logging_mixin.py:151} INFO - [2023-08-31T15:26:38.932+0000] {dag.py:2907} INFO - Sync 1 DAGs
[2023-08-31T15:26:38.946+0000] {logging_mixin.py:151} INFO - [2023-08-31T15:26:38.946+0000] {dag.py:3677} INFO - Setting next_dagrun for example_task_group to 2023-08-30T15:26:38.945868+00:00, run_after=2023-08-31T15:26:38.945868+00:00
[2023-08-31T15:26:38.958+0000] {processor.py:179} INFO - Processing /home/airflow/.local/lib/python3.8/site-packages/airflow/example_dags/example_task_group.py took 0.051 seconds
[2023-08-31T15:27:09.283+0000] {processor.py:157} INFO - Started process (PID=5389) to work on /home/airflow/.local/lib/python3.8/site-packages/airflow/example_dags/example_task_group.py
[2023-08-31T15:27:09.284+0000] {processor.py:829} INFO - Processing file /home/airflow/.local/lib/python3.8/site-packages/airflow/example_dags/example_task_group.py for tasks to queue
[2023-08-31T15:27:09.285+0000] {logging_mixin.py:151} INFO - [2023-08-31T15:27:09.285+0000] {dagbag.py:539} INFO - Filling up the DagBag from /home/airflow/.local/lib/python3.8/site-packages/airflow/example_dags/example_task_group.py
[2023-08-31T15:27:09.292+0000] {processor.py:839} INFO - DAG(s) dict_keys(['example_task_group']) retrieved from /home/airflow/.local/lib/python3.8/site-packages/airflow/example_dags/example_task_group.py
[2023-08-31T15:27:09.306+0000] {logging_mixin.py:151} INFO - [2023-08-31T15:27:09.306+0000] {dag.py:2907} INFO - Sync 1 DAGs
[2023-08-31T15:27:09.320+0000] {logging_mixin.py:151} INFO - [2023-08-31T15:27:09.319+0000] {dag.py:3677} INFO - Setting next_dagrun for example_task_group to 2023-08-30T15:27:09.319821+00:00, run_after=2023-08-31T15:27:09.319821+00:00
[2023-08-31T15:27:09.330+0000] {processor.py:179} INFO - Processing /home/airflow/.local/lib/python3.8/site-packages/airflow/example_dags/example_task_group.py took 0.050 seconds
[2023-08-31T15:27:39.669+0000] {processor.py:157} INFO - Started process (PID=5629) to work on /home/airflow/.local/lib/python3.8/site-packages/airflow/example_dags/example_task_group.py
[2023-08-31T15:27:39.670+0000] {processor.py:829} INFO - Processing file /home/airflow/.local/lib/python3.8/site-packages/airflow/example_dags/example_task_group.py for tasks to queue
[2023-08-31T15:27:39.671+0000] {logging_mixin.py:151} INFO - [2023-08-31T15:27:39.671+0000] {dagbag.py:539} INFO - Filling up the DagBag from /home/airflow/.local/lib/python3.8/site-packages/airflow/example_dags/example_task_group.py
[2023-08-31T15:27:39.677+0000] {processor.py:839} INFO - DAG(s) dict_keys(['example_task_group']) retrieved from /home/airflow/.local/lib/python3.8/site-packages/airflow/example_dags/example_task_group.py
[2023-08-31T15:27:39.692+0000] {logging_mixin.py:151} INFO - [2023-08-31T15:27:39.692+0000] {dag.py:2907} INFO - Sync 1 DAGs
[2023-08-31T15:27:39.705+0000] {logging_mixin.py:151} INFO - [2023-08-31T15:27:39.705+0000] {dag.py:3677} INFO - Setting next_dagrun for example_task_group to 2023-08-30T15:27:39.705305+00:00, run_after=2023-08-31T15:27:39.705305+00:00
[2023-08-31T15:27:39.717+0000] {processor.py:179} INFO - Processing /home/airflow/.local/lib/python3.8/site-packages/airflow/example_dags/example_task_group.py took 0.051 seconds
[2023-08-31T15:28:09.969+0000] {processor.py:157} INFO - Started process (PID=5869) to work on /home/airflow/.local/lib/python3.8/site-packages/airflow/example_dags/example_task_group.py
[2023-08-31T15:28:09.970+0000] {processor.py:829} INFO - Processing file /home/airflow/.local/lib/python3.8/site-packages/airflow/example_dags/example_task_group.py for tasks to queue
[2023-08-31T15:28:09.972+0000] {logging_mixin.py:151} INFO - [2023-08-31T15:28:09.971+0000] {dagbag.py:539} INFO - Filling up the DagBag from /home/airflow/.local/lib/python3.8/site-packages/airflow/example_dags/example_task_group.py
[2023-08-31T15:28:09.978+0000] {processor.py:839} INFO - DAG(s) dict_keys(['example_task_group']) retrieved from /home/airflow/.local/lib/python3.8/site-packages/airflow/example_dags/example_task_group.py
[2023-08-31T15:28:09.993+0000] {logging_mixin.py:151} INFO - [2023-08-31T15:28:09.993+0000] {dag.py:2907} INFO - Sync 1 DAGs
[2023-08-31T15:28:10.007+0000] {logging_mixin.py:151} INFO - [2023-08-31T15:28:10.007+0000] {dag.py:3677} INFO - Setting next_dagrun for example_task_group to 2023-08-30T15:28:10.007134+00:00, run_after=2023-08-31T15:28:10.007134+00:00
[2023-08-31T15:28:10.019+0000] {processor.py:179} INFO - Processing /home/airflow/.local/lib/python3.8/site-packages/airflow/example_dags/example_task_group.py took 0.052 seconds
[2023-08-31T15:28:40.272+0000] {processor.py:157} INFO - Started process (PID=6110) to work on /home/airflow/.local/lib/python3.8/site-packages/airflow/example_dags/example_task_group.py
[2023-08-31T15:28:40.273+0000] {processor.py:829} INFO - Processing file /home/airflow/.local/lib/python3.8/site-packages/airflow/example_dags/example_task_group.py for tasks to queue
[2023-08-31T15:28:40.275+0000] {logging_mixin.py:151} INFO - [2023-08-31T15:28:40.274+0000] {dagbag.py:539} INFO - Filling up the DagBag from /home/airflow/.local/lib/python3.8/site-packages/airflow/example_dags/example_task_group.py
[2023-08-31T15:28:40.281+0000] {processor.py:839} INFO - DAG(s) dict_keys(['example_task_group']) retrieved from /home/airflow/.local/lib/python3.8/site-packages/airflow/example_dags/example_task_group.py
[2023-08-31T15:28:40.296+0000] {logging_mixin.py:151} INFO - [2023-08-31T15:28:40.296+0000] {dag.py:2907} INFO - Sync 1 DAGs
[2023-08-31T15:28:40.310+0000] {logging_mixin.py:151} INFO - [2023-08-31T15:28:40.310+0000] {dag.py:3677} INFO - Setting next_dagrun for example_task_group to 2023-08-30T15:28:40.310286+00:00, run_after=2023-08-31T15:28:40.310286+00:00
[2023-08-31T15:28:40.321+0000] {processor.py:179} INFO - Processing /home/airflow/.local/lib/python3.8/site-packages/airflow/example_dags/example_task_group.py took 0.052 seconds
[2023-08-31T15:29:10.651+0000] {processor.py:157} INFO - Started process (PID=6352) to work on /home/airflow/.local/lib/python3.8/site-packages/airflow/example_dags/example_task_group.py
[2023-08-31T15:29:10.652+0000] {processor.py:829} INFO - Processing file /home/airflow/.local/lib/python3.8/site-packages/airflow/example_dags/example_task_group.py for tasks to queue
[2023-08-31T15:29:10.653+0000] {logging_mixin.py:151} INFO - [2023-08-31T15:29:10.653+0000] {dagbag.py:539} INFO - Filling up the DagBag from /home/airflow/.local/lib/python3.8/site-packages/airflow/example_dags/example_task_group.py
[2023-08-31T15:29:10.659+0000] {processor.py:839} INFO - DAG(s) dict_keys(['example_task_group']) retrieved from /home/airflow/.local/lib/python3.8/site-packages/airflow/example_dags/example_task_group.py
[2023-08-31T15:29:10.675+0000] {logging_mixin.py:151} INFO - [2023-08-31T15:29:10.675+0000] {dag.py:2907} INFO - Sync 1 DAGs
[2023-08-31T15:29:10.692+0000] {logging_mixin.py:151} INFO - [2023-08-31T15:29:10.692+0000] {dag.py:3677} INFO - Setting next_dagrun for example_task_group to 2023-08-30T15:29:10.692347+00:00, run_after=2023-08-31T15:29:10.692347+00:00
[2023-08-31T15:29:10.703+0000] {processor.py:179} INFO - Processing /home/airflow/.local/lib/python3.8/site-packages/airflow/example_dags/example_task_group.py took 0.055 seconds
[2023-08-31T15:29:40.944+0000] {processor.py:157} INFO - Started process (PID=6592) to work on /home/airflow/.local/lib/python3.8/site-packages/airflow/example_dags/example_task_group.py
[2023-08-31T15:29:40.945+0000] {processor.py:829} INFO - Processing file /home/airflow/.local/lib/python3.8/site-packages/airflow/example_dags/example_task_group.py for tasks to queue
[2023-08-31T15:29:40.947+0000] {logging_mixin.py:151} INFO - [2023-08-31T15:29:40.946+0000] {dagbag.py:539} INFO - Filling up the DagBag from /home/airflow/.local/lib/python3.8/site-packages/airflow/example_dags/example_task_group.py
[2023-08-31T15:29:40.953+0000] {processor.py:839} INFO - DAG(s) dict_keys(['example_task_group']) retrieved from /home/airflow/.local/lib/python3.8/site-packages/airflow/example_dags/example_task_group.py
[2023-08-31T15:29:40.969+0000] {logging_mixin.py:151} INFO - [2023-08-31T15:29:40.969+0000] {dag.py:2907} INFO - Sync 1 DAGs
[2023-08-31T15:29:40.985+0000] {logging_mixin.py:151} INFO - [2023-08-31T15:29:40.985+0000] {dag.py:3677} INFO - Setting next_dagrun for example_task_group to 2023-08-30T15:29:40.985220+00:00, run_after=2023-08-31T15:29:40.985220+00:00
[2023-08-31T15:29:40.996+0000] {processor.py:179} INFO - Processing /home/airflow/.local/lib/python3.8/site-packages/airflow/example_dags/example_task_group.py took 0.054 seconds
[2023-08-31T15:30:11.159+0000] {processor.py:157} INFO - Started process (PID=6832) to work on /home/airflow/.local/lib/python3.8/site-packages/airflow/example_dags/example_task_group.py
[2023-08-31T15:30:11.160+0000] {processor.py:829} INFO - Processing file /home/airflow/.local/lib/python3.8/site-packages/airflow/example_dags/example_task_group.py for tasks to queue
[2023-08-31T15:30:11.161+0000] {logging_mixin.py:151} INFO - [2023-08-31T15:30:11.161+0000] {dagbag.py:539} INFO - Filling up the DagBag from /home/airflow/.local/lib/python3.8/site-packages/airflow/example_dags/example_task_group.py
[2023-08-31T15:30:11.168+0000] {processor.py:839} INFO - DAG(s) dict_keys(['example_task_group']) retrieved from /home/airflow/.local/lib/python3.8/site-packages/airflow/example_dags/example_task_group.py
[2023-08-31T15:30:11.185+0000] {logging_mixin.py:151} INFO - [2023-08-31T15:30:11.185+0000] {dag.py:2907} INFO - Sync 1 DAGs
[2023-08-31T15:30:11.199+0000] {logging_mixin.py:151} INFO - [2023-08-31T15:30:11.199+0000] {dag.py:3677} INFO - Setting next_dagrun for example_task_group to 2023-08-30T15:30:11.198865+00:00, run_after=2023-08-31T15:30:11.198865+00:00
[2023-08-31T15:30:11.210+0000] {processor.py:179} INFO - Processing /home/airflow/.local/lib/python3.8/site-packages/airflow/example_dags/example_task_group.py took 0.053 seconds
[2023-08-31T15:30:41.565+0000] {processor.py:157} INFO - Started process (PID=7075) to work on /home/airflow/.local/lib/python3.8/site-packages/airflow/example_dags/example_task_group.py
[2023-08-31T15:30:41.566+0000] {processor.py:829} INFO - Processing file /home/airflow/.local/lib/python3.8/site-packages/airflow/example_dags/example_task_group.py for tasks to queue
[2023-08-31T15:30:41.567+0000] {logging_mixin.py:151} INFO - [2023-08-31T15:30:41.567+0000] {dagbag.py:539} INFO - Filling up the DagBag from /home/airflow/.local/lib/python3.8/site-packages/airflow/example_dags/example_task_group.py
[2023-08-31T15:30:41.575+0000] {processor.py:839} INFO - DAG(s) dict_keys(['example_task_group']) retrieved from /home/airflow/.local/lib/python3.8/site-packages/airflow/example_dags/example_task_group.py
[2023-08-31T15:30:41.590+0000] {logging_mixin.py:151} INFO - [2023-08-31T15:30:41.590+0000] {dag.py:2907} INFO - Sync 1 DAGs
[2023-08-31T15:30:41.604+0000] {logging_mixin.py:151} INFO - [2023-08-31T15:30:41.603+0000] {dag.py:3677} INFO - Setting next_dagrun for example_task_group to 2023-08-30T15:30:41.603764+00:00, run_after=2023-08-31T15:30:41.603764+00:00
[2023-08-31T15:30:41.616+0000] {processor.py:179} INFO - Processing /home/airflow/.local/lib/python3.8/site-packages/airflow/example_dags/example_task_group.py took 0.053 seconds
[2023-08-31T15:31:11.912+0000] {processor.py:157} INFO - Started process (PID=7312) to work on /home/airflow/.local/lib/python3.8/site-packages/airflow/example_dags/example_task_group.py
[2023-08-31T15:31:11.913+0000] {processor.py:829} INFO - Processing file /home/airflow/.local/lib/python3.8/site-packages/airflow/example_dags/example_task_group.py for tasks to queue
[2023-08-31T15:31:11.914+0000] {logging_mixin.py:151} INFO - [2023-08-31T15:31:11.914+0000] {dagbag.py:539} INFO - Filling up the DagBag from /home/airflow/.local/lib/python3.8/site-packages/airflow/example_dags/example_task_group.py
[2023-08-31T15:31:11.921+0000] {processor.py:839} INFO - DAG(s) dict_keys(['example_task_group']) retrieved from /home/airflow/.local/lib/python3.8/site-packages/airflow/example_dags/example_task_group.py
[2023-08-31T15:31:11.935+0000] {logging_mixin.py:151} INFO - [2023-08-31T15:31:11.935+0000] {dag.py:2907} INFO - Sync 1 DAGs
[2023-08-31T15:31:11.948+0000] {logging_mixin.py:151} INFO - [2023-08-31T15:31:11.948+0000] {dag.py:3677} INFO - Setting next_dagrun for example_task_group to 2023-08-30T15:31:11.948411+00:00, run_after=2023-08-31T15:31:11.948411+00:00
[2023-08-31T15:31:11.958+0000] {processor.py:179} INFO - Processing /home/airflow/.local/lib/python3.8/site-packages/airflow/example_dags/example_task_group.py took 0.048 seconds
[2023-08-31T15:31:42.380+0000] {processor.py:157} INFO - Started process (PID=7551) to work on /home/airflow/.local/lib/python3.8/site-packages/airflow/example_dags/example_task_group.py
[2023-08-31T15:31:42.381+0000] {processor.py:829} INFO - Processing file /home/airflow/.local/lib/python3.8/site-packages/airflow/example_dags/example_task_group.py for tasks to queue
[2023-08-31T15:31:42.382+0000] {logging_mixin.py:151} INFO - [2023-08-31T15:31:42.382+0000] {dagbag.py:539} INFO - Filling up the DagBag from /home/airflow/.local/lib/python3.8/site-packages/airflow/example_dags/example_task_group.py
[2023-08-31T15:31:42.388+0000] {processor.py:839} INFO - DAG(s) dict_keys(['example_task_group']) retrieved from /home/airflow/.local/lib/python3.8/site-packages/airflow/example_dags/example_task_group.py
[2023-08-31T15:31:42.403+0000] {logging_mixin.py:151} INFO - [2023-08-31T15:31:42.403+0000] {dag.py:2907} INFO - Sync 1 DAGs
[2023-08-31T15:31:42.416+0000] {logging_mixin.py:151} INFO - [2023-08-31T15:31:42.416+0000] {dag.py:3677} INFO - Setting next_dagrun for example_task_group to 2023-08-30T15:31:42.416021+00:00, run_after=2023-08-31T15:31:42.416021+00:00
[2023-08-31T15:31:42.426+0000] {processor.py:179} INFO - Processing /home/airflow/.local/lib/python3.8/site-packages/airflow/example_dags/example_task_group.py took 0.049 seconds
[2023-08-31T15:32:12.659+0000] {processor.py:157} INFO - Started process (PID=7790) to work on /home/airflow/.local/lib/python3.8/site-packages/airflow/example_dags/example_task_group.py
[2023-08-31T15:32:12.660+0000] {processor.py:829} INFO - Processing file /home/airflow/.local/lib/python3.8/site-packages/airflow/example_dags/example_task_group.py for tasks to queue
[2023-08-31T15:32:12.661+0000] {logging_mixin.py:151} INFO - [2023-08-31T15:32:12.661+0000] {dagbag.py:539} INFO - Filling up the DagBag from /home/airflow/.local/lib/python3.8/site-packages/airflow/example_dags/example_task_group.py
[2023-08-31T15:32:12.668+0000] {processor.py:839} INFO - DAG(s) dict_keys(['example_task_group']) retrieved from /home/airflow/.local/lib/python3.8/site-packages/airflow/example_dags/example_task_group.py
[2023-08-31T15:32:12.683+0000] {logging_mixin.py:151} INFO - [2023-08-31T15:32:12.683+0000] {dag.py:2907} INFO - Sync 1 DAGs
[2023-08-31T15:32:12.695+0000] {logging_mixin.py:151} INFO - [2023-08-31T15:32:12.695+0000] {dag.py:3677} INFO - Setting next_dagrun for example_task_group to 2023-08-30T15:32:12.695633+00:00, run_after=2023-08-31T15:32:12.695633+00:00
[2023-08-31T15:32:12.706+0000] {processor.py:179} INFO - Processing /home/airflow/.local/lib/python3.8/site-packages/airflow/example_dags/example_task_group.py took 0.050 seconds
[2023-08-31T15:32:43.181+0000] {processor.py:157} INFO - Started process (PID=8030) to work on /home/airflow/.local/lib/python3.8/site-packages/airflow/example_dags/example_task_group.py
[2023-08-31T15:32:43.183+0000] {processor.py:829} INFO - Processing file /home/airflow/.local/lib/python3.8/site-packages/airflow/example_dags/example_task_group.py for tasks to queue
[2023-08-31T15:32:43.184+0000] {logging_mixin.py:151} INFO - [2023-08-31T15:32:43.184+0000] {dagbag.py:539} INFO - Filling up the DagBag from /home/airflow/.local/lib/python3.8/site-packages/airflow/example_dags/example_task_group.py
[2023-08-31T15:32:43.190+0000] {processor.py:839} INFO - DAG(s) dict_keys(['example_task_group']) retrieved from /home/airflow/.local/lib/python3.8/site-packages/airflow/example_dags/example_task_group.py
[2023-08-31T15:32:43.206+0000] {logging_mixin.py:151} INFO - [2023-08-31T15:32:43.206+0000] {dag.py:2907} INFO - Sync 1 DAGs
[2023-08-31T15:32:43.223+0000] {logging_mixin.py:151} INFO - [2023-08-31T15:32:43.223+0000] {dag.py:3677} INFO - Setting next_dagrun for example_task_group to 2023-08-30T15:32:43.223292+00:00, run_after=2023-08-31T15:32:43.223292+00:00
[2023-08-31T15:32:43.234+0000] {processor.py:179} INFO - Processing /home/airflow/.local/lib/python3.8/site-packages/airflow/example_dags/example_task_group.py took 0.055 seconds
[2023-08-31T15:33:13.581+0000] {processor.py:157} INFO - Started process (PID=8269) to work on /home/airflow/.local/lib/python3.8/site-packages/airflow/example_dags/example_task_group.py
[2023-08-31T15:33:13.583+0000] {processor.py:829} INFO - Processing file /home/airflow/.local/lib/python3.8/site-packages/airflow/example_dags/example_task_group.py for tasks to queue
[2023-08-31T15:33:13.584+0000] {logging_mixin.py:151} INFO - [2023-08-31T15:33:13.584+0000] {dagbag.py:539} INFO - Filling up the DagBag from /home/airflow/.local/lib/python3.8/site-packages/airflow/example_dags/example_task_group.py
[2023-08-31T15:33:13.607+0000] {processor.py:839} INFO - DAG(s) dict_keys(['example_task_group']) retrieved from /home/airflow/.local/lib/python3.8/site-packages/airflow/example_dags/example_task_group.py
[2023-08-31T15:33:13.621+0000] {logging_mixin.py:151} INFO - [2023-08-31T15:33:13.621+0000] {dag.py:2907} INFO - Sync 1 DAGs
[2023-08-31T15:33:13.634+0000] {logging_mixin.py:151} INFO - [2023-08-31T15:33:13.634+0000] {dag.py:3677} INFO - Setting next_dagrun for example_task_group to 2023-08-30T15:33:13.634191+00:00, run_after=2023-08-31T15:33:13.634191+00:00
[2023-08-31T15:33:13.644+0000] {processor.py:179} INFO - Processing /home/airflow/.local/lib/python3.8/site-packages/airflow/example_dags/example_task_group.py took 0.066 seconds
[2023-08-31T15:33:44.249+0000] {processor.py:157} INFO - Started process (PID=8509) to work on /home/airflow/.local/lib/python3.8/site-packages/airflow/example_dags/example_task_group.py
[2023-08-31T15:33:44.251+0000] {processor.py:829} INFO - Processing file /home/airflow/.local/lib/python3.8/site-packages/airflow/example_dags/example_task_group.py for tasks to queue
[2023-08-31T15:33:44.253+0000] {logging_mixin.py:151} INFO - [2023-08-31T15:33:44.253+0000] {dagbag.py:539} INFO - Filling up the DagBag from /home/airflow/.local/lib/python3.8/site-packages/airflow/example_dags/example_task_group.py
[2023-08-31T15:33:44.260+0000] {processor.py:839} INFO - DAG(s) dict_keys(['example_task_group']) retrieved from /home/airflow/.local/lib/python3.8/site-packages/airflow/example_dags/example_task_group.py
[2023-08-31T15:33:44.278+0000] {logging_mixin.py:151} INFO - [2023-08-31T15:33:44.277+0000] {dag.py:2907} INFO - Sync 1 DAGs
[2023-08-31T15:33:44.292+0000] {logging_mixin.py:151} INFO - [2023-08-31T15:33:44.291+0000] {dag.py:3677} INFO - Setting next_dagrun for example_task_group to 2023-08-30T15:33:44.291785+00:00, run_after=2023-08-31T15:33:44.291785+00:00
[2023-08-31T15:33:44.304+0000] {processor.py:179} INFO - Processing /home/airflow/.local/lib/python3.8/site-packages/airflow/example_dags/example_task_group.py took 0.060 seconds
[2023-08-31T15:34:14.678+0000] {processor.py:157} INFO - Started process (PID=8752) to work on /home/airflow/.local/lib/python3.8/site-packages/airflow/example_dags/example_task_group.py
[2023-08-31T15:34:14.679+0000] {processor.py:829} INFO - Processing file /home/airflow/.local/lib/python3.8/site-packages/airflow/example_dags/example_task_group.py for tasks to queue
[2023-08-31T15:34:14.680+0000] {logging_mixin.py:151} INFO - [2023-08-31T15:34:14.680+0000] {dagbag.py:539} INFO - Filling up the DagBag from /home/airflow/.local/lib/python3.8/site-packages/airflow/example_dags/example_task_group.py
[2023-08-31T15:34:14.686+0000] {processor.py:839} INFO - DAG(s) dict_keys(['example_task_group']) retrieved from /home/airflow/.local/lib/python3.8/site-packages/airflow/example_dags/example_task_group.py
[2023-08-31T15:34:14.701+0000] {logging_mixin.py:151} INFO - [2023-08-31T15:34:14.701+0000] {dag.py:2907} INFO - Sync 1 DAGs
[2023-08-31T15:34:14.715+0000] {logging_mixin.py:151} INFO - [2023-08-31T15:34:14.715+0000] {dag.py:3677} INFO - Setting next_dagrun for example_task_group to 2023-08-30T15:34:14.714995+00:00, run_after=2023-08-31T15:34:14.714995+00:00
[2023-08-31T15:34:14.726+0000] {processor.py:179} INFO - Processing /home/airflow/.local/lib/python3.8/site-packages/airflow/example_dags/example_task_group.py took 0.051 seconds
[2023-08-31T15:34:44.892+0000] {processor.py:157} INFO - Started process (PID=8990) to work on /home/airflow/.local/lib/python3.8/site-packages/airflow/example_dags/example_task_group.py
[2023-08-31T15:34:44.894+0000] {processor.py:829} INFO - Processing file /home/airflow/.local/lib/python3.8/site-packages/airflow/example_dags/example_task_group.py for tasks to queue
[2023-08-31T15:34:44.895+0000] {logging_mixin.py:151} INFO - [2023-08-31T15:34:44.895+0000] {dagbag.py:539} INFO - Filling up the DagBag from /home/airflow/.local/lib/python3.8/site-packages/airflow/example_dags/example_task_group.py
[2023-08-31T15:34:44.901+0000] {processor.py:839} INFO - DAG(s) dict_keys(['example_task_group']) retrieved from /home/airflow/.local/lib/python3.8/site-packages/airflow/example_dags/example_task_group.py
[2023-08-31T15:34:44.917+0000] {logging_mixin.py:151} INFO - [2023-08-31T15:34:44.916+0000] {dag.py:2907} INFO - Sync 1 DAGs
[2023-08-31T15:34:44.931+0000] {logging_mixin.py:151} INFO - [2023-08-31T15:34:44.930+0000] {dag.py:3677} INFO - Setting next_dagrun for example_task_group to 2023-08-30T15:34:44.930714+00:00, run_after=2023-08-31T15:34:44.930714+00:00
[2023-08-31T15:34:44.942+0000] {processor.py:179} INFO - Processing /home/airflow/.local/lib/python3.8/site-packages/airflow/example_dags/example_task_group.py took 0.052 seconds
[2023-08-31T15:35:15.339+0000] {processor.py:157} INFO - Started process (PID=9234) to work on /home/airflow/.local/lib/python3.8/site-packages/airflow/example_dags/example_task_group.py
[2023-08-31T15:35:15.340+0000] {processor.py:829} INFO - Processing file /home/airflow/.local/lib/python3.8/site-packages/airflow/example_dags/example_task_group.py for tasks to queue
[2023-08-31T15:35:15.341+0000] {logging_mixin.py:151} INFO - [2023-08-31T15:35:15.341+0000] {dagbag.py:539} INFO - Filling up the DagBag from /home/airflow/.local/lib/python3.8/site-packages/airflow/example_dags/example_task_group.py
[2023-08-31T15:35:15.347+0000] {processor.py:839} INFO - DAG(s) dict_keys(['example_task_group']) retrieved from /home/airflow/.local/lib/python3.8/site-packages/airflow/example_dags/example_task_group.py
[2023-08-31T15:35:15.363+0000] {logging_mixin.py:151} INFO - [2023-08-31T15:35:15.362+0000] {dag.py:2907} INFO - Sync 1 DAGs
[2023-08-31T15:35:15.376+0000] {logging_mixin.py:151} INFO - [2023-08-31T15:35:15.375+0000] {dag.py:3677} INFO - Setting next_dagrun for example_task_group to 2023-08-30T15:35:15.375796+00:00, run_after=2023-08-31T15:35:15.375796+00:00
[2023-08-31T15:35:15.387+0000] {processor.py:179} INFO - Processing /home/airflow/.local/lib/python3.8/site-packages/airflow/example_dags/example_task_group.py took 0.051 seconds
[2023-08-31T15:35:45.706+0000] {processor.py:157} INFO - Started process (PID=9475) to work on /home/airflow/.local/lib/python3.8/site-packages/airflow/example_dags/example_task_group.py
[2023-08-31T15:35:45.707+0000] {processor.py:829} INFO - Processing file /home/airflow/.local/lib/python3.8/site-packages/airflow/example_dags/example_task_group.py for tasks to queue
[2023-08-31T15:35:45.708+0000] {logging_mixin.py:151} INFO - [2023-08-31T15:35:45.708+0000] {dagbag.py:539} INFO - Filling up the DagBag from /home/airflow/.local/lib/python3.8/site-packages/airflow/example_dags/example_task_group.py
[2023-08-31T15:35:45.714+0000] {processor.py:839} INFO - DAG(s) dict_keys(['example_task_group']) retrieved from /home/airflow/.local/lib/python3.8/site-packages/airflow/example_dags/example_task_group.py
[2023-08-31T15:35:45.729+0000] {logging_mixin.py:151} INFO - [2023-08-31T15:35:45.729+0000] {dag.py:2907} INFO - Sync 1 DAGs
[2023-08-31T15:35:45.743+0000] {logging_mixin.py:151} INFO - [2023-08-31T15:35:45.743+0000] {dag.py:3677} INFO - Setting next_dagrun for example_task_group to 2023-08-30T15:35:45.743186+00:00, run_after=2023-08-31T15:35:45.743186+00:00
[2023-08-31T15:35:45.754+0000] {processor.py:179} INFO - Processing /home/airflow/.local/lib/python3.8/site-packages/airflow/example_dags/example_task_group.py took 0.051 seconds
[2023-08-31T15:36:16.055+0000] {processor.py:157} INFO - Started process (PID=9714) to work on /home/airflow/.local/lib/python3.8/site-packages/airflow/example_dags/example_task_group.py
[2023-08-31T15:36:16.056+0000] {processor.py:829} INFO - Processing file /home/airflow/.local/lib/python3.8/site-packages/airflow/example_dags/example_task_group.py for tasks to queue
[2023-08-31T15:36:16.058+0000] {logging_mixin.py:151} INFO - [2023-08-31T15:36:16.057+0000] {dagbag.py:539} INFO - Filling up the DagBag from /home/airflow/.local/lib/python3.8/site-packages/airflow/example_dags/example_task_group.py
[2023-08-31T15:36:16.065+0000] {processor.py:839} INFO - DAG(s) dict_keys(['example_task_group']) retrieved from /home/airflow/.local/lib/python3.8/site-packages/airflow/example_dags/example_task_group.py
[2023-08-31T15:36:16.079+0000] {logging_mixin.py:151} INFO - [2023-08-31T15:36:16.079+0000] {dag.py:2907} INFO - Sync 1 DAGs
[2023-08-31T15:36:16.093+0000] {logging_mixin.py:151} INFO - [2023-08-31T15:36:16.093+0000] {dag.py:3677} INFO - Setting next_dagrun for example_task_group to 2023-08-30T15:36:16.093080+00:00, run_after=2023-08-31T15:36:16.093080+00:00
[2023-08-31T15:36:16.103+0000] {processor.py:179} INFO - Processing /home/airflow/.local/lib/python3.8/site-packages/airflow/example_dags/example_task_group.py took 0.051 seconds
[2023-08-31T15:36:46.424+0000] {processor.py:157} INFO - Started process (PID=9954) to work on /home/airflow/.local/lib/python3.8/site-packages/airflow/example_dags/example_task_group.py
[2023-08-31T15:36:46.425+0000] {processor.py:829} INFO - Processing file /home/airflow/.local/lib/python3.8/site-packages/airflow/example_dags/example_task_group.py for tasks to queue
[2023-08-31T15:36:46.426+0000] {logging_mixin.py:151} INFO - [2023-08-31T15:36:46.426+0000] {dagbag.py:539} INFO - Filling up the DagBag from /home/airflow/.local/lib/python3.8/site-packages/airflow/example_dags/example_task_group.py
[2023-08-31T15:36:46.432+0000] {processor.py:839} INFO - DAG(s) dict_keys(['example_task_group']) retrieved from /home/airflow/.local/lib/python3.8/site-packages/airflow/example_dags/example_task_group.py
[2023-08-31T15:36:46.447+0000] {logging_mixin.py:151} INFO - [2023-08-31T15:36:46.447+0000] {dag.py:2907} INFO - Sync 1 DAGs
[2023-08-31T15:36:46.460+0000] {logging_mixin.py:151} INFO - [2023-08-31T15:36:46.460+0000] {dag.py:3677} INFO - Setting next_dagrun for example_task_group to 2023-08-30T15:36:46.460014+00:00, run_after=2023-08-31T15:36:46.460014+00:00
[2023-08-31T15:36:46.471+0000] {processor.py:179} INFO - Processing /home/airflow/.local/lib/python3.8/site-packages/airflow/example_dags/example_task_group.py took 0.049 seconds
[2023-08-31T15:37:16.707+0000] {processor.py:157} INFO - Started process (PID=10191) to work on /home/airflow/.local/lib/python3.8/site-packages/airflow/example_dags/example_task_group.py
[2023-08-31T15:37:16.709+0000] {processor.py:829} INFO - Processing file /home/airflow/.local/lib/python3.8/site-packages/airflow/example_dags/example_task_group.py for tasks to queue
[2023-08-31T15:37:16.710+0000] {logging_mixin.py:151} INFO - [2023-08-31T15:37:16.709+0000] {dagbag.py:539} INFO - Filling up the DagBag from /home/airflow/.local/lib/python3.8/site-packages/airflow/example_dags/example_task_group.py
[2023-08-31T15:37:16.716+0000] {processor.py:839} INFO - DAG(s) dict_keys(['example_task_group']) retrieved from /home/airflow/.local/lib/python3.8/site-packages/airflow/example_dags/example_task_group.py
[2023-08-31T15:37:16.731+0000] {logging_mixin.py:151} INFO - [2023-08-31T15:37:16.731+0000] {dag.py:2907} INFO - Sync 1 DAGs
[2023-08-31T15:37:16.744+0000] {logging_mixin.py:151} INFO - [2023-08-31T15:37:16.744+0000] {dag.py:3677} INFO - Setting next_dagrun for example_task_group to 2023-08-30T15:37:16.744571+00:00, run_after=2023-08-31T15:37:16.744571+00:00
[2023-08-31T15:37:16.756+0000] {processor.py:179} INFO - Processing /home/airflow/.local/lib/python3.8/site-packages/airflow/example_dags/example_task_group.py took 0.051 seconds
[2023-08-31T15:37:46.962+0000] {processor.py:157} INFO - Started process (PID=10432) to work on /home/airflow/.local/lib/python3.8/site-packages/airflow/example_dags/example_task_group.py
[2023-08-31T15:37:46.964+0000] {processor.py:829} INFO - Processing file /home/airflow/.local/lib/python3.8/site-packages/airflow/example_dags/example_task_group.py for tasks to queue
[2023-08-31T15:37:46.966+0000] {logging_mixin.py:151} INFO - [2023-08-31T15:37:46.965+0000] {dagbag.py:539} INFO - Filling up the DagBag from /home/airflow/.local/lib/python3.8/site-packages/airflow/example_dags/example_task_group.py
[2023-08-31T15:37:46.972+0000] {processor.py:839} INFO - DAG(s) dict_keys(['example_task_group']) retrieved from /home/airflow/.local/lib/python3.8/site-packages/airflow/example_dags/example_task_group.py
[2023-08-31T15:37:46.990+0000] {logging_mixin.py:151} INFO - [2023-08-31T15:37:46.990+0000] {dag.py:2907} INFO - Sync 1 DAGs
[2023-08-31T15:37:47.006+0000] {logging_mixin.py:151} INFO - [2023-08-31T15:37:47.006+0000] {dag.py:3677} INFO - Setting next_dagrun for example_task_group to 2023-08-30T15:37:47.006010+00:00, run_after=2023-08-31T15:37:47.006010+00:00
[2023-08-31T15:37:47.019+0000] {processor.py:179} INFO - Processing /home/airflow/.local/lib/python3.8/site-packages/airflow/example_dags/example_task_group.py took 0.060 seconds
