[2023-08-31T15:16:29.702+0000] {processor.py:157} INFO - Started process (PID=297) to work on /home/airflow/.local/lib/python3.8/site-packages/airflow/example_dags/example_skip_dag.py
[2023-08-31T15:16:29.703+0000] {processor.py:829} INFO - Processing file /home/airflow/.local/lib/python3.8/site-packages/airflow/example_dags/example_skip_dag.py for tasks to queue
[2023-08-31T15:16:29.704+0000] {logging_mixin.py:151} INFO - [2023-08-31T15:16:29.704+0000] {dagbag.py:539} INFO - Filling up the DagBag from /home/airflow/.local/lib/python3.8/site-packages/airflow/example_dags/example_skip_dag.py
[2023-08-31T15:16:29.710+0000] {processor.py:839} INFO - DAG(s) dict_keys(['example_skip_dag']) retrieved from /home/airflow/.local/lib/python3.8/site-packages/airflow/example_dags/example_skip_dag.py
[2023-08-31T15:16:29.722+0000] {logging_mixin.py:151} INFO - [2023-08-31T15:16:29.722+0000] {dag.py:2907} INFO - Sync 1 DAGs
[2023-08-31T15:16:29.740+0000] {logging_mixin.py:151} INFO - [2023-08-31T15:16:29.739+0000] {dag.py:3677} INFO - Setting next_dagrun for example_skip_dag to 2023-08-30T15:16:29.739675+00:00, run_after=2023-08-31T15:16:29.739675+00:00
[2023-08-31T15:16:29.755+0000] {processor.py:179} INFO - Processing /home/airflow/.local/lib/python3.8/site-packages/airflow/example_dags/example_skip_dag.py took 0.056 seconds
[2023-08-31T15:17:00.779+0000] {processor.py:157} INFO - Started process (PID=544) to work on /home/airflow/.local/lib/python3.8/site-packages/airflow/example_dags/example_skip_dag.py
[2023-08-31T15:17:00.781+0000] {processor.py:829} INFO - Processing file /home/airflow/.local/lib/python3.8/site-packages/airflow/example_dags/example_skip_dag.py for tasks to queue
[2023-08-31T15:17:00.782+0000] {logging_mixin.py:151} INFO - [2023-08-31T15:17:00.782+0000] {dagbag.py:539} INFO - Filling up the DagBag from /home/airflow/.local/lib/python3.8/site-packages/airflow/example_dags/example_skip_dag.py
[2023-08-31T15:17:00.788+0000] {processor.py:839} INFO - DAG(s) dict_keys(['example_skip_dag']) retrieved from /home/airflow/.local/lib/python3.8/site-packages/airflow/example_dags/example_skip_dag.py
[2023-08-31T15:17:00.802+0000] {logging_mixin.py:151} INFO - [2023-08-31T15:17:00.802+0000] {dag.py:2907} INFO - Sync 1 DAGs
[2023-08-31T15:17:00.817+0000] {logging_mixin.py:151} INFO - [2023-08-31T15:17:00.816+0000] {dag.py:3677} INFO - Setting next_dagrun for example_skip_dag to 2023-08-30T15:17:00.816769+00:00, run_after=2023-08-31T15:17:00.816769+00:00
[2023-08-31T15:17:00.913+0000] {processor.py:179} INFO - Processing /home/airflow/.local/lib/python3.8/site-packages/airflow/example_dags/example_skip_dag.py took 0.137 seconds
[2023-08-31T15:17:31.695+0000] {processor.py:157} INFO - Started process (PID=783) to work on /home/airflow/.local/lib/python3.8/site-packages/airflow/example_dags/example_skip_dag.py
[2023-08-31T15:17:31.697+0000] {processor.py:829} INFO - Processing file /home/airflow/.local/lib/python3.8/site-packages/airflow/example_dags/example_skip_dag.py for tasks to queue
[2023-08-31T15:17:31.698+0000] {logging_mixin.py:151} INFO - [2023-08-31T15:17:31.697+0000] {dagbag.py:539} INFO - Filling up the DagBag from /home/airflow/.local/lib/python3.8/site-packages/airflow/example_dags/example_skip_dag.py
[2023-08-31T15:17:31.703+0000] {processor.py:839} INFO - DAG(s) dict_keys(['example_skip_dag']) retrieved from /home/airflow/.local/lib/python3.8/site-packages/airflow/example_dags/example_skip_dag.py
[2023-08-31T15:17:31.718+0000] {logging_mixin.py:151} INFO - [2023-08-31T15:17:31.718+0000] {dag.py:2907} INFO - Sync 1 DAGs
[2023-08-31T15:17:31.731+0000] {logging_mixin.py:151} INFO - [2023-08-31T15:17:31.731+0000] {dag.py:3677} INFO - Setting next_dagrun for example_skip_dag to 2023-08-30T15:17:31.731158+00:00, run_after=2023-08-31T15:17:31.731158+00:00
[2023-08-31T15:17:31.741+0000] {processor.py:179} INFO - Processing /home/airflow/.local/lib/python3.8/site-packages/airflow/example_dags/example_skip_dag.py took 0.048 seconds
[2023-08-31T15:18:02.328+0000] {processor.py:157} INFO - Started process (PID=1022) to work on /home/airflow/.local/lib/python3.8/site-packages/airflow/example_dags/example_skip_dag.py
[2023-08-31T15:18:02.330+0000] {processor.py:829} INFO - Processing file /home/airflow/.local/lib/python3.8/site-packages/airflow/example_dags/example_skip_dag.py for tasks to queue
[2023-08-31T15:18:02.331+0000] {logging_mixin.py:151} INFO - [2023-08-31T15:18:02.331+0000] {dagbag.py:539} INFO - Filling up the DagBag from /home/airflow/.local/lib/python3.8/site-packages/airflow/example_dags/example_skip_dag.py
[2023-08-31T15:18:02.338+0000] {processor.py:839} INFO - DAG(s) dict_keys(['example_skip_dag']) retrieved from /home/airflow/.local/lib/python3.8/site-packages/airflow/example_dags/example_skip_dag.py
[2023-08-31T15:18:02.353+0000] {logging_mixin.py:151} INFO - [2023-08-31T15:18:02.353+0000] {dag.py:2907} INFO - Sync 1 DAGs
[2023-08-31T15:18:02.365+0000] {logging_mixin.py:151} INFO - [2023-08-31T15:18:02.365+0000] {dag.py:3677} INFO - Setting next_dagrun for example_skip_dag to 2023-08-30T15:18:02.365731+00:00, run_after=2023-08-31T15:18:02.365731+00:00
[2023-08-31T15:18:02.378+0000] {processor.py:179} INFO - Processing /home/airflow/.local/lib/python3.8/site-packages/airflow/example_dags/example_skip_dag.py took 0.052 seconds
[2023-08-31T15:18:32.968+0000] {processor.py:157} INFO - Started process (PID=1287) to work on /home/airflow/.local/lib/python3.8/site-packages/airflow/example_dags/example_skip_dag.py
[2023-08-31T15:18:32.969+0000] {processor.py:829} INFO - Processing file /home/airflow/.local/lib/python3.8/site-packages/airflow/example_dags/example_skip_dag.py for tasks to queue
[2023-08-31T15:18:32.970+0000] {logging_mixin.py:151} INFO - [2023-08-31T15:18:32.970+0000] {dagbag.py:539} INFO - Filling up the DagBag from /home/airflow/.local/lib/python3.8/site-packages/airflow/example_dags/example_skip_dag.py
[2023-08-31T15:18:32.976+0000] {processor.py:839} INFO - DAG(s) dict_keys(['example_skip_dag']) retrieved from /home/airflow/.local/lib/python3.8/site-packages/airflow/example_dags/example_skip_dag.py
[2023-08-31T15:18:32.989+0000] {logging_mixin.py:151} INFO - [2023-08-31T15:18:32.989+0000] {dag.py:2907} INFO - Sync 1 DAGs
[2023-08-31T15:18:33.001+0000] {logging_mixin.py:151} INFO - [2023-08-31T15:18:33.001+0000] {dag.py:3677} INFO - Setting next_dagrun for example_skip_dag to 2023-08-30T15:18:33.001371+00:00, run_after=2023-08-31T15:18:33.001371+00:00
[2023-08-31T15:18:33.012+0000] {processor.py:179} INFO - Processing /home/airflow/.local/lib/python3.8/site-packages/airflow/example_dags/example_skip_dag.py took 0.046 seconds
[2023-08-31T15:19:03.501+0000] {processor.py:157} INFO - Started process (PID=1524) to work on /home/airflow/.local/lib/python3.8/site-packages/airflow/example_dags/example_skip_dag.py
[2023-08-31T15:19:03.503+0000] {processor.py:829} INFO - Processing file /home/airflow/.local/lib/python3.8/site-packages/airflow/example_dags/example_skip_dag.py for tasks to queue
[2023-08-31T15:19:03.505+0000] {logging_mixin.py:151} INFO - [2023-08-31T15:19:03.504+0000] {dagbag.py:539} INFO - Filling up the DagBag from /home/airflow/.local/lib/python3.8/site-packages/airflow/example_dags/example_skip_dag.py
[2023-08-31T15:19:03.511+0000] {processor.py:839} INFO - DAG(s) dict_keys(['example_skip_dag']) retrieved from /home/airflow/.local/lib/python3.8/site-packages/airflow/example_dags/example_skip_dag.py
[2023-08-31T15:19:03.526+0000] {logging_mixin.py:151} INFO - [2023-08-31T15:19:03.526+0000] {dag.py:2907} INFO - Sync 1 DAGs
[2023-08-31T15:19:03.541+0000] {logging_mixin.py:151} INFO - [2023-08-31T15:19:03.541+0000] {dag.py:3677} INFO - Setting next_dagrun for example_skip_dag to 2023-08-30T15:19:03.541063+00:00, run_after=2023-08-31T15:19:03.541063+00:00
[2023-08-31T15:19:03.554+0000] {processor.py:179} INFO - Processing /home/airflow/.local/lib/python3.8/site-packages/airflow/example_dags/example_skip_dag.py took 0.055 seconds
[2023-08-31T15:19:33.850+0000] {processor.py:157} INFO - Started process (PID=1765) to work on /home/airflow/.local/lib/python3.8/site-packages/airflow/example_dags/example_skip_dag.py
[2023-08-31T15:19:33.852+0000] {processor.py:829} INFO - Processing file /home/airflow/.local/lib/python3.8/site-packages/airflow/example_dags/example_skip_dag.py for tasks to queue
[2023-08-31T15:19:33.853+0000] {logging_mixin.py:151} INFO - [2023-08-31T15:19:33.853+0000] {dagbag.py:539} INFO - Filling up the DagBag from /home/airflow/.local/lib/python3.8/site-packages/airflow/example_dags/example_skip_dag.py
[2023-08-31T15:19:33.859+0000] {processor.py:839} INFO - DAG(s) dict_keys(['example_skip_dag']) retrieved from /home/airflow/.local/lib/python3.8/site-packages/airflow/example_dags/example_skip_dag.py
[2023-08-31T15:19:33.873+0000] {logging_mixin.py:151} INFO - [2023-08-31T15:19:33.873+0000] {dag.py:2907} INFO - Sync 1 DAGs
[2023-08-31T15:19:33.887+0000] {logging_mixin.py:151} INFO - [2023-08-31T15:19:33.887+0000] {dag.py:3677} INFO - Setting next_dagrun for example_skip_dag to 2023-08-30T15:19:33.887296+00:00, run_after=2023-08-31T15:19:33.887296+00:00
[2023-08-31T15:19:33.899+0000] {processor.py:179} INFO - Processing /home/airflow/.local/lib/python3.8/site-packages/airflow/example_dags/example_skip_dag.py took 0.052 seconds
[2023-08-31T15:20:04.124+0000] {processor.py:157} INFO - Started process (PID=2005) to work on /home/airflow/.local/lib/python3.8/site-packages/airflow/example_dags/example_skip_dag.py
[2023-08-31T15:20:04.126+0000] {processor.py:829} INFO - Processing file /home/airflow/.local/lib/python3.8/site-packages/airflow/example_dags/example_skip_dag.py for tasks to queue
[2023-08-31T15:20:04.127+0000] {logging_mixin.py:151} INFO - [2023-08-31T15:20:04.127+0000] {dagbag.py:539} INFO - Filling up the DagBag from /home/airflow/.local/lib/python3.8/site-packages/airflow/example_dags/example_skip_dag.py
[2023-08-31T15:20:04.132+0000] {processor.py:839} INFO - DAG(s) dict_keys(['example_skip_dag']) retrieved from /home/airflow/.local/lib/python3.8/site-packages/airflow/example_dags/example_skip_dag.py
[2023-08-31T15:20:04.147+0000] {logging_mixin.py:151} INFO - [2023-08-31T15:20:04.147+0000] {dag.py:2907} INFO - Sync 1 DAGs
[2023-08-31T15:20:04.161+0000] {logging_mixin.py:151} INFO - [2023-08-31T15:20:04.160+0000] {dag.py:3677} INFO - Setting next_dagrun for example_skip_dag to 2023-08-30T15:20:04.160741+00:00, run_after=2023-08-31T15:20:04.160741+00:00
[2023-08-31T15:20:04.172+0000] {processor.py:179} INFO - Processing /home/airflow/.local/lib/python3.8/site-packages/airflow/example_dags/example_skip_dag.py took 0.051 seconds
[2023-08-31T15:20:34.478+0000] {processor.py:157} INFO - Started process (PID=2244) to work on /home/airflow/.local/lib/python3.8/site-packages/airflow/example_dags/example_skip_dag.py
[2023-08-31T15:20:34.479+0000] {processor.py:829} INFO - Processing file /home/airflow/.local/lib/python3.8/site-packages/airflow/example_dags/example_skip_dag.py for tasks to queue
[2023-08-31T15:20:34.479+0000] {logging_mixin.py:151} INFO - [2023-08-31T15:20:34.479+0000] {dagbag.py:539} INFO - Filling up the DagBag from /home/airflow/.local/lib/python3.8/site-packages/airflow/example_dags/example_skip_dag.py
[2023-08-31T15:20:34.485+0000] {processor.py:839} INFO - DAG(s) dict_keys(['example_skip_dag']) retrieved from /home/airflow/.local/lib/python3.8/site-packages/airflow/example_dags/example_skip_dag.py
[2023-08-31T15:20:34.500+0000] {logging_mixin.py:151} INFO - [2023-08-31T15:20:34.500+0000] {dag.py:2907} INFO - Sync 1 DAGs
[2023-08-31T15:20:34.516+0000] {logging_mixin.py:151} INFO - [2023-08-31T15:20:34.516+0000] {dag.py:3677} INFO - Setting next_dagrun for example_skip_dag to 2023-08-30T15:20:34.516114+00:00, run_after=2023-08-31T15:20:34.516114+00:00
[2023-08-31T15:20:34.526+0000] {processor.py:179} INFO - Processing /home/airflow/.local/lib/python3.8/site-packages/airflow/example_dags/example_skip_dag.py took 0.051 seconds
[2023-08-31T15:21:04.716+0000] {processor.py:157} INFO - Started process (PID=2485) to work on /home/airflow/.local/lib/python3.8/site-packages/airflow/example_dags/example_skip_dag.py
[2023-08-31T15:21:04.717+0000] {processor.py:829} INFO - Processing file /home/airflow/.local/lib/python3.8/site-packages/airflow/example_dags/example_skip_dag.py for tasks to queue
[2023-08-31T15:21:04.719+0000] {logging_mixin.py:151} INFO - [2023-08-31T15:21:04.718+0000] {dagbag.py:539} INFO - Filling up the DagBag from /home/airflow/.local/lib/python3.8/site-packages/airflow/example_dags/example_skip_dag.py
[2023-08-31T15:21:04.725+0000] {processor.py:839} INFO - DAG(s) dict_keys(['example_skip_dag']) retrieved from /home/airflow/.local/lib/python3.8/site-packages/airflow/example_dags/example_skip_dag.py
[2023-08-31T15:21:04.741+0000] {logging_mixin.py:151} INFO - [2023-08-31T15:21:04.741+0000] {dag.py:2907} INFO - Sync 1 DAGs
[2023-08-31T15:21:04.755+0000] {logging_mixin.py:151} INFO - [2023-08-31T15:21:04.754+0000] {dag.py:3677} INFO - Setting next_dagrun for example_skip_dag to 2023-08-30T15:21:04.754784+00:00, run_after=2023-08-31T15:21:04.754784+00:00
[2023-08-31T15:21:04.765+0000] {processor.py:179} INFO - Processing /home/airflow/.local/lib/python3.8/site-packages/airflow/example_dags/example_skip_dag.py took 0.051 seconds
[2023-08-31T15:21:35.040+0000] {processor.py:157} INFO - Started process (PID=2727) to work on /home/airflow/.local/lib/python3.8/site-packages/airflow/example_dags/example_skip_dag.py
[2023-08-31T15:21:35.041+0000] {processor.py:829} INFO - Processing file /home/airflow/.local/lib/python3.8/site-packages/airflow/example_dags/example_skip_dag.py for tasks to queue
[2023-08-31T15:21:35.042+0000] {logging_mixin.py:151} INFO - [2023-08-31T15:21:35.042+0000] {dagbag.py:539} INFO - Filling up the DagBag from /home/airflow/.local/lib/python3.8/site-packages/airflow/example_dags/example_skip_dag.py
[2023-08-31T15:21:35.048+0000] {processor.py:839} INFO - DAG(s) dict_keys(['example_skip_dag']) retrieved from /home/airflow/.local/lib/python3.8/site-packages/airflow/example_dags/example_skip_dag.py
[2023-08-31T15:21:35.076+0000] {logging_mixin.py:151} INFO - [2023-08-31T15:21:35.076+0000] {dag.py:2907} INFO - Sync 1 DAGs
[2023-08-31T15:21:35.088+0000] {logging_mixin.py:151} INFO - [2023-08-31T15:21:35.088+0000] {dag.py:3677} INFO - Setting next_dagrun for example_skip_dag to 2023-08-30T15:21:35.088421+00:00, run_after=2023-08-31T15:21:35.088421+00:00
[2023-08-31T15:21:35.100+0000] {processor.py:179} INFO - Processing /home/airflow/.local/lib/python3.8/site-packages/airflow/example_dags/example_skip_dag.py took 0.062 seconds
[2023-08-31T15:22:05.358+0000] {processor.py:157} INFO - Started process (PID=2967) to work on /home/airflow/.local/lib/python3.8/site-packages/airflow/example_dags/example_skip_dag.py
[2023-08-31T15:22:05.359+0000] {processor.py:829} INFO - Processing file /home/airflow/.local/lib/python3.8/site-packages/airflow/example_dags/example_skip_dag.py for tasks to queue
[2023-08-31T15:22:05.360+0000] {logging_mixin.py:151} INFO - [2023-08-31T15:22:05.360+0000] {dagbag.py:539} INFO - Filling up the DagBag from /home/airflow/.local/lib/python3.8/site-packages/airflow/example_dags/example_skip_dag.py
[2023-08-31T15:22:05.366+0000] {processor.py:839} INFO - DAG(s) dict_keys(['example_skip_dag']) retrieved from /home/airflow/.local/lib/python3.8/site-packages/airflow/example_dags/example_skip_dag.py
[2023-08-31T15:22:05.379+0000] {logging_mixin.py:151} INFO - [2023-08-31T15:22:05.379+0000] {dag.py:2907} INFO - Sync 1 DAGs
[2023-08-31T15:22:05.393+0000] {logging_mixin.py:151} INFO - [2023-08-31T15:22:05.393+0000] {dag.py:3677} INFO - Setting next_dagrun for example_skip_dag to 2023-08-30T15:22:05.392888+00:00, run_after=2023-08-31T15:22:05.392888+00:00
[2023-08-31T15:22:05.404+0000] {processor.py:179} INFO - Processing /home/airflow/.local/lib/python3.8/site-packages/airflow/example_dags/example_skip_dag.py took 0.048 seconds
[2023-08-31T15:22:36.006+0000] {processor.py:157} INFO - Started process (PID=3207) to work on /home/airflow/.local/lib/python3.8/site-packages/airflow/example_dags/example_skip_dag.py
[2023-08-31T15:22:36.007+0000] {processor.py:829} INFO - Processing file /home/airflow/.local/lib/python3.8/site-packages/airflow/example_dags/example_skip_dag.py for tasks to queue
[2023-08-31T15:22:36.009+0000] {logging_mixin.py:151} INFO - [2023-08-31T15:22:36.009+0000] {dagbag.py:539} INFO - Filling up the DagBag from /home/airflow/.local/lib/python3.8/site-packages/airflow/example_dags/example_skip_dag.py
[2023-08-31T15:22:36.015+0000] {processor.py:839} INFO - DAG(s) dict_keys(['example_skip_dag']) retrieved from /home/airflow/.local/lib/python3.8/site-packages/airflow/example_dags/example_skip_dag.py
[2023-08-31T15:22:36.029+0000] {logging_mixin.py:151} INFO - [2023-08-31T15:22:36.029+0000] {dag.py:2907} INFO - Sync 1 DAGs
[2023-08-31T15:22:36.040+0000] {logging_mixin.py:151} INFO - [2023-08-31T15:22:36.040+0000] {dag.py:3677} INFO - Setting next_dagrun for example_skip_dag to 2023-08-30T15:22:36.040538+00:00, run_after=2023-08-31T15:22:36.040538+00:00
[2023-08-31T15:22:36.051+0000] {processor.py:179} INFO - Processing /home/airflow/.local/lib/python3.8/site-packages/airflow/example_dags/example_skip_dag.py took 0.047 seconds
[2023-08-31T15:23:06.600+0000] {processor.py:157} INFO - Started process (PID=3449) to work on /home/airflow/.local/lib/python3.8/site-packages/airflow/example_dags/example_skip_dag.py
[2023-08-31T15:23:06.601+0000] {processor.py:829} INFO - Processing file /home/airflow/.local/lib/python3.8/site-packages/airflow/example_dags/example_skip_dag.py for tasks to queue
[2023-08-31T15:23:06.602+0000] {logging_mixin.py:151} INFO - [2023-08-31T15:23:06.602+0000] {dagbag.py:539} INFO - Filling up the DagBag from /home/airflow/.local/lib/python3.8/site-packages/airflow/example_dags/example_skip_dag.py
[2023-08-31T15:23:06.608+0000] {processor.py:839} INFO - DAG(s) dict_keys(['example_skip_dag']) retrieved from /home/airflow/.local/lib/python3.8/site-packages/airflow/example_dags/example_skip_dag.py
[2023-08-31T15:23:06.623+0000] {logging_mixin.py:151} INFO - [2023-08-31T15:23:06.623+0000] {dag.py:2907} INFO - Sync 1 DAGs
[2023-08-31T15:23:06.642+0000] {logging_mixin.py:151} INFO - [2023-08-31T15:23:06.642+0000] {dag.py:3677} INFO - Setting next_dagrun for example_skip_dag to 2023-08-30T15:23:06.642202+00:00, run_after=2023-08-31T15:23:06.642202+00:00
[2023-08-31T15:23:06.658+0000] {processor.py:179} INFO - Processing /home/airflow/.local/lib/python3.8/site-packages/airflow/example_dags/example_skip_dag.py took 0.060 seconds
[2023-08-31T15:23:36.996+0000] {processor.py:157} INFO - Started process (PID=3689) to work on /home/airflow/.local/lib/python3.8/site-packages/airflow/example_dags/example_skip_dag.py
[2023-08-31T15:23:36.998+0000] {processor.py:829} INFO - Processing file /home/airflow/.local/lib/python3.8/site-packages/airflow/example_dags/example_skip_dag.py for tasks to queue
[2023-08-31T15:23:36.999+0000] {logging_mixin.py:151} INFO - [2023-08-31T15:23:36.999+0000] {dagbag.py:539} INFO - Filling up the DagBag from /home/airflow/.local/lib/python3.8/site-packages/airflow/example_dags/example_skip_dag.py
[2023-08-31T15:23:37.005+0000] {processor.py:839} INFO - DAG(s) dict_keys(['example_skip_dag']) retrieved from /home/airflow/.local/lib/python3.8/site-packages/airflow/example_dags/example_skip_dag.py
[2023-08-31T15:23:37.020+0000] {logging_mixin.py:151} INFO - [2023-08-31T15:23:37.020+0000] {dag.py:2907} INFO - Sync 1 DAGs
[2023-08-31T15:23:37.034+0000] {logging_mixin.py:151} INFO - [2023-08-31T15:23:37.034+0000] {dag.py:3677} INFO - Setting next_dagrun for example_skip_dag to 2023-08-30T15:23:37.034090+00:00, run_after=2023-08-31T15:23:37.034090+00:00
[2023-08-31T15:23:37.045+0000] {processor.py:179} INFO - Processing /home/airflow/.local/lib/python3.8/site-packages/airflow/example_dags/example_skip_dag.py took 0.054 seconds
[2023-08-31T15:24:07.259+0000] {processor.py:157} INFO - Started process (PID=3931) to work on /home/airflow/.local/lib/python3.8/site-packages/airflow/example_dags/example_skip_dag.py
[2023-08-31T15:24:07.260+0000] {processor.py:829} INFO - Processing file /home/airflow/.local/lib/python3.8/site-packages/airflow/example_dags/example_skip_dag.py for tasks to queue
[2023-08-31T15:24:07.261+0000] {logging_mixin.py:151} INFO - [2023-08-31T15:24:07.261+0000] {dagbag.py:539} INFO - Filling up the DagBag from /home/airflow/.local/lib/python3.8/site-packages/airflow/example_dags/example_skip_dag.py
[2023-08-31T15:24:07.267+0000] {processor.py:839} INFO - DAG(s) dict_keys(['example_skip_dag']) retrieved from /home/airflow/.local/lib/python3.8/site-packages/airflow/example_dags/example_skip_dag.py
[2023-08-31T15:24:07.281+0000] {logging_mixin.py:151} INFO - [2023-08-31T15:24:07.281+0000] {dag.py:2907} INFO - Sync 1 DAGs
[2023-08-31T15:24:07.293+0000] {logging_mixin.py:151} INFO - [2023-08-31T15:24:07.293+0000] {dag.py:3677} INFO - Setting next_dagrun for example_skip_dag to 2023-08-30T15:24:07.293516+00:00, run_after=2023-08-31T15:24:07.293516+00:00
[2023-08-31T15:24:07.305+0000] {processor.py:179} INFO - Processing /home/airflow/.local/lib/python3.8/site-packages/airflow/example_dags/example_skip_dag.py took 0.049 seconds
[2023-08-31T15:24:37.562+0000] {processor.py:157} INFO - Started process (PID=4171) to work on /home/airflow/.local/lib/python3.8/site-packages/airflow/example_dags/example_skip_dag.py
[2023-08-31T15:24:37.563+0000] {processor.py:829} INFO - Processing file /home/airflow/.local/lib/python3.8/site-packages/airflow/example_dags/example_skip_dag.py for tasks to queue
[2023-08-31T15:24:37.564+0000] {logging_mixin.py:151} INFO - [2023-08-31T15:24:37.564+0000] {dagbag.py:539} INFO - Filling up the DagBag from /home/airflow/.local/lib/python3.8/site-packages/airflow/example_dags/example_skip_dag.py
[2023-08-31T15:24:37.570+0000] {processor.py:839} INFO - DAG(s) dict_keys(['example_skip_dag']) retrieved from /home/airflow/.local/lib/python3.8/site-packages/airflow/example_dags/example_skip_dag.py
[2023-08-31T15:24:37.584+0000] {logging_mixin.py:151} INFO - [2023-08-31T15:24:37.584+0000] {dag.py:2907} INFO - Sync 1 DAGs
[2023-08-31T15:24:37.598+0000] {logging_mixin.py:151} INFO - [2023-08-31T15:24:37.598+0000] {dag.py:3677} INFO - Setting next_dagrun for example_skip_dag to 2023-08-30T15:24:37.598645+00:00, run_after=2023-08-31T15:24:37.598645+00:00
[2023-08-31T15:24:37.610+0000] {processor.py:179} INFO - Processing /home/airflow/.local/lib/python3.8/site-packages/airflow/example_dags/example_skip_dag.py took 0.051 seconds
[2023-08-31T15:25:07.870+0000] {processor.py:157} INFO - Started process (PID=4411) to work on /home/airflow/.local/lib/python3.8/site-packages/airflow/example_dags/example_skip_dag.py
[2023-08-31T15:25:07.872+0000] {processor.py:829} INFO - Processing file /home/airflow/.local/lib/python3.8/site-packages/airflow/example_dags/example_skip_dag.py for tasks to queue
[2023-08-31T15:25:07.873+0000] {logging_mixin.py:151} INFO - [2023-08-31T15:25:07.872+0000] {dagbag.py:539} INFO - Filling up the DagBag from /home/airflow/.local/lib/python3.8/site-packages/airflow/example_dags/example_skip_dag.py
[2023-08-31T15:25:07.878+0000] {processor.py:839} INFO - DAG(s) dict_keys(['example_skip_dag']) retrieved from /home/airflow/.local/lib/python3.8/site-packages/airflow/example_dags/example_skip_dag.py
[2023-08-31T15:25:07.892+0000] {logging_mixin.py:151} INFO - [2023-08-31T15:25:07.892+0000] {dag.py:2907} INFO - Sync 1 DAGs
[2023-08-31T15:25:07.905+0000] {logging_mixin.py:151} INFO - [2023-08-31T15:25:07.904+0000] {dag.py:3677} INFO - Setting next_dagrun for example_skip_dag to 2023-08-30T15:25:07.904796+00:00, run_after=2023-08-31T15:25:07.904796+00:00
[2023-08-31T15:25:07.916+0000] {processor.py:179} INFO - Processing /home/airflow/.local/lib/python3.8/site-packages/airflow/example_dags/example_skip_dag.py took 0.048 seconds
[2023-08-31T15:25:38.143+0000] {processor.py:157} INFO - Started process (PID=4650) to work on /home/airflow/.local/lib/python3.8/site-packages/airflow/example_dags/example_skip_dag.py
[2023-08-31T15:25:38.145+0000] {processor.py:829} INFO - Processing file /home/airflow/.local/lib/python3.8/site-packages/airflow/example_dags/example_skip_dag.py for tasks to queue
[2023-08-31T15:25:38.146+0000] {logging_mixin.py:151} INFO - [2023-08-31T15:25:38.145+0000] {dagbag.py:539} INFO - Filling up the DagBag from /home/airflow/.local/lib/python3.8/site-packages/airflow/example_dags/example_skip_dag.py
[2023-08-31T15:25:38.152+0000] {processor.py:839} INFO - DAG(s) dict_keys(['example_skip_dag']) retrieved from /home/airflow/.local/lib/python3.8/site-packages/airflow/example_dags/example_skip_dag.py
[2023-08-31T15:25:38.167+0000] {logging_mixin.py:151} INFO - [2023-08-31T15:25:38.166+0000] {dag.py:2907} INFO - Sync 1 DAGs
[2023-08-31T15:25:38.182+0000] {logging_mixin.py:151} INFO - [2023-08-31T15:25:38.182+0000] {dag.py:3677} INFO - Setting next_dagrun for example_skip_dag to 2023-08-30T15:25:38.181927+00:00, run_after=2023-08-31T15:25:38.181927+00:00
[2023-08-31T15:25:38.193+0000] {processor.py:179} INFO - Processing /home/airflow/.local/lib/python3.8/site-packages/airflow/example_dags/example_skip_dag.py took 0.052 seconds
[2023-08-31T15:26:08.441+0000] {processor.py:157} INFO - Started process (PID=4891) to work on /home/airflow/.local/lib/python3.8/site-packages/airflow/example_dags/example_skip_dag.py
[2023-08-31T15:26:08.442+0000] {processor.py:829} INFO - Processing file /home/airflow/.local/lib/python3.8/site-packages/airflow/example_dags/example_skip_dag.py for tasks to queue
[2023-08-31T15:26:08.443+0000] {logging_mixin.py:151} INFO - [2023-08-31T15:26:08.443+0000] {dagbag.py:539} INFO - Filling up the DagBag from /home/airflow/.local/lib/python3.8/site-packages/airflow/example_dags/example_skip_dag.py
[2023-08-31T15:26:08.449+0000] {processor.py:839} INFO - DAG(s) dict_keys(['example_skip_dag']) retrieved from /home/airflow/.local/lib/python3.8/site-packages/airflow/example_dags/example_skip_dag.py
[2023-08-31T15:26:08.463+0000] {logging_mixin.py:151} INFO - [2023-08-31T15:26:08.462+0000] {dag.py:2907} INFO - Sync 1 DAGs
[2023-08-31T15:26:08.478+0000] {logging_mixin.py:151} INFO - [2023-08-31T15:26:08.477+0000] {dag.py:3677} INFO - Setting next_dagrun for example_skip_dag to 2023-08-30T15:26:08.477739+00:00, run_after=2023-08-31T15:26:08.477739+00:00
[2023-08-31T15:26:08.489+0000] {processor.py:179} INFO - Processing /home/airflow/.local/lib/python3.8/site-packages/airflow/example_dags/example_skip_dag.py took 0.051 seconds
[2023-08-31T15:26:38.764+0000] {processor.py:157} INFO - Started process (PID=5130) to work on /home/airflow/.local/lib/python3.8/site-packages/airflow/example_dags/example_skip_dag.py
[2023-08-31T15:26:38.765+0000] {processor.py:829} INFO - Processing file /home/airflow/.local/lib/python3.8/site-packages/airflow/example_dags/example_skip_dag.py for tasks to queue
[2023-08-31T15:26:38.766+0000] {logging_mixin.py:151} INFO - [2023-08-31T15:26:38.766+0000] {dagbag.py:539} INFO - Filling up the DagBag from /home/airflow/.local/lib/python3.8/site-packages/airflow/example_dags/example_skip_dag.py
[2023-08-31T15:26:38.772+0000] {processor.py:839} INFO - DAG(s) dict_keys(['example_skip_dag']) retrieved from /home/airflow/.local/lib/python3.8/site-packages/airflow/example_dags/example_skip_dag.py
[2023-08-31T15:26:38.786+0000] {logging_mixin.py:151} INFO - [2023-08-31T15:26:38.786+0000] {dag.py:2907} INFO - Sync 1 DAGs
[2023-08-31T15:26:38.799+0000] {logging_mixin.py:151} INFO - [2023-08-31T15:26:38.799+0000] {dag.py:3677} INFO - Setting next_dagrun for example_skip_dag to 2023-08-30T15:26:38.799159+00:00, run_after=2023-08-31T15:26:38.799159+00:00
[2023-08-31T15:26:38.810+0000] {processor.py:179} INFO - Processing /home/airflow/.local/lib/python3.8/site-packages/airflow/example_dags/example_skip_dag.py took 0.049 seconds
[2023-08-31T15:27:09.140+0000] {processor.py:157} INFO - Started process (PID=5369) to work on /home/airflow/.local/lib/python3.8/site-packages/airflow/example_dags/example_skip_dag.py
[2023-08-31T15:27:09.141+0000] {processor.py:829} INFO - Processing file /home/airflow/.local/lib/python3.8/site-packages/airflow/example_dags/example_skip_dag.py for tasks to queue
[2023-08-31T15:27:09.142+0000] {logging_mixin.py:151} INFO - [2023-08-31T15:27:09.142+0000] {dagbag.py:539} INFO - Filling up the DagBag from /home/airflow/.local/lib/python3.8/site-packages/airflow/example_dags/example_skip_dag.py
[2023-08-31T15:27:09.148+0000] {processor.py:839} INFO - DAG(s) dict_keys(['example_skip_dag']) retrieved from /home/airflow/.local/lib/python3.8/site-packages/airflow/example_dags/example_skip_dag.py
[2023-08-31T15:27:09.164+0000] {logging_mixin.py:151} INFO - [2023-08-31T15:27:09.164+0000] {dag.py:2907} INFO - Sync 1 DAGs
[2023-08-31T15:27:09.178+0000] {logging_mixin.py:151} INFO - [2023-08-31T15:27:09.178+0000] {dag.py:3677} INFO - Setting next_dagrun for example_skip_dag to 2023-08-30T15:27:09.178008+00:00, run_after=2023-08-31T15:27:09.178008+00:00
[2023-08-31T15:27:09.189+0000] {processor.py:179} INFO - Processing /home/airflow/.local/lib/python3.8/site-packages/airflow/example_dags/example_skip_dag.py took 0.051 seconds
[2023-08-31T15:27:39.521+0000] {processor.py:157} INFO - Started process (PID=5609) to work on /home/airflow/.local/lib/python3.8/site-packages/airflow/example_dags/example_skip_dag.py
[2023-08-31T15:27:39.523+0000] {processor.py:829} INFO - Processing file /home/airflow/.local/lib/python3.8/site-packages/airflow/example_dags/example_skip_dag.py for tasks to queue
[2023-08-31T15:27:39.524+0000] {logging_mixin.py:151} INFO - [2023-08-31T15:27:39.524+0000] {dagbag.py:539} INFO - Filling up the DagBag from /home/airflow/.local/lib/python3.8/site-packages/airflow/example_dags/example_skip_dag.py
[2023-08-31T15:27:39.530+0000] {processor.py:839} INFO - DAG(s) dict_keys(['example_skip_dag']) retrieved from /home/airflow/.local/lib/python3.8/site-packages/airflow/example_dags/example_skip_dag.py
[2023-08-31T15:27:39.546+0000] {logging_mixin.py:151} INFO - [2023-08-31T15:27:39.546+0000] {dag.py:2907} INFO - Sync 1 DAGs
[2023-08-31T15:27:39.560+0000] {logging_mixin.py:151} INFO - [2023-08-31T15:27:39.560+0000] {dag.py:3677} INFO - Setting next_dagrun for example_skip_dag to 2023-08-30T15:27:39.560454+00:00, run_after=2023-08-31T15:27:39.560454+00:00
[2023-08-31T15:27:39.573+0000] {processor.py:179} INFO - Processing /home/airflow/.local/lib/python3.8/site-packages/airflow/example_dags/example_skip_dag.py took 0.055 seconds
[2023-08-31T15:28:09.817+0000] {processor.py:157} INFO - Started process (PID=5849) to work on /home/airflow/.local/lib/python3.8/site-packages/airflow/example_dags/example_skip_dag.py
[2023-08-31T15:28:09.818+0000] {processor.py:829} INFO - Processing file /home/airflow/.local/lib/python3.8/site-packages/airflow/example_dags/example_skip_dag.py for tasks to queue
[2023-08-31T15:28:09.819+0000] {logging_mixin.py:151} INFO - [2023-08-31T15:28:09.819+0000] {dagbag.py:539} INFO - Filling up the DagBag from /home/airflow/.local/lib/python3.8/site-packages/airflow/example_dags/example_skip_dag.py
[2023-08-31T15:28:09.825+0000] {processor.py:839} INFO - DAG(s) dict_keys(['example_skip_dag']) retrieved from /home/airflow/.local/lib/python3.8/site-packages/airflow/example_dags/example_skip_dag.py
[2023-08-31T15:28:09.843+0000] {logging_mixin.py:151} INFO - [2023-08-31T15:28:09.843+0000] {dag.py:2907} INFO - Sync 1 DAGs
[2023-08-31T15:28:09.856+0000] {logging_mixin.py:151} INFO - [2023-08-31T15:28:09.856+0000] {dag.py:3677} INFO - Setting next_dagrun for example_skip_dag to 2023-08-30T15:28:09.856508+00:00, run_after=2023-08-31T15:28:09.856508+00:00
[2023-08-31T15:28:09.869+0000] {processor.py:179} INFO - Processing /home/airflow/.local/lib/python3.8/site-packages/airflow/example_dags/example_skip_dag.py took 0.055 seconds
[2023-08-31T15:28:40.129+0000] {processor.py:157} INFO - Started process (PID=6090) to work on /home/airflow/.local/lib/python3.8/site-packages/airflow/example_dags/example_skip_dag.py
[2023-08-31T15:28:40.130+0000] {processor.py:829} INFO - Processing file /home/airflow/.local/lib/python3.8/site-packages/airflow/example_dags/example_skip_dag.py for tasks to queue
[2023-08-31T15:28:40.131+0000] {logging_mixin.py:151} INFO - [2023-08-31T15:28:40.131+0000] {dagbag.py:539} INFO - Filling up the DagBag from /home/airflow/.local/lib/python3.8/site-packages/airflow/example_dags/example_skip_dag.py
[2023-08-31T15:28:40.139+0000] {processor.py:839} INFO - DAG(s) dict_keys(['example_skip_dag']) retrieved from /home/airflow/.local/lib/python3.8/site-packages/airflow/example_dags/example_skip_dag.py
[2023-08-31T15:28:40.155+0000] {logging_mixin.py:151} INFO - [2023-08-31T15:28:40.155+0000] {dag.py:2907} INFO - Sync 1 DAGs
[2023-08-31T15:28:40.167+0000] {logging_mixin.py:151} INFO - [2023-08-31T15:28:40.167+0000] {dag.py:3677} INFO - Setting next_dagrun for example_skip_dag to 2023-08-30T15:28:40.167302+00:00, run_after=2023-08-31T15:28:40.167302+00:00
[2023-08-31T15:28:40.177+0000] {processor.py:179} INFO - Processing /home/airflow/.local/lib/python3.8/site-packages/airflow/example_dags/example_skip_dag.py took 0.051 seconds
[2023-08-31T15:29:10.500+0000] {processor.py:157} INFO - Started process (PID=6332) to work on /home/airflow/.local/lib/python3.8/site-packages/airflow/example_dags/example_skip_dag.py
[2023-08-31T15:29:10.501+0000] {processor.py:829} INFO - Processing file /home/airflow/.local/lib/python3.8/site-packages/airflow/example_dags/example_skip_dag.py for tasks to queue
[2023-08-31T15:29:10.502+0000] {logging_mixin.py:151} INFO - [2023-08-31T15:29:10.501+0000] {dagbag.py:539} INFO - Filling up the DagBag from /home/airflow/.local/lib/python3.8/site-packages/airflow/example_dags/example_skip_dag.py
[2023-08-31T15:29:10.507+0000] {processor.py:839} INFO - DAG(s) dict_keys(['example_skip_dag']) retrieved from /home/airflow/.local/lib/python3.8/site-packages/airflow/example_dags/example_skip_dag.py
[2023-08-31T15:29:10.521+0000] {logging_mixin.py:151} INFO - [2023-08-31T15:29:10.521+0000] {dag.py:2907} INFO - Sync 1 DAGs
[2023-08-31T15:29:10.536+0000] {logging_mixin.py:151} INFO - [2023-08-31T15:29:10.536+0000] {dag.py:3677} INFO - Setting next_dagrun for example_skip_dag to 2023-08-30T15:29:10.536517+00:00, run_after=2023-08-31T15:29:10.536517+00:00
[2023-08-31T15:29:10.551+0000] {processor.py:179} INFO - Processing /home/airflow/.local/lib/python3.8/site-packages/airflow/example_dags/example_skip_dag.py took 0.054 seconds
[2023-08-31T15:29:40.801+0000] {processor.py:157} INFO - Started process (PID=6572) to work on /home/airflow/.local/lib/python3.8/site-packages/airflow/example_dags/example_skip_dag.py
[2023-08-31T15:29:40.802+0000] {processor.py:829} INFO - Processing file /home/airflow/.local/lib/python3.8/site-packages/airflow/example_dags/example_skip_dag.py for tasks to queue
[2023-08-31T15:29:40.804+0000] {logging_mixin.py:151} INFO - [2023-08-31T15:29:40.803+0000] {dagbag.py:539} INFO - Filling up the DagBag from /home/airflow/.local/lib/python3.8/site-packages/airflow/example_dags/example_skip_dag.py
[2023-08-31T15:29:40.810+0000] {processor.py:839} INFO - DAG(s) dict_keys(['example_skip_dag']) retrieved from /home/airflow/.local/lib/python3.8/site-packages/airflow/example_dags/example_skip_dag.py
[2023-08-31T15:29:40.824+0000] {logging_mixin.py:151} INFO - [2023-08-31T15:29:40.824+0000] {dag.py:2907} INFO - Sync 1 DAGs
[2023-08-31T15:29:40.839+0000] {logging_mixin.py:151} INFO - [2023-08-31T15:29:40.838+0000] {dag.py:3677} INFO - Setting next_dagrun for example_skip_dag to 2023-08-30T15:29:40.838781+00:00, run_after=2023-08-31T15:29:40.838781+00:00
[2023-08-31T15:29:40.850+0000] {processor.py:179} INFO - Processing /home/airflow/.local/lib/python3.8/site-packages/airflow/example_dags/example_skip_dag.py took 0.052 seconds
[2023-08-31T15:30:11.013+0000] {processor.py:157} INFO - Started process (PID=6812) to work on /home/airflow/.local/lib/python3.8/site-packages/airflow/example_dags/example_skip_dag.py
[2023-08-31T15:30:11.015+0000] {processor.py:829} INFO - Processing file /home/airflow/.local/lib/python3.8/site-packages/airflow/example_dags/example_skip_dag.py for tasks to queue
[2023-08-31T15:30:11.016+0000] {logging_mixin.py:151} INFO - [2023-08-31T15:30:11.016+0000] {dagbag.py:539} INFO - Filling up the DagBag from /home/airflow/.local/lib/python3.8/site-packages/airflow/example_dags/example_skip_dag.py
[2023-08-31T15:30:11.022+0000] {processor.py:839} INFO - DAG(s) dict_keys(['example_skip_dag']) retrieved from /home/airflow/.local/lib/python3.8/site-packages/airflow/example_dags/example_skip_dag.py
[2023-08-31T15:30:11.041+0000] {logging_mixin.py:151} INFO - [2023-08-31T15:30:11.041+0000] {dag.py:2907} INFO - Sync 1 DAGs
[2023-08-31T15:30:11.055+0000] {logging_mixin.py:151} INFO - [2023-08-31T15:30:11.055+0000] {dag.py:3677} INFO - Setting next_dagrun for example_skip_dag to 2023-08-30T15:30:11.055515+00:00, run_after=2023-08-31T15:30:11.055515+00:00
[2023-08-31T15:30:11.066+0000] {processor.py:179} INFO - Processing /home/airflow/.local/lib/python3.8/site-packages/airflow/example_dags/example_skip_dag.py took 0.055 seconds
[2023-08-31T15:30:41.368+0000] {processor.py:157} INFO - Started process (PID=7055) to work on /home/airflow/.local/lib/python3.8/site-packages/airflow/example_dags/example_skip_dag.py
[2023-08-31T15:30:41.369+0000] {processor.py:829} INFO - Processing file /home/airflow/.local/lib/python3.8/site-packages/airflow/example_dags/example_skip_dag.py for tasks to queue
[2023-08-31T15:30:41.371+0000] {logging_mixin.py:151} INFO - [2023-08-31T15:30:41.370+0000] {dagbag.py:539} INFO - Filling up the DagBag from /home/airflow/.local/lib/python3.8/site-packages/airflow/example_dags/example_skip_dag.py
[2023-08-31T15:30:41.376+0000] {processor.py:839} INFO - DAG(s) dict_keys(['example_skip_dag']) retrieved from /home/airflow/.local/lib/python3.8/site-packages/airflow/example_dags/example_skip_dag.py
[2023-08-31T15:30:41.389+0000] {logging_mixin.py:151} INFO - [2023-08-31T15:30:41.389+0000] {dag.py:2907} INFO - Sync 1 DAGs
[2023-08-31T15:30:41.401+0000] {logging_mixin.py:151} INFO - [2023-08-31T15:30:41.401+0000] {dag.py:3677} INFO - Setting next_dagrun for example_skip_dag to 2023-08-30T15:30:41.401353+00:00, run_after=2023-08-31T15:30:41.401353+00:00
[2023-08-31T15:30:41.411+0000] {processor.py:179} INFO - Processing /home/airflow/.local/lib/python3.8/site-packages/airflow/example_dags/example_skip_dag.py took 0.046 seconds
[2023-08-31T15:31:11.770+0000] {processor.py:157} INFO - Started process (PID=7292) to work on /home/airflow/.local/lib/python3.8/site-packages/airflow/example_dags/example_skip_dag.py
[2023-08-31T15:31:11.771+0000] {processor.py:829} INFO - Processing file /home/airflow/.local/lib/python3.8/site-packages/airflow/example_dags/example_skip_dag.py for tasks to queue
[2023-08-31T15:31:11.772+0000] {logging_mixin.py:151} INFO - [2023-08-31T15:31:11.772+0000] {dagbag.py:539} INFO - Filling up the DagBag from /home/airflow/.local/lib/python3.8/site-packages/airflow/example_dags/example_skip_dag.py
[2023-08-31T15:31:11.778+0000] {processor.py:839} INFO - DAG(s) dict_keys(['example_skip_dag']) retrieved from /home/airflow/.local/lib/python3.8/site-packages/airflow/example_dags/example_skip_dag.py
[2023-08-31T15:31:11.795+0000] {logging_mixin.py:151} INFO - [2023-08-31T15:31:11.794+0000] {dag.py:2907} INFO - Sync 1 DAGs
[2023-08-31T15:31:11.807+0000] {logging_mixin.py:151} INFO - [2023-08-31T15:31:11.807+0000] {dag.py:3677} INFO - Setting next_dagrun for example_skip_dag to 2023-08-30T15:31:11.807371+00:00, run_after=2023-08-31T15:31:11.807371+00:00
[2023-08-31T15:31:11.818+0000] {processor.py:179} INFO - Processing /home/airflow/.local/lib/python3.8/site-packages/airflow/example_dags/example_skip_dag.py took 0.051 seconds
[2023-08-31T15:31:42.232+0000] {processor.py:157} INFO - Started process (PID=7533) to work on /home/airflow/.local/lib/python3.8/site-packages/airflow/example_dags/example_skip_dag.py
[2023-08-31T15:31:42.233+0000] {processor.py:829} INFO - Processing file /home/airflow/.local/lib/python3.8/site-packages/airflow/example_dags/example_skip_dag.py for tasks to queue
[2023-08-31T15:31:42.234+0000] {logging_mixin.py:151} INFO - [2023-08-31T15:31:42.234+0000] {dagbag.py:539} INFO - Filling up the DagBag from /home/airflow/.local/lib/python3.8/site-packages/airflow/example_dags/example_skip_dag.py
[2023-08-31T15:31:42.240+0000] {processor.py:839} INFO - DAG(s) dict_keys(['example_skip_dag']) retrieved from /home/airflow/.local/lib/python3.8/site-packages/airflow/example_dags/example_skip_dag.py
[2023-08-31T15:31:42.256+0000] {logging_mixin.py:151} INFO - [2023-08-31T15:31:42.256+0000] {dag.py:2907} INFO - Sync 1 DAGs
[2023-08-31T15:31:42.270+0000] {logging_mixin.py:151} INFO - [2023-08-31T15:31:42.270+0000] {dag.py:3677} INFO - Setting next_dagrun for example_skip_dag to 2023-08-30T15:31:42.270593+00:00, run_after=2023-08-31T15:31:42.270593+00:00
[2023-08-31T15:31:42.281+0000] {processor.py:179} INFO - Processing /home/airflow/.local/lib/python3.8/site-packages/airflow/example_dags/example_skip_dag.py took 0.051 seconds
[2023-08-31T15:32:12.514+0000] {processor.py:157} INFO - Started process (PID=7770) to work on /home/airflow/.local/lib/python3.8/site-packages/airflow/example_dags/example_skip_dag.py
[2023-08-31T15:32:12.516+0000] {processor.py:829} INFO - Processing file /home/airflow/.local/lib/python3.8/site-packages/airflow/example_dags/example_skip_dag.py for tasks to queue
[2023-08-31T15:32:12.517+0000] {logging_mixin.py:151} INFO - [2023-08-31T15:32:12.517+0000] {dagbag.py:539} INFO - Filling up the DagBag from /home/airflow/.local/lib/python3.8/site-packages/airflow/example_dags/example_skip_dag.py
[2023-08-31T15:32:12.523+0000] {processor.py:839} INFO - DAG(s) dict_keys(['example_skip_dag']) retrieved from /home/airflow/.local/lib/python3.8/site-packages/airflow/example_dags/example_skip_dag.py
[2023-08-31T15:32:12.539+0000] {logging_mixin.py:151} INFO - [2023-08-31T15:32:12.539+0000] {dag.py:2907} INFO - Sync 1 DAGs
[2023-08-31T15:32:12.552+0000] {logging_mixin.py:151} INFO - [2023-08-31T15:32:12.552+0000] {dag.py:3677} INFO - Setting next_dagrun for example_skip_dag to 2023-08-30T15:32:12.552073+00:00, run_after=2023-08-31T15:32:12.552073+00:00
[2023-08-31T15:32:12.563+0000] {processor.py:179} INFO - Processing /home/airflow/.local/lib/python3.8/site-packages/airflow/example_dags/example_skip_dag.py took 0.051 seconds
[2023-08-31T15:32:43.030+0000] {processor.py:157} INFO - Started process (PID=8010) to work on /home/airflow/.local/lib/python3.8/site-packages/airflow/example_dags/example_skip_dag.py
[2023-08-31T15:32:43.032+0000] {processor.py:829} INFO - Processing file /home/airflow/.local/lib/python3.8/site-packages/airflow/example_dags/example_skip_dag.py for tasks to queue
[2023-08-31T15:32:43.033+0000] {logging_mixin.py:151} INFO - [2023-08-31T15:32:43.033+0000] {dagbag.py:539} INFO - Filling up the DagBag from /home/airflow/.local/lib/python3.8/site-packages/airflow/example_dags/example_skip_dag.py
[2023-08-31T15:32:43.039+0000] {processor.py:839} INFO - DAG(s) dict_keys(['example_skip_dag']) retrieved from /home/airflow/.local/lib/python3.8/site-packages/airflow/example_dags/example_skip_dag.py
[2023-08-31T15:32:43.054+0000] {logging_mixin.py:151} INFO - [2023-08-31T15:32:43.054+0000] {dag.py:2907} INFO - Sync 1 DAGs
[2023-08-31T15:32:43.069+0000] {logging_mixin.py:151} INFO - [2023-08-31T15:32:43.069+0000] {dag.py:3677} INFO - Setting next_dagrun for example_skip_dag to 2023-08-30T15:32:43.069064+00:00, run_after=2023-08-31T15:32:43.069064+00:00
[2023-08-31T15:32:43.080+0000] {processor.py:179} INFO - Processing /home/airflow/.local/lib/python3.8/site-packages/airflow/example_dags/example_skip_dag.py took 0.052 seconds
[2023-08-31T15:33:13.440+0000] {processor.py:157} INFO - Started process (PID=8251) to work on /home/airflow/.local/lib/python3.8/site-packages/airflow/example_dags/example_skip_dag.py
[2023-08-31T15:33:13.442+0000] {processor.py:829} INFO - Processing file /home/airflow/.local/lib/python3.8/site-packages/airflow/example_dags/example_skip_dag.py for tasks to queue
[2023-08-31T15:33:13.443+0000] {logging_mixin.py:151} INFO - [2023-08-31T15:33:13.443+0000] {dagbag.py:539} INFO - Filling up the DagBag from /home/airflow/.local/lib/python3.8/site-packages/airflow/example_dags/example_skip_dag.py
[2023-08-31T15:33:13.448+0000] {processor.py:839} INFO - DAG(s) dict_keys(['example_skip_dag']) retrieved from /home/airflow/.local/lib/python3.8/site-packages/airflow/example_dags/example_skip_dag.py
[2023-08-31T15:33:13.463+0000] {logging_mixin.py:151} INFO - [2023-08-31T15:33:13.463+0000] {dag.py:2907} INFO - Sync 1 DAGs
[2023-08-31T15:33:13.475+0000] {logging_mixin.py:151} INFO - [2023-08-31T15:33:13.475+0000] {dag.py:3677} INFO - Setting next_dagrun for example_skip_dag to 2023-08-30T15:33:13.475552+00:00, run_after=2023-08-31T15:33:13.475552+00:00
[2023-08-31T15:33:13.487+0000] {processor.py:179} INFO - Processing /home/airflow/.local/lib/python3.8/site-packages/airflow/example_dags/example_skip_dag.py took 0.049 seconds
[2023-08-31T15:33:44.080+0000] {processor.py:157} INFO - Started process (PID=8489) to work on /home/airflow/.local/lib/python3.8/site-packages/airflow/example_dags/example_skip_dag.py
[2023-08-31T15:33:44.082+0000] {processor.py:829} INFO - Processing file /home/airflow/.local/lib/python3.8/site-packages/airflow/example_dags/example_skip_dag.py for tasks to queue
[2023-08-31T15:33:44.083+0000] {logging_mixin.py:151} INFO - [2023-08-31T15:33:44.083+0000] {dagbag.py:539} INFO - Filling up the DagBag from /home/airflow/.local/lib/python3.8/site-packages/airflow/example_dags/example_skip_dag.py
[2023-08-31T15:33:44.090+0000] {processor.py:839} INFO - DAG(s) dict_keys(['example_skip_dag']) retrieved from /home/airflow/.local/lib/python3.8/site-packages/airflow/example_dags/example_skip_dag.py
[2023-08-31T15:33:44.105+0000] {logging_mixin.py:151} INFO - [2023-08-31T15:33:44.105+0000] {dag.py:2907} INFO - Sync 1 DAGs
[2023-08-31T15:33:44.120+0000] {logging_mixin.py:151} INFO - [2023-08-31T15:33:44.119+0000] {dag.py:3677} INFO - Setting next_dagrun for example_skip_dag to 2023-08-30T15:33:44.119729+00:00, run_after=2023-08-31T15:33:44.119729+00:00
[2023-08-31T15:33:44.131+0000] {processor.py:179} INFO - Processing /home/airflow/.local/lib/python3.8/site-packages/airflow/example_dags/example_skip_dag.py took 0.053 seconds
[2023-08-31T15:34:14.479+0000] {processor.py:157} INFO - Started process (PID=8732) to work on /home/airflow/.local/lib/python3.8/site-packages/airflow/example_dags/example_skip_dag.py
[2023-08-31T15:34:14.481+0000] {processor.py:829} INFO - Processing file /home/airflow/.local/lib/python3.8/site-packages/airflow/example_dags/example_skip_dag.py for tasks to queue
[2023-08-31T15:34:14.482+0000] {logging_mixin.py:151} INFO - [2023-08-31T15:34:14.481+0000] {dagbag.py:539} INFO - Filling up the DagBag from /home/airflow/.local/lib/python3.8/site-packages/airflow/example_dags/example_skip_dag.py
[2023-08-31T15:34:14.487+0000] {processor.py:839} INFO - DAG(s) dict_keys(['example_skip_dag']) retrieved from /home/airflow/.local/lib/python3.8/site-packages/airflow/example_dags/example_skip_dag.py
[2023-08-31T15:34:14.501+0000] {logging_mixin.py:151} INFO - [2023-08-31T15:34:14.501+0000] {dag.py:2907} INFO - Sync 1 DAGs
[2023-08-31T15:34:14.513+0000] {logging_mixin.py:151} INFO - [2023-08-31T15:34:14.513+0000] {dag.py:3677} INFO - Setting next_dagrun for example_skip_dag to 2023-08-30T15:34:14.513080+00:00, run_after=2023-08-31T15:34:14.513080+00:00
[2023-08-31T15:34:14.522+0000] {processor.py:179} INFO - Processing /home/airflow/.local/lib/python3.8/site-packages/airflow/example_dags/example_skip_dag.py took 0.046 seconds
[2023-08-31T15:34:44.745+0000] {processor.py:157} INFO - Started process (PID=8970) to work on /home/airflow/.local/lib/python3.8/site-packages/airflow/example_dags/example_skip_dag.py
[2023-08-31T15:34:44.746+0000] {processor.py:829} INFO - Processing file /home/airflow/.local/lib/python3.8/site-packages/airflow/example_dags/example_skip_dag.py for tasks to queue
[2023-08-31T15:34:44.747+0000] {logging_mixin.py:151} INFO - [2023-08-31T15:34:44.747+0000] {dagbag.py:539} INFO - Filling up the DagBag from /home/airflow/.local/lib/python3.8/site-packages/airflow/example_dags/example_skip_dag.py
[2023-08-31T15:34:44.753+0000] {processor.py:839} INFO - DAG(s) dict_keys(['example_skip_dag']) retrieved from /home/airflow/.local/lib/python3.8/site-packages/airflow/example_dags/example_skip_dag.py
[2023-08-31T15:34:44.769+0000] {logging_mixin.py:151} INFO - [2023-08-31T15:34:44.769+0000] {dag.py:2907} INFO - Sync 1 DAGs
[2023-08-31T15:34:44.783+0000] {logging_mixin.py:151} INFO - [2023-08-31T15:34:44.783+0000] {dag.py:3677} INFO - Setting next_dagrun for example_skip_dag to 2023-08-30T15:34:44.783123+00:00, run_after=2023-08-31T15:34:44.783123+00:00
[2023-08-31T15:34:44.795+0000] {processor.py:179} INFO - Processing /home/airflow/.local/lib/python3.8/site-packages/airflow/example_dags/example_skip_dag.py took 0.053 seconds
[2023-08-31T15:35:15.143+0000] {processor.py:157} INFO - Started process (PID=9212) to work on /home/airflow/.local/lib/python3.8/site-packages/airflow/example_dags/example_skip_dag.py
[2023-08-31T15:35:15.145+0000] {processor.py:829} INFO - Processing file /home/airflow/.local/lib/python3.8/site-packages/airflow/example_dags/example_skip_dag.py for tasks to queue
[2023-08-31T15:35:15.146+0000] {logging_mixin.py:151} INFO - [2023-08-31T15:35:15.146+0000] {dagbag.py:539} INFO - Filling up the DagBag from /home/airflow/.local/lib/python3.8/site-packages/airflow/example_dags/example_skip_dag.py
[2023-08-31T15:35:15.152+0000] {processor.py:839} INFO - DAG(s) dict_keys(['example_skip_dag']) retrieved from /home/airflow/.local/lib/python3.8/site-packages/airflow/example_dags/example_skip_dag.py
[2023-08-31T15:35:15.166+0000] {logging_mixin.py:151} INFO - [2023-08-31T15:35:15.165+0000] {dag.py:2907} INFO - Sync 1 DAGs
[2023-08-31T15:35:15.178+0000] {logging_mixin.py:151} INFO - [2023-08-31T15:35:15.178+0000] {dag.py:3677} INFO - Setting next_dagrun for example_skip_dag to 2023-08-30T15:35:15.178302+00:00, run_after=2023-08-31T15:35:15.178302+00:00
[2023-08-31T15:35:15.190+0000] {processor.py:179} INFO - Processing /home/airflow/.local/lib/python3.8/site-packages/airflow/example_dags/example_skip_dag.py took 0.049 seconds
[2023-08-31T15:35:45.559+0000] {processor.py:157} INFO - Started process (PID=9455) to work on /home/airflow/.local/lib/python3.8/site-packages/airflow/example_dags/example_skip_dag.py
[2023-08-31T15:35:45.560+0000] {processor.py:829} INFO - Processing file /home/airflow/.local/lib/python3.8/site-packages/airflow/example_dags/example_skip_dag.py for tasks to queue
[2023-08-31T15:35:45.561+0000] {logging_mixin.py:151} INFO - [2023-08-31T15:35:45.561+0000] {dagbag.py:539} INFO - Filling up the DagBag from /home/airflow/.local/lib/python3.8/site-packages/airflow/example_dags/example_skip_dag.py
[2023-08-31T15:35:45.567+0000] {processor.py:839} INFO - DAG(s) dict_keys(['example_skip_dag']) retrieved from /home/airflow/.local/lib/python3.8/site-packages/airflow/example_dags/example_skip_dag.py
[2023-08-31T15:35:45.583+0000] {logging_mixin.py:151} INFO - [2023-08-31T15:35:45.583+0000] {dag.py:2907} INFO - Sync 1 DAGs
[2023-08-31T15:35:45.597+0000] {logging_mixin.py:151} INFO - [2023-08-31T15:35:45.597+0000] {dag.py:3677} INFO - Setting next_dagrun for example_skip_dag to 2023-08-30T15:35:45.597145+00:00, run_after=2023-08-31T15:35:45.597145+00:00
[2023-08-31T15:35:45.607+0000] {processor.py:179} INFO - Processing /home/airflow/.local/lib/python3.8/site-packages/airflow/example_dags/example_skip_dag.py took 0.051 seconds
[2023-08-31T15:36:15.911+0000] {processor.py:157} INFO - Started process (PID=9694) to work on /home/airflow/.local/lib/python3.8/site-packages/airflow/example_dags/example_skip_dag.py
[2023-08-31T15:36:15.913+0000] {processor.py:829} INFO - Processing file /home/airflow/.local/lib/python3.8/site-packages/airflow/example_dags/example_skip_dag.py for tasks to queue
[2023-08-31T15:36:15.914+0000] {logging_mixin.py:151} INFO - [2023-08-31T15:36:15.914+0000] {dagbag.py:539} INFO - Filling up the DagBag from /home/airflow/.local/lib/python3.8/site-packages/airflow/example_dags/example_skip_dag.py
[2023-08-31T15:36:15.920+0000] {processor.py:839} INFO - DAG(s) dict_keys(['example_skip_dag']) retrieved from /home/airflow/.local/lib/python3.8/site-packages/airflow/example_dags/example_skip_dag.py
[2023-08-31T15:36:15.935+0000] {logging_mixin.py:151} INFO - [2023-08-31T15:36:15.935+0000] {dag.py:2907} INFO - Sync 1 DAGs
[2023-08-31T15:36:15.947+0000] {logging_mixin.py:151} INFO - [2023-08-31T15:36:15.947+0000] {dag.py:3677} INFO - Setting next_dagrun for example_skip_dag to 2023-08-30T15:36:15.947493+00:00, run_after=2023-08-31T15:36:15.947493+00:00
[2023-08-31T15:36:15.959+0000] {processor.py:179} INFO - Processing /home/airflow/.local/lib/python3.8/site-packages/airflow/example_dags/example_skip_dag.py took 0.050 seconds
[2023-08-31T15:36:46.268+0000] {processor.py:157} INFO - Started process (PID=9934) to work on /home/airflow/.local/lib/python3.8/site-packages/airflow/example_dags/example_skip_dag.py
[2023-08-31T15:36:46.270+0000] {processor.py:829} INFO - Processing file /home/airflow/.local/lib/python3.8/site-packages/airflow/example_dags/example_skip_dag.py for tasks to queue
[2023-08-31T15:36:46.273+0000] {logging_mixin.py:151} INFO - [2023-08-31T15:36:46.272+0000] {dagbag.py:539} INFO - Filling up the DagBag from /home/airflow/.local/lib/python3.8/site-packages/airflow/example_dags/example_skip_dag.py
[2023-08-31T15:36:46.280+0000] {processor.py:839} INFO - DAG(s) dict_keys(['example_skip_dag']) retrieved from /home/airflow/.local/lib/python3.8/site-packages/airflow/example_dags/example_skip_dag.py
[2023-08-31T15:36:46.298+0000] {logging_mixin.py:151} INFO - [2023-08-31T15:36:46.298+0000] {dag.py:2907} INFO - Sync 1 DAGs
[2023-08-31T15:36:46.313+0000] {logging_mixin.py:151} INFO - [2023-08-31T15:36:46.313+0000] {dag.py:3677} INFO - Setting next_dagrun for example_skip_dag to 2023-08-30T15:36:46.313299+00:00, run_after=2023-08-31T15:36:46.313299+00:00
[2023-08-31T15:36:46.325+0000] {processor.py:179} INFO - Processing /home/airflow/.local/lib/python3.8/site-packages/airflow/example_dags/example_skip_dag.py took 0.059 seconds
[2023-08-31T15:37:16.560+0000] {processor.py:157} INFO - Started process (PID=10173) to work on /home/airflow/.local/lib/python3.8/site-packages/airflow/example_dags/example_skip_dag.py
[2023-08-31T15:37:16.562+0000] {processor.py:829} INFO - Processing file /home/airflow/.local/lib/python3.8/site-packages/airflow/example_dags/example_skip_dag.py for tasks to queue
[2023-08-31T15:37:16.563+0000] {logging_mixin.py:151} INFO - [2023-08-31T15:37:16.563+0000] {dagbag.py:539} INFO - Filling up the DagBag from /home/airflow/.local/lib/python3.8/site-packages/airflow/example_dags/example_skip_dag.py
[2023-08-31T15:37:16.569+0000] {processor.py:839} INFO - DAG(s) dict_keys(['example_skip_dag']) retrieved from /home/airflow/.local/lib/python3.8/site-packages/airflow/example_dags/example_skip_dag.py
[2023-08-31T15:37:16.583+0000] {logging_mixin.py:151} INFO - [2023-08-31T15:37:16.583+0000] {dag.py:2907} INFO - Sync 1 DAGs
[2023-08-31T15:37:16.596+0000] {logging_mixin.py:151} INFO - [2023-08-31T15:37:16.596+0000] {dag.py:3677} INFO - Setting next_dagrun for example_skip_dag to 2023-08-30T15:37:16.596073+00:00, run_after=2023-08-31T15:37:16.596073+00:00
[2023-08-31T15:37:16.607+0000] {processor.py:179} INFO - Processing /home/airflow/.local/lib/python3.8/site-packages/airflow/example_dags/example_skip_dag.py took 0.049 seconds
[2023-08-31T15:37:46.822+0000] {processor.py:157} INFO - Started process (PID=10412) to work on /home/airflow/.local/lib/python3.8/site-packages/airflow/example_dags/example_skip_dag.py
[2023-08-31T15:37:46.823+0000] {processor.py:829} INFO - Processing file /home/airflow/.local/lib/python3.8/site-packages/airflow/example_dags/example_skip_dag.py for tasks to queue
[2023-08-31T15:37:46.824+0000] {logging_mixin.py:151} INFO - [2023-08-31T15:37:46.824+0000] {dagbag.py:539} INFO - Filling up the DagBag from /home/airflow/.local/lib/python3.8/site-packages/airflow/example_dags/example_skip_dag.py
[2023-08-31T15:37:46.830+0000] {processor.py:839} INFO - DAG(s) dict_keys(['example_skip_dag']) retrieved from /home/airflow/.local/lib/python3.8/site-packages/airflow/example_dags/example_skip_dag.py
[2023-08-31T15:37:46.845+0000] {logging_mixin.py:151} INFO - [2023-08-31T15:37:46.845+0000] {dag.py:2907} INFO - Sync 1 DAGs
[2023-08-31T15:37:46.859+0000] {logging_mixin.py:151} INFO - [2023-08-31T15:37:46.859+0000] {dag.py:3677} INFO - Setting next_dagrun for example_skip_dag to 2023-08-30T15:37:46.859322+00:00, run_after=2023-08-31T15:37:46.859322+00:00
[2023-08-31T15:37:46.869+0000] {processor.py:179} INFO - Processing /home/airflow/.local/lib/python3.8/site-packages/airflow/example_dags/example_skip_dag.py took 0.050 seconds
