[2023-08-31T15:16:28.998+0000] {processor.py:157} INFO - Started process (PID=219) to work on /home/airflow/.local/lib/python3.8/site-packages/airflow/example_dags/example_xcomargs.py
[2023-08-31T15:16:29.000+0000] {processor.py:829} INFO - Processing file /home/airflow/.local/lib/python3.8/site-packages/airflow/example_dags/example_xcomargs.py for tasks to queue
[2023-08-31T15:16:29.001+0000] {logging_mixin.py:151} INFO - [2023-08-31T15:16:29.001+0000] {dagbag.py:539} INFO - Filling up the DagBag from /home/airflow/.local/lib/python3.8/site-packages/airflow/example_dags/example_xcomargs.py
[2023-08-31T15:16:29.009+0000] {processor.py:839} INFO - DAG(s) dict_keys(['example_xcom_args', 'example_xcom_args_with_operators']) retrieved from /home/airflow/.local/lib/python3.8/site-packages/airflow/example_dags/example_xcomargs.py
[2023-08-31T15:16:29.018+0000] {logging_mixin.py:151} INFO - [2023-08-31T15:16:29.018+0000] {dag.py:2907} INFO - Sync 2 DAGs
[2023-08-31T15:16:29.030+0000] {logging_mixin.py:151} INFO - [2023-08-31T15:16:29.030+0000] {dag.py:3677} INFO - Setting next_dagrun for example_xcom_args to None, run_after=None
[2023-08-31T15:16:29.033+0000] {logging_mixin.py:151} INFO - [2023-08-31T15:16:29.033+0000] {dag.py:3677} INFO - Setting next_dagrun for example_xcom_args_with_operators to None, run_after=None
[2023-08-31T15:16:29.044+0000] {processor.py:179} INFO - Processing /home/airflow/.local/lib/python3.8/site-packages/airflow/example_dags/example_xcomargs.py took 0.048 seconds
[2023-08-31T15:16:59.792+0000] {processor.py:157} INFO - Started process (PID=464) to work on /home/airflow/.local/lib/python3.8/site-packages/airflow/example_dags/example_xcomargs.py
[2023-08-31T15:16:59.793+0000] {processor.py:829} INFO - Processing file /home/airflow/.local/lib/python3.8/site-packages/airflow/example_dags/example_xcomargs.py for tasks to queue
[2023-08-31T15:16:59.795+0000] {logging_mixin.py:151} INFO - [2023-08-31T15:16:59.794+0000] {dagbag.py:539} INFO - Filling up the DagBag from /home/airflow/.local/lib/python3.8/site-packages/airflow/example_dags/example_xcomargs.py
[2023-08-31T15:16:59.801+0000] {processor.py:839} INFO - DAG(s) dict_keys(['example_xcom_args_with_operators', 'example_xcom_args']) retrieved from /home/airflow/.local/lib/python3.8/site-packages/airflow/example_dags/example_xcomargs.py
[2023-08-31T15:16:59.816+0000] {logging_mixin.py:151} INFO - [2023-08-31T15:16:59.816+0000] {dag.py:2907} INFO - Sync 2 DAGs
[2023-08-31T15:16:59.824+0000] {logging_mixin.py:151} INFO - [2023-08-31T15:16:59.824+0000] {dag.py:3677} INFO - Setting next_dagrun for example_xcom_args to None, run_after=None
[2023-08-31T15:16:59.826+0000] {logging_mixin.py:151} INFO - [2023-08-31T15:16:59.826+0000] {dag.py:3677} INFO - Setting next_dagrun for example_xcom_args_with_operators to None, run_after=None
[2023-08-31T15:16:59.835+0000] {processor.py:179} INFO - Processing /home/airflow/.local/lib/python3.8/site-packages/airflow/example_dags/example_xcomargs.py took 0.045 seconds
[2023-08-31T15:17:30.699+0000] {processor.py:157} INFO - Started process (PID=703) to work on /home/airflow/.local/lib/python3.8/site-packages/airflow/example_dags/example_xcomargs.py
[2023-08-31T15:17:30.701+0000] {processor.py:829} INFO - Processing file /home/airflow/.local/lib/python3.8/site-packages/airflow/example_dags/example_xcomargs.py for tasks to queue
[2023-08-31T15:17:30.702+0000] {logging_mixin.py:151} INFO - [2023-08-31T15:17:30.701+0000] {dagbag.py:539} INFO - Filling up the DagBag from /home/airflow/.local/lib/python3.8/site-packages/airflow/example_dags/example_xcomargs.py
[2023-08-31T15:17:30.791+0000] {processor.py:839} INFO - DAG(s) dict_keys(['example_xcom_args_with_operators', 'example_xcom_args']) retrieved from /home/airflow/.local/lib/python3.8/site-packages/airflow/example_dags/example_xcomargs.py
[2023-08-31T15:17:30.803+0000] {logging_mixin.py:151} INFO - [2023-08-31T15:17:30.803+0000] {dag.py:2907} INFO - Sync 2 DAGs
[2023-08-31T15:17:30.810+0000] {logging_mixin.py:151} INFO - [2023-08-31T15:17:30.810+0000] {dag.py:3677} INFO - Setting next_dagrun for example_xcom_args to None, run_after=None
[2023-08-31T15:17:30.813+0000] {logging_mixin.py:151} INFO - [2023-08-31T15:17:30.813+0000] {dag.py:3677} INFO - Setting next_dagrun for example_xcom_args_with_operators to None, run_after=None
[2023-08-31T15:17:30.821+0000] {processor.py:179} INFO - Processing /home/airflow/.local/lib/python3.8/site-packages/airflow/example_dags/example_xcomargs.py took 0.124 seconds
[2023-08-31T15:18:01.599+0000] {processor.py:157} INFO - Started process (PID=942) to work on /home/airflow/.local/lib/python3.8/site-packages/airflow/example_dags/example_xcomargs.py
[2023-08-31T15:18:01.612+0000] {processor.py:829} INFO - Processing file /home/airflow/.local/lib/python3.8/site-packages/airflow/example_dags/example_xcomargs.py for tasks to queue
[2023-08-31T15:18:01.613+0000] {logging_mixin.py:151} INFO - [2023-08-31T15:18:01.613+0000] {dagbag.py:539} INFO - Filling up the DagBag from /home/airflow/.local/lib/python3.8/site-packages/airflow/example_dags/example_xcomargs.py
[2023-08-31T15:18:01.621+0000] {processor.py:839} INFO - DAG(s) dict_keys(['example_xcom_args', 'example_xcom_args_with_operators']) retrieved from /home/airflow/.local/lib/python3.8/site-packages/airflow/example_dags/example_xcomargs.py
[2023-08-31T15:18:01.640+0000] {logging_mixin.py:151} INFO - [2023-08-31T15:18:01.639+0000] {dag.py:2907} INFO - Sync 2 DAGs
[2023-08-31T15:18:01.649+0000] {logging_mixin.py:151} INFO - [2023-08-31T15:18:01.649+0000] {dag.py:3677} INFO - Setting next_dagrun for example_xcom_args to None, run_after=None
[2023-08-31T15:18:01.653+0000] {logging_mixin.py:151} INFO - [2023-08-31T15:18:01.653+0000] {dag.py:3677} INFO - Setting next_dagrun for example_xcom_args_with_operators to None, run_after=None
[2023-08-31T15:18:01.663+0000] {processor.py:179} INFO - Processing /home/airflow/.local/lib/python3.8/site-packages/airflow/example_dags/example_xcomargs.py took 0.066 seconds
[2023-08-31T15:18:32.295+0000] {processor.py:157} INFO - Started process (PID=1207) to work on /home/airflow/.local/lib/python3.8/site-packages/airflow/example_dags/example_xcomargs.py
[2023-08-31T15:18:32.297+0000] {processor.py:829} INFO - Processing file /home/airflow/.local/lib/python3.8/site-packages/airflow/example_dags/example_xcomargs.py for tasks to queue
[2023-08-31T15:18:32.298+0000] {logging_mixin.py:151} INFO - [2023-08-31T15:18:32.298+0000] {dagbag.py:539} INFO - Filling up the DagBag from /home/airflow/.local/lib/python3.8/site-packages/airflow/example_dags/example_xcomargs.py
[2023-08-31T15:18:32.304+0000] {processor.py:839} INFO - DAG(s) dict_keys(['example_xcom_args_with_operators', 'example_xcom_args']) retrieved from /home/airflow/.local/lib/python3.8/site-packages/airflow/example_dags/example_xcomargs.py
[2023-08-31T15:18:32.320+0000] {logging_mixin.py:151} INFO - [2023-08-31T15:18:32.320+0000] {dag.py:2907} INFO - Sync 2 DAGs
[2023-08-31T15:18:32.328+0000] {logging_mixin.py:151} INFO - [2023-08-31T15:18:32.328+0000] {dag.py:3677} INFO - Setting next_dagrun for example_xcom_args to None, run_after=None
[2023-08-31T15:18:32.330+0000] {logging_mixin.py:151} INFO - [2023-08-31T15:18:32.330+0000] {dag.py:3677} INFO - Setting next_dagrun for example_xcom_args_with_operators to None, run_after=None
[2023-08-31T15:18:32.339+0000] {processor.py:179} INFO - Processing /home/airflow/.local/lib/python3.8/site-packages/airflow/example_dags/example_xcomargs.py took 0.047 seconds
[2023-08-31T15:19:02.798+0000] {processor.py:157} INFO - Started process (PID=1446) to work on /home/airflow/.local/lib/python3.8/site-packages/airflow/example_dags/example_xcomargs.py
[2023-08-31T15:19:02.800+0000] {processor.py:829} INFO - Processing file /home/airflow/.local/lib/python3.8/site-packages/airflow/example_dags/example_xcomargs.py for tasks to queue
[2023-08-31T15:19:02.801+0000] {logging_mixin.py:151} INFO - [2023-08-31T15:19:02.801+0000] {dagbag.py:539} INFO - Filling up the DagBag from /home/airflow/.local/lib/python3.8/site-packages/airflow/example_dags/example_xcomargs.py
[2023-08-31T15:19:02.812+0000] {processor.py:839} INFO - DAG(s) dict_keys(['example_xcom_args', 'example_xcom_args_with_operators']) retrieved from /home/airflow/.local/lib/python3.8/site-packages/airflow/example_dags/example_xcomargs.py
[2023-08-31T15:19:02.834+0000] {logging_mixin.py:151} INFO - [2023-08-31T15:19:02.834+0000] {dag.py:2907} INFO - Sync 2 DAGs
[2023-08-31T15:19:02.844+0000] {logging_mixin.py:151} INFO - [2023-08-31T15:19:02.844+0000] {dag.py:3677} INFO - Setting next_dagrun for example_xcom_args to None, run_after=None
[2023-08-31T15:19:02.846+0000] {logging_mixin.py:151} INFO - [2023-08-31T15:19:02.846+0000] {dag.py:3677} INFO - Setting next_dagrun for example_xcom_args_with_operators to None, run_after=None
[2023-08-31T15:19:02.865+0000] {processor.py:179} INFO - Processing /home/airflow/.local/lib/python3.8/site-packages/airflow/example_dags/example_xcomargs.py took 0.073 seconds
[2023-08-31T15:19:33.212+0000] {processor.py:157} INFO - Started process (PID=1687) to work on /home/airflow/.local/lib/python3.8/site-packages/airflow/example_dags/example_xcomargs.py
[2023-08-31T15:19:33.213+0000] {processor.py:829} INFO - Processing file /home/airflow/.local/lib/python3.8/site-packages/airflow/example_dags/example_xcomargs.py for tasks to queue
[2023-08-31T15:19:33.214+0000] {logging_mixin.py:151} INFO - [2023-08-31T15:19:33.214+0000] {dagbag.py:539} INFO - Filling up the DagBag from /home/airflow/.local/lib/python3.8/site-packages/airflow/example_dags/example_xcomargs.py
[2023-08-31T15:19:33.220+0000] {processor.py:839} INFO - DAG(s) dict_keys(['example_xcom_args_with_operators', 'example_xcom_args']) retrieved from /home/airflow/.local/lib/python3.8/site-packages/airflow/example_dags/example_xcomargs.py
[2023-08-31T15:19:33.236+0000] {logging_mixin.py:151} INFO - [2023-08-31T15:19:33.236+0000] {dag.py:2907} INFO - Sync 2 DAGs
[2023-08-31T15:19:33.243+0000] {logging_mixin.py:151} INFO - [2023-08-31T15:19:33.243+0000] {dag.py:3677} INFO - Setting next_dagrun for example_xcom_args to None, run_after=None
[2023-08-31T15:19:33.247+0000] {logging_mixin.py:151} INFO - [2023-08-31T15:19:33.246+0000] {dag.py:3677} INFO - Setting next_dagrun for example_xcom_args_with_operators to None, run_after=None
[2023-08-31T15:19:33.255+0000] {processor.py:179} INFO - Processing /home/airflow/.local/lib/python3.8/site-packages/airflow/example_dags/example_xcomargs.py took 0.046 seconds
[2023-08-31T15:20:03.497+0000] {processor.py:157} INFO - Started process (PID=1927) to work on /home/airflow/.local/lib/python3.8/site-packages/airflow/example_dags/example_xcomargs.py
[2023-08-31T15:20:03.499+0000] {processor.py:829} INFO - Processing file /home/airflow/.local/lib/python3.8/site-packages/airflow/example_dags/example_xcomargs.py for tasks to queue
[2023-08-31T15:20:03.500+0000] {logging_mixin.py:151} INFO - [2023-08-31T15:20:03.499+0000] {dagbag.py:539} INFO - Filling up the DagBag from /home/airflow/.local/lib/python3.8/site-packages/airflow/example_dags/example_xcomargs.py
[2023-08-31T15:20:03.506+0000] {processor.py:839} INFO - DAG(s) dict_keys(['example_xcom_args_with_operators', 'example_xcom_args']) retrieved from /home/airflow/.local/lib/python3.8/site-packages/airflow/example_dags/example_xcomargs.py
[2023-08-31T15:20:03.522+0000] {logging_mixin.py:151} INFO - [2023-08-31T15:20:03.522+0000] {dag.py:2907} INFO - Sync 2 DAGs
[2023-08-31T15:20:03.530+0000] {logging_mixin.py:151} INFO - [2023-08-31T15:20:03.530+0000] {dag.py:3677} INFO - Setting next_dagrun for example_xcom_args to None, run_after=None
[2023-08-31T15:20:03.532+0000] {logging_mixin.py:151} INFO - [2023-08-31T15:20:03.532+0000] {dag.py:3677} INFO - Setting next_dagrun for example_xcom_args_with_operators to None, run_after=None
[2023-08-31T15:20:03.542+0000] {processor.py:179} INFO - Processing /home/airflow/.local/lib/python3.8/site-packages/airflow/example_dags/example_xcomargs.py took 0.047 seconds
[2023-08-31T15:20:33.881+0000] {processor.py:157} INFO - Started process (PID=2166) to work on /home/airflow/.local/lib/python3.8/site-packages/airflow/example_dags/example_xcomargs.py
[2023-08-31T15:20:33.882+0000] {processor.py:829} INFO - Processing file /home/airflow/.local/lib/python3.8/site-packages/airflow/example_dags/example_xcomargs.py for tasks to queue
[2023-08-31T15:20:33.884+0000] {logging_mixin.py:151} INFO - [2023-08-31T15:20:33.883+0000] {dagbag.py:539} INFO - Filling up the DagBag from /home/airflow/.local/lib/python3.8/site-packages/airflow/example_dags/example_xcomargs.py
[2023-08-31T15:20:33.889+0000] {processor.py:839} INFO - DAG(s) dict_keys(['example_xcom_args_with_operators', 'example_xcom_args']) retrieved from /home/airflow/.local/lib/python3.8/site-packages/airflow/example_dags/example_xcomargs.py
[2023-08-31T15:20:33.904+0000] {logging_mixin.py:151} INFO - [2023-08-31T15:20:33.904+0000] {dag.py:2907} INFO - Sync 2 DAGs
[2023-08-31T15:20:33.911+0000] {logging_mixin.py:151} INFO - [2023-08-31T15:20:33.911+0000] {dag.py:3677} INFO - Setting next_dagrun for example_xcom_args to None, run_after=None
[2023-08-31T15:20:33.914+0000] {logging_mixin.py:151} INFO - [2023-08-31T15:20:33.914+0000] {dag.py:3677} INFO - Setting next_dagrun for example_xcom_args_with_operators to None, run_after=None
[2023-08-31T15:20:33.923+0000] {processor.py:179} INFO - Processing /home/airflow/.local/lib/python3.8/site-packages/airflow/example_dags/example_xcomargs.py took 0.044 seconds
[2023-08-31T15:21:04.129+0000] {processor.py:157} INFO - Started process (PID=2407) to work on /home/airflow/.local/lib/python3.8/site-packages/airflow/example_dags/example_xcomargs.py
[2023-08-31T15:21:04.130+0000] {processor.py:829} INFO - Processing file /home/airflow/.local/lib/python3.8/site-packages/airflow/example_dags/example_xcomargs.py for tasks to queue
[2023-08-31T15:21:04.131+0000] {logging_mixin.py:151} INFO - [2023-08-31T15:21:04.131+0000] {dagbag.py:539} INFO - Filling up the DagBag from /home/airflow/.local/lib/python3.8/site-packages/airflow/example_dags/example_xcomargs.py
[2023-08-31T15:21:04.137+0000] {processor.py:839} INFO - DAG(s) dict_keys(['example_xcom_args_with_operators', 'example_xcom_args']) retrieved from /home/airflow/.local/lib/python3.8/site-packages/airflow/example_dags/example_xcomargs.py
[2023-08-31T15:21:04.153+0000] {logging_mixin.py:151} INFO - [2023-08-31T15:21:04.153+0000] {dag.py:2907} INFO - Sync 2 DAGs
[2023-08-31T15:21:04.161+0000] {logging_mixin.py:151} INFO - [2023-08-31T15:21:04.161+0000] {dag.py:3677} INFO - Setting next_dagrun for example_xcom_args to None, run_after=None
[2023-08-31T15:21:04.163+0000] {logging_mixin.py:151} INFO - [2023-08-31T15:21:04.163+0000] {dag.py:3677} INFO - Setting next_dagrun for example_xcom_args_with_operators to None, run_after=None
[2023-08-31T15:21:04.174+0000] {processor.py:179} INFO - Processing /home/airflow/.local/lib/python3.8/site-packages/airflow/example_dags/example_xcomargs.py took 0.047 seconds
[2023-08-31T15:21:34.465+0000] {processor.py:157} INFO - Started process (PID=2649) to work on /home/airflow/.local/lib/python3.8/site-packages/airflow/example_dags/example_xcomargs.py
[2023-08-31T15:21:34.466+0000] {processor.py:829} INFO - Processing file /home/airflow/.local/lib/python3.8/site-packages/airflow/example_dags/example_xcomargs.py for tasks to queue
[2023-08-31T15:21:34.467+0000] {logging_mixin.py:151} INFO - [2023-08-31T15:21:34.467+0000] {dagbag.py:539} INFO - Filling up the DagBag from /home/airflow/.local/lib/python3.8/site-packages/airflow/example_dags/example_xcomargs.py
[2023-08-31T15:21:34.473+0000] {processor.py:839} INFO - DAG(s) dict_keys(['example_xcom_args', 'example_xcom_args_with_operators']) retrieved from /home/airflow/.local/lib/python3.8/site-packages/airflow/example_dags/example_xcomargs.py
[2023-08-31T15:21:34.488+0000] {logging_mixin.py:151} INFO - [2023-08-31T15:21:34.488+0000] {dag.py:2907} INFO - Sync 2 DAGs
[2023-08-31T15:21:34.496+0000] {logging_mixin.py:151} INFO - [2023-08-31T15:21:34.496+0000] {dag.py:3677} INFO - Setting next_dagrun for example_xcom_args to None, run_after=None
[2023-08-31T15:21:34.498+0000] {logging_mixin.py:151} INFO - [2023-08-31T15:21:34.498+0000] {dag.py:3677} INFO - Setting next_dagrun for example_xcom_args_with_operators to None, run_after=None
[2023-08-31T15:21:34.507+0000] {processor.py:179} INFO - Processing /home/airflow/.local/lib/python3.8/site-packages/airflow/example_dags/example_xcomargs.py took 0.045 seconds
[2023-08-31T15:22:04.773+0000] {processor.py:157} INFO - Started process (PID=2889) to work on /home/airflow/.local/lib/python3.8/site-packages/airflow/example_dags/example_xcomargs.py
[2023-08-31T15:22:04.775+0000] {processor.py:829} INFO - Processing file /home/airflow/.local/lib/python3.8/site-packages/airflow/example_dags/example_xcomargs.py for tasks to queue
[2023-08-31T15:22:04.776+0000] {logging_mixin.py:151} INFO - [2023-08-31T15:22:04.776+0000] {dagbag.py:539} INFO - Filling up the DagBag from /home/airflow/.local/lib/python3.8/site-packages/airflow/example_dags/example_xcomargs.py
[2023-08-31T15:22:04.781+0000] {processor.py:839} INFO - DAG(s) dict_keys(['example_xcom_args', 'example_xcom_args_with_operators']) retrieved from /home/airflow/.local/lib/python3.8/site-packages/airflow/example_dags/example_xcomargs.py
[2023-08-31T15:22:04.797+0000] {logging_mixin.py:151} INFO - [2023-08-31T15:22:04.796+0000] {dag.py:2907} INFO - Sync 2 DAGs
[2023-08-31T15:22:04.804+0000] {logging_mixin.py:151} INFO - [2023-08-31T15:22:04.804+0000] {dag.py:3677} INFO - Setting next_dagrun for example_xcom_args to None, run_after=None
[2023-08-31T15:22:04.806+0000] {logging_mixin.py:151} INFO - [2023-08-31T15:22:04.806+0000] {dag.py:3677} INFO - Setting next_dagrun for example_xcom_args_with_operators to None, run_after=None
[2023-08-31T15:22:04.814+0000] {processor.py:179} INFO - Processing /home/airflow/.local/lib/python3.8/site-packages/airflow/example_dags/example_xcomargs.py took 0.043 seconds
[2023-08-31T15:22:35.264+0000] {processor.py:157} INFO - Started process (PID=3127) to work on /home/airflow/.local/lib/python3.8/site-packages/airflow/example_dags/example_xcomargs.py
[2023-08-31T15:22:35.268+0000] {processor.py:829} INFO - Processing file /home/airflow/.local/lib/python3.8/site-packages/airflow/example_dags/example_xcomargs.py for tasks to queue
[2023-08-31T15:22:35.269+0000] {logging_mixin.py:151} INFO - [2023-08-31T15:22:35.269+0000] {dagbag.py:539} INFO - Filling up the DagBag from /home/airflow/.local/lib/python3.8/site-packages/airflow/example_dags/example_xcomargs.py
[2023-08-31T15:22:35.286+0000] {processor.py:839} INFO - DAG(s) dict_keys(['example_xcom_args', 'example_xcom_args_with_operators']) retrieved from /home/airflow/.local/lib/python3.8/site-packages/airflow/example_dags/example_xcomargs.py
[2023-08-31T15:22:35.312+0000] {logging_mixin.py:151} INFO - [2023-08-31T15:22:35.312+0000] {dag.py:2907} INFO - Sync 2 DAGs
[2023-08-31T15:22:35.321+0000] {logging_mixin.py:151} INFO - [2023-08-31T15:22:35.320+0000] {dag.py:3677} INFO - Setting next_dagrun for example_xcom_args to None, run_after=None
[2023-08-31T15:22:35.324+0000] {logging_mixin.py:151} INFO - [2023-08-31T15:22:35.323+0000] {dag.py:3677} INFO - Setting next_dagrun for example_xcom_args_with_operators to None, run_after=None
[2023-08-31T15:22:35.332+0000] {processor.py:179} INFO - Processing /home/airflow/.local/lib/python3.8/site-packages/airflow/example_dags/example_xcomargs.py took 0.071 seconds
[2023-08-31T15:23:05.812+0000] {processor.py:157} INFO - Started process (PID=3371) to work on /home/airflow/.local/lib/python3.8/site-packages/airflow/example_dags/example_xcomargs.py
[2023-08-31T15:23:05.813+0000] {processor.py:829} INFO - Processing file /home/airflow/.local/lib/python3.8/site-packages/airflow/example_dags/example_xcomargs.py for tasks to queue
[2023-08-31T15:23:05.815+0000] {logging_mixin.py:151} INFO - [2023-08-31T15:23:05.815+0000] {dagbag.py:539} INFO - Filling up the DagBag from /home/airflow/.local/lib/python3.8/site-packages/airflow/example_dags/example_xcomargs.py
[2023-08-31T15:23:05.821+0000] {processor.py:839} INFO - DAG(s) dict_keys(['example_xcom_args', 'example_xcom_args_with_operators']) retrieved from /home/airflow/.local/lib/python3.8/site-packages/airflow/example_dags/example_xcomargs.py
[2023-08-31T15:23:05.844+0000] {logging_mixin.py:151} INFO - [2023-08-31T15:23:05.844+0000] {dag.py:2907} INFO - Sync 2 DAGs
[2023-08-31T15:23:05.854+0000] {logging_mixin.py:151} INFO - [2023-08-31T15:23:05.854+0000] {dag.py:3677} INFO - Setting next_dagrun for example_xcom_args to None, run_after=None
[2023-08-31T15:23:05.857+0000] {logging_mixin.py:151} INFO - [2023-08-31T15:23:05.857+0000] {dag.py:3677} INFO - Setting next_dagrun for example_xcom_args_with_operators to None, run_after=None
[2023-08-31T15:23:05.868+0000] {processor.py:179} INFO - Processing /home/airflow/.local/lib/python3.8/site-packages/airflow/example_dags/example_xcomargs.py took 0.059 seconds
[2023-08-31T15:23:36.325+0000] {processor.py:157} INFO - Started process (PID=3611) to work on /home/airflow/.local/lib/python3.8/site-packages/airflow/example_dags/example_xcomargs.py
[2023-08-31T15:23:36.327+0000] {processor.py:829} INFO - Processing file /home/airflow/.local/lib/python3.8/site-packages/airflow/example_dags/example_xcomargs.py for tasks to queue
[2023-08-31T15:23:36.328+0000] {logging_mixin.py:151} INFO - [2023-08-31T15:23:36.327+0000] {dagbag.py:539} INFO - Filling up the DagBag from /home/airflow/.local/lib/python3.8/site-packages/airflow/example_dags/example_xcomargs.py
[2023-08-31T15:23:36.333+0000] {processor.py:839} INFO - DAG(s) dict_keys(['example_xcom_args_with_operators', 'example_xcom_args']) retrieved from /home/airflow/.local/lib/python3.8/site-packages/airflow/example_dags/example_xcomargs.py
[2023-08-31T15:23:36.347+0000] {logging_mixin.py:151} INFO - [2023-08-31T15:23:36.347+0000] {dag.py:2907} INFO - Sync 2 DAGs
[2023-08-31T15:23:36.355+0000] {logging_mixin.py:151} INFO - [2023-08-31T15:23:36.355+0000] {dag.py:3677} INFO - Setting next_dagrun for example_xcom_args to None, run_after=None
[2023-08-31T15:23:36.358+0000] {logging_mixin.py:151} INFO - [2023-08-31T15:23:36.358+0000] {dag.py:3677} INFO - Setting next_dagrun for example_xcom_args_with_operators to None, run_after=None
[2023-08-31T15:23:36.366+0000] {processor.py:179} INFO - Processing /home/airflow/.local/lib/python3.8/site-packages/airflow/example_dags/example_xcomargs.py took 0.043 seconds
[2023-08-31T15:24:06.661+0000] {processor.py:157} INFO - Started process (PID=3853) to work on /home/airflow/.local/lib/python3.8/site-packages/airflow/example_dags/example_xcomargs.py
[2023-08-31T15:24:06.662+0000] {processor.py:829} INFO - Processing file /home/airflow/.local/lib/python3.8/site-packages/airflow/example_dags/example_xcomargs.py for tasks to queue
[2023-08-31T15:24:06.663+0000] {logging_mixin.py:151} INFO - [2023-08-31T15:24:06.663+0000] {dagbag.py:539} INFO - Filling up the DagBag from /home/airflow/.local/lib/python3.8/site-packages/airflow/example_dags/example_xcomargs.py
[2023-08-31T15:24:06.668+0000] {processor.py:839} INFO - DAG(s) dict_keys(['example_xcom_args_with_operators', 'example_xcom_args']) retrieved from /home/airflow/.local/lib/python3.8/site-packages/airflow/example_dags/example_xcomargs.py
[2023-08-31T15:24:06.683+0000] {logging_mixin.py:151} INFO - [2023-08-31T15:24:06.683+0000] {dag.py:2907} INFO - Sync 2 DAGs
[2023-08-31T15:24:06.691+0000] {logging_mixin.py:151} INFO - [2023-08-31T15:24:06.691+0000] {dag.py:3677} INFO - Setting next_dagrun for example_xcom_args to None, run_after=None
[2023-08-31T15:24:06.694+0000] {logging_mixin.py:151} INFO - [2023-08-31T15:24:06.694+0000] {dag.py:3677} INFO - Setting next_dagrun for example_xcom_args_with_operators to None, run_after=None
[2023-08-31T15:24:06.702+0000] {processor.py:179} INFO - Processing /home/airflow/.local/lib/python3.8/site-packages/airflow/example_dags/example_xcomargs.py took 0.044 seconds
[2023-08-31T15:24:36.973+0000] {processor.py:157} INFO - Started process (PID=4093) to work on /home/airflow/.local/lib/python3.8/site-packages/airflow/example_dags/example_xcomargs.py
[2023-08-31T15:24:36.974+0000] {processor.py:829} INFO - Processing file /home/airflow/.local/lib/python3.8/site-packages/airflow/example_dags/example_xcomargs.py for tasks to queue
[2023-08-31T15:24:36.975+0000] {logging_mixin.py:151} INFO - [2023-08-31T15:24:36.975+0000] {dagbag.py:539} INFO - Filling up the DagBag from /home/airflow/.local/lib/python3.8/site-packages/airflow/example_dags/example_xcomargs.py
[2023-08-31T15:24:36.981+0000] {processor.py:839} INFO - DAG(s) dict_keys(['example_xcom_args', 'example_xcom_args_with_operators']) retrieved from /home/airflow/.local/lib/python3.8/site-packages/airflow/example_dags/example_xcomargs.py
[2023-08-31T15:24:36.996+0000] {logging_mixin.py:151} INFO - [2023-08-31T15:24:36.996+0000] {dag.py:2907} INFO - Sync 2 DAGs
[2023-08-31T15:24:37.004+0000] {logging_mixin.py:151} INFO - [2023-08-31T15:24:37.004+0000] {dag.py:3677} INFO - Setting next_dagrun for example_xcom_args to None, run_after=None
[2023-08-31T15:24:37.006+0000] {logging_mixin.py:151} INFO - [2023-08-31T15:24:37.006+0000] {dag.py:3677} INFO - Setting next_dagrun for example_xcom_args_with_operators to None, run_after=None
[2023-08-31T15:24:37.015+0000] {processor.py:179} INFO - Processing /home/airflow/.local/lib/python3.8/site-packages/airflow/example_dags/example_xcomargs.py took 0.044 seconds
[2023-08-31T15:25:07.276+0000] {processor.py:157} INFO - Started process (PID=4333) to work on /home/airflow/.local/lib/python3.8/site-packages/airflow/example_dags/example_xcomargs.py
[2023-08-31T15:25:07.278+0000] {processor.py:829} INFO - Processing file /home/airflow/.local/lib/python3.8/site-packages/airflow/example_dags/example_xcomargs.py for tasks to queue
[2023-08-31T15:25:07.279+0000] {logging_mixin.py:151} INFO - [2023-08-31T15:25:07.279+0000] {dagbag.py:539} INFO - Filling up the DagBag from /home/airflow/.local/lib/python3.8/site-packages/airflow/example_dags/example_xcomargs.py
[2023-08-31T15:25:07.284+0000] {processor.py:839} INFO - DAG(s) dict_keys(['example_xcom_args', 'example_xcom_args_with_operators']) retrieved from /home/airflow/.local/lib/python3.8/site-packages/airflow/example_dags/example_xcomargs.py
[2023-08-31T15:25:07.299+0000] {logging_mixin.py:151} INFO - [2023-08-31T15:25:07.299+0000] {dag.py:2907} INFO - Sync 2 DAGs
[2023-08-31T15:25:07.306+0000] {logging_mixin.py:151} INFO - [2023-08-31T15:25:07.306+0000] {dag.py:3677} INFO - Setting next_dagrun for example_xcom_args to None, run_after=None
[2023-08-31T15:25:07.309+0000] {logging_mixin.py:151} INFO - [2023-08-31T15:25:07.309+0000] {dag.py:3677} INFO - Setting next_dagrun for example_xcom_args_with_operators to None, run_after=None
[2023-08-31T15:25:07.318+0000] {processor.py:179} INFO - Processing /home/airflow/.local/lib/python3.8/site-packages/airflow/example_dags/example_xcomargs.py took 0.044 seconds
[2023-08-31T15:25:37.546+0000] {processor.py:157} INFO - Started process (PID=4572) to work on /home/airflow/.local/lib/python3.8/site-packages/airflow/example_dags/example_xcomargs.py
[2023-08-31T15:25:37.547+0000] {processor.py:829} INFO - Processing file /home/airflow/.local/lib/python3.8/site-packages/airflow/example_dags/example_xcomargs.py for tasks to queue
[2023-08-31T15:25:37.548+0000] {logging_mixin.py:151} INFO - [2023-08-31T15:25:37.548+0000] {dagbag.py:539} INFO - Filling up the DagBag from /home/airflow/.local/lib/python3.8/site-packages/airflow/example_dags/example_xcomargs.py
[2023-08-31T15:25:37.554+0000] {processor.py:839} INFO - DAG(s) dict_keys(['example_xcom_args', 'example_xcom_args_with_operators']) retrieved from /home/airflow/.local/lib/python3.8/site-packages/airflow/example_dags/example_xcomargs.py
[2023-08-31T15:25:37.569+0000] {logging_mixin.py:151} INFO - [2023-08-31T15:25:37.569+0000] {dag.py:2907} INFO - Sync 2 DAGs
[2023-08-31T15:25:37.577+0000] {logging_mixin.py:151} INFO - [2023-08-31T15:25:37.577+0000] {dag.py:3677} INFO - Setting next_dagrun for example_xcom_args to None, run_after=None
[2023-08-31T15:25:37.580+0000] {logging_mixin.py:151} INFO - [2023-08-31T15:25:37.580+0000] {dag.py:3677} INFO - Setting next_dagrun for example_xcom_args_with_operators to None, run_after=None
[2023-08-31T15:25:37.588+0000] {processor.py:179} INFO - Processing /home/airflow/.local/lib/python3.8/site-packages/airflow/example_dags/example_xcomargs.py took 0.045 seconds
[2023-08-31T15:26:07.838+0000] {processor.py:157} INFO - Started process (PID=4813) to work on /home/airflow/.local/lib/python3.8/site-packages/airflow/example_dags/example_xcomargs.py
[2023-08-31T15:26:07.839+0000] {processor.py:829} INFO - Processing file /home/airflow/.local/lib/python3.8/site-packages/airflow/example_dags/example_xcomargs.py for tasks to queue
[2023-08-31T15:26:07.840+0000] {logging_mixin.py:151} INFO - [2023-08-31T15:26:07.840+0000] {dagbag.py:539} INFO - Filling up the DagBag from /home/airflow/.local/lib/python3.8/site-packages/airflow/example_dags/example_xcomargs.py
[2023-08-31T15:26:07.846+0000] {processor.py:839} INFO - DAG(s) dict_keys(['example_xcom_args_with_operators', 'example_xcom_args']) retrieved from /home/airflow/.local/lib/python3.8/site-packages/airflow/example_dags/example_xcomargs.py
[2023-08-31T15:26:07.860+0000] {logging_mixin.py:151} INFO - [2023-08-31T15:26:07.860+0000] {dag.py:2907} INFO - Sync 2 DAGs
[2023-08-31T15:26:07.868+0000] {logging_mixin.py:151} INFO - [2023-08-31T15:26:07.868+0000] {dag.py:3677} INFO - Setting next_dagrun for example_xcom_args to None, run_after=None
[2023-08-31T15:26:07.870+0000] {logging_mixin.py:151} INFO - [2023-08-31T15:26:07.870+0000] {dag.py:3677} INFO - Setting next_dagrun for example_xcom_args_with_operators to None, run_after=None
[2023-08-31T15:26:07.879+0000] {processor.py:179} INFO - Processing /home/airflow/.local/lib/python3.8/site-packages/airflow/example_dags/example_xcomargs.py took 0.043 seconds
[2023-08-31T15:26:38.169+0000] {processor.py:157} INFO - Started process (PID=5052) to work on /home/airflow/.local/lib/python3.8/site-packages/airflow/example_dags/example_xcomargs.py
[2023-08-31T15:26:38.170+0000] {processor.py:829} INFO - Processing file /home/airflow/.local/lib/python3.8/site-packages/airflow/example_dags/example_xcomargs.py for tasks to queue
[2023-08-31T15:26:38.171+0000] {logging_mixin.py:151} INFO - [2023-08-31T15:26:38.171+0000] {dagbag.py:539} INFO - Filling up the DagBag from /home/airflow/.local/lib/python3.8/site-packages/airflow/example_dags/example_xcomargs.py
[2023-08-31T15:26:38.176+0000] {processor.py:839} INFO - DAG(s) dict_keys(['example_xcom_args_with_operators', 'example_xcom_args']) retrieved from /home/airflow/.local/lib/python3.8/site-packages/airflow/example_dags/example_xcomargs.py
[2023-08-31T15:26:38.191+0000] {logging_mixin.py:151} INFO - [2023-08-31T15:26:38.191+0000] {dag.py:2907} INFO - Sync 2 DAGs
[2023-08-31T15:26:38.199+0000] {logging_mixin.py:151} INFO - [2023-08-31T15:26:38.199+0000] {dag.py:3677} INFO - Setting next_dagrun for example_xcom_args to None, run_after=None
[2023-08-31T15:26:38.201+0000] {logging_mixin.py:151} INFO - [2023-08-31T15:26:38.201+0000] {dag.py:3677} INFO - Setting next_dagrun for example_xcom_args_with_operators to None, run_after=None
[2023-08-31T15:26:38.209+0000] {processor.py:179} INFO - Processing /home/airflow/.local/lib/python3.8/site-packages/airflow/example_dags/example_xcomargs.py took 0.043 seconds
[2023-08-31T15:27:08.446+0000] {processor.py:157} INFO - Started process (PID=5291) to work on /home/airflow/.local/lib/python3.8/site-packages/airflow/example_dags/example_xcomargs.py
[2023-08-31T15:27:08.447+0000] {processor.py:829} INFO - Processing file /home/airflow/.local/lib/python3.8/site-packages/airflow/example_dags/example_xcomargs.py for tasks to queue
[2023-08-31T15:27:08.448+0000] {logging_mixin.py:151} INFO - [2023-08-31T15:27:08.448+0000] {dagbag.py:539} INFO - Filling up the DagBag from /home/airflow/.local/lib/python3.8/site-packages/airflow/example_dags/example_xcomargs.py
[2023-08-31T15:27:08.453+0000] {processor.py:839} INFO - DAG(s) dict_keys(['example_xcom_args_with_operators', 'example_xcom_args']) retrieved from /home/airflow/.local/lib/python3.8/site-packages/airflow/example_dags/example_xcomargs.py
[2023-08-31T15:27:08.468+0000] {logging_mixin.py:151} INFO - [2023-08-31T15:27:08.468+0000] {dag.py:2907} INFO - Sync 2 DAGs
[2023-08-31T15:27:08.476+0000] {logging_mixin.py:151} INFO - [2023-08-31T15:27:08.476+0000] {dag.py:3677} INFO - Setting next_dagrun for example_xcom_args to None, run_after=None
[2023-08-31T15:27:08.479+0000] {logging_mixin.py:151} INFO - [2023-08-31T15:27:08.479+0000] {dag.py:3677} INFO - Setting next_dagrun for example_xcom_args_with_operators to None, run_after=None
[2023-08-31T15:27:08.488+0000] {processor.py:179} INFO - Processing /home/airflow/.local/lib/python3.8/site-packages/airflow/example_dags/example_xcomargs.py took 0.044 seconds
[2023-08-31T15:27:38.891+0000] {processor.py:157} INFO - Started process (PID=5531) to work on /home/airflow/.local/lib/python3.8/site-packages/airflow/example_dags/example_xcomargs.py
[2023-08-31T15:27:38.892+0000] {processor.py:829} INFO - Processing file /home/airflow/.local/lib/python3.8/site-packages/airflow/example_dags/example_xcomargs.py for tasks to queue
[2023-08-31T15:27:38.893+0000] {logging_mixin.py:151} INFO - [2023-08-31T15:27:38.893+0000] {dagbag.py:539} INFO - Filling up the DagBag from /home/airflow/.local/lib/python3.8/site-packages/airflow/example_dags/example_xcomargs.py
[2023-08-31T15:27:38.898+0000] {processor.py:839} INFO - DAG(s) dict_keys(['example_xcom_args', 'example_xcom_args_with_operators']) retrieved from /home/airflow/.local/lib/python3.8/site-packages/airflow/example_dags/example_xcomargs.py
[2023-08-31T15:27:38.914+0000] {logging_mixin.py:151} INFO - [2023-08-31T15:27:38.914+0000] {dag.py:2907} INFO - Sync 2 DAGs
[2023-08-31T15:27:38.921+0000] {logging_mixin.py:151} INFO - [2023-08-31T15:27:38.921+0000] {dag.py:3677} INFO - Setting next_dagrun for example_xcom_args to None, run_after=None
[2023-08-31T15:27:38.924+0000] {logging_mixin.py:151} INFO - [2023-08-31T15:27:38.924+0000] {dag.py:3677} INFO - Setting next_dagrun for example_xcom_args_with_operators to None, run_after=None
[2023-08-31T15:27:38.932+0000] {processor.py:179} INFO - Processing /home/airflow/.local/lib/python3.8/site-packages/airflow/example_dags/example_xcomargs.py took 0.044 seconds
[2023-08-31T15:28:09.196+0000] {processor.py:157} INFO - Started process (PID=5771) to work on /home/airflow/.local/lib/python3.8/site-packages/airflow/example_dags/example_xcomargs.py
[2023-08-31T15:28:09.197+0000] {processor.py:829} INFO - Processing file /home/airflow/.local/lib/python3.8/site-packages/airflow/example_dags/example_xcomargs.py for tasks to queue
[2023-08-31T15:28:09.198+0000] {logging_mixin.py:151} INFO - [2023-08-31T15:28:09.198+0000] {dagbag.py:539} INFO - Filling up the DagBag from /home/airflow/.local/lib/python3.8/site-packages/airflow/example_dags/example_xcomargs.py
[2023-08-31T15:28:09.204+0000] {processor.py:839} INFO - DAG(s) dict_keys(['example_xcom_args_with_operators', 'example_xcom_args']) retrieved from /home/airflow/.local/lib/python3.8/site-packages/airflow/example_dags/example_xcomargs.py
[2023-08-31T15:28:09.222+0000] {logging_mixin.py:151} INFO - [2023-08-31T15:28:09.222+0000] {dag.py:2907} INFO - Sync 2 DAGs
[2023-08-31T15:28:09.230+0000] {logging_mixin.py:151} INFO - [2023-08-31T15:28:09.230+0000] {dag.py:3677} INFO - Setting next_dagrun for example_xcom_args to None, run_after=None
[2023-08-31T15:28:09.233+0000] {logging_mixin.py:151} INFO - [2023-08-31T15:28:09.233+0000] {dag.py:3677} INFO - Setting next_dagrun for example_xcom_args_with_operators to None, run_after=None
[2023-08-31T15:28:09.242+0000] {processor.py:179} INFO - Processing /home/airflow/.local/lib/python3.8/site-packages/airflow/example_dags/example_xcomargs.py took 0.049 seconds
[2023-08-31T15:28:39.551+0000] {processor.py:157} INFO - Started process (PID=6012) to work on /home/airflow/.local/lib/python3.8/site-packages/airflow/example_dags/example_xcomargs.py
[2023-08-31T15:28:39.552+0000] {processor.py:829} INFO - Processing file /home/airflow/.local/lib/python3.8/site-packages/airflow/example_dags/example_xcomargs.py for tasks to queue
[2023-08-31T15:28:39.553+0000] {logging_mixin.py:151} INFO - [2023-08-31T15:28:39.553+0000] {dagbag.py:539} INFO - Filling up the DagBag from /home/airflow/.local/lib/python3.8/site-packages/airflow/example_dags/example_xcomargs.py
[2023-08-31T15:28:39.559+0000] {processor.py:839} INFO - DAG(s) dict_keys(['example_xcom_args', 'example_xcom_args_with_operators']) retrieved from /home/airflow/.local/lib/python3.8/site-packages/airflow/example_dags/example_xcomargs.py
[2023-08-31T15:28:39.577+0000] {logging_mixin.py:151} INFO - [2023-08-31T15:28:39.577+0000] {dag.py:2907} INFO - Sync 2 DAGs
[2023-08-31T15:28:39.585+0000] {logging_mixin.py:151} INFO - [2023-08-31T15:28:39.584+0000] {dag.py:3677} INFO - Setting next_dagrun for example_xcom_args to None, run_after=None
[2023-08-31T15:28:39.587+0000] {logging_mixin.py:151} INFO - [2023-08-31T15:28:39.587+0000] {dag.py:3677} INFO - Setting next_dagrun for example_xcom_args_with_operators to None, run_after=None
[2023-08-31T15:28:39.597+0000] {processor.py:179} INFO - Processing /home/airflow/.local/lib/python3.8/site-packages/airflow/example_dags/example_xcomargs.py took 0.048 seconds
[2023-08-31T15:29:09.865+0000] {processor.py:157} INFO - Started process (PID=6254) to work on /home/airflow/.local/lib/python3.8/site-packages/airflow/example_dags/example_xcomargs.py
[2023-08-31T15:29:09.866+0000] {processor.py:829} INFO - Processing file /home/airflow/.local/lib/python3.8/site-packages/airflow/example_dags/example_xcomargs.py for tasks to queue
[2023-08-31T15:29:09.867+0000] {logging_mixin.py:151} INFO - [2023-08-31T15:29:09.867+0000] {dagbag.py:539} INFO - Filling up the DagBag from /home/airflow/.local/lib/python3.8/site-packages/airflow/example_dags/example_xcomargs.py
[2023-08-31T15:29:09.873+0000] {processor.py:839} INFO - DAG(s) dict_keys(['example_xcom_args', 'example_xcom_args_with_operators']) retrieved from /home/airflow/.local/lib/python3.8/site-packages/airflow/example_dags/example_xcomargs.py
[2023-08-31T15:29:09.890+0000] {logging_mixin.py:151} INFO - [2023-08-31T15:29:09.889+0000] {dag.py:2907} INFO - Sync 2 DAGs
[2023-08-31T15:29:09.899+0000] {logging_mixin.py:151} INFO - [2023-08-31T15:29:09.899+0000] {dag.py:3677} INFO - Setting next_dagrun for example_xcom_args to None, run_after=None
[2023-08-31T15:29:09.902+0000] {logging_mixin.py:151} INFO - [2023-08-31T15:29:09.902+0000] {dag.py:3677} INFO - Setting next_dagrun for example_xcom_args_with_operators to None, run_after=None
[2023-08-31T15:29:09.912+0000] {processor.py:179} INFO - Processing /home/airflow/.local/lib/python3.8/site-packages/airflow/example_dags/example_xcomargs.py took 0.049 seconds
[2023-08-31T15:29:40.233+0000] {processor.py:157} INFO - Started process (PID=6494) to work on /home/airflow/.local/lib/python3.8/site-packages/airflow/example_dags/example_xcomargs.py
[2023-08-31T15:29:40.234+0000] {processor.py:829} INFO - Processing file /home/airflow/.local/lib/python3.8/site-packages/airflow/example_dags/example_xcomargs.py for tasks to queue
[2023-08-31T15:29:40.236+0000] {logging_mixin.py:151} INFO - [2023-08-31T15:29:40.235+0000] {dagbag.py:539} INFO - Filling up the DagBag from /home/airflow/.local/lib/python3.8/site-packages/airflow/example_dags/example_xcomargs.py
[2023-08-31T15:29:40.242+0000] {processor.py:839} INFO - DAG(s) dict_keys(['example_xcom_args_with_operators', 'example_xcom_args']) retrieved from /home/airflow/.local/lib/python3.8/site-packages/airflow/example_dags/example_xcomargs.py
[2023-08-31T15:29:40.259+0000] {logging_mixin.py:151} INFO - [2023-08-31T15:29:40.258+0000] {dag.py:2907} INFO - Sync 2 DAGs
[2023-08-31T15:29:40.267+0000] {logging_mixin.py:151} INFO - [2023-08-31T15:29:40.267+0000] {dag.py:3677} INFO - Setting next_dagrun for example_xcom_args to None, run_after=None
[2023-08-31T15:29:40.270+0000] {logging_mixin.py:151} INFO - [2023-08-31T15:29:40.270+0000] {dag.py:3677} INFO - Setting next_dagrun for example_xcom_args_with_operators to None, run_after=None
[2023-08-31T15:29:40.279+0000] {processor.py:179} INFO - Processing /home/airflow/.local/lib/python3.8/site-packages/airflow/example_dags/example_xcomargs.py took 0.048 seconds
[2023-08-31T15:30:10.445+0000] {processor.py:157} INFO - Started process (PID=6734) to work on /home/airflow/.local/lib/python3.8/site-packages/airflow/example_dags/example_xcomargs.py
[2023-08-31T15:30:10.447+0000] {processor.py:829} INFO - Processing file /home/airflow/.local/lib/python3.8/site-packages/airflow/example_dags/example_xcomargs.py for tasks to queue
[2023-08-31T15:30:10.448+0000] {logging_mixin.py:151} INFO - [2023-08-31T15:30:10.447+0000] {dagbag.py:539} INFO - Filling up the DagBag from /home/airflow/.local/lib/python3.8/site-packages/airflow/example_dags/example_xcomargs.py
[2023-08-31T15:30:10.454+0000] {processor.py:839} INFO - DAG(s) dict_keys(['example_xcom_args', 'example_xcom_args_with_operators']) retrieved from /home/airflow/.local/lib/python3.8/site-packages/airflow/example_dags/example_xcomargs.py
[2023-08-31T15:30:10.470+0000] {logging_mixin.py:151} INFO - [2023-08-31T15:30:10.470+0000] {dag.py:2907} INFO - Sync 2 DAGs
[2023-08-31T15:30:10.478+0000] {logging_mixin.py:151} INFO - [2023-08-31T15:30:10.478+0000] {dag.py:3677} INFO - Setting next_dagrun for example_xcom_args to None, run_after=None
[2023-08-31T15:30:10.481+0000] {logging_mixin.py:151} INFO - [2023-08-31T15:30:10.481+0000] {dag.py:3677} INFO - Setting next_dagrun for example_xcom_args_with_operators to None, run_after=None
[2023-08-31T15:30:10.490+0000] {processor.py:179} INFO - Processing /home/airflow/.local/lib/python3.8/site-packages/airflow/example_dags/example_xcomargs.py took 0.047 seconds
[2023-08-31T15:30:40.687+0000] {processor.py:157} INFO - Started process (PID=6975) to work on /home/airflow/.local/lib/python3.8/site-packages/airflow/example_dags/example_xcomargs.py
[2023-08-31T15:30:40.688+0000] {processor.py:829} INFO - Processing file /home/airflow/.local/lib/python3.8/site-packages/airflow/example_dags/example_xcomargs.py for tasks to queue
[2023-08-31T15:30:40.689+0000] {logging_mixin.py:151} INFO - [2023-08-31T15:30:40.689+0000] {dagbag.py:539} INFO - Filling up the DagBag from /home/airflow/.local/lib/python3.8/site-packages/airflow/example_dags/example_xcomargs.py
[2023-08-31T15:30:40.694+0000] {processor.py:839} INFO - DAG(s) dict_keys(['example_xcom_args_with_operators', 'example_xcom_args']) retrieved from /home/airflow/.local/lib/python3.8/site-packages/airflow/example_dags/example_xcomargs.py
[2023-08-31T15:30:40.709+0000] {logging_mixin.py:151} INFO - [2023-08-31T15:30:40.709+0000] {dag.py:2907} INFO - Sync 2 DAGs
[2023-08-31T15:30:40.717+0000] {logging_mixin.py:151} INFO - [2023-08-31T15:30:40.717+0000] {dag.py:3677} INFO - Setting next_dagrun for example_xcom_args to None, run_after=None
[2023-08-31T15:30:40.720+0000] {logging_mixin.py:151} INFO - [2023-08-31T15:30:40.720+0000] {dag.py:3677} INFO - Setting next_dagrun for example_xcom_args_with_operators to None, run_after=None
[2023-08-31T15:30:40.728+0000] {processor.py:179} INFO - Processing /home/airflow/.local/lib/python3.8/site-packages/airflow/example_dags/example_xcomargs.py took 0.044 seconds
[2023-08-31T15:31:11.092+0000] {processor.py:157} INFO - Started process (PID=7214) to work on /home/airflow/.local/lib/python3.8/site-packages/airflow/example_dags/example_xcomargs.py
[2023-08-31T15:31:11.094+0000] {processor.py:829} INFO - Processing file /home/airflow/.local/lib/python3.8/site-packages/airflow/example_dags/example_xcomargs.py for tasks to queue
[2023-08-31T15:31:11.095+0000] {logging_mixin.py:151} INFO - [2023-08-31T15:31:11.095+0000] {dagbag.py:539} INFO - Filling up the DagBag from /home/airflow/.local/lib/python3.8/site-packages/airflow/example_dags/example_xcomargs.py
[2023-08-31T15:31:11.102+0000] {processor.py:839} INFO - DAG(s) dict_keys(['example_xcom_args', 'example_xcom_args_with_operators']) retrieved from /home/airflow/.local/lib/python3.8/site-packages/airflow/example_dags/example_xcomargs.py
[2023-08-31T15:31:11.118+0000] {logging_mixin.py:151} INFO - [2023-08-31T15:31:11.118+0000] {dag.py:2907} INFO - Sync 2 DAGs
[2023-08-31T15:31:11.126+0000] {logging_mixin.py:151} INFO - [2023-08-31T15:31:11.126+0000] {dag.py:3677} INFO - Setting next_dagrun for example_xcom_args to None, run_after=None
[2023-08-31T15:31:11.128+0000] {logging_mixin.py:151} INFO - [2023-08-31T15:31:11.128+0000] {dag.py:3677} INFO - Setting next_dagrun for example_xcom_args_with_operators to None, run_after=None
[2023-08-31T15:31:11.138+0000] {processor.py:179} INFO - Processing /home/airflow/.local/lib/python3.8/site-packages/airflow/example_dags/example_xcomargs.py took 0.048 seconds
[2023-08-31T15:31:41.554+0000] {processor.py:157} INFO - Started process (PID=7453) to work on /home/airflow/.local/lib/python3.8/site-packages/airflow/example_dags/example_xcomargs.py
[2023-08-31T15:31:41.555+0000] {processor.py:829} INFO - Processing file /home/airflow/.local/lib/python3.8/site-packages/airflow/example_dags/example_xcomargs.py for tasks to queue
[2023-08-31T15:31:41.556+0000] {logging_mixin.py:151} INFO - [2023-08-31T15:31:41.556+0000] {dagbag.py:539} INFO - Filling up the DagBag from /home/airflow/.local/lib/python3.8/site-packages/airflow/example_dags/example_xcomargs.py
[2023-08-31T15:31:41.562+0000] {processor.py:839} INFO - DAG(s) dict_keys(['example_xcom_args', 'example_xcom_args_with_operators']) retrieved from /home/airflow/.local/lib/python3.8/site-packages/airflow/example_dags/example_xcomargs.py
[2023-08-31T15:31:41.577+0000] {logging_mixin.py:151} INFO - [2023-08-31T15:31:41.577+0000] {dag.py:2907} INFO - Sync 2 DAGs
[2023-08-31T15:31:41.585+0000] {logging_mixin.py:151} INFO - [2023-08-31T15:31:41.585+0000] {dag.py:3677} INFO - Setting next_dagrun for example_xcom_args to None, run_after=None
[2023-08-31T15:31:41.587+0000] {logging_mixin.py:151} INFO - [2023-08-31T15:31:41.587+0000] {dag.py:3677} INFO - Setting next_dagrun for example_xcom_args_with_operators to None, run_after=None
[2023-08-31T15:31:41.596+0000] {processor.py:179} INFO - Processing /home/airflow/.local/lib/python3.8/site-packages/airflow/example_dags/example_xcomargs.py took 0.044 seconds
[2023-08-31T15:32:11.942+0000] {processor.py:157} INFO - Started process (PID=7692) to work on /home/airflow/.local/lib/python3.8/site-packages/airflow/example_dags/example_xcomargs.py
[2023-08-31T15:32:11.943+0000] {processor.py:829} INFO - Processing file /home/airflow/.local/lib/python3.8/site-packages/airflow/example_dags/example_xcomargs.py for tasks to queue
[2023-08-31T15:32:11.944+0000] {logging_mixin.py:151} INFO - [2023-08-31T15:32:11.944+0000] {dagbag.py:539} INFO - Filling up the DagBag from /home/airflow/.local/lib/python3.8/site-packages/airflow/example_dags/example_xcomargs.py
[2023-08-31T15:32:11.950+0000] {processor.py:839} INFO - DAG(s) dict_keys(['example_xcom_args_with_operators', 'example_xcom_args']) retrieved from /home/airflow/.local/lib/python3.8/site-packages/airflow/example_dags/example_xcomargs.py
[2023-08-31T15:32:11.967+0000] {logging_mixin.py:151} INFO - [2023-08-31T15:32:11.966+0000] {dag.py:2907} INFO - Sync 2 DAGs
[2023-08-31T15:32:11.975+0000] {logging_mixin.py:151} INFO - [2023-08-31T15:32:11.975+0000] {dag.py:3677} INFO - Setting next_dagrun for example_xcom_args to None, run_after=None
[2023-08-31T15:32:11.977+0000] {logging_mixin.py:151} INFO - [2023-08-31T15:32:11.977+0000] {dag.py:3677} INFO - Setting next_dagrun for example_xcom_args_with_operators to None, run_after=None
[2023-08-31T15:32:11.987+0000] {processor.py:179} INFO - Processing /home/airflow/.local/lib/python3.8/site-packages/airflow/example_dags/example_xcomargs.py took 0.047 seconds
[2023-08-31T15:32:42.335+0000] {processor.py:157} INFO - Started process (PID=7932) to work on /home/airflow/.local/lib/python3.8/site-packages/airflow/example_dags/example_xcomargs.py
[2023-08-31T15:32:42.337+0000] {processor.py:829} INFO - Processing file /home/airflow/.local/lib/python3.8/site-packages/airflow/example_dags/example_xcomargs.py for tasks to queue
[2023-08-31T15:32:42.338+0000] {logging_mixin.py:151} INFO - [2023-08-31T15:32:42.338+0000] {dagbag.py:539} INFO - Filling up the DagBag from /home/airflow/.local/lib/python3.8/site-packages/airflow/example_dags/example_xcomargs.py
[2023-08-31T15:32:42.344+0000] {processor.py:839} INFO - DAG(s) dict_keys(['example_xcom_args_with_operators', 'example_xcom_args']) retrieved from /home/airflow/.local/lib/python3.8/site-packages/airflow/example_dags/example_xcomargs.py
[2023-08-31T15:32:42.361+0000] {logging_mixin.py:151} INFO - [2023-08-31T15:32:42.361+0000] {dag.py:2907} INFO - Sync 2 DAGs
[2023-08-31T15:32:42.370+0000] {logging_mixin.py:151} INFO - [2023-08-31T15:32:42.370+0000] {dag.py:3677} INFO - Setting next_dagrun for example_xcom_args to None, run_after=None
[2023-08-31T15:32:42.373+0000] {logging_mixin.py:151} INFO - [2023-08-31T15:32:42.373+0000] {dag.py:3677} INFO - Setting next_dagrun for example_xcom_args_with_operators to None, run_after=None
[2023-08-31T15:32:42.381+0000] {processor.py:179} INFO - Processing /home/airflow/.local/lib/python3.8/site-packages/airflow/example_dags/example_xcomargs.py took 0.048 seconds
[2023-08-31T15:33:12.795+0000] {processor.py:157} INFO - Started process (PID=8171) to work on /home/airflow/.local/lib/python3.8/site-packages/airflow/example_dags/example_xcomargs.py
[2023-08-31T15:33:12.796+0000] {processor.py:829} INFO - Processing file /home/airflow/.local/lib/python3.8/site-packages/airflow/example_dags/example_xcomargs.py for tasks to queue
[2023-08-31T15:33:12.797+0000] {logging_mixin.py:151} INFO - [2023-08-31T15:33:12.797+0000] {dagbag.py:539} INFO - Filling up the DagBag from /home/airflow/.local/lib/python3.8/site-packages/airflow/example_dags/example_xcomargs.py
[2023-08-31T15:33:12.803+0000] {processor.py:839} INFO - DAG(s) dict_keys(['example_xcom_args_with_operators', 'example_xcom_args']) retrieved from /home/airflow/.local/lib/python3.8/site-packages/airflow/example_dags/example_xcomargs.py
[2023-08-31T15:33:12.818+0000] {logging_mixin.py:151} INFO - [2023-08-31T15:33:12.818+0000] {dag.py:2907} INFO - Sync 2 DAGs
[2023-08-31T15:33:12.826+0000] {logging_mixin.py:151} INFO - [2023-08-31T15:33:12.826+0000] {dag.py:3677} INFO - Setting next_dagrun for example_xcom_args to None, run_after=None
[2023-08-31T15:33:12.828+0000] {logging_mixin.py:151} INFO - [2023-08-31T15:33:12.828+0000] {dag.py:3677} INFO - Setting next_dagrun for example_xcom_args_with_operators to None, run_after=None
[2023-08-31T15:33:12.836+0000] {processor.py:179} INFO - Processing /home/airflow/.local/lib/python3.8/site-packages/airflow/example_dags/example_xcomargs.py took 0.044 seconds
[2023-08-31T15:33:43.199+0000] {processor.py:157} INFO - Started process (PID=8411) to work on /home/airflow/.local/lib/python3.8/site-packages/airflow/example_dags/example_xcomargs.py
[2023-08-31T15:33:43.200+0000] {processor.py:829} INFO - Processing file /home/airflow/.local/lib/python3.8/site-packages/airflow/example_dags/example_xcomargs.py for tasks to queue
[2023-08-31T15:33:43.201+0000] {logging_mixin.py:151} INFO - [2023-08-31T15:33:43.201+0000] {dagbag.py:539} INFO - Filling up the DagBag from /home/airflow/.local/lib/python3.8/site-packages/airflow/example_dags/example_xcomargs.py
[2023-08-31T15:33:43.207+0000] {processor.py:839} INFO - DAG(s) dict_keys(['example_xcom_args_with_operators', 'example_xcom_args']) retrieved from /home/airflow/.local/lib/python3.8/site-packages/airflow/example_dags/example_xcomargs.py
[2023-08-31T15:33:43.224+0000] {logging_mixin.py:151} INFO - [2023-08-31T15:33:43.224+0000] {dag.py:2907} INFO - Sync 2 DAGs
[2023-08-31T15:33:43.235+0000] {logging_mixin.py:151} INFO - [2023-08-31T15:33:43.235+0000] {dag.py:3677} INFO - Setting next_dagrun for example_xcom_args to None, run_after=None
[2023-08-31T15:33:43.238+0000] {logging_mixin.py:151} INFO - [2023-08-31T15:33:43.238+0000] {dag.py:3677} INFO - Setting next_dagrun for example_xcom_args_with_operators to None, run_after=None
[2023-08-31T15:33:43.248+0000] {processor.py:179} INFO - Processing /home/airflow/.local/lib/python3.8/site-packages/airflow/example_dags/example_xcomargs.py took 0.053 seconds
[2023-08-31T15:34:13.769+0000] {processor.py:157} INFO - Started process (PID=8652) to work on /home/airflow/.local/lib/python3.8/site-packages/airflow/example_dags/example_xcomargs.py
[2023-08-31T15:34:13.770+0000] {processor.py:829} INFO - Processing file /home/airflow/.local/lib/python3.8/site-packages/airflow/example_dags/example_xcomargs.py for tasks to queue
[2023-08-31T15:34:13.772+0000] {logging_mixin.py:151} INFO - [2023-08-31T15:34:13.771+0000] {dagbag.py:539} INFO - Filling up the DagBag from /home/airflow/.local/lib/python3.8/site-packages/airflow/example_dags/example_xcomargs.py
[2023-08-31T15:34:13.777+0000] {processor.py:839} INFO - DAG(s) dict_keys(['example_xcom_args', 'example_xcom_args_with_operators']) retrieved from /home/airflow/.local/lib/python3.8/site-packages/airflow/example_dags/example_xcomargs.py
[2023-08-31T15:34:13.792+0000] {logging_mixin.py:151} INFO - [2023-08-31T15:34:13.792+0000] {dag.py:2907} INFO - Sync 2 DAGs
[2023-08-31T15:34:13.800+0000] {logging_mixin.py:151} INFO - [2023-08-31T15:34:13.800+0000] {dag.py:3677} INFO - Setting next_dagrun for example_xcom_args to None, run_after=None
[2023-08-31T15:34:13.803+0000] {logging_mixin.py:151} INFO - [2023-08-31T15:34:13.803+0000] {dag.py:3677} INFO - Setting next_dagrun for example_xcom_args_with_operators to None, run_after=None
[2023-08-31T15:34:13.811+0000] {processor.py:179} INFO - Processing /home/airflow/.local/lib/python3.8/site-packages/airflow/example_dags/example_xcomargs.py took 0.045 seconds
[2023-08-31T15:34:44.176+0000] {processor.py:157} INFO - Started process (PID=8892) to work on /home/airflow/.local/lib/python3.8/site-packages/airflow/example_dags/example_xcomargs.py
[2023-08-31T15:34:44.177+0000] {processor.py:829} INFO - Processing file /home/airflow/.local/lib/python3.8/site-packages/airflow/example_dags/example_xcomargs.py for tasks to queue
[2023-08-31T15:34:44.179+0000] {logging_mixin.py:151} INFO - [2023-08-31T15:34:44.178+0000] {dagbag.py:539} INFO - Filling up the DagBag from /home/airflow/.local/lib/python3.8/site-packages/airflow/example_dags/example_xcomargs.py
[2023-08-31T15:34:44.185+0000] {processor.py:839} INFO - DAG(s) dict_keys(['example_xcom_args', 'example_xcom_args_with_operators']) retrieved from /home/airflow/.local/lib/python3.8/site-packages/airflow/example_dags/example_xcomargs.py
[2023-08-31T15:34:44.202+0000] {logging_mixin.py:151} INFO - [2023-08-31T15:34:44.202+0000] {dag.py:2907} INFO - Sync 2 DAGs
[2023-08-31T15:34:44.210+0000] {logging_mixin.py:151} INFO - [2023-08-31T15:34:44.210+0000] {dag.py:3677} INFO - Setting next_dagrun for example_xcom_args to None, run_after=None
[2023-08-31T15:34:44.213+0000] {logging_mixin.py:151} INFO - [2023-08-31T15:34:44.213+0000] {dag.py:3677} INFO - Setting next_dagrun for example_xcom_args_with_operators to None, run_after=None
[2023-08-31T15:34:44.224+0000] {processor.py:179} INFO - Processing /home/airflow/.local/lib/python3.8/site-packages/airflow/example_dags/example_xcomargs.py took 0.050 seconds
[2023-08-31T15:35:14.558+0000] {processor.py:157} INFO - Started process (PID=9134) to work on /home/airflow/.local/lib/python3.8/site-packages/airflow/example_dags/example_xcomargs.py
[2023-08-31T15:35:14.559+0000] {processor.py:829} INFO - Processing file /home/airflow/.local/lib/python3.8/site-packages/airflow/example_dags/example_xcomargs.py for tasks to queue
[2023-08-31T15:35:14.560+0000] {logging_mixin.py:151} INFO - [2023-08-31T15:35:14.559+0000] {dagbag.py:539} INFO - Filling up the DagBag from /home/airflow/.local/lib/python3.8/site-packages/airflow/example_dags/example_xcomargs.py
[2023-08-31T15:35:14.565+0000] {processor.py:839} INFO - DAG(s) dict_keys(['example_xcom_args_with_operators', 'example_xcom_args']) retrieved from /home/airflow/.local/lib/python3.8/site-packages/airflow/example_dags/example_xcomargs.py
[2023-08-31T15:35:14.580+0000] {logging_mixin.py:151} INFO - [2023-08-31T15:35:14.580+0000] {dag.py:2907} INFO - Sync 2 DAGs
[2023-08-31T15:35:14.588+0000] {logging_mixin.py:151} INFO - [2023-08-31T15:35:14.588+0000] {dag.py:3677} INFO - Setting next_dagrun for example_xcom_args to None, run_after=None
[2023-08-31T15:35:14.591+0000] {logging_mixin.py:151} INFO - [2023-08-31T15:35:14.590+0000] {dag.py:3677} INFO - Setting next_dagrun for example_xcom_args_with_operators to None, run_after=None
[2023-08-31T15:35:14.600+0000] {processor.py:179} INFO - Processing /home/airflow/.local/lib/python3.8/site-packages/airflow/example_dags/example_xcomargs.py took 0.044 seconds
[2023-08-31T15:35:44.926+0000] {processor.py:157} INFO - Started process (PID=9375) to work on /home/airflow/.local/lib/python3.8/site-packages/airflow/example_dags/example_xcomargs.py
[2023-08-31T15:35:44.927+0000] {processor.py:829} INFO - Processing file /home/airflow/.local/lib/python3.8/site-packages/airflow/example_dags/example_xcomargs.py for tasks to queue
[2023-08-31T15:35:44.929+0000] {logging_mixin.py:151} INFO - [2023-08-31T15:35:44.928+0000] {dagbag.py:539} INFO - Filling up the DagBag from /home/airflow/.local/lib/python3.8/site-packages/airflow/example_dags/example_xcomargs.py
[2023-08-31T15:35:44.935+0000] {processor.py:839} INFO - DAG(s) dict_keys(['example_xcom_args', 'example_xcom_args_with_operators']) retrieved from /home/airflow/.local/lib/python3.8/site-packages/airflow/example_dags/example_xcomargs.py
[2023-08-31T15:35:44.950+0000] {logging_mixin.py:151} INFO - [2023-08-31T15:35:44.950+0000] {dag.py:2907} INFO - Sync 2 DAGs
[2023-08-31T15:35:44.958+0000] {logging_mixin.py:151} INFO - [2023-08-31T15:35:44.958+0000] {dag.py:3677} INFO - Setting next_dagrun for example_xcom_args to None, run_after=None
[2023-08-31T15:35:44.960+0000] {logging_mixin.py:151} INFO - [2023-08-31T15:35:44.960+0000] {dag.py:3677} INFO - Setting next_dagrun for example_xcom_args_with_operators to None, run_after=None
[2023-08-31T15:35:44.969+0000] {processor.py:179} INFO - Processing /home/airflow/.local/lib/python3.8/site-packages/airflow/example_dags/example_xcomargs.py took 0.045 seconds
[2023-08-31T15:36:15.285+0000] {processor.py:157} INFO - Started process (PID=9614) to work on /home/airflow/.local/lib/python3.8/site-packages/airflow/example_dags/example_xcomargs.py
[2023-08-31T15:36:15.287+0000] {processor.py:829} INFO - Processing file /home/airflow/.local/lib/python3.8/site-packages/airflow/example_dags/example_xcomargs.py for tasks to queue
[2023-08-31T15:36:15.288+0000] {logging_mixin.py:151} INFO - [2023-08-31T15:36:15.287+0000] {dagbag.py:539} INFO - Filling up the DagBag from /home/airflow/.local/lib/python3.8/site-packages/airflow/example_dags/example_xcomargs.py
[2023-08-31T15:36:15.293+0000] {processor.py:839} INFO - DAG(s) dict_keys(['example_xcom_args', 'example_xcom_args_with_operators']) retrieved from /home/airflow/.local/lib/python3.8/site-packages/airflow/example_dags/example_xcomargs.py
[2023-08-31T15:36:15.308+0000] {logging_mixin.py:151} INFO - [2023-08-31T15:36:15.308+0000] {dag.py:2907} INFO - Sync 2 DAGs
[2023-08-31T15:36:15.315+0000] {logging_mixin.py:151} INFO - [2023-08-31T15:36:15.315+0000] {dag.py:3677} INFO - Setting next_dagrun for example_xcom_args to None, run_after=None
[2023-08-31T15:36:15.318+0000] {logging_mixin.py:151} INFO - [2023-08-31T15:36:15.318+0000] {dag.py:3677} INFO - Setting next_dagrun for example_xcom_args_with_operators to None, run_after=None
[2023-08-31T15:36:15.326+0000] {processor.py:179} INFO - Processing /home/airflow/.local/lib/python3.8/site-packages/airflow/example_dags/example_xcomargs.py took 0.043 seconds
[2023-08-31T15:36:45.609+0000] {processor.py:157} INFO - Started process (PID=9854) to work on /home/airflow/.local/lib/python3.8/site-packages/airflow/example_dags/example_xcomargs.py
[2023-08-31T15:36:45.610+0000] {processor.py:829} INFO - Processing file /home/airflow/.local/lib/python3.8/site-packages/airflow/example_dags/example_xcomargs.py for tasks to queue
[2023-08-31T15:36:45.611+0000] {logging_mixin.py:151} INFO - [2023-08-31T15:36:45.611+0000] {dagbag.py:539} INFO - Filling up the DagBag from /home/airflow/.local/lib/python3.8/site-packages/airflow/example_dags/example_xcomargs.py
[2023-08-31T15:36:45.616+0000] {processor.py:839} INFO - DAG(s) dict_keys(['example_xcom_args_with_operators', 'example_xcom_args']) retrieved from /home/airflow/.local/lib/python3.8/site-packages/airflow/example_dags/example_xcomargs.py
[2023-08-31T15:36:45.632+0000] {logging_mixin.py:151} INFO - [2023-08-31T15:36:45.631+0000] {dag.py:2907} INFO - Sync 2 DAGs
[2023-08-31T15:36:45.639+0000] {logging_mixin.py:151} INFO - [2023-08-31T15:36:45.639+0000] {dag.py:3677} INFO - Setting next_dagrun for example_xcom_args to None, run_after=None
[2023-08-31T15:36:45.642+0000] {logging_mixin.py:151} INFO - [2023-08-31T15:36:45.642+0000] {dag.py:3677} INFO - Setting next_dagrun for example_xcom_args_with_operators to None, run_after=None
[2023-08-31T15:36:45.651+0000] {processor.py:179} INFO - Processing /home/airflow/.local/lib/python3.8/site-packages/airflow/example_dags/example_xcomargs.py took 0.044 seconds
[2023-08-31T15:37:15.934+0000] {processor.py:157} INFO - Started process (PID=10093) to work on /home/airflow/.local/lib/python3.8/site-packages/airflow/example_dags/example_xcomargs.py
[2023-08-31T15:37:15.935+0000] {processor.py:829} INFO - Processing file /home/airflow/.local/lib/python3.8/site-packages/airflow/example_dags/example_xcomargs.py for tasks to queue
[2023-08-31T15:37:15.937+0000] {logging_mixin.py:151} INFO - [2023-08-31T15:37:15.936+0000] {dagbag.py:539} INFO - Filling up the DagBag from /home/airflow/.local/lib/python3.8/site-packages/airflow/example_dags/example_xcomargs.py
[2023-08-31T15:37:15.942+0000] {processor.py:839} INFO - DAG(s) dict_keys(['example_xcom_args', 'example_xcom_args_with_operators']) retrieved from /home/airflow/.local/lib/python3.8/site-packages/airflow/example_dags/example_xcomargs.py
[2023-08-31T15:37:15.956+0000] {logging_mixin.py:151} INFO - [2023-08-31T15:37:15.956+0000] {dag.py:2907} INFO - Sync 2 DAGs
[2023-08-31T15:37:15.964+0000] {logging_mixin.py:151} INFO - [2023-08-31T15:37:15.964+0000] {dag.py:3677} INFO - Setting next_dagrun for example_xcom_args to None, run_after=None
[2023-08-31T15:37:15.966+0000] {logging_mixin.py:151} INFO - [2023-08-31T15:37:15.966+0000] {dag.py:3677} INFO - Setting next_dagrun for example_xcom_args_with_operators to None, run_after=None
[2023-08-31T15:37:15.974+0000] {processor.py:179} INFO - Processing /home/airflow/.local/lib/python3.8/site-packages/airflow/example_dags/example_xcomargs.py took 0.043 seconds
[2023-08-31T15:37:46.259+0000] {processor.py:157} INFO - Started process (PID=10334) to work on /home/airflow/.local/lib/python3.8/site-packages/airflow/example_dags/example_xcomargs.py
[2023-08-31T15:37:46.260+0000] {processor.py:829} INFO - Processing file /home/airflow/.local/lib/python3.8/site-packages/airflow/example_dags/example_xcomargs.py for tasks to queue
[2023-08-31T15:37:46.261+0000] {logging_mixin.py:151} INFO - [2023-08-31T15:37:46.261+0000] {dagbag.py:539} INFO - Filling up the DagBag from /home/airflow/.local/lib/python3.8/site-packages/airflow/example_dags/example_xcomargs.py
[2023-08-31T15:37:46.267+0000] {processor.py:839} INFO - DAG(s) dict_keys(['example_xcom_args_with_operators', 'example_xcom_args']) retrieved from /home/airflow/.local/lib/python3.8/site-packages/airflow/example_dags/example_xcomargs.py
[2023-08-31T15:37:46.284+0000] {logging_mixin.py:151} INFO - [2023-08-31T15:37:46.284+0000] {dag.py:2907} INFO - Sync 2 DAGs
[2023-08-31T15:37:46.292+0000] {logging_mixin.py:151} INFO - [2023-08-31T15:37:46.292+0000] {dag.py:3677} INFO - Setting next_dagrun for example_xcom_args to None, run_after=None
[2023-08-31T15:37:46.295+0000] {logging_mixin.py:151} INFO - [2023-08-31T15:37:46.295+0000] {dag.py:3677} INFO - Setting next_dagrun for example_xcom_args_with_operators to None, run_after=None
[2023-08-31T15:37:46.305+0000] {processor.py:179} INFO - Processing /home/airflow/.local/lib/python3.8/site-packages/airflow/example_dags/example_xcomargs.py took 0.048 seconds
