[2023-08-31T15:16:30.275+0000] {processor.py:157} INFO - Started process (PID=363) to work on /home/airflow/.local/lib/python3.8/site-packages/airflow/example_dags/example_external_task_marker_dag.py
[2023-08-31T15:16:30.277+0000] {processor.py:829} INFO - Processing file /home/airflow/.local/lib/python3.8/site-packages/airflow/example_dags/example_external_task_marker_dag.py for tasks to queue
[2023-08-31T15:16:30.278+0000] {logging_mixin.py:151} INFO - [2023-08-31T15:16:30.278+0000] {dagbag.py:539} INFO - Filling up the DagBag from /home/airflow/.local/lib/python3.8/site-packages/airflow/example_dags/example_external_task_marker_dag.py
[2023-08-31T15:16:30.283+0000] {processor.py:839} INFO - DAG(s) dict_keys(['example_external_task_marker_child', 'example_external_task_marker_parent']) retrieved from /home/airflow/.local/lib/python3.8/site-packages/airflow/example_dags/example_external_task_marker_dag.py
[2023-08-31T15:16:30.296+0000] {logging_mixin.py:151} INFO - [2023-08-31T15:16:30.295+0000] {dag.py:2907} INFO - Sync 2 DAGs
[2023-08-31T15:16:30.306+0000] {logging_mixin.py:151} INFO - [2023-08-31T15:16:30.306+0000] {dag.py:3677} INFO - Setting next_dagrun for example_external_task_marker_child to None, run_after=None
[2023-08-31T15:16:30.309+0000] {logging_mixin.py:151} INFO - [2023-08-31T15:16:30.309+0000] {dag.py:3677} INFO - Setting next_dagrun for example_external_task_marker_parent to None, run_after=None
[2023-08-31T15:16:30.320+0000] {processor.py:179} INFO - Processing /home/airflow/.local/lib/python3.8/site-packages/airflow/example_dags/example_external_task_marker_dag.py took 0.046 seconds
[2023-08-31T15:17:01.771+0000] {processor.py:157} INFO - Started process (PID=607) to work on /home/airflow/.local/lib/python3.8/site-packages/airflow/example_dags/example_external_task_marker_dag.py
[2023-08-31T15:17:01.772+0000] {processor.py:829} INFO - Processing file /home/airflow/.local/lib/python3.8/site-packages/airflow/example_dags/example_external_task_marker_dag.py for tasks to queue
[2023-08-31T15:17:01.773+0000] {logging_mixin.py:151} INFO - [2023-08-31T15:17:01.773+0000] {dagbag.py:539} INFO - Filling up the DagBag from /home/airflow/.local/lib/python3.8/site-packages/airflow/example_dags/example_external_task_marker_dag.py
[2023-08-31T15:17:01.778+0000] {processor.py:839} INFO - DAG(s) dict_keys(['example_external_task_marker_parent', 'example_external_task_marker_child']) retrieved from /home/airflow/.local/lib/python3.8/site-packages/airflow/example_dags/example_external_task_marker_dag.py
[2023-08-31T15:17:01.795+0000] {logging_mixin.py:151} INFO - [2023-08-31T15:17:01.795+0000] {dag.py:2907} INFO - Sync 2 DAGs
[2023-08-31T15:17:01.805+0000] {logging_mixin.py:151} INFO - [2023-08-31T15:17:01.805+0000] {dag.py:3677} INFO - Setting next_dagrun for example_external_task_marker_child to None, run_after=None
[2023-08-31T15:17:01.891+0000] {logging_mixin.py:151} INFO - [2023-08-31T15:17:01.891+0000] {dag.py:3677} INFO - Setting next_dagrun for example_external_task_marker_parent to None, run_after=None
[2023-08-31T15:17:01.901+0000] {processor.py:179} INFO - Processing /home/airflow/.local/lib/python3.8/site-packages/airflow/example_dags/example_external_task_marker_dag.py took 0.133 seconds
[2023-08-31T15:17:32.185+0000] {processor.py:157} INFO - Started process (PID=846) to work on /home/airflow/.local/lib/python3.8/site-packages/airflow/example_dags/example_external_task_marker_dag.py
[2023-08-31T15:17:32.187+0000] {processor.py:829} INFO - Processing file /home/airflow/.local/lib/python3.8/site-packages/airflow/example_dags/example_external_task_marker_dag.py for tasks to queue
[2023-08-31T15:17:32.188+0000] {logging_mixin.py:151} INFO - [2023-08-31T15:17:32.187+0000] {dagbag.py:539} INFO - Filling up the DagBag from /home/airflow/.local/lib/python3.8/site-packages/airflow/example_dags/example_external_task_marker_dag.py
[2023-08-31T15:17:32.192+0000] {processor.py:839} INFO - DAG(s) dict_keys(['example_external_task_marker_parent', 'example_external_task_marker_child']) retrieved from /home/airflow/.local/lib/python3.8/site-packages/airflow/example_dags/example_external_task_marker_dag.py
[2023-08-31T15:17:32.213+0000] {logging_mixin.py:151} INFO - [2023-08-31T15:17:32.213+0000] {dag.py:2907} INFO - Sync 2 DAGs
[2023-08-31T15:17:32.225+0000] {logging_mixin.py:151} INFO - [2023-08-31T15:17:32.224+0000] {dag.py:3677} INFO - Setting next_dagrun for example_external_task_marker_child to None, run_after=None
[2023-08-31T15:17:32.229+0000] {logging_mixin.py:151} INFO - [2023-08-31T15:17:32.229+0000] {dag.py:3677} INFO - Setting next_dagrun for example_external_task_marker_parent to None, run_after=None
[2023-08-31T15:17:32.244+0000] {processor.py:179} INFO - Processing /home/airflow/.local/lib/python3.8/site-packages/airflow/example_dags/example_external_task_marker_dag.py took 0.061 seconds
[2023-08-31T15:18:03.019+0000] {processor.py:157} INFO - Started process (PID=1085) to work on /home/airflow/.local/lib/python3.8/site-packages/airflow/example_dags/example_external_task_marker_dag.py
[2023-08-31T15:18:03.022+0000] {processor.py:829} INFO - Processing file /home/airflow/.local/lib/python3.8/site-packages/airflow/example_dags/example_external_task_marker_dag.py for tasks to queue
[2023-08-31T15:18:03.026+0000] {logging_mixin.py:151} INFO - [2023-08-31T15:18:03.025+0000] {dagbag.py:539} INFO - Filling up the DagBag from /home/airflow/.local/lib/python3.8/site-packages/airflow/example_dags/example_external_task_marker_dag.py
[2023-08-31T15:18:03.036+0000] {processor.py:839} INFO - DAG(s) dict_keys(['example_external_task_marker_child', 'example_external_task_marker_parent']) retrieved from /home/airflow/.local/lib/python3.8/site-packages/airflow/example_dags/example_external_task_marker_dag.py
[2023-08-31T15:18:03.060+0000] {logging_mixin.py:151} INFO - [2023-08-31T15:18:03.060+0000] {dag.py:2907} INFO - Sync 2 DAGs
[2023-08-31T15:18:03.070+0000] {logging_mixin.py:151} INFO - [2023-08-31T15:18:03.070+0000] {dag.py:3677} INFO - Setting next_dagrun for example_external_task_marker_child to None, run_after=None
[2023-08-31T15:18:03.073+0000] {logging_mixin.py:151} INFO - [2023-08-31T15:18:03.073+0000] {dag.py:3677} INFO - Setting next_dagrun for example_external_task_marker_parent to None, run_after=None
[2023-08-31T15:18:03.084+0000] {processor.py:179} INFO - Processing /home/airflow/.local/lib/python3.8/site-packages/airflow/example_dags/example_external_task_marker_dag.py took 0.069 seconds
[2023-08-31T15:18:33.554+0000] {processor.py:157} INFO - Started process (PID=1350) to work on /home/airflow/.local/lib/python3.8/site-packages/airflow/example_dags/example_external_task_marker_dag.py
[2023-08-31T15:18:33.556+0000] {processor.py:829} INFO - Processing file /home/airflow/.local/lib/python3.8/site-packages/airflow/example_dags/example_external_task_marker_dag.py for tasks to queue
[2023-08-31T15:18:33.557+0000] {logging_mixin.py:151} INFO - [2023-08-31T15:18:33.557+0000] {dagbag.py:539} INFO - Filling up the DagBag from /home/airflow/.local/lib/python3.8/site-packages/airflow/example_dags/example_external_task_marker_dag.py
[2023-08-31T15:18:33.561+0000] {processor.py:839} INFO - DAG(s) dict_keys(['example_external_task_marker_parent', 'example_external_task_marker_child']) retrieved from /home/airflow/.local/lib/python3.8/site-packages/airflow/example_dags/example_external_task_marker_dag.py
[2023-08-31T15:18:33.578+0000] {logging_mixin.py:151} INFO - [2023-08-31T15:18:33.578+0000] {dag.py:2907} INFO - Sync 2 DAGs
[2023-08-31T15:18:33.591+0000] {logging_mixin.py:151} INFO - [2023-08-31T15:18:33.591+0000] {dag.py:3677} INFO - Setting next_dagrun for example_external_task_marker_child to None, run_after=None
[2023-08-31T15:18:33.594+0000] {logging_mixin.py:151} INFO - [2023-08-31T15:18:33.594+0000] {dag.py:3677} INFO - Setting next_dagrun for example_external_task_marker_parent to None, run_after=None
[2023-08-31T15:18:33.603+0000] {processor.py:179} INFO - Processing /home/airflow/.local/lib/python3.8/site-packages/airflow/example_dags/example_external_task_marker_dag.py took 0.051 seconds
[2023-08-31T15:19:03.996+0000] {processor.py:157} INFO - Started process (PID=1589) to work on /home/airflow/.local/lib/python3.8/site-packages/airflow/example_dags/example_external_task_marker_dag.py
[2023-08-31T15:19:03.998+0000] {processor.py:829} INFO - Processing file /home/airflow/.local/lib/python3.8/site-packages/airflow/example_dags/example_external_task_marker_dag.py for tasks to queue
[2023-08-31T15:19:03.999+0000] {logging_mixin.py:151} INFO - [2023-08-31T15:19:03.999+0000] {dagbag.py:539} INFO - Filling up the DagBag from /home/airflow/.local/lib/python3.8/site-packages/airflow/example_dags/example_external_task_marker_dag.py
[2023-08-31T15:19:04.004+0000] {processor.py:839} INFO - DAG(s) dict_keys(['example_external_task_marker_parent', 'example_external_task_marker_child']) retrieved from /home/airflow/.local/lib/python3.8/site-packages/airflow/example_dags/example_external_task_marker_dag.py
[2023-08-31T15:19:04.020+0000] {logging_mixin.py:151} INFO - [2023-08-31T15:19:04.020+0000] {dag.py:2907} INFO - Sync 2 DAGs
[2023-08-31T15:19:04.030+0000] {logging_mixin.py:151} INFO - [2023-08-31T15:19:04.030+0000] {dag.py:3677} INFO - Setting next_dagrun for example_external_task_marker_child to None, run_after=None
[2023-08-31T15:19:04.033+0000] {logging_mixin.py:151} INFO - [2023-08-31T15:19:04.033+0000] {dag.py:3677} INFO - Setting next_dagrun for example_external_task_marker_parent to None, run_after=None
[2023-08-31T15:19:04.043+0000] {processor.py:179} INFO - Processing /home/airflow/.local/lib/python3.8/site-packages/airflow/example_dags/example_external_task_marker_dag.py took 0.050 seconds
[2023-08-31T15:19:34.357+0000] {processor.py:157} INFO - Started process (PID=1830) to work on /home/airflow/.local/lib/python3.8/site-packages/airflow/example_dags/example_external_task_marker_dag.py
[2023-08-31T15:19:34.359+0000] {processor.py:829} INFO - Processing file /home/airflow/.local/lib/python3.8/site-packages/airflow/example_dags/example_external_task_marker_dag.py for tasks to queue
[2023-08-31T15:19:34.360+0000] {logging_mixin.py:151} INFO - [2023-08-31T15:19:34.360+0000] {dagbag.py:539} INFO - Filling up the DagBag from /home/airflow/.local/lib/python3.8/site-packages/airflow/example_dags/example_external_task_marker_dag.py
[2023-08-31T15:19:34.365+0000] {processor.py:839} INFO - DAG(s) dict_keys(['example_external_task_marker_child', 'example_external_task_marker_parent']) retrieved from /home/airflow/.local/lib/python3.8/site-packages/airflow/example_dags/example_external_task_marker_dag.py
[2023-08-31T15:19:34.381+0000] {logging_mixin.py:151} INFO - [2023-08-31T15:19:34.381+0000] {dag.py:2907} INFO - Sync 2 DAGs
[2023-08-31T15:19:34.390+0000] {logging_mixin.py:151} INFO - [2023-08-31T15:19:34.390+0000] {dag.py:3677} INFO - Setting next_dagrun for example_external_task_marker_child to None, run_after=None
[2023-08-31T15:19:34.393+0000] {logging_mixin.py:151} INFO - [2023-08-31T15:19:34.393+0000] {dag.py:3677} INFO - Setting next_dagrun for example_external_task_marker_parent to None, run_after=None
[2023-08-31T15:19:34.404+0000] {processor.py:179} INFO - Processing /home/airflow/.local/lib/python3.8/site-packages/airflow/example_dags/example_external_task_marker_dag.py took 0.050 seconds
[2023-08-31T15:20:04.619+0000] {processor.py:157} INFO - Started process (PID=2070) to work on /home/airflow/.local/lib/python3.8/site-packages/airflow/example_dags/example_external_task_marker_dag.py
[2023-08-31T15:20:04.621+0000] {processor.py:829} INFO - Processing file /home/airflow/.local/lib/python3.8/site-packages/airflow/example_dags/example_external_task_marker_dag.py for tasks to queue
[2023-08-31T15:20:04.622+0000] {logging_mixin.py:151} INFO - [2023-08-31T15:20:04.622+0000] {dagbag.py:539} INFO - Filling up the DagBag from /home/airflow/.local/lib/python3.8/site-packages/airflow/example_dags/example_external_task_marker_dag.py
[2023-08-31T15:20:04.627+0000] {processor.py:839} INFO - DAG(s) dict_keys(['example_external_task_marker_child', 'example_external_task_marker_parent']) retrieved from /home/airflow/.local/lib/python3.8/site-packages/airflow/example_dags/example_external_task_marker_dag.py
[2023-08-31T15:20:04.644+0000] {logging_mixin.py:151} INFO - [2023-08-31T15:20:04.644+0000] {dag.py:2907} INFO - Sync 2 DAGs
[2023-08-31T15:20:04.654+0000] {logging_mixin.py:151} INFO - [2023-08-31T15:20:04.654+0000] {dag.py:3677} INFO - Setting next_dagrun for example_external_task_marker_child to None, run_after=None
[2023-08-31T15:20:04.656+0000] {logging_mixin.py:151} INFO - [2023-08-31T15:20:04.656+0000] {dag.py:3677} INFO - Setting next_dagrun for example_external_task_marker_parent to None, run_after=None
[2023-08-31T15:20:04.667+0000] {processor.py:179} INFO - Processing /home/airflow/.local/lib/python3.8/site-packages/airflow/example_dags/example_external_task_marker_dag.py took 0.050 seconds
[2023-08-31T15:20:35.012+0000] {processor.py:157} INFO - Started process (PID=2311) to work on /home/airflow/.local/lib/python3.8/site-packages/airflow/example_dags/example_external_task_marker_dag.py
[2023-08-31T15:20:35.013+0000] {processor.py:829} INFO - Processing file /home/airflow/.local/lib/python3.8/site-packages/airflow/example_dags/example_external_task_marker_dag.py for tasks to queue
[2023-08-31T15:20:35.014+0000] {logging_mixin.py:151} INFO - [2023-08-31T15:20:35.014+0000] {dagbag.py:539} INFO - Filling up the DagBag from /home/airflow/.local/lib/python3.8/site-packages/airflow/example_dags/example_external_task_marker_dag.py
[2023-08-31T15:20:35.019+0000] {processor.py:839} INFO - DAG(s) dict_keys(['example_external_task_marker_parent', 'example_external_task_marker_child']) retrieved from /home/airflow/.local/lib/python3.8/site-packages/airflow/example_dags/example_external_task_marker_dag.py
[2023-08-31T15:20:35.034+0000] {logging_mixin.py:151} INFO - [2023-08-31T15:20:35.034+0000] {dag.py:2907} INFO - Sync 2 DAGs
[2023-08-31T15:20:35.042+0000] {logging_mixin.py:151} INFO - [2023-08-31T15:20:35.042+0000] {dag.py:3677} INFO - Setting next_dagrun for example_external_task_marker_child to None, run_after=None
[2023-08-31T15:20:35.045+0000] {logging_mixin.py:151} INFO - [2023-08-31T15:20:35.045+0000] {dag.py:3677} INFO - Setting next_dagrun for example_external_task_marker_parent to None, run_after=None
[2023-08-31T15:20:35.054+0000] {processor.py:179} INFO - Processing /home/airflow/.local/lib/python3.8/site-packages/airflow/example_dags/example_external_task_marker_dag.py took 0.045 seconds
[2023-08-31T15:21:05.239+0000] {processor.py:157} INFO - Started process (PID=2552) to work on /home/airflow/.local/lib/python3.8/site-packages/airflow/example_dags/example_external_task_marker_dag.py
[2023-08-31T15:21:05.240+0000] {processor.py:829} INFO - Processing file /home/airflow/.local/lib/python3.8/site-packages/airflow/example_dags/example_external_task_marker_dag.py for tasks to queue
[2023-08-31T15:21:05.241+0000] {logging_mixin.py:151} INFO - [2023-08-31T15:21:05.241+0000] {dagbag.py:539} INFO - Filling up the DagBag from /home/airflow/.local/lib/python3.8/site-packages/airflow/example_dags/example_external_task_marker_dag.py
[2023-08-31T15:21:05.245+0000] {processor.py:839} INFO - DAG(s) dict_keys(['example_external_task_marker_child', 'example_external_task_marker_parent']) retrieved from /home/airflow/.local/lib/python3.8/site-packages/airflow/example_dags/example_external_task_marker_dag.py
[2023-08-31T15:21:05.262+0000] {logging_mixin.py:151} INFO - [2023-08-31T15:21:05.262+0000] {dag.py:2907} INFO - Sync 2 DAGs
[2023-08-31T15:21:05.270+0000] {logging_mixin.py:151} INFO - [2023-08-31T15:21:05.270+0000] {dag.py:3677} INFO - Setting next_dagrun for example_external_task_marker_child to None, run_after=None
[2023-08-31T15:21:05.273+0000] {logging_mixin.py:151} INFO - [2023-08-31T15:21:05.273+0000] {dag.py:3677} INFO - Setting next_dagrun for example_external_task_marker_parent to None, run_after=None
[2023-08-31T15:21:05.282+0000] {processor.py:179} INFO - Processing /home/airflow/.local/lib/python3.8/site-packages/airflow/example_dags/example_external_task_marker_dag.py took 0.045 seconds
[2023-08-31T15:21:35.543+0000] {processor.py:157} INFO - Started process (PID=2792) to work on /home/airflow/.local/lib/python3.8/site-packages/airflow/example_dags/example_external_task_marker_dag.py
[2023-08-31T15:21:35.545+0000] {processor.py:829} INFO - Processing file /home/airflow/.local/lib/python3.8/site-packages/airflow/example_dags/example_external_task_marker_dag.py for tasks to queue
[2023-08-31T15:21:35.546+0000] {logging_mixin.py:151} INFO - [2023-08-31T15:21:35.546+0000] {dagbag.py:539} INFO - Filling up the DagBag from /home/airflow/.local/lib/python3.8/site-packages/airflow/example_dags/example_external_task_marker_dag.py
[2023-08-31T15:21:35.551+0000] {processor.py:839} INFO - DAG(s) dict_keys(['example_external_task_marker_parent', 'example_external_task_marker_child']) retrieved from /home/airflow/.local/lib/python3.8/site-packages/airflow/example_dags/example_external_task_marker_dag.py
[2023-08-31T15:21:35.568+0000] {logging_mixin.py:151} INFO - [2023-08-31T15:21:35.568+0000] {dag.py:2907} INFO - Sync 2 DAGs
[2023-08-31T15:21:35.576+0000] {logging_mixin.py:151} INFO - [2023-08-31T15:21:35.576+0000] {dag.py:3677} INFO - Setting next_dagrun for example_external_task_marker_child to None, run_after=None
[2023-08-31T15:21:35.579+0000] {logging_mixin.py:151} INFO - [2023-08-31T15:21:35.579+0000] {dag.py:3677} INFO - Setting next_dagrun for example_external_task_marker_parent to None, run_after=None
[2023-08-31T15:21:35.588+0000] {processor.py:179} INFO - Processing /home/airflow/.local/lib/python3.8/site-packages/airflow/example_dags/example_external_task_marker_dag.py took 0.048 seconds
[2023-08-31T15:22:05.832+0000] {processor.py:157} INFO - Started process (PID=3032) to work on /home/airflow/.local/lib/python3.8/site-packages/airflow/example_dags/example_external_task_marker_dag.py
[2023-08-31T15:22:05.833+0000] {processor.py:829} INFO - Processing file /home/airflow/.local/lib/python3.8/site-packages/airflow/example_dags/example_external_task_marker_dag.py for tasks to queue
[2023-08-31T15:22:05.834+0000] {logging_mixin.py:151} INFO - [2023-08-31T15:22:05.834+0000] {dagbag.py:539} INFO - Filling up the DagBag from /home/airflow/.local/lib/python3.8/site-packages/airflow/example_dags/example_external_task_marker_dag.py
[2023-08-31T15:22:05.839+0000] {processor.py:839} INFO - DAG(s) dict_keys(['example_external_task_marker_parent', 'example_external_task_marker_child']) retrieved from /home/airflow/.local/lib/python3.8/site-packages/airflow/example_dags/example_external_task_marker_dag.py
[2023-08-31T15:22:05.855+0000] {logging_mixin.py:151} INFO - [2023-08-31T15:22:05.855+0000] {dag.py:2907} INFO - Sync 2 DAGs
[2023-08-31T15:22:05.863+0000] {logging_mixin.py:151} INFO - [2023-08-31T15:22:05.863+0000] {dag.py:3677} INFO - Setting next_dagrun for example_external_task_marker_child to None, run_after=None
[2023-08-31T15:22:05.866+0000] {logging_mixin.py:151} INFO - [2023-08-31T15:22:05.866+0000] {dag.py:3677} INFO - Setting next_dagrun for example_external_task_marker_parent to None, run_after=None
[2023-08-31T15:22:05.875+0000] {processor.py:179} INFO - Processing /home/airflow/.local/lib/python3.8/site-packages/airflow/example_dags/example_external_task_marker_dag.py took 0.045 seconds
[2023-08-31T15:22:36.521+0000] {processor.py:157} INFO - Started process (PID=3272) to work on /home/airflow/.local/lib/python3.8/site-packages/airflow/example_dags/example_external_task_marker_dag.py
[2023-08-31T15:22:36.523+0000] {processor.py:829} INFO - Processing file /home/airflow/.local/lib/python3.8/site-packages/airflow/example_dags/example_external_task_marker_dag.py for tasks to queue
[2023-08-31T15:22:36.524+0000] {logging_mixin.py:151} INFO - [2023-08-31T15:22:36.524+0000] {dagbag.py:539} INFO - Filling up the DagBag from /home/airflow/.local/lib/python3.8/site-packages/airflow/example_dags/example_external_task_marker_dag.py
[2023-08-31T15:22:36.529+0000] {processor.py:839} INFO - DAG(s) dict_keys(['example_external_task_marker_parent', 'example_external_task_marker_child']) retrieved from /home/airflow/.local/lib/python3.8/site-packages/airflow/example_dags/example_external_task_marker_dag.py
[2023-08-31T15:22:36.546+0000] {logging_mixin.py:151} INFO - [2023-08-31T15:22:36.545+0000] {dag.py:2907} INFO - Sync 2 DAGs
[2023-08-31T15:22:36.554+0000] {logging_mixin.py:151} INFO - [2023-08-31T15:22:36.554+0000] {dag.py:3677} INFO - Setting next_dagrun for example_external_task_marker_child to None, run_after=None
[2023-08-31T15:22:36.557+0000] {logging_mixin.py:151} INFO - [2023-08-31T15:22:36.557+0000] {dag.py:3677} INFO - Setting next_dagrun for example_external_task_marker_parent to None, run_after=None
[2023-08-31T15:22:36.567+0000] {processor.py:179} INFO - Processing /home/airflow/.local/lib/python3.8/site-packages/airflow/example_dags/example_external_task_marker_dag.py took 0.048 seconds
[2023-08-31T15:23:07.133+0000] {processor.py:157} INFO - Started process (PID=3514) to work on /home/airflow/.local/lib/python3.8/site-packages/airflow/example_dags/example_external_task_marker_dag.py
[2023-08-31T15:23:07.134+0000] {processor.py:829} INFO - Processing file /home/airflow/.local/lib/python3.8/site-packages/airflow/example_dags/example_external_task_marker_dag.py for tasks to queue
[2023-08-31T15:23:07.135+0000] {logging_mixin.py:151} INFO - [2023-08-31T15:23:07.135+0000] {dagbag.py:539} INFO - Filling up the DagBag from /home/airflow/.local/lib/python3.8/site-packages/airflow/example_dags/example_external_task_marker_dag.py
[2023-08-31T15:23:07.141+0000] {processor.py:839} INFO - DAG(s) dict_keys(['example_external_task_marker_parent', 'example_external_task_marker_child']) retrieved from /home/airflow/.local/lib/python3.8/site-packages/airflow/example_dags/example_external_task_marker_dag.py
[2023-08-31T15:23:07.159+0000] {logging_mixin.py:151} INFO - [2023-08-31T15:23:07.159+0000] {dag.py:2907} INFO - Sync 2 DAGs
[2023-08-31T15:23:07.168+0000] {logging_mixin.py:151} INFO - [2023-08-31T15:23:07.168+0000] {dag.py:3677} INFO - Setting next_dagrun for example_external_task_marker_child to None, run_after=None
[2023-08-31T15:23:07.171+0000] {logging_mixin.py:151} INFO - [2023-08-31T15:23:07.171+0000] {dag.py:3677} INFO - Setting next_dagrun for example_external_task_marker_parent to None, run_after=None
[2023-08-31T15:23:07.185+0000] {processor.py:179} INFO - Processing /home/airflow/.local/lib/python3.8/site-packages/airflow/example_dags/example_external_task_marker_dag.py took 0.055 seconds
[2023-08-31T15:23:37.542+0000] {processor.py:157} INFO - Started process (PID=3754) to work on /home/airflow/.local/lib/python3.8/site-packages/airflow/example_dags/example_external_task_marker_dag.py
[2023-08-31T15:23:37.543+0000] {processor.py:829} INFO - Processing file /home/airflow/.local/lib/python3.8/site-packages/airflow/example_dags/example_external_task_marker_dag.py for tasks to queue
[2023-08-31T15:23:37.544+0000] {logging_mixin.py:151} INFO - [2023-08-31T15:23:37.544+0000] {dagbag.py:539} INFO - Filling up the DagBag from /home/airflow/.local/lib/python3.8/site-packages/airflow/example_dags/example_external_task_marker_dag.py
[2023-08-31T15:23:37.549+0000] {processor.py:839} INFO - DAG(s) dict_keys(['example_external_task_marker_child', 'example_external_task_marker_parent']) retrieved from /home/airflow/.local/lib/python3.8/site-packages/airflow/example_dags/example_external_task_marker_dag.py
[2023-08-31T15:23:37.567+0000] {logging_mixin.py:151} INFO - [2023-08-31T15:23:37.566+0000] {dag.py:2907} INFO - Sync 2 DAGs
[2023-08-31T15:23:37.576+0000] {logging_mixin.py:151} INFO - [2023-08-31T15:23:37.575+0000] {dag.py:3677} INFO - Setting next_dagrun for example_external_task_marker_child to None, run_after=None
[2023-08-31T15:23:37.579+0000] {logging_mixin.py:151} INFO - [2023-08-31T15:23:37.579+0000] {dag.py:3677} INFO - Setting next_dagrun for example_external_task_marker_parent to None, run_after=None
[2023-08-31T15:23:37.597+0000] {processor.py:179} INFO - Processing /home/airflow/.local/lib/python3.8/site-packages/airflow/example_dags/example_external_task_marker_dag.py took 0.057 seconds
[2023-08-31T15:24:07.745+0000] {processor.py:157} INFO - Started process (PID=3996) to work on /home/airflow/.local/lib/python3.8/site-packages/airflow/example_dags/example_external_task_marker_dag.py
[2023-08-31T15:24:07.747+0000] {processor.py:829} INFO - Processing file /home/airflow/.local/lib/python3.8/site-packages/airflow/example_dags/example_external_task_marker_dag.py for tasks to queue
[2023-08-31T15:24:07.748+0000] {logging_mixin.py:151} INFO - [2023-08-31T15:24:07.748+0000] {dagbag.py:539} INFO - Filling up the DagBag from /home/airflow/.local/lib/python3.8/site-packages/airflow/example_dags/example_external_task_marker_dag.py
[2023-08-31T15:24:07.752+0000] {processor.py:839} INFO - DAG(s) dict_keys(['example_external_task_marker_child', 'example_external_task_marker_parent']) retrieved from /home/airflow/.local/lib/python3.8/site-packages/airflow/example_dags/example_external_task_marker_dag.py
[2023-08-31T15:24:07.770+0000] {logging_mixin.py:151} INFO - [2023-08-31T15:24:07.770+0000] {dag.py:2907} INFO - Sync 2 DAGs
[2023-08-31T15:24:07.778+0000] {logging_mixin.py:151} INFO - [2023-08-31T15:24:07.778+0000] {dag.py:3677} INFO - Setting next_dagrun for example_external_task_marker_child to None, run_after=None
[2023-08-31T15:24:07.781+0000] {logging_mixin.py:151} INFO - [2023-08-31T15:24:07.780+0000] {dag.py:3677} INFO - Setting next_dagrun for example_external_task_marker_parent to None, run_after=None
[2023-08-31T15:24:07.791+0000] {processor.py:179} INFO - Processing /home/airflow/.local/lib/python3.8/site-packages/airflow/example_dags/example_external_task_marker_dag.py took 0.048 seconds
[2023-08-31T15:24:38.038+0000] {processor.py:157} INFO - Started process (PID=4236) to work on /home/airflow/.local/lib/python3.8/site-packages/airflow/example_dags/example_external_task_marker_dag.py
[2023-08-31T15:24:38.039+0000] {processor.py:829} INFO - Processing file /home/airflow/.local/lib/python3.8/site-packages/airflow/example_dags/example_external_task_marker_dag.py for tasks to queue
[2023-08-31T15:24:38.041+0000] {logging_mixin.py:151} INFO - [2023-08-31T15:24:38.040+0000] {dagbag.py:539} INFO - Filling up the DagBag from /home/airflow/.local/lib/python3.8/site-packages/airflow/example_dags/example_external_task_marker_dag.py
[2023-08-31T15:24:38.045+0000] {processor.py:839} INFO - DAG(s) dict_keys(['example_external_task_marker_child', 'example_external_task_marker_parent']) retrieved from /home/airflow/.local/lib/python3.8/site-packages/airflow/example_dags/example_external_task_marker_dag.py
[2023-08-31T15:24:38.061+0000] {logging_mixin.py:151} INFO - [2023-08-31T15:24:38.061+0000] {dag.py:2907} INFO - Sync 2 DAGs
[2023-08-31T15:24:38.070+0000] {logging_mixin.py:151} INFO - [2023-08-31T15:24:38.070+0000] {dag.py:3677} INFO - Setting next_dagrun for example_external_task_marker_child to None, run_after=None
[2023-08-31T15:24:38.073+0000] {logging_mixin.py:151} INFO - [2023-08-31T15:24:38.073+0000] {dag.py:3677} INFO - Setting next_dagrun for example_external_task_marker_parent to None, run_after=None
[2023-08-31T15:24:38.083+0000] {processor.py:179} INFO - Processing /home/airflow/.local/lib/python3.8/site-packages/airflow/example_dags/example_external_task_marker_dag.py took 0.047 seconds
[2023-08-31T15:25:08.358+0000] {processor.py:157} INFO - Started process (PID=4476) to work on /home/airflow/.local/lib/python3.8/site-packages/airflow/example_dags/example_external_task_marker_dag.py
[2023-08-31T15:25:08.359+0000] {processor.py:829} INFO - Processing file /home/airflow/.local/lib/python3.8/site-packages/airflow/example_dags/example_external_task_marker_dag.py for tasks to queue
[2023-08-31T15:25:08.360+0000] {logging_mixin.py:151} INFO - [2023-08-31T15:25:08.360+0000] {dagbag.py:539} INFO - Filling up the DagBag from /home/airflow/.local/lib/python3.8/site-packages/airflow/example_dags/example_external_task_marker_dag.py
[2023-08-31T15:25:08.364+0000] {processor.py:839} INFO - DAG(s) dict_keys(['example_external_task_marker_child', 'example_external_task_marker_parent']) retrieved from /home/airflow/.local/lib/python3.8/site-packages/airflow/example_dags/example_external_task_marker_dag.py
[2023-08-31T15:25:08.381+0000] {logging_mixin.py:151} INFO - [2023-08-31T15:25:08.380+0000] {dag.py:2907} INFO - Sync 2 DAGs
[2023-08-31T15:25:08.389+0000] {logging_mixin.py:151} INFO - [2023-08-31T15:25:08.389+0000] {dag.py:3677} INFO - Setting next_dagrun for example_external_task_marker_child to None, run_after=None
[2023-08-31T15:25:08.393+0000] {logging_mixin.py:151} INFO - [2023-08-31T15:25:08.393+0000] {dag.py:3677} INFO - Setting next_dagrun for example_external_task_marker_parent to None, run_after=None
[2023-08-31T15:25:08.404+0000] {processor.py:179} INFO - Processing /home/airflow/.local/lib/python3.8/site-packages/airflow/example_dags/example_external_task_marker_dag.py took 0.049 seconds
[2023-08-31T15:25:38.617+0000] {processor.py:157} INFO - Started process (PID=4715) to work on /home/airflow/.local/lib/python3.8/site-packages/airflow/example_dags/example_external_task_marker_dag.py
[2023-08-31T15:25:38.619+0000] {processor.py:829} INFO - Processing file /home/airflow/.local/lib/python3.8/site-packages/airflow/example_dags/example_external_task_marker_dag.py for tasks to queue
[2023-08-31T15:25:38.620+0000] {logging_mixin.py:151} INFO - [2023-08-31T15:25:38.620+0000] {dagbag.py:539} INFO - Filling up the DagBag from /home/airflow/.local/lib/python3.8/site-packages/airflow/example_dags/example_external_task_marker_dag.py
[2023-08-31T15:25:38.625+0000] {processor.py:839} INFO - DAG(s) dict_keys(['example_external_task_marker_parent', 'example_external_task_marker_child']) retrieved from /home/airflow/.local/lib/python3.8/site-packages/airflow/example_dags/example_external_task_marker_dag.py
[2023-08-31T15:25:38.642+0000] {logging_mixin.py:151} INFO - [2023-08-31T15:25:38.642+0000] {dag.py:2907} INFO - Sync 2 DAGs
[2023-08-31T15:25:38.650+0000] {logging_mixin.py:151} INFO - [2023-08-31T15:25:38.650+0000] {dag.py:3677} INFO - Setting next_dagrun for example_external_task_marker_child to None, run_after=None
[2023-08-31T15:25:38.653+0000] {logging_mixin.py:151} INFO - [2023-08-31T15:25:38.653+0000] {dag.py:3677} INFO - Setting next_dagrun for example_external_task_marker_parent to None, run_after=None
[2023-08-31T15:25:38.664+0000] {processor.py:179} INFO - Processing /home/airflow/.local/lib/python3.8/site-packages/airflow/example_dags/example_external_task_marker_dag.py took 0.049 seconds
[2023-08-31T15:26:08.911+0000] {processor.py:157} INFO - Started process (PID=4956) to work on /home/airflow/.local/lib/python3.8/site-packages/airflow/example_dags/example_external_task_marker_dag.py
[2023-08-31T15:26:08.913+0000] {processor.py:829} INFO - Processing file /home/airflow/.local/lib/python3.8/site-packages/airflow/example_dags/example_external_task_marker_dag.py for tasks to queue
[2023-08-31T15:26:08.914+0000] {logging_mixin.py:151} INFO - [2023-08-31T15:26:08.914+0000] {dagbag.py:539} INFO - Filling up the DagBag from /home/airflow/.local/lib/python3.8/site-packages/airflow/example_dags/example_external_task_marker_dag.py
[2023-08-31T15:26:08.918+0000] {processor.py:839} INFO - DAG(s) dict_keys(['example_external_task_marker_child', 'example_external_task_marker_parent']) retrieved from /home/airflow/.local/lib/python3.8/site-packages/airflow/example_dags/example_external_task_marker_dag.py
[2023-08-31T15:26:08.934+0000] {logging_mixin.py:151} INFO - [2023-08-31T15:26:08.934+0000] {dag.py:2907} INFO - Sync 2 DAGs
[2023-08-31T15:26:08.942+0000] {logging_mixin.py:151} INFO - [2023-08-31T15:26:08.942+0000] {dag.py:3677} INFO - Setting next_dagrun for example_external_task_marker_child to None, run_after=None
[2023-08-31T15:26:08.944+0000] {logging_mixin.py:151} INFO - [2023-08-31T15:26:08.944+0000] {dag.py:3677} INFO - Setting next_dagrun for example_external_task_marker_parent to None, run_after=None
[2023-08-31T15:26:08.954+0000] {processor.py:179} INFO - Processing /home/airflow/.local/lib/python3.8/site-packages/airflow/example_dags/example_external_task_marker_dag.py took 0.045 seconds
[2023-08-31T15:26:39.239+0000] {processor.py:157} INFO - Started process (PID=5195) to work on /home/airflow/.local/lib/python3.8/site-packages/airflow/example_dags/example_external_task_marker_dag.py
[2023-08-31T15:26:39.240+0000] {processor.py:829} INFO - Processing file /home/airflow/.local/lib/python3.8/site-packages/airflow/example_dags/example_external_task_marker_dag.py for tasks to queue
[2023-08-31T15:26:39.242+0000] {logging_mixin.py:151} INFO - [2023-08-31T15:26:39.241+0000] {dagbag.py:539} INFO - Filling up the DagBag from /home/airflow/.local/lib/python3.8/site-packages/airflow/example_dags/example_external_task_marker_dag.py
[2023-08-31T15:26:39.246+0000] {processor.py:839} INFO - DAG(s) dict_keys(['example_external_task_marker_child', 'example_external_task_marker_parent']) retrieved from /home/airflow/.local/lib/python3.8/site-packages/airflow/example_dags/example_external_task_marker_dag.py
[2023-08-31T15:26:39.262+0000] {logging_mixin.py:151} INFO - [2023-08-31T15:26:39.262+0000] {dag.py:2907} INFO - Sync 2 DAGs
[2023-08-31T15:26:39.270+0000] {logging_mixin.py:151} INFO - [2023-08-31T15:26:39.270+0000] {dag.py:3677} INFO - Setting next_dagrun for example_external_task_marker_child to None, run_after=None
[2023-08-31T15:26:39.272+0000] {logging_mixin.py:151} INFO - [2023-08-31T15:26:39.272+0000] {dag.py:3677} INFO - Setting next_dagrun for example_external_task_marker_parent to None, run_after=None
[2023-08-31T15:26:39.282+0000] {processor.py:179} INFO - Processing /home/airflow/.local/lib/python3.8/site-packages/airflow/example_dags/example_external_task_marker_dag.py took 0.045 seconds
[2023-08-31T15:27:09.596+0000] {processor.py:157} INFO - Started process (PID=5434) to work on /home/airflow/.local/lib/python3.8/site-packages/airflow/example_dags/example_external_task_marker_dag.py
[2023-08-31T15:27:09.597+0000] {processor.py:829} INFO - Processing file /home/airflow/.local/lib/python3.8/site-packages/airflow/example_dags/example_external_task_marker_dag.py for tasks to queue
[2023-08-31T15:27:09.598+0000] {logging_mixin.py:151} INFO - [2023-08-31T15:27:09.598+0000] {dagbag.py:539} INFO - Filling up the DagBag from /home/airflow/.local/lib/python3.8/site-packages/airflow/example_dags/example_external_task_marker_dag.py
[2023-08-31T15:27:09.603+0000] {processor.py:839} INFO - DAG(s) dict_keys(['example_external_task_marker_parent', 'example_external_task_marker_child']) retrieved from /home/airflow/.local/lib/python3.8/site-packages/airflow/example_dags/example_external_task_marker_dag.py
[2023-08-31T15:27:09.620+0000] {logging_mixin.py:151} INFO - [2023-08-31T15:27:09.620+0000] {dag.py:2907} INFO - Sync 2 DAGs
[2023-08-31T15:27:09.628+0000] {logging_mixin.py:151} INFO - [2023-08-31T15:27:09.628+0000] {dag.py:3677} INFO - Setting next_dagrun for example_external_task_marker_child to None, run_after=None
[2023-08-31T15:27:09.631+0000] {logging_mixin.py:151} INFO - [2023-08-31T15:27:09.631+0000] {dag.py:3677} INFO - Setting next_dagrun for example_external_task_marker_parent to None, run_after=None
[2023-08-31T15:27:09.641+0000] {processor.py:179} INFO - Processing /home/airflow/.local/lib/python3.8/site-packages/airflow/example_dags/example_external_task_marker_dag.py took 0.047 seconds
[2023-08-31T15:27:40.069+0000] {processor.py:157} INFO - Started process (PID=5674) to work on /home/airflow/.local/lib/python3.8/site-packages/airflow/example_dags/example_external_task_marker_dag.py
[2023-08-31T15:27:40.070+0000] {processor.py:829} INFO - Processing file /home/airflow/.local/lib/python3.8/site-packages/airflow/example_dags/example_external_task_marker_dag.py for tasks to queue
[2023-08-31T15:27:40.071+0000] {logging_mixin.py:151} INFO - [2023-08-31T15:27:40.071+0000] {dagbag.py:539} INFO - Filling up the DagBag from /home/airflow/.local/lib/python3.8/site-packages/airflow/example_dags/example_external_task_marker_dag.py
[2023-08-31T15:27:40.076+0000] {processor.py:839} INFO - DAG(s) dict_keys(['example_external_task_marker_child', 'example_external_task_marker_parent']) retrieved from /home/airflow/.local/lib/python3.8/site-packages/airflow/example_dags/example_external_task_marker_dag.py
[2023-08-31T15:27:40.095+0000] {logging_mixin.py:151} INFO - [2023-08-31T15:27:40.094+0000] {dag.py:2907} INFO - Sync 2 DAGs
[2023-08-31T15:27:40.104+0000] {logging_mixin.py:151} INFO - [2023-08-31T15:27:40.104+0000] {dag.py:3677} INFO - Setting next_dagrun for example_external_task_marker_child to None, run_after=None
[2023-08-31T15:27:40.108+0000] {logging_mixin.py:151} INFO - [2023-08-31T15:27:40.108+0000] {dag.py:3677} INFO - Setting next_dagrun for example_external_task_marker_parent to None, run_after=None
[2023-08-31T15:27:40.122+0000] {processor.py:179} INFO - Processing /home/airflow/.local/lib/python3.8/site-packages/airflow/example_dags/example_external_task_marker_dag.py took 0.056 seconds
[2023-08-31T15:28:10.366+0000] {processor.py:157} INFO - Started process (PID=5916) to work on /home/airflow/.local/lib/python3.8/site-packages/airflow/example_dags/example_external_task_marker_dag.py
[2023-08-31T15:28:10.367+0000] {processor.py:829} INFO - Processing file /home/airflow/.local/lib/python3.8/site-packages/airflow/example_dags/example_external_task_marker_dag.py for tasks to queue
[2023-08-31T15:28:10.368+0000] {logging_mixin.py:151} INFO - [2023-08-31T15:28:10.368+0000] {dagbag.py:539} INFO - Filling up the DagBag from /home/airflow/.local/lib/python3.8/site-packages/airflow/example_dags/example_external_task_marker_dag.py
[2023-08-31T15:28:10.373+0000] {processor.py:839} INFO - DAG(s) dict_keys(['example_external_task_marker_child', 'example_external_task_marker_parent']) retrieved from /home/airflow/.local/lib/python3.8/site-packages/airflow/example_dags/example_external_task_marker_dag.py
[2023-08-31T15:28:10.391+0000] {logging_mixin.py:151} INFO - [2023-08-31T15:28:10.391+0000] {dag.py:2907} INFO - Sync 2 DAGs
[2023-08-31T15:28:10.399+0000] {logging_mixin.py:151} INFO - [2023-08-31T15:28:10.399+0000] {dag.py:3677} INFO - Setting next_dagrun for example_external_task_marker_child to None, run_after=None
[2023-08-31T15:28:10.402+0000] {logging_mixin.py:151} INFO - [2023-08-31T15:28:10.402+0000] {dag.py:3677} INFO - Setting next_dagrun for example_external_task_marker_parent to None, run_after=None
[2023-08-31T15:28:10.413+0000] {processor.py:179} INFO - Processing /home/airflow/.local/lib/python3.8/site-packages/airflow/example_dags/example_external_task_marker_dag.py took 0.050 seconds
[2023-08-31T15:28:40.603+0000] {processor.py:157} INFO - Started process (PID=6155) to work on /home/airflow/.local/lib/python3.8/site-packages/airflow/example_dags/example_external_task_marker_dag.py
[2023-08-31T15:28:40.605+0000] {processor.py:829} INFO - Processing file /home/airflow/.local/lib/python3.8/site-packages/airflow/example_dags/example_external_task_marker_dag.py for tasks to queue
[2023-08-31T15:28:40.606+0000] {logging_mixin.py:151} INFO - [2023-08-31T15:28:40.606+0000] {dagbag.py:539} INFO - Filling up the DagBag from /home/airflow/.local/lib/python3.8/site-packages/airflow/example_dags/example_external_task_marker_dag.py
[2023-08-31T15:28:40.610+0000] {processor.py:839} INFO - DAG(s) dict_keys(['example_external_task_marker_child', 'example_external_task_marker_parent']) retrieved from /home/airflow/.local/lib/python3.8/site-packages/airflow/example_dags/example_external_task_marker_dag.py
[2023-08-31T15:28:40.627+0000] {logging_mixin.py:151} INFO - [2023-08-31T15:28:40.626+0000] {dag.py:2907} INFO - Sync 2 DAGs
[2023-08-31T15:28:40.635+0000] {logging_mixin.py:151} INFO - [2023-08-31T15:28:40.635+0000] {dag.py:3677} INFO - Setting next_dagrun for example_external_task_marker_child to None, run_after=None
[2023-08-31T15:28:40.638+0000] {logging_mixin.py:151} INFO - [2023-08-31T15:28:40.638+0000] {dag.py:3677} INFO - Setting next_dagrun for example_external_task_marker_parent to None, run_after=None
[2023-08-31T15:28:40.648+0000] {processor.py:179} INFO - Processing /home/airflow/.local/lib/python3.8/site-packages/airflow/example_dags/example_external_task_marker_dag.py took 0.047 seconds
[2023-08-31T15:29:11.039+0000] {processor.py:157} INFO - Started process (PID=6399) to work on /home/airflow/.local/lib/python3.8/site-packages/airflow/example_dags/example_external_task_marker_dag.py
[2023-08-31T15:29:11.041+0000] {processor.py:829} INFO - Processing file /home/airflow/.local/lib/python3.8/site-packages/airflow/example_dags/example_external_task_marker_dag.py for tasks to queue
[2023-08-31T15:29:11.042+0000] {logging_mixin.py:151} INFO - [2023-08-31T15:29:11.042+0000] {dagbag.py:539} INFO - Filling up the DagBag from /home/airflow/.local/lib/python3.8/site-packages/airflow/example_dags/example_external_task_marker_dag.py
[2023-08-31T15:29:11.047+0000] {processor.py:839} INFO - DAG(s) dict_keys(['example_external_task_marker_parent', 'example_external_task_marker_child']) retrieved from /home/airflow/.local/lib/python3.8/site-packages/airflow/example_dags/example_external_task_marker_dag.py
[2023-08-31T15:29:11.063+0000] {logging_mixin.py:151} INFO - [2023-08-31T15:29:11.063+0000] {dag.py:2907} INFO - Sync 2 DAGs
[2023-08-31T15:29:11.072+0000] {logging_mixin.py:151} INFO - [2023-08-31T15:29:11.071+0000] {dag.py:3677} INFO - Setting next_dagrun for example_external_task_marker_child to None, run_after=None
[2023-08-31T15:29:11.075+0000] {logging_mixin.py:151} INFO - [2023-08-31T15:29:11.075+0000] {dag.py:3677} INFO - Setting next_dagrun for example_external_task_marker_parent to None, run_after=None
[2023-08-31T15:29:11.084+0000] {processor.py:179} INFO - Processing /home/airflow/.local/lib/python3.8/site-packages/airflow/example_dags/example_external_task_marker_dag.py took 0.047 seconds
[2023-08-31T15:29:41.337+0000] {processor.py:157} INFO - Started process (PID=6639) to work on /home/airflow/.local/lib/python3.8/site-packages/airflow/example_dags/example_external_task_marker_dag.py
[2023-08-31T15:29:41.338+0000] {processor.py:829} INFO - Processing file /home/airflow/.local/lib/python3.8/site-packages/airflow/example_dags/example_external_task_marker_dag.py for tasks to queue
[2023-08-31T15:29:41.339+0000] {logging_mixin.py:151} INFO - [2023-08-31T15:29:41.339+0000] {dagbag.py:539} INFO - Filling up the DagBag from /home/airflow/.local/lib/python3.8/site-packages/airflow/example_dags/example_external_task_marker_dag.py
[2023-08-31T15:29:41.343+0000] {processor.py:839} INFO - DAG(s) dict_keys(['example_external_task_marker_child', 'example_external_task_marker_parent']) retrieved from /home/airflow/.local/lib/python3.8/site-packages/airflow/example_dags/example_external_task_marker_dag.py
[2023-08-31T15:29:41.360+0000] {logging_mixin.py:151} INFO - [2023-08-31T15:29:41.360+0000] {dag.py:2907} INFO - Sync 2 DAGs
[2023-08-31T15:29:41.369+0000] {logging_mixin.py:151} INFO - [2023-08-31T15:29:41.368+0000] {dag.py:3677} INFO - Setting next_dagrun for example_external_task_marker_child to None, run_after=None
[2023-08-31T15:29:41.372+0000] {logging_mixin.py:151} INFO - [2023-08-31T15:29:41.372+0000] {dag.py:3677} INFO - Setting next_dagrun for example_external_task_marker_parent to None, run_after=None
[2023-08-31T15:29:41.382+0000] {processor.py:179} INFO - Processing /home/airflow/.local/lib/python3.8/site-packages/airflow/example_dags/example_external_task_marker_dag.py took 0.048 seconds
[2023-08-31T15:30:11.550+0000] {processor.py:157} INFO - Started process (PID=6879) to work on /home/airflow/.local/lib/python3.8/site-packages/airflow/example_dags/example_external_task_marker_dag.py
[2023-08-31T15:30:11.552+0000] {processor.py:829} INFO - Processing file /home/airflow/.local/lib/python3.8/site-packages/airflow/example_dags/example_external_task_marker_dag.py for tasks to queue
[2023-08-31T15:30:11.553+0000] {logging_mixin.py:151} INFO - [2023-08-31T15:30:11.552+0000] {dagbag.py:539} INFO - Filling up the DagBag from /home/airflow/.local/lib/python3.8/site-packages/airflow/example_dags/example_external_task_marker_dag.py
[2023-08-31T15:30:11.558+0000] {processor.py:839} INFO - DAG(s) dict_keys(['example_external_task_marker_child', 'example_external_task_marker_parent']) retrieved from /home/airflow/.local/lib/python3.8/site-packages/airflow/example_dags/example_external_task_marker_dag.py
[2023-08-31T15:30:11.575+0000] {logging_mixin.py:151} INFO - [2023-08-31T15:30:11.575+0000] {dag.py:2907} INFO - Sync 2 DAGs
[2023-08-31T15:30:11.585+0000] {logging_mixin.py:151} INFO - [2023-08-31T15:30:11.585+0000] {dag.py:3677} INFO - Setting next_dagrun for example_external_task_marker_child to None, run_after=None
[2023-08-31T15:30:11.588+0000] {logging_mixin.py:151} INFO - [2023-08-31T15:30:11.588+0000] {dag.py:3677} INFO - Setting next_dagrun for example_external_task_marker_parent to None, run_after=None
[2023-08-31T15:30:11.599+0000] {processor.py:179} INFO - Processing /home/airflow/.local/lib/python3.8/site-packages/airflow/example_dags/example_external_task_marker_dag.py took 0.051 seconds
[2023-08-31T15:30:41.920+0000] {processor.py:157} INFO - Started process (PID=7118) to work on /home/airflow/.local/lib/python3.8/site-packages/airflow/example_dags/example_external_task_marker_dag.py
[2023-08-31T15:30:41.922+0000] {processor.py:829} INFO - Processing file /home/airflow/.local/lib/python3.8/site-packages/airflow/example_dags/example_external_task_marker_dag.py for tasks to queue
[2023-08-31T15:30:41.923+0000] {logging_mixin.py:151} INFO - [2023-08-31T15:30:41.922+0000] {dagbag.py:539} INFO - Filling up the DagBag from /home/airflow/.local/lib/python3.8/site-packages/airflow/example_dags/example_external_task_marker_dag.py
[2023-08-31T15:30:41.927+0000] {processor.py:839} INFO - DAG(s) dict_keys(['example_external_task_marker_parent', 'example_external_task_marker_child']) retrieved from /home/airflow/.local/lib/python3.8/site-packages/airflow/example_dags/example_external_task_marker_dag.py
[2023-08-31T15:30:41.945+0000] {logging_mixin.py:151} INFO - [2023-08-31T15:30:41.945+0000] {dag.py:2907} INFO - Sync 2 DAGs
[2023-08-31T15:30:41.954+0000] {logging_mixin.py:151} INFO - [2023-08-31T15:30:41.954+0000] {dag.py:3677} INFO - Setting next_dagrun for example_external_task_marker_child to None, run_after=None
[2023-08-31T15:30:41.958+0000] {logging_mixin.py:151} INFO - [2023-08-31T15:30:41.957+0000] {dag.py:3677} INFO - Setting next_dagrun for example_external_task_marker_parent to None, run_after=None
[2023-08-31T15:30:41.967+0000] {processor.py:179} INFO - Processing /home/airflow/.local/lib/python3.8/site-packages/airflow/example_dags/example_external_task_marker_dag.py took 0.050 seconds
[2023-08-31T15:31:12.296+0000] {processor.py:157} INFO - Started process (PID=7359) to work on /home/airflow/.local/lib/python3.8/site-packages/airflow/example_dags/example_external_task_marker_dag.py
[2023-08-31T15:31:12.297+0000] {processor.py:829} INFO - Processing file /home/airflow/.local/lib/python3.8/site-packages/airflow/example_dags/example_external_task_marker_dag.py for tasks to queue
[2023-08-31T15:31:12.298+0000] {logging_mixin.py:151} INFO - [2023-08-31T15:31:12.298+0000] {dagbag.py:539} INFO - Filling up the DagBag from /home/airflow/.local/lib/python3.8/site-packages/airflow/example_dags/example_external_task_marker_dag.py
[2023-08-31T15:31:12.303+0000] {processor.py:839} INFO - DAG(s) dict_keys(['example_external_task_marker_child', 'example_external_task_marker_parent']) retrieved from /home/airflow/.local/lib/python3.8/site-packages/airflow/example_dags/example_external_task_marker_dag.py
[2023-08-31T15:31:12.319+0000] {logging_mixin.py:151} INFO - [2023-08-31T15:31:12.319+0000] {dag.py:2907} INFO - Sync 2 DAGs
[2023-08-31T15:31:12.327+0000] {logging_mixin.py:151} INFO - [2023-08-31T15:31:12.327+0000] {dag.py:3677} INFO - Setting next_dagrun for example_external_task_marker_child to None, run_after=None
[2023-08-31T15:31:12.330+0000] {logging_mixin.py:151} INFO - [2023-08-31T15:31:12.330+0000] {dag.py:3677} INFO - Setting next_dagrun for example_external_task_marker_parent to None, run_after=None
[2023-08-31T15:31:12.340+0000] {processor.py:179} INFO - Processing /home/airflow/.local/lib/python3.8/site-packages/airflow/example_dags/example_external_task_marker_dag.py took 0.046 seconds
[2023-08-31T15:31:42.734+0000] {processor.py:157} INFO - Started process (PID=7596) to work on /home/airflow/.local/lib/python3.8/site-packages/airflow/example_dags/example_external_task_marker_dag.py
[2023-08-31T15:31:42.735+0000] {processor.py:829} INFO - Processing file /home/airflow/.local/lib/python3.8/site-packages/airflow/example_dags/example_external_task_marker_dag.py for tasks to queue
[2023-08-31T15:31:42.736+0000] {logging_mixin.py:151} INFO - [2023-08-31T15:31:42.736+0000] {dagbag.py:539} INFO - Filling up the DagBag from /home/airflow/.local/lib/python3.8/site-packages/airflow/example_dags/example_external_task_marker_dag.py
[2023-08-31T15:31:42.741+0000] {processor.py:839} INFO - DAG(s) dict_keys(['example_external_task_marker_child', 'example_external_task_marker_parent']) retrieved from /home/airflow/.local/lib/python3.8/site-packages/airflow/example_dags/example_external_task_marker_dag.py
[2023-08-31T15:31:42.759+0000] {logging_mixin.py:151} INFO - [2023-08-31T15:31:42.759+0000] {dag.py:2907} INFO - Sync 2 DAGs
[2023-08-31T15:31:42.768+0000] {logging_mixin.py:151} INFO - [2023-08-31T15:31:42.768+0000] {dag.py:3677} INFO - Setting next_dagrun for example_external_task_marker_child to None, run_after=None
[2023-08-31T15:31:42.771+0000] {logging_mixin.py:151} INFO - [2023-08-31T15:31:42.771+0000] {dag.py:3677} INFO - Setting next_dagrun for example_external_task_marker_parent to None, run_after=None
[2023-08-31T15:31:42.780+0000] {processor.py:179} INFO - Processing /home/airflow/.local/lib/python3.8/site-packages/airflow/example_dags/example_external_task_marker_dag.py took 0.049 seconds
[2023-08-31T15:32:13.042+0000] {processor.py:157} INFO - Started process (PID=7837) to work on /home/airflow/.local/lib/python3.8/site-packages/airflow/example_dags/example_external_task_marker_dag.py
[2023-08-31T15:32:13.043+0000] {processor.py:829} INFO - Processing file /home/airflow/.local/lib/python3.8/site-packages/airflow/example_dags/example_external_task_marker_dag.py for tasks to queue
[2023-08-31T15:32:13.044+0000] {logging_mixin.py:151} INFO - [2023-08-31T15:32:13.044+0000] {dagbag.py:539} INFO - Filling up the DagBag from /home/airflow/.local/lib/python3.8/site-packages/airflow/example_dags/example_external_task_marker_dag.py
[2023-08-31T15:32:13.048+0000] {processor.py:839} INFO - DAG(s) dict_keys(['example_external_task_marker_parent', 'example_external_task_marker_child']) retrieved from /home/airflow/.local/lib/python3.8/site-packages/airflow/example_dags/example_external_task_marker_dag.py
[2023-08-31T15:32:13.064+0000] {logging_mixin.py:151} INFO - [2023-08-31T15:32:13.064+0000] {dag.py:2907} INFO - Sync 2 DAGs
[2023-08-31T15:32:13.072+0000] {logging_mixin.py:151} INFO - [2023-08-31T15:32:13.071+0000] {dag.py:3677} INFO - Setting next_dagrun for example_external_task_marker_child to None, run_after=None
[2023-08-31T15:32:13.074+0000] {logging_mixin.py:151} INFO - [2023-08-31T15:32:13.074+0000] {dag.py:3677} INFO - Setting next_dagrun for example_external_task_marker_parent to None, run_after=None
[2023-08-31T15:32:13.082+0000] {processor.py:179} INFO - Processing /home/airflow/.local/lib/python3.8/site-packages/airflow/example_dags/example_external_task_marker_dag.py took 0.043 seconds
[2023-08-31T15:32:43.517+0000] {processor.py:157} INFO - Started process (PID=8075) to work on /home/airflow/.local/lib/python3.8/site-packages/airflow/example_dags/example_external_task_marker_dag.py
[2023-08-31T15:32:43.519+0000] {processor.py:829} INFO - Processing file /home/airflow/.local/lib/python3.8/site-packages/airflow/example_dags/example_external_task_marker_dag.py for tasks to queue
[2023-08-31T15:32:43.520+0000] {logging_mixin.py:151} INFO - [2023-08-31T15:32:43.520+0000] {dagbag.py:539} INFO - Filling up the DagBag from /home/airflow/.local/lib/python3.8/site-packages/airflow/example_dags/example_external_task_marker_dag.py
[2023-08-31T15:32:43.525+0000] {processor.py:839} INFO - DAG(s) dict_keys(['example_external_task_marker_child', 'example_external_task_marker_parent']) retrieved from /home/airflow/.local/lib/python3.8/site-packages/airflow/example_dags/example_external_task_marker_dag.py
[2023-08-31T15:32:43.542+0000] {logging_mixin.py:151} INFO - [2023-08-31T15:32:43.542+0000] {dag.py:2907} INFO - Sync 2 DAGs
[2023-08-31T15:32:43.552+0000] {logging_mixin.py:151} INFO - [2023-08-31T15:32:43.551+0000] {dag.py:3677} INFO - Setting next_dagrun for example_external_task_marker_child to None, run_after=None
[2023-08-31T15:32:43.555+0000] {logging_mixin.py:151} INFO - [2023-08-31T15:32:43.554+0000] {dag.py:3677} INFO - Setting next_dagrun for example_external_task_marker_parent to None, run_after=None
[2023-08-31T15:32:43.564+0000] {processor.py:179} INFO - Processing /home/airflow/.local/lib/python3.8/site-packages/airflow/example_dags/example_external_task_marker_dag.py took 0.049 seconds
[2023-08-31T15:33:13.948+0000] {processor.py:157} INFO - Started process (PID=8314) to work on /home/airflow/.local/lib/python3.8/site-packages/airflow/example_dags/example_external_task_marker_dag.py
[2023-08-31T15:33:13.950+0000] {processor.py:829} INFO - Processing file /home/airflow/.local/lib/python3.8/site-packages/airflow/example_dags/example_external_task_marker_dag.py for tasks to queue
[2023-08-31T15:33:13.951+0000] {logging_mixin.py:151} INFO - [2023-08-31T15:33:13.951+0000] {dagbag.py:539} INFO - Filling up the DagBag from /home/airflow/.local/lib/python3.8/site-packages/airflow/example_dags/example_external_task_marker_dag.py
[2023-08-31T15:33:13.956+0000] {processor.py:839} INFO - DAG(s) dict_keys(['example_external_task_marker_parent', 'example_external_task_marker_child']) retrieved from /home/airflow/.local/lib/python3.8/site-packages/airflow/example_dags/example_external_task_marker_dag.py
[2023-08-31T15:33:13.974+0000] {logging_mixin.py:151} INFO - [2023-08-31T15:33:13.973+0000] {dag.py:2907} INFO - Sync 2 DAGs
[2023-08-31T15:33:13.983+0000] {logging_mixin.py:151} INFO - [2023-08-31T15:33:13.982+0000] {dag.py:3677} INFO - Setting next_dagrun for example_external_task_marker_child to None, run_after=None
[2023-08-31T15:33:13.988+0000] {logging_mixin.py:151} INFO - [2023-08-31T15:33:13.988+0000] {dag.py:3677} INFO - Setting next_dagrun for example_external_task_marker_parent to None, run_after=None
[2023-08-31T15:33:13.998+0000] {processor.py:179} INFO - Processing /home/airflow/.local/lib/python3.8/site-packages/airflow/example_dags/example_external_task_marker_dag.py took 0.052 seconds
[2023-08-31T15:33:44.577+0000] {processor.py:157} INFO - Started process (PID=8554) to work on /home/airflow/.local/lib/python3.8/site-packages/airflow/example_dags/example_external_task_marker_dag.py
[2023-08-31T15:33:44.578+0000] {processor.py:829} INFO - Processing file /home/airflow/.local/lib/python3.8/site-packages/airflow/example_dags/example_external_task_marker_dag.py for tasks to queue
[2023-08-31T15:33:44.579+0000] {logging_mixin.py:151} INFO - [2023-08-31T15:33:44.579+0000] {dagbag.py:539} INFO - Filling up the DagBag from /home/airflow/.local/lib/python3.8/site-packages/airflow/example_dags/example_external_task_marker_dag.py
[2023-08-31T15:33:44.584+0000] {processor.py:839} INFO - DAG(s) dict_keys(['example_external_task_marker_parent', 'example_external_task_marker_child']) retrieved from /home/airflow/.local/lib/python3.8/site-packages/airflow/example_dags/example_external_task_marker_dag.py
[2023-08-31T15:33:44.600+0000] {logging_mixin.py:151} INFO - [2023-08-31T15:33:44.600+0000] {dag.py:2907} INFO - Sync 2 DAGs
[2023-08-31T15:33:44.610+0000] {logging_mixin.py:151} INFO - [2023-08-31T15:33:44.610+0000] {dag.py:3677} INFO - Setting next_dagrun for example_external_task_marker_child to None, run_after=None
[2023-08-31T15:33:44.613+0000] {logging_mixin.py:151} INFO - [2023-08-31T15:33:44.613+0000] {dag.py:3677} INFO - Setting next_dagrun for example_external_task_marker_parent to None, run_after=None
[2023-08-31T15:33:44.623+0000] {processor.py:179} INFO - Processing /home/airflow/.local/lib/python3.8/site-packages/airflow/example_dags/example_external_task_marker_dag.py took 0.049 seconds
[2023-08-31T15:34:15.043+0000] {processor.py:157} INFO - Started process (PID=8795) to work on /home/airflow/.local/lib/python3.8/site-packages/airflow/example_dags/example_external_task_marker_dag.py
[2023-08-31T15:34:15.044+0000] {processor.py:829} INFO - Processing file /home/airflow/.local/lib/python3.8/site-packages/airflow/example_dags/example_external_task_marker_dag.py for tasks to queue
[2023-08-31T15:34:15.046+0000] {logging_mixin.py:151} INFO - [2023-08-31T15:34:15.046+0000] {dagbag.py:539} INFO - Filling up the DagBag from /home/airflow/.local/lib/python3.8/site-packages/airflow/example_dags/example_external_task_marker_dag.py
[2023-08-31T15:34:15.050+0000] {processor.py:839} INFO - DAG(s) dict_keys(['example_external_task_marker_parent', 'example_external_task_marker_child']) retrieved from /home/airflow/.local/lib/python3.8/site-packages/airflow/example_dags/example_external_task_marker_dag.py
[2023-08-31T15:34:15.068+0000] {logging_mixin.py:151} INFO - [2023-08-31T15:34:15.068+0000] {dag.py:2907} INFO - Sync 2 DAGs
[2023-08-31T15:34:15.078+0000] {logging_mixin.py:151} INFO - [2023-08-31T15:34:15.078+0000] {dag.py:3677} INFO - Setting next_dagrun for example_external_task_marker_child to None, run_after=None
[2023-08-31T15:34:15.081+0000] {logging_mixin.py:151} INFO - [2023-08-31T15:34:15.081+0000] {dag.py:3677} INFO - Setting next_dagrun for example_external_task_marker_parent to None, run_after=None
[2023-08-31T15:34:15.091+0000] {processor.py:179} INFO - Processing /home/airflow/.local/lib/python3.8/site-packages/airflow/example_dags/example_external_task_marker_dag.py took 0.050 seconds
[2023-08-31T15:34:45.215+0000] {processor.py:157} INFO - Started process (PID=9035) to work on /home/airflow/.local/lib/python3.8/site-packages/airflow/example_dags/example_external_task_marker_dag.py
[2023-08-31T15:34:45.217+0000] {processor.py:829} INFO - Processing file /home/airflow/.local/lib/python3.8/site-packages/airflow/example_dags/example_external_task_marker_dag.py for tasks to queue
[2023-08-31T15:34:45.218+0000] {logging_mixin.py:151} INFO - [2023-08-31T15:34:45.218+0000] {dagbag.py:539} INFO - Filling up the DagBag from /home/airflow/.local/lib/python3.8/site-packages/airflow/example_dags/example_external_task_marker_dag.py
[2023-08-31T15:34:45.223+0000] {processor.py:839} INFO - DAG(s) dict_keys(['example_external_task_marker_parent', 'example_external_task_marker_child']) retrieved from /home/airflow/.local/lib/python3.8/site-packages/airflow/example_dags/example_external_task_marker_dag.py
[2023-08-31T15:34:45.238+0000] {logging_mixin.py:151} INFO - [2023-08-31T15:34:45.238+0000] {dag.py:2907} INFO - Sync 2 DAGs
[2023-08-31T15:34:45.247+0000] {logging_mixin.py:151} INFO - [2023-08-31T15:34:45.246+0000] {dag.py:3677} INFO - Setting next_dagrun for example_external_task_marker_child to None, run_after=None
[2023-08-31T15:34:45.250+0000] {logging_mixin.py:151} INFO - [2023-08-31T15:34:45.250+0000] {dag.py:3677} INFO - Setting next_dagrun for example_external_task_marker_parent to None, run_after=None
[2023-08-31T15:34:45.260+0000] {processor.py:179} INFO - Processing /home/airflow/.local/lib/python3.8/site-packages/airflow/example_dags/example_external_task_marker_dag.py took 0.047 seconds
[2023-08-31T15:35:15.695+0000] {processor.py:157} INFO - Started process (PID=9277) to work on /home/airflow/.local/lib/python3.8/site-packages/airflow/example_dags/example_external_task_marker_dag.py
[2023-08-31T15:35:15.697+0000] {processor.py:829} INFO - Processing file /home/airflow/.local/lib/python3.8/site-packages/airflow/example_dags/example_external_task_marker_dag.py for tasks to queue
[2023-08-31T15:35:15.698+0000] {logging_mixin.py:151} INFO - [2023-08-31T15:35:15.697+0000] {dagbag.py:539} INFO - Filling up the DagBag from /home/airflow/.local/lib/python3.8/site-packages/airflow/example_dags/example_external_task_marker_dag.py
[2023-08-31T15:35:15.702+0000] {processor.py:839} INFO - DAG(s) dict_keys(['example_external_task_marker_child', 'example_external_task_marker_parent']) retrieved from /home/airflow/.local/lib/python3.8/site-packages/airflow/example_dags/example_external_task_marker_dag.py
[2023-08-31T15:35:15.719+0000] {logging_mixin.py:151} INFO - [2023-08-31T15:35:15.719+0000] {dag.py:2907} INFO - Sync 2 DAGs
[2023-08-31T15:35:15.728+0000] {logging_mixin.py:151} INFO - [2023-08-31T15:35:15.728+0000] {dag.py:3677} INFO - Setting next_dagrun for example_external_task_marker_child to None, run_after=None
[2023-08-31T15:35:15.733+0000] {logging_mixin.py:151} INFO - [2023-08-31T15:35:15.733+0000] {dag.py:3677} INFO - Setting next_dagrun for example_external_task_marker_parent to None, run_after=None
[2023-08-31T15:35:15.744+0000] {processor.py:179} INFO - Processing /home/airflow/.local/lib/python3.8/site-packages/airflow/example_dags/example_external_task_marker_dag.py took 0.051 seconds
[2023-08-31T15:35:46.065+0000] {processor.py:157} INFO - Started process (PID=9518) to work on /home/airflow/.local/lib/python3.8/site-packages/airflow/example_dags/example_external_task_marker_dag.py
[2023-08-31T15:35:46.067+0000] {processor.py:829} INFO - Processing file /home/airflow/.local/lib/python3.8/site-packages/airflow/example_dags/example_external_task_marker_dag.py for tasks to queue
[2023-08-31T15:35:46.068+0000] {logging_mixin.py:151} INFO - [2023-08-31T15:35:46.067+0000] {dagbag.py:539} INFO - Filling up the DagBag from /home/airflow/.local/lib/python3.8/site-packages/airflow/example_dags/example_external_task_marker_dag.py
[2023-08-31T15:35:46.073+0000] {processor.py:839} INFO - DAG(s) dict_keys(['example_external_task_marker_parent', 'example_external_task_marker_child']) retrieved from /home/airflow/.local/lib/python3.8/site-packages/airflow/example_dags/example_external_task_marker_dag.py
[2023-08-31T15:35:46.091+0000] {logging_mixin.py:151} INFO - [2023-08-31T15:35:46.091+0000] {dag.py:2907} INFO - Sync 2 DAGs
[2023-08-31T15:35:46.100+0000] {logging_mixin.py:151} INFO - [2023-08-31T15:35:46.100+0000] {dag.py:3677} INFO - Setting next_dagrun for example_external_task_marker_child to None, run_after=None
[2023-08-31T15:35:46.104+0000] {logging_mixin.py:151} INFO - [2023-08-31T15:35:46.104+0000] {dag.py:3677} INFO - Setting next_dagrun for example_external_task_marker_parent to None, run_after=None
[2023-08-31T15:35:46.114+0000] {processor.py:179} INFO - Processing /home/airflow/.local/lib/python3.8/site-packages/airflow/example_dags/example_external_task_marker_dag.py took 0.051 seconds
[2023-08-31T15:36:16.416+0000] {processor.py:157} INFO - Started process (PID=9757) to work on /home/airflow/.local/lib/python3.8/site-packages/airflow/example_dags/example_external_task_marker_dag.py
[2023-08-31T15:36:16.418+0000] {processor.py:829} INFO - Processing file /home/airflow/.local/lib/python3.8/site-packages/airflow/example_dags/example_external_task_marker_dag.py for tasks to queue
[2023-08-31T15:36:16.419+0000] {logging_mixin.py:151} INFO - [2023-08-31T15:36:16.419+0000] {dagbag.py:539} INFO - Filling up the DagBag from /home/airflow/.local/lib/python3.8/site-packages/airflow/example_dags/example_external_task_marker_dag.py
[2023-08-31T15:36:16.423+0000] {processor.py:839} INFO - DAG(s) dict_keys(['example_external_task_marker_child', 'example_external_task_marker_parent']) retrieved from /home/airflow/.local/lib/python3.8/site-packages/airflow/example_dags/example_external_task_marker_dag.py
[2023-08-31T15:36:16.439+0000] {logging_mixin.py:151} INFO - [2023-08-31T15:36:16.439+0000] {dag.py:2907} INFO - Sync 2 DAGs
[2023-08-31T15:36:16.447+0000] {logging_mixin.py:151} INFO - [2023-08-31T15:36:16.447+0000] {dag.py:3677} INFO - Setting next_dagrun for example_external_task_marker_child to None, run_after=None
[2023-08-31T15:36:16.450+0000] {logging_mixin.py:151} INFO - [2023-08-31T15:36:16.450+0000] {dag.py:3677} INFO - Setting next_dagrun for example_external_task_marker_parent to None, run_after=None
[2023-08-31T15:36:16.460+0000] {processor.py:179} INFO - Processing /home/airflow/.local/lib/python3.8/site-packages/airflow/example_dags/example_external_task_marker_dag.py took 0.047 seconds
[2023-08-31T15:36:46.782+0000] {processor.py:157} INFO - Started process (PID=9997) to work on /home/airflow/.local/lib/python3.8/site-packages/airflow/example_dags/example_external_task_marker_dag.py
[2023-08-31T15:36:46.783+0000] {processor.py:829} INFO - Processing file /home/airflow/.local/lib/python3.8/site-packages/airflow/example_dags/example_external_task_marker_dag.py for tasks to queue
[2023-08-31T15:36:46.785+0000] {logging_mixin.py:151} INFO - [2023-08-31T15:36:46.785+0000] {dagbag.py:539} INFO - Filling up the DagBag from /home/airflow/.local/lib/python3.8/site-packages/airflow/example_dags/example_external_task_marker_dag.py
[2023-08-31T15:36:46.790+0000] {processor.py:839} INFO - DAG(s) dict_keys(['example_external_task_marker_parent', 'example_external_task_marker_child']) retrieved from /home/airflow/.local/lib/python3.8/site-packages/airflow/example_dags/example_external_task_marker_dag.py
[2023-08-31T15:36:46.807+0000] {logging_mixin.py:151} INFO - [2023-08-31T15:36:46.807+0000] {dag.py:2907} INFO - Sync 2 DAGs
[2023-08-31T15:36:46.817+0000] {logging_mixin.py:151} INFO - [2023-08-31T15:36:46.817+0000] {dag.py:3677} INFO - Setting next_dagrun for example_external_task_marker_child to None, run_after=None
[2023-08-31T15:36:46.820+0000] {logging_mixin.py:151} INFO - [2023-08-31T15:36:46.820+0000] {dag.py:3677} INFO - Setting next_dagrun for example_external_task_marker_parent to None, run_after=None
[2023-08-31T15:36:46.830+0000] {processor.py:179} INFO - Processing /home/airflow/.local/lib/python3.8/site-packages/airflow/example_dags/example_external_task_marker_dag.py took 0.051 seconds
[2023-08-31T15:37:17.051+0000] {processor.py:157} INFO - Started process (PID=10236) to work on /home/airflow/.local/lib/python3.8/site-packages/airflow/example_dags/example_external_task_marker_dag.py
[2023-08-31T15:37:17.052+0000] {processor.py:829} INFO - Processing file /home/airflow/.local/lib/python3.8/site-packages/airflow/example_dags/example_external_task_marker_dag.py for tasks to queue
[2023-08-31T15:37:17.053+0000] {logging_mixin.py:151} INFO - [2023-08-31T15:37:17.053+0000] {dagbag.py:539} INFO - Filling up the DagBag from /home/airflow/.local/lib/python3.8/site-packages/airflow/example_dags/example_external_task_marker_dag.py
[2023-08-31T15:37:17.057+0000] {processor.py:839} INFO - DAG(s) dict_keys(['example_external_task_marker_parent', 'example_external_task_marker_child']) retrieved from /home/airflow/.local/lib/python3.8/site-packages/airflow/example_dags/example_external_task_marker_dag.py
[2023-08-31T15:37:17.075+0000] {logging_mixin.py:151} INFO - [2023-08-31T15:37:17.075+0000] {dag.py:2907} INFO - Sync 2 DAGs
[2023-08-31T15:37:17.083+0000] {logging_mixin.py:151} INFO - [2023-08-31T15:37:17.083+0000] {dag.py:3677} INFO - Setting next_dagrun for example_external_task_marker_child to None, run_after=None
[2023-08-31T15:37:17.086+0000] {logging_mixin.py:151} INFO - [2023-08-31T15:37:17.086+0000] {dag.py:3677} INFO - Setting next_dagrun for example_external_task_marker_parent to None, run_after=None
[2023-08-31T15:37:17.097+0000] {processor.py:179} INFO - Processing /home/airflow/.local/lib/python3.8/site-packages/airflow/example_dags/example_external_task_marker_dag.py took 0.049 seconds
[2023-08-31T15:37:47.336+0000] {processor.py:157} INFO - Started process (PID=10477) to work on /home/airflow/.local/lib/python3.8/site-packages/airflow/example_dags/example_external_task_marker_dag.py
[2023-08-31T15:37:47.338+0000] {processor.py:829} INFO - Processing file /home/airflow/.local/lib/python3.8/site-packages/airflow/example_dags/example_external_task_marker_dag.py for tasks to queue
[2023-08-31T15:37:47.339+0000] {logging_mixin.py:151} INFO - [2023-08-31T15:37:47.338+0000] {dagbag.py:539} INFO - Filling up the DagBag from /home/airflow/.local/lib/python3.8/site-packages/airflow/example_dags/example_external_task_marker_dag.py
[2023-08-31T15:37:47.343+0000] {processor.py:839} INFO - DAG(s) dict_keys(['example_external_task_marker_child', 'example_external_task_marker_parent']) retrieved from /home/airflow/.local/lib/python3.8/site-packages/airflow/example_dags/example_external_task_marker_dag.py
[2023-08-31T15:37:47.360+0000] {logging_mixin.py:151} INFO - [2023-08-31T15:37:47.359+0000] {dag.py:2907} INFO - Sync 2 DAGs
[2023-08-31T15:37:47.368+0000] {logging_mixin.py:151} INFO - [2023-08-31T15:37:47.368+0000] {dag.py:3677} INFO - Setting next_dagrun for example_external_task_marker_child to None, run_after=None
[2023-08-31T15:37:47.372+0000] {logging_mixin.py:151} INFO - [2023-08-31T15:37:47.372+0000] {dag.py:3677} INFO - Setting next_dagrun for example_external_task_marker_parent to None, run_after=None
[2023-08-31T15:37:47.381+0000] {processor.py:179} INFO - Processing /home/airflow/.local/lib/python3.8/site-packages/airflow/example_dags/example_external_task_marker_dag.py took 0.048 seconds
