[2023-08-31T15:16:29.291+0000] {processor.py:157} INFO - Started process (PID=252) to work on /home/airflow/.local/lib/python3.8/site-packages/airflow/example_dags/example_latest_only.py
[2023-08-31T15:16:29.292+0000] {processor.py:829} INFO - Processing file /home/airflow/.local/lib/python3.8/site-packages/airflow/example_dags/example_latest_only.py for tasks to queue
[2023-08-31T15:16:29.293+0000] {logging_mixin.py:151} INFO - [2023-08-31T15:16:29.293+0000] {dagbag.py:539} INFO - Filling up the DagBag from /home/airflow/.local/lib/python3.8/site-packages/airflow/example_dags/example_latest_only.py
[2023-08-31T15:16:29.300+0000] {processor.py:839} INFO - DAG(s) dict_keys(['latest_only']) retrieved from /home/airflow/.local/lib/python3.8/site-packages/airflow/example_dags/example_latest_only.py
[2023-08-31T15:16:29.310+0000] {logging_mixin.py:151} INFO - [2023-08-31T15:16:29.310+0000] {dag.py:2907} INFO - Sync 1 DAGs
[2023-08-31T15:16:29.325+0000] {logging_mixin.py:151} INFO - [2023-08-31T15:16:29.325+0000] {dag.py:3677} INFO - Setting next_dagrun for latest_only to 2023-08-31T11:16:29.325343+00:00, run_after=2023-08-31T15:16:29.325343+00:00
[2023-08-31T15:16:29.338+0000] {processor.py:179} INFO - Processing /home/airflow/.local/lib/python3.8/site-packages/airflow/example_dags/example_latest_only.py took 0.050 seconds
[2023-08-31T15:17:00.219+0000] {processor.py:157} INFO - Started process (PID=497) to work on /home/airflow/.local/lib/python3.8/site-packages/airflow/example_dags/example_latest_only.py
[2023-08-31T15:17:00.221+0000] {processor.py:829} INFO - Processing file /home/airflow/.local/lib/python3.8/site-packages/airflow/example_dags/example_latest_only.py for tasks to queue
[2023-08-31T15:17:00.222+0000] {logging_mixin.py:151} INFO - [2023-08-31T15:17:00.222+0000] {dagbag.py:539} INFO - Filling up the DagBag from /home/airflow/.local/lib/python3.8/site-packages/airflow/example_dags/example_latest_only.py
[2023-08-31T15:17:00.230+0000] {processor.py:839} INFO - DAG(s) dict_keys(['latest_only']) retrieved from /home/airflow/.local/lib/python3.8/site-packages/airflow/example_dags/example_latest_only.py
[2023-08-31T15:17:00.244+0000] {logging_mixin.py:151} INFO - [2023-08-31T15:17:00.244+0000] {dag.py:2907} INFO - Sync 1 DAGs
[2023-08-31T15:17:00.256+0000] {logging_mixin.py:151} INFO - [2023-08-31T15:17:00.256+0000] {dag.py:3677} INFO - Setting next_dagrun for latest_only to 2023-08-31T11:17:00.256497+00:00, run_after=2023-08-31T15:17:00.256497+00:00
[2023-08-31T15:17:00.350+0000] {processor.py:179} INFO - Processing /home/airflow/.local/lib/python3.8/site-packages/airflow/example_dags/example_latest_only.py took 0.133 seconds
[2023-08-31T15:17:31.347+0000] {processor.py:157} INFO - Started process (PID=736) to work on /home/airflow/.local/lib/python3.8/site-packages/airflow/example_dags/example_latest_only.py
[2023-08-31T15:17:31.349+0000] {processor.py:829} INFO - Processing file /home/airflow/.local/lib/python3.8/site-packages/airflow/example_dags/example_latest_only.py for tasks to queue
[2023-08-31T15:17:31.350+0000] {logging_mixin.py:151} INFO - [2023-08-31T15:17:31.350+0000] {dagbag.py:539} INFO - Filling up the DagBag from /home/airflow/.local/lib/python3.8/site-packages/airflow/example_dags/example_latest_only.py
[2023-08-31T15:17:31.354+0000] {processor.py:839} INFO - DAG(s) dict_keys(['latest_only']) retrieved from /home/airflow/.local/lib/python3.8/site-packages/airflow/example_dags/example_latest_only.py
[2023-08-31T15:17:31.369+0000] {logging_mixin.py:151} INFO - [2023-08-31T15:17:31.369+0000] {dag.py:2907} INFO - Sync 1 DAGs
[2023-08-31T15:17:31.382+0000] {logging_mixin.py:151} INFO - [2023-08-31T15:17:31.382+0000] {dag.py:3677} INFO - Setting next_dagrun for latest_only to 2023-08-31T11:17:31.382338+00:00, run_after=2023-08-31T15:17:31.382338+00:00
[2023-08-31T15:17:31.393+0000] {processor.py:179} INFO - Processing /home/airflow/.local/lib/python3.8/site-packages/airflow/example_dags/example_latest_only.py took 0.049 seconds
[2023-08-31T15:18:01.893+0000] {processor.py:157} INFO - Started process (PID=975) to work on /home/airflow/.local/lib/python3.8/site-packages/airflow/example_dags/example_latest_only.py
[2023-08-31T15:18:01.895+0000] {processor.py:829} INFO - Processing file /home/airflow/.local/lib/python3.8/site-packages/airflow/example_dags/example_latest_only.py for tasks to queue
[2023-08-31T15:18:01.896+0000] {logging_mixin.py:151} INFO - [2023-08-31T15:18:01.896+0000] {dagbag.py:539} INFO - Filling up the DagBag from /home/airflow/.local/lib/python3.8/site-packages/airflow/example_dags/example_latest_only.py
[2023-08-31T15:18:01.901+0000] {processor.py:839} INFO - DAG(s) dict_keys(['latest_only']) retrieved from /home/airflow/.local/lib/python3.8/site-packages/airflow/example_dags/example_latest_only.py
[2023-08-31T15:18:01.915+0000] {logging_mixin.py:151} INFO - [2023-08-31T15:18:01.915+0000] {dag.py:2907} INFO - Sync 1 DAGs
[2023-08-31T15:18:01.928+0000] {logging_mixin.py:151} INFO - [2023-08-31T15:18:01.928+0000] {dag.py:3677} INFO - Setting next_dagrun for latest_only to 2023-08-31T11:18:01.928213+00:00, run_after=2023-08-31T15:18:01.928213+00:00
[2023-08-31T15:18:01.940+0000] {processor.py:179} INFO - Processing /home/airflow/.local/lib/python3.8/site-packages/airflow/example_dags/example_latest_only.py took 0.049 seconds
[2023-08-31T15:18:32.566+0000] {processor.py:157} INFO - Started process (PID=1240) to work on /home/airflow/.local/lib/python3.8/site-packages/airflow/example_dags/example_latest_only.py
[2023-08-31T15:18:32.567+0000] {processor.py:829} INFO - Processing file /home/airflow/.local/lib/python3.8/site-packages/airflow/example_dags/example_latest_only.py for tasks to queue
[2023-08-31T15:18:32.569+0000] {logging_mixin.py:151} INFO - [2023-08-31T15:18:32.568+0000] {dagbag.py:539} INFO - Filling up the DagBag from /home/airflow/.local/lib/python3.8/site-packages/airflow/example_dags/example_latest_only.py
[2023-08-31T15:18:32.573+0000] {processor.py:839} INFO - DAG(s) dict_keys(['latest_only']) retrieved from /home/airflow/.local/lib/python3.8/site-packages/airflow/example_dags/example_latest_only.py
[2023-08-31T15:18:32.587+0000] {logging_mixin.py:151} INFO - [2023-08-31T15:18:32.587+0000] {dag.py:2907} INFO - Sync 1 DAGs
[2023-08-31T15:18:32.599+0000] {logging_mixin.py:151} INFO - [2023-08-31T15:18:32.599+0000] {dag.py:3677} INFO - Setting next_dagrun for latest_only to 2023-08-31T11:18:32.598963+00:00, run_after=2023-08-31T15:18:32.598963+00:00
[2023-08-31T15:18:32.610+0000] {processor.py:179} INFO - Processing /home/airflow/.local/lib/python3.8/site-packages/airflow/example_dags/example_latest_only.py took 0.047 seconds
[2023-08-31T15:19:03.116+0000] {processor.py:157} INFO - Started process (PID=1481) to work on /home/airflow/.local/lib/python3.8/site-packages/airflow/example_dags/example_latest_only.py
[2023-08-31T15:19:03.118+0000] {processor.py:829} INFO - Processing file /home/airflow/.local/lib/python3.8/site-packages/airflow/example_dags/example_latest_only.py for tasks to queue
[2023-08-31T15:19:03.120+0000] {logging_mixin.py:151} INFO - [2023-08-31T15:19:03.119+0000] {dagbag.py:539} INFO - Filling up the DagBag from /home/airflow/.local/lib/python3.8/site-packages/airflow/example_dags/example_latest_only.py
[2023-08-31T15:19:03.125+0000] {processor.py:839} INFO - DAG(s) dict_keys(['latest_only']) retrieved from /home/airflow/.local/lib/python3.8/site-packages/airflow/example_dags/example_latest_only.py
[2023-08-31T15:19:03.143+0000] {logging_mixin.py:151} INFO - [2023-08-31T15:19:03.143+0000] {dag.py:2907} INFO - Sync 1 DAGs
[2023-08-31T15:19:03.158+0000] {logging_mixin.py:151} INFO - [2023-08-31T15:19:03.157+0000] {dag.py:3677} INFO - Setting next_dagrun for latest_only to 2023-08-31T11:19:03.157745+00:00, run_after=2023-08-31T15:19:03.157745+00:00
[2023-08-31T15:19:03.168+0000] {processor.py:179} INFO - Processing /home/airflow/.local/lib/python3.8/site-packages/airflow/example_dags/example_latest_only.py took 0.054 seconds
[2023-08-31T15:19:33.488+0000] {processor.py:157} INFO - Started process (PID=1722) to work on /home/airflow/.local/lib/python3.8/site-packages/airflow/example_dags/example_latest_only.py
[2023-08-31T15:19:33.490+0000] {processor.py:829} INFO - Processing file /home/airflow/.local/lib/python3.8/site-packages/airflow/example_dags/example_latest_only.py for tasks to queue
[2023-08-31T15:19:33.491+0000] {logging_mixin.py:151} INFO - [2023-08-31T15:19:33.490+0000] {dagbag.py:539} INFO - Filling up the DagBag from /home/airflow/.local/lib/python3.8/site-packages/airflow/example_dags/example_latest_only.py
[2023-08-31T15:19:33.495+0000] {processor.py:839} INFO - DAG(s) dict_keys(['latest_only']) retrieved from /home/airflow/.local/lib/python3.8/site-packages/airflow/example_dags/example_latest_only.py
[2023-08-31T15:19:33.508+0000] {logging_mixin.py:151} INFO - [2023-08-31T15:19:33.508+0000] {dag.py:2907} INFO - Sync 1 DAGs
[2023-08-31T15:19:33.520+0000] {logging_mixin.py:151} INFO - [2023-08-31T15:19:33.520+0000] {dag.py:3677} INFO - Setting next_dagrun for latest_only to 2023-08-31T11:19:33.520634+00:00, run_after=2023-08-31T15:19:33.520634+00:00
[2023-08-31T15:19:33.530+0000] {processor.py:179} INFO - Processing /home/airflow/.local/lib/python3.8/site-packages/airflow/example_dags/example_latest_only.py took 0.044 seconds
[2023-08-31T15:20:03.768+0000] {processor.py:157} INFO - Started process (PID=1962) to work on /home/airflow/.local/lib/python3.8/site-packages/airflow/example_dags/example_latest_only.py
[2023-08-31T15:20:03.770+0000] {processor.py:829} INFO - Processing file /home/airflow/.local/lib/python3.8/site-packages/airflow/example_dags/example_latest_only.py for tasks to queue
[2023-08-31T15:20:03.771+0000] {logging_mixin.py:151} INFO - [2023-08-31T15:20:03.771+0000] {dagbag.py:539} INFO - Filling up the DagBag from /home/airflow/.local/lib/python3.8/site-packages/airflow/example_dags/example_latest_only.py
[2023-08-31T15:20:03.776+0000] {processor.py:839} INFO - DAG(s) dict_keys(['latest_only']) retrieved from /home/airflow/.local/lib/python3.8/site-packages/airflow/example_dags/example_latest_only.py
[2023-08-31T15:20:03.790+0000] {logging_mixin.py:151} INFO - [2023-08-31T15:20:03.789+0000] {dag.py:2907} INFO - Sync 1 DAGs
[2023-08-31T15:20:03.803+0000] {logging_mixin.py:151} INFO - [2023-08-31T15:20:03.803+0000] {dag.py:3677} INFO - Setting next_dagrun for latest_only to 2023-08-31T11:20:03.802921+00:00, run_after=2023-08-31T15:20:03.802921+00:00
[2023-08-31T15:20:03.814+0000] {processor.py:179} INFO - Processing /home/airflow/.local/lib/python3.8/site-packages/airflow/example_dags/example_latest_only.py took 0.048 seconds
[2023-08-31T15:20:34.159+0000] {processor.py:157} INFO - Started process (PID=2199) to work on /home/airflow/.local/lib/python3.8/site-packages/airflow/example_dags/example_latest_only.py
[2023-08-31T15:20:34.161+0000] {processor.py:829} INFO - Processing file /home/airflow/.local/lib/python3.8/site-packages/airflow/example_dags/example_latest_only.py for tasks to queue
[2023-08-31T15:20:34.162+0000] {logging_mixin.py:151} INFO - [2023-08-31T15:20:34.162+0000] {dagbag.py:539} INFO - Filling up the DagBag from /home/airflow/.local/lib/python3.8/site-packages/airflow/example_dags/example_latest_only.py
[2023-08-31T15:20:34.167+0000] {processor.py:839} INFO - DAG(s) dict_keys(['latest_only']) retrieved from /home/airflow/.local/lib/python3.8/site-packages/airflow/example_dags/example_latest_only.py
[2023-08-31T15:20:34.182+0000] {logging_mixin.py:151} INFO - [2023-08-31T15:20:34.182+0000] {dag.py:2907} INFO - Sync 1 DAGs
[2023-08-31T15:20:34.195+0000] {logging_mixin.py:151} INFO - [2023-08-31T15:20:34.195+0000] {dag.py:3677} INFO - Setting next_dagrun for latest_only to 2023-08-31T11:20:34.195208+00:00, run_after=2023-08-31T15:20:34.195208+00:00
[2023-08-31T15:20:34.206+0000] {processor.py:179} INFO - Processing /home/airflow/.local/lib/python3.8/site-packages/airflow/example_dags/example_latest_only.py took 0.049 seconds
[2023-08-31T15:21:04.404+0000] {processor.py:157} INFO - Started process (PID=2442) to work on /home/airflow/.local/lib/python3.8/site-packages/airflow/example_dags/example_latest_only.py
[2023-08-31T15:21:04.405+0000] {processor.py:829} INFO - Processing file /home/airflow/.local/lib/python3.8/site-packages/airflow/example_dags/example_latest_only.py for tasks to queue
[2023-08-31T15:21:04.407+0000] {logging_mixin.py:151} INFO - [2023-08-31T15:21:04.406+0000] {dagbag.py:539} INFO - Filling up the DagBag from /home/airflow/.local/lib/python3.8/site-packages/airflow/example_dags/example_latest_only.py
[2023-08-31T15:21:04.412+0000] {processor.py:839} INFO - DAG(s) dict_keys(['latest_only']) retrieved from /home/airflow/.local/lib/python3.8/site-packages/airflow/example_dags/example_latest_only.py
[2023-08-31T15:21:04.426+0000] {logging_mixin.py:151} INFO - [2023-08-31T15:21:04.426+0000] {dag.py:2907} INFO - Sync 1 DAGs
[2023-08-31T15:21:04.438+0000] {logging_mixin.py:151} INFO - [2023-08-31T15:21:04.438+0000] {dag.py:3677} INFO - Setting next_dagrun for latest_only to 2023-08-31T11:21:04.438726+00:00, run_after=2023-08-31T15:21:04.438726+00:00
[2023-08-31T15:21:04.449+0000] {processor.py:179} INFO - Processing /home/airflow/.local/lib/python3.8/site-packages/airflow/example_dags/example_latest_only.py took 0.047 seconds
[2023-08-31T15:21:34.734+0000] {processor.py:157} INFO - Started process (PID=2682) to work on /home/airflow/.local/lib/python3.8/site-packages/airflow/example_dags/example_latest_only.py
[2023-08-31T15:21:34.736+0000] {processor.py:829} INFO - Processing file /home/airflow/.local/lib/python3.8/site-packages/airflow/example_dags/example_latest_only.py for tasks to queue
[2023-08-31T15:21:34.737+0000] {logging_mixin.py:151} INFO - [2023-08-31T15:21:34.736+0000] {dagbag.py:539} INFO - Filling up the DagBag from /home/airflow/.local/lib/python3.8/site-packages/airflow/example_dags/example_latest_only.py
[2023-08-31T15:21:34.741+0000] {processor.py:839} INFO - DAG(s) dict_keys(['latest_only']) retrieved from /home/airflow/.local/lib/python3.8/site-packages/airflow/example_dags/example_latest_only.py
[2023-08-31T15:21:34.756+0000] {logging_mixin.py:151} INFO - [2023-08-31T15:21:34.755+0000] {dag.py:2907} INFO - Sync 1 DAGs
[2023-08-31T15:21:34.769+0000] {logging_mixin.py:151} INFO - [2023-08-31T15:21:34.769+0000] {dag.py:3677} INFO - Setting next_dagrun for latest_only to 2023-08-31T11:21:34.769478+00:00, run_after=2023-08-31T15:21:34.769478+00:00
[2023-08-31T15:21:34.780+0000] {processor.py:179} INFO - Processing /home/airflow/.local/lib/python3.8/site-packages/airflow/example_dags/example_latest_only.py took 0.048 seconds
[2023-08-31T15:22:05.047+0000] {processor.py:157} INFO - Started process (PID=2922) to work on /home/airflow/.local/lib/python3.8/site-packages/airflow/example_dags/example_latest_only.py
[2023-08-31T15:22:05.049+0000] {processor.py:829} INFO - Processing file /home/airflow/.local/lib/python3.8/site-packages/airflow/example_dags/example_latest_only.py for tasks to queue
[2023-08-31T15:22:05.050+0000] {logging_mixin.py:151} INFO - [2023-08-31T15:22:05.050+0000] {dagbag.py:539} INFO - Filling up the DagBag from /home/airflow/.local/lib/python3.8/site-packages/airflow/example_dags/example_latest_only.py
[2023-08-31T15:22:05.055+0000] {processor.py:839} INFO - DAG(s) dict_keys(['latest_only']) retrieved from /home/airflow/.local/lib/python3.8/site-packages/airflow/example_dags/example_latest_only.py
[2023-08-31T15:22:05.069+0000] {logging_mixin.py:151} INFO - [2023-08-31T15:22:05.069+0000] {dag.py:2907} INFO - Sync 1 DAGs
[2023-08-31T15:22:05.083+0000] {logging_mixin.py:151} INFO - [2023-08-31T15:22:05.083+0000] {dag.py:3677} INFO - Setting next_dagrun for latest_only to 2023-08-31T11:22:05.083001+00:00, run_after=2023-08-31T15:22:05.083001+00:00
[2023-08-31T15:22:05.094+0000] {processor.py:179} INFO - Processing /home/airflow/.local/lib/python3.8/site-packages/airflow/example_dags/example_latest_only.py took 0.049 seconds
[2023-08-31T15:22:35.625+0000] {processor.py:157} INFO - Started process (PID=3164) to work on /home/airflow/.local/lib/python3.8/site-packages/airflow/example_dags/example_latest_only.py
[2023-08-31T15:22:35.626+0000] {processor.py:829} INFO - Processing file /home/airflow/.local/lib/python3.8/site-packages/airflow/example_dags/example_latest_only.py for tasks to queue
[2023-08-31T15:22:35.628+0000] {logging_mixin.py:151} INFO - [2023-08-31T15:22:35.628+0000] {dagbag.py:539} INFO - Filling up the DagBag from /home/airflow/.local/lib/python3.8/site-packages/airflow/example_dags/example_latest_only.py
[2023-08-31T15:22:35.633+0000] {processor.py:839} INFO - DAG(s) dict_keys(['latest_only']) retrieved from /home/airflow/.local/lib/python3.8/site-packages/airflow/example_dags/example_latest_only.py
[2023-08-31T15:22:35.647+0000] {logging_mixin.py:151} INFO - [2023-08-31T15:22:35.647+0000] {dag.py:2907} INFO - Sync 1 DAGs
[2023-08-31T15:22:35.660+0000] {logging_mixin.py:151} INFO - [2023-08-31T15:22:35.660+0000] {dag.py:3677} INFO - Setting next_dagrun for latest_only to 2023-08-31T11:22:35.660569+00:00, run_after=2023-08-31T15:22:35.660569+00:00
[2023-08-31T15:22:35.671+0000] {processor.py:179} INFO - Processing /home/airflow/.local/lib/python3.8/site-packages/airflow/example_dags/example_latest_only.py took 0.048 seconds
[2023-08-31T15:23:06.119+0000] {processor.py:157} INFO - Started process (PID=3404) to work on /home/airflow/.local/lib/python3.8/site-packages/airflow/example_dags/example_latest_only.py
[2023-08-31T15:23:06.120+0000] {processor.py:829} INFO - Processing file /home/airflow/.local/lib/python3.8/site-packages/airflow/example_dags/example_latest_only.py for tasks to queue
[2023-08-31T15:23:06.121+0000] {logging_mixin.py:151} INFO - [2023-08-31T15:23:06.120+0000] {dagbag.py:539} INFO - Filling up the DagBag from /home/airflow/.local/lib/python3.8/site-packages/airflow/example_dags/example_latest_only.py
[2023-08-31T15:23:06.126+0000] {processor.py:839} INFO - DAG(s) dict_keys(['latest_only']) retrieved from /home/airflow/.local/lib/python3.8/site-packages/airflow/example_dags/example_latest_only.py
[2023-08-31T15:23:06.146+0000] {logging_mixin.py:151} INFO - [2023-08-31T15:23:06.146+0000] {dag.py:2907} INFO - Sync 1 DAGs
[2023-08-31T15:23:06.159+0000] {logging_mixin.py:151} INFO - [2023-08-31T15:23:06.159+0000] {dag.py:3677} INFO - Setting next_dagrun for latest_only to 2023-08-31T11:23:06.159270+00:00, run_after=2023-08-31T15:23:06.159270+00:00
[2023-08-31T15:23:06.174+0000] {processor.py:179} INFO - Processing /home/airflow/.local/lib/python3.8/site-packages/airflow/example_dags/example_latest_only.py took 0.058 seconds
[2023-08-31T15:23:36.603+0000] {processor.py:157} INFO - Started process (PID=3644) to work on /home/airflow/.local/lib/python3.8/site-packages/airflow/example_dags/example_latest_only.py
[2023-08-31T15:23:36.604+0000] {processor.py:829} INFO - Processing file /home/airflow/.local/lib/python3.8/site-packages/airflow/example_dags/example_latest_only.py for tasks to queue
[2023-08-31T15:23:36.606+0000] {logging_mixin.py:151} INFO - [2023-08-31T15:23:36.606+0000] {dagbag.py:539} INFO - Filling up the DagBag from /home/airflow/.local/lib/python3.8/site-packages/airflow/example_dags/example_latest_only.py
[2023-08-31T15:23:36.610+0000] {processor.py:839} INFO - DAG(s) dict_keys(['latest_only']) retrieved from /home/airflow/.local/lib/python3.8/site-packages/airflow/example_dags/example_latest_only.py
[2023-08-31T15:23:36.626+0000] {logging_mixin.py:151} INFO - [2023-08-31T15:23:36.626+0000] {dag.py:2907} INFO - Sync 1 DAGs
[2023-08-31T15:23:36.639+0000] {logging_mixin.py:151} INFO - [2023-08-31T15:23:36.639+0000] {dag.py:3677} INFO - Setting next_dagrun for latest_only to 2023-08-31T11:23:36.639400+00:00, run_after=2023-08-31T15:23:36.639400+00:00
[2023-08-31T15:23:36.651+0000] {processor.py:179} INFO - Processing /home/airflow/.local/lib/python3.8/site-packages/airflow/example_dags/example_latest_only.py took 0.050 seconds
[2023-08-31T15:24:06.937+0000] {processor.py:157} INFO - Started process (PID=3886) to work on /home/airflow/.local/lib/python3.8/site-packages/airflow/example_dags/example_latest_only.py
[2023-08-31T15:24:06.939+0000] {processor.py:829} INFO - Processing file /home/airflow/.local/lib/python3.8/site-packages/airflow/example_dags/example_latest_only.py for tasks to queue
[2023-08-31T15:24:06.940+0000] {logging_mixin.py:151} INFO - [2023-08-31T15:24:06.940+0000] {dagbag.py:539} INFO - Filling up the DagBag from /home/airflow/.local/lib/python3.8/site-packages/airflow/example_dags/example_latest_only.py
[2023-08-31T15:24:06.946+0000] {processor.py:839} INFO - DAG(s) dict_keys(['latest_only']) retrieved from /home/airflow/.local/lib/python3.8/site-packages/airflow/example_dags/example_latest_only.py
[2023-08-31T15:24:06.964+0000] {logging_mixin.py:151} INFO - [2023-08-31T15:24:06.964+0000] {dag.py:2907} INFO - Sync 1 DAGs
[2023-08-31T15:24:06.979+0000] {logging_mixin.py:151} INFO - [2023-08-31T15:24:06.979+0000] {dag.py:3677} INFO - Setting next_dagrun for latest_only to 2023-08-31T11:24:06.979181+00:00, run_after=2023-08-31T15:24:06.979181+00:00
[2023-08-31T15:24:06.995+0000] {processor.py:179} INFO - Processing /home/airflow/.local/lib/python3.8/site-packages/airflow/example_dags/example_latest_only.py took 0.061 seconds
[2023-08-31T15:24:37.253+0000] {processor.py:157} INFO - Started process (PID=4126) to work on /home/airflow/.local/lib/python3.8/site-packages/airflow/example_dags/example_latest_only.py
[2023-08-31T15:24:37.255+0000] {processor.py:829} INFO - Processing file /home/airflow/.local/lib/python3.8/site-packages/airflow/example_dags/example_latest_only.py for tasks to queue
[2023-08-31T15:24:37.256+0000] {logging_mixin.py:151} INFO - [2023-08-31T15:24:37.256+0000] {dagbag.py:539} INFO - Filling up the DagBag from /home/airflow/.local/lib/python3.8/site-packages/airflow/example_dags/example_latest_only.py
[2023-08-31T15:24:37.261+0000] {processor.py:839} INFO - DAG(s) dict_keys(['latest_only']) retrieved from /home/airflow/.local/lib/python3.8/site-packages/airflow/example_dags/example_latest_only.py
[2023-08-31T15:24:37.275+0000] {logging_mixin.py:151} INFO - [2023-08-31T15:24:37.275+0000] {dag.py:2907} INFO - Sync 1 DAGs
[2023-08-31T15:24:37.289+0000] {logging_mixin.py:151} INFO - [2023-08-31T15:24:37.289+0000] {dag.py:3677} INFO - Setting next_dagrun for latest_only to 2023-08-31T11:24:37.289508+00:00, run_after=2023-08-31T15:24:37.289508+00:00
[2023-08-31T15:24:37.300+0000] {processor.py:179} INFO - Processing /home/airflow/.local/lib/python3.8/site-packages/airflow/example_dags/example_latest_only.py took 0.050 seconds
[2023-08-31T15:25:07.558+0000] {processor.py:157} INFO - Started process (PID=4366) to work on /home/airflow/.local/lib/python3.8/site-packages/airflow/example_dags/example_latest_only.py
[2023-08-31T15:25:07.559+0000] {processor.py:829} INFO - Processing file /home/airflow/.local/lib/python3.8/site-packages/airflow/example_dags/example_latest_only.py for tasks to queue
[2023-08-31T15:25:07.560+0000] {logging_mixin.py:151} INFO - [2023-08-31T15:25:07.560+0000] {dagbag.py:539} INFO - Filling up the DagBag from /home/airflow/.local/lib/python3.8/site-packages/airflow/example_dags/example_latest_only.py
[2023-08-31T15:25:07.565+0000] {processor.py:839} INFO - DAG(s) dict_keys(['latest_only']) retrieved from /home/airflow/.local/lib/python3.8/site-packages/airflow/example_dags/example_latest_only.py
[2023-08-31T15:25:07.579+0000] {logging_mixin.py:151} INFO - [2023-08-31T15:25:07.579+0000] {dag.py:2907} INFO - Sync 1 DAGs
[2023-08-31T15:25:07.593+0000] {logging_mixin.py:151} INFO - [2023-08-31T15:25:07.593+0000] {dag.py:3677} INFO - Setting next_dagrun for latest_only to 2023-08-31T11:25:07.593153+00:00, run_after=2023-08-31T15:25:07.593153+00:00
[2023-08-31T15:25:07.605+0000] {processor.py:179} INFO - Processing /home/airflow/.local/lib/python3.8/site-packages/airflow/example_dags/example_latest_only.py took 0.049 seconds
[2023-08-31T15:25:37.829+0000] {processor.py:157} INFO - Started process (PID=4605) to work on /home/airflow/.local/lib/python3.8/site-packages/airflow/example_dags/example_latest_only.py
[2023-08-31T15:25:37.830+0000] {processor.py:829} INFO - Processing file /home/airflow/.local/lib/python3.8/site-packages/airflow/example_dags/example_latest_only.py for tasks to queue
[2023-08-31T15:25:37.832+0000] {logging_mixin.py:151} INFO - [2023-08-31T15:25:37.831+0000] {dagbag.py:539} INFO - Filling up the DagBag from /home/airflow/.local/lib/python3.8/site-packages/airflow/example_dags/example_latest_only.py
[2023-08-31T15:25:37.837+0000] {processor.py:839} INFO - DAG(s) dict_keys(['latest_only']) retrieved from /home/airflow/.local/lib/python3.8/site-packages/airflow/example_dags/example_latest_only.py
[2023-08-31T15:25:37.852+0000] {logging_mixin.py:151} INFO - [2023-08-31T15:25:37.852+0000] {dag.py:2907} INFO - Sync 1 DAGs
[2023-08-31T15:25:37.865+0000] {logging_mixin.py:151} INFO - [2023-08-31T15:25:37.865+0000] {dag.py:3677} INFO - Setting next_dagrun for latest_only to 2023-08-31T11:25:37.865402+00:00, run_after=2023-08-31T15:25:37.865402+00:00
[2023-08-31T15:25:37.875+0000] {processor.py:179} INFO - Processing /home/airflow/.local/lib/python3.8/site-packages/airflow/example_dags/example_latest_only.py took 0.049 seconds
[2023-08-31T15:26:08.126+0000] {processor.py:157} INFO - Started process (PID=4846) to work on /home/airflow/.local/lib/python3.8/site-packages/airflow/example_dags/example_latest_only.py
[2023-08-31T15:26:08.127+0000] {processor.py:829} INFO - Processing file /home/airflow/.local/lib/python3.8/site-packages/airflow/example_dags/example_latest_only.py for tasks to queue
[2023-08-31T15:26:08.128+0000] {logging_mixin.py:151} INFO - [2023-08-31T15:26:08.128+0000] {dagbag.py:539} INFO - Filling up the DagBag from /home/airflow/.local/lib/python3.8/site-packages/airflow/example_dags/example_latest_only.py
[2023-08-31T15:26:08.134+0000] {processor.py:839} INFO - DAG(s) dict_keys(['latest_only']) retrieved from /home/airflow/.local/lib/python3.8/site-packages/airflow/example_dags/example_latest_only.py
[2023-08-31T15:26:08.151+0000] {logging_mixin.py:151} INFO - [2023-08-31T15:26:08.150+0000] {dag.py:2907} INFO - Sync 1 DAGs
[2023-08-31T15:26:08.165+0000] {logging_mixin.py:151} INFO - [2023-08-31T15:26:08.165+0000] {dag.py:3677} INFO - Setting next_dagrun for latest_only to 2023-08-31T11:26:08.165162+00:00, run_after=2023-08-31T15:26:08.165162+00:00
[2023-08-31T15:26:08.176+0000] {processor.py:179} INFO - Processing /home/airflow/.local/lib/python3.8/site-packages/airflow/example_dags/example_latest_only.py took 0.052 seconds
[2023-08-31T15:26:38.458+0000] {processor.py:157} INFO - Started process (PID=5085) to work on /home/airflow/.local/lib/python3.8/site-packages/airflow/example_dags/example_latest_only.py
[2023-08-31T15:26:38.459+0000] {processor.py:829} INFO - Processing file /home/airflow/.local/lib/python3.8/site-packages/airflow/example_dags/example_latest_only.py for tasks to queue
[2023-08-31T15:26:38.461+0000] {logging_mixin.py:151} INFO - [2023-08-31T15:26:38.460+0000] {dagbag.py:539} INFO - Filling up the DagBag from /home/airflow/.local/lib/python3.8/site-packages/airflow/example_dags/example_latest_only.py
[2023-08-31T15:26:38.465+0000] {processor.py:839} INFO - DAG(s) dict_keys(['latest_only']) retrieved from /home/airflow/.local/lib/python3.8/site-packages/airflow/example_dags/example_latest_only.py
[2023-08-31T15:26:38.480+0000] {logging_mixin.py:151} INFO - [2023-08-31T15:26:38.480+0000] {dag.py:2907} INFO - Sync 1 DAGs
[2023-08-31T15:26:38.497+0000] {logging_mixin.py:151} INFO - [2023-08-31T15:26:38.496+0000] {dag.py:3677} INFO - Setting next_dagrun for latest_only to 2023-08-31T11:26:38.496828+00:00, run_after=2023-08-31T15:26:38.496828+00:00
[2023-08-31T15:26:38.507+0000] {processor.py:179} INFO - Processing /home/airflow/.local/lib/python3.8/site-packages/airflow/example_dags/example_latest_only.py took 0.052 seconds
[2023-08-31T15:27:08.797+0000] {processor.py:157} INFO - Started process (PID=5326) to work on /home/airflow/.local/lib/python3.8/site-packages/airflow/example_dags/example_latest_only.py
[2023-08-31T15:27:08.798+0000] {processor.py:829} INFO - Processing file /home/airflow/.local/lib/python3.8/site-packages/airflow/example_dags/example_latest_only.py for tasks to queue
[2023-08-31T15:27:08.799+0000] {logging_mixin.py:151} INFO - [2023-08-31T15:27:08.799+0000] {dagbag.py:539} INFO - Filling up the DagBag from /home/airflow/.local/lib/python3.8/site-packages/airflow/example_dags/example_latest_only.py
[2023-08-31T15:27:08.806+0000] {processor.py:839} INFO - DAG(s) dict_keys(['latest_only']) retrieved from /home/airflow/.local/lib/python3.8/site-packages/airflow/example_dags/example_latest_only.py
[2023-08-31T15:27:08.820+0000] {logging_mixin.py:151} INFO - [2023-08-31T15:27:08.819+0000] {dag.py:2907} INFO - Sync 1 DAGs
[2023-08-31T15:27:08.834+0000] {logging_mixin.py:151} INFO - [2023-08-31T15:27:08.834+0000] {dag.py:3677} INFO - Setting next_dagrun for latest_only to 2023-08-31T11:27:08.834430+00:00, run_after=2023-08-31T15:27:08.834430+00:00
[2023-08-31T15:27:08.846+0000] {processor.py:179} INFO - Processing /home/airflow/.local/lib/python3.8/site-packages/airflow/example_dags/example_latest_only.py took 0.052 seconds
[2023-08-31T15:27:39.165+0000] {processor.py:157} INFO - Started process (PID=5564) to work on /home/airflow/.local/lib/python3.8/site-packages/airflow/example_dags/example_latest_only.py
[2023-08-31T15:27:39.166+0000] {processor.py:829} INFO - Processing file /home/airflow/.local/lib/python3.8/site-packages/airflow/example_dags/example_latest_only.py for tasks to queue
[2023-08-31T15:27:39.167+0000] {logging_mixin.py:151} INFO - [2023-08-31T15:27:39.167+0000] {dagbag.py:539} INFO - Filling up the DagBag from /home/airflow/.local/lib/python3.8/site-packages/airflow/example_dags/example_latest_only.py
[2023-08-31T15:27:39.174+0000] {processor.py:839} INFO - DAG(s) dict_keys(['latest_only']) retrieved from /home/airflow/.local/lib/python3.8/site-packages/airflow/example_dags/example_latest_only.py
[2023-08-31T15:27:39.192+0000] {logging_mixin.py:151} INFO - [2023-08-31T15:27:39.192+0000] {dag.py:2907} INFO - Sync 1 DAGs
[2023-08-31T15:27:39.207+0000] {logging_mixin.py:151} INFO - [2023-08-31T15:27:39.207+0000] {dag.py:3677} INFO - Setting next_dagrun for latest_only to 2023-08-31T11:27:39.207110+00:00, run_after=2023-08-31T15:27:39.207110+00:00
[2023-08-31T15:27:39.222+0000] {processor.py:179} INFO - Processing /home/airflow/.local/lib/python3.8/site-packages/airflow/example_dags/example_latest_only.py took 0.060 seconds
[2023-08-31T15:28:09.441+0000] {processor.py:157} INFO - Started process (PID=5804) to work on /home/airflow/.local/lib/python3.8/site-packages/airflow/example_dags/example_latest_only.py
[2023-08-31T15:28:09.443+0000] {processor.py:829} INFO - Processing file /home/airflow/.local/lib/python3.8/site-packages/airflow/example_dags/example_latest_only.py for tasks to queue
[2023-08-31T15:28:09.445+0000] {logging_mixin.py:151} INFO - [2023-08-31T15:28:09.445+0000] {dagbag.py:539} INFO - Filling up the DagBag from /home/airflow/.local/lib/python3.8/site-packages/airflow/example_dags/example_latest_only.py
[2023-08-31T15:28:09.450+0000] {processor.py:839} INFO - DAG(s) dict_keys(['latest_only']) retrieved from /home/airflow/.local/lib/python3.8/site-packages/airflow/example_dags/example_latest_only.py
[2023-08-31T15:28:09.467+0000] {logging_mixin.py:151} INFO - [2023-08-31T15:28:09.467+0000] {dag.py:2907} INFO - Sync 1 DAGs
[2023-08-31T15:28:09.481+0000] {logging_mixin.py:151} INFO - [2023-08-31T15:28:09.481+0000] {dag.py:3677} INFO - Setting next_dagrun for latest_only to 2023-08-31T11:28:09.481205+00:00, run_after=2023-08-31T15:28:09.481205+00:00
[2023-08-31T15:28:09.496+0000] {processor.py:179} INFO - Processing /home/airflow/.local/lib/python3.8/site-packages/airflow/example_dags/example_latest_only.py took 0.057 seconds
[2023-08-31T15:28:39.782+0000] {processor.py:157} INFO - Started process (PID=6045) to work on /home/airflow/.local/lib/python3.8/site-packages/airflow/example_dags/example_latest_only.py
[2023-08-31T15:28:39.783+0000] {processor.py:829} INFO - Processing file /home/airflow/.local/lib/python3.8/site-packages/airflow/example_dags/example_latest_only.py for tasks to queue
[2023-08-31T15:28:39.785+0000] {logging_mixin.py:151} INFO - [2023-08-31T15:28:39.784+0000] {dagbag.py:539} INFO - Filling up the DagBag from /home/airflow/.local/lib/python3.8/site-packages/airflow/example_dags/example_latest_only.py
[2023-08-31T15:28:39.790+0000] {processor.py:839} INFO - DAG(s) dict_keys(['latest_only']) retrieved from /home/airflow/.local/lib/python3.8/site-packages/airflow/example_dags/example_latest_only.py
[2023-08-31T15:28:39.805+0000] {logging_mixin.py:151} INFO - [2023-08-31T15:28:39.805+0000] {dag.py:2907} INFO - Sync 1 DAGs
[2023-08-31T15:28:39.820+0000] {logging_mixin.py:151} INFO - [2023-08-31T15:28:39.820+0000] {dag.py:3677} INFO - Setting next_dagrun for latest_only to 2023-08-31T11:28:39.820470+00:00, run_after=2023-08-31T15:28:39.820470+00:00
[2023-08-31T15:28:39.832+0000] {processor.py:179} INFO - Processing /home/airflow/.local/lib/python3.8/site-packages/airflow/example_dags/example_latest_only.py took 0.052 seconds
[2023-08-31T15:29:10.140+0000] {processor.py:157} INFO - Started process (PID=6289) to work on /home/airflow/.local/lib/python3.8/site-packages/airflow/example_dags/example_latest_only.py
[2023-08-31T15:29:10.142+0000] {processor.py:829} INFO - Processing file /home/airflow/.local/lib/python3.8/site-packages/airflow/example_dags/example_latest_only.py for tasks to queue
[2023-08-31T15:29:10.143+0000] {logging_mixin.py:151} INFO - [2023-08-31T15:29:10.142+0000] {dagbag.py:539} INFO - Filling up the DagBag from /home/airflow/.local/lib/python3.8/site-packages/airflow/example_dags/example_latest_only.py
[2023-08-31T15:29:10.147+0000] {processor.py:839} INFO - DAG(s) dict_keys(['latest_only']) retrieved from /home/airflow/.local/lib/python3.8/site-packages/airflow/example_dags/example_latest_only.py
[2023-08-31T15:29:10.160+0000] {logging_mixin.py:151} INFO - [2023-08-31T15:29:10.160+0000] {dag.py:2907} INFO - Sync 1 DAGs
[2023-08-31T15:29:10.172+0000] {logging_mixin.py:151} INFO - [2023-08-31T15:29:10.172+0000] {dag.py:3677} INFO - Setting next_dagrun for latest_only to 2023-08-31T11:29:10.171948+00:00, run_after=2023-08-31T15:29:10.171948+00:00
[2023-08-31T15:29:10.181+0000] {processor.py:179} INFO - Processing /home/airflow/.local/lib/python3.8/site-packages/airflow/example_dags/example_latest_only.py took 0.043 seconds
[2023-08-31T15:29:40.462+0000] {processor.py:157} INFO - Started process (PID=6527) to work on /home/airflow/.local/lib/python3.8/site-packages/airflow/example_dags/example_latest_only.py
[2023-08-31T15:29:40.463+0000] {processor.py:829} INFO - Processing file /home/airflow/.local/lib/python3.8/site-packages/airflow/example_dags/example_latest_only.py for tasks to queue
[2023-08-31T15:29:40.464+0000] {logging_mixin.py:151} INFO - [2023-08-31T15:29:40.464+0000] {dagbag.py:539} INFO - Filling up the DagBag from /home/airflow/.local/lib/python3.8/site-packages/airflow/example_dags/example_latest_only.py
[2023-08-31T15:29:40.469+0000] {processor.py:839} INFO - DAG(s) dict_keys(['latest_only']) retrieved from /home/airflow/.local/lib/python3.8/site-packages/airflow/example_dags/example_latest_only.py
[2023-08-31T15:29:40.483+0000] {logging_mixin.py:151} INFO - [2023-08-31T15:29:40.483+0000] {dag.py:2907} INFO - Sync 1 DAGs
[2023-08-31T15:29:40.496+0000] {logging_mixin.py:151} INFO - [2023-08-31T15:29:40.496+0000] {dag.py:3677} INFO - Setting next_dagrun for latest_only to 2023-08-31T11:29:40.496404+00:00, run_after=2023-08-31T15:29:40.496404+00:00
[2023-08-31T15:29:40.508+0000] {processor.py:179} INFO - Processing /home/airflow/.local/lib/python3.8/site-packages/airflow/example_dags/example_latest_only.py took 0.048 seconds
[2023-08-31T15:30:10.673+0000] {processor.py:157} INFO - Started process (PID=6767) to work on /home/airflow/.local/lib/python3.8/site-packages/airflow/example_dags/example_latest_only.py
[2023-08-31T15:30:10.674+0000] {processor.py:829} INFO - Processing file /home/airflow/.local/lib/python3.8/site-packages/airflow/example_dags/example_latest_only.py for tasks to queue
[2023-08-31T15:30:10.675+0000] {logging_mixin.py:151} INFO - [2023-08-31T15:30:10.675+0000] {dagbag.py:539} INFO - Filling up the DagBag from /home/airflow/.local/lib/python3.8/site-packages/airflow/example_dags/example_latest_only.py
[2023-08-31T15:30:10.680+0000] {processor.py:839} INFO - DAG(s) dict_keys(['latest_only']) retrieved from /home/airflow/.local/lib/python3.8/site-packages/airflow/example_dags/example_latest_only.py
[2023-08-31T15:30:10.695+0000] {logging_mixin.py:151} INFO - [2023-08-31T15:30:10.695+0000] {dag.py:2907} INFO - Sync 1 DAGs
[2023-08-31T15:30:10.708+0000] {logging_mixin.py:151} INFO - [2023-08-31T15:30:10.708+0000] {dag.py:3677} INFO - Setting next_dagrun for latest_only to 2023-08-31T11:30:10.708643+00:00, run_after=2023-08-31T15:30:10.708643+00:00
[2023-08-31T15:30:10.720+0000] {processor.py:179} INFO - Processing /home/airflow/.local/lib/python3.8/site-packages/airflow/example_dags/example_latest_only.py took 0.050 seconds
[2023-08-31T15:30:41.015+0000] {processor.py:157} INFO - Started process (PID=7010) to work on /home/airflow/.local/lib/python3.8/site-packages/airflow/example_dags/example_latest_only.py
[2023-08-31T15:30:41.016+0000] {processor.py:829} INFO - Processing file /home/airflow/.local/lib/python3.8/site-packages/airflow/example_dags/example_latest_only.py for tasks to queue
[2023-08-31T15:30:41.017+0000] {logging_mixin.py:151} INFO - [2023-08-31T15:30:41.017+0000] {dagbag.py:539} INFO - Filling up the DagBag from /home/airflow/.local/lib/python3.8/site-packages/airflow/example_dags/example_latest_only.py
[2023-08-31T15:30:41.022+0000] {processor.py:839} INFO - DAG(s) dict_keys(['latest_only']) retrieved from /home/airflow/.local/lib/python3.8/site-packages/airflow/example_dags/example_latest_only.py
[2023-08-31T15:30:41.037+0000] {logging_mixin.py:151} INFO - [2023-08-31T15:30:41.037+0000] {dag.py:2907} INFO - Sync 1 DAGs
[2023-08-31T15:30:41.049+0000] {logging_mixin.py:151} INFO - [2023-08-31T15:30:41.049+0000] {dag.py:3677} INFO - Setting next_dagrun for latest_only to 2023-08-31T11:30:41.049540+00:00, run_after=2023-08-31T15:30:41.049540+00:00
[2023-08-31T15:30:41.062+0000] {processor.py:179} INFO - Processing /home/airflow/.local/lib/python3.8/site-packages/airflow/example_dags/example_latest_only.py took 0.049 seconds
[2023-08-31T15:31:11.427+0000] {processor.py:157} INFO - Started process (PID=7249) to work on /home/airflow/.local/lib/python3.8/site-packages/airflow/example_dags/example_latest_only.py
[2023-08-31T15:31:11.428+0000] {processor.py:829} INFO - Processing file /home/airflow/.local/lib/python3.8/site-packages/airflow/example_dags/example_latest_only.py for tasks to queue
[2023-08-31T15:31:11.429+0000] {logging_mixin.py:151} INFO - [2023-08-31T15:31:11.429+0000] {dagbag.py:539} INFO - Filling up the DagBag from /home/airflow/.local/lib/python3.8/site-packages/airflow/example_dags/example_latest_only.py
[2023-08-31T15:31:11.435+0000] {processor.py:839} INFO - DAG(s) dict_keys(['latest_only']) retrieved from /home/airflow/.local/lib/python3.8/site-packages/airflow/example_dags/example_latest_only.py
[2023-08-31T15:31:11.450+0000] {logging_mixin.py:151} INFO - [2023-08-31T15:31:11.449+0000] {dag.py:2907} INFO - Sync 1 DAGs
[2023-08-31T15:31:11.463+0000] {logging_mixin.py:151} INFO - [2023-08-31T15:31:11.463+0000] {dag.py:3677} INFO - Setting next_dagrun for latest_only to 2023-08-31T11:31:11.462906+00:00, run_after=2023-08-31T15:31:11.462906+00:00
[2023-08-31T15:31:11.473+0000] {processor.py:179} INFO - Processing /home/airflow/.local/lib/python3.8/site-packages/airflow/example_dags/example_latest_only.py took 0.051 seconds
[2023-08-31T15:31:41.845+0000] {processor.py:157} INFO - Started process (PID=7486) to work on /home/airflow/.local/lib/python3.8/site-packages/airflow/example_dags/example_latest_only.py
[2023-08-31T15:31:41.847+0000] {processor.py:829} INFO - Processing file /home/airflow/.local/lib/python3.8/site-packages/airflow/example_dags/example_latest_only.py for tasks to queue
[2023-08-31T15:31:41.848+0000] {logging_mixin.py:151} INFO - [2023-08-31T15:31:41.848+0000] {dagbag.py:539} INFO - Filling up the DagBag from /home/airflow/.local/lib/python3.8/site-packages/airflow/example_dags/example_latest_only.py
[2023-08-31T15:31:41.853+0000] {processor.py:839} INFO - DAG(s) dict_keys(['latest_only']) retrieved from /home/airflow/.local/lib/python3.8/site-packages/airflow/example_dags/example_latest_only.py
[2023-08-31T15:31:41.871+0000] {logging_mixin.py:151} INFO - [2023-08-31T15:31:41.871+0000] {dag.py:2907} INFO - Sync 1 DAGs
[2023-08-31T15:31:41.889+0000] {logging_mixin.py:151} INFO - [2023-08-31T15:31:41.889+0000] {dag.py:3677} INFO - Setting next_dagrun for latest_only to 2023-08-31T11:31:41.889210+00:00, run_after=2023-08-31T15:31:41.889210+00:00
[2023-08-31T15:31:41.902+0000] {processor.py:179} INFO - Processing /home/airflow/.local/lib/python3.8/site-packages/airflow/example_dags/example_latest_only.py took 0.059 seconds
[2023-08-31T15:32:12.170+0000] {processor.py:157} INFO - Started process (PID=7725) to work on /home/airflow/.local/lib/python3.8/site-packages/airflow/example_dags/example_latest_only.py
[2023-08-31T15:32:12.172+0000] {processor.py:829} INFO - Processing file /home/airflow/.local/lib/python3.8/site-packages/airflow/example_dags/example_latest_only.py for tasks to queue
[2023-08-31T15:32:12.173+0000] {logging_mixin.py:151} INFO - [2023-08-31T15:32:12.173+0000] {dagbag.py:539} INFO - Filling up the DagBag from /home/airflow/.local/lib/python3.8/site-packages/airflow/example_dags/example_latest_only.py
[2023-08-31T15:32:12.178+0000] {processor.py:839} INFO - DAG(s) dict_keys(['latest_only']) retrieved from /home/airflow/.local/lib/python3.8/site-packages/airflow/example_dags/example_latest_only.py
[2023-08-31T15:32:12.192+0000] {logging_mixin.py:151} INFO - [2023-08-31T15:32:12.192+0000] {dag.py:2907} INFO - Sync 1 DAGs
[2023-08-31T15:32:12.205+0000] {logging_mixin.py:151} INFO - [2023-08-31T15:32:12.205+0000] {dag.py:3677} INFO - Setting next_dagrun for latest_only to 2023-08-31T11:32:12.205114+00:00, run_after=2023-08-31T15:32:12.205114+00:00
[2023-08-31T15:32:12.218+0000] {processor.py:179} INFO - Processing /home/airflow/.local/lib/python3.8/site-packages/airflow/example_dags/example_latest_only.py took 0.051 seconds
[2023-08-31T15:32:42.636+0000] {processor.py:157} INFO - Started process (PID=7967) to work on /home/airflow/.local/lib/python3.8/site-packages/airflow/example_dags/example_latest_only.py
[2023-08-31T15:32:42.637+0000] {processor.py:829} INFO - Processing file /home/airflow/.local/lib/python3.8/site-packages/airflow/example_dags/example_latest_only.py for tasks to queue
[2023-08-31T15:32:42.638+0000] {logging_mixin.py:151} INFO - [2023-08-31T15:32:42.638+0000] {dagbag.py:539} INFO - Filling up the DagBag from /home/airflow/.local/lib/python3.8/site-packages/airflow/example_dags/example_latest_only.py
[2023-08-31T15:32:42.643+0000] {processor.py:839} INFO - DAG(s) dict_keys(['latest_only']) retrieved from /home/airflow/.local/lib/python3.8/site-packages/airflow/example_dags/example_latest_only.py
[2023-08-31T15:32:42.656+0000] {logging_mixin.py:151} INFO - [2023-08-31T15:32:42.656+0000] {dag.py:2907} INFO - Sync 1 DAGs
[2023-08-31T15:32:42.668+0000] {logging_mixin.py:151} INFO - [2023-08-31T15:32:42.668+0000] {dag.py:3677} INFO - Setting next_dagrun for latest_only to 2023-08-31T11:32:42.668350+00:00, run_after=2023-08-31T15:32:42.668350+00:00
[2023-08-31T15:32:42.677+0000] {processor.py:179} INFO - Processing /home/airflow/.local/lib/python3.8/site-packages/airflow/example_dags/example_latest_only.py took 0.044 seconds
[2023-08-31T15:33:13.078+0000] {processor.py:157} INFO - Started process (PID=8204) to work on /home/airflow/.local/lib/python3.8/site-packages/airflow/example_dags/example_latest_only.py
[2023-08-31T15:33:13.080+0000] {processor.py:829} INFO - Processing file /home/airflow/.local/lib/python3.8/site-packages/airflow/example_dags/example_latest_only.py for tasks to queue
[2023-08-31T15:33:13.081+0000] {logging_mixin.py:151} INFO - [2023-08-31T15:33:13.081+0000] {dagbag.py:539} INFO - Filling up the DagBag from /home/airflow/.local/lib/python3.8/site-packages/airflow/example_dags/example_latest_only.py
[2023-08-31T15:33:13.086+0000] {processor.py:839} INFO - DAG(s) dict_keys(['latest_only']) retrieved from /home/airflow/.local/lib/python3.8/site-packages/airflow/example_dags/example_latest_only.py
[2023-08-31T15:33:13.102+0000] {logging_mixin.py:151} INFO - [2023-08-31T15:33:13.102+0000] {dag.py:2907} INFO - Sync 1 DAGs
[2023-08-31T15:33:13.116+0000] {logging_mixin.py:151} INFO - [2023-08-31T15:33:13.116+0000] {dag.py:3677} INFO - Setting next_dagrun for latest_only to 2023-08-31T11:33:13.116043+00:00, run_after=2023-08-31T15:33:13.116043+00:00
[2023-08-31T15:33:13.127+0000] {processor.py:179} INFO - Processing /home/airflow/.local/lib/python3.8/site-packages/airflow/example_dags/example_latest_only.py took 0.051 seconds
[2023-08-31T15:33:43.632+0000] {processor.py:157} INFO - Started process (PID=8446) to work on /home/airflow/.local/lib/python3.8/site-packages/airflow/example_dags/example_latest_only.py
[2023-08-31T15:33:43.633+0000] {processor.py:829} INFO - Processing file /home/airflow/.local/lib/python3.8/site-packages/airflow/example_dags/example_latest_only.py for tasks to queue
[2023-08-31T15:33:43.636+0000] {logging_mixin.py:151} INFO - [2023-08-31T15:33:43.636+0000] {dagbag.py:539} INFO - Filling up the DagBag from /home/airflow/.local/lib/python3.8/site-packages/airflow/example_dags/example_latest_only.py
[2023-08-31T15:33:43.642+0000] {processor.py:839} INFO - DAG(s) dict_keys(['latest_only']) retrieved from /home/airflow/.local/lib/python3.8/site-packages/airflow/example_dags/example_latest_only.py
[2023-08-31T15:33:43.666+0000] {logging_mixin.py:151} INFO - [2023-08-31T15:33:43.666+0000] {dag.py:2907} INFO - Sync 1 DAGs
[2023-08-31T15:33:43.681+0000] {logging_mixin.py:151} INFO - [2023-08-31T15:33:43.681+0000] {dag.py:3677} INFO - Setting next_dagrun for latest_only to 2023-08-31T11:33:43.681230+00:00, run_after=2023-08-31T15:33:43.681230+00:00
[2023-08-31T15:33:43.693+0000] {processor.py:179} INFO - Processing /home/airflow/.local/lib/python3.8/site-packages/airflow/example_dags/example_latest_only.py took 0.064 seconds
[2023-08-31T15:34:14.066+0000] {processor.py:157} INFO - Started process (PID=8685) to work on /home/airflow/.local/lib/python3.8/site-packages/airflow/example_dags/example_latest_only.py
[2023-08-31T15:34:14.067+0000] {processor.py:829} INFO - Processing file /home/airflow/.local/lib/python3.8/site-packages/airflow/example_dags/example_latest_only.py for tasks to queue
[2023-08-31T15:34:14.069+0000] {logging_mixin.py:151} INFO - [2023-08-31T15:34:14.068+0000] {dagbag.py:539} INFO - Filling up the DagBag from /home/airflow/.local/lib/python3.8/site-packages/airflow/example_dags/example_latest_only.py
[2023-08-31T15:34:14.074+0000] {processor.py:839} INFO - DAG(s) dict_keys(['latest_only']) retrieved from /home/airflow/.local/lib/python3.8/site-packages/airflow/example_dags/example_latest_only.py
[2023-08-31T15:34:14.088+0000] {logging_mixin.py:151} INFO - [2023-08-31T15:34:14.088+0000] {dag.py:2907} INFO - Sync 1 DAGs
[2023-08-31T15:34:14.101+0000] {logging_mixin.py:151} INFO - [2023-08-31T15:34:14.101+0000] {dag.py:3677} INFO - Setting next_dagrun for latest_only to 2023-08-31T11:34:14.101456+00:00, run_after=2023-08-31T15:34:14.101456+00:00
[2023-08-31T15:34:14.112+0000] {processor.py:179} INFO - Processing /home/airflow/.local/lib/python3.8/site-packages/airflow/example_dags/example_latest_only.py took 0.049 seconds
[2023-08-31T15:34:44.409+0000] {processor.py:157} INFO - Started process (PID=8925) to work on /home/airflow/.local/lib/python3.8/site-packages/airflow/example_dags/example_latest_only.py
[2023-08-31T15:34:44.410+0000] {processor.py:829} INFO - Processing file /home/airflow/.local/lib/python3.8/site-packages/airflow/example_dags/example_latest_only.py for tasks to queue
[2023-08-31T15:34:44.411+0000] {logging_mixin.py:151} INFO - [2023-08-31T15:34:44.411+0000] {dagbag.py:539} INFO - Filling up the DagBag from /home/airflow/.local/lib/python3.8/site-packages/airflow/example_dags/example_latest_only.py
[2023-08-31T15:34:44.416+0000] {processor.py:839} INFO - DAG(s) dict_keys(['latest_only']) retrieved from /home/airflow/.local/lib/python3.8/site-packages/airflow/example_dags/example_latest_only.py
[2023-08-31T15:34:44.430+0000] {logging_mixin.py:151} INFO - [2023-08-31T15:34:44.430+0000] {dag.py:2907} INFO - Sync 1 DAGs
[2023-08-31T15:34:44.444+0000] {logging_mixin.py:151} INFO - [2023-08-31T15:34:44.444+0000] {dag.py:3677} INFO - Setting next_dagrun for latest_only to 2023-08-31T11:34:44.444596+00:00, run_after=2023-08-31T15:34:44.444596+00:00
[2023-08-31T15:34:44.457+0000] {processor.py:179} INFO - Processing /home/airflow/.local/lib/python3.8/site-packages/airflow/example_dags/example_latest_only.py took 0.050 seconds
[2023-08-31T15:35:14.837+0000] {processor.py:157} INFO - Started process (PID=9167) to work on /home/airflow/.local/lib/python3.8/site-packages/airflow/example_dags/example_latest_only.py
[2023-08-31T15:35:14.838+0000] {processor.py:829} INFO - Processing file /home/airflow/.local/lib/python3.8/site-packages/airflow/example_dags/example_latest_only.py for tasks to queue
[2023-08-31T15:35:14.839+0000] {logging_mixin.py:151} INFO - [2023-08-31T15:35:14.839+0000] {dagbag.py:539} INFO - Filling up the DagBag from /home/airflow/.local/lib/python3.8/site-packages/airflow/example_dags/example_latest_only.py
[2023-08-31T15:35:14.845+0000] {processor.py:839} INFO - DAG(s) dict_keys(['latest_only']) retrieved from /home/airflow/.local/lib/python3.8/site-packages/airflow/example_dags/example_latest_only.py
[2023-08-31T15:35:14.860+0000] {logging_mixin.py:151} INFO - [2023-08-31T15:35:14.860+0000] {dag.py:2907} INFO - Sync 1 DAGs
[2023-08-31T15:35:14.873+0000] {logging_mixin.py:151} INFO - [2023-08-31T15:35:14.873+0000] {dag.py:3677} INFO - Setting next_dagrun for latest_only to 2023-08-31T11:35:14.873595+00:00, run_after=2023-08-31T15:35:14.873595+00:00
[2023-08-31T15:35:14.884+0000] {processor.py:179} INFO - Processing /home/airflow/.local/lib/python3.8/site-packages/airflow/example_dags/example_latest_only.py took 0.050 seconds
[2023-08-31T15:35:45.200+0000] {processor.py:157} INFO - Started process (PID=9408) to work on /home/airflow/.local/lib/python3.8/site-packages/airflow/example_dags/example_latest_only.py
[2023-08-31T15:35:45.201+0000] {processor.py:829} INFO - Processing file /home/airflow/.local/lib/python3.8/site-packages/airflow/example_dags/example_latest_only.py for tasks to queue
[2023-08-31T15:35:45.202+0000] {logging_mixin.py:151} INFO - [2023-08-31T15:35:45.202+0000] {dagbag.py:539} INFO - Filling up the DagBag from /home/airflow/.local/lib/python3.8/site-packages/airflow/example_dags/example_latest_only.py
[2023-08-31T15:35:45.207+0000] {processor.py:839} INFO - DAG(s) dict_keys(['latest_only']) retrieved from /home/airflow/.local/lib/python3.8/site-packages/airflow/example_dags/example_latest_only.py
[2023-08-31T15:35:45.224+0000] {logging_mixin.py:151} INFO - [2023-08-31T15:35:45.223+0000] {dag.py:2907} INFO - Sync 1 DAGs
[2023-08-31T15:35:45.238+0000] {logging_mixin.py:151} INFO - [2023-08-31T15:35:45.238+0000] {dag.py:3677} INFO - Setting next_dagrun for latest_only to 2023-08-31T11:35:45.237970+00:00, run_after=2023-08-31T15:35:45.237970+00:00
[2023-08-31T15:35:45.249+0000] {processor.py:179} INFO - Processing /home/airflow/.local/lib/python3.8/site-packages/airflow/example_dags/example_latest_only.py took 0.052 seconds
[2023-08-31T15:36:15.559+0000] {processor.py:157} INFO - Started process (PID=9647) to work on /home/airflow/.local/lib/python3.8/site-packages/airflow/example_dags/example_latest_only.py
[2023-08-31T15:36:15.560+0000] {processor.py:829} INFO - Processing file /home/airflow/.local/lib/python3.8/site-packages/airflow/example_dags/example_latest_only.py for tasks to queue
[2023-08-31T15:36:15.561+0000] {logging_mixin.py:151} INFO - [2023-08-31T15:36:15.561+0000] {dagbag.py:539} INFO - Filling up the DagBag from /home/airflow/.local/lib/python3.8/site-packages/airflow/example_dags/example_latest_only.py
[2023-08-31T15:36:15.566+0000] {processor.py:839} INFO - DAG(s) dict_keys(['latest_only']) retrieved from /home/airflow/.local/lib/python3.8/site-packages/airflow/example_dags/example_latest_only.py
[2023-08-31T15:36:15.581+0000] {logging_mixin.py:151} INFO - [2023-08-31T15:36:15.581+0000] {dag.py:2907} INFO - Sync 1 DAGs
[2023-08-31T15:36:15.594+0000] {logging_mixin.py:151} INFO - [2023-08-31T15:36:15.594+0000] {dag.py:3677} INFO - Setting next_dagrun for latest_only to 2023-08-31T11:36:15.594381+00:00, run_after=2023-08-31T15:36:15.594381+00:00
[2023-08-31T15:36:15.607+0000] {processor.py:179} INFO - Processing /home/airflow/.local/lib/python3.8/site-packages/airflow/example_dags/example_latest_only.py took 0.051 seconds
[2023-08-31T15:36:45.887+0000] {processor.py:157} INFO - Started process (PID=9887) to work on /home/airflow/.local/lib/python3.8/site-packages/airflow/example_dags/example_latest_only.py
[2023-08-31T15:36:45.888+0000] {processor.py:829} INFO - Processing file /home/airflow/.local/lib/python3.8/site-packages/airflow/example_dags/example_latest_only.py for tasks to queue
[2023-08-31T15:36:45.889+0000] {logging_mixin.py:151} INFO - [2023-08-31T15:36:45.889+0000] {dagbag.py:539} INFO - Filling up the DagBag from /home/airflow/.local/lib/python3.8/site-packages/airflow/example_dags/example_latest_only.py
[2023-08-31T15:36:45.894+0000] {processor.py:839} INFO - DAG(s) dict_keys(['latest_only']) retrieved from /home/airflow/.local/lib/python3.8/site-packages/airflow/example_dags/example_latest_only.py
[2023-08-31T15:36:45.909+0000] {logging_mixin.py:151} INFO - [2023-08-31T15:36:45.908+0000] {dag.py:2907} INFO - Sync 1 DAGs
[2023-08-31T15:36:45.922+0000] {logging_mixin.py:151} INFO - [2023-08-31T15:36:45.922+0000] {dag.py:3677} INFO - Setting next_dagrun for latest_only to 2023-08-31T11:36:45.922031+00:00, run_after=2023-08-31T15:36:45.922031+00:00
[2023-08-31T15:36:45.933+0000] {processor.py:179} INFO - Processing /home/airflow/.local/lib/python3.8/site-packages/airflow/example_dags/example_latest_only.py took 0.049 seconds
[2023-08-31T15:37:16.205+0000] {processor.py:157} INFO - Started process (PID=10126) to work on /home/airflow/.local/lib/python3.8/site-packages/airflow/example_dags/example_latest_only.py
[2023-08-31T15:37:16.206+0000] {processor.py:829} INFO - Processing file /home/airflow/.local/lib/python3.8/site-packages/airflow/example_dags/example_latest_only.py for tasks to queue
[2023-08-31T15:37:16.207+0000] {logging_mixin.py:151} INFO - [2023-08-31T15:37:16.207+0000] {dagbag.py:539} INFO - Filling up the DagBag from /home/airflow/.local/lib/python3.8/site-packages/airflow/example_dags/example_latest_only.py
[2023-08-31T15:37:16.212+0000] {processor.py:839} INFO - DAG(s) dict_keys(['latest_only']) retrieved from /home/airflow/.local/lib/python3.8/site-packages/airflow/example_dags/example_latest_only.py
[2023-08-31T15:37:16.228+0000] {logging_mixin.py:151} INFO - [2023-08-31T15:37:16.228+0000] {dag.py:2907} INFO - Sync 1 DAGs
[2023-08-31T15:37:16.241+0000] {logging_mixin.py:151} INFO - [2023-08-31T15:37:16.241+0000] {dag.py:3677} INFO - Setting next_dagrun for latest_only to 2023-08-31T11:37:16.241355+00:00, run_after=2023-08-31T15:37:16.241355+00:00
[2023-08-31T15:37:16.252+0000] {processor.py:179} INFO - Processing /home/airflow/.local/lib/python3.8/site-packages/airflow/example_dags/example_latest_only.py took 0.050 seconds
[2023-08-31T15:37:46.487+0000] {processor.py:157} INFO - Started process (PID=10367) to work on /home/airflow/.local/lib/python3.8/site-packages/airflow/example_dags/example_latest_only.py
[2023-08-31T15:37:46.488+0000] {processor.py:829} INFO - Processing file /home/airflow/.local/lib/python3.8/site-packages/airflow/example_dags/example_latest_only.py for tasks to queue
[2023-08-31T15:37:46.489+0000] {logging_mixin.py:151} INFO - [2023-08-31T15:37:46.489+0000] {dagbag.py:539} INFO - Filling up the DagBag from /home/airflow/.local/lib/python3.8/site-packages/airflow/example_dags/example_latest_only.py
[2023-08-31T15:37:46.494+0000] {processor.py:839} INFO - DAG(s) dict_keys(['latest_only']) retrieved from /home/airflow/.local/lib/python3.8/site-packages/airflow/example_dags/example_latest_only.py
[2023-08-31T15:37:46.508+0000] {logging_mixin.py:151} INFO - [2023-08-31T15:37:46.508+0000] {dag.py:2907} INFO - Sync 1 DAGs
[2023-08-31T15:37:46.522+0000] {logging_mixin.py:151} INFO - [2023-08-31T15:37:46.522+0000] {dag.py:3677} INFO - Setting next_dagrun for latest_only to 2023-08-31T11:37:46.522306+00:00, run_after=2023-08-31T15:37:46.522306+00:00
[2023-08-31T15:37:46.534+0000] {processor.py:179} INFO - Processing /home/airflow/.local/lib/python3.8/site-packages/airflow/example_dags/example_latest_only.py took 0.050 seconds
