[2023-08-31T15:16:29.069+0000] {processor.py:157} INFO - Started process (PID=224) to work on /home/airflow/.local/lib/python3.8/site-packages/airflow/example_dags/example_sensor_decorator.py
[2023-08-31T15:16:29.070+0000] {processor.py:829} INFO - Processing file /home/airflow/.local/lib/python3.8/site-packages/airflow/example_dags/example_sensor_decorator.py for tasks to queue
[2023-08-31T15:16:29.071+0000] {logging_mixin.py:151} INFO - [2023-08-31T15:16:29.071+0000] {dagbag.py:539} INFO - Filling up the DagBag from /home/airflow/.local/lib/python3.8/site-packages/airflow/example_dags/example_sensor_decorator.py
[2023-08-31T15:16:29.078+0000] {processor.py:839} INFO - DAG(s) dict_keys(['example_sensor_decorator']) retrieved from /home/airflow/.local/lib/python3.8/site-packages/airflow/example_dags/example_sensor_decorator.py
[2023-08-31T15:16:29.087+0000] {logging_mixin.py:151} INFO - [2023-08-31T15:16:29.087+0000] {dag.py:2907} INFO - Sync 1 DAGs
[2023-08-31T15:16:29.096+0000] {logging_mixin.py:151} INFO - [2023-08-31T15:16:29.096+0000] {dag.py:3677} INFO - Setting next_dagrun for example_sensor_decorator to None, run_after=None
[2023-08-31T15:16:29.108+0000] {processor.py:179} INFO - Processing /home/airflow/.local/lib/python3.8/site-packages/airflow/example_dags/example_sensor_decorator.py took 0.042 seconds
[2023-08-31T15:16:59.857+0000] {processor.py:157} INFO - Started process (PID=469) to work on /home/airflow/.local/lib/python3.8/site-packages/airflow/example_dags/example_sensor_decorator.py
[2023-08-31T15:16:59.858+0000] {processor.py:829} INFO - Processing file /home/airflow/.local/lib/python3.8/site-packages/airflow/example_dags/example_sensor_decorator.py for tasks to queue
[2023-08-31T15:16:59.859+0000] {logging_mixin.py:151} INFO - [2023-08-31T15:16:59.859+0000] {dagbag.py:539} INFO - Filling up the DagBag from /home/airflow/.local/lib/python3.8/site-packages/airflow/example_dags/example_sensor_decorator.py
[2023-08-31T15:16:59.864+0000] {processor.py:839} INFO - DAG(s) dict_keys(['example_sensor_decorator']) retrieved from /home/airflow/.local/lib/python3.8/site-packages/airflow/example_dags/example_sensor_decorator.py
[2023-08-31T15:16:59.878+0000] {logging_mixin.py:151} INFO - [2023-08-31T15:16:59.878+0000] {dag.py:2907} INFO - Sync 1 DAGs
[2023-08-31T15:16:59.886+0000] {logging_mixin.py:151} INFO - [2023-08-31T15:16:59.886+0000] {dag.py:3677} INFO - Setting next_dagrun for example_sensor_decorator to None, run_after=None
[2023-08-31T15:16:59.896+0000] {processor.py:179} INFO - Processing /home/airflow/.local/lib/python3.8/site-packages/airflow/example_dags/example_sensor_decorator.py took 0.043 seconds
[2023-08-31T15:17:30.849+0000] {processor.py:157} INFO - Started process (PID=708) to work on /home/airflow/.local/lib/python3.8/site-packages/airflow/example_dags/example_sensor_decorator.py
[2023-08-31T15:17:30.850+0000] {processor.py:829} INFO - Processing file /home/airflow/.local/lib/python3.8/site-packages/airflow/example_dags/example_sensor_decorator.py for tasks to queue
[2023-08-31T15:17:30.851+0000] {logging_mixin.py:151} INFO - [2023-08-31T15:17:30.851+0000] {dagbag.py:539} INFO - Filling up the DagBag from /home/airflow/.local/lib/python3.8/site-packages/airflow/example_dags/example_sensor_decorator.py
[2023-08-31T15:17:30.947+0000] {processor.py:839} INFO - DAG(s) dict_keys(['example_sensor_decorator']) retrieved from /home/airflow/.local/lib/python3.8/site-packages/airflow/example_dags/example_sensor_decorator.py
[2023-08-31T15:17:30.961+0000] {logging_mixin.py:151} INFO - [2023-08-31T15:17:30.960+0000] {dag.py:2907} INFO - Sync 1 DAGs
[2023-08-31T15:17:30.967+0000] {logging_mixin.py:151} INFO - [2023-08-31T15:17:30.967+0000] {dag.py:3677} INFO - Setting next_dagrun for example_sensor_decorator to None, run_after=None
[2023-08-31T15:17:30.978+0000] {processor.py:179} INFO - Processing /home/airflow/.local/lib/python3.8/site-packages/airflow/example_dags/example_sensor_decorator.py took 0.131 seconds
[2023-08-31T15:18:01.688+0000] {processor.py:157} INFO - Started process (PID=947) to work on /home/airflow/.local/lib/python3.8/site-packages/airflow/example_dags/example_sensor_decorator.py
[2023-08-31T15:18:01.690+0000] {processor.py:829} INFO - Processing file /home/airflow/.local/lib/python3.8/site-packages/airflow/example_dags/example_sensor_decorator.py for tasks to queue
[2023-08-31T15:18:01.691+0000] {logging_mixin.py:151} INFO - [2023-08-31T15:18:01.691+0000] {dagbag.py:539} INFO - Filling up the DagBag from /home/airflow/.local/lib/python3.8/site-packages/airflow/example_dags/example_sensor_decorator.py
[2023-08-31T15:18:01.696+0000] {processor.py:839} INFO - DAG(s) dict_keys(['example_sensor_decorator']) retrieved from /home/airflow/.local/lib/python3.8/site-packages/airflow/example_dags/example_sensor_decorator.py
[2023-08-31T15:18:01.710+0000] {logging_mixin.py:151} INFO - [2023-08-31T15:18:01.710+0000] {dag.py:2907} INFO - Sync 1 DAGs
[2023-08-31T15:18:01.718+0000] {logging_mixin.py:151} INFO - [2023-08-31T15:18:01.718+0000] {dag.py:3677} INFO - Setting next_dagrun for example_sensor_decorator to None, run_after=None
[2023-08-31T15:18:01.728+0000] {processor.py:179} INFO - Processing /home/airflow/.local/lib/python3.8/site-packages/airflow/example_dags/example_sensor_decorator.py took 0.043 seconds
[2023-08-31T15:18:32.298+0000] {processor.py:157} INFO - Started process (PID=1210) to work on /home/airflow/.local/lib/python3.8/site-packages/airflow/example_dags/example_sensor_decorator.py
[2023-08-31T15:18:32.299+0000] {processor.py:829} INFO - Processing file /home/airflow/.local/lib/python3.8/site-packages/airflow/example_dags/example_sensor_decorator.py for tasks to queue
[2023-08-31T15:18:32.300+0000] {logging_mixin.py:151} INFO - [2023-08-31T15:18:32.300+0000] {dagbag.py:539} INFO - Filling up the DagBag from /home/airflow/.local/lib/python3.8/site-packages/airflow/example_dags/example_sensor_decorator.py
[2023-08-31T15:18:32.304+0000] {processor.py:839} INFO - DAG(s) dict_keys(['example_sensor_decorator']) retrieved from /home/airflow/.local/lib/python3.8/site-packages/airflow/example_dags/example_sensor_decorator.py
[2023-08-31T15:18:32.318+0000] {logging_mixin.py:151} INFO - [2023-08-31T15:18:32.318+0000] {dag.py:2907} INFO - Sync 1 DAGs
[2023-08-31T15:18:32.326+0000] {logging_mixin.py:151} INFO - [2023-08-31T15:18:32.326+0000] {dag.py:3677} INFO - Setting next_dagrun for example_sensor_decorator to None, run_after=None
[2023-08-31T15:18:32.337+0000] {processor.py:179} INFO - Processing /home/airflow/.local/lib/python3.8/site-packages/airflow/example_dags/example_sensor_decorator.py took 0.041 seconds
[2023-08-31T15:19:02.798+0000] {processor.py:157} INFO - Started process (PID=1449) to work on /home/airflow/.local/lib/python3.8/site-packages/airflow/example_dags/example_sensor_decorator.py
[2023-08-31T15:19:02.800+0000] {processor.py:829} INFO - Processing file /home/airflow/.local/lib/python3.8/site-packages/airflow/example_dags/example_sensor_decorator.py for tasks to queue
[2023-08-31T15:19:02.801+0000] {logging_mixin.py:151} INFO - [2023-08-31T15:19:02.801+0000] {dagbag.py:539} INFO - Filling up the DagBag from /home/airflow/.local/lib/python3.8/site-packages/airflow/example_dags/example_sensor_decorator.py
[2023-08-31T15:19:02.810+0000] {processor.py:839} INFO - DAG(s) dict_keys(['example_sensor_decorator']) retrieved from /home/airflow/.local/lib/python3.8/site-packages/airflow/example_dags/example_sensor_decorator.py
[2023-08-31T15:19:02.832+0000] {logging_mixin.py:151} INFO - [2023-08-31T15:19:02.832+0000] {dag.py:2907} INFO - Sync 1 DAGs
[2023-08-31T15:19:02.843+0000] {logging_mixin.py:151} INFO - [2023-08-31T15:19:02.842+0000] {dag.py:3677} INFO - Setting next_dagrun for example_sensor_decorator to None, run_after=None
[2023-08-31T15:19:02.865+0000] {processor.py:179} INFO - Processing /home/airflow/.local/lib/python3.8/site-packages/airflow/example_dags/example_sensor_decorator.py took 0.071 seconds
[2023-08-31T15:19:33.214+0000] {processor.py:157} INFO - Started process (PID=1690) to work on /home/airflow/.local/lib/python3.8/site-packages/airflow/example_dags/example_sensor_decorator.py
[2023-08-31T15:19:33.216+0000] {processor.py:829} INFO - Processing file /home/airflow/.local/lib/python3.8/site-packages/airflow/example_dags/example_sensor_decorator.py for tasks to queue
[2023-08-31T15:19:33.216+0000] {logging_mixin.py:151} INFO - [2023-08-31T15:19:33.216+0000] {dagbag.py:539} INFO - Filling up the DagBag from /home/airflow/.local/lib/python3.8/site-packages/airflow/example_dags/example_sensor_decorator.py
[2023-08-31T15:19:33.221+0000] {processor.py:839} INFO - DAG(s) dict_keys(['example_sensor_decorator']) retrieved from /home/airflow/.local/lib/python3.8/site-packages/airflow/example_dags/example_sensor_decorator.py
[2023-08-31T15:19:33.234+0000] {logging_mixin.py:151} INFO - [2023-08-31T15:19:33.234+0000] {dag.py:2907} INFO - Sync 1 DAGs
[2023-08-31T15:19:33.243+0000] {logging_mixin.py:151} INFO - [2023-08-31T15:19:33.243+0000] {dag.py:3677} INFO - Setting next_dagrun for example_sensor_decorator to None, run_after=None
[2023-08-31T15:19:33.255+0000] {processor.py:179} INFO - Processing /home/airflow/.local/lib/python3.8/site-packages/airflow/example_dags/example_sensor_decorator.py took 0.043 seconds
[2023-08-31T15:20:03.502+0000] {processor.py:157} INFO - Started process (PID=1930) to work on /home/airflow/.local/lib/python3.8/site-packages/airflow/example_dags/example_sensor_decorator.py
[2023-08-31T15:20:03.503+0000] {processor.py:829} INFO - Processing file /home/airflow/.local/lib/python3.8/site-packages/airflow/example_dags/example_sensor_decorator.py for tasks to queue
[2023-08-31T15:20:03.504+0000] {logging_mixin.py:151} INFO - [2023-08-31T15:20:03.504+0000] {dagbag.py:539} INFO - Filling up the DagBag from /home/airflow/.local/lib/python3.8/site-packages/airflow/example_dags/example_sensor_decorator.py
[2023-08-31T15:20:03.509+0000] {processor.py:839} INFO - DAG(s) dict_keys(['example_sensor_decorator']) retrieved from /home/airflow/.local/lib/python3.8/site-packages/airflow/example_dags/example_sensor_decorator.py
[2023-08-31T15:20:03.522+0000] {logging_mixin.py:151} INFO - [2023-08-31T15:20:03.522+0000] {dag.py:2907} INFO - Sync 1 DAGs
[2023-08-31T15:20:03.530+0000] {logging_mixin.py:151} INFO - [2023-08-31T15:20:03.530+0000] {dag.py:3677} INFO - Setting next_dagrun for example_sensor_decorator to None, run_after=None
[2023-08-31T15:20:03.541+0000] {processor.py:179} INFO - Processing /home/airflow/.local/lib/python3.8/site-packages/airflow/example_dags/example_sensor_decorator.py took 0.041 seconds
[2023-08-31T15:20:33.945+0000] {processor.py:157} INFO - Started process (PID=2171) to work on /home/airflow/.local/lib/python3.8/site-packages/airflow/example_dags/example_sensor_decorator.py
[2023-08-31T15:20:33.946+0000] {processor.py:829} INFO - Processing file /home/airflow/.local/lib/python3.8/site-packages/airflow/example_dags/example_sensor_decorator.py for tasks to queue
[2023-08-31T15:20:33.948+0000] {logging_mixin.py:151} INFO - [2023-08-31T15:20:33.947+0000] {dagbag.py:539} INFO - Filling up the DagBag from /home/airflow/.local/lib/python3.8/site-packages/airflow/example_dags/example_sensor_decorator.py
[2023-08-31T15:20:33.952+0000] {processor.py:839} INFO - DAG(s) dict_keys(['example_sensor_decorator']) retrieved from /home/airflow/.local/lib/python3.8/site-packages/airflow/example_dags/example_sensor_decorator.py
[2023-08-31T15:20:33.967+0000] {logging_mixin.py:151} INFO - [2023-08-31T15:20:33.967+0000] {dag.py:2907} INFO - Sync 1 DAGs
[2023-08-31T15:20:33.975+0000] {logging_mixin.py:151} INFO - [2023-08-31T15:20:33.975+0000] {dag.py:3677} INFO - Setting next_dagrun for example_sensor_decorator to None, run_after=None
[2023-08-31T15:20:33.985+0000] {processor.py:179} INFO - Processing /home/airflow/.local/lib/python3.8/site-packages/airflow/example_dags/example_sensor_decorator.py took 0.043 seconds
[2023-08-31T15:21:04.197+0000] {processor.py:157} INFO - Started process (PID=2412) to work on /home/airflow/.local/lib/python3.8/site-packages/airflow/example_dags/example_sensor_decorator.py
[2023-08-31T15:21:04.198+0000] {processor.py:829} INFO - Processing file /home/airflow/.local/lib/python3.8/site-packages/airflow/example_dags/example_sensor_decorator.py for tasks to queue
[2023-08-31T15:21:04.200+0000] {logging_mixin.py:151} INFO - [2023-08-31T15:21:04.199+0000] {dagbag.py:539} INFO - Filling up the DagBag from /home/airflow/.local/lib/python3.8/site-packages/airflow/example_dags/example_sensor_decorator.py
[2023-08-31T15:21:04.205+0000] {processor.py:839} INFO - DAG(s) dict_keys(['example_sensor_decorator']) retrieved from /home/airflow/.local/lib/python3.8/site-packages/airflow/example_dags/example_sensor_decorator.py
[2023-08-31T15:21:04.220+0000] {logging_mixin.py:151} INFO - [2023-08-31T15:21:04.220+0000] {dag.py:2907} INFO - Sync 1 DAGs
[2023-08-31T15:21:04.228+0000] {logging_mixin.py:151} INFO - [2023-08-31T15:21:04.228+0000] {dag.py:3677} INFO - Setting next_dagrun for example_sensor_decorator to None, run_after=None
[2023-08-31T15:21:04.239+0000] {processor.py:179} INFO - Processing /home/airflow/.local/lib/python3.8/site-packages/airflow/example_dags/example_sensor_decorator.py took 0.045 seconds
[2023-08-31T15:21:34.531+0000] {processor.py:157} INFO - Started process (PID=2654) to work on /home/airflow/.local/lib/python3.8/site-packages/airflow/example_dags/example_sensor_decorator.py
[2023-08-31T15:21:34.532+0000] {processor.py:829} INFO - Processing file /home/airflow/.local/lib/python3.8/site-packages/airflow/example_dags/example_sensor_decorator.py for tasks to queue
[2023-08-31T15:21:34.533+0000] {logging_mixin.py:151} INFO - [2023-08-31T15:21:34.533+0000] {dagbag.py:539} INFO - Filling up the DagBag from /home/airflow/.local/lib/python3.8/site-packages/airflow/example_dags/example_sensor_decorator.py
[2023-08-31T15:21:34.538+0000] {processor.py:839} INFO - DAG(s) dict_keys(['example_sensor_decorator']) retrieved from /home/airflow/.local/lib/python3.8/site-packages/airflow/example_dags/example_sensor_decorator.py
[2023-08-31T15:21:34.553+0000] {logging_mixin.py:151} INFO - [2023-08-31T15:21:34.552+0000] {dag.py:2907} INFO - Sync 1 DAGs
[2023-08-31T15:21:34.561+0000] {logging_mixin.py:151} INFO - [2023-08-31T15:21:34.561+0000] {dag.py:3677} INFO - Setting next_dagrun for example_sensor_decorator to None, run_after=None
[2023-08-31T15:21:34.571+0000] {processor.py:179} INFO - Processing /home/airflow/.local/lib/python3.8/site-packages/airflow/example_dags/example_sensor_decorator.py took 0.043 seconds
[2023-08-31T15:22:04.838+0000] {processor.py:157} INFO - Started process (PID=2894) to work on /home/airflow/.local/lib/python3.8/site-packages/airflow/example_dags/example_sensor_decorator.py
[2023-08-31T15:22:04.839+0000] {processor.py:829} INFO - Processing file /home/airflow/.local/lib/python3.8/site-packages/airflow/example_dags/example_sensor_decorator.py for tasks to queue
[2023-08-31T15:22:04.841+0000] {logging_mixin.py:151} INFO - [2023-08-31T15:22:04.840+0000] {dagbag.py:539} INFO - Filling up the DagBag from /home/airflow/.local/lib/python3.8/site-packages/airflow/example_dags/example_sensor_decorator.py
[2023-08-31T15:22:04.845+0000] {processor.py:839} INFO - DAG(s) dict_keys(['example_sensor_decorator']) retrieved from /home/airflow/.local/lib/python3.8/site-packages/airflow/example_dags/example_sensor_decorator.py
[2023-08-31T15:22:04.860+0000] {logging_mixin.py:151} INFO - [2023-08-31T15:22:04.860+0000] {dag.py:2907} INFO - Sync 1 DAGs
[2023-08-31T15:22:04.868+0000] {logging_mixin.py:151} INFO - [2023-08-31T15:22:04.868+0000] {dag.py:3677} INFO - Setting next_dagrun for example_sensor_decorator to None, run_after=None
[2023-08-31T15:22:04.880+0000] {processor.py:179} INFO - Processing /home/airflow/.local/lib/python3.8/site-packages/airflow/example_dags/example_sensor_decorator.py took 0.046 seconds
[2023-08-31T15:22:35.283+0000] {processor.py:157} INFO - Started process (PID=3132) to work on /home/airflow/.local/lib/python3.8/site-packages/airflow/example_dags/example_sensor_decorator.py
[2023-08-31T15:22:35.285+0000] {processor.py:829} INFO - Processing file /home/airflow/.local/lib/python3.8/site-packages/airflow/example_dags/example_sensor_decorator.py for tasks to queue
[2023-08-31T15:22:35.287+0000] {logging_mixin.py:151} INFO - [2023-08-31T15:22:35.286+0000] {dagbag.py:539} INFO - Filling up the DagBag from /home/airflow/.local/lib/python3.8/site-packages/airflow/example_dags/example_sensor_decorator.py
[2023-08-31T15:22:35.292+0000] {processor.py:839} INFO - DAG(s) dict_keys(['example_sensor_decorator']) retrieved from /home/airflow/.local/lib/python3.8/site-packages/airflow/example_dags/example_sensor_decorator.py
[2023-08-31T15:22:35.309+0000] {logging_mixin.py:151} INFO - [2023-08-31T15:22:35.308+0000] {dag.py:2907} INFO - Sync 1 DAGs
[2023-08-31T15:22:35.320+0000] {logging_mixin.py:151} INFO - [2023-08-31T15:22:35.320+0000] {dag.py:3677} INFO - Setting next_dagrun for example_sensor_decorator to None, run_after=None
[2023-08-31T15:22:35.332+0000] {processor.py:179} INFO - Processing /home/airflow/.local/lib/python3.8/site-packages/airflow/example_dags/example_sensor_decorator.py took 0.052 seconds
[2023-08-31T15:23:05.824+0000] {processor.py:157} INFO - Started process (PID=3374) to work on /home/airflow/.local/lib/python3.8/site-packages/airflow/example_dags/example_sensor_decorator.py
[2023-08-31T15:23:05.825+0000] {processor.py:829} INFO - Processing file /home/airflow/.local/lib/python3.8/site-packages/airflow/example_dags/example_sensor_decorator.py for tasks to queue
[2023-08-31T15:23:05.827+0000] {logging_mixin.py:151} INFO - [2023-08-31T15:23:05.826+0000] {dagbag.py:539} INFO - Filling up the DagBag from /home/airflow/.local/lib/python3.8/site-packages/airflow/example_dags/example_sensor_decorator.py
[2023-08-31T15:23:05.832+0000] {processor.py:839} INFO - DAG(s) dict_keys(['example_sensor_decorator']) retrieved from /home/airflow/.local/lib/python3.8/site-packages/airflow/example_dags/example_sensor_decorator.py
[2023-08-31T15:23:05.846+0000] {logging_mixin.py:151} INFO - [2023-08-31T15:23:05.846+0000] {dag.py:2907} INFO - Sync 1 DAGs
[2023-08-31T15:23:05.854+0000] {logging_mixin.py:151} INFO - [2023-08-31T15:23:05.854+0000] {dag.py:3677} INFO - Setting next_dagrun for example_sensor_decorator to None, run_after=None
[2023-08-31T15:23:05.865+0000] {processor.py:179} INFO - Processing /home/airflow/.local/lib/python3.8/site-packages/airflow/example_dags/example_sensor_decorator.py took 0.044 seconds
[2023-08-31T15:23:36.387+0000] {processor.py:157} INFO - Started process (PID=3616) to work on /home/airflow/.local/lib/python3.8/site-packages/airflow/example_dags/example_sensor_decorator.py
[2023-08-31T15:23:36.388+0000] {processor.py:829} INFO - Processing file /home/airflow/.local/lib/python3.8/site-packages/airflow/example_dags/example_sensor_decorator.py for tasks to queue
[2023-08-31T15:23:36.390+0000] {logging_mixin.py:151} INFO - [2023-08-31T15:23:36.389+0000] {dagbag.py:539} INFO - Filling up the DagBag from /home/airflow/.local/lib/python3.8/site-packages/airflow/example_dags/example_sensor_decorator.py
[2023-08-31T15:23:36.395+0000] {processor.py:839} INFO - DAG(s) dict_keys(['example_sensor_decorator']) retrieved from /home/airflow/.local/lib/python3.8/site-packages/airflow/example_dags/example_sensor_decorator.py
[2023-08-31T15:23:36.410+0000] {logging_mixin.py:151} INFO - [2023-08-31T15:23:36.409+0000] {dag.py:2907} INFO - Sync 1 DAGs
[2023-08-31T15:23:36.418+0000] {logging_mixin.py:151} INFO - [2023-08-31T15:23:36.418+0000] {dag.py:3677} INFO - Setting next_dagrun for example_sensor_decorator to None, run_after=None
[2023-08-31T15:23:36.432+0000] {processor.py:179} INFO - Processing /home/airflow/.local/lib/python3.8/site-packages/airflow/example_dags/example_sensor_decorator.py took 0.047 seconds
[2023-08-31T15:24:06.724+0000] {processor.py:157} INFO - Started process (PID=3858) to work on /home/airflow/.local/lib/python3.8/site-packages/airflow/example_dags/example_sensor_decorator.py
[2023-08-31T15:24:06.725+0000] {processor.py:829} INFO - Processing file /home/airflow/.local/lib/python3.8/site-packages/airflow/example_dags/example_sensor_decorator.py for tasks to queue
[2023-08-31T15:24:06.726+0000] {logging_mixin.py:151} INFO - [2023-08-31T15:24:06.726+0000] {dagbag.py:539} INFO - Filling up the DagBag from /home/airflow/.local/lib/python3.8/site-packages/airflow/example_dags/example_sensor_decorator.py
[2023-08-31T15:24:06.731+0000] {processor.py:839} INFO - DAG(s) dict_keys(['example_sensor_decorator']) retrieved from /home/airflow/.local/lib/python3.8/site-packages/airflow/example_dags/example_sensor_decorator.py
[2023-08-31T15:24:06.746+0000] {logging_mixin.py:151} INFO - [2023-08-31T15:24:06.745+0000] {dag.py:2907} INFO - Sync 1 DAGs
[2023-08-31T15:24:06.753+0000] {logging_mixin.py:151} INFO - [2023-08-31T15:24:06.753+0000] {dag.py:3677} INFO - Setting next_dagrun for example_sensor_decorator to None, run_after=None
[2023-08-31T15:24:06.764+0000] {processor.py:179} INFO - Processing /home/airflow/.local/lib/python3.8/site-packages/airflow/example_dags/example_sensor_decorator.py took 0.043 seconds
[2023-08-31T15:24:37.036+0000] {processor.py:157} INFO - Started process (PID=4098) to work on /home/airflow/.local/lib/python3.8/site-packages/airflow/example_dags/example_sensor_decorator.py
[2023-08-31T15:24:37.038+0000] {processor.py:829} INFO - Processing file /home/airflow/.local/lib/python3.8/site-packages/airflow/example_dags/example_sensor_decorator.py for tasks to queue
[2023-08-31T15:24:37.039+0000] {logging_mixin.py:151} INFO - [2023-08-31T15:24:37.039+0000] {dagbag.py:539} INFO - Filling up the DagBag from /home/airflow/.local/lib/python3.8/site-packages/airflow/example_dags/example_sensor_decorator.py
[2023-08-31T15:24:37.044+0000] {processor.py:839} INFO - DAG(s) dict_keys(['example_sensor_decorator']) retrieved from /home/airflow/.local/lib/python3.8/site-packages/airflow/example_dags/example_sensor_decorator.py
[2023-08-31T15:24:37.058+0000] {logging_mixin.py:151} INFO - [2023-08-31T15:24:37.058+0000] {dag.py:2907} INFO - Sync 1 DAGs
[2023-08-31T15:24:37.066+0000] {logging_mixin.py:151} INFO - [2023-08-31T15:24:37.066+0000] {dag.py:3677} INFO - Setting next_dagrun for example_sensor_decorator to None, run_after=None
[2023-08-31T15:24:37.076+0000] {processor.py:179} INFO - Processing /home/airflow/.local/lib/python3.8/site-packages/airflow/example_dags/example_sensor_decorator.py took 0.042 seconds
[2023-08-31T15:25:07.340+0000] {processor.py:157} INFO - Started process (PID=4338) to work on /home/airflow/.local/lib/python3.8/site-packages/airflow/example_dags/example_sensor_decorator.py
[2023-08-31T15:25:07.342+0000] {processor.py:829} INFO - Processing file /home/airflow/.local/lib/python3.8/site-packages/airflow/example_dags/example_sensor_decorator.py for tasks to queue
[2023-08-31T15:25:07.343+0000] {logging_mixin.py:151} INFO - [2023-08-31T15:25:07.343+0000] {dagbag.py:539} INFO - Filling up the DagBag from /home/airflow/.local/lib/python3.8/site-packages/airflow/example_dags/example_sensor_decorator.py
[2023-08-31T15:25:07.348+0000] {processor.py:839} INFO - DAG(s) dict_keys(['example_sensor_decorator']) retrieved from /home/airflow/.local/lib/python3.8/site-packages/airflow/example_dags/example_sensor_decorator.py
[2023-08-31T15:25:07.363+0000] {logging_mixin.py:151} INFO - [2023-08-31T15:25:07.363+0000] {dag.py:2907} INFO - Sync 1 DAGs
[2023-08-31T15:25:07.372+0000] {logging_mixin.py:151} INFO - [2023-08-31T15:25:07.372+0000] {dag.py:3677} INFO - Setting next_dagrun for example_sensor_decorator to None, run_after=None
[2023-08-31T15:25:07.383+0000] {processor.py:179} INFO - Processing /home/airflow/.local/lib/python3.8/site-packages/airflow/example_dags/example_sensor_decorator.py took 0.046 seconds
[2023-08-31T15:25:37.611+0000] {processor.py:157} INFO - Started process (PID=4577) to work on /home/airflow/.local/lib/python3.8/site-packages/airflow/example_dags/example_sensor_decorator.py
[2023-08-31T15:25:37.612+0000] {processor.py:829} INFO - Processing file /home/airflow/.local/lib/python3.8/site-packages/airflow/example_dags/example_sensor_decorator.py for tasks to queue
[2023-08-31T15:25:37.613+0000] {logging_mixin.py:151} INFO - [2023-08-31T15:25:37.613+0000] {dagbag.py:539} INFO - Filling up the DagBag from /home/airflow/.local/lib/python3.8/site-packages/airflow/example_dags/example_sensor_decorator.py
[2023-08-31T15:25:37.618+0000] {processor.py:839} INFO - DAG(s) dict_keys(['example_sensor_decorator']) retrieved from /home/airflow/.local/lib/python3.8/site-packages/airflow/example_dags/example_sensor_decorator.py
[2023-08-31T15:25:37.633+0000] {logging_mixin.py:151} INFO - [2023-08-31T15:25:37.632+0000] {dag.py:2907} INFO - Sync 1 DAGs
[2023-08-31T15:25:37.641+0000] {logging_mixin.py:151} INFO - [2023-08-31T15:25:37.640+0000] {dag.py:3677} INFO - Setting next_dagrun for example_sensor_decorator to None, run_after=None
[2023-08-31T15:25:37.651+0000] {processor.py:179} INFO - Processing /home/airflow/.local/lib/python3.8/site-packages/airflow/example_dags/example_sensor_decorator.py took 0.043 seconds
[2023-08-31T15:26:07.901+0000] {processor.py:157} INFO - Started process (PID=4818) to work on /home/airflow/.local/lib/python3.8/site-packages/airflow/example_dags/example_sensor_decorator.py
[2023-08-31T15:26:07.902+0000] {processor.py:829} INFO - Processing file /home/airflow/.local/lib/python3.8/site-packages/airflow/example_dags/example_sensor_decorator.py for tasks to queue
[2023-08-31T15:26:07.903+0000] {logging_mixin.py:151} INFO - [2023-08-31T15:26:07.903+0000] {dagbag.py:539} INFO - Filling up the DagBag from /home/airflow/.local/lib/python3.8/site-packages/airflow/example_dags/example_sensor_decorator.py
[2023-08-31T15:26:07.908+0000] {processor.py:839} INFO - DAG(s) dict_keys(['example_sensor_decorator']) retrieved from /home/airflow/.local/lib/python3.8/site-packages/airflow/example_dags/example_sensor_decorator.py
[2023-08-31T15:26:07.922+0000] {logging_mixin.py:151} INFO - [2023-08-31T15:26:07.922+0000] {dag.py:2907} INFO - Sync 1 DAGs
[2023-08-31T15:26:07.931+0000] {logging_mixin.py:151} INFO - [2023-08-31T15:26:07.931+0000] {dag.py:3677} INFO - Setting next_dagrun for example_sensor_decorator to None, run_after=None
[2023-08-31T15:26:07.941+0000] {processor.py:179} INFO - Processing /home/airflow/.local/lib/python3.8/site-packages/airflow/example_dags/example_sensor_decorator.py took 0.043 seconds
[2023-08-31T15:26:38.233+0000] {processor.py:157} INFO - Started process (PID=5057) to work on /home/airflow/.local/lib/python3.8/site-packages/airflow/example_dags/example_sensor_decorator.py
[2023-08-31T15:26:38.234+0000] {processor.py:829} INFO - Processing file /home/airflow/.local/lib/python3.8/site-packages/airflow/example_dags/example_sensor_decorator.py for tasks to queue
[2023-08-31T15:26:38.235+0000] {logging_mixin.py:151} INFO - [2023-08-31T15:26:38.235+0000] {dagbag.py:539} INFO - Filling up the DagBag from /home/airflow/.local/lib/python3.8/site-packages/airflow/example_dags/example_sensor_decorator.py
[2023-08-31T15:26:38.240+0000] {processor.py:839} INFO - DAG(s) dict_keys(['example_sensor_decorator']) retrieved from /home/airflow/.local/lib/python3.8/site-packages/airflow/example_dags/example_sensor_decorator.py
[2023-08-31T15:26:38.255+0000] {logging_mixin.py:151} INFO - [2023-08-31T15:26:38.255+0000] {dag.py:2907} INFO - Sync 1 DAGs
[2023-08-31T15:26:38.263+0000] {logging_mixin.py:151} INFO - [2023-08-31T15:26:38.263+0000] {dag.py:3677} INFO - Setting next_dagrun for example_sensor_decorator to None, run_after=None
[2023-08-31T15:26:38.277+0000] {processor.py:179} INFO - Processing /home/airflow/.local/lib/python3.8/site-packages/airflow/example_dags/example_sensor_decorator.py took 0.048 seconds
[2023-08-31T15:27:08.509+0000] {processor.py:157} INFO - Started process (PID=5296) to work on /home/airflow/.local/lib/python3.8/site-packages/airflow/example_dags/example_sensor_decorator.py
[2023-08-31T15:27:08.511+0000] {processor.py:829} INFO - Processing file /home/airflow/.local/lib/python3.8/site-packages/airflow/example_dags/example_sensor_decorator.py for tasks to queue
[2023-08-31T15:27:08.511+0000] {logging_mixin.py:151} INFO - [2023-08-31T15:27:08.511+0000] {dagbag.py:539} INFO - Filling up the DagBag from /home/airflow/.local/lib/python3.8/site-packages/airflow/example_dags/example_sensor_decorator.py
[2023-08-31T15:27:08.518+0000] {processor.py:839} INFO - DAG(s) dict_keys(['example_sensor_decorator']) retrieved from /home/airflow/.local/lib/python3.8/site-packages/airflow/example_dags/example_sensor_decorator.py
[2023-08-31T15:27:08.532+0000] {logging_mixin.py:151} INFO - [2023-08-31T15:27:08.532+0000] {dag.py:2907} INFO - Sync 1 DAGs
[2023-08-31T15:27:08.541+0000] {logging_mixin.py:151} INFO - [2023-08-31T15:27:08.541+0000] {dag.py:3677} INFO - Setting next_dagrun for example_sensor_decorator to None, run_after=None
[2023-08-31T15:27:08.555+0000] {processor.py:179} INFO - Processing /home/airflow/.local/lib/python3.8/site-packages/airflow/example_dags/example_sensor_decorator.py took 0.048 seconds
[2023-08-31T15:27:38.954+0000] {processor.py:157} INFO - Started process (PID=5536) to work on /home/airflow/.local/lib/python3.8/site-packages/airflow/example_dags/example_sensor_decorator.py
[2023-08-31T15:27:38.955+0000] {processor.py:829} INFO - Processing file /home/airflow/.local/lib/python3.8/site-packages/airflow/example_dags/example_sensor_decorator.py for tasks to queue
[2023-08-31T15:27:38.956+0000] {logging_mixin.py:151} INFO - [2023-08-31T15:27:38.956+0000] {dagbag.py:539} INFO - Filling up the DagBag from /home/airflow/.local/lib/python3.8/site-packages/airflow/example_dags/example_sensor_decorator.py
[2023-08-31T15:27:38.961+0000] {processor.py:839} INFO - DAG(s) dict_keys(['example_sensor_decorator']) retrieved from /home/airflow/.local/lib/python3.8/site-packages/airflow/example_dags/example_sensor_decorator.py
[2023-08-31T15:27:38.975+0000] {logging_mixin.py:151} INFO - [2023-08-31T15:27:38.975+0000] {dag.py:2907} INFO - Sync 1 DAGs
[2023-08-31T15:27:38.983+0000] {logging_mixin.py:151} INFO - [2023-08-31T15:27:38.983+0000] {dag.py:3677} INFO - Setting next_dagrun for example_sensor_decorator to None, run_after=None
[2023-08-31T15:27:38.994+0000] {processor.py:179} INFO - Processing /home/airflow/.local/lib/python3.8/site-packages/airflow/example_dags/example_sensor_decorator.py took 0.043 seconds
[2023-08-31T15:28:09.210+0000] {processor.py:157} INFO - Started process (PID=5774) to work on /home/airflow/.local/lib/python3.8/site-packages/airflow/example_dags/example_sensor_decorator.py
[2023-08-31T15:28:09.212+0000] {processor.py:829} INFO - Processing file /home/airflow/.local/lib/python3.8/site-packages/airflow/example_dags/example_sensor_decorator.py for tasks to queue
[2023-08-31T15:28:09.213+0000] {logging_mixin.py:151} INFO - [2023-08-31T15:28:09.212+0000] {dagbag.py:539} INFO - Filling up the DagBag from /home/airflow/.local/lib/python3.8/site-packages/airflow/example_dags/example_sensor_decorator.py
[2023-08-31T15:28:09.217+0000] {processor.py:839} INFO - DAG(s) dict_keys(['example_sensor_decorator']) retrieved from /home/airflow/.local/lib/python3.8/site-packages/airflow/example_dags/example_sensor_decorator.py
[2023-08-31T15:28:09.232+0000] {logging_mixin.py:151} INFO - [2023-08-31T15:28:09.232+0000] {dag.py:2907} INFO - Sync 1 DAGs
[2023-08-31T15:28:09.240+0000] {logging_mixin.py:151} INFO - [2023-08-31T15:28:09.239+0000] {dag.py:3677} INFO - Setting next_dagrun for example_sensor_decorator to None, run_after=None
[2023-08-31T15:28:09.251+0000] {processor.py:179} INFO - Processing /home/airflow/.local/lib/python3.8/site-packages/airflow/example_dags/example_sensor_decorator.py took 0.043 seconds
[2023-08-31T15:28:39.568+0000] {processor.py:157} INFO - Started process (PID=6015) to work on /home/airflow/.local/lib/python3.8/site-packages/airflow/example_dags/example_sensor_decorator.py
[2023-08-31T15:28:39.570+0000] {processor.py:829} INFO - Processing file /home/airflow/.local/lib/python3.8/site-packages/airflow/example_dags/example_sensor_decorator.py for tasks to queue
[2023-08-31T15:28:39.571+0000] {logging_mixin.py:151} INFO - [2023-08-31T15:28:39.570+0000] {dagbag.py:539} INFO - Filling up the DagBag from /home/airflow/.local/lib/python3.8/site-packages/airflow/example_dags/example_sensor_decorator.py
[2023-08-31T15:28:39.575+0000] {processor.py:839} INFO - DAG(s) dict_keys(['example_sensor_decorator']) retrieved from /home/airflow/.local/lib/python3.8/site-packages/airflow/example_dags/example_sensor_decorator.py
[2023-08-31T15:28:39.590+0000] {logging_mixin.py:151} INFO - [2023-08-31T15:28:39.590+0000] {dag.py:2907} INFO - Sync 1 DAGs
[2023-08-31T15:28:39.598+0000] {logging_mixin.py:151} INFO - [2023-08-31T15:28:39.598+0000] {dag.py:3677} INFO - Setting next_dagrun for example_sensor_decorator to None, run_after=None
[2023-08-31T15:28:39.610+0000] {processor.py:179} INFO - Processing /home/airflow/.local/lib/python3.8/site-packages/airflow/example_dags/example_sensor_decorator.py took 0.044 seconds
[2023-08-31T15:29:09.871+0000] {processor.py:157} INFO - Started process (PID=6257) to work on /home/airflow/.local/lib/python3.8/site-packages/airflow/example_dags/example_sensor_decorator.py
[2023-08-31T15:29:09.872+0000] {processor.py:829} INFO - Processing file /home/airflow/.local/lib/python3.8/site-packages/airflow/example_dags/example_sensor_decorator.py for tasks to queue
[2023-08-31T15:29:09.873+0000] {logging_mixin.py:151} INFO - [2023-08-31T15:29:09.873+0000] {dagbag.py:539} INFO - Filling up the DagBag from /home/airflow/.local/lib/python3.8/site-packages/airflow/example_dags/example_sensor_decorator.py
[2023-08-31T15:29:09.878+0000] {processor.py:839} INFO - DAG(s) dict_keys(['example_sensor_decorator']) retrieved from /home/airflow/.local/lib/python3.8/site-packages/airflow/example_dags/example_sensor_decorator.py
[2023-08-31T15:29:09.892+0000] {logging_mixin.py:151} INFO - [2023-08-31T15:29:09.892+0000] {dag.py:2907} INFO - Sync 1 DAGs
[2023-08-31T15:29:09.899+0000] {logging_mixin.py:151} INFO - [2023-08-31T15:29:09.899+0000] {dag.py:3677} INFO - Setting next_dagrun for example_sensor_decorator to None, run_after=None
[2023-08-31T15:29:09.910+0000] {processor.py:179} INFO - Processing /home/airflow/.local/lib/python3.8/site-packages/airflow/example_dags/example_sensor_decorator.py took 0.042 seconds
[2023-08-31T15:29:40.244+0000] {processor.py:157} INFO - Started process (PID=6497) to work on /home/airflow/.local/lib/python3.8/site-packages/airflow/example_dags/example_sensor_decorator.py
[2023-08-31T15:29:40.245+0000] {processor.py:829} INFO - Processing file /home/airflow/.local/lib/python3.8/site-packages/airflow/example_dags/example_sensor_decorator.py for tasks to queue
[2023-08-31T15:29:40.246+0000] {logging_mixin.py:151} INFO - [2023-08-31T15:29:40.245+0000] {dagbag.py:539} INFO - Filling up the DagBag from /home/airflow/.local/lib/python3.8/site-packages/airflow/example_dags/example_sensor_decorator.py
[2023-08-31T15:29:40.250+0000] {processor.py:839} INFO - DAG(s) dict_keys(['example_sensor_decorator']) retrieved from /home/airflow/.local/lib/python3.8/site-packages/airflow/example_dags/example_sensor_decorator.py
[2023-08-31T15:29:40.265+0000] {logging_mixin.py:151} INFO - [2023-08-31T15:29:40.265+0000] {dag.py:2907} INFO - Sync 1 DAGs
[2023-08-31T15:29:40.275+0000] {logging_mixin.py:151} INFO - [2023-08-31T15:29:40.275+0000] {dag.py:3677} INFO - Setting next_dagrun for example_sensor_decorator to None, run_after=None
[2023-08-31T15:29:40.287+0000] {processor.py:179} INFO - Processing /home/airflow/.local/lib/python3.8/site-packages/airflow/example_dags/example_sensor_decorator.py took 0.046 seconds
[2023-08-31T15:30:10.453+0000] {processor.py:157} INFO - Started process (PID=6737) to work on /home/airflow/.local/lib/python3.8/site-packages/airflow/example_dags/example_sensor_decorator.py
[2023-08-31T15:30:10.455+0000] {processor.py:829} INFO - Processing file /home/airflow/.local/lib/python3.8/site-packages/airflow/example_dags/example_sensor_decorator.py for tasks to queue
[2023-08-31T15:30:10.456+0000] {logging_mixin.py:151} INFO - [2023-08-31T15:30:10.456+0000] {dagbag.py:539} INFO - Filling up the DagBag from /home/airflow/.local/lib/python3.8/site-packages/airflow/example_dags/example_sensor_decorator.py
[2023-08-31T15:30:10.461+0000] {processor.py:839} INFO - DAG(s) dict_keys(['example_sensor_decorator']) retrieved from /home/airflow/.local/lib/python3.8/site-packages/airflow/example_dags/example_sensor_decorator.py
[2023-08-31T15:30:10.476+0000] {logging_mixin.py:151} INFO - [2023-08-31T15:30:10.475+0000] {dag.py:2907} INFO - Sync 1 DAGs
[2023-08-31T15:30:10.483+0000] {logging_mixin.py:151} INFO - [2023-08-31T15:30:10.483+0000] {dag.py:3677} INFO - Setting next_dagrun for example_sensor_decorator to None, run_after=None
[2023-08-31T15:30:10.496+0000] {processor.py:179} INFO - Processing /home/airflow/.local/lib/python3.8/site-packages/airflow/example_dags/example_sensor_decorator.py took 0.045 seconds
[2023-08-31T15:30:40.749+0000] {processor.py:157} INFO - Started process (PID=6980) to work on /home/airflow/.local/lib/python3.8/site-packages/airflow/example_dags/example_sensor_decorator.py
[2023-08-31T15:30:40.750+0000] {processor.py:829} INFO - Processing file /home/airflow/.local/lib/python3.8/site-packages/airflow/example_dags/example_sensor_decorator.py for tasks to queue
[2023-08-31T15:30:40.751+0000] {logging_mixin.py:151} INFO - [2023-08-31T15:30:40.751+0000] {dagbag.py:539} INFO - Filling up the DagBag from /home/airflow/.local/lib/python3.8/site-packages/airflow/example_dags/example_sensor_decorator.py
[2023-08-31T15:30:40.756+0000] {processor.py:839} INFO - DAG(s) dict_keys(['example_sensor_decorator']) retrieved from /home/airflow/.local/lib/python3.8/site-packages/airflow/example_dags/example_sensor_decorator.py
[2023-08-31T15:30:40.770+0000] {logging_mixin.py:151} INFO - [2023-08-31T15:30:40.770+0000] {dag.py:2907} INFO - Sync 1 DAGs
[2023-08-31T15:30:40.778+0000] {logging_mixin.py:151} INFO - [2023-08-31T15:30:40.777+0000] {dag.py:3677} INFO - Setting next_dagrun for example_sensor_decorator to None, run_after=None
[2023-08-31T15:30:40.787+0000] {processor.py:179} INFO - Processing /home/airflow/.local/lib/python3.8/site-packages/airflow/example_dags/example_sensor_decorator.py took 0.041 seconds
[2023-08-31T15:31:11.097+0000] {processor.py:157} INFO - Started process (PID=7217) to work on /home/airflow/.local/lib/python3.8/site-packages/airflow/example_dags/example_sensor_decorator.py
[2023-08-31T15:31:11.098+0000] {processor.py:829} INFO - Processing file /home/airflow/.local/lib/python3.8/site-packages/airflow/example_dags/example_sensor_decorator.py for tasks to queue
[2023-08-31T15:31:11.099+0000] {logging_mixin.py:151} INFO - [2023-08-31T15:31:11.099+0000] {dagbag.py:539} INFO - Filling up the DagBag from /home/airflow/.local/lib/python3.8/site-packages/airflow/example_dags/example_sensor_decorator.py
[2023-08-31T15:31:11.104+0000] {processor.py:839} INFO - DAG(s) dict_keys(['example_sensor_decorator']) retrieved from /home/airflow/.local/lib/python3.8/site-packages/airflow/example_dags/example_sensor_decorator.py
[2023-08-31T15:31:11.117+0000] {logging_mixin.py:151} INFO - [2023-08-31T15:31:11.117+0000] {dag.py:2907} INFO - Sync 1 DAGs
[2023-08-31T15:31:11.125+0000] {logging_mixin.py:151} INFO - [2023-08-31T15:31:11.125+0000] {dag.py:3677} INFO - Setting next_dagrun for example_sensor_decorator to None, run_after=None
[2023-08-31T15:31:11.138+0000] {processor.py:179} INFO - Processing /home/airflow/.local/lib/python3.8/site-packages/airflow/example_dags/example_sensor_decorator.py took 0.043 seconds
[2023-08-31T15:31:41.618+0000] {processor.py:157} INFO - Started process (PID=7458) to work on /home/airflow/.local/lib/python3.8/site-packages/airflow/example_dags/example_sensor_decorator.py
[2023-08-31T15:31:41.619+0000] {processor.py:829} INFO - Processing file /home/airflow/.local/lib/python3.8/site-packages/airflow/example_dags/example_sensor_decorator.py for tasks to queue
[2023-08-31T15:31:41.620+0000] {logging_mixin.py:151} INFO - [2023-08-31T15:31:41.620+0000] {dagbag.py:539} INFO - Filling up the DagBag from /home/airflow/.local/lib/python3.8/site-packages/airflow/example_dags/example_sensor_decorator.py
[2023-08-31T15:31:41.625+0000] {processor.py:839} INFO - DAG(s) dict_keys(['example_sensor_decorator']) retrieved from /home/airflow/.local/lib/python3.8/site-packages/airflow/example_dags/example_sensor_decorator.py
[2023-08-31T15:31:41.643+0000] {logging_mixin.py:151} INFO - [2023-08-31T15:31:41.643+0000] {dag.py:2907} INFO - Sync 1 DAGs
[2023-08-31T15:31:41.652+0000] {logging_mixin.py:151} INFO - [2023-08-31T15:31:41.652+0000] {dag.py:3677} INFO - Setting next_dagrun for example_sensor_decorator to None, run_after=None
[2023-08-31T15:31:41.662+0000] {processor.py:179} INFO - Processing /home/airflow/.local/lib/python3.8/site-packages/airflow/example_dags/example_sensor_decorator.py took 0.047 seconds
[2023-08-31T15:32:11.953+0000] {processor.py:157} INFO - Started process (PID=7695) to work on /home/airflow/.local/lib/python3.8/site-packages/airflow/example_dags/example_sensor_decorator.py
[2023-08-31T15:32:11.955+0000] {processor.py:829} INFO - Processing file /home/airflow/.local/lib/python3.8/site-packages/airflow/example_dags/example_sensor_decorator.py for tasks to queue
[2023-08-31T15:32:11.956+0000] {logging_mixin.py:151} INFO - [2023-08-31T15:32:11.956+0000] {dagbag.py:539} INFO - Filling up the DagBag from /home/airflow/.local/lib/python3.8/site-packages/airflow/example_dags/example_sensor_decorator.py
[2023-08-31T15:32:11.961+0000] {processor.py:839} INFO - DAG(s) dict_keys(['example_sensor_decorator']) retrieved from /home/airflow/.local/lib/python3.8/site-packages/airflow/example_dags/example_sensor_decorator.py
[2023-08-31T15:32:11.976+0000] {logging_mixin.py:151} INFO - [2023-08-31T15:32:11.976+0000] {dag.py:2907} INFO - Sync 1 DAGs
[2023-08-31T15:32:11.984+0000] {logging_mixin.py:151} INFO - [2023-08-31T15:32:11.984+0000] {dag.py:3677} INFO - Setting next_dagrun for example_sensor_decorator to None, run_after=None
[2023-08-31T15:32:11.996+0000] {processor.py:179} INFO - Processing /home/airflow/.local/lib/python3.8/site-packages/airflow/example_dags/example_sensor_decorator.py took 0.045 seconds
[2023-08-31T15:32:42.341+0000] {processor.py:157} INFO - Started process (PID=7935) to work on /home/airflow/.local/lib/python3.8/site-packages/airflow/example_dags/example_sensor_decorator.py
[2023-08-31T15:32:42.342+0000] {processor.py:829} INFO - Processing file /home/airflow/.local/lib/python3.8/site-packages/airflow/example_dags/example_sensor_decorator.py for tasks to queue
[2023-08-31T15:32:42.343+0000] {logging_mixin.py:151} INFO - [2023-08-31T15:32:42.343+0000] {dagbag.py:539} INFO - Filling up the DagBag from /home/airflow/.local/lib/python3.8/site-packages/airflow/example_dags/example_sensor_decorator.py
[2023-08-31T15:32:42.348+0000] {processor.py:839} INFO - DAG(s) dict_keys(['example_sensor_decorator']) retrieved from /home/airflow/.local/lib/python3.8/site-packages/airflow/example_dags/example_sensor_decorator.py
[2023-08-31T15:32:42.362+0000] {logging_mixin.py:151} INFO - [2023-08-31T15:32:42.362+0000] {dag.py:2907} INFO - Sync 1 DAGs
[2023-08-31T15:32:42.370+0000] {logging_mixin.py:151} INFO - [2023-08-31T15:32:42.370+0000] {dag.py:3677} INFO - Setting next_dagrun for example_sensor_decorator to None, run_after=None
[2023-08-31T15:32:42.381+0000] {processor.py:179} INFO - Processing /home/airflow/.local/lib/python3.8/site-packages/airflow/example_dags/example_sensor_decorator.py took 0.042 seconds
[2023-08-31T15:33:12.858+0000] {processor.py:157} INFO - Started process (PID=8176) to work on /home/airflow/.local/lib/python3.8/site-packages/airflow/example_dags/example_sensor_decorator.py
[2023-08-31T15:33:12.860+0000] {processor.py:829} INFO - Processing file /home/airflow/.local/lib/python3.8/site-packages/airflow/example_dags/example_sensor_decorator.py for tasks to queue
[2023-08-31T15:33:12.861+0000] {logging_mixin.py:151} INFO - [2023-08-31T15:33:12.861+0000] {dagbag.py:539} INFO - Filling up the DagBag from /home/airflow/.local/lib/python3.8/site-packages/airflow/example_dags/example_sensor_decorator.py
[2023-08-31T15:33:12.866+0000] {processor.py:839} INFO - DAG(s) dict_keys(['example_sensor_decorator']) retrieved from /home/airflow/.local/lib/python3.8/site-packages/airflow/example_dags/example_sensor_decorator.py
[2023-08-31T15:33:12.880+0000] {logging_mixin.py:151} INFO - [2023-08-31T15:33:12.880+0000] {dag.py:2907} INFO - Sync 1 DAGs
[2023-08-31T15:33:12.888+0000] {logging_mixin.py:151} INFO - [2023-08-31T15:33:12.888+0000] {dag.py:3677} INFO - Setting next_dagrun for example_sensor_decorator to None, run_after=None
[2023-08-31T15:33:12.900+0000] {processor.py:179} INFO - Processing /home/airflow/.local/lib/python3.8/site-packages/airflow/example_dags/example_sensor_decorator.py took 0.044 seconds
[2023-08-31T15:33:43.275+0000] {processor.py:157} INFO - Started process (PID=8416) to work on /home/airflow/.local/lib/python3.8/site-packages/airflow/example_dags/example_sensor_decorator.py
[2023-08-31T15:33:43.277+0000] {processor.py:829} INFO - Processing file /home/airflow/.local/lib/python3.8/site-packages/airflow/example_dags/example_sensor_decorator.py for tasks to queue
[2023-08-31T15:33:43.278+0000] {logging_mixin.py:151} INFO - [2023-08-31T15:33:43.278+0000] {dagbag.py:539} INFO - Filling up the DagBag from /home/airflow/.local/lib/python3.8/site-packages/airflow/example_dags/example_sensor_decorator.py
[2023-08-31T15:33:43.283+0000] {processor.py:839} INFO - DAG(s) dict_keys(['example_sensor_decorator']) retrieved from /home/airflow/.local/lib/python3.8/site-packages/airflow/example_dags/example_sensor_decorator.py
[2023-08-31T15:33:43.299+0000] {logging_mixin.py:151} INFO - [2023-08-31T15:33:43.299+0000] {dag.py:2907} INFO - Sync 1 DAGs
[2023-08-31T15:33:43.309+0000] {logging_mixin.py:151} INFO - [2023-08-31T15:33:43.309+0000] {dag.py:3677} INFO - Setting next_dagrun for example_sensor_decorator to None, run_after=None
[2023-08-31T15:33:43.320+0000] {processor.py:179} INFO - Processing /home/airflow/.local/lib/python3.8/site-packages/airflow/example_dags/example_sensor_decorator.py took 0.047 seconds
[2023-08-31T15:34:13.833+0000] {processor.py:157} INFO - Started process (PID=8657) to work on /home/airflow/.local/lib/python3.8/site-packages/airflow/example_dags/example_sensor_decorator.py
[2023-08-31T15:34:13.834+0000] {processor.py:829} INFO - Processing file /home/airflow/.local/lib/python3.8/site-packages/airflow/example_dags/example_sensor_decorator.py for tasks to queue
[2023-08-31T15:34:13.835+0000] {logging_mixin.py:151} INFO - [2023-08-31T15:34:13.835+0000] {dagbag.py:539} INFO - Filling up the DagBag from /home/airflow/.local/lib/python3.8/site-packages/airflow/example_dags/example_sensor_decorator.py
[2023-08-31T15:34:13.840+0000] {processor.py:839} INFO - DAG(s) dict_keys(['example_sensor_decorator']) retrieved from /home/airflow/.local/lib/python3.8/site-packages/airflow/example_dags/example_sensor_decorator.py
[2023-08-31T15:34:13.855+0000] {logging_mixin.py:151} INFO - [2023-08-31T15:34:13.854+0000] {dag.py:2907} INFO - Sync 1 DAGs
[2023-08-31T15:34:13.863+0000] {logging_mixin.py:151} INFO - [2023-08-31T15:34:13.862+0000] {dag.py:3677} INFO - Setting next_dagrun for example_sensor_decorator to None, run_after=None
[2023-08-31T15:34:13.874+0000] {processor.py:179} INFO - Processing /home/airflow/.local/lib/python3.8/site-packages/airflow/example_dags/example_sensor_decorator.py took 0.044 seconds
[2023-08-31T15:34:44.188+0000] {processor.py:157} INFO - Started process (PID=8895) to work on /home/airflow/.local/lib/python3.8/site-packages/airflow/example_dags/example_sensor_decorator.py
[2023-08-31T15:34:44.190+0000] {processor.py:829} INFO - Processing file /home/airflow/.local/lib/python3.8/site-packages/airflow/example_dags/example_sensor_decorator.py for tasks to queue
[2023-08-31T15:34:44.191+0000] {logging_mixin.py:151} INFO - [2023-08-31T15:34:44.191+0000] {dagbag.py:539} INFO - Filling up the DagBag from /home/airflow/.local/lib/python3.8/site-packages/airflow/example_dags/example_sensor_decorator.py
[2023-08-31T15:34:44.196+0000] {processor.py:839} INFO - DAG(s) dict_keys(['example_sensor_decorator']) retrieved from /home/airflow/.local/lib/python3.8/site-packages/airflow/example_dags/example_sensor_decorator.py
[2023-08-31T15:34:44.211+0000] {logging_mixin.py:151} INFO - [2023-08-31T15:34:44.210+0000] {dag.py:2907} INFO - Sync 1 DAGs
[2023-08-31T15:34:44.218+0000] {logging_mixin.py:151} INFO - [2023-08-31T15:34:44.218+0000] {dag.py:3677} INFO - Setting next_dagrun for example_sensor_decorator to None, run_after=None
[2023-08-31T15:34:44.231+0000] {processor.py:179} INFO - Processing /home/airflow/.local/lib/python3.8/site-packages/airflow/example_dags/example_sensor_decorator.py took 0.045 seconds
[2023-08-31T15:35:14.622+0000] {processor.py:157} INFO - Started process (PID=9139) to work on /home/airflow/.local/lib/python3.8/site-packages/airflow/example_dags/example_sensor_decorator.py
[2023-08-31T15:35:14.623+0000] {processor.py:829} INFO - Processing file /home/airflow/.local/lib/python3.8/site-packages/airflow/example_dags/example_sensor_decorator.py for tasks to queue
[2023-08-31T15:35:14.624+0000] {logging_mixin.py:151} INFO - [2023-08-31T15:35:14.624+0000] {dagbag.py:539} INFO - Filling up the DagBag from /home/airflow/.local/lib/python3.8/site-packages/airflow/example_dags/example_sensor_decorator.py
[2023-08-31T15:35:14.629+0000] {processor.py:839} INFO - DAG(s) dict_keys(['example_sensor_decorator']) retrieved from /home/airflow/.local/lib/python3.8/site-packages/airflow/example_dags/example_sensor_decorator.py
[2023-08-31T15:35:14.643+0000] {logging_mixin.py:151} INFO - [2023-08-31T15:35:14.643+0000] {dag.py:2907} INFO - Sync 1 DAGs
[2023-08-31T15:35:14.652+0000] {logging_mixin.py:151} INFO - [2023-08-31T15:35:14.652+0000] {dag.py:3677} INFO - Setting next_dagrun for example_sensor_decorator to None, run_after=None
[2023-08-31T15:35:14.664+0000] {processor.py:179} INFO - Processing /home/airflow/.local/lib/python3.8/site-packages/airflow/example_dags/example_sensor_decorator.py took 0.045 seconds
[2023-08-31T15:35:44.993+0000] {processor.py:157} INFO - Started process (PID=9380) to work on /home/airflow/.local/lib/python3.8/site-packages/airflow/example_dags/example_sensor_decorator.py
[2023-08-31T15:35:44.994+0000] {processor.py:829} INFO - Processing file /home/airflow/.local/lib/python3.8/site-packages/airflow/example_dags/example_sensor_decorator.py for tasks to queue
[2023-08-31T15:35:44.995+0000] {logging_mixin.py:151} INFO - [2023-08-31T15:35:44.995+0000] {dagbag.py:539} INFO - Filling up the DagBag from /home/airflow/.local/lib/python3.8/site-packages/airflow/example_dags/example_sensor_decorator.py
[2023-08-31T15:35:45.000+0000] {processor.py:839} INFO - DAG(s) dict_keys(['example_sensor_decorator']) retrieved from /home/airflow/.local/lib/python3.8/site-packages/airflow/example_dags/example_sensor_decorator.py
[2023-08-31T15:35:45.016+0000] {logging_mixin.py:151} INFO - [2023-08-31T15:35:45.016+0000] {dag.py:2907} INFO - Sync 1 DAGs
[2023-08-31T15:35:45.024+0000] {logging_mixin.py:151} INFO - [2023-08-31T15:35:45.024+0000] {dag.py:3677} INFO - Setting next_dagrun for example_sensor_decorator to None, run_after=None
[2023-08-31T15:35:45.036+0000] {processor.py:179} INFO - Processing /home/airflow/.local/lib/python3.8/site-packages/airflow/example_dags/example_sensor_decorator.py took 0.047 seconds
[2023-08-31T15:36:15.348+0000] {processor.py:157} INFO - Started process (PID=9619) to work on /home/airflow/.local/lib/python3.8/site-packages/airflow/example_dags/example_sensor_decorator.py
[2023-08-31T15:36:15.349+0000] {processor.py:829} INFO - Processing file /home/airflow/.local/lib/python3.8/site-packages/airflow/example_dags/example_sensor_decorator.py for tasks to queue
[2023-08-31T15:36:15.350+0000] {logging_mixin.py:151} INFO - [2023-08-31T15:36:15.350+0000] {dagbag.py:539} INFO - Filling up the DagBag from /home/airflow/.local/lib/python3.8/site-packages/airflow/example_dags/example_sensor_decorator.py
[2023-08-31T15:36:15.355+0000] {processor.py:839} INFO - DAG(s) dict_keys(['example_sensor_decorator']) retrieved from /home/airflow/.local/lib/python3.8/site-packages/airflow/example_dags/example_sensor_decorator.py
[2023-08-31T15:36:15.369+0000] {logging_mixin.py:151} INFO - [2023-08-31T15:36:15.369+0000] {dag.py:2907} INFO - Sync 1 DAGs
[2023-08-31T15:36:15.377+0000] {logging_mixin.py:151} INFO - [2023-08-31T15:36:15.377+0000] {dag.py:3677} INFO - Setting next_dagrun for example_sensor_decorator to None, run_after=None
[2023-08-31T15:36:15.389+0000] {processor.py:179} INFO - Processing /home/airflow/.local/lib/python3.8/site-packages/airflow/example_dags/example_sensor_decorator.py took 0.043 seconds
[2023-08-31T15:36:45.672+0000] {processor.py:157} INFO - Started process (PID=9859) to work on /home/airflow/.local/lib/python3.8/site-packages/airflow/example_dags/example_sensor_decorator.py
[2023-08-31T15:36:45.674+0000] {processor.py:829} INFO - Processing file /home/airflow/.local/lib/python3.8/site-packages/airflow/example_dags/example_sensor_decorator.py for tasks to queue
[2023-08-31T15:36:45.675+0000] {logging_mixin.py:151} INFO - [2023-08-31T15:36:45.675+0000] {dagbag.py:539} INFO - Filling up the DagBag from /home/airflow/.local/lib/python3.8/site-packages/airflow/example_dags/example_sensor_decorator.py
[2023-08-31T15:36:45.680+0000] {processor.py:839} INFO - DAG(s) dict_keys(['example_sensor_decorator']) retrieved from /home/airflow/.local/lib/python3.8/site-packages/airflow/example_dags/example_sensor_decorator.py
[2023-08-31T15:36:45.694+0000] {logging_mixin.py:151} INFO - [2023-08-31T15:36:45.694+0000] {dag.py:2907} INFO - Sync 1 DAGs
[2023-08-31T15:36:45.702+0000] {logging_mixin.py:151} INFO - [2023-08-31T15:36:45.702+0000] {dag.py:3677} INFO - Setting next_dagrun for example_sensor_decorator to None, run_after=None
[2023-08-31T15:36:45.713+0000] {processor.py:179} INFO - Processing /home/airflow/.local/lib/python3.8/site-packages/airflow/example_dags/example_sensor_decorator.py took 0.043 seconds
[2023-08-31T15:37:15.996+0000] {processor.py:157} INFO - Started process (PID=10098) to work on /home/airflow/.local/lib/python3.8/site-packages/airflow/example_dags/example_sensor_decorator.py
[2023-08-31T15:37:15.997+0000] {processor.py:829} INFO - Processing file /home/airflow/.local/lib/python3.8/site-packages/airflow/example_dags/example_sensor_decorator.py for tasks to queue
[2023-08-31T15:37:15.999+0000] {logging_mixin.py:151} INFO - [2023-08-31T15:37:15.999+0000] {dagbag.py:539} INFO - Filling up the DagBag from /home/airflow/.local/lib/python3.8/site-packages/airflow/example_dags/example_sensor_decorator.py
[2023-08-31T15:37:16.005+0000] {processor.py:839} INFO - DAG(s) dict_keys(['example_sensor_decorator']) retrieved from /home/airflow/.local/lib/python3.8/site-packages/airflow/example_dags/example_sensor_decorator.py
[2023-08-31T15:37:16.019+0000] {logging_mixin.py:151} INFO - [2023-08-31T15:37:16.019+0000] {dag.py:2907} INFO - Sync 1 DAGs
[2023-08-31T15:37:16.027+0000] {logging_mixin.py:151} INFO - [2023-08-31T15:37:16.027+0000] {dag.py:3677} INFO - Setting next_dagrun for example_sensor_decorator to None, run_after=None
[2023-08-31T15:37:16.037+0000] {processor.py:179} INFO - Processing /home/airflow/.local/lib/python3.8/site-packages/airflow/example_dags/example_sensor_decorator.py took 0.044 seconds
[2023-08-31T15:37:46.271+0000] {processor.py:157} INFO - Started process (PID=10337) to work on /home/airflow/.local/lib/python3.8/site-packages/airflow/example_dags/example_sensor_decorator.py
[2023-08-31T15:37:46.272+0000] {processor.py:829} INFO - Processing file /home/airflow/.local/lib/python3.8/site-packages/airflow/example_dags/example_sensor_decorator.py for tasks to queue
[2023-08-31T15:37:46.273+0000] {logging_mixin.py:151} INFO - [2023-08-31T15:37:46.273+0000] {dagbag.py:539} INFO - Filling up the DagBag from /home/airflow/.local/lib/python3.8/site-packages/airflow/example_dags/example_sensor_decorator.py
[2023-08-31T15:37:46.278+0000] {processor.py:839} INFO - DAG(s) dict_keys(['example_sensor_decorator']) retrieved from /home/airflow/.local/lib/python3.8/site-packages/airflow/example_dags/example_sensor_decorator.py
[2023-08-31T15:37:46.292+0000] {logging_mixin.py:151} INFO - [2023-08-31T15:37:46.292+0000] {dag.py:2907} INFO - Sync 1 DAGs
[2023-08-31T15:37:46.300+0000] {logging_mixin.py:151} INFO - [2023-08-31T15:37:46.300+0000] {dag.py:3677} INFO - Setting next_dagrun for example_sensor_decorator to None, run_after=None
[2023-08-31T15:37:46.311+0000] {processor.py:179} INFO - Processing /home/airflow/.local/lib/python3.8/site-packages/airflow/example_dags/example_sensor_decorator.py took 0.043 seconds
