[2023-08-31T15:16:27.833+0000] {processor.py:157} INFO - Started process (PID=182) to work on /home/airflow/.local/lib/python3.8/site-packages/airflow/example_dags/example_dynamic_task_mapping_with_no_taskflow_operators.py
[2023-08-31T15:16:27.834+0000] {processor.py:829} INFO - Processing file /home/airflow/.local/lib/python3.8/site-packages/airflow/example_dags/example_dynamic_task_mapping_with_no_taskflow_operators.py for tasks to queue
[2023-08-31T15:16:27.835+0000] {logging_mixin.py:151} INFO - [2023-08-31T15:16:27.835+0000] {dagbag.py:539} INFO - Filling up the DagBag from /home/airflow/.local/lib/python3.8/site-packages/airflow/example_dags/example_dynamic_task_mapping_with_no_taskflow_operators.py
[2023-08-31T15:16:27.844+0000] {processor.py:839} INFO - DAG(s) dict_keys(['example_dynamic_task_mapping_with_no_taskflow_operators']) retrieved from /home/airflow/.local/lib/python3.8/site-packages/airflow/example_dags/example_dynamic_task_mapping_with_no_taskflow_operators.py
[2023-08-31T15:16:27.853+0000] {logging_mixin.py:151} INFO - [2023-08-31T15:16:27.853+0000] {dag.py:2907} INFO - Sync 1 DAGs
[2023-08-31T15:16:27.868+0000] {logging_mixin.py:151} INFO - [2023-08-31T15:16:27.868+0000] {dag.py:3677} INFO - Setting next_dagrun for example_dynamic_task_mapping_with_no_taskflow_operators to 2023-08-30T15:16:27.868135+00:00, run_after=2023-08-31T15:16:27.868135+00:00
[2023-08-31T15:16:27.882+0000] {processor.py:179} INFO - Processing /home/airflow/.local/lib/python3.8/site-packages/airflow/example_dags/example_dynamic_task_mapping_with_no_taskflow_operators.py took 0.052 seconds
[2023-08-31T15:16:58.031+0000] {processor.py:157} INFO - Started process (PID=429) to work on /home/airflow/.local/lib/python3.8/site-packages/airflow/example_dags/example_dynamic_task_mapping_with_no_taskflow_operators.py
[2023-08-31T15:16:58.032+0000] {processor.py:829} INFO - Processing file /home/airflow/.local/lib/python3.8/site-packages/airflow/example_dags/example_dynamic_task_mapping_with_no_taskflow_operators.py for tasks to queue
[2023-08-31T15:16:58.033+0000] {logging_mixin.py:151} INFO - [2023-08-31T15:16:58.033+0000] {dagbag.py:539} INFO - Filling up the DagBag from /home/airflow/.local/lib/python3.8/site-packages/airflow/example_dags/example_dynamic_task_mapping_with_no_taskflow_operators.py
[2023-08-31T15:16:58.038+0000] {processor.py:839} INFO - DAG(s) dict_keys(['example_dynamic_task_mapping_with_no_taskflow_operators']) retrieved from /home/airflow/.local/lib/python3.8/site-packages/airflow/example_dags/example_dynamic_task_mapping_with_no_taskflow_operators.py
[2023-08-31T15:16:58.051+0000] {logging_mixin.py:151} INFO - [2023-08-31T15:16:58.051+0000] {dag.py:2907} INFO - Sync 1 DAGs
[2023-08-31T15:16:58.063+0000] {logging_mixin.py:151} INFO - [2023-08-31T15:16:58.063+0000] {dag.py:3677} INFO - Setting next_dagrun for example_dynamic_task_mapping_with_no_taskflow_operators to 2023-08-30T15:16:58.063136+00:00, run_after=2023-08-31T15:16:58.063136+00:00
[2023-08-31T15:16:58.072+0000] {processor.py:179} INFO - Processing /home/airflow/.local/lib/python3.8/site-packages/airflow/example_dags/example_dynamic_task_mapping_with_no_taskflow_operators.py took 0.043 seconds
[2023-08-31T15:17:28.966+0000] {processor.py:157} INFO - Started process (PID=668) to work on /home/airflow/.local/lib/python3.8/site-packages/airflow/example_dags/example_dynamic_task_mapping_with_no_taskflow_operators.py
[2023-08-31T15:17:28.967+0000] {processor.py:829} INFO - Processing file /home/airflow/.local/lib/python3.8/site-packages/airflow/example_dags/example_dynamic_task_mapping_with_no_taskflow_operators.py for tasks to queue
[2023-08-31T15:17:28.968+0000] {logging_mixin.py:151} INFO - [2023-08-31T15:17:28.968+0000] {dagbag.py:539} INFO - Filling up the DagBag from /home/airflow/.local/lib/python3.8/site-packages/airflow/example_dags/example_dynamic_task_mapping_with_no_taskflow_operators.py
[2023-08-31T15:17:28.975+0000] {processor.py:839} INFO - DAG(s) dict_keys(['example_dynamic_task_mapping_with_no_taskflow_operators']) retrieved from /home/airflow/.local/lib/python3.8/site-packages/airflow/example_dags/example_dynamic_task_mapping_with_no_taskflow_operators.py
[2023-08-31T15:17:29.072+0000] {logging_mixin.py:151} INFO - [2023-08-31T15:17:29.072+0000] {dag.py:2907} INFO - Sync 1 DAGs
[2023-08-31T15:17:29.084+0000] {logging_mixin.py:151} INFO - [2023-08-31T15:17:29.084+0000] {dag.py:3677} INFO - Setting next_dagrun for example_dynamic_task_mapping_with_no_taskflow_operators to 2023-08-30T15:17:29.083985+00:00, run_after=2023-08-31T15:17:29.083985+00:00
[2023-08-31T15:17:29.095+0000] {processor.py:179} INFO - Processing /home/airflow/.local/lib/python3.8/site-packages/airflow/example_dags/example_dynamic_task_mapping_with_no_taskflow_operators.py took 0.132 seconds
[2023-08-31T15:18:00.112+0000] {processor.py:157} INFO - Started process (PID=907) to work on /home/airflow/.local/lib/python3.8/site-packages/airflow/example_dags/example_dynamic_task_mapping_with_no_taskflow_operators.py
[2023-08-31T15:18:00.116+0000] {processor.py:829} INFO - Processing file /home/airflow/.local/lib/python3.8/site-packages/airflow/example_dags/example_dynamic_task_mapping_with_no_taskflow_operators.py for tasks to queue
[2023-08-31T15:18:00.118+0000] {logging_mixin.py:151} INFO - [2023-08-31T15:18:00.118+0000] {dagbag.py:539} INFO - Filling up the DagBag from /home/airflow/.local/lib/python3.8/site-packages/airflow/example_dags/example_dynamic_task_mapping_with_no_taskflow_operators.py
[2023-08-31T15:18:00.130+0000] {processor.py:839} INFO - DAG(s) dict_keys(['example_dynamic_task_mapping_with_no_taskflow_operators']) retrieved from /home/airflow/.local/lib/python3.8/site-packages/airflow/example_dags/example_dynamic_task_mapping_with_no_taskflow_operators.py
[2023-08-31T15:18:00.150+0000] {logging_mixin.py:151} INFO - [2023-08-31T15:18:00.150+0000] {dag.py:2907} INFO - Sync 1 DAGs
[2023-08-31T15:18:00.165+0000] {logging_mixin.py:151} INFO - [2023-08-31T15:18:00.165+0000] {dag.py:3677} INFO - Setting next_dagrun for example_dynamic_task_mapping_with_no_taskflow_operators to 2023-08-30T15:18:00.164920+00:00, run_after=2023-08-31T15:18:00.164920+00:00
[2023-08-31T15:18:00.176+0000] {processor.py:179} INFO - Processing /home/airflow/.local/lib/python3.8/site-packages/airflow/example_dags/example_dynamic_task_mapping_with_no_taskflow_operators.py took 0.070 seconds
[2023-08-31T15:18:30.850+0000] {processor.py:157} INFO - Started process (PID=1172) to work on /home/airflow/.local/lib/python3.8/site-packages/airflow/example_dags/example_dynamic_task_mapping_with_no_taskflow_operators.py
[2023-08-31T15:18:30.851+0000] {processor.py:829} INFO - Processing file /home/airflow/.local/lib/python3.8/site-packages/airflow/example_dags/example_dynamic_task_mapping_with_no_taskflow_operators.py for tasks to queue
[2023-08-31T15:18:30.852+0000] {logging_mixin.py:151} INFO - [2023-08-31T15:18:30.852+0000] {dagbag.py:539} INFO - Filling up the DagBag from /home/airflow/.local/lib/python3.8/site-packages/airflow/example_dags/example_dynamic_task_mapping_with_no_taskflow_operators.py
[2023-08-31T15:18:30.860+0000] {processor.py:839} INFO - DAG(s) dict_keys(['example_dynamic_task_mapping_with_no_taskflow_operators']) retrieved from /home/airflow/.local/lib/python3.8/site-packages/airflow/example_dags/example_dynamic_task_mapping_with_no_taskflow_operators.py
[2023-08-31T15:18:30.875+0000] {logging_mixin.py:151} INFO - [2023-08-31T15:18:30.875+0000] {dag.py:2907} INFO - Sync 1 DAGs
[2023-08-31T15:18:30.890+0000] {logging_mixin.py:151} INFO - [2023-08-31T15:18:30.890+0000] {dag.py:3677} INFO - Setting next_dagrun for example_dynamic_task_mapping_with_no_taskflow_operators to 2023-08-30T15:18:30.890200+00:00, run_after=2023-08-31T15:18:30.890200+00:00
[2023-08-31T15:18:30.902+0000] {processor.py:179} INFO - Processing /home/airflow/.local/lib/python3.8/site-packages/airflow/example_dags/example_dynamic_task_mapping_with_no_taskflow_operators.py took 0.055 seconds
[2023-08-31T15:19:01.344+0000] {processor.py:157} INFO - Started process (PID=1411) to work on /home/airflow/.local/lib/python3.8/site-packages/airflow/example_dags/example_dynamic_task_mapping_with_no_taskflow_operators.py
[2023-08-31T15:19:01.349+0000] {processor.py:829} INFO - Processing file /home/airflow/.local/lib/python3.8/site-packages/airflow/example_dags/example_dynamic_task_mapping_with_no_taskflow_operators.py for tasks to queue
[2023-08-31T15:19:01.350+0000] {logging_mixin.py:151} INFO - [2023-08-31T15:19:01.350+0000] {dagbag.py:539} INFO - Filling up the DagBag from /home/airflow/.local/lib/python3.8/site-packages/airflow/example_dags/example_dynamic_task_mapping_with_no_taskflow_operators.py
[2023-08-31T15:19:01.359+0000] {processor.py:839} INFO - DAG(s) dict_keys(['example_dynamic_task_mapping_with_no_taskflow_operators']) retrieved from /home/airflow/.local/lib/python3.8/site-packages/airflow/example_dags/example_dynamic_task_mapping_with_no_taskflow_operators.py
[2023-08-31T15:19:01.377+0000] {logging_mixin.py:151} INFO - [2023-08-31T15:19:01.377+0000] {dag.py:2907} INFO - Sync 1 DAGs
[2023-08-31T15:19:01.391+0000] {logging_mixin.py:151} INFO - [2023-08-31T15:19:01.391+0000] {dag.py:3677} INFO - Setting next_dagrun for example_dynamic_task_mapping_with_no_taskflow_operators to 2023-08-30T15:19:01.391498+00:00, run_after=2023-08-31T15:19:01.391498+00:00
[2023-08-31T15:19:01.404+0000] {processor.py:179} INFO - Processing /home/airflow/.local/lib/python3.8/site-packages/airflow/example_dags/example_dynamic_task_mapping_with_no_taskflow_operators.py took 0.065 seconds
[2023-08-31T15:19:31.799+0000] {processor.py:157} INFO - Started process (PID=1652) to work on /home/airflow/.local/lib/python3.8/site-packages/airflow/example_dags/example_dynamic_task_mapping_with_no_taskflow_operators.py
[2023-08-31T15:19:31.801+0000] {processor.py:829} INFO - Processing file /home/airflow/.local/lib/python3.8/site-packages/airflow/example_dags/example_dynamic_task_mapping_with_no_taskflow_operators.py for tasks to queue
[2023-08-31T15:19:31.803+0000] {logging_mixin.py:151} INFO - [2023-08-31T15:19:31.802+0000] {dagbag.py:539} INFO - Filling up the DagBag from /home/airflow/.local/lib/python3.8/site-packages/airflow/example_dags/example_dynamic_task_mapping_with_no_taskflow_operators.py
[2023-08-31T15:19:31.813+0000] {processor.py:839} INFO - DAG(s) dict_keys(['example_dynamic_task_mapping_with_no_taskflow_operators']) retrieved from /home/airflow/.local/lib/python3.8/site-packages/airflow/example_dags/example_dynamic_task_mapping_with_no_taskflow_operators.py
[2023-08-31T15:19:31.832+0000] {logging_mixin.py:151} INFO - [2023-08-31T15:19:31.832+0000] {dag.py:2907} INFO - Sync 1 DAGs
[2023-08-31T15:19:31.847+0000] {logging_mixin.py:151} INFO - [2023-08-31T15:19:31.846+0000] {dag.py:3677} INFO - Setting next_dagrun for example_dynamic_task_mapping_with_no_taskflow_operators to 2023-08-30T15:19:31.846824+00:00, run_after=2023-08-31T15:19:31.846824+00:00
[2023-08-31T15:19:31.857+0000] {processor.py:179} INFO - Processing /home/airflow/.local/lib/python3.8/site-packages/airflow/example_dags/example_dynamic_task_mapping_with_no_taskflow_operators.py took 0.064 seconds
[2023-08-31T15:20:02.086+0000] {processor.py:157} INFO - Started process (PID=1892) to work on /home/airflow/.local/lib/python3.8/site-packages/airflow/example_dags/example_dynamic_task_mapping_with_no_taskflow_operators.py
[2023-08-31T15:20:02.088+0000] {processor.py:829} INFO - Processing file /home/airflow/.local/lib/python3.8/site-packages/airflow/example_dags/example_dynamic_task_mapping_with_no_taskflow_operators.py for tasks to queue
[2023-08-31T15:20:02.093+0000] {logging_mixin.py:151} INFO - [2023-08-31T15:20:02.092+0000] {dagbag.py:539} INFO - Filling up the DagBag from /home/airflow/.local/lib/python3.8/site-packages/airflow/example_dags/example_dynamic_task_mapping_with_no_taskflow_operators.py
[2023-08-31T15:20:02.105+0000] {processor.py:839} INFO - DAG(s) dict_keys(['example_dynamic_task_mapping_with_no_taskflow_operators']) retrieved from /home/airflow/.local/lib/python3.8/site-packages/airflow/example_dags/example_dynamic_task_mapping_with_no_taskflow_operators.py
[2023-08-31T15:20:02.123+0000] {logging_mixin.py:151} INFO - [2023-08-31T15:20:02.123+0000] {dag.py:2907} INFO - Sync 1 DAGs
[2023-08-31T15:20:02.138+0000] {logging_mixin.py:151} INFO - [2023-08-31T15:20:02.138+0000] {dag.py:3677} INFO - Setting next_dagrun for example_dynamic_task_mapping_with_no_taskflow_operators to 2023-08-30T15:20:02.138105+00:00, run_after=2023-08-31T15:20:02.138105+00:00
[2023-08-31T15:20:02.149+0000] {processor.py:179} INFO - Processing /home/airflow/.local/lib/python3.8/site-packages/airflow/example_dags/example_dynamic_task_mapping_with_no_taskflow_operators.py took 0.069 seconds
[2023-08-31T15:20:32.385+0000] {processor.py:157} INFO - Started process (PID=2131) to work on /home/airflow/.local/lib/python3.8/site-packages/airflow/example_dags/example_dynamic_task_mapping_with_no_taskflow_operators.py
[2023-08-31T15:20:32.388+0000] {processor.py:829} INFO - Processing file /home/airflow/.local/lib/python3.8/site-packages/airflow/example_dags/example_dynamic_task_mapping_with_no_taskflow_operators.py for tasks to queue
[2023-08-31T15:20:32.390+0000] {logging_mixin.py:151} INFO - [2023-08-31T15:20:32.389+0000] {dagbag.py:539} INFO - Filling up the DagBag from /home/airflow/.local/lib/python3.8/site-packages/airflow/example_dags/example_dynamic_task_mapping_with_no_taskflow_operators.py
[2023-08-31T15:20:32.400+0000] {processor.py:839} INFO - DAG(s) dict_keys(['example_dynamic_task_mapping_with_no_taskflow_operators']) retrieved from /home/airflow/.local/lib/python3.8/site-packages/airflow/example_dags/example_dynamic_task_mapping_with_no_taskflow_operators.py
[2023-08-31T15:20:32.425+0000] {logging_mixin.py:151} INFO - [2023-08-31T15:20:32.425+0000] {dag.py:2907} INFO - Sync 1 DAGs
[2023-08-31T15:20:32.439+0000] {logging_mixin.py:151} INFO - [2023-08-31T15:20:32.439+0000] {dag.py:3677} INFO - Setting next_dagrun for example_dynamic_task_mapping_with_no_taskflow_operators to 2023-08-30T15:20:32.438903+00:00, run_after=2023-08-31T15:20:32.438903+00:00
[2023-08-31T15:20:32.450+0000] {processor.py:179} INFO - Processing /home/airflow/.local/lib/python3.8/site-packages/airflow/example_dags/example_dynamic_task_mapping_with_no_taskflow_operators.py took 0.070 seconds
[2023-08-31T15:21:02.678+0000] {processor.py:157} INFO - Started process (PID=2372) to work on /home/airflow/.local/lib/python3.8/site-packages/airflow/example_dags/example_dynamic_task_mapping_with_no_taskflow_operators.py
[2023-08-31T15:21:02.680+0000] {processor.py:829} INFO - Processing file /home/airflow/.local/lib/python3.8/site-packages/airflow/example_dags/example_dynamic_task_mapping_with_no_taskflow_operators.py for tasks to queue
[2023-08-31T15:21:02.681+0000] {logging_mixin.py:151} INFO - [2023-08-31T15:21:02.681+0000] {dagbag.py:539} INFO - Filling up the DagBag from /home/airflow/.local/lib/python3.8/site-packages/airflow/example_dags/example_dynamic_task_mapping_with_no_taskflow_operators.py
[2023-08-31T15:21:02.687+0000] {processor.py:839} INFO - DAG(s) dict_keys(['example_dynamic_task_mapping_with_no_taskflow_operators']) retrieved from /home/airflow/.local/lib/python3.8/site-packages/airflow/example_dags/example_dynamic_task_mapping_with_no_taskflow_operators.py
[2023-08-31T15:21:02.701+0000] {logging_mixin.py:151} INFO - [2023-08-31T15:21:02.701+0000] {dag.py:2907} INFO - Sync 1 DAGs
[2023-08-31T15:21:02.715+0000] {logging_mixin.py:151} INFO - [2023-08-31T15:21:02.715+0000] {dag.py:3677} INFO - Setting next_dagrun for example_dynamic_task_mapping_with_no_taskflow_operators to 2023-08-30T15:21:02.715308+00:00, run_after=2023-08-31T15:21:02.715308+00:00
[2023-08-31T15:21:02.726+0000] {processor.py:179} INFO - Processing /home/airflow/.local/lib/python3.8/site-packages/airflow/example_dags/example_dynamic_task_mapping_with_no_taskflow_operators.py took 0.051 seconds
[2023-08-31T15:21:33.052+0000] {processor.py:157} INFO - Started process (PID=2614) to work on /home/airflow/.local/lib/python3.8/site-packages/airflow/example_dags/example_dynamic_task_mapping_with_no_taskflow_operators.py
[2023-08-31T15:21:33.053+0000] {processor.py:829} INFO - Processing file /home/airflow/.local/lib/python3.8/site-packages/airflow/example_dags/example_dynamic_task_mapping_with_no_taskflow_operators.py for tasks to queue
[2023-08-31T15:21:33.055+0000] {logging_mixin.py:151} INFO - [2023-08-31T15:21:33.055+0000] {dagbag.py:539} INFO - Filling up the DagBag from /home/airflow/.local/lib/python3.8/site-packages/airflow/example_dags/example_dynamic_task_mapping_with_no_taskflow_operators.py
[2023-08-31T15:21:33.061+0000] {processor.py:839} INFO - DAG(s) dict_keys(['example_dynamic_task_mapping_with_no_taskflow_operators']) retrieved from /home/airflow/.local/lib/python3.8/site-packages/airflow/example_dags/example_dynamic_task_mapping_with_no_taskflow_operators.py
[2023-08-31T15:21:33.075+0000] {logging_mixin.py:151} INFO - [2023-08-31T15:21:33.075+0000] {dag.py:2907} INFO - Sync 1 DAGs
[2023-08-31T15:21:33.090+0000] {logging_mixin.py:151} INFO - [2023-08-31T15:21:33.090+0000] {dag.py:3677} INFO - Setting next_dagrun for example_dynamic_task_mapping_with_no_taskflow_operators to 2023-08-30T15:21:33.090196+00:00, run_after=2023-08-31T15:21:33.090196+00:00
[2023-08-31T15:21:33.101+0000] {processor.py:179} INFO - Processing /home/airflow/.local/lib/python3.8/site-packages/airflow/example_dags/example_dynamic_task_mapping_with_no_taskflow_operators.py took 0.052 seconds
[2023-08-31T15:22:03.375+0000] {processor.py:157} INFO - Started process (PID=2854) to work on /home/airflow/.local/lib/python3.8/site-packages/airflow/example_dags/example_dynamic_task_mapping_with_no_taskflow_operators.py
[2023-08-31T15:22:03.377+0000] {processor.py:829} INFO - Processing file /home/airflow/.local/lib/python3.8/site-packages/airflow/example_dags/example_dynamic_task_mapping_with_no_taskflow_operators.py for tasks to queue
[2023-08-31T15:22:03.379+0000] {logging_mixin.py:151} INFO - [2023-08-31T15:22:03.379+0000] {dagbag.py:539} INFO - Filling up the DagBag from /home/airflow/.local/lib/python3.8/site-packages/airflow/example_dags/example_dynamic_task_mapping_with_no_taskflow_operators.py
[2023-08-31T15:22:03.389+0000] {processor.py:839} INFO - DAG(s) dict_keys(['example_dynamic_task_mapping_with_no_taskflow_operators']) retrieved from /home/airflow/.local/lib/python3.8/site-packages/airflow/example_dags/example_dynamic_task_mapping_with_no_taskflow_operators.py
[2023-08-31T15:22:03.408+0000] {logging_mixin.py:151} INFO - [2023-08-31T15:22:03.408+0000] {dag.py:2907} INFO - Sync 1 DAGs
[2023-08-31T15:22:03.423+0000] {logging_mixin.py:151} INFO - [2023-08-31T15:22:03.423+0000] {dag.py:3677} INFO - Setting next_dagrun for example_dynamic_task_mapping_with_no_taskflow_operators to 2023-08-30T15:22:03.423560+00:00, run_after=2023-08-31T15:22:03.423560+00:00
[2023-08-31T15:22:03.435+0000] {processor.py:179} INFO - Processing /home/airflow/.local/lib/python3.8/site-packages/airflow/example_dags/example_dynamic_task_mapping_with_no_taskflow_operators.py took 0.069 seconds
[2023-08-31T15:22:33.679+0000] {processor.py:157} INFO - Started process (PID=3094) to work on /home/airflow/.local/lib/python3.8/site-packages/airflow/example_dags/example_dynamic_task_mapping_with_no_taskflow_operators.py
[2023-08-31T15:22:33.681+0000] {processor.py:829} INFO - Processing file /home/airflow/.local/lib/python3.8/site-packages/airflow/example_dags/example_dynamic_task_mapping_with_no_taskflow_operators.py for tasks to queue
[2023-08-31T15:22:33.684+0000] {logging_mixin.py:151} INFO - [2023-08-31T15:22:33.683+0000] {dagbag.py:539} INFO - Filling up the DagBag from /home/airflow/.local/lib/python3.8/site-packages/airflow/example_dags/example_dynamic_task_mapping_with_no_taskflow_operators.py
[2023-08-31T15:22:33.694+0000] {processor.py:839} INFO - DAG(s) dict_keys(['example_dynamic_task_mapping_with_no_taskflow_operators']) retrieved from /home/airflow/.local/lib/python3.8/site-packages/airflow/example_dags/example_dynamic_task_mapping_with_no_taskflow_operators.py
[2023-08-31T15:22:33.712+0000] {logging_mixin.py:151} INFO - [2023-08-31T15:22:33.712+0000] {dag.py:2907} INFO - Sync 1 DAGs
[2023-08-31T15:22:33.727+0000] {logging_mixin.py:151} INFO - [2023-08-31T15:22:33.727+0000] {dag.py:3677} INFO - Setting next_dagrun for example_dynamic_task_mapping_with_no_taskflow_operators to 2023-08-30T15:22:33.727002+00:00, run_after=2023-08-31T15:22:33.727002+00:00
[2023-08-31T15:22:33.738+0000] {processor.py:179} INFO - Processing /home/airflow/.local/lib/python3.8/site-packages/airflow/example_dags/example_dynamic_task_mapping_with_no_taskflow_operators.py took 0.064 seconds
[2023-08-31T15:23:04.399+0000] {processor.py:157} INFO - Started process (PID=3336) to work on /home/airflow/.local/lib/python3.8/site-packages/airflow/example_dags/example_dynamic_task_mapping_with_no_taskflow_operators.py
[2023-08-31T15:23:04.401+0000] {processor.py:829} INFO - Processing file /home/airflow/.local/lib/python3.8/site-packages/airflow/example_dags/example_dynamic_task_mapping_with_no_taskflow_operators.py for tasks to queue
[2023-08-31T15:23:04.404+0000] {logging_mixin.py:151} INFO - [2023-08-31T15:23:04.404+0000] {dagbag.py:539} INFO - Filling up the DagBag from /home/airflow/.local/lib/python3.8/site-packages/airflow/example_dags/example_dynamic_task_mapping_with_no_taskflow_operators.py
[2023-08-31T15:23:04.414+0000] {processor.py:839} INFO - DAG(s) dict_keys(['example_dynamic_task_mapping_with_no_taskflow_operators']) retrieved from /home/airflow/.local/lib/python3.8/site-packages/airflow/example_dags/example_dynamic_task_mapping_with_no_taskflow_operators.py
[2023-08-31T15:23:04.432+0000] {logging_mixin.py:151} INFO - [2023-08-31T15:23:04.432+0000] {dag.py:2907} INFO - Sync 1 DAGs
[2023-08-31T15:23:04.448+0000] {logging_mixin.py:151} INFO - [2023-08-31T15:23:04.448+0000] {dag.py:3677} INFO - Setting next_dagrun for example_dynamic_task_mapping_with_no_taskflow_operators to 2023-08-30T15:23:04.448064+00:00, run_after=2023-08-31T15:23:04.448064+00:00
[2023-08-31T15:23:04.459+0000] {processor.py:179} INFO - Processing /home/airflow/.local/lib/python3.8/site-packages/airflow/example_dags/example_dynamic_task_mapping_with_no_taskflow_operators.py took 0.064 seconds
[2023-08-31T15:23:34.919+0000] {processor.py:157} INFO - Started process (PID=3576) to work on /home/airflow/.local/lib/python3.8/site-packages/airflow/example_dags/example_dynamic_task_mapping_with_no_taskflow_operators.py
[2023-08-31T15:23:34.922+0000] {processor.py:829} INFO - Processing file /home/airflow/.local/lib/python3.8/site-packages/airflow/example_dags/example_dynamic_task_mapping_with_no_taskflow_operators.py for tasks to queue
[2023-08-31T15:23:34.924+0000] {logging_mixin.py:151} INFO - [2023-08-31T15:23:34.923+0000] {dagbag.py:539} INFO - Filling up the DagBag from /home/airflow/.local/lib/python3.8/site-packages/airflow/example_dags/example_dynamic_task_mapping_with_no_taskflow_operators.py
[2023-08-31T15:23:34.933+0000] {processor.py:839} INFO - DAG(s) dict_keys(['example_dynamic_task_mapping_with_no_taskflow_operators']) retrieved from /home/airflow/.local/lib/python3.8/site-packages/airflow/example_dags/example_dynamic_task_mapping_with_no_taskflow_operators.py
[2023-08-31T15:23:34.950+0000] {logging_mixin.py:151} INFO - [2023-08-31T15:23:34.950+0000] {dag.py:2907} INFO - Sync 1 DAGs
[2023-08-31T15:23:34.965+0000] {logging_mixin.py:151} INFO - [2023-08-31T15:23:34.965+0000] {dag.py:3677} INFO - Setting next_dagrun for example_dynamic_task_mapping_with_no_taskflow_operators to 2023-08-30T15:23:34.965114+00:00, run_after=2023-08-31T15:23:34.965114+00:00
[2023-08-31T15:23:34.976+0000] {processor.py:179} INFO - Processing /home/airflow/.local/lib/python3.8/site-packages/airflow/example_dags/example_dynamic_task_mapping_with_no_taskflow_operators.py took 0.063 seconds
[2023-08-31T15:24:05.247+0000] {processor.py:157} INFO - Started process (PID=3818) to work on /home/airflow/.local/lib/python3.8/site-packages/airflow/example_dags/example_dynamic_task_mapping_with_no_taskflow_operators.py
[2023-08-31T15:24:05.250+0000] {processor.py:829} INFO - Processing file /home/airflow/.local/lib/python3.8/site-packages/airflow/example_dags/example_dynamic_task_mapping_with_no_taskflow_operators.py for tasks to queue
[2023-08-31T15:24:05.252+0000] {logging_mixin.py:151} INFO - [2023-08-31T15:24:05.252+0000] {dagbag.py:539} INFO - Filling up the DagBag from /home/airflow/.local/lib/python3.8/site-packages/airflow/example_dags/example_dynamic_task_mapping_with_no_taskflow_operators.py
[2023-08-31T15:24:05.262+0000] {processor.py:839} INFO - DAG(s) dict_keys(['example_dynamic_task_mapping_with_no_taskflow_operators']) retrieved from /home/airflow/.local/lib/python3.8/site-packages/airflow/example_dags/example_dynamic_task_mapping_with_no_taskflow_operators.py
[2023-08-31T15:24:05.281+0000] {logging_mixin.py:151} INFO - [2023-08-31T15:24:05.281+0000] {dag.py:2907} INFO - Sync 1 DAGs
[2023-08-31T15:24:05.296+0000] {logging_mixin.py:151} INFO - [2023-08-31T15:24:05.296+0000] {dag.py:3677} INFO - Setting next_dagrun for example_dynamic_task_mapping_with_no_taskflow_operators to 2023-08-30T15:24:05.296181+00:00, run_after=2023-08-31T15:24:05.296181+00:00
[2023-08-31T15:24:05.308+0000] {processor.py:179} INFO - Processing /home/airflow/.local/lib/python3.8/site-packages/airflow/example_dags/example_dynamic_task_mapping_with_no_taskflow_operators.py took 0.066 seconds
[2023-08-31T15:24:35.500+0000] {processor.py:157} INFO - Started process (PID=4058) to work on /home/airflow/.local/lib/python3.8/site-packages/airflow/example_dags/example_dynamic_task_mapping_with_no_taskflow_operators.py
[2023-08-31T15:24:35.503+0000] {processor.py:829} INFO - Processing file /home/airflow/.local/lib/python3.8/site-packages/airflow/example_dags/example_dynamic_task_mapping_with_no_taskflow_operators.py for tasks to queue
[2023-08-31T15:24:35.505+0000] {logging_mixin.py:151} INFO - [2023-08-31T15:24:35.505+0000] {dagbag.py:539} INFO - Filling up the DagBag from /home/airflow/.local/lib/python3.8/site-packages/airflow/example_dags/example_dynamic_task_mapping_with_no_taskflow_operators.py
[2023-08-31T15:24:35.514+0000] {processor.py:839} INFO - DAG(s) dict_keys(['example_dynamic_task_mapping_with_no_taskflow_operators']) retrieved from /home/airflow/.local/lib/python3.8/site-packages/airflow/example_dags/example_dynamic_task_mapping_with_no_taskflow_operators.py
[2023-08-31T15:24:35.533+0000] {logging_mixin.py:151} INFO - [2023-08-31T15:24:35.533+0000] {dag.py:2907} INFO - Sync 1 DAGs
[2023-08-31T15:24:35.547+0000] {logging_mixin.py:151} INFO - [2023-08-31T15:24:35.547+0000] {dag.py:3677} INFO - Setting next_dagrun for example_dynamic_task_mapping_with_no_taskflow_operators to 2023-08-30T15:24:35.547082+00:00, run_after=2023-08-31T15:24:35.547082+00:00
[2023-08-31T15:24:35.558+0000] {processor.py:179} INFO - Processing /home/airflow/.local/lib/python3.8/site-packages/airflow/example_dags/example_dynamic_task_mapping_with_no_taskflow_operators.py took 0.063 seconds
[2023-08-31T15:25:05.791+0000] {processor.py:157} INFO - Started process (PID=4298) to work on /home/airflow/.local/lib/python3.8/site-packages/airflow/example_dags/example_dynamic_task_mapping_with_no_taskflow_operators.py
[2023-08-31T15:25:05.794+0000] {processor.py:829} INFO - Processing file /home/airflow/.local/lib/python3.8/site-packages/airflow/example_dags/example_dynamic_task_mapping_with_no_taskflow_operators.py for tasks to queue
[2023-08-31T15:25:05.796+0000] {logging_mixin.py:151} INFO - [2023-08-31T15:25:05.796+0000] {dagbag.py:539} INFO - Filling up the DagBag from /home/airflow/.local/lib/python3.8/site-packages/airflow/example_dags/example_dynamic_task_mapping_with_no_taskflow_operators.py
[2023-08-31T15:25:05.808+0000] {processor.py:839} INFO - DAG(s) dict_keys(['example_dynamic_task_mapping_with_no_taskflow_operators']) retrieved from /home/airflow/.local/lib/python3.8/site-packages/airflow/example_dags/example_dynamic_task_mapping_with_no_taskflow_operators.py
[2023-08-31T15:25:05.827+0000] {logging_mixin.py:151} INFO - [2023-08-31T15:25:05.827+0000] {dag.py:2907} INFO - Sync 1 DAGs
[2023-08-31T15:25:05.840+0000] {logging_mixin.py:151} INFO - [2023-08-31T15:25:05.840+0000] {dag.py:3677} INFO - Setting next_dagrun for example_dynamic_task_mapping_with_no_taskflow_operators to 2023-08-30T15:25:05.840558+00:00, run_after=2023-08-31T15:25:05.840558+00:00
[2023-08-31T15:25:05.852+0000] {processor.py:179} INFO - Processing /home/airflow/.local/lib/python3.8/site-packages/airflow/example_dags/example_dynamic_task_mapping_with_no_taskflow_operators.py took 0.070 seconds
[2023-08-31T15:25:36.070+0000] {processor.py:157} INFO - Started process (PID=4537) to work on /home/airflow/.local/lib/python3.8/site-packages/airflow/example_dags/example_dynamic_task_mapping_with_no_taskflow_operators.py
[2023-08-31T15:25:36.072+0000] {processor.py:829} INFO - Processing file /home/airflow/.local/lib/python3.8/site-packages/airflow/example_dags/example_dynamic_task_mapping_with_no_taskflow_operators.py for tasks to queue
[2023-08-31T15:25:36.075+0000] {logging_mixin.py:151} INFO - [2023-08-31T15:25:36.074+0000] {dagbag.py:539} INFO - Filling up the DagBag from /home/airflow/.local/lib/python3.8/site-packages/airflow/example_dags/example_dynamic_task_mapping_with_no_taskflow_operators.py
[2023-08-31T15:25:36.087+0000] {processor.py:839} INFO - DAG(s) dict_keys(['example_dynamic_task_mapping_with_no_taskflow_operators']) retrieved from /home/airflow/.local/lib/python3.8/site-packages/airflow/example_dags/example_dynamic_task_mapping_with_no_taskflow_operators.py
[2023-08-31T15:25:36.106+0000] {logging_mixin.py:151} INFO - [2023-08-31T15:25:36.105+0000] {dag.py:2907} INFO - Sync 1 DAGs
[2023-08-31T15:25:36.120+0000] {logging_mixin.py:151} INFO - [2023-08-31T15:25:36.120+0000] {dag.py:3677} INFO - Setting next_dagrun for example_dynamic_task_mapping_with_no_taskflow_operators to 2023-08-30T15:25:36.120254+00:00, run_after=2023-08-31T15:25:36.120254+00:00
[2023-08-31T15:25:36.131+0000] {processor.py:179} INFO - Processing /home/airflow/.local/lib/python3.8/site-packages/airflow/example_dags/example_dynamic_task_mapping_with_no_taskflow_operators.py took 0.067 seconds
[2023-08-31T15:26:06.357+0000] {processor.py:157} INFO - Started process (PID=4778) to work on /home/airflow/.local/lib/python3.8/site-packages/airflow/example_dags/example_dynamic_task_mapping_with_no_taskflow_operators.py
[2023-08-31T15:26:06.359+0000] {processor.py:829} INFO - Processing file /home/airflow/.local/lib/python3.8/site-packages/airflow/example_dags/example_dynamic_task_mapping_with_no_taskflow_operators.py for tasks to queue
[2023-08-31T15:26:06.361+0000] {logging_mixin.py:151} INFO - [2023-08-31T15:26:06.361+0000] {dagbag.py:539} INFO - Filling up the DagBag from /home/airflow/.local/lib/python3.8/site-packages/airflow/example_dags/example_dynamic_task_mapping_with_no_taskflow_operators.py
[2023-08-31T15:26:06.372+0000] {processor.py:839} INFO - DAG(s) dict_keys(['example_dynamic_task_mapping_with_no_taskflow_operators']) retrieved from /home/airflow/.local/lib/python3.8/site-packages/airflow/example_dags/example_dynamic_task_mapping_with_no_taskflow_operators.py
[2023-08-31T15:26:06.391+0000] {logging_mixin.py:151} INFO - [2023-08-31T15:26:06.391+0000] {dag.py:2907} INFO - Sync 1 DAGs
[2023-08-31T15:26:06.406+0000] {logging_mixin.py:151} INFO - [2023-08-31T15:26:06.406+0000] {dag.py:3677} INFO - Setting next_dagrun for example_dynamic_task_mapping_with_no_taskflow_operators to 2023-08-30T15:26:06.406501+00:00, run_after=2023-08-31T15:26:06.406501+00:00
[2023-08-31T15:26:06.417+0000] {processor.py:179} INFO - Processing /home/airflow/.local/lib/python3.8/site-packages/airflow/example_dags/example_dynamic_task_mapping_with_no_taskflow_operators.py took 0.066 seconds
[2023-08-31T15:26:36.698+0000] {processor.py:157} INFO - Started process (PID=5017) to work on /home/airflow/.local/lib/python3.8/site-packages/airflow/example_dags/example_dynamic_task_mapping_with_no_taskflow_operators.py
[2023-08-31T15:26:36.700+0000] {processor.py:829} INFO - Processing file /home/airflow/.local/lib/python3.8/site-packages/airflow/example_dags/example_dynamic_task_mapping_with_no_taskflow_operators.py for tasks to queue
[2023-08-31T15:26:36.703+0000] {logging_mixin.py:151} INFO - [2023-08-31T15:26:36.702+0000] {dagbag.py:539} INFO - Filling up the DagBag from /home/airflow/.local/lib/python3.8/site-packages/airflow/example_dags/example_dynamic_task_mapping_with_no_taskflow_operators.py
[2023-08-31T15:26:36.713+0000] {processor.py:839} INFO - DAG(s) dict_keys(['example_dynamic_task_mapping_with_no_taskflow_operators']) retrieved from /home/airflow/.local/lib/python3.8/site-packages/airflow/example_dags/example_dynamic_task_mapping_with_no_taskflow_operators.py
[2023-08-31T15:26:36.733+0000] {logging_mixin.py:151} INFO - [2023-08-31T15:26:36.732+0000] {dag.py:2907} INFO - Sync 1 DAGs
[2023-08-31T15:26:36.747+0000] {logging_mixin.py:151} INFO - [2023-08-31T15:26:36.747+0000] {dag.py:3677} INFO - Setting next_dagrun for example_dynamic_task_mapping_with_no_taskflow_operators to 2023-08-30T15:26:36.746982+00:00, run_after=2023-08-31T15:26:36.746982+00:00
[2023-08-31T15:26:36.757+0000] {processor.py:179} INFO - Processing /home/airflow/.local/lib/python3.8/site-packages/airflow/example_dags/example_dynamic_task_mapping_with_no_taskflow_operators.py took 0.065 seconds
[2023-08-31T15:27:06.975+0000] {processor.py:157} INFO - Started process (PID=5256) to work on /home/airflow/.local/lib/python3.8/site-packages/airflow/example_dags/example_dynamic_task_mapping_with_no_taskflow_operators.py
[2023-08-31T15:27:06.978+0000] {processor.py:829} INFO - Processing file /home/airflow/.local/lib/python3.8/site-packages/airflow/example_dags/example_dynamic_task_mapping_with_no_taskflow_operators.py for tasks to queue
[2023-08-31T15:27:06.980+0000] {logging_mixin.py:151} INFO - [2023-08-31T15:27:06.980+0000] {dagbag.py:539} INFO - Filling up the DagBag from /home/airflow/.local/lib/python3.8/site-packages/airflow/example_dags/example_dynamic_task_mapping_with_no_taskflow_operators.py
[2023-08-31T15:27:06.990+0000] {processor.py:839} INFO - DAG(s) dict_keys(['example_dynamic_task_mapping_with_no_taskflow_operators']) retrieved from /home/airflow/.local/lib/python3.8/site-packages/airflow/example_dags/example_dynamic_task_mapping_with_no_taskflow_operators.py
[2023-08-31T15:27:07.010+0000] {logging_mixin.py:151} INFO - [2023-08-31T15:27:07.010+0000] {dag.py:2907} INFO - Sync 1 DAGs
[2023-08-31T15:27:07.025+0000] {logging_mixin.py:151} INFO - [2023-08-31T15:27:07.025+0000] {dag.py:3677} INFO - Setting next_dagrun for example_dynamic_task_mapping_with_no_taskflow_operators to 2023-08-30T15:27:07.024981+00:00, run_after=2023-08-31T15:27:07.024981+00:00
[2023-08-31T15:27:07.037+0000] {processor.py:179} INFO - Processing /home/airflow/.local/lib/python3.8/site-packages/airflow/example_dags/example_dynamic_task_mapping_with_no_taskflow_operators.py took 0.068 seconds
[2023-08-31T15:27:37.416+0000] {processor.py:157} INFO - Started process (PID=5496) to work on /home/airflow/.local/lib/python3.8/site-packages/airflow/example_dags/example_dynamic_task_mapping_with_no_taskflow_operators.py
[2023-08-31T15:27:37.418+0000] {processor.py:829} INFO - Processing file /home/airflow/.local/lib/python3.8/site-packages/airflow/example_dags/example_dynamic_task_mapping_with_no_taskflow_operators.py for tasks to queue
[2023-08-31T15:27:37.420+0000] {logging_mixin.py:151} INFO - [2023-08-31T15:27:37.420+0000] {dagbag.py:539} INFO - Filling up the DagBag from /home/airflow/.local/lib/python3.8/site-packages/airflow/example_dags/example_dynamic_task_mapping_with_no_taskflow_operators.py
[2023-08-31T15:27:37.434+0000] {processor.py:839} INFO - DAG(s) dict_keys(['example_dynamic_task_mapping_with_no_taskflow_operators']) retrieved from /home/airflow/.local/lib/python3.8/site-packages/airflow/example_dags/example_dynamic_task_mapping_with_no_taskflow_operators.py
[2023-08-31T15:27:37.453+0000] {logging_mixin.py:151} INFO - [2023-08-31T15:27:37.452+0000] {dag.py:2907} INFO - Sync 1 DAGs
[2023-08-31T15:27:37.467+0000] {logging_mixin.py:151} INFO - [2023-08-31T15:27:37.467+0000] {dag.py:3677} INFO - Setting next_dagrun for example_dynamic_task_mapping_with_no_taskflow_operators to 2023-08-30T15:27:37.467260+00:00, run_after=2023-08-31T15:27:37.467260+00:00
[2023-08-31T15:27:37.478+0000] {processor.py:179} INFO - Processing /home/airflow/.local/lib/python3.8/site-packages/airflow/example_dags/example_dynamic_task_mapping_with_no_taskflow_operators.py took 0.068 seconds
[2023-08-31T15:28:07.776+0000] {processor.py:157} INFO - Started process (PID=5736) to work on /home/airflow/.local/lib/python3.8/site-packages/airflow/example_dags/example_dynamic_task_mapping_with_no_taskflow_operators.py
[2023-08-31T15:28:07.779+0000] {processor.py:829} INFO - Processing file /home/airflow/.local/lib/python3.8/site-packages/airflow/example_dags/example_dynamic_task_mapping_with_no_taskflow_operators.py for tasks to queue
[2023-08-31T15:28:07.781+0000] {logging_mixin.py:151} INFO - [2023-08-31T15:28:07.781+0000] {dagbag.py:539} INFO - Filling up the DagBag from /home/airflow/.local/lib/python3.8/site-packages/airflow/example_dags/example_dynamic_task_mapping_with_no_taskflow_operators.py
[2023-08-31T15:28:07.793+0000] {processor.py:839} INFO - DAG(s) dict_keys(['example_dynamic_task_mapping_with_no_taskflow_operators']) retrieved from /home/airflow/.local/lib/python3.8/site-packages/airflow/example_dags/example_dynamic_task_mapping_with_no_taskflow_operators.py
[2023-08-31T15:28:07.813+0000] {logging_mixin.py:151} INFO - [2023-08-31T15:28:07.813+0000] {dag.py:2907} INFO - Sync 1 DAGs
[2023-08-31T15:28:07.827+0000] {logging_mixin.py:151} INFO - [2023-08-31T15:28:07.827+0000] {dag.py:3677} INFO - Setting next_dagrun for example_dynamic_task_mapping_with_no_taskflow_operators to 2023-08-30T15:28:07.827265+00:00, run_after=2023-08-31T15:28:07.827265+00:00
[2023-08-31T15:28:07.838+0000] {processor.py:179} INFO - Processing /home/airflow/.local/lib/python3.8/site-packages/airflow/example_dags/example_dynamic_task_mapping_with_no_taskflow_operators.py took 0.067 seconds
[2023-08-31T15:28:38.126+0000] {processor.py:157} INFO - Started process (PID=5977) to work on /home/airflow/.local/lib/python3.8/site-packages/airflow/example_dags/example_dynamic_task_mapping_with_no_taskflow_operators.py
[2023-08-31T15:28:38.129+0000] {processor.py:829} INFO - Processing file /home/airflow/.local/lib/python3.8/site-packages/airflow/example_dags/example_dynamic_task_mapping_with_no_taskflow_operators.py for tasks to queue
[2023-08-31T15:28:38.132+0000] {logging_mixin.py:151} INFO - [2023-08-31T15:28:38.131+0000] {dagbag.py:539} INFO - Filling up the DagBag from /home/airflow/.local/lib/python3.8/site-packages/airflow/example_dags/example_dynamic_task_mapping_with_no_taskflow_operators.py
[2023-08-31T15:28:38.142+0000] {processor.py:839} INFO - DAG(s) dict_keys(['example_dynamic_task_mapping_with_no_taskflow_operators']) retrieved from /home/airflow/.local/lib/python3.8/site-packages/airflow/example_dags/example_dynamic_task_mapping_with_no_taskflow_operators.py
[2023-08-31T15:28:38.161+0000] {logging_mixin.py:151} INFO - [2023-08-31T15:28:38.160+0000] {dag.py:2907} INFO - Sync 1 DAGs
[2023-08-31T15:28:38.175+0000] {logging_mixin.py:151} INFO - [2023-08-31T15:28:38.175+0000] {dag.py:3677} INFO - Setting next_dagrun for example_dynamic_task_mapping_with_no_taskflow_operators to 2023-08-30T15:28:38.174935+00:00, run_after=2023-08-31T15:28:38.174935+00:00
[2023-08-31T15:28:38.185+0000] {processor.py:179} INFO - Processing /home/airflow/.local/lib/python3.8/site-packages/airflow/example_dags/example_dynamic_task_mapping_with_no_taskflow_operators.py took 0.065 seconds
[2023-08-31T15:29:08.358+0000] {processor.py:157} INFO - Started process (PID=6219) to work on /home/airflow/.local/lib/python3.8/site-packages/airflow/example_dags/example_dynamic_task_mapping_with_no_taskflow_operators.py
[2023-08-31T15:29:08.362+0000] {processor.py:829} INFO - Processing file /home/airflow/.local/lib/python3.8/site-packages/airflow/example_dags/example_dynamic_task_mapping_with_no_taskflow_operators.py for tasks to queue
[2023-08-31T15:29:08.363+0000] {logging_mixin.py:151} INFO - [2023-08-31T15:29:08.363+0000] {dagbag.py:539} INFO - Filling up the DagBag from /home/airflow/.local/lib/python3.8/site-packages/airflow/example_dags/example_dynamic_task_mapping_with_no_taskflow_operators.py
[2023-08-31T15:29:08.373+0000] {processor.py:839} INFO - DAG(s) dict_keys(['example_dynamic_task_mapping_with_no_taskflow_operators']) retrieved from /home/airflow/.local/lib/python3.8/site-packages/airflow/example_dags/example_dynamic_task_mapping_with_no_taskflow_operators.py
[2023-08-31T15:29:08.393+0000] {logging_mixin.py:151} INFO - [2023-08-31T15:29:08.393+0000] {dag.py:2907} INFO - Sync 1 DAGs
[2023-08-31T15:29:08.408+0000] {logging_mixin.py:151} INFO - [2023-08-31T15:29:08.407+0000] {dag.py:3677} INFO - Setting next_dagrun for example_dynamic_task_mapping_with_no_taskflow_operators to 2023-08-30T15:29:08.407758+00:00, run_after=2023-08-31T15:29:08.407758+00:00
[2023-08-31T15:29:08.418+0000] {processor.py:179} INFO - Processing /home/airflow/.local/lib/python3.8/site-packages/airflow/example_dags/example_dynamic_task_mapping_with_no_taskflow_operators.py took 0.066 seconds
[2023-08-31T15:29:38.806+0000] {processor.py:157} INFO - Started process (PID=6459) to work on /home/airflow/.local/lib/python3.8/site-packages/airflow/example_dags/example_dynamic_task_mapping_with_no_taskflow_operators.py
[2023-08-31T15:29:38.809+0000] {processor.py:829} INFO - Processing file /home/airflow/.local/lib/python3.8/site-packages/airflow/example_dags/example_dynamic_task_mapping_with_no_taskflow_operators.py for tasks to queue
[2023-08-31T15:29:38.811+0000] {logging_mixin.py:151} INFO - [2023-08-31T15:29:38.810+0000] {dagbag.py:539} INFO - Filling up the DagBag from /home/airflow/.local/lib/python3.8/site-packages/airflow/example_dags/example_dynamic_task_mapping_with_no_taskflow_operators.py
[2023-08-31T15:29:38.821+0000] {processor.py:839} INFO - DAG(s) dict_keys(['example_dynamic_task_mapping_with_no_taskflow_operators']) retrieved from /home/airflow/.local/lib/python3.8/site-packages/airflow/example_dags/example_dynamic_task_mapping_with_no_taskflow_operators.py
[2023-08-31T15:29:38.839+0000] {logging_mixin.py:151} INFO - [2023-08-31T15:29:38.839+0000] {dag.py:2907} INFO - Sync 1 DAGs
[2023-08-31T15:29:38.853+0000] {logging_mixin.py:151} INFO - [2023-08-31T15:29:38.853+0000] {dag.py:3677} INFO - Setting next_dagrun for example_dynamic_task_mapping_with_no_taskflow_operators to 2023-08-30T15:29:38.853018+00:00, run_after=2023-08-31T15:29:38.853018+00:00
[2023-08-31T15:29:38.865+0000] {processor.py:179} INFO - Processing /home/airflow/.local/lib/python3.8/site-packages/airflow/example_dags/example_dynamic_task_mapping_with_no_taskflow_operators.py took 0.069 seconds
[2023-08-31T15:30:09.075+0000] {processor.py:157} INFO - Started process (PID=6699) to work on /home/airflow/.local/lib/python3.8/site-packages/airflow/example_dags/example_dynamic_task_mapping_with_no_taskflow_operators.py
[2023-08-31T15:30:09.078+0000] {processor.py:829} INFO - Processing file /home/airflow/.local/lib/python3.8/site-packages/airflow/example_dags/example_dynamic_task_mapping_with_no_taskflow_operators.py for tasks to queue
[2023-08-31T15:30:09.080+0000] {logging_mixin.py:151} INFO - [2023-08-31T15:30:09.080+0000] {dagbag.py:539} INFO - Filling up the DagBag from /home/airflow/.local/lib/python3.8/site-packages/airflow/example_dags/example_dynamic_task_mapping_with_no_taskflow_operators.py
[2023-08-31T15:30:09.089+0000] {processor.py:839} INFO - DAG(s) dict_keys(['example_dynamic_task_mapping_with_no_taskflow_operators']) retrieved from /home/airflow/.local/lib/python3.8/site-packages/airflow/example_dags/example_dynamic_task_mapping_with_no_taskflow_operators.py
[2023-08-31T15:30:09.107+0000] {logging_mixin.py:151} INFO - [2023-08-31T15:30:09.107+0000] {dag.py:2907} INFO - Sync 1 DAGs
[2023-08-31T15:30:09.122+0000] {logging_mixin.py:151} INFO - [2023-08-31T15:30:09.122+0000] {dag.py:3677} INFO - Setting next_dagrun for example_dynamic_task_mapping_with_no_taskflow_operators to 2023-08-30T15:30:09.121954+00:00, run_after=2023-08-31T15:30:09.121954+00:00
[2023-08-31T15:30:09.133+0000] {processor.py:179} INFO - Processing /home/airflow/.local/lib/python3.8/site-packages/airflow/example_dags/example_dynamic_task_mapping_with_no_taskflow_operators.py took 0.063 seconds
[2023-08-31T15:30:39.297+0000] {processor.py:157} INFO - Started process (PID=6940) to work on /home/airflow/.local/lib/python3.8/site-packages/airflow/example_dags/example_dynamic_task_mapping_with_no_taskflow_operators.py
[2023-08-31T15:30:39.301+0000] {processor.py:829} INFO - Processing file /home/airflow/.local/lib/python3.8/site-packages/airflow/example_dags/example_dynamic_task_mapping_with_no_taskflow_operators.py for tasks to queue
[2023-08-31T15:30:39.303+0000] {logging_mixin.py:151} INFO - [2023-08-31T15:30:39.302+0000] {dagbag.py:539} INFO - Filling up the DagBag from /home/airflow/.local/lib/python3.8/site-packages/airflow/example_dags/example_dynamic_task_mapping_with_no_taskflow_operators.py
[2023-08-31T15:30:39.313+0000] {processor.py:839} INFO - DAG(s) dict_keys(['example_dynamic_task_mapping_with_no_taskflow_operators']) retrieved from /home/airflow/.local/lib/python3.8/site-packages/airflow/example_dags/example_dynamic_task_mapping_with_no_taskflow_operators.py
[2023-08-31T15:30:39.332+0000] {logging_mixin.py:151} INFO - [2023-08-31T15:30:39.331+0000] {dag.py:2907} INFO - Sync 1 DAGs
[2023-08-31T15:30:39.346+0000] {logging_mixin.py:151} INFO - [2023-08-31T15:30:39.346+0000] {dag.py:3677} INFO - Setting next_dagrun for example_dynamic_task_mapping_with_no_taskflow_operators to 2023-08-30T15:30:39.345982+00:00, run_after=2023-08-31T15:30:39.345982+00:00
[2023-08-31T15:30:39.358+0000] {processor.py:179} INFO - Processing /home/airflow/.local/lib/python3.8/site-packages/airflow/example_dags/example_dynamic_task_mapping_with_no_taskflow_operators.py took 0.066 seconds
[2023-08-31T15:31:09.666+0000] {processor.py:157} INFO - Started process (PID=7179) to work on /home/airflow/.local/lib/python3.8/site-packages/airflow/example_dags/example_dynamic_task_mapping_with_no_taskflow_operators.py
[2023-08-31T15:31:09.669+0000] {processor.py:829} INFO - Processing file /home/airflow/.local/lib/python3.8/site-packages/airflow/example_dags/example_dynamic_task_mapping_with_no_taskflow_operators.py for tasks to queue
[2023-08-31T15:31:09.671+0000] {logging_mixin.py:151} INFO - [2023-08-31T15:31:09.671+0000] {dagbag.py:539} INFO - Filling up the DagBag from /home/airflow/.local/lib/python3.8/site-packages/airflow/example_dags/example_dynamic_task_mapping_with_no_taskflow_operators.py
[2023-08-31T15:31:09.681+0000] {processor.py:839} INFO - DAG(s) dict_keys(['example_dynamic_task_mapping_with_no_taskflow_operators']) retrieved from /home/airflow/.local/lib/python3.8/site-packages/airflow/example_dags/example_dynamic_task_mapping_with_no_taskflow_operators.py
[2023-08-31T15:31:09.701+0000] {logging_mixin.py:151} INFO - [2023-08-31T15:31:09.701+0000] {dag.py:2907} INFO - Sync 1 DAGs
[2023-08-31T15:31:09.715+0000] {logging_mixin.py:151} INFO - [2023-08-31T15:31:09.715+0000] {dag.py:3677} INFO - Setting next_dagrun for example_dynamic_task_mapping_with_no_taskflow_operators to 2023-08-30T15:31:09.715209+00:00, run_after=2023-08-31T15:31:09.715209+00:00
[2023-08-31T15:31:09.725+0000] {processor.py:179} INFO - Processing /home/airflow/.local/lib/python3.8/site-packages/airflow/example_dags/example_dynamic_task_mapping_with_no_taskflow_operators.py took 0.065 seconds
[2023-08-31T15:31:40.104+0000] {processor.py:157} INFO - Started process (PID=7418) to work on /home/airflow/.local/lib/python3.8/site-packages/airflow/example_dags/example_dynamic_task_mapping_with_no_taskflow_operators.py
[2023-08-31T15:31:40.107+0000] {processor.py:829} INFO - Processing file /home/airflow/.local/lib/python3.8/site-packages/airflow/example_dags/example_dynamic_task_mapping_with_no_taskflow_operators.py for tasks to queue
[2023-08-31T15:31:40.108+0000] {logging_mixin.py:151} INFO - [2023-08-31T15:31:40.108+0000] {dagbag.py:539} INFO - Filling up the DagBag from /home/airflow/.local/lib/python3.8/site-packages/airflow/example_dags/example_dynamic_task_mapping_with_no_taskflow_operators.py
[2023-08-31T15:31:40.118+0000] {processor.py:839} INFO - DAG(s) dict_keys(['example_dynamic_task_mapping_with_no_taskflow_operators']) retrieved from /home/airflow/.local/lib/python3.8/site-packages/airflow/example_dags/example_dynamic_task_mapping_with_no_taskflow_operators.py
[2023-08-31T15:31:40.137+0000] {logging_mixin.py:151} INFO - [2023-08-31T15:31:40.137+0000] {dag.py:2907} INFO - Sync 1 DAGs
[2023-08-31T15:31:40.153+0000] {logging_mixin.py:151} INFO - [2023-08-31T15:31:40.153+0000] {dag.py:3677} INFO - Setting next_dagrun for example_dynamic_task_mapping_with_no_taskflow_operators to 2023-08-30T15:31:40.153707+00:00, run_after=2023-08-31T15:31:40.153707+00:00
[2023-08-31T15:31:40.164+0000] {processor.py:179} INFO - Processing /home/airflow/.local/lib/python3.8/site-packages/airflow/example_dags/example_dynamic_task_mapping_with_no_taskflow_operators.py took 0.066 seconds
[2023-08-31T15:32:10.479+0000] {processor.py:157} INFO - Started process (PID=7657) to work on /home/airflow/.local/lib/python3.8/site-packages/airflow/example_dags/example_dynamic_task_mapping_with_no_taskflow_operators.py
[2023-08-31T15:32:10.481+0000] {processor.py:829} INFO - Processing file /home/airflow/.local/lib/python3.8/site-packages/airflow/example_dags/example_dynamic_task_mapping_with_no_taskflow_operators.py for tasks to queue
[2023-08-31T15:32:10.483+0000] {logging_mixin.py:151} INFO - [2023-08-31T15:32:10.483+0000] {dagbag.py:539} INFO - Filling up the DagBag from /home/airflow/.local/lib/python3.8/site-packages/airflow/example_dags/example_dynamic_task_mapping_with_no_taskflow_operators.py
[2023-08-31T15:32:10.492+0000] {processor.py:839} INFO - DAG(s) dict_keys(['example_dynamic_task_mapping_with_no_taskflow_operators']) retrieved from /home/airflow/.local/lib/python3.8/site-packages/airflow/example_dags/example_dynamic_task_mapping_with_no_taskflow_operators.py
[2023-08-31T15:32:10.509+0000] {logging_mixin.py:151} INFO - [2023-08-31T15:32:10.509+0000] {dag.py:2907} INFO - Sync 1 DAGs
[2023-08-31T15:32:10.523+0000] {logging_mixin.py:151} INFO - [2023-08-31T15:32:10.523+0000] {dag.py:3677} INFO - Setting next_dagrun for example_dynamic_task_mapping_with_no_taskflow_operators to 2023-08-30T15:32:10.523596+00:00, run_after=2023-08-31T15:32:10.523596+00:00
[2023-08-31T15:32:10.534+0000] {processor.py:179} INFO - Processing /home/airflow/.local/lib/python3.8/site-packages/airflow/example_dags/example_dynamic_task_mapping_with_no_taskflow_operators.py took 0.060 seconds
[2023-08-31T15:32:40.815+0000] {processor.py:157} INFO - Started process (PID=7897) to work on /home/airflow/.local/lib/python3.8/site-packages/airflow/example_dags/example_dynamic_task_mapping_with_no_taskflow_operators.py
[2023-08-31T15:32:40.818+0000] {processor.py:829} INFO - Processing file /home/airflow/.local/lib/python3.8/site-packages/airflow/example_dags/example_dynamic_task_mapping_with_no_taskflow_operators.py for tasks to queue
[2023-08-31T15:32:40.819+0000] {logging_mixin.py:151} INFO - [2023-08-31T15:32:40.819+0000] {dagbag.py:539} INFO - Filling up the DagBag from /home/airflow/.local/lib/python3.8/site-packages/airflow/example_dags/example_dynamic_task_mapping_with_no_taskflow_operators.py
[2023-08-31T15:32:40.829+0000] {processor.py:839} INFO - DAG(s) dict_keys(['example_dynamic_task_mapping_with_no_taskflow_operators']) retrieved from /home/airflow/.local/lib/python3.8/site-packages/airflow/example_dags/example_dynamic_task_mapping_with_no_taskflow_operators.py
[2023-08-31T15:32:40.845+0000] {logging_mixin.py:151} INFO - [2023-08-31T15:32:40.844+0000] {dag.py:2907} INFO - Sync 1 DAGs
[2023-08-31T15:32:40.861+0000] {logging_mixin.py:151} INFO - [2023-08-31T15:32:40.861+0000] {dag.py:3677} INFO - Setting next_dagrun for example_dynamic_task_mapping_with_no_taskflow_operators to 2023-08-30T15:32:40.861540+00:00, run_after=2023-08-31T15:32:40.861540+00:00
[2023-08-31T15:32:40.876+0000] {processor.py:179} INFO - Processing /home/airflow/.local/lib/python3.8/site-packages/airflow/example_dags/example_dynamic_task_mapping_with_no_taskflow_operators.py took 0.065 seconds
[2023-08-31T15:33:11.325+0000] {processor.py:157} INFO - Started process (PID=8136) to work on /home/airflow/.local/lib/python3.8/site-packages/airflow/example_dags/example_dynamic_task_mapping_with_no_taskflow_operators.py
[2023-08-31T15:33:11.329+0000] {processor.py:829} INFO - Processing file /home/airflow/.local/lib/python3.8/site-packages/airflow/example_dags/example_dynamic_task_mapping_with_no_taskflow_operators.py for tasks to queue
[2023-08-31T15:33:11.331+0000] {logging_mixin.py:151} INFO - [2023-08-31T15:33:11.331+0000] {dagbag.py:539} INFO - Filling up the DagBag from /home/airflow/.local/lib/python3.8/site-packages/airflow/example_dags/example_dynamic_task_mapping_with_no_taskflow_operators.py
[2023-08-31T15:33:11.339+0000] {processor.py:839} INFO - DAG(s) dict_keys(['example_dynamic_task_mapping_with_no_taskflow_operators']) retrieved from /home/airflow/.local/lib/python3.8/site-packages/airflow/example_dags/example_dynamic_task_mapping_with_no_taskflow_operators.py
[2023-08-31T15:33:11.355+0000] {logging_mixin.py:151} INFO - [2023-08-31T15:33:11.355+0000] {dag.py:2907} INFO - Sync 1 DAGs
[2023-08-31T15:33:11.369+0000] {logging_mixin.py:151} INFO - [2023-08-31T15:33:11.368+0000] {dag.py:3677} INFO - Setting next_dagrun for example_dynamic_task_mapping_with_no_taskflow_operators to 2023-08-30T15:33:11.368730+00:00, run_after=2023-08-31T15:33:11.368730+00:00
[2023-08-31T15:33:11.379+0000] {processor.py:179} INFO - Processing /home/airflow/.local/lib/python3.8/site-packages/airflow/example_dags/example_dynamic_task_mapping_with_no_taskflow_operators.py took 0.063 seconds
[2023-08-31T15:33:41.700+0000] {processor.py:157} INFO - Started process (PID=8376) to work on /home/airflow/.local/lib/python3.8/site-packages/airflow/example_dags/example_dynamic_task_mapping_with_no_taskflow_operators.py
[2023-08-31T15:33:41.703+0000] {processor.py:829} INFO - Processing file /home/airflow/.local/lib/python3.8/site-packages/airflow/example_dags/example_dynamic_task_mapping_with_no_taskflow_operators.py for tasks to queue
[2023-08-31T15:33:41.705+0000] {logging_mixin.py:151} INFO - [2023-08-31T15:33:41.705+0000] {dagbag.py:539} INFO - Filling up the DagBag from /home/airflow/.local/lib/python3.8/site-packages/airflow/example_dags/example_dynamic_task_mapping_with_no_taskflow_operators.py
[2023-08-31T15:33:41.716+0000] {processor.py:839} INFO - DAG(s) dict_keys(['example_dynamic_task_mapping_with_no_taskflow_operators']) retrieved from /home/airflow/.local/lib/python3.8/site-packages/airflow/example_dags/example_dynamic_task_mapping_with_no_taskflow_operators.py
[2023-08-31T15:33:41.746+0000] {logging_mixin.py:151} INFO - [2023-08-31T15:33:41.746+0000] {dag.py:2907} INFO - Sync 1 DAGs
[2023-08-31T15:33:41.767+0000] {logging_mixin.py:151} INFO - [2023-08-31T15:33:41.767+0000] {dag.py:3677} INFO - Setting next_dagrun for example_dynamic_task_mapping_with_no_taskflow_operators to 2023-08-30T15:33:41.767390+00:00, run_after=2023-08-31T15:33:41.767390+00:00
[2023-08-31T15:33:41.782+0000] {processor.py:179} INFO - Processing /home/airflow/.local/lib/python3.8/site-packages/airflow/example_dags/example_dynamic_task_mapping_with_no_taskflow_operators.py took 0.087 seconds
[2023-08-31T15:34:12.335+0000] {processor.py:157} INFO - Started process (PID=8617) to work on /home/airflow/.local/lib/python3.8/site-packages/airflow/example_dags/example_dynamic_task_mapping_with_no_taskflow_operators.py
[2023-08-31T15:34:12.336+0000] {processor.py:829} INFO - Processing file /home/airflow/.local/lib/python3.8/site-packages/airflow/example_dags/example_dynamic_task_mapping_with_no_taskflow_operators.py for tasks to queue
[2023-08-31T15:34:12.338+0000] {logging_mixin.py:151} INFO - [2023-08-31T15:34:12.337+0000] {dagbag.py:539} INFO - Filling up the DagBag from /home/airflow/.local/lib/python3.8/site-packages/airflow/example_dags/example_dynamic_task_mapping_with_no_taskflow_operators.py
[2023-08-31T15:34:12.345+0000] {processor.py:839} INFO - DAG(s) dict_keys(['example_dynamic_task_mapping_with_no_taskflow_operators']) retrieved from /home/airflow/.local/lib/python3.8/site-packages/airflow/example_dags/example_dynamic_task_mapping_with_no_taskflow_operators.py
[2023-08-31T15:34:12.361+0000] {logging_mixin.py:151} INFO - [2023-08-31T15:34:12.361+0000] {dag.py:2907} INFO - Sync 1 DAGs
[2023-08-31T15:34:12.376+0000] {logging_mixin.py:151} INFO - [2023-08-31T15:34:12.376+0000] {dag.py:3677} INFO - Setting next_dagrun for example_dynamic_task_mapping_with_no_taskflow_operators to 2023-08-30T15:34:12.376326+00:00, run_after=2023-08-31T15:34:12.376326+00:00
[2023-08-31T15:34:12.388+0000] {processor.py:179} INFO - Processing /home/airflow/.local/lib/python3.8/site-packages/airflow/example_dags/example_dynamic_task_mapping_with_no_taskflow_operators.py took 0.057 seconds
[2023-08-31T15:34:42.779+0000] {processor.py:157} INFO - Started process (PID=8857) to work on /home/airflow/.local/lib/python3.8/site-packages/airflow/example_dags/example_dynamic_task_mapping_with_no_taskflow_operators.py
[2023-08-31T15:34:42.781+0000] {processor.py:829} INFO - Processing file /home/airflow/.local/lib/python3.8/site-packages/airflow/example_dags/example_dynamic_task_mapping_with_no_taskflow_operators.py for tasks to queue
[2023-08-31T15:34:42.782+0000] {logging_mixin.py:151} INFO - [2023-08-31T15:34:42.782+0000] {dagbag.py:539} INFO - Filling up the DagBag from /home/airflow/.local/lib/python3.8/site-packages/airflow/example_dags/example_dynamic_task_mapping_with_no_taskflow_operators.py
[2023-08-31T15:34:42.789+0000] {processor.py:839} INFO - DAG(s) dict_keys(['example_dynamic_task_mapping_with_no_taskflow_operators']) retrieved from /home/airflow/.local/lib/python3.8/site-packages/airflow/example_dags/example_dynamic_task_mapping_with_no_taskflow_operators.py
[2023-08-31T15:34:42.807+0000] {logging_mixin.py:151} INFO - [2023-08-31T15:34:42.807+0000] {dag.py:2907} INFO - Sync 1 DAGs
[2023-08-31T15:34:42.820+0000] {logging_mixin.py:151} INFO - [2023-08-31T15:34:42.820+0000] {dag.py:3677} INFO - Setting next_dagrun for example_dynamic_task_mapping_with_no_taskflow_operators to 2023-08-30T15:34:42.820360+00:00, run_after=2023-08-31T15:34:42.820360+00:00
[2023-08-31T15:34:42.831+0000] {processor.py:179} INFO - Processing /home/airflow/.local/lib/python3.8/site-packages/airflow/example_dags/example_dynamic_task_mapping_with_no_taskflow_operators.py took 0.055 seconds
[2023-08-31T15:35:13.100+0000] {processor.py:157} INFO - Started process (PID=9099) to work on /home/airflow/.local/lib/python3.8/site-packages/airflow/example_dags/example_dynamic_task_mapping_with_no_taskflow_operators.py
[2023-08-31T15:35:13.101+0000] {processor.py:829} INFO - Processing file /home/airflow/.local/lib/python3.8/site-packages/airflow/example_dags/example_dynamic_task_mapping_with_no_taskflow_operators.py for tasks to queue
[2023-08-31T15:35:13.102+0000] {logging_mixin.py:151} INFO - [2023-08-31T15:35:13.102+0000] {dagbag.py:539} INFO - Filling up the DagBag from /home/airflow/.local/lib/python3.8/site-packages/airflow/example_dags/example_dynamic_task_mapping_with_no_taskflow_operators.py
[2023-08-31T15:35:13.109+0000] {processor.py:839} INFO - DAG(s) dict_keys(['example_dynamic_task_mapping_with_no_taskflow_operators']) retrieved from /home/airflow/.local/lib/python3.8/site-packages/airflow/example_dags/example_dynamic_task_mapping_with_no_taskflow_operators.py
[2023-08-31T15:35:13.123+0000] {logging_mixin.py:151} INFO - [2023-08-31T15:35:13.123+0000] {dag.py:2907} INFO - Sync 1 DAGs
[2023-08-31T15:35:13.136+0000] {logging_mixin.py:151} INFO - [2023-08-31T15:35:13.136+0000] {dag.py:3677} INFO - Setting next_dagrun for example_dynamic_task_mapping_with_no_taskflow_operators to 2023-08-30T15:35:13.136351+00:00, run_after=2023-08-31T15:35:13.136351+00:00
[2023-08-31T15:35:13.147+0000] {processor.py:179} INFO - Processing /home/airflow/.local/lib/python3.8/site-packages/airflow/example_dags/example_dynamic_task_mapping_with_no_taskflow_operators.py took 0.051 seconds
[2023-08-31T15:35:43.534+0000] {processor.py:157} INFO - Started process (PID=9340) to work on /home/airflow/.local/lib/python3.8/site-packages/airflow/example_dags/example_dynamic_task_mapping_with_no_taskflow_operators.py
[2023-08-31T15:35:43.535+0000] {processor.py:829} INFO - Processing file /home/airflow/.local/lib/python3.8/site-packages/airflow/example_dags/example_dynamic_task_mapping_with_no_taskflow_operators.py for tasks to queue
[2023-08-31T15:35:43.538+0000] {logging_mixin.py:151} INFO - [2023-08-31T15:35:43.538+0000] {dagbag.py:539} INFO - Filling up the DagBag from /home/airflow/.local/lib/python3.8/site-packages/airflow/example_dags/example_dynamic_task_mapping_with_no_taskflow_operators.py
[2023-08-31T15:35:43.546+0000] {processor.py:839} INFO - DAG(s) dict_keys(['example_dynamic_task_mapping_with_no_taskflow_operators']) retrieved from /home/airflow/.local/lib/python3.8/site-packages/airflow/example_dags/example_dynamic_task_mapping_with_no_taskflow_operators.py
[2023-08-31T15:35:43.560+0000] {logging_mixin.py:151} INFO - [2023-08-31T15:35:43.560+0000] {dag.py:2907} INFO - Sync 1 DAGs
[2023-08-31T15:35:43.573+0000] {logging_mixin.py:151} INFO - [2023-08-31T15:35:43.572+0000] {dag.py:3677} INFO - Setting next_dagrun for example_dynamic_task_mapping_with_no_taskflow_operators to 2023-08-30T15:35:43.572800+00:00, run_after=2023-08-31T15:35:43.572800+00:00
[2023-08-31T15:35:43.584+0000] {processor.py:179} INFO - Processing /home/airflow/.local/lib/python3.8/site-packages/airflow/example_dags/example_dynamic_task_mapping_with_no_taskflow_operators.py took 0.054 seconds
[2023-08-31T15:36:13.817+0000] {processor.py:157} INFO - Started process (PID=9579) to work on /home/airflow/.local/lib/python3.8/site-packages/airflow/example_dags/example_dynamic_task_mapping_with_no_taskflow_operators.py
[2023-08-31T15:36:13.820+0000] {processor.py:829} INFO - Processing file /home/airflow/.local/lib/python3.8/site-packages/airflow/example_dags/example_dynamic_task_mapping_with_no_taskflow_operators.py for tasks to queue
[2023-08-31T15:36:13.821+0000] {logging_mixin.py:151} INFO - [2023-08-31T15:36:13.821+0000] {dagbag.py:539} INFO - Filling up the DagBag from /home/airflow/.local/lib/python3.8/site-packages/airflow/example_dags/example_dynamic_task_mapping_with_no_taskflow_operators.py
[2023-08-31T15:36:13.829+0000] {processor.py:839} INFO - DAG(s) dict_keys(['example_dynamic_task_mapping_with_no_taskflow_operators']) retrieved from /home/airflow/.local/lib/python3.8/site-packages/airflow/example_dags/example_dynamic_task_mapping_with_no_taskflow_operators.py
[2023-08-31T15:36:13.843+0000] {logging_mixin.py:151} INFO - [2023-08-31T15:36:13.843+0000] {dag.py:2907} INFO - Sync 1 DAGs
[2023-08-31T15:36:13.857+0000] {logging_mixin.py:151} INFO - [2023-08-31T15:36:13.857+0000] {dag.py:3677} INFO - Setting next_dagrun for example_dynamic_task_mapping_with_no_taskflow_operators to 2023-08-30T15:36:13.856990+00:00, run_after=2023-08-31T15:36:13.856990+00:00
[2023-08-31T15:36:13.868+0000] {processor.py:179} INFO - Processing /home/airflow/.local/lib/python3.8/site-packages/airflow/example_dags/example_dynamic_task_mapping_with_no_taskflow_operators.py took 0.053 seconds
[2023-08-31T15:36:44.204+0000] {processor.py:157} INFO - Started process (PID=9819) to work on /home/airflow/.local/lib/python3.8/site-packages/airflow/example_dags/example_dynamic_task_mapping_with_no_taskflow_operators.py
[2023-08-31T15:36:44.206+0000] {processor.py:829} INFO - Processing file /home/airflow/.local/lib/python3.8/site-packages/airflow/example_dags/example_dynamic_task_mapping_with_no_taskflow_operators.py for tasks to queue
[2023-08-31T15:36:44.208+0000] {logging_mixin.py:151} INFO - [2023-08-31T15:36:44.207+0000] {dagbag.py:539} INFO - Filling up the DagBag from /home/airflow/.local/lib/python3.8/site-packages/airflow/example_dags/example_dynamic_task_mapping_with_no_taskflow_operators.py
[2023-08-31T15:36:44.216+0000] {processor.py:839} INFO - DAG(s) dict_keys(['example_dynamic_task_mapping_with_no_taskflow_operators']) retrieved from /home/airflow/.local/lib/python3.8/site-packages/airflow/example_dags/example_dynamic_task_mapping_with_no_taskflow_operators.py
[2023-08-31T15:36:44.232+0000] {logging_mixin.py:151} INFO - [2023-08-31T15:36:44.232+0000] {dag.py:2907} INFO - Sync 1 DAGs
[2023-08-31T15:36:44.246+0000] {logging_mixin.py:151} INFO - [2023-08-31T15:36:44.246+0000] {dag.py:3677} INFO - Setting next_dagrun for example_dynamic_task_mapping_with_no_taskflow_operators to 2023-08-30T15:36:44.246135+00:00, run_after=2023-08-31T15:36:44.246135+00:00
[2023-08-31T15:36:44.258+0000] {processor.py:179} INFO - Processing /home/airflow/.local/lib/python3.8/site-packages/airflow/example_dags/example_dynamic_task_mapping_with_no_taskflow_operators.py took 0.058 seconds
[2023-08-31T15:37:14.526+0000] {processor.py:157} INFO - Started process (PID=10058) to work on /home/airflow/.local/lib/python3.8/site-packages/airflow/example_dags/example_dynamic_task_mapping_with_no_taskflow_operators.py
[2023-08-31T15:37:14.529+0000] {processor.py:829} INFO - Processing file /home/airflow/.local/lib/python3.8/site-packages/airflow/example_dags/example_dynamic_task_mapping_with_no_taskflow_operators.py for tasks to queue
[2023-08-31T15:37:14.531+0000] {logging_mixin.py:151} INFO - [2023-08-31T15:37:14.531+0000] {dagbag.py:539} INFO - Filling up the DagBag from /home/airflow/.local/lib/python3.8/site-packages/airflow/example_dags/example_dynamic_task_mapping_with_no_taskflow_operators.py
[2023-08-31T15:37:14.540+0000] {processor.py:839} INFO - DAG(s) dict_keys(['example_dynamic_task_mapping_with_no_taskflow_operators']) retrieved from /home/airflow/.local/lib/python3.8/site-packages/airflow/example_dags/example_dynamic_task_mapping_with_no_taskflow_operators.py
[2023-08-31T15:37:14.557+0000] {logging_mixin.py:151} INFO - [2023-08-31T15:37:14.557+0000] {dag.py:2907} INFO - Sync 1 DAGs
[2023-08-31T15:37:14.571+0000] {logging_mixin.py:151} INFO - [2023-08-31T15:37:14.571+0000] {dag.py:3677} INFO - Setting next_dagrun for example_dynamic_task_mapping_with_no_taskflow_operators to 2023-08-30T15:37:14.571015+00:00, run_after=2023-08-31T15:37:14.571015+00:00
[2023-08-31T15:37:14.582+0000] {processor.py:179} INFO - Processing /home/airflow/.local/lib/python3.8/site-packages/airflow/example_dags/example_dynamic_task_mapping_with_no_taskflow_operators.py took 0.060 seconds
[2023-08-31T15:37:44.751+0000] {processor.py:157} INFO - Started process (PID=10299) to work on /home/airflow/.local/lib/python3.8/site-packages/airflow/example_dags/example_dynamic_task_mapping_with_no_taskflow_operators.py
[2023-08-31T15:37:44.754+0000] {processor.py:829} INFO - Processing file /home/airflow/.local/lib/python3.8/site-packages/airflow/example_dags/example_dynamic_task_mapping_with_no_taskflow_operators.py for tasks to queue
[2023-08-31T15:37:44.755+0000] {logging_mixin.py:151} INFO - [2023-08-31T15:37:44.755+0000] {dagbag.py:539} INFO - Filling up the DagBag from /home/airflow/.local/lib/python3.8/site-packages/airflow/example_dags/example_dynamic_task_mapping_with_no_taskflow_operators.py
[2023-08-31T15:37:44.764+0000] {processor.py:839} INFO - DAG(s) dict_keys(['example_dynamic_task_mapping_with_no_taskflow_operators']) retrieved from /home/airflow/.local/lib/python3.8/site-packages/airflow/example_dags/example_dynamic_task_mapping_with_no_taskflow_operators.py
[2023-08-31T15:37:44.781+0000] {logging_mixin.py:151} INFO - [2023-08-31T15:37:44.781+0000] {dag.py:2907} INFO - Sync 1 DAGs
[2023-08-31T15:37:44.795+0000] {logging_mixin.py:151} INFO - [2023-08-31T15:37:44.795+0000] {dag.py:3677} INFO - Setting next_dagrun for example_dynamic_task_mapping_with_no_taskflow_operators to 2023-08-30T15:37:44.795012+00:00, run_after=2023-08-31T15:37:44.795012+00:00
[2023-08-31T15:37:44.805+0000] {processor.py:179} INFO - Processing /home/airflow/.local/lib/python3.8/site-packages/airflow/example_dags/example_dynamic_task_mapping_with_no_taskflow_operators.py took 0.060 seconds
