[2023-08-31T15:16:30.036+0000] {processor.py:157} INFO - Started process (PID=339) to work on /home/airflow/.local/lib/python3.8/site-packages/airflow/example_dags/example_complex.py
[2023-08-31T15:16:30.037+0000] {processor.py:829} INFO - Processing file /home/airflow/.local/lib/python3.8/site-packages/airflow/example_dags/example_complex.py for tasks to queue
[2023-08-31T15:16:30.039+0000] {logging_mixin.py:151} INFO - [2023-08-31T15:16:30.038+0000] {dagbag.py:539} INFO - Filling up the DagBag from /home/airflow/.local/lib/python3.8/site-packages/airflow/example_dags/example_complex.py
[2023-08-31T15:16:30.046+0000] {processor.py:839} INFO - DAG(s) dict_keys(['example_complex']) retrieved from /home/airflow/.local/lib/python3.8/site-packages/airflow/example_dags/example_complex.py
[2023-08-31T15:16:30.058+0000] {logging_mixin.py:151} INFO - [2023-08-31T15:16:30.058+0000] {dag.py:2907} INFO - Sync 1 DAGs
[2023-08-31T15:16:30.068+0000] {logging_mixin.py:151} INFO - [2023-08-31T15:16:30.068+0000] {dag.py:3677} INFO - Setting next_dagrun for example_complex to None, run_after=None
[2023-08-31T15:16:30.081+0000] {processor.py:179} INFO - Processing /home/airflow/.local/lib/python3.8/site-packages/airflow/example_dags/example_complex.py took 0.048 seconds
[2023-08-31T15:17:01.379+0000] {processor.py:157} INFO - Started process (PID=582) to work on /home/airflow/.local/lib/python3.8/site-packages/airflow/example_dags/example_complex.py
[2023-08-31T15:17:01.381+0000] {processor.py:829} INFO - Processing file /home/airflow/.local/lib/python3.8/site-packages/airflow/example_dags/example_complex.py for tasks to queue
[2023-08-31T15:17:01.382+0000] {logging_mixin.py:151} INFO - [2023-08-31T15:17:01.382+0000] {dagbag.py:539} INFO - Filling up the DagBag from /home/airflow/.local/lib/python3.8/site-packages/airflow/example_dags/example_complex.py
[2023-08-31T15:17:01.389+0000] {processor.py:839} INFO - DAG(s) dict_keys(['example_complex']) retrieved from /home/airflow/.local/lib/python3.8/site-packages/airflow/example_dags/example_complex.py
[2023-08-31T15:17:01.412+0000] {logging_mixin.py:151} INFO - [2023-08-31T15:17:01.412+0000] {dag.py:2907} INFO - Sync 1 DAGs
[2023-08-31T15:17:01.420+0000] {logging_mixin.py:151} INFO - [2023-08-31T15:17:01.420+0000] {dag.py:3677} INFO - Setting next_dagrun for example_complex to None, run_after=None
[2023-08-31T15:17:01.519+0000] {processor.py:179} INFO - Processing /home/airflow/.local/lib/python3.8/site-packages/airflow/example_dags/example_complex.py took 0.142 seconds
[2023-08-31T15:17:31.988+0000] {processor.py:157} INFO - Started process (PID=823) to work on /home/airflow/.local/lib/python3.8/site-packages/airflow/example_dags/example_complex.py
[2023-08-31T15:17:31.989+0000] {processor.py:829} INFO - Processing file /home/airflow/.local/lib/python3.8/site-packages/airflow/example_dags/example_complex.py for tasks to queue
[2023-08-31T15:17:31.990+0000] {logging_mixin.py:151} INFO - [2023-08-31T15:17:31.990+0000] {dagbag.py:539} INFO - Filling up the DagBag from /home/airflow/.local/lib/python3.8/site-packages/airflow/example_dags/example_complex.py
[2023-08-31T15:17:31.997+0000] {processor.py:839} INFO - DAG(s) dict_keys(['example_complex']) retrieved from /home/airflow/.local/lib/python3.8/site-packages/airflow/example_dags/example_complex.py
[2023-08-31T15:17:32.014+0000] {logging_mixin.py:151} INFO - [2023-08-31T15:17:32.014+0000] {dag.py:2907} INFO - Sync 1 DAGs
[2023-08-31T15:17:32.021+0000] {logging_mixin.py:151} INFO - [2023-08-31T15:17:32.021+0000] {dag.py:3677} INFO - Setting next_dagrun for example_complex to None, run_after=None
[2023-08-31T15:17:32.031+0000] {processor.py:179} INFO - Processing /home/airflow/.local/lib/python3.8/site-packages/airflow/example_dags/example_complex.py took 0.045 seconds
[2023-08-31T15:18:02.798+0000] {processor.py:157} INFO - Started process (PID=1060) to work on /home/airflow/.local/lib/python3.8/site-packages/airflow/example_dags/example_complex.py
[2023-08-31T15:18:02.800+0000] {processor.py:829} INFO - Processing file /home/airflow/.local/lib/python3.8/site-packages/airflow/example_dags/example_complex.py for tasks to queue
[2023-08-31T15:18:02.801+0000] {logging_mixin.py:151} INFO - [2023-08-31T15:18:02.801+0000] {dagbag.py:539} INFO - Filling up the DagBag from /home/airflow/.local/lib/python3.8/site-packages/airflow/example_dags/example_complex.py
[2023-08-31T15:18:02.808+0000] {processor.py:839} INFO - DAG(s) dict_keys(['example_complex']) retrieved from /home/airflow/.local/lib/python3.8/site-packages/airflow/example_dags/example_complex.py
[2023-08-31T15:18:02.828+0000] {logging_mixin.py:151} INFO - [2023-08-31T15:18:02.828+0000] {dag.py:2907} INFO - Sync 1 DAGs
[2023-08-31T15:18:02.836+0000] {logging_mixin.py:151} INFO - [2023-08-31T15:18:02.836+0000] {dag.py:3677} INFO - Setting next_dagrun for example_complex to None, run_after=None
[2023-08-31T15:18:02.849+0000] {processor.py:179} INFO - Processing /home/airflow/.local/lib/python3.8/site-packages/airflow/example_dags/example_complex.py took 0.053 seconds
[2023-08-31T15:18:33.350+0000] {processor.py:157} INFO - Started process (PID=1327) to work on /home/airflow/.local/lib/python3.8/site-packages/airflow/example_dags/example_complex.py
[2023-08-31T15:18:33.352+0000] {processor.py:829} INFO - Processing file /home/airflow/.local/lib/python3.8/site-packages/airflow/example_dags/example_complex.py for tasks to queue
[2023-08-31T15:18:33.354+0000] {logging_mixin.py:151} INFO - [2023-08-31T15:18:33.354+0000] {dagbag.py:539} INFO - Filling up the DagBag from /home/airflow/.local/lib/python3.8/site-packages/airflow/example_dags/example_complex.py
[2023-08-31T15:18:33.364+0000] {processor.py:839} INFO - DAG(s) dict_keys(['example_complex']) retrieved from /home/airflow/.local/lib/python3.8/site-packages/airflow/example_dags/example_complex.py
[2023-08-31T15:18:33.382+0000] {logging_mixin.py:151} INFO - [2023-08-31T15:18:33.382+0000] {dag.py:2907} INFO - Sync 1 DAGs
[2023-08-31T15:18:33.389+0000] {logging_mixin.py:151} INFO - [2023-08-31T15:18:33.389+0000] {dag.py:3677} INFO - Setting next_dagrun for example_complex to None, run_after=None
[2023-08-31T15:18:33.399+0000] {processor.py:179} INFO - Processing /home/airflow/.local/lib/python3.8/site-packages/airflow/example_dags/example_complex.py took 0.049 seconds
[2023-08-31T15:19:03.820+0000] {processor.py:157} INFO - Started process (PID=1564) to work on /home/airflow/.local/lib/python3.8/site-packages/airflow/example_dags/example_complex.py
[2023-08-31T15:19:03.822+0000] {processor.py:829} INFO - Processing file /home/airflow/.local/lib/python3.8/site-packages/airflow/example_dags/example_complex.py for tasks to queue
[2023-08-31T15:19:03.823+0000] {logging_mixin.py:151} INFO - [2023-08-31T15:19:03.822+0000] {dagbag.py:539} INFO - Filling up the DagBag from /home/airflow/.local/lib/python3.8/site-packages/airflow/example_dags/example_complex.py
[2023-08-31T15:19:03.829+0000] {processor.py:839} INFO - DAG(s) dict_keys(['example_complex']) retrieved from /home/airflow/.local/lib/python3.8/site-packages/airflow/example_dags/example_complex.py
[2023-08-31T15:19:03.851+0000] {logging_mixin.py:151} INFO - [2023-08-31T15:19:03.851+0000] {dag.py:2907} INFO - Sync 1 DAGs
[2023-08-31T15:19:03.860+0000] {logging_mixin.py:151} INFO - [2023-08-31T15:19:03.860+0000] {dag.py:3677} INFO - Setting next_dagrun for example_complex to None, run_after=None
[2023-08-31T15:19:03.871+0000] {processor.py:179} INFO - Processing /home/airflow/.local/lib/python3.8/site-packages/airflow/example_dags/example_complex.py took 0.054 seconds
[2023-08-31T15:19:34.157+0000] {processor.py:157} INFO - Started process (PID=1805) to work on /home/airflow/.local/lib/python3.8/site-packages/airflow/example_dags/example_complex.py
[2023-08-31T15:19:34.159+0000] {processor.py:829} INFO - Processing file /home/airflow/.local/lib/python3.8/site-packages/airflow/example_dags/example_complex.py for tasks to queue
[2023-08-31T15:19:34.160+0000] {logging_mixin.py:151} INFO - [2023-08-31T15:19:34.159+0000] {dagbag.py:539} INFO - Filling up the DagBag from /home/airflow/.local/lib/python3.8/site-packages/airflow/example_dags/example_complex.py
[2023-08-31T15:19:34.167+0000] {processor.py:839} INFO - DAG(s) dict_keys(['example_complex']) retrieved from /home/airflow/.local/lib/python3.8/site-packages/airflow/example_dags/example_complex.py
[2023-08-31T15:19:34.188+0000] {logging_mixin.py:151} INFO - [2023-08-31T15:19:34.188+0000] {dag.py:2907} INFO - Sync 1 DAGs
[2023-08-31T15:19:34.197+0000] {logging_mixin.py:151} INFO - [2023-08-31T15:19:34.197+0000] {dag.py:3677} INFO - Setting next_dagrun for example_complex to None, run_after=None
[2023-08-31T15:19:34.208+0000] {processor.py:179} INFO - Processing /home/airflow/.local/lib/python3.8/site-packages/airflow/example_dags/example_complex.py took 0.053 seconds
[2023-08-31T15:20:04.433+0000] {processor.py:157} INFO - Started process (PID=2045) to work on /home/airflow/.local/lib/python3.8/site-packages/airflow/example_dags/example_complex.py
[2023-08-31T15:20:04.434+0000] {processor.py:829} INFO - Processing file /home/airflow/.local/lib/python3.8/site-packages/airflow/example_dags/example_complex.py for tasks to queue
[2023-08-31T15:20:04.435+0000] {logging_mixin.py:151} INFO - [2023-08-31T15:20:04.435+0000] {dagbag.py:539} INFO - Filling up the DagBag from /home/airflow/.local/lib/python3.8/site-packages/airflow/example_dags/example_complex.py
[2023-08-31T15:20:04.442+0000] {processor.py:839} INFO - DAG(s) dict_keys(['example_complex']) retrieved from /home/airflow/.local/lib/python3.8/site-packages/airflow/example_dags/example_complex.py
[2023-08-31T15:20:04.462+0000] {logging_mixin.py:151} INFO - [2023-08-31T15:20:04.461+0000] {dag.py:2907} INFO - Sync 1 DAGs
[2023-08-31T15:20:04.470+0000] {logging_mixin.py:151} INFO - [2023-08-31T15:20:04.470+0000] {dag.py:3677} INFO - Setting next_dagrun for example_complex to None, run_after=None
[2023-08-31T15:20:04.482+0000] {processor.py:179} INFO - Processing /home/airflow/.local/lib/python3.8/site-packages/airflow/example_dags/example_complex.py took 0.052 seconds
[2023-08-31T15:20:34.785+0000] {processor.py:157} INFO - Started process (PID=2286) to work on /home/airflow/.local/lib/python3.8/site-packages/airflow/example_dags/example_complex.py
[2023-08-31T15:20:34.787+0000] {processor.py:829} INFO - Processing file /home/airflow/.local/lib/python3.8/site-packages/airflow/example_dags/example_complex.py for tasks to queue
[2023-08-31T15:20:34.788+0000] {logging_mixin.py:151} INFO - [2023-08-31T15:20:34.787+0000] {dagbag.py:539} INFO - Filling up the DagBag from /home/airflow/.local/lib/python3.8/site-packages/airflow/example_dags/example_complex.py
[2023-08-31T15:20:34.795+0000] {processor.py:839} INFO - DAG(s) dict_keys(['example_complex']) retrieved from /home/airflow/.local/lib/python3.8/site-packages/airflow/example_dags/example_complex.py
[2023-08-31T15:20:34.815+0000] {logging_mixin.py:151} INFO - [2023-08-31T15:20:34.815+0000] {dag.py:2907} INFO - Sync 1 DAGs
[2023-08-31T15:20:34.823+0000] {logging_mixin.py:151} INFO - [2023-08-31T15:20:34.823+0000] {dag.py:3677} INFO - Setting next_dagrun for example_complex to None, run_after=None
[2023-08-31T15:20:34.833+0000] {processor.py:179} INFO - Processing /home/airflow/.local/lib/python3.8/site-packages/airflow/example_dags/example_complex.py took 0.050 seconds
[2023-08-31T15:21:05.015+0000] {processor.py:157} INFO - Started process (PID=2527) to work on /home/airflow/.local/lib/python3.8/site-packages/airflow/example_dags/example_complex.py
[2023-08-31T15:21:05.016+0000] {processor.py:829} INFO - Processing file /home/airflow/.local/lib/python3.8/site-packages/airflow/example_dags/example_complex.py for tasks to queue
[2023-08-31T15:21:05.017+0000] {logging_mixin.py:151} INFO - [2023-08-31T15:21:05.017+0000] {dagbag.py:539} INFO - Filling up the DagBag from /home/airflow/.local/lib/python3.8/site-packages/airflow/example_dags/example_complex.py
[2023-08-31T15:21:05.025+0000] {processor.py:839} INFO - DAG(s) dict_keys(['example_complex']) retrieved from /home/airflow/.local/lib/python3.8/site-packages/airflow/example_dags/example_complex.py
[2023-08-31T15:21:05.043+0000] {logging_mixin.py:151} INFO - [2023-08-31T15:21:05.043+0000] {dag.py:2907} INFO - Sync 1 DAGs
[2023-08-31T15:21:05.052+0000] {logging_mixin.py:151} INFO - [2023-08-31T15:21:05.052+0000] {dag.py:3677} INFO - Setting next_dagrun for example_complex to None, run_after=None
[2023-08-31T15:21:05.063+0000] {processor.py:179} INFO - Processing /home/airflow/.local/lib/python3.8/site-packages/airflow/example_dags/example_complex.py took 0.051 seconds
[2023-08-31T15:21:35.366+0000] {processor.py:157} INFO - Started process (PID=2767) to work on /home/airflow/.local/lib/python3.8/site-packages/airflow/example_dags/example_complex.py
[2023-08-31T15:21:35.367+0000] {processor.py:829} INFO - Processing file /home/airflow/.local/lib/python3.8/site-packages/airflow/example_dags/example_complex.py for tasks to queue
[2023-08-31T15:21:35.368+0000] {logging_mixin.py:151} INFO - [2023-08-31T15:21:35.368+0000] {dagbag.py:539} INFO - Filling up the DagBag from /home/airflow/.local/lib/python3.8/site-packages/airflow/example_dags/example_complex.py
[2023-08-31T15:21:35.375+0000] {processor.py:839} INFO - DAG(s) dict_keys(['example_complex']) retrieved from /home/airflow/.local/lib/python3.8/site-packages/airflow/example_dags/example_complex.py
[2023-08-31T15:21:35.396+0000] {logging_mixin.py:151} INFO - [2023-08-31T15:21:35.395+0000] {dag.py:2907} INFO - Sync 1 DAGs
[2023-08-31T15:21:35.404+0000] {logging_mixin.py:151} INFO - [2023-08-31T15:21:35.404+0000] {dag.py:3677} INFO - Setting next_dagrun for example_complex to None, run_after=None
[2023-08-31T15:21:35.416+0000] {processor.py:179} INFO - Processing /home/airflow/.local/lib/python3.8/site-packages/airflow/example_dags/example_complex.py took 0.052 seconds
[2023-08-31T15:22:05.657+0000] {processor.py:157} INFO - Started process (PID=3007) to work on /home/airflow/.local/lib/python3.8/site-packages/airflow/example_dags/example_complex.py
[2023-08-31T15:22:05.658+0000] {processor.py:829} INFO - Processing file /home/airflow/.local/lib/python3.8/site-packages/airflow/example_dags/example_complex.py for tasks to queue
[2023-08-31T15:22:05.659+0000] {logging_mixin.py:151} INFO - [2023-08-31T15:22:05.659+0000] {dagbag.py:539} INFO - Filling up the DagBag from /home/airflow/.local/lib/python3.8/site-packages/airflow/example_dags/example_complex.py
[2023-08-31T15:22:05.666+0000] {processor.py:839} INFO - DAG(s) dict_keys(['example_complex']) retrieved from /home/airflow/.local/lib/python3.8/site-packages/airflow/example_dags/example_complex.py
[2023-08-31T15:22:05.689+0000] {logging_mixin.py:151} INFO - [2023-08-31T15:22:05.689+0000] {dag.py:2907} INFO - Sync 1 DAGs
[2023-08-31T15:22:05.698+0000] {logging_mixin.py:151} INFO - [2023-08-31T15:22:05.698+0000] {dag.py:3677} INFO - Setting next_dagrun for example_complex to None, run_after=None
[2023-08-31T15:22:05.709+0000] {processor.py:179} INFO - Processing /home/airflow/.local/lib/python3.8/site-packages/airflow/example_dags/example_complex.py took 0.055 seconds
[2023-08-31T15:22:36.344+0000] {processor.py:157} INFO - Started process (PID=3247) to work on /home/airflow/.local/lib/python3.8/site-packages/airflow/example_dags/example_complex.py
[2023-08-31T15:22:36.345+0000] {processor.py:829} INFO - Processing file /home/airflow/.local/lib/python3.8/site-packages/airflow/example_dags/example_complex.py for tasks to queue
[2023-08-31T15:22:36.346+0000] {logging_mixin.py:151} INFO - [2023-08-31T15:22:36.346+0000] {dagbag.py:539} INFO - Filling up the DagBag from /home/airflow/.local/lib/python3.8/site-packages/airflow/example_dags/example_complex.py
[2023-08-31T15:22:36.353+0000] {processor.py:839} INFO - DAG(s) dict_keys(['example_complex']) retrieved from /home/airflow/.local/lib/python3.8/site-packages/airflow/example_dags/example_complex.py
[2023-08-31T15:22:36.375+0000] {logging_mixin.py:151} INFO - [2023-08-31T15:22:36.374+0000] {dag.py:2907} INFO - Sync 1 DAGs
[2023-08-31T15:22:36.383+0000] {logging_mixin.py:151} INFO - [2023-08-31T15:22:36.383+0000] {dag.py:3677} INFO - Setting next_dagrun for example_complex to None, run_after=None
[2023-08-31T15:22:36.395+0000] {processor.py:179} INFO - Processing /home/airflow/.local/lib/python3.8/site-packages/airflow/example_dags/example_complex.py took 0.053 seconds
[2023-08-31T15:23:06.955+0000] {processor.py:157} INFO - Started process (PID=3489) to work on /home/airflow/.local/lib/python3.8/site-packages/airflow/example_dags/example_complex.py
[2023-08-31T15:23:06.957+0000] {processor.py:829} INFO - Processing file /home/airflow/.local/lib/python3.8/site-packages/airflow/example_dags/example_complex.py for tasks to queue
[2023-08-31T15:23:06.958+0000] {logging_mixin.py:151} INFO - [2023-08-31T15:23:06.957+0000] {dagbag.py:539} INFO - Filling up the DagBag from /home/airflow/.local/lib/python3.8/site-packages/airflow/example_dags/example_complex.py
[2023-08-31T15:23:06.965+0000] {processor.py:839} INFO - DAG(s) dict_keys(['example_complex']) retrieved from /home/airflow/.local/lib/python3.8/site-packages/airflow/example_dags/example_complex.py
[2023-08-31T15:23:06.986+0000] {logging_mixin.py:151} INFO - [2023-08-31T15:23:06.986+0000] {dag.py:2907} INFO - Sync 1 DAGs
[2023-08-31T15:23:06.994+0000] {logging_mixin.py:151} INFO - [2023-08-31T15:23:06.994+0000] {dag.py:3677} INFO - Setting next_dagrun for example_complex to None, run_after=None
[2023-08-31T15:23:07.005+0000] {processor.py:179} INFO - Processing /home/airflow/.local/lib/python3.8/site-packages/airflow/example_dags/example_complex.py took 0.052 seconds
[2023-08-31T15:23:37.327+0000] {processor.py:157} INFO - Started process (PID=3731) to work on /home/airflow/.local/lib/python3.8/site-packages/airflow/example_dags/example_complex.py
[2023-08-31T15:23:37.328+0000] {processor.py:829} INFO - Processing file /home/airflow/.local/lib/python3.8/site-packages/airflow/example_dags/example_complex.py for tasks to queue
[2023-08-31T15:23:37.329+0000] {logging_mixin.py:151} INFO - [2023-08-31T15:23:37.329+0000] {dagbag.py:539} INFO - Filling up the DagBag from /home/airflow/.local/lib/python3.8/site-packages/airflow/example_dags/example_complex.py
[2023-08-31T15:23:37.336+0000] {processor.py:839} INFO - DAG(s) dict_keys(['example_complex']) retrieved from /home/airflow/.local/lib/python3.8/site-packages/airflow/example_dags/example_complex.py
[2023-08-31T15:23:37.356+0000] {logging_mixin.py:151} INFO - [2023-08-31T15:23:37.356+0000] {dag.py:2907} INFO - Sync 1 DAGs
[2023-08-31T15:23:37.364+0000] {logging_mixin.py:151} INFO - [2023-08-31T15:23:37.364+0000] {dag.py:3677} INFO - Setting next_dagrun for example_complex to None, run_after=None
[2023-08-31T15:23:37.376+0000] {processor.py:179} INFO - Processing /home/airflow/.local/lib/python3.8/site-packages/airflow/example_dags/example_complex.py took 0.051 seconds
[2023-08-31T15:24:07.562+0000] {processor.py:157} INFO - Started process (PID=3971) to work on /home/airflow/.local/lib/python3.8/site-packages/airflow/example_dags/example_complex.py
[2023-08-31T15:24:07.563+0000] {processor.py:829} INFO - Processing file /home/airflow/.local/lib/python3.8/site-packages/airflow/example_dags/example_complex.py for tasks to queue
[2023-08-31T15:24:07.564+0000] {logging_mixin.py:151} INFO - [2023-08-31T15:24:07.564+0000] {dagbag.py:539} INFO - Filling up the DagBag from /home/airflow/.local/lib/python3.8/site-packages/airflow/example_dags/example_complex.py
[2023-08-31T15:24:07.571+0000] {processor.py:839} INFO - DAG(s) dict_keys(['example_complex']) retrieved from /home/airflow/.local/lib/python3.8/site-packages/airflow/example_dags/example_complex.py
[2023-08-31T15:24:07.592+0000] {logging_mixin.py:151} INFO - [2023-08-31T15:24:07.592+0000] {dag.py:2907} INFO - Sync 1 DAGs
[2023-08-31T15:24:07.600+0000] {logging_mixin.py:151} INFO - [2023-08-31T15:24:07.600+0000] {dag.py:3677} INFO - Setting next_dagrun for example_complex to None, run_after=None
[2023-08-31T15:24:07.612+0000] {processor.py:179} INFO - Processing /home/airflow/.local/lib/python3.8/site-packages/airflow/example_dags/example_complex.py took 0.053 seconds
[2023-08-31T15:24:37.866+0000] {processor.py:157} INFO - Started process (PID=4211) to work on /home/airflow/.local/lib/python3.8/site-packages/airflow/example_dags/example_complex.py
[2023-08-31T15:24:37.868+0000] {processor.py:829} INFO - Processing file /home/airflow/.local/lib/python3.8/site-packages/airflow/example_dags/example_complex.py for tasks to queue
[2023-08-31T15:24:37.869+0000] {logging_mixin.py:151} INFO - [2023-08-31T15:24:37.869+0000] {dagbag.py:539} INFO - Filling up the DagBag from /home/airflow/.local/lib/python3.8/site-packages/airflow/example_dags/example_complex.py
[2023-08-31T15:24:37.875+0000] {processor.py:839} INFO - DAG(s) dict_keys(['example_complex']) retrieved from /home/airflow/.local/lib/python3.8/site-packages/airflow/example_dags/example_complex.py
[2023-08-31T15:24:37.895+0000] {logging_mixin.py:151} INFO - [2023-08-31T15:24:37.895+0000] {dag.py:2907} INFO - Sync 1 DAGs
[2023-08-31T15:24:37.904+0000] {logging_mixin.py:151} INFO - [2023-08-31T15:24:37.903+0000] {dag.py:3677} INFO - Setting next_dagrun for example_complex to None, run_after=None
[2023-08-31T15:24:37.914+0000] {processor.py:179} INFO - Processing /home/airflow/.local/lib/python3.8/site-packages/airflow/example_dags/example_complex.py took 0.050 seconds
[2023-08-31T15:25:08.177+0000] {processor.py:157} INFO - Started process (PID=4451) to work on /home/airflow/.local/lib/python3.8/site-packages/airflow/example_dags/example_complex.py
[2023-08-31T15:25:08.179+0000] {processor.py:829} INFO - Processing file /home/airflow/.local/lib/python3.8/site-packages/airflow/example_dags/example_complex.py for tasks to queue
[2023-08-31T15:25:08.180+0000] {logging_mixin.py:151} INFO - [2023-08-31T15:25:08.180+0000] {dagbag.py:539} INFO - Filling up the DagBag from /home/airflow/.local/lib/python3.8/site-packages/airflow/example_dags/example_complex.py
[2023-08-31T15:25:08.187+0000] {processor.py:839} INFO - DAG(s) dict_keys(['example_complex']) retrieved from /home/airflow/.local/lib/python3.8/site-packages/airflow/example_dags/example_complex.py
[2023-08-31T15:25:08.207+0000] {logging_mixin.py:151} INFO - [2023-08-31T15:25:08.207+0000] {dag.py:2907} INFO - Sync 1 DAGs
[2023-08-31T15:25:08.216+0000] {logging_mixin.py:151} INFO - [2023-08-31T15:25:08.216+0000] {dag.py:3677} INFO - Setting next_dagrun for example_complex to None, run_after=None
[2023-08-31T15:25:08.228+0000] {processor.py:179} INFO - Processing /home/airflow/.local/lib/python3.8/site-packages/airflow/example_dags/example_complex.py took 0.053 seconds
[2023-08-31T15:25:38.442+0000] {processor.py:157} INFO - Started process (PID=4690) to work on /home/airflow/.local/lib/python3.8/site-packages/airflow/example_dags/example_complex.py
[2023-08-31T15:25:38.443+0000] {processor.py:829} INFO - Processing file /home/airflow/.local/lib/python3.8/site-packages/airflow/example_dags/example_complex.py for tasks to queue
[2023-08-31T15:25:38.444+0000] {logging_mixin.py:151} INFO - [2023-08-31T15:25:38.444+0000] {dagbag.py:539} INFO - Filling up the DagBag from /home/airflow/.local/lib/python3.8/site-packages/airflow/example_dags/example_complex.py
[2023-08-31T15:25:38.451+0000] {processor.py:839} INFO - DAG(s) dict_keys(['example_complex']) retrieved from /home/airflow/.local/lib/python3.8/site-packages/airflow/example_dags/example_complex.py
[2023-08-31T15:25:38.473+0000] {logging_mixin.py:151} INFO - [2023-08-31T15:25:38.473+0000] {dag.py:2907} INFO - Sync 1 DAGs
[2023-08-31T15:25:38.482+0000] {logging_mixin.py:151} INFO - [2023-08-31T15:25:38.482+0000] {dag.py:3677} INFO - Setting next_dagrun for example_complex to None, run_after=None
[2023-08-31T15:25:38.493+0000] {processor.py:179} INFO - Processing /home/airflow/.local/lib/python3.8/site-packages/airflow/example_dags/example_complex.py took 0.053 seconds
[2023-08-31T15:26:08.739+0000] {processor.py:157} INFO - Started process (PID=4931) to work on /home/airflow/.local/lib/python3.8/site-packages/airflow/example_dags/example_complex.py
[2023-08-31T15:26:08.740+0000] {processor.py:829} INFO - Processing file /home/airflow/.local/lib/python3.8/site-packages/airflow/example_dags/example_complex.py for tasks to queue
[2023-08-31T15:26:08.741+0000] {logging_mixin.py:151} INFO - [2023-08-31T15:26:08.741+0000] {dagbag.py:539} INFO - Filling up the DagBag from /home/airflow/.local/lib/python3.8/site-packages/airflow/example_dags/example_complex.py
[2023-08-31T15:26:08.749+0000] {processor.py:839} INFO - DAG(s) dict_keys(['example_complex']) retrieved from /home/airflow/.local/lib/python3.8/site-packages/airflow/example_dags/example_complex.py
[2023-08-31T15:26:08.768+0000] {logging_mixin.py:151} INFO - [2023-08-31T15:26:08.768+0000] {dag.py:2907} INFO - Sync 1 DAGs
[2023-08-31T15:26:08.777+0000] {logging_mixin.py:151} INFO - [2023-08-31T15:26:08.777+0000] {dag.py:3677} INFO - Setting next_dagrun for example_complex to None, run_after=None
[2023-08-31T15:26:08.788+0000] {processor.py:179} INFO - Processing /home/airflow/.local/lib/python3.8/site-packages/airflow/example_dags/example_complex.py took 0.052 seconds
[2023-08-31T15:26:39.066+0000] {processor.py:157} INFO - Started process (PID=5170) to work on /home/airflow/.local/lib/python3.8/site-packages/airflow/example_dags/example_complex.py
[2023-08-31T15:26:39.067+0000] {processor.py:829} INFO - Processing file /home/airflow/.local/lib/python3.8/site-packages/airflow/example_dags/example_complex.py for tasks to queue
[2023-08-31T15:26:39.069+0000] {logging_mixin.py:151} INFO - [2023-08-31T15:26:39.068+0000] {dagbag.py:539} INFO - Filling up the DagBag from /home/airflow/.local/lib/python3.8/site-packages/airflow/example_dags/example_complex.py
[2023-08-31T15:26:39.076+0000] {processor.py:839} INFO - DAG(s) dict_keys(['example_complex']) retrieved from /home/airflow/.local/lib/python3.8/site-packages/airflow/example_dags/example_complex.py
[2023-08-31T15:26:39.096+0000] {logging_mixin.py:151} INFO - [2023-08-31T15:26:39.096+0000] {dag.py:2907} INFO - Sync 1 DAGs
[2023-08-31T15:26:39.104+0000] {logging_mixin.py:151} INFO - [2023-08-31T15:26:39.104+0000] {dag.py:3677} INFO - Setting next_dagrun for example_complex to None, run_after=None
[2023-08-31T15:26:39.116+0000] {processor.py:179} INFO - Processing /home/airflow/.local/lib/python3.8/site-packages/airflow/example_dags/example_complex.py took 0.052 seconds
[2023-08-31T15:27:09.439+0000] {processor.py:157} INFO - Started process (PID=5409) to work on /home/airflow/.local/lib/python3.8/site-packages/airflow/example_dags/example_complex.py
[2023-08-31T15:27:09.440+0000] {processor.py:829} INFO - Processing file /home/airflow/.local/lib/python3.8/site-packages/airflow/example_dags/example_complex.py for tasks to queue
[2023-08-31T15:27:09.441+0000] {logging_mixin.py:151} INFO - [2023-08-31T15:27:09.441+0000] {dagbag.py:539} INFO - Filling up the DagBag from /home/airflow/.local/lib/python3.8/site-packages/airflow/example_dags/example_complex.py
[2023-08-31T15:27:09.449+0000] {processor.py:839} INFO - DAG(s) dict_keys(['example_complex']) retrieved from /home/airflow/.local/lib/python3.8/site-packages/airflow/example_dags/example_complex.py
[2023-08-31T15:27:09.470+0000] {logging_mixin.py:151} INFO - [2023-08-31T15:27:09.470+0000] {dag.py:2907} INFO - Sync 1 DAGs
[2023-08-31T15:27:09.478+0000] {logging_mixin.py:151} INFO - [2023-08-31T15:27:09.478+0000] {dag.py:3677} INFO - Setting next_dagrun for example_complex to None, run_after=None
[2023-08-31T15:27:09.488+0000] {processor.py:179} INFO - Processing /home/airflow/.local/lib/python3.8/site-packages/airflow/example_dags/example_complex.py took 0.052 seconds
[2023-08-31T15:27:39.850+0000] {processor.py:157} INFO - Started process (PID=5649) to work on /home/airflow/.local/lib/python3.8/site-packages/airflow/example_dags/example_complex.py
[2023-08-31T15:27:39.851+0000] {processor.py:829} INFO - Processing file /home/airflow/.local/lib/python3.8/site-packages/airflow/example_dags/example_complex.py for tasks to queue
[2023-08-31T15:27:39.852+0000] {logging_mixin.py:151} INFO - [2023-08-31T15:27:39.852+0000] {dagbag.py:539} INFO - Filling up the DagBag from /home/airflow/.local/lib/python3.8/site-packages/airflow/example_dags/example_complex.py
[2023-08-31T15:27:39.861+0000] {processor.py:839} INFO - DAG(s) dict_keys(['example_complex']) retrieved from /home/airflow/.local/lib/python3.8/site-packages/airflow/example_dags/example_complex.py
[2023-08-31T15:27:39.888+0000] {logging_mixin.py:151} INFO - [2023-08-31T15:27:39.887+0000] {dag.py:2907} INFO - Sync 1 DAGs
[2023-08-31T15:27:39.898+0000] {logging_mixin.py:151} INFO - [2023-08-31T15:27:39.898+0000] {dag.py:3677} INFO - Setting next_dagrun for example_complex to None, run_after=None
[2023-08-31T15:27:39.916+0000] {processor.py:179} INFO - Processing /home/airflow/.local/lib/python3.8/site-packages/airflow/example_dags/example_complex.py took 0.068 seconds
[2023-08-31T15:28:10.129+0000] {processor.py:157} INFO - Started process (PID=5889) to work on /home/airflow/.local/lib/python3.8/site-packages/airflow/example_dags/example_complex.py
[2023-08-31T15:28:10.130+0000] {processor.py:829} INFO - Processing file /home/airflow/.local/lib/python3.8/site-packages/airflow/example_dags/example_complex.py for tasks to queue
[2023-08-31T15:28:10.132+0000] {logging_mixin.py:151} INFO - [2023-08-31T15:28:10.131+0000] {dagbag.py:539} INFO - Filling up the DagBag from /home/airflow/.local/lib/python3.8/site-packages/airflow/example_dags/example_complex.py
[2023-08-31T15:28:10.140+0000] {processor.py:839} INFO - DAG(s) dict_keys(['example_complex']) retrieved from /home/airflow/.local/lib/python3.8/site-packages/airflow/example_dags/example_complex.py
[2023-08-31T15:28:10.162+0000] {logging_mixin.py:151} INFO - [2023-08-31T15:28:10.162+0000] {dag.py:2907} INFO - Sync 1 DAGs
[2023-08-31T15:28:10.170+0000] {logging_mixin.py:151} INFO - [2023-08-31T15:28:10.170+0000] {dag.py:3677} INFO - Setting next_dagrun for example_complex to None, run_after=None
[2023-08-31T15:28:10.181+0000] {processor.py:179} INFO - Processing /home/airflow/.local/lib/python3.8/site-packages/airflow/example_dags/example_complex.py took 0.055 seconds
[2023-08-31T15:28:40.438+0000] {processor.py:157} INFO - Started process (PID=6130) to work on /home/airflow/.local/lib/python3.8/site-packages/airflow/example_dags/example_complex.py
[2023-08-31T15:28:40.439+0000] {processor.py:829} INFO - Processing file /home/airflow/.local/lib/python3.8/site-packages/airflow/example_dags/example_complex.py for tasks to queue
[2023-08-31T15:28:40.441+0000] {logging_mixin.py:151} INFO - [2023-08-31T15:28:40.440+0000] {dagbag.py:539} INFO - Filling up the DagBag from /home/airflow/.local/lib/python3.8/site-packages/airflow/example_dags/example_complex.py
[2023-08-31T15:28:40.449+0000] {processor.py:839} INFO - DAG(s) dict_keys(['example_complex']) retrieved from /home/airflow/.local/lib/python3.8/site-packages/airflow/example_dags/example_complex.py
[2023-08-31T15:28:40.470+0000] {logging_mixin.py:151} INFO - [2023-08-31T15:28:40.470+0000] {dag.py:2907} INFO - Sync 1 DAGs
[2023-08-31T15:28:40.478+0000] {logging_mixin.py:151} INFO - [2023-08-31T15:28:40.478+0000] {dag.py:3677} INFO - Setting next_dagrun for example_complex to None, run_after=None
[2023-08-31T15:28:40.488+0000] {processor.py:179} INFO - Processing /home/airflow/.local/lib/python3.8/site-packages/airflow/example_dags/example_complex.py took 0.054 seconds
[2023-08-31T15:29:10.811+0000] {processor.py:157} INFO - Started process (PID=6372) to work on /home/airflow/.local/lib/python3.8/site-packages/airflow/example_dags/example_complex.py
[2023-08-31T15:29:10.813+0000] {processor.py:829} INFO - Processing file /home/airflow/.local/lib/python3.8/site-packages/airflow/example_dags/example_complex.py for tasks to queue
[2023-08-31T15:29:10.814+0000] {logging_mixin.py:151} INFO - [2023-08-31T15:29:10.814+0000] {dagbag.py:539} INFO - Filling up the DagBag from /home/airflow/.local/lib/python3.8/site-packages/airflow/example_dags/example_complex.py
[2023-08-31T15:29:10.822+0000] {processor.py:839} INFO - DAG(s) dict_keys(['example_complex']) retrieved from /home/airflow/.local/lib/python3.8/site-packages/airflow/example_dags/example_complex.py
[2023-08-31T15:29:10.846+0000] {logging_mixin.py:151} INFO - [2023-08-31T15:29:10.846+0000] {dag.py:2907} INFO - Sync 1 DAGs
[2023-08-31T15:29:10.854+0000] {logging_mixin.py:151} INFO - [2023-08-31T15:29:10.854+0000] {dag.py:3677} INFO - Setting next_dagrun for example_complex to None, run_after=None
[2023-08-31T15:29:10.865+0000] {processor.py:179} INFO - Processing /home/airflow/.local/lib/python3.8/site-packages/airflow/example_dags/example_complex.py took 0.056 seconds
[2023-08-31T15:29:41.106+0000] {processor.py:157} INFO - Started process (PID=6612) to work on /home/airflow/.local/lib/python3.8/site-packages/airflow/example_dags/example_complex.py
[2023-08-31T15:29:41.107+0000] {processor.py:829} INFO - Processing file /home/airflow/.local/lib/python3.8/site-packages/airflow/example_dags/example_complex.py for tasks to queue
[2023-08-31T15:29:41.108+0000] {logging_mixin.py:151} INFO - [2023-08-31T15:29:41.108+0000] {dagbag.py:539} INFO - Filling up the DagBag from /home/airflow/.local/lib/python3.8/site-packages/airflow/example_dags/example_complex.py
[2023-08-31T15:29:41.117+0000] {processor.py:839} INFO - DAG(s) dict_keys(['example_complex']) retrieved from /home/airflow/.local/lib/python3.8/site-packages/airflow/example_dags/example_complex.py
[2023-08-31T15:29:41.137+0000] {logging_mixin.py:151} INFO - [2023-08-31T15:29:41.137+0000] {dag.py:2907} INFO - Sync 1 DAGs
[2023-08-31T15:29:41.145+0000] {logging_mixin.py:151} INFO - [2023-08-31T15:29:41.145+0000] {dag.py:3677} INFO - Setting next_dagrun for example_complex to None, run_after=None
[2023-08-31T15:29:41.156+0000] {processor.py:179} INFO - Processing /home/airflow/.local/lib/python3.8/site-packages/airflow/example_dags/example_complex.py took 0.053 seconds
[2023-08-31T15:30:11.317+0000] {processor.py:157} INFO - Started process (PID=6852) to work on /home/airflow/.local/lib/python3.8/site-packages/airflow/example_dags/example_complex.py
[2023-08-31T15:30:11.319+0000] {processor.py:829} INFO - Processing file /home/airflow/.local/lib/python3.8/site-packages/airflow/example_dags/example_complex.py for tasks to queue
[2023-08-31T15:30:11.320+0000] {logging_mixin.py:151} INFO - [2023-08-31T15:30:11.320+0000] {dagbag.py:539} INFO - Filling up the DagBag from /home/airflow/.local/lib/python3.8/site-packages/airflow/example_dags/example_complex.py
[2023-08-31T15:30:11.328+0000] {processor.py:839} INFO - DAG(s) dict_keys(['example_complex']) retrieved from /home/airflow/.local/lib/python3.8/site-packages/airflow/example_dags/example_complex.py
[2023-08-31T15:30:11.348+0000] {logging_mixin.py:151} INFO - [2023-08-31T15:30:11.348+0000] {dag.py:2907} INFO - Sync 1 DAGs
[2023-08-31T15:30:11.356+0000] {logging_mixin.py:151} INFO - [2023-08-31T15:30:11.356+0000] {dag.py:3677} INFO - Setting next_dagrun for example_complex to None, run_after=None
[2023-08-31T15:30:11.367+0000] {processor.py:179} INFO - Processing /home/airflow/.local/lib/python3.8/site-packages/airflow/example_dags/example_complex.py took 0.053 seconds
[2023-08-31T15:30:41.719+0000] {processor.py:157} INFO - Started process (PID=7093) to work on /home/airflow/.local/lib/python3.8/site-packages/airflow/example_dags/example_complex.py
[2023-08-31T15:30:41.721+0000] {processor.py:829} INFO - Processing file /home/airflow/.local/lib/python3.8/site-packages/airflow/example_dags/example_complex.py for tasks to queue
[2023-08-31T15:30:41.722+0000] {logging_mixin.py:151} INFO - [2023-08-31T15:30:41.722+0000] {dagbag.py:539} INFO - Filling up the DagBag from /home/airflow/.local/lib/python3.8/site-packages/airflow/example_dags/example_complex.py
[2023-08-31T15:30:41.729+0000] {processor.py:839} INFO - DAG(s) dict_keys(['example_complex']) retrieved from /home/airflow/.local/lib/python3.8/site-packages/airflow/example_dags/example_complex.py
[2023-08-31T15:30:41.748+0000] {logging_mixin.py:151} INFO - [2023-08-31T15:30:41.748+0000] {dag.py:2907} INFO - Sync 1 DAGs
[2023-08-31T15:30:41.756+0000] {logging_mixin.py:151} INFO - [2023-08-31T15:30:41.756+0000] {dag.py:3677} INFO - Setting next_dagrun for example_complex to None, run_after=None
[2023-08-31T15:30:41.768+0000] {processor.py:179} INFO - Processing /home/airflow/.local/lib/python3.8/site-packages/airflow/example_dags/example_complex.py took 0.051 seconds
[2023-08-31T15:31:12.066+0000] {processor.py:157} INFO - Started process (PID=7332) to work on /home/airflow/.local/lib/python3.8/site-packages/airflow/example_dags/example_complex.py
[2023-08-31T15:31:12.068+0000] {processor.py:829} INFO - Processing file /home/airflow/.local/lib/python3.8/site-packages/airflow/example_dags/example_complex.py for tasks to queue
[2023-08-31T15:31:12.069+0000] {logging_mixin.py:151} INFO - [2023-08-31T15:31:12.069+0000] {dagbag.py:539} INFO - Filling up the DagBag from /home/airflow/.local/lib/python3.8/site-packages/airflow/example_dags/example_complex.py
[2023-08-31T15:31:12.076+0000] {processor.py:839} INFO - DAG(s) dict_keys(['example_complex']) retrieved from /home/airflow/.local/lib/python3.8/site-packages/airflow/example_dags/example_complex.py
[2023-08-31T15:31:12.097+0000] {logging_mixin.py:151} INFO - [2023-08-31T15:31:12.096+0000] {dag.py:2907} INFO - Sync 1 DAGs
[2023-08-31T15:31:12.104+0000] {logging_mixin.py:151} INFO - [2023-08-31T15:31:12.104+0000] {dag.py:3677} INFO - Setting next_dagrun for example_complex to None, run_after=None
[2023-08-31T15:31:12.115+0000] {processor.py:179} INFO - Processing /home/airflow/.local/lib/python3.8/site-packages/airflow/example_dags/example_complex.py took 0.051 seconds
[2023-08-31T15:31:42.533+0000] {processor.py:157} INFO - Started process (PID=7573) to work on /home/airflow/.local/lib/python3.8/site-packages/airflow/example_dags/example_complex.py
[2023-08-31T15:31:42.534+0000] {processor.py:829} INFO - Processing file /home/airflow/.local/lib/python3.8/site-packages/airflow/example_dags/example_complex.py for tasks to queue
[2023-08-31T15:31:42.535+0000] {logging_mixin.py:151} INFO - [2023-08-31T15:31:42.535+0000] {dagbag.py:539} INFO - Filling up the DagBag from /home/airflow/.local/lib/python3.8/site-packages/airflow/example_dags/example_complex.py
[2023-08-31T15:31:42.541+0000] {processor.py:839} INFO - DAG(s) dict_keys(['example_complex']) retrieved from /home/airflow/.local/lib/python3.8/site-packages/airflow/example_dags/example_complex.py
[2023-08-31T15:31:42.559+0000] {logging_mixin.py:151} INFO - [2023-08-31T15:31:42.559+0000] {dag.py:2907} INFO - Sync 1 DAGs
[2023-08-31T15:31:42.566+0000] {logging_mixin.py:151} INFO - [2023-08-31T15:31:42.566+0000] {dag.py:3677} INFO - Setting next_dagrun for example_complex to None, run_after=None
[2023-08-31T15:31:42.576+0000] {processor.py:179} INFO - Processing /home/airflow/.local/lib/python3.8/site-packages/airflow/example_dags/example_complex.py took 0.045 seconds
[2023-08-31T15:32:12.812+0000] {processor.py:157} INFO - Started process (PID=7810) to work on /home/airflow/.local/lib/python3.8/site-packages/airflow/example_dags/example_complex.py
[2023-08-31T15:32:12.814+0000] {processor.py:829} INFO - Processing file /home/airflow/.local/lib/python3.8/site-packages/airflow/example_dags/example_complex.py for tasks to queue
[2023-08-31T15:32:12.815+0000] {logging_mixin.py:151} INFO - [2023-08-31T15:32:12.814+0000] {dagbag.py:539} INFO - Filling up the DagBag from /home/airflow/.local/lib/python3.8/site-packages/airflow/example_dags/example_complex.py
[2023-08-31T15:32:12.822+0000] {processor.py:839} INFO - DAG(s) dict_keys(['example_complex']) retrieved from /home/airflow/.local/lib/python3.8/site-packages/airflow/example_dags/example_complex.py
[2023-08-31T15:32:12.845+0000] {logging_mixin.py:151} INFO - [2023-08-31T15:32:12.845+0000] {dag.py:2907} INFO - Sync 1 DAGs
[2023-08-31T15:32:12.853+0000] {logging_mixin.py:151} INFO - [2023-08-31T15:32:12.853+0000] {dag.py:3677} INFO - Setting next_dagrun for example_complex to None, run_after=None
[2023-08-31T15:32:12.864+0000] {processor.py:179} INFO - Processing /home/airflow/.local/lib/python3.8/site-packages/airflow/example_dags/example_complex.py took 0.054 seconds
[2023-08-31T15:32:43.348+0000] {processor.py:157} INFO - Started process (PID=8050) to work on /home/airflow/.local/lib/python3.8/site-packages/airflow/example_dags/example_complex.py
[2023-08-31T15:32:43.350+0000] {processor.py:829} INFO - Processing file /home/airflow/.local/lib/python3.8/site-packages/airflow/example_dags/example_complex.py for tasks to queue
[2023-08-31T15:32:43.352+0000] {logging_mixin.py:151} INFO - [2023-08-31T15:32:43.352+0000] {dagbag.py:539} INFO - Filling up the DagBag from /home/airflow/.local/lib/python3.8/site-packages/airflow/example_dags/example_complex.py
[2023-08-31T15:32:43.359+0000] {processor.py:839} INFO - DAG(s) dict_keys(['example_complex']) retrieved from /home/airflow/.local/lib/python3.8/site-packages/airflow/example_dags/example_complex.py
[2023-08-31T15:32:43.379+0000] {logging_mixin.py:151} INFO - [2023-08-31T15:32:43.379+0000] {dag.py:2907} INFO - Sync 1 DAGs
[2023-08-31T15:32:43.388+0000] {logging_mixin.py:151} INFO - [2023-08-31T15:32:43.388+0000] {dag.py:3677} INFO - Setting next_dagrun for example_complex to None, run_after=None
[2023-08-31T15:32:43.399+0000] {processor.py:179} INFO - Processing /home/airflow/.local/lib/python3.8/site-packages/airflow/example_dags/example_complex.py took 0.054 seconds
[2023-08-31T15:33:13.750+0000] {processor.py:157} INFO - Started process (PID=8289) to work on /home/airflow/.local/lib/python3.8/site-packages/airflow/example_dags/example_complex.py
[2023-08-31T15:33:13.751+0000] {processor.py:829} INFO - Processing file /home/airflow/.local/lib/python3.8/site-packages/airflow/example_dags/example_complex.py for tasks to queue
[2023-08-31T15:33:13.752+0000] {logging_mixin.py:151} INFO - [2023-08-31T15:33:13.752+0000] {dagbag.py:539} INFO - Filling up the DagBag from /home/airflow/.local/lib/python3.8/site-packages/airflow/example_dags/example_complex.py
[2023-08-31T15:33:13.759+0000] {processor.py:839} INFO - DAG(s) dict_keys(['example_complex']) retrieved from /home/airflow/.local/lib/python3.8/site-packages/airflow/example_dags/example_complex.py
[2023-08-31T15:33:13.779+0000] {logging_mixin.py:151} INFO - [2023-08-31T15:33:13.779+0000] {dag.py:2907} INFO - Sync 1 DAGs
[2023-08-31T15:33:13.787+0000] {logging_mixin.py:151} INFO - [2023-08-31T15:33:13.786+0000] {dag.py:3677} INFO - Setting next_dagrun for example_complex to None, run_after=None
[2023-08-31T15:33:13.799+0000] {processor.py:179} INFO - Processing /home/airflow/.local/lib/python3.8/site-packages/airflow/example_dags/example_complex.py took 0.051 seconds
[2023-08-31T15:33:44.411+0000] {processor.py:157} INFO - Started process (PID=8529) to work on /home/airflow/.local/lib/python3.8/site-packages/airflow/example_dags/example_complex.py
[2023-08-31T15:33:44.413+0000] {processor.py:829} INFO - Processing file /home/airflow/.local/lib/python3.8/site-packages/airflow/example_dags/example_complex.py for tasks to queue
[2023-08-31T15:33:44.414+0000] {logging_mixin.py:151} INFO - [2023-08-31T15:33:44.414+0000] {dagbag.py:539} INFO - Filling up the DagBag from /home/airflow/.local/lib/python3.8/site-packages/airflow/example_dags/example_complex.py
[2023-08-31T15:33:44.422+0000] {processor.py:839} INFO - DAG(s) dict_keys(['example_complex']) retrieved from /home/airflow/.local/lib/python3.8/site-packages/airflow/example_dags/example_complex.py
[2023-08-31T15:33:44.442+0000] {logging_mixin.py:151} INFO - [2023-08-31T15:33:44.442+0000] {dag.py:2907} INFO - Sync 1 DAGs
[2023-08-31T15:33:44.450+0000] {logging_mixin.py:151} INFO - [2023-08-31T15:33:44.450+0000] {dag.py:3677} INFO - Setting next_dagrun for example_complex to None, run_after=None
[2023-08-31T15:33:44.461+0000] {processor.py:179} INFO - Processing /home/airflow/.local/lib/python3.8/site-packages/airflow/example_dags/example_complex.py took 0.052 seconds
[2023-08-31T15:34:14.837+0000] {processor.py:157} INFO - Started process (PID=8772) to work on /home/airflow/.local/lib/python3.8/site-packages/airflow/example_dags/example_complex.py
[2023-08-31T15:34:14.839+0000] {processor.py:829} INFO - Processing file /home/airflow/.local/lib/python3.8/site-packages/airflow/example_dags/example_complex.py for tasks to queue
[2023-08-31T15:34:14.840+0000] {logging_mixin.py:151} INFO - [2023-08-31T15:34:14.840+0000] {dagbag.py:539} INFO - Filling up the DagBag from /home/airflow/.local/lib/python3.8/site-packages/airflow/example_dags/example_complex.py
[2023-08-31T15:34:14.847+0000] {processor.py:839} INFO - DAG(s) dict_keys(['example_complex']) retrieved from /home/airflow/.local/lib/python3.8/site-packages/airflow/example_dags/example_complex.py
[2023-08-31T15:34:14.865+0000] {logging_mixin.py:151} INFO - [2023-08-31T15:34:14.865+0000] {dag.py:2907} INFO - Sync 1 DAGs
[2023-08-31T15:34:14.873+0000] {logging_mixin.py:151} INFO - [2023-08-31T15:34:14.873+0000] {dag.py:3677} INFO - Setting next_dagrun for example_complex to None, run_after=None
[2023-08-31T15:34:14.883+0000] {processor.py:179} INFO - Processing /home/airflow/.local/lib/python3.8/site-packages/airflow/example_dags/example_complex.py took 0.047 seconds
[2023-08-31T15:34:45.050+0000] {processor.py:157} INFO - Started process (PID=9010) to work on /home/airflow/.local/lib/python3.8/site-packages/airflow/example_dags/example_complex.py
[2023-08-31T15:34:45.052+0000] {processor.py:829} INFO - Processing file /home/airflow/.local/lib/python3.8/site-packages/airflow/example_dags/example_complex.py for tasks to queue
[2023-08-31T15:34:45.053+0000] {logging_mixin.py:151} INFO - [2023-08-31T15:34:45.053+0000] {dagbag.py:539} INFO - Filling up the DagBag from /home/airflow/.local/lib/python3.8/site-packages/airflow/example_dags/example_complex.py
[2023-08-31T15:34:45.060+0000] {processor.py:839} INFO - DAG(s) dict_keys(['example_complex']) retrieved from /home/airflow/.local/lib/python3.8/site-packages/airflow/example_dags/example_complex.py
[2023-08-31T15:34:45.080+0000] {logging_mixin.py:151} INFO - [2023-08-31T15:34:45.080+0000] {dag.py:2907} INFO - Sync 1 DAGs
[2023-08-31T15:34:45.088+0000] {logging_mixin.py:151} INFO - [2023-08-31T15:34:45.088+0000] {dag.py:3677} INFO - Setting next_dagrun for example_complex to None, run_after=None
[2023-08-31T15:34:45.100+0000] {processor.py:179} INFO - Processing /home/airflow/.local/lib/python3.8/site-packages/airflow/example_dags/example_complex.py took 0.052 seconds
[2023-08-31T15:35:15.492+0000] {processor.py:157} INFO - Started process (PID=9252) to work on /home/airflow/.local/lib/python3.8/site-packages/airflow/example_dags/example_complex.py
[2023-08-31T15:35:15.493+0000] {processor.py:829} INFO - Processing file /home/airflow/.local/lib/python3.8/site-packages/airflow/example_dags/example_complex.py for tasks to queue
[2023-08-31T15:35:15.494+0000] {logging_mixin.py:151} INFO - [2023-08-31T15:35:15.494+0000] {dagbag.py:539} INFO - Filling up the DagBag from /home/airflow/.local/lib/python3.8/site-packages/airflow/example_dags/example_complex.py
[2023-08-31T15:35:15.501+0000] {processor.py:839} INFO - DAG(s) dict_keys(['example_complex']) retrieved from /home/airflow/.local/lib/python3.8/site-packages/airflow/example_dags/example_complex.py
[2023-08-31T15:35:15.523+0000] {logging_mixin.py:151} INFO - [2023-08-31T15:35:15.523+0000] {dag.py:2907} INFO - Sync 1 DAGs
[2023-08-31T15:35:15.531+0000] {logging_mixin.py:151} INFO - [2023-08-31T15:35:15.531+0000] {dag.py:3677} INFO - Setting next_dagrun for example_complex to None, run_after=None
[2023-08-31T15:35:15.543+0000] {processor.py:179} INFO - Processing /home/airflow/.local/lib/python3.8/site-packages/airflow/example_dags/example_complex.py took 0.054 seconds
[2023-08-31T15:35:45.860+0000] {processor.py:157} INFO - Started process (PID=9495) to work on /home/airflow/.local/lib/python3.8/site-packages/airflow/example_dags/example_complex.py
[2023-08-31T15:35:45.861+0000] {processor.py:829} INFO - Processing file /home/airflow/.local/lib/python3.8/site-packages/airflow/example_dags/example_complex.py for tasks to queue
[2023-08-31T15:35:45.862+0000] {logging_mixin.py:151} INFO - [2023-08-31T15:35:45.862+0000] {dagbag.py:539} INFO - Filling up the DagBag from /home/airflow/.local/lib/python3.8/site-packages/airflow/example_dags/example_complex.py
[2023-08-31T15:35:45.869+0000] {processor.py:839} INFO - DAG(s) dict_keys(['example_complex']) retrieved from /home/airflow/.local/lib/python3.8/site-packages/airflow/example_dags/example_complex.py
[2023-08-31T15:35:45.888+0000] {logging_mixin.py:151} INFO - [2023-08-31T15:35:45.888+0000] {dag.py:2907} INFO - Sync 1 DAGs
[2023-08-31T15:35:45.896+0000] {logging_mixin.py:151} INFO - [2023-08-31T15:35:45.895+0000] {dag.py:3677} INFO - Setting next_dagrun for example_complex to None, run_after=None
[2023-08-31T15:35:45.905+0000] {processor.py:179} INFO - Processing /home/airflow/.local/lib/python3.8/site-packages/airflow/example_dags/example_complex.py took 0.048 seconds
[2023-08-31T15:36:16.212+0000] {processor.py:157} INFO - Started process (PID=9734) to work on /home/airflow/.local/lib/python3.8/site-packages/airflow/example_dags/example_complex.py
[2023-08-31T15:36:16.213+0000] {processor.py:829} INFO - Processing file /home/airflow/.local/lib/python3.8/site-packages/airflow/example_dags/example_complex.py for tasks to queue
[2023-08-31T15:36:16.214+0000] {logging_mixin.py:151} INFO - [2023-08-31T15:36:16.214+0000] {dagbag.py:539} INFO - Filling up the DagBag from /home/airflow/.local/lib/python3.8/site-packages/airflow/example_dags/example_complex.py
[2023-08-31T15:36:16.221+0000] {processor.py:839} INFO - DAG(s) dict_keys(['example_complex']) retrieved from /home/airflow/.local/lib/python3.8/site-packages/airflow/example_dags/example_complex.py
[2023-08-31T15:36:16.239+0000] {logging_mixin.py:151} INFO - [2023-08-31T15:36:16.239+0000] {dag.py:2907} INFO - Sync 1 DAGs
[2023-08-31T15:36:16.247+0000] {logging_mixin.py:151} INFO - [2023-08-31T15:36:16.247+0000] {dag.py:3677} INFO - Setting next_dagrun for example_complex to None, run_after=None
[2023-08-31T15:36:16.257+0000] {processor.py:179} INFO - Processing /home/airflow/.local/lib/python3.8/site-packages/airflow/example_dags/example_complex.py took 0.047 seconds
[2023-08-31T15:36:46.577+0000] {processor.py:157} INFO - Started process (PID=9974) to work on /home/airflow/.local/lib/python3.8/site-packages/airflow/example_dags/example_complex.py
[2023-08-31T15:36:46.578+0000] {processor.py:829} INFO - Processing file /home/airflow/.local/lib/python3.8/site-packages/airflow/example_dags/example_complex.py for tasks to queue
[2023-08-31T15:36:46.579+0000] {logging_mixin.py:151} INFO - [2023-08-31T15:36:46.579+0000] {dagbag.py:539} INFO - Filling up the DagBag from /home/airflow/.local/lib/python3.8/site-packages/airflow/example_dags/example_complex.py
[2023-08-31T15:36:46.585+0000] {processor.py:839} INFO - DAG(s) dict_keys(['example_complex']) retrieved from /home/airflow/.local/lib/python3.8/site-packages/airflow/example_dags/example_complex.py
[2023-08-31T15:36:46.605+0000] {logging_mixin.py:151} INFO - [2023-08-31T15:36:46.605+0000] {dag.py:2907} INFO - Sync 1 DAGs
[2023-08-31T15:36:46.612+0000] {logging_mixin.py:151} INFO - [2023-08-31T15:36:46.612+0000] {dag.py:3677} INFO - Setting next_dagrun for example_complex to None, run_after=None
[2023-08-31T15:36:46.622+0000] {processor.py:179} INFO - Processing /home/airflow/.local/lib/python3.8/site-packages/airflow/example_dags/example_complex.py took 0.047 seconds
[2023-08-31T15:37:16.873+0000] {processor.py:157} INFO - Started process (PID=10211) to work on /home/airflow/.local/lib/python3.8/site-packages/airflow/example_dags/example_complex.py
[2023-08-31T15:37:16.874+0000] {processor.py:829} INFO - Processing file /home/airflow/.local/lib/python3.8/site-packages/airflow/example_dags/example_complex.py for tasks to queue
[2023-08-31T15:37:16.875+0000] {logging_mixin.py:151} INFO - [2023-08-31T15:37:16.875+0000] {dagbag.py:539} INFO - Filling up the DagBag from /home/airflow/.local/lib/python3.8/site-packages/airflow/example_dags/example_complex.py
[2023-08-31T15:37:16.882+0000] {processor.py:839} INFO - DAG(s) dict_keys(['example_complex']) retrieved from /home/airflow/.local/lib/python3.8/site-packages/airflow/example_dags/example_complex.py
[2023-08-31T15:37:16.901+0000] {logging_mixin.py:151} INFO - [2023-08-31T15:37:16.901+0000] {dag.py:2907} INFO - Sync 1 DAGs
[2023-08-31T15:37:16.910+0000] {logging_mixin.py:151} INFO - [2023-08-31T15:37:16.909+0000] {dag.py:3677} INFO - Setting next_dagrun for example_complex to None, run_after=None
[2023-08-31T15:37:16.921+0000] {processor.py:179} INFO - Processing /home/airflow/.local/lib/python3.8/site-packages/airflow/example_dags/example_complex.py took 0.051 seconds
[2023-08-31T15:37:47.152+0000] {processor.py:157} INFO - Started process (PID=10452) to work on /home/airflow/.local/lib/python3.8/site-packages/airflow/example_dags/example_complex.py
[2023-08-31T15:37:47.154+0000] {processor.py:829} INFO - Processing file /home/airflow/.local/lib/python3.8/site-packages/airflow/example_dags/example_complex.py for tasks to queue
[2023-08-31T15:37:47.155+0000] {logging_mixin.py:151} INFO - [2023-08-31T15:37:47.154+0000] {dagbag.py:539} INFO - Filling up the DagBag from /home/airflow/.local/lib/python3.8/site-packages/airflow/example_dags/example_complex.py
[2023-08-31T15:37:47.163+0000] {processor.py:839} INFO - DAG(s) dict_keys(['example_complex']) retrieved from /home/airflow/.local/lib/python3.8/site-packages/airflow/example_dags/example_complex.py
[2023-08-31T15:37:47.187+0000] {logging_mixin.py:151} INFO - [2023-08-31T15:37:47.187+0000] {dag.py:2907} INFO - Sync 1 DAGs
[2023-08-31T15:37:47.198+0000] {logging_mixin.py:151} INFO - [2023-08-31T15:37:47.198+0000] {dag.py:3677} INFO - Setting next_dagrun for example_complex to None, run_after=None
[2023-08-31T15:37:47.211+0000] {processor.py:179} INFO - Processing /home/airflow/.local/lib/python3.8/site-packages/airflow/example_dags/example_complex.py took 0.062 seconds
