[2023-08-31T15:16:30.209+0000] {processor.py:157} INFO - Started process (PID=357) to work on /home/airflow/.local/lib/python3.8/site-packages/airflow/example_dags/example_params_trigger_ui.py
[2023-08-31T15:16:30.211+0000] {processor.py:829} INFO - Processing file /home/airflow/.local/lib/python3.8/site-packages/airflow/example_dags/example_params_trigger_ui.py for tasks to queue
[2023-08-31T15:16:30.212+0000] {logging_mixin.py:151} INFO - [2023-08-31T15:16:30.212+0000] {dagbag.py:539} INFO - Filling up the DagBag from /home/airflow/.local/lib/python3.8/site-packages/airflow/example_dags/example_params_trigger_ui.py
[2023-08-31T15:16:30.227+0000] {processor.py:839} INFO - DAG(s) dict_keys(['example_params_trigger_ui']) retrieved from /home/airflow/.local/lib/python3.8/site-packages/airflow/example_dags/example_params_trigger_ui.py
[2023-08-31T15:16:30.236+0000] {logging_mixin.py:151} INFO - [2023-08-31T15:16:30.236+0000] {dag.py:2907} INFO - Sync 1 DAGs
[2023-08-31T15:16:30.247+0000] {logging_mixin.py:151} INFO - [2023-08-31T15:16:30.246+0000] {dag.py:3677} INFO - Setting next_dagrun for example_params_trigger_ui to None, run_after=None
[2023-08-31T15:16:30.260+0000] {processor.py:179} INFO - Processing /home/airflow/.local/lib/python3.8/site-packages/airflow/example_dags/example_params_trigger_ui.py took 0.053 seconds
[2023-08-31T15:17:01.720+0000] {processor.py:157} INFO - Started process (PID=602) to work on /home/airflow/.local/lib/python3.8/site-packages/airflow/example_dags/example_params_trigger_ui.py
[2023-08-31T15:17:01.721+0000] {processor.py:829} INFO - Processing file /home/airflow/.local/lib/python3.8/site-packages/airflow/example_dags/example_params_trigger_ui.py for tasks to queue
[2023-08-31T15:17:01.723+0000] {logging_mixin.py:151} INFO - [2023-08-31T15:17:01.722+0000] {dagbag.py:539} INFO - Filling up the DagBag from /home/airflow/.local/lib/python3.8/site-packages/airflow/example_dags/example_params_trigger_ui.py
[2023-08-31T15:17:01.734+0000] {processor.py:839} INFO - DAG(s) dict_keys(['example_params_trigger_ui']) retrieved from /home/airflow/.local/lib/python3.8/site-packages/airflow/example_dags/example_params_trigger_ui.py
[2023-08-31T15:17:01.764+0000] {logging_mixin.py:151} INFO - [2023-08-31T15:17:01.764+0000] {dag.py:2907} INFO - Sync 1 DAGs
[2023-08-31T15:17:01.858+0000] {logging_mixin.py:151} INFO - [2023-08-31T15:17:01.858+0000] {dag.py:3677} INFO - Setting next_dagrun for example_params_trigger_ui to None, run_after=None
[2023-08-31T15:17:01.870+0000] {processor.py:179} INFO - Processing /home/airflow/.local/lib/python3.8/site-packages/airflow/example_dags/example_params_trigger_ui.py took 0.152 seconds
[2023-08-31T15:17:32.140+0000] {processor.py:157} INFO - Started process (PID=841) to work on /home/airflow/.local/lib/python3.8/site-packages/airflow/example_dags/example_params_trigger_ui.py
[2023-08-31T15:17:32.141+0000] {processor.py:829} INFO - Processing file /home/airflow/.local/lib/python3.8/site-packages/airflow/example_dags/example_params_trigger_ui.py for tasks to queue
[2023-08-31T15:17:32.142+0000] {logging_mixin.py:151} INFO - [2023-08-31T15:17:32.142+0000] {dagbag.py:539} INFO - Filling up the DagBag from /home/airflow/.local/lib/python3.8/site-packages/airflow/example_dags/example_params_trigger_ui.py
[2023-08-31T15:17:32.153+0000] {processor.py:839} INFO - DAG(s) dict_keys(['example_params_trigger_ui']) retrieved from /home/airflow/.local/lib/python3.8/site-packages/airflow/example_dags/example_params_trigger_ui.py
[2023-08-31T15:17:32.180+0000] {logging_mixin.py:151} INFO - [2023-08-31T15:17:32.180+0000] {dag.py:2907} INFO - Sync 1 DAGs
[2023-08-31T15:17:32.188+0000] {logging_mixin.py:151} INFO - [2023-08-31T15:17:32.188+0000] {dag.py:3677} INFO - Setting next_dagrun for example_params_trigger_ui to None, run_after=None
[2023-08-31T15:17:32.199+0000] {processor.py:179} INFO - Processing /home/airflow/.local/lib/python3.8/site-packages/airflow/example_dags/example_params_trigger_ui.py took 0.062 seconds
[2023-08-31T15:18:02.963+0000] {processor.py:157} INFO - Started process (PID=1080) to work on /home/airflow/.local/lib/python3.8/site-packages/airflow/example_dags/example_params_trigger_ui.py
[2023-08-31T15:18:02.967+0000] {processor.py:829} INFO - Processing file /home/airflow/.local/lib/python3.8/site-packages/airflow/example_dags/example_params_trigger_ui.py for tasks to queue
[2023-08-31T15:18:02.971+0000] {logging_mixin.py:151} INFO - [2023-08-31T15:18:02.971+0000] {dagbag.py:539} INFO - Filling up the DagBag from /home/airflow/.local/lib/python3.8/site-packages/airflow/example_dags/example_params_trigger_ui.py
[2023-08-31T15:18:02.986+0000] {processor.py:839} INFO - DAG(s) dict_keys(['example_params_trigger_ui']) retrieved from /home/airflow/.local/lib/python3.8/site-packages/airflow/example_dags/example_params_trigger_ui.py
[2023-08-31T15:18:03.030+0000] {logging_mixin.py:151} INFO - [2023-08-31T15:18:03.030+0000] {dag.py:2907} INFO - Sync 1 DAGs
[2023-08-31T15:18:03.043+0000] {logging_mixin.py:151} INFO - [2023-08-31T15:18:03.042+0000] {dag.py:3677} INFO - Setting next_dagrun for example_params_trigger_ui to None, run_after=None
[2023-08-31T15:18:03.058+0000] {processor.py:179} INFO - Processing /home/airflow/.local/lib/python3.8/site-packages/airflow/example_dags/example_params_trigger_ui.py took 0.100 seconds
[2023-08-31T15:18:33.499+0000] {processor.py:157} INFO - Started process (PID=1345) to work on /home/airflow/.local/lib/python3.8/site-packages/airflow/example_dags/example_params_trigger_ui.py
[2023-08-31T15:18:33.501+0000] {processor.py:829} INFO - Processing file /home/airflow/.local/lib/python3.8/site-packages/airflow/example_dags/example_params_trigger_ui.py for tasks to queue
[2023-08-31T15:18:33.502+0000] {logging_mixin.py:151} INFO - [2023-08-31T15:18:33.502+0000] {dagbag.py:539} INFO - Filling up the DagBag from /home/airflow/.local/lib/python3.8/site-packages/airflow/example_dags/example_params_trigger_ui.py
[2023-08-31T15:18:33.513+0000] {processor.py:839} INFO - DAG(s) dict_keys(['example_params_trigger_ui']) retrieved from /home/airflow/.local/lib/python3.8/site-packages/airflow/example_dags/example_params_trigger_ui.py
[2023-08-31T15:18:33.544+0000] {logging_mixin.py:151} INFO - [2023-08-31T15:18:33.544+0000] {dag.py:2907} INFO - Sync 1 DAGs
[2023-08-31T15:18:33.554+0000] {logging_mixin.py:151} INFO - [2023-08-31T15:18:33.554+0000] {dag.py:3677} INFO - Setting next_dagrun for example_params_trigger_ui to None, run_after=None
[2023-08-31T15:18:33.566+0000] {processor.py:179} INFO - Processing /home/airflow/.local/lib/python3.8/site-packages/airflow/example_dags/example_params_trigger_ui.py took 0.070 seconds
[2023-08-31T15:19:03.979+0000] {processor.py:157} INFO - Started process (PID=1584) to work on /home/airflow/.local/lib/python3.8/site-packages/airflow/example_dags/example_params_trigger_ui.py
[2023-08-31T15:19:03.980+0000] {processor.py:829} INFO - Processing file /home/airflow/.local/lib/python3.8/site-packages/airflow/example_dags/example_params_trigger_ui.py for tasks to queue
[2023-08-31T15:19:03.982+0000] {logging_mixin.py:151} INFO - [2023-08-31T15:19:03.982+0000] {dagbag.py:539} INFO - Filling up the DagBag from /home/airflow/.local/lib/python3.8/site-packages/airflow/example_dags/example_params_trigger_ui.py
[2023-08-31T15:19:03.999+0000] {processor.py:839} INFO - DAG(s) dict_keys(['example_params_trigger_ui']) retrieved from /home/airflow/.local/lib/python3.8/site-packages/airflow/example_dags/example_params_trigger_ui.py
[2023-08-31T15:19:04.028+0000] {logging_mixin.py:151} INFO - [2023-08-31T15:19:04.028+0000] {dag.py:2907} INFO - Sync 1 DAGs
[2023-08-31T15:19:04.037+0000] {logging_mixin.py:151} INFO - [2023-08-31T15:19:04.037+0000] {dag.py:3677} INFO - Setting next_dagrun for example_params_trigger_ui to None, run_after=None
[2023-08-31T15:19:04.050+0000] {processor.py:179} INFO - Processing /home/airflow/.local/lib/python3.8/site-packages/airflow/example_dags/example_params_trigger_ui.py took 0.074 seconds
[2023-08-31T15:19:34.320+0000] {processor.py:157} INFO - Started process (PID=1825) to work on /home/airflow/.local/lib/python3.8/site-packages/airflow/example_dags/example_params_trigger_ui.py
[2023-08-31T15:19:34.322+0000] {processor.py:829} INFO - Processing file /home/airflow/.local/lib/python3.8/site-packages/airflow/example_dags/example_params_trigger_ui.py for tasks to queue
[2023-08-31T15:19:34.322+0000] {logging_mixin.py:151} INFO - [2023-08-31T15:19:34.322+0000] {dagbag.py:539} INFO - Filling up the DagBag from /home/airflow/.local/lib/python3.8/site-packages/airflow/example_dags/example_params_trigger_ui.py
[2023-08-31T15:19:34.334+0000] {processor.py:839} INFO - DAG(s) dict_keys(['example_params_trigger_ui']) retrieved from /home/airflow/.local/lib/python3.8/site-packages/airflow/example_dags/example_params_trigger_ui.py
[2023-08-31T15:19:34.362+0000] {logging_mixin.py:151} INFO - [2023-08-31T15:19:34.362+0000] {dag.py:2907} INFO - Sync 1 DAGs
[2023-08-31T15:19:34.369+0000] {logging_mixin.py:151} INFO - [2023-08-31T15:19:34.369+0000] {dag.py:3677} INFO - Setting next_dagrun for example_params_trigger_ui to None, run_after=None
[2023-08-31T15:19:34.380+0000] {processor.py:179} INFO - Processing /home/airflow/.local/lib/python3.8/site-packages/airflow/example_dags/example_params_trigger_ui.py took 0.062 seconds
[2023-08-31T15:20:04.582+0000] {processor.py:157} INFO - Started process (PID=2065) to work on /home/airflow/.local/lib/python3.8/site-packages/airflow/example_dags/example_params_trigger_ui.py
[2023-08-31T15:20:04.583+0000] {processor.py:829} INFO - Processing file /home/airflow/.local/lib/python3.8/site-packages/airflow/example_dags/example_params_trigger_ui.py for tasks to queue
[2023-08-31T15:20:04.584+0000] {logging_mixin.py:151} INFO - [2023-08-31T15:20:04.584+0000] {dagbag.py:539} INFO - Filling up the DagBag from /home/airflow/.local/lib/python3.8/site-packages/airflow/example_dags/example_params_trigger_ui.py
[2023-08-31T15:20:04.595+0000] {processor.py:839} INFO - DAG(s) dict_keys(['example_params_trigger_ui']) retrieved from /home/airflow/.local/lib/python3.8/site-packages/airflow/example_dags/example_params_trigger_ui.py
[2023-08-31T15:20:04.624+0000] {logging_mixin.py:151} INFO - [2023-08-31T15:20:04.624+0000] {dag.py:2907} INFO - Sync 1 DAGs
[2023-08-31T15:20:04.632+0000] {logging_mixin.py:151} INFO - [2023-08-31T15:20:04.632+0000] {dag.py:3677} INFO - Setting next_dagrun for example_params_trigger_ui to None, run_after=None
[2023-08-31T15:20:04.643+0000] {processor.py:179} INFO - Processing /home/airflow/.local/lib/python3.8/site-packages/airflow/example_dags/example_params_trigger_ui.py took 0.063 seconds
[2023-08-31T15:20:34.935+0000] {processor.py:157} INFO - Started process (PID=2306) to work on /home/airflow/.local/lib/python3.8/site-packages/airflow/example_dags/example_params_trigger_ui.py
[2023-08-31T15:20:34.936+0000] {processor.py:829} INFO - Processing file /home/airflow/.local/lib/python3.8/site-packages/airflow/example_dags/example_params_trigger_ui.py for tasks to queue
[2023-08-31T15:20:34.937+0000] {logging_mixin.py:151} INFO - [2023-08-31T15:20:34.937+0000] {dagbag.py:539} INFO - Filling up the DagBag from /home/airflow/.local/lib/python3.8/site-packages/airflow/example_dags/example_params_trigger_ui.py
[2023-08-31T15:20:34.947+0000] {processor.py:839} INFO - DAG(s) dict_keys(['example_params_trigger_ui']) retrieved from /home/airflow/.local/lib/python3.8/site-packages/airflow/example_dags/example_params_trigger_ui.py
[2023-08-31T15:20:34.973+0000] {logging_mixin.py:151} INFO - [2023-08-31T15:20:34.973+0000] {dag.py:2907} INFO - Sync 1 DAGs
[2023-08-31T15:20:34.980+0000] {logging_mixin.py:151} INFO - [2023-08-31T15:20:34.980+0000] {dag.py:3677} INFO - Setting next_dagrun for example_params_trigger_ui to None, run_after=None
[2023-08-31T15:20:34.990+0000] {processor.py:179} INFO - Processing /home/airflow/.local/lib/python3.8/site-packages/airflow/example_dags/example_params_trigger_ui.py took 0.057 seconds
[2023-08-31T15:21:05.160+0000] {processor.py:157} INFO - Started process (PID=2547) to work on /home/airflow/.local/lib/python3.8/site-packages/airflow/example_dags/example_params_trigger_ui.py
[2023-08-31T15:21:05.161+0000] {processor.py:829} INFO - Processing file /home/airflow/.local/lib/python3.8/site-packages/airflow/example_dags/example_params_trigger_ui.py for tasks to queue
[2023-08-31T15:21:05.163+0000] {logging_mixin.py:151} INFO - [2023-08-31T15:21:05.163+0000] {dagbag.py:539} INFO - Filling up the DagBag from /home/airflow/.local/lib/python3.8/site-packages/airflow/example_dags/example_params_trigger_ui.py
[2023-08-31T15:21:05.174+0000] {processor.py:839} INFO - DAG(s) dict_keys(['example_params_trigger_ui']) retrieved from /home/airflow/.local/lib/python3.8/site-packages/airflow/example_dags/example_params_trigger_ui.py
[2023-08-31T15:21:05.198+0000] {logging_mixin.py:151} INFO - [2023-08-31T15:21:05.198+0000] {dag.py:2907} INFO - Sync 1 DAGs
[2023-08-31T15:21:05.206+0000] {logging_mixin.py:151} INFO - [2023-08-31T15:21:05.206+0000] {dag.py:3677} INFO - Setting next_dagrun for example_params_trigger_ui to None, run_after=None
[2023-08-31T15:21:05.216+0000] {processor.py:179} INFO - Processing /home/airflow/.local/lib/python3.8/site-packages/airflow/example_dags/example_params_trigger_ui.py took 0.059 seconds
[2023-08-31T15:21:35.523+0000] {processor.py:157} INFO - Started process (PID=2787) to work on /home/airflow/.local/lib/python3.8/site-packages/airflow/example_dags/example_params_trigger_ui.py
[2023-08-31T15:21:35.525+0000] {processor.py:829} INFO - Processing file /home/airflow/.local/lib/python3.8/site-packages/airflow/example_dags/example_params_trigger_ui.py for tasks to queue
[2023-08-31T15:21:35.526+0000] {logging_mixin.py:151} INFO - [2023-08-31T15:21:35.526+0000] {dagbag.py:539} INFO - Filling up the DagBag from /home/airflow/.local/lib/python3.8/site-packages/airflow/example_dags/example_params_trigger_ui.py
[2023-08-31T15:21:35.538+0000] {processor.py:839} INFO - DAG(s) dict_keys(['example_params_trigger_ui']) retrieved from /home/airflow/.local/lib/python3.8/site-packages/airflow/example_dags/example_params_trigger_ui.py
[2023-08-31T15:21:35.566+0000] {logging_mixin.py:151} INFO - [2023-08-31T15:21:35.565+0000] {dag.py:2907} INFO - Sync 1 DAGs
[2023-08-31T15:21:35.574+0000] {logging_mixin.py:151} INFO - [2023-08-31T15:21:35.573+0000] {dag.py:3677} INFO - Setting next_dagrun for example_params_trigger_ui to None, run_after=None
[2023-08-31T15:21:35.584+0000] {processor.py:179} INFO - Processing /home/airflow/.local/lib/python3.8/site-packages/airflow/example_dags/example_params_trigger_ui.py took 0.064 seconds
[2023-08-31T15:22:05.810+0000] {processor.py:157} INFO - Started process (PID=3027) to work on /home/airflow/.local/lib/python3.8/site-packages/airflow/example_dags/example_params_trigger_ui.py
[2023-08-31T15:22:05.811+0000] {processor.py:829} INFO - Processing file /home/airflow/.local/lib/python3.8/site-packages/airflow/example_dags/example_params_trigger_ui.py for tasks to queue
[2023-08-31T15:22:05.812+0000] {logging_mixin.py:151} INFO - [2023-08-31T15:22:05.812+0000] {dagbag.py:539} INFO - Filling up the DagBag from /home/airflow/.local/lib/python3.8/site-packages/airflow/example_dags/example_params_trigger_ui.py
[2023-08-31T15:22:05.825+0000] {processor.py:839} INFO - DAG(s) dict_keys(['example_params_trigger_ui']) retrieved from /home/airflow/.local/lib/python3.8/site-packages/airflow/example_dags/example_params_trigger_ui.py
[2023-08-31T15:22:05.853+0000] {logging_mixin.py:151} INFO - [2023-08-31T15:22:05.853+0000] {dag.py:2907} INFO - Sync 1 DAGs
[2023-08-31T15:22:05.861+0000] {logging_mixin.py:151} INFO - [2023-08-31T15:22:05.861+0000] {dag.py:3677} INFO - Setting next_dagrun for example_params_trigger_ui to None, run_after=None
[2023-08-31T15:22:05.872+0000] {processor.py:179} INFO - Processing /home/airflow/.local/lib/python3.8/site-packages/airflow/example_dags/example_params_trigger_ui.py took 0.065 seconds
[2023-08-31T15:22:36.496+0000] {processor.py:157} INFO - Started process (PID=3267) to work on /home/airflow/.local/lib/python3.8/site-packages/airflow/example_dags/example_params_trigger_ui.py
[2023-08-31T15:22:36.498+0000] {processor.py:829} INFO - Processing file /home/airflow/.local/lib/python3.8/site-packages/airflow/example_dags/example_params_trigger_ui.py for tasks to queue
[2023-08-31T15:22:36.500+0000] {logging_mixin.py:151} INFO - [2023-08-31T15:22:36.499+0000] {dagbag.py:539} INFO - Filling up the DagBag from /home/airflow/.local/lib/python3.8/site-packages/airflow/example_dags/example_params_trigger_ui.py
[2023-08-31T15:22:36.519+0000] {processor.py:839} INFO - DAG(s) dict_keys(['example_params_trigger_ui']) retrieved from /home/airflow/.local/lib/python3.8/site-packages/airflow/example_dags/example_params_trigger_ui.py
[2023-08-31T15:22:36.546+0000] {logging_mixin.py:151} INFO - [2023-08-31T15:22:36.546+0000] {dag.py:2907} INFO - Sync 1 DAGs
[2023-08-31T15:22:36.554+0000] {logging_mixin.py:151} INFO - [2023-08-31T15:22:36.554+0000] {dag.py:3677} INFO - Setting next_dagrun for example_params_trigger_ui to None, run_after=None
[2023-08-31T15:22:36.565+0000] {processor.py:179} INFO - Processing /home/airflow/.local/lib/python3.8/site-packages/airflow/example_dags/example_params_trigger_ui.py took 0.071 seconds
[2023-08-31T15:23:07.109+0000] {processor.py:157} INFO - Started process (PID=3509) to work on /home/airflow/.local/lib/python3.8/site-packages/airflow/example_dags/example_params_trigger_ui.py
[2023-08-31T15:23:07.111+0000] {processor.py:829} INFO - Processing file /home/airflow/.local/lib/python3.8/site-packages/airflow/example_dags/example_params_trigger_ui.py for tasks to queue
[2023-08-31T15:23:07.112+0000] {logging_mixin.py:151} INFO - [2023-08-31T15:23:07.111+0000] {dagbag.py:539} INFO - Filling up the DagBag from /home/airflow/.local/lib/python3.8/site-packages/airflow/example_dags/example_params_trigger_ui.py
[2023-08-31T15:23:07.124+0000] {processor.py:839} INFO - DAG(s) dict_keys(['example_params_trigger_ui']) retrieved from /home/airflow/.local/lib/python3.8/site-packages/airflow/example_dags/example_params_trigger_ui.py
[2023-08-31T15:23:07.153+0000] {logging_mixin.py:151} INFO - [2023-08-31T15:23:07.153+0000] {dag.py:2907} INFO - Sync 1 DAGs
[2023-08-31T15:23:07.162+0000] {logging_mixin.py:151} INFO - [2023-08-31T15:23:07.162+0000] {dag.py:3677} INFO - Setting next_dagrun for example_params_trigger_ui to None, run_after=None
[2023-08-31T15:23:07.174+0000] {processor.py:179} INFO - Processing /home/airflow/.local/lib/python3.8/site-packages/airflow/example_dags/example_params_trigger_ui.py took 0.067 seconds
[2023-08-31T15:23:37.490+0000] {processor.py:157} INFO - Started process (PID=3749) to work on /home/airflow/.local/lib/python3.8/site-packages/airflow/example_dags/example_params_trigger_ui.py
[2023-08-31T15:23:37.492+0000] {processor.py:829} INFO - Processing file /home/airflow/.local/lib/python3.8/site-packages/airflow/example_dags/example_params_trigger_ui.py for tasks to queue
[2023-08-31T15:23:37.493+0000] {logging_mixin.py:151} INFO - [2023-08-31T15:23:37.493+0000] {dagbag.py:539} INFO - Filling up the DagBag from /home/airflow/.local/lib/python3.8/site-packages/airflow/example_dags/example_params_trigger_ui.py
[2023-08-31T15:23:37.505+0000] {processor.py:839} INFO - DAG(s) dict_keys(['example_params_trigger_ui']) retrieved from /home/airflow/.local/lib/python3.8/site-packages/airflow/example_dags/example_params_trigger_ui.py
[2023-08-31T15:23:37.536+0000] {logging_mixin.py:151} INFO - [2023-08-31T15:23:37.535+0000] {dag.py:2907} INFO - Sync 1 DAGs
[2023-08-31T15:23:37.547+0000] {logging_mixin.py:151} INFO - [2023-08-31T15:23:37.547+0000] {dag.py:3677} INFO - Setting next_dagrun for example_params_trigger_ui to None, run_after=None
[2023-08-31T15:23:37.558+0000] {processor.py:179} INFO - Processing /home/airflow/.local/lib/python3.8/site-packages/airflow/example_dags/example_params_trigger_ui.py took 0.070 seconds
[2023-08-31T15:24:07.716+0000] {processor.py:157} INFO - Started process (PID=3991) to work on /home/airflow/.local/lib/python3.8/site-packages/airflow/example_dags/example_params_trigger_ui.py
[2023-08-31T15:24:07.718+0000] {processor.py:829} INFO - Processing file /home/airflow/.local/lib/python3.8/site-packages/airflow/example_dags/example_params_trigger_ui.py for tasks to queue
[2023-08-31T15:24:07.719+0000] {logging_mixin.py:151} INFO - [2023-08-31T15:24:07.719+0000] {dagbag.py:539} INFO - Filling up the DagBag from /home/airflow/.local/lib/python3.8/site-packages/airflow/example_dags/example_params_trigger_ui.py
[2023-08-31T15:24:07.731+0000] {processor.py:839} INFO - DAG(s) dict_keys(['example_params_trigger_ui']) retrieved from /home/airflow/.local/lib/python3.8/site-packages/airflow/example_dags/example_params_trigger_ui.py
[2023-08-31T15:24:07.761+0000] {logging_mixin.py:151} INFO - [2023-08-31T15:24:07.761+0000] {dag.py:2907} INFO - Sync 1 DAGs
[2023-08-31T15:24:07.770+0000] {logging_mixin.py:151} INFO - [2023-08-31T15:24:07.769+0000] {dag.py:3677} INFO - Setting next_dagrun for example_params_trigger_ui to None, run_after=None
[2023-08-31T15:24:07.782+0000] {processor.py:179} INFO - Processing /home/airflow/.local/lib/python3.8/site-packages/airflow/example_dags/example_params_trigger_ui.py took 0.068 seconds
[2023-08-31T15:24:38.014+0000] {processor.py:157} INFO - Started process (PID=4231) to work on /home/airflow/.local/lib/python3.8/site-packages/airflow/example_dags/example_params_trigger_ui.py
[2023-08-31T15:24:38.015+0000] {processor.py:829} INFO - Processing file /home/airflow/.local/lib/python3.8/site-packages/airflow/example_dags/example_params_trigger_ui.py for tasks to queue
[2023-08-31T15:24:38.016+0000] {logging_mixin.py:151} INFO - [2023-08-31T15:24:38.016+0000] {dagbag.py:539} INFO - Filling up the DagBag from /home/airflow/.local/lib/python3.8/site-packages/airflow/example_dags/example_params_trigger_ui.py
[2023-08-31T15:24:38.028+0000] {processor.py:839} INFO - DAG(s) dict_keys(['example_params_trigger_ui']) retrieved from /home/airflow/.local/lib/python3.8/site-packages/airflow/example_dags/example_params_trigger_ui.py
[2023-08-31T15:24:38.057+0000] {logging_mixin.py:151} INFO - [2023-08-31T15:24:38.057+0000] {dag.py:2907} INFO - Sync 1 DAGs
[2023-08-31T15:24:38.065+0000] {logging_mixin.py:151} INFO - [2023-08-31T15:24:38.064+0000] {dag.py:3677} INFO - Setting next_dagrun for example_params_trigger_ui to None, run_after=None
[2023-08-31T15:24:38.076+0000] {processor.py:179} INFO - Processing /home/airflow/.local/lib/python3.8/site-packages/airflow/example_dags/example_params_trigger_ui.py took 0.065 seconds
[2023-08-31T15:25:08.328+0000] {processor.py:157} INFO - Started process (PID=4471) to work on /home/airflow/.local/lib/python3.8/site-packages/airflow/example_dags/example_params_trigger_ui.py
[2023-08-31T15:25:08.330+0000] {processor.py:829} INFO - Processing file /home/airflow/.local/lib/python3.8/site-packages/airflow/example_dags/example_params_trigger_ui.py for tasks to queue
[2023-08-31T15:25:08.331+0000] {logging_mixin.py:151} INFO - [2023-08-31T15:25:08.331+0000] {dagbag.py:539} INFO - Filling up the DagBag from /home/airflow/.local/lib/python3.8/site-packages/airflow/example_dags/example_params_trigger_ui.py
[2023-08-31T15:25:08.342+0000] {processor.py:839} INFO - DAG(s) dict_keys(['example_params_trigger_ui']) retrieved from /home/airflow/.local/lib/python3.8/site-packages/airflow/example_dags/example_params_trigger_ui.py
[2023-08-31T15:25:08.372+0000] {logging_mixin.py:151} INFO - [2023-08-31T15:25:08.371+0000] {dag.py:2907} INFO - Sync 1 DAGs
[2023-08-31T15:25:08.380+0000] {logging_mixin.py:151} INFO - [2023-08-31T15:25:08.380+0000] {dag.py:3677} INFO - Setting next_dagrun for example_params_trigger_ui to None, run_after=None
[2023-08-31T15:25:08.391+0000] {processor.py:179} INFO - Processing /home/airflow/.local/lib/python3.8/site-packages/airflow/example_dags/example_params_trigger_ui.py took 0.065 seconds
[2023-08-31T15:25:38.594+0000] {processor.py:157} INFO - Started process (PID=4710) to work on /home/airflow/.local/lib/python3.8/site-packages/airflow/example_dags/example_params_trigger_ui.py
[2023-08-31T15:25:38.595+0000] {processor.py:829} INFO - Processing file /home/airflow/.local/lib/python3.8/site-packages/airflow/example_dags/example_params_trigger_ui.py for tasks to queue
[2023-08-31T15:25:38.596+0000] {logging_mixin.py:151} INFO - [2023-08-31T15:25:38.596+0000] {dagbag.py:539} INFO - Filling up the DagBag from /home/airflow/.local/lib/python3.8/site-packages/airflow/example_dags/example_params_trigger_ui.py
[2023-08-31T15:25:38.609+0000] {processor.py:839} INFO - DAG(s) dict_keys(['example_params_trigger_ui']) retrieved from /home/airflow/.local/lib/python3.8/site-packages/airflow/example_dags/example_params_trigger_ui.py
[2023-08-31T15:25:38.639+0000] {logging_mixin.py:151} INFO - [2023-08-31T15:25:38.639+0000] {dag.py:2907} INFO - Sync 1 DAGs
[2023-08-31T15:25:38.647+0000] {logging_mixin.py:151} INFO - [2023-08-31T15:25:38.647+0000] {dag.py:3677} INFO - Setting next_dagrun for example_params_trigger_ui to None, run_after=None
[2023-08-31T15:25:38.659+0000] {processor.py:179} INFO - Processing /home/airflow/.local/lib/python3.8/site-packages/airflow/example_dags/example_params_trigger_ui.py took 0.067 seconds
[2023-08-31T15:26:08.892+0000] {processor.py:157} INFO - Started process (PID=4951) to work on /home/airflow/.local/lib/python3.8/site-packages/airflow/example_dags/example_params_trigger_ui.py
[2023-08-31T15:26:08.893+0000] {processor.py:829} INFO - Processing file /home/airflow/.local/lib/python3.8/site-packages/airflow/example_dags/example_params_trigger_ui.py for tasks to queue
[2023-08-31T15:26:08.894+0000] {logging_mixin.py:151} INFO - [2023-08-31T15:26:08.894+0000] {dagbag.py:539} INFO - Filling up the DagBag from /home/airflow/.local/lib/python3.8/site-packages/airflow/example_dags/example_params_trigger_ui.py
[2023-08-31T15:26:08.906+0000] {processor.py:839} INFO - DAG(s) dict_keys(['example_params_trigger_ui']) retrieved from /home/airflow/.local/lib/python3.8/site-packages/airflow/example_dags/example_params_trigger_ui.py
[2023-08-31T15:26:08.933+0000] {logging_mixin.py:151} INFO - [2023-08-31T15:26:08.933+0000] {dag.py:2907} INFO - Sync 1 DAGs
[2023-08-31T15:26:08.941+0000] {logging_mixin.py:151} INFO - [2023-08-31T15:26:08.941+0000] {dag.py:3677} INFO - Setting next_dagrun for example_params_trigger_ui to None, run_after=None
[2023-08-31T15:26:08.952+0000] {processor.py:179} INFO - Processing /home/airflow/.local/lib/python3.8/site-packages/airflow/example_dags/example_params_trigger_ui.py took 0.063 seconds
[2023-08-31T15:26:39.218+0000] {processor.py:157} INFO - Started process (PID=5190) to work on /home/airflow/.local/lib/python3.8/site-packages/airflow/example_dags/example_params_trigger_ui.py
[2023-08-31T15:26:39.220+0000] {processor.py:829} INFO - Processing file /home/airflow/.local/lib/python3.8/site-packages/airflow/example_dags/example_params_trigger_ui.py for tasks to queue
[2023-08-31T15:26:39.221+0000] {logging_mixin.py:151} INFO - [2023-08-31T15:26:39.220+0000] {dagbag.py:539} INFO - Filling up the DagBag from /home/airflow/.local/lib/python3.8/site-packages/airflow/example_dags/example_params_trigger_ui.py
[2023-08-31T15:26:39.233+0000] {processor.py:839} INFO - DAG(s) dict_keys(['example_params_trigger_ui']) retrieved from /home/airflow/.local/lib/python3.8/site-packages/airflow/example_dags/example_params_trigger_ui.py
[2023-08-31T15:26:39.261+0000] {logging_mixin.py:151} INFO - [2023-08-31T15:26:39.261+0000] {dag.py:2907} INFO - Sync 1 DAGs
[2023-08-31T15:26:39.269+0000] {logging_mixin.py:151} INFO - [2023-08-31T15:26:39.269+0000] {dag.py:3677} INFO - Setting next_dagrun for example_params_trigger_ui to None, run_after=None
[2023-08-31T15:26:39.281+0000] {processor.py:179} INFO - Processing /home/airflow/.local/lib/python3.8/site-packages/airflow/example_dags/example_params_trigger_ui.py took 0.065 seconds
[2023-08-31T15:27:09.585+0000] {processor.py:157} INFO - Started process (PID=5431) to work on /home/airflow/.local/lib/python3.8/site-packages/airflow/example_dags/example_params_trigger_ui.py
[2023-08-31T15:27:09.587+0000] {processor.py:829} INFO - Processing file /home/airflow/.local/lib/python3.8/site-packages/airflow/example_dags/example_params_trigger_ui.py for tasks to queue
[2023-08-31T15:27:09.588+0000] {logging_mixin.py:151} INFO - [2023-08-31T15:27:09.587+0000] {dagbag.py:539} INFO - Filling up the DagBag from /home/airflow/.local/lib/python3.8/site-packages/airflow/example_dags/example_params_trigger_ui.py
[2023-08-31T15:27:09.600+0000] {processor.py:839} INFO - DAG(s) dict_keys(['example_params_trigger_ui']) retrieved from /home/airflow/.local/lib/python3.8/site-packages/airflow/example_dags/example_params_trigger_ui.py
[2023-08-31T15:27:09.628+0000] {logging_mixin.py:151} INFO - [2023-08-31T15:27:09.627+0000] {dag.py:2907} INFO - Sync 1 DAGs
[2023-08-31T15:27:09.635+0000] {logging_mixin.py:151} INFO - [2023-08-31T15:27:09.635+0000] {dag.py:3677} INFO - Setting next_dagrun for example_params_trigger_ui to None, run_after=None
[2023-08-31T15:27:09.646+0000] {processor.py:179} INFO - Processing /home/airflow/.local/lib/python3.8/site-packages/airflow/example_dags/example_params_trigger_ui.py took 0.063 seconds
[2023-08-31T15:27:40.036+0000] {processor.py:157} INFO - Started process (PID=5669) to work on /home/airflow/.local/lib/python3.8/site-packages/airflow/example_dags/example_params_trigger_ui.py
[2023-08-31T15:27:40.038+0000] {processor.py:829} INFO - Processing file /home/airflow/.local/lib/python3.8/site-packages/airflow/example_dags/example_params_trigger_ui.py for tasks to queue
[2023-08-31T15:27:40.039+0000] {logging_mixin.py:151} INFO - [2023-08-31T15:27:40.039+0000] {dagbag.py:539} INFO - Filling up the DagBag from /home/airflow/.local/lib/python3.8/site-packages/airflow/example_dags/example_params_trigger_ui.py
[2023-08-31T15:27:40.054+0000] {processor.py:839} INFO - DAG(s) dict_keys(['example_params_trigger_ui']) retrieved from /home/airflow/.local/lib/python3.8/site-packages/airflow/example_dags/example_params_trigger_ui.py
[2023-08-31T15:27:40.084+0000] {logging_mixin.py:151} INFO - [2023-08-31T15:27:40.084+0000] {dag.py:2907} INFO - Sync 1 DAGs
[2023-08-31T15:27:40.093+0000] {logging_mixin.py:151} INFO - [2023-08-31T15:27:40.093+0000] {dag.py:3677} INFO - Setting next_dagrun for example_params_trigger_ui to None, run_after=None
[2023-08-31T15:27:40.106+0000] {processor.py:179} INFO - Processing /home/airflow/.local/lib/python3.8/site-packages/airflow/example_dags/example_params_trigger_ui.py took 0.072 seconds
[2023-08-31T15:28:10.286+0000] {processor.py:157} INFO - Started process (PID=5911) to work on /home/airflow/.local/lib/python3.8/site-packages/airflow/example_dags/example_params_trigger_ui.py
[2023-08-31T15:28:10.287+0000] {processor.py:829} INFO - Processing file /home/airflow/.local/lib/python3.8/site-packages/airflow/example_dags/example_params_trigger_ui.py for tasks to queue
[2023-08-31T15:28:10.288+0000] {logging_mixin.py:151} INFO - [2023-08-31T15:28:10.288+0000] {dagbag.py:539} INFO - Filling up the DagBag from /home/airflow/.local/lib/python3.8/site-packages/airflow/example_dags/example_params_trigger_ui.py
[2023-08-31T15:28:10.299+0000] {processor.py:839} INFO - DAG(s) dict_keys(['example_params_trigger_ui']) retrieved from /home/airflow/.local/lib/python3.8/site-packages/airflow/example_dags/example_params_trigger_ui.py
[2023-08-31T15:28:10.325+0000] {logging_mixin.py:151} INFO - [2023-08-31T15:28:10.325+0000] {dag.py:2907} INFO - Sync 1 DAGs
[2023-08-31T15:28:10.333+0000] {logging_mixin.py:151} INFO - [2023-08-31T15:28:10.333+0000] {dag.py:3677} INFO - Setting next_dagrun for example_params_trigger_ui to None, run_after=None
[2023-08-31T15:28:10.344+0000] {processor.py:179} INFO - Processing /home/airflow/.local/lib/python3.8/site-packages/airflow/example_dags/example_params_trigger_ui.py took 0.061 seconds
[2023-08-31T15:28:40.589+0000] {processor.py:157} INFO - Started process (PID=6152) to work on /home/airflow/.local/lib/python3.8/site-packages/airflow/example_dags/example_params_trigger_ui.py
[2023-08-31T15:28:40.591+0000] {processor.py:829} INFO - Processing file /home/airflow/.local/lib/python3.8/site-packages/airflow/example_dags/example_params_trigger_ui.py for tasks to queue
[2023-08-31T15:28:40.592+0000] {logging_mixin.py:151} INFO - [2023-08-31T15:28:40.591+0000] {dagbag.py:539} INFO - Filling up the DagBag from /home/airflow/.local/lib/python3.8/site-packages/airflow/example_dags/example_params_trigger_ui.py
[2023-08-31T15:28:40.604+0000] {processor.py:839} INFO - DAG(s) dict_keys(['example_params_trigger_ui']) retrieved from /home/airflow/.local/lib/python3.8/site-packages/airflow/example_dags/example_params_trigger_ui.py
[2023-08-31T15:28:40.631+0000] {logging_mixin.py:151} INFO - [2023-08-31T15:28:40.631+0000] {dag.py:2907} INFO - Sync 1 DAGs
[2023-08-31T15:28:40.639+0000] {logging_mixin.py:151} INFO - [2023-08-31T15:28:40.639+0000] {dag.py:3677} INFO - Setting next_dagrun for example_params_trigger_ui to None, run_after=None
[2023-08-31T15:28:40.649+0000] {processor.py:179} INFO - Processing /home/airflow/.local/lib/python3.8/site-packages/airflow/example_dags/example_params_trigger_ui.py took 0.062 seconds
[2023-08-31T15:29:10.964+0000] {processor.py:157} INFO - Started process (PID=6394) to work on /home/airflow/.local/lib/python3.8/site-packages/airflow/example_dags/example_params_trigger_ui.py
[2023-08-31T15:29:10.965+0000] {processor.py:829} INFO - Processing file /home/airflow/.local/lib/python3.8/site-packages/airflow/example_dags/example_params_trigger_ui.py for tasks to queue
[2023-08-31T15:29:10.966+0000] {logging_mixin.py:151} INFO - [2023-08-31T15:29:10.966+0000] {dagbag.py:539} INFO - Filling up the DagBag from /home/airflow/.local/lib/python3.8/site-packages/airflow/example_dags/example_params_trigger_ui.py
[2023-08-31T15:29:10.976+0000] {processor.py:839} INFO - DAG(s) dict_keys(['example_params_trigger_ui']) retrieved from /home/airflow/.local/lib/python3.8/site-packages/airflow/example_dags/example_params_trigger_ui.py
[2023-08-31T15:29:11.000+0000] {logging_mixin.py:151} INFO - [2023-08-31T15:29:11.000+0000] {dag.py:2907} INFO - Sync 1 DAGs
[2023-08-31T15:29:11.007+0000] {logging_mixin.py:151} INFO - [2023-08-31T15:29:11.007+0000] {dag.py:3677} INFO - Setting next_dagrun for example_params_trigger_ui to None, run_after=None
[2023-08-31T15:29:11.017+0000] {processor.py:179} INFO - Processing /home/airflow/.local/lib/python3.8/site-packages/airflow/example_dags/example_params_trigger_ui.py took 0.055 seconds
[2023-08-31T15:29:41.257+0000] {processor.py:157} INFO - Started process (PID=6634) to work on /home/airflow/.local/lib/python3.8/site-packages/airflow/example_dags/example_params_trigger_ui.py
[2023-08-31T15:29:41.258+0000] {processor.py:829} INFO - Processing file /home/airflow/.local/lib/python3.8/site-packages/airflow/example_dags/example_params_trigger_ui.py for tasks to queue
[2023-08-31T15:29:41.259+0000] {logging_mixin.py:151} INFO - [2023-08-31T15:29:41.259+0000] {dagbag.py:539} INFO - Filling up the DagBag from /home/airflow/.local/lib/python3.8/site-packages/airflow/example_dags/example_params_trigger_ui.py
[2023-08-31T15:29:41.270+0000] {processor.py:839} INFO - DAG(s) dict_keys(['example_params_trigger_ui']) retrieved from /home/airflow/.local/lib/python3.8/site-packages/airflow/example_dags/example_params_trigger_ui.py
[2023-08-31T15:29:41.296+0000] {logging_mixin.py:151} INFO - [2023-08-31T15:29:41.296+0000] {dag.py:2907} INFO - Sync 1 DAGs
[2023-08-31T15:29:41.304+0000] {logging_mixin.py:151} INFO - [2023-08-31T15:29:41.304+0000] {dag.py:3677} INFO - Setting next_dagrun for example_params_trigger_ui to None, run_after=None
[2023-08-31T15:29:41.314+0000] {processor.py:179} INFO - Processing /home/airflow/.local/lib/python3.8/site-packages/airflow/example_dags/example_params_trigger_ui.py took 0.060 seconds
[2023-08-31T15:30:11.474+0000] {processor.py:157} INFO - Started process (PID=6874) to work on /home/airflow/.local/lib/python3.8/site-packages/airflow/example_dags/example_params_trigger_ui.py
[2023-08-31T15:30:11.475+0000] {processor.py:829} INFO - Processing file /home/airflow/.local/lib/python3.8/site-packages/airflow/example_dags/example_params_trigger_ui.py for tasks to queue
[2023-08-31T15:30:11.476+0000] {logging_mixin.py:151} INFO - [2023-08-31T15:30:11.476+0000] {dagbag.py:539} INFO - Filling up the DagBag from /home/airflow/.local/lib/python3.8/site-packages/airflow/example_dags/example_params_trigger_ui.py
[2023-08-31T15:30:11.487+0000] {processor.py:839} INFO - DAG(s) dict_keys(['example_params_trigger_ui']) retrieved from /home/airflow/.local/lib/python3.8/site-packages/airflow/example_dags/example_params_trigger_ui.py
[2023-08-31T15:30:11.512+0000] {logging_mixin.py:151} INFO - [2023-08-31T15:30:11.512+0000] {dag.py:2907} INFO - Sync 1 DAGs
[2023-08-31T15:30:11.519+0000] {logging_mixin.py:151} INFO - [2023-08-31T15:30:11.519+0000] {dag.py:3677} INFO - Setting next_dagrun for example_params_trigger_ui to None, run_after=None
[2023-08-31T15:30:11.529+0000] {processor.py:179} INFO - Processing /home/airflow/.local/lib/python3.8/site-packages/airflow/example_dags/example_params_trigger_ui.py took 0.057 seconds
[2023-08-31T15:30:41.872+0000] {processor.py:157} INFO - Started process (PID=7113) to work on /home/airflow/.local/lib/python3.8/site-packages/airflow/example_dags/example_params_trigger_ui.py
[2023-08-31T15:30:41.873+0000] {processor.py:829} INFO - Processing file /home/airflow/.local/lib/python3.8/site-packages/airflow/example_dags/example_params_trigger_ui.py for tasks to queue
[2023-08-31T15:30:41.875+0000] {logging_mixin.py:151} INFO - [2023-08-31T15:30:41.875+0000] {dagbag.py:539} INFO - Filling up the DagBag from /home/airflow/.local/lib/python3.8/site-packages/airflow/example_dags/example_params_trigger_ui.py
[2023-08-31T15:30:41.886+0000] {processor.py:839} INFO - DAG(s) dict_keys(['example_params_trigger_ui']) retrieved from /home/airflow/.local/lib/python3.8/site-packages/airflow/example_dags/example_params_trigger_ui.py
[2023-08-31T15:30:41.914+0000] {logging_mixin.py:151} INFO - [2023-08-31T15:30:41.914+0000] {dag.py:2907} INFO - Sync 1 DAGs
[2023-08-31T15:30:41.922+0000] {logging_mixin.py:151} INFO - [2023-08-31T15:30:41.922+0000] {dag.py:3677} INFO - Setting next_dagrun for example_params_trigger_ui to None, run_after=None
[2023-08-31T15:30:41.934+0000] {processor.py:179} INFO - Processing /home/airflow/.local/lib/python3.8/site-packages/airflow/example_dags/example_params_trigger_ui.py took 0.064 seconds
[2023-08-31T15:31:12.218+0000] {processor.py:157} INFO - Started process (PID=7354) to work on /home/airflow/.local/lib/python3.8/site-packages/airflow/example_dags/example_params_trigger_ui.py
[2023-08-31T15:31:12.219+0000] {processor.py:829} INFO - Processing file /home/airflow/.local/lib/python3.8/site-packages/airflow/example_dags/example_params_trigger_ui.py for tasks to queue
[2023-08-31T15:31:12.220+0000] {logging_mixin.py:151} INFO - [2023-08-31T15:31:12.220+0000] {dagbag.py:539} INFO - Filling up the DagBag from /home/airflow/.local/lib/python3.8/site-packages/airflow/example_dags/example_params_trigger_ui.py
[2023-08-31T15:31:12.231+0000] {processor.py:839} INFO - DAG(s) dict_keys(['example_params_trigger_ui']) retrieved from /home/airflow/.local/lib/python3.8/site-packages/airflow/example_dags/example_params_trigger_ui.py
[2023-08-31T15:31:12.256+0000] {logging_mixin.py:151} INFO - [2023-08-31T15:31:12.256+0000] {dag.py:2907} INFO - Sync 1 DAGs
[2023-08-31T15:31:12.264+0000] {logging_mixin.py:151} INFO - [2023-08-31T15:31:12.263+0000] {dag.py:3677} INFO - Setting next_dagrun for example_params_trigger_ui to None, run_after=None
[2023-08-31T15:31:12.273+0000] {processor.py:179} INFO - Processing /home/airflow/.local/lib/python3.8/site-packages/airflow/example_dags/example_params_trigger_ui.py took 0.058 seconds
[2023-08-31T15:31:42.681+0000] {processor.py:157} INFO - Started process (PID=7591) to work on /home/airflow/.local/lib/python3.8/site-packages/airflow/example_dags/example_params_trigger_ui.py
[2023-08-31T15:31:42.683+0000] {processor.py:829} INFO - Processing file /home/airflow/.local/lib/python3.8/site-packages/airflow/example_dags/example_params_trigger_ui.py for tasks to queue
[2023-08-31T15:31:42.684+0000] {logging_mixin.py:151} INFO - [2023-08-31T15:31:42.683+0000] {dagbag.py:539} INFO - Filling up the DagBag from /home/airflow/.local/lib/python3.8/site-packages/airflow/example_dags/example_params_trigger_ui.py
[2023-08-31T15:31:42.696+0000] {processor.py:839} INFO - DAG(s) dict_keys(['example_params_trigger_ui']) retrieved from /home/airflow/.local/lib/python3.8/site-packages/airflow/example_dags/example_params_trigger_ui.py
[2023-08-31T15:31:42.724+0000] {logging_mixin.py:151} INFO - [2023-08-31T15:31:42.724+0000] {dag.py:2907} INFO - Sync 1 DAGs
[2023-08-31T15:31:42.733+0000] {logging_mixin.py:151} INFO - [2023-08-31T15:31:42.733+0000] {dag.py:3677} INFO - Setting next_dagrun for example_params_trigger_ui to None, run_after=None
[2023-08-31T15:31:42.744+0000] {processor.py:179} INFO - Processing /home/airflow/.local/lib/python3.8/site-packages/airflow/example_dags/example_params_trigger_ui.py took 0.065 seconds
[2023-08-31T15:32:12.965+0000] {processor.py:157} INFO - Started process (PID=7832) to work on /home/airflow/.local/lib/python3.8/site-packages/airflow/example_dags/example_params_trigger_ui.py
[2023-08-31T15:32:12.966+0000] {processor.py:829} INFO - Processing file /home/airflow/.local/lib/python3.8/site-packages/airflow/example_dags/example_params_trigger_ui.py for tasks to queue
[2023-08-31T15:32:12.967+0000] {logging_mixin.py:151} INFO - [2023-08-31T15:32:12.967+0000] {dagbag.py:539} INFO - Filling up the DagBag from /home/airflow/.local/lib/python3.8/site-packages/airflow/example_dags/example_params_trigger_ui.py
[2023-08-31T15:32:12.977+0000] {processor.py:839} INFO - DAG(s) dict_keys(['example_params_trigger_ui']) retrieved from /home/airflow/.local/lib/python3.8/site-packages/airflow/example_dags/example_params_trigger_ui.py
[2023-08-31T15:32:13.002+0000] {logging_mixin.py:151} INFO - [2023-08-31T15:32:13.002+0000] {dag.py:2907} INFO - Sync 1 DAGs
[2023-08-31T15:32:13.010+0000] {logging_mixin.py:151} INFO - [2023-08-31T15:32:13.010+0000] {dag.py:3677} INFO - Setting next_dagrun for example_params_trigger_ui to None, run_after=None
[2023-08-31T15:32:13.020+0000] {processor.py:179} INFO - Processing /home/airflow/.local/lib/python3.8/site-packages/airflow/example_dags/example_params_trigger_ui.py took 0.058 seconds
[2023-08-31T15:32:43.502+0000] {processor.py:157} INFO - Started process (PID=8071) to work on /home/airflow/.local/lib/python3.8/site-packages/airflow/example_dags/example_params_trigger_ui.py
[2023-08-31T15:32:43.504+0000] {processor.py:829} INFO - Processing file /home/airflow/.local/lib/python3.8/site-packages/airflow/example_dags/example_params_trigger_ui.py for tasks to queue
[2023-08-31T15:32:43.505+0000] {logging_mixin.py:151} INFO - [2023-08-31T15:32:43.505+0000] {dagbag.py:539} INFO - Filling up the DagBag from /home/airflow/.local/lib/python3.8/site-packages/airflow/example_dags/example_params_trigger_ui.py
[2023-08-31T15:32:43.517+0000] {processor.py:839} INFO - DAG(s) dict_keys(['example_params_trigger_ui']) retrieved from /home/airflow/.local/lib/python3.8/site-packages/airflow/example_dags/example_params_trigger_ui.py
[2023-08-31T15:32:43.545+0000] {logging_mixin.py:151} INFO - [2023-08-31T15:32:43.545+0000] {dag.py:2907} INFO - Sync 1 DAGs
[2023-08-31T15:32:43.552+0000] {logging_mixin.py:151} INFO - [2023-08-31T15:32:43.552+0000] {dag.py:3677} INFO - Setting next_dagrun for example_params_trigger_ui to None, run_after=None
[2023-08-31T15:32:43.562+0000] {processor.py:179} INFO - Processing /home/airflow/.local/lib/python3.8/site-packages/airflow/example_dags/example_params_trigger_ui.py took 0.063 seconds
[2023-08-31T15:33:13.900+0000] {processor.py:157} INFO - Started process (PID=8309) to work on /home/airflow/.local/lib/python3.8/site-packages/airflow/example_dags/example_params_trigger_ui.py
[2023-08-31T15:33:13.902+0000] {processor.py:829} INFO - Processing file /home/airflow/.local/lib/python3.8/site-packages/airflow/example_dags/example_params_trigger_ui.py for tasks to queue
[2023-08-31T15:33:13.903+0000] {logging_mixin.py:151} INFO - [2023-08-31T15:33:13.903+0000] {dagbag.py:539} INFO - Filling up the DagBag from /home/airflow/.local/lib/python3.8/site-packages/airflow/example_dags/example_params_trigger_ui.py
[2023-08-31T15:33:13.914+0000] {processor.py:839} INFO - DAG(s) dict_keys(['example_params_trigger_ui']) retrieved from /home/airflow/.local/lib/python3.8/site-packages/airflow/example_dags/example_params_trigger_ui.py
[2023-08-31T15:33:13.943+0000] {logging_mixin.py:151} INFO - [2023-08-31T15:33:13.942+0000] {dag.py:2907} INFO - Sync 1 DAGs
[2023-08-31T15:33:13.951+0000] {logging_mixin.py:151} INFO - [2023-08-31T15:33:13.950+0000] {dag.py:3677} INFO - Setting next_dagrun for example_params_trigger_ui to None, run_after=None
[2023-08-31T15:33:13.961+0000] {processor.py:179} INFO - Processing /home/airflow/.local/lib/python3.8/site-packages/airflow/example_dags/example_params_trigger_ui.py took 0.064 seconds
[2023-08-31T15:33:44.564+0000] {processor.py:157} INFO - Started process (PID=8549) to work on /home/airflow/.local/lib/python3.8/site-packages/airflow/example_dags/example_params_trigger_ui.py
[2023-08-31T15:33:44.566+0000] {processor.py:829} INFO - Processing file /home/airflow/.local/lib/python3.8/site-packages/airflow/example_dags/example_params_trigger_ui.py for tasks to queue
[2023-08-31T15:33:44.567+0000] {logging_mixin.py:151} INFO - [2023-08-31T15:33:44.567+0000] {dagbag.py:539} INFO - Filling up the DagBag from /home/airflow/.local/lib/python3.8/site-packages/airflow/example_dags/example_params_trigger_ui.py
[2023-08-31T15:33:44.579+0000] {processor.py:839} INFO - DAG(s) dict_keys(['example_params_trigger_ui']) retrieved from /home/airflow/.local/lib/python3.8/site-packages/airflow/example_dags/example_params_trigger_ui.py
[2023-08-31T15:33:44.608+0000] {logging_mixin.py:151} INFO - [2023-08-31T15:33:44.608+0000] {dag.py:2907} INFO - Sync 1 DAGs
[2023-08-31T15:33:44.618+0000] {logging_mixin.py:151} INFO - [2023-08-31T15:33:44.617+0000] {dag.py:3677} INFO - Setting next_dagrun for example_params_trigger_ui to None, run_after=None
[2023-08-31T15:33:44.630+0000] {processor.py:179} INFO - Processing /home/airflow/.local/lib/python3.8/site-packages/airflow/example_dags/example_params_trigger_ui.py took 0.069 seconds
[2023-08-31T15:34:14.990+0000] {processor.py:157} INFO - Started process (PID=8790) to work on /home/airflow/.local/lib/python3.8/site-packages/airflow/example_dags/example_params_trigger_ui.py
[2023-08-31T15:34:14.991+0000] {processor.py:829} INFO - Processing file /home/airflow/.local/lib/python3.8/site-packages/airflow/example_dags/example_params_trigger_ui.py for tasks to queue
[2023-08-31T15:34:14.992+0000] {logging_mixin.py:151} INFO - [2023-08-31T15:34:14.992+0000] {dagbag.py:539} INFO - Filling up the DagBag from /home/airflow/.local/lib/python3.8/site-packages/airflow/example_dags/example_params_trigger_ui.py
[2023-08-31T15:34:15.003+0000] {processor.py:839} INFO - DAG(s) dict_keys(['example_params_trigger_ui']) retrieved from /home/airflow/.local/lib/python3.8/site-packages/airflow/example_dags/example_params_trigger_ui.py
[2023-08-31T15:34:15.031+0000] {logging_mixin.py:151} INFO - [2023-08-31T15:34:15.031+0000] {dag.py:2907} INFO - Sync 1 DAGs
[2023-08-31T15:34:15.040+0000] {logging_mixin.py:151} INFO - [2023-08-31T15:34:15.039+0000] {dag.py:3677} INFO - Setting next_dagrun for example_params_trigger_ui to None, run_after=None
[2023-08-31T15:34:15.055+0000] {processor.py:179} INFO - Processing /home/airflow/.local/lib/python3.8/site-packages/airflow/example_dags/example_params_trigger_ui.py took 0.068 seconds
[2023-08-31T15:34:45.201+0000] {processor.py:157} INFO - Started process (PID=9030) to work on /home/airflow/.local/lib/python3.8/site-packages/airflow/example_dags/example_params_trigger_ui.py
[2023-08-31T15:34:45.203+0000] {processor.py:829} INFO - Processing file /home/airflow/.local/lib/python3.8/site-packages/airflow/example_dags/example_params_trigger_ui.py for tasks to queue
[2023-08-31T15:34:45.204+0000] {logging_mixin.py:151} INFO - [2023-08-31T15:34:45.204+0000] {dagbag.py:539} INFO - Filling up the DagBag from /home/airflow/.local/lib/python3.8/site-packages/airflow/example_dags/example_params_trigger_ui.py
[2023-08-31T15:34:45.218+0000] {processor.py:839} INFO - DAG(s) dict_keys(['example_params_trigger_ui']) retrieved from /home/airflow/.local/lib/python3.8/site-packages/airflow/example_dags/example_params_trigger_ui.py
[2023-08-31T15:34:45.247+0000] {logging_mixin.py:151} INFO - [2023-08-31T15:34:45.247+0000] {dag.py:2907} INFO - Sync 1 DAGs
[2023-08-31T15:34:45.255+0000] {logging_mixin.py:151} INFO - [2023-08-31T15:34:45.254+0000] {dag.py:3677} INFO - Setting next_dagrun for example_params_trigger_ui to None, run_after=None
[2023-08-31T15:34:45.266+0000] {processor.py:179} INFO - Processing /home/airflow/.local/lib/python3.8/site-packages/airflow/example_dags/example_params_trigger_ui.py took 0.067 seconds
[2023-08-31T15:35:15.646+0000] {processor.py:157} INFO - Started process (PID=9272) to work on /home/airflow/.local/lib/python3.8/site-packages/airflow/example_dags/example_params_trigger_ui.py
[2023-08-31T15:35:15.647+0000] {processor.py:829} INFO - Processing file /home/airflow/.local/lib/python3.8/site-packages/airflow/example_dags/example_params_trigger_ui.py for tasks to queue
[2023-08-31T15:35:15.648+0000] {logging_mixin.py:151} INFO - [2023-08-31T15:35:15.648+0000] {dagbag.py:539} INFO - Filling up the DagBag from /home/airflow/.local/lib/python3.8/site-packages/airflow/example_dags/example_params_trigger_ui.py
[2023-08-31T15:35:15.659+0000] {processor.py:839} INFO - DAG(s) dict_keys(['example_params_trigger_ui']) retrieved from /home/airflow/.local/lib/python3.8/site-packages/airflow/example_dags/example_params_trigger_ui.py
[2023-08-31T15:35:15.691+0000] {logging_mixin.py:151} INFO - [2023-08-31T15:35:15.690+0000] {dag.py:2907} INFO - Sync 1 DAGs
[2023-08-31T15:35:15.700+0000] {logging_mixin.py:151} INFO - [2023-08-31T15:35:15.699+0000] {dag.py:3677} INFO - Setting next_dagrun for example_params_trigger_ui to None, run_after=None
[2023-08-31T15:35:15.711+0000] {processor.py:179} INFO - Processing /home/airflow/.local/lib/python3.8/site-packages/airflow/example_dags/example_params_trigger_ui.py took 0.068 seconds
[2023-08-31T15:35:46.014+0000] {processor.py:157} INFO - Started process (PID=9513) to work on /home/airflow/.local/lib/python3.8/site-packages/airflow/example_dags/example_params_trigger_ui.py
[2023-08-31T15:35:46.016+0000] {processor.py:829} INFO - Processing file /home/airflow/.local/lib/python3.8/site-packages/airflow/example_dags/example_params_trigger_ui.py for tasks to queue
[2023-08-31T15:35:46.017+0000] {logging_mixin.py:151} INFO - [2023-08-31T15:35:46.017+0000] {dagbag.py:539} INFO - Filling up the DagBag from /home/airflow/.local/lib/python3.8/site-packages/airflow/example_dags/example_params_trigger_ui.py
[2023-08-31T15:35:46.029+0000] {processor.py:839} INFO - DAG(s) dict_keys(['example_params_trigger_ui']) retrieved from /home/airflow/.local/lib/python3.8/site-packages/airflow/example_dags/example_params_trigger_ui.py
[2023-08-31T15:35:46.057+0000] {logging_mixin.py:151} INFO - [2023-08-31T15:35:46.057+0000] {dag.py:2907} INFO - Sync 1 DAGs
[2023-08-31T15:35:46.065+0000] {logging_mixin.py:151} INFO - [2023-08-31T15:35:46.065+0000] {dag.py:3677} INFO - Setting next_dagrun for example_params_trigger_ui to None, run_after=None
[2023-08-31T15:35:46.077+0000] {processor.py:179} INFO - Processing /home/airflow/.local/lib/python3.8/site-packages/airflow/example_dags/example_params_trigger_ui.py took 0.065 seconds
[2023-08-31T15:36:16.412+0000] {processor.py:157} INFO - Started process (PID=9754) to work on /home/airflow/.local/lib/python3.8/site-packages/airflow/example_dags/example_params_trigger_ui.py
[2023-08-31T15:36:16.413+0000] {processor.py:829} INFO - Processing file /home/airflow/.local/lib/python3.8/site-packages/airflow/example_dags/example_params_trigger_ui.py for tasks to queue
[2023-08-31T15:36:16.414+0000] {logging_mixin.py:151} INFO - [2023-08-31T15:36:16.414+0000] {dagbag.py:539} INFO - Filling up the DagBag from /home/airflow/.local/lib/python3.8/site-packages/airflow/example_dags/example_params_trigger_ui.py
[2023-08-31T15:36:16.425+0000] {processor.py:839} INFO - DAG(s) dict_keys(['example_params_trigger_ui']) retrieved from /home/airflow/.local/lib/python3.8/site-packages/airflow/example_dags/example_params_trigger_ui.py
[2023-08-31T15:36:16.453+0000] {logging_mixin.py:151} INFO - [2023-08-31T15:36:16.452+0000] {dag.py:2907} INFO - Sync 1 DAGs
[2023-08-31T15:36:16.461+0000] {logging_mixin.py:151} INFO - [2023-08-31T15:36:16.461+0000] {dag.py:3677} INFO - Setting next_dagrun for example_params_trigger_ui to None, run_after=None
[2023-08-31T15:36:16.473+0000] {processor.py:179} INFO - Processing /home/airflow/.local/lib/python3.8/site-packages/airflow/example_dags/example_params_trigger_ui.py took 0.064 seconds
[2023-08-31T15:36:46.726+0000] {processor.py:157} INFO - Started process (PID=9992) to work on /home/airflow/.local/lib/python3.8/site-packages/airflow/example_dags/example_params_trigger_ui.py
[2023-08-31T15:36:46.727+0000] {processor.py:829} INFO - Processing file /home/airflow/.local/lib/python3.8/site-packages/airflow/example_dags/example_params_trigger_ui.py for tasks to queue
[2023-08-31T15:36:46.728+0000] {logging_mixin.py:151} INFO - [2023-08-31T15:36:46.728+0000] {dagbag.py:539} INFO - Filling up the DagBag from /home/airflow/.local/lib/python3.8/site-packages/airflow/example_dags/example_params_trigger_ui.py
[2023-08-31T15:36:46.740+0000] {processor.py:839} INFO - DAG(s) dict_keys(['example_params_trigger_ui']) retrieved from /home/airflow/.local/lib/python3.8/site-packages/airflow/example_dags/example_params_trigger_ui.py
[2023-08-31T15:36:46.767+0000] {logging_mixin.py:151} INFO - [2023-08-31T15:36:46.767+0000] {dag.py:2907} INFO - Sync 1 DAGs
[2023-08-31T15:36:46.775+0000] {logging_mixin.py:151} INFO - [2023-08-31T15:36:46.775+0000] {dag.py:3677} INFO - Setting next_dagrun for example_params_trigger_ui to None, run_after=None
[2023-08-31T15:36:46.788+0000] {processor.py:179} INFO - Processing /home/airflow/.local/lib/python3.8/site-packages/airflow/example_dags/example_params_trigger_ui.py took 0.064 seconds
[2023-08-31T15:37:17.023+0000] {processor.py:157} INFO - Started process (PID=10231) to work on /home/airflow/.local/lib/python3.8/site-packages/airflow/example_dags/example_params_trigger_ui.py
[2023-08-31T15:37:17.024+0000] {processor.py:829} INFO - Processing file /home/airflow/.local/lib/python3.8/site-packages/airflow/example_dags/example_params_trigger_ui.py for tasks to queue
[2023-08-31T15:37:17.025+0000] {logging_mixin.py:151} INFO - [2023-08-31T15:37:17.025+0000] {dagbag.py:539} INFO - Filling up the DagBag from /home/airflow/.local/lib/python3.8/site-packages/airflow/example_dags/example_params_trigger_ui.py
[2023-08-31T15:37:17.037+0000] {processor.py:839} INFO - DAG(s) dict_keys(['example_params_trigger_ui']) retrieved from /home/airflow/.local/lib/python3.8/site-packages/airflow/example_dags/example_params_trigger_ui.py
[2023-08-31T15:37:17.064+0000] {logging_mixin.py:151} INFO - [2023-08-31T15:37:17.064+0000] {dag.py:2907} INFO - Sync 1 DAGs
[2023-08-31T15:37:17.072+0000] {logging_mixin.py:151} INFO - [2023-08-31T15:37:17.072+0000] {dag.py:3677} INFO - Setting next_dagrun for example_params_trigger_ui to None, run_after=None
[2023-08-31T15:37:17.083+0000] {processor.py:179} INFO - Processing /home/airflow/.local/lib/python3.8/site-packages/airflow/example_dags/example_params_trigger_ui.py took 0.063 seconds
[2023-08-31T15:37:47.316+0000] {processor.py:157} INFO - Started process (PID=10472) to work on /home/airflow/.local/lib/python3.8/site-packages/airflow/example_dags/example_params_trigger_ui.py
[2023-08-31T15:37:47.318+0000] {processor.py:829} INFO - Processing file /home/airflow/.local/lib/python3.8/site-packages/airflow/example_dags/example_params_trigger_ui.py for tasks to queue
[2023-08-31T15:37:47.319+0000] {logging_mixin.py:151} INFO - [2023-08-31T15:37:47.319+0000] {dagbag.py:539} INFO - Filling up the DagBag from /home/airflow/.local/lib/python3.8/site-packages/airflow/example_dags/example_params_trigger_ui.py
[2023-08-31T15:37:47.333+0000] {processor.py:839} INFO - DAG(s) dict_keys(['example_params_trigger_ui']) retrieved from /home/airflow/.local/lib/python3.8/site-packages/airflow/example_dags/example_params_trigger_ui.py
[2023-08-31T15:37:47.361+0000] {logging_mixin.py:151} INFO - [2023-08-31T15:37:47.361+0000] {dag.py:2907} INFO - Sync 1 DAGs
[2023-08-31T15:37:47.370+0000] {logging_mixin.py:151} INFO - [2023-08-31T15:37:47.370+0000] {dag.py:3677} INFO - Setting next_dagrun for example_params_trigger_ui to None, run_after=None
[2023-08-31T15:37:47.380+0000] {processor.py:179} INFO - Processing /home/airflow/.local/lib/python3.8/site-packages/airflow/example_dags/example_params_trigger_ui.py took 0.067 seconds
