[2023-08-31T15:16:28.026+0000] {processor.py:157} INFO - Started process (PID=202) to work on /home/airflow/.local/lib/python3.8/site-packages/airflow/example_dags/example_nested_branch_dag.py
[2023-08-31T15:16:28.027+0000] {processor.py:829} INFO - Processing file /home/airflow/.local/lib/python3.8/site-packages/airflow/example_dags/example_nested_branch_dag.py for tasks to queue
[2023-08-31T15:16:28.028+0000] {logging_mixin.py:151} INFO - [2023-08-31T15:16:28.028+0000] {dagbag.py:539} INFO - Filling up the DagBag from /home/airflow/.local/lib/python3.8/site-packages/airflow/example_dags/example_nested_branch_dag.py
[2023-08-31T15:16:28.037+0000] {processor.py:839} INFO - DAG(s) dict_keys(['example_nested_branch_dag']) retrieved from /home/airflow/.local/lib/python3.8/site-packages/airflow/example_dags/example_nested_branch_dag.py
[2023-08-31T15:16:28.048+0000] {logging_mixin.py:151} INFO - [2023-08-31T15:16:28.048+0000] {dag.py:2907} INFO - Sync 1 DAGs
[2023-08-31T15:16:28.065+0000] {logging_mixin.py:151} INFO - [2023-08-31T15:16:28.065+0000] {dag.py:3677} INFO - Setting next_dagrun for example_nested_branch_dag to 2023-08-30T00:00:00+00:00, run_after=2023-08-31T00:00:00+00:00
[2023-08-31T15:16:28.077+0000] {processor.py:179} INFO - Processing /home/airflow/.local/lib/python3.8/site-packages/airflow/example_dags/example_nested_branch_dag.py took 0.054 seconds
[2023-08-31T15:16:58.162+0000] {processor.py:157} INFO - Started process (PID=444) to work on /home/airflow/.local/lib/python3.8/site-packages/airflow/example_dags/example_nested_branch_dag.py
[2023-08-31T15:16:58.163+0000] {processor.py:829} INFO - Processing file /home/airflow/.local/lib/python3.8/site-packages/airflow/example_dags/example_nested_branch_dag.py for tasks to queue
[2023-08-31T15:16:58.164+0000] {logging_mixin.py:151} INFO - [2023-08-31T15:16:58.164+0000] {dagbag.py:539} INFO - Filling up the DagBag from /home/airflow/.local/lib/python3.8/site-packages/airflow/example_dags/example_nested_branch_dag.py
[2023-08-31T15:16:58.170+0000] {processor.py:839} INFO - DAG(s) dict_keys(['example_nested_branch_dag']) retrieved from /home/airflow/.local/lib/python3.8/site-packages/airflow/example_dags/example_nested_branch_dag.py
[2023-08-31T15:16:58.184+0000] {logging_mixin.py:151} INFO - [2023-08-31T15:16:58.184+0000] {dag.py:2907} INFO - Sync 1 DAGs
[2023-08-31T15:16:58.196+0000] {logging_mixin.py:151} INFO - [2023-08-31T15:16:58.196+0000] {dag.py:3677} INFO - Setting next_dagrun for example_nested_branch_dag to 2023-08-30T00:00:00+00:00, run_after=2023-08-31T00:00:00+00:00
[2023-08-31T15:16:58.205+0000] {processor.py:179} INFO - Processing /home/airflow/.local/lib/python3.8/site-packages/airflow/example_dags/example_nested_branch_dag.py took 0.045 seconds
[2023-08-31T15:17:29.134+0000] {processor.py:157} INFO - Started process (PID=681) to work on /home/airflow/.local/lib/python3.8/site-packages/airflow/example_dags/example_nested_branch_dag.py
[2023-08-31T15:17:29.136+0000] {processor.py:829} INFO - Processing file /home/airflow/.local/lib/python3.8/site-packages/airflow/example_dags/example_nested_branch_dag.py for tasks to queue
[2023-08-31T15:17:29.137+0000] {logging_mixin.py:151} INFO - [2023-08-31T15:17:29.137+0000] {dagbag.py:539} INFO - Filling up the DagBag from /home/airflow/.local/lib/python3.8/site-packages/airflow/example_dags/example_nested_branch_dag.py
[2023-08-31T15:17:29.144+0000] {processor.py:839} INFO - DAG(s) dict_keys(['example_nested_branch_dag']) retrieved from /home/airflow/.local/lib/python3.8/site-packages/airflow/example_dags/example_nested_branch_dag.py
[2023-08-31T15:17:29.241+0000] {logging_mixin.py:151} INFO - [2023-08-31T15:17:29.241+0000] {dag.py:2907} INFO - Sync 1 DAGs
[2023-08-31T15:17:29.253+0000] {logging_mixin.py:151} INFO - [2023-08-31T15:17:29.253+0000] {dag.py:3677} INFO - Setting next_dagrun for example_nested_branch_dag to 2023-08-30T00:00:00+00:00, run_after=2023-08-31T00:00:00+00:00
[2023-08-31T15:17:29.266+0000] {processor.py:179} INFO - Processing /home/airflow/.local/lib/python3.8/site-packages/airflow/example_dags/example_nested_branch_dag.py took 0.134 seconds
[2023-08-31T15:18:00.205+0000] {processor.py:157} INFO - Started process (PID=920) to work on /home/airflow/.local/lib/python3.8/site-packages/airflow/example_dags/example_nested_branch_dag.py
[2023-08-31T15:18:00.206+0000] {processor.py:829} INFO - Processing file /home/airflow/.local/lib/python3.8/site-packages/airflow/example_dags/example_nested_branch_dag.py for tasks to queue
[2023-08-31T15:18:00.208+0000] {logging_mixin.py:151} INFO - [2023-08-31T15:18:00.208+0000] {dagbag.py:539} INFO - Filling up the DagBag from /home/airflow/.local/lib/python3.8/site-packages/airflow/example_dags/example_nested_branch_dag.py
[2023-08-31T15:18:00.215+0000] {processor.py:839} INFO - DAG(s) dict_keys(['example_nested_branch_dag']) retrieved from /home/airflow/.local/lib/python3.8/site-packages/airflow/example_dags/example_nested_branch_dag.py
[2023-08-31T15:18:00.229+0000] {logging_mixin.py:151} INFO - [2023-08-31T15:18:00.229+0000] {dag.py:2907} INFO - Sync 1 DAGs
[2023-08-31T15:18:00.242+0000] {logging_mixin.py:151} INFO - [2023-08-31T15:18:00.242+0000] {dag.py:3677} INFO - Setting next_dagrun for example_nested_branch_dag to 2023-08-30T00:00:00+00:00, run_after=2023-08-31T00:00:00+00:00
[2023-08-31T15:18:00.253+0000] {processor.py:179} INFO - Processing /home/airflow/.local/lib/python3.8/site-packages/airflow/example_dags/example_nested_branch_dag.py took 0.050 seconds
[2023-08-31T15:18:30.938+0000] {processor.py:157} INFO - Started process (PID=1185) to work on /home/airflow/.local/lib/python3.8/site-packages/airflow/example_dags/example_nested_branch_dag.py
[2023-08-31T15:18:30.940+0000] {processor.py:829} INFO - Processing file /home/airflow/.local/lib/python3.8/site-packages/airflow/example_dags/example_nested_branch_dag.py for tasks to queue
[2023-08-31T15:18:30.941+0000] {logging_mixin.py:151} INFO - [2023-08-31T15:18:30.941+0000] {dagbag.py:539} INFO - Filling up the DagBag from /home/airflow/.local/lib/python3.8/site-packages/airflow/example_dags/example_nested_branch_dag.py
[2023-08-31T15:18:30.949+0000] {processor.py:839} INFO - DAG(s) dict_keys(['example_nested_branch_dag']) retrieved from /home/airflow/.local/lib/python3.8/site-packages/airflow/example_dags/example_nested_branch_dag.py
[2023-08-31T15:18:30.966+0000] {logging_mixin.py:151} INFO - [2023-08-31T15:18:30.966+0000] {dag.py:2907} INFO - Sync 1 DAGs
[2023-08-31T15:18:30.981+0000] {logging_mixin.py:151} INFO - [2023-08-31T15:18:30.981+0000] {dag.py:3677} INFO - Setting next_dagrun for example_nested_branch_dag to 2023-08-30T00:00:00+00:00, run_after=2023-08-31T00:00:00+00:00
[2023-08-31T15:18:30.993+0000] {processor.py:179} INFO - Processing /home/airflow/.local/lib/python3.8/site-packages/airflow/example_dags/example_nested_branch_dag.py took 0.058 seconds
[2023-08-31T15:19:01.434+0000] {processor.py:157} INFO - Started process (PID=1424) to work on /home/airflow/.local/lib/python3.8/site-packages/airflow/example_dags/example_nested_branch_dag.py
[2023-08-31T15:19:01.435+0000] {processor.py:829} INFO - Processing file /home/airflow/.local/lib/python3.8/site-packages/airflow/example_dags/example_nested_branch_dag.py for tasks to queue
[2023-08-31T15:19:01.436+0000] {logging_mixin.py:151} INFO - [2023-08-31T15:19:01.436+0000] {dagbag.py:539} INFO - Filling up the DagBag from /home/airflow/.local/lib/python3.8/site-packages/airflow/example_dags/example_nested_branch_dag.py
[2023-08-31T15:19:01.444+0000] {processor.py:839} INFO - DAG(s) dict_keys(['example_nested_branch_dag']) retrieved from /home/airflow/.local/lib/python3.8/site-packages/airflow/example_dags/example_nested_branch_dag.py
[2023-08-31T15:19:01.460+0000] {logging_mixin.py:151} INFO - [2023-08-31T15:19:01.459+0000] {dag.py:2907} INFO - Sync 1 DAGs
[2023-08-31T15:19:01.473+0000] {logging_mixin.py:151} INFO - [2023-08-31T15:19:01.472+0000] {dag.py:3677} INFO - Setting next_dagrun for example_nested_branch_dag to 2023-08-30T00:00:00+00:00, run_after=2023-08-31T00:00:00+00:00
[2023-08-31T15:19:01.485+0000] {processor.py:179} INFO - Processing /home/airflow/.local/lib/python3.8/site-packages/airflow/example_dags/example_nested_branch_dag.py took 0.053 seconds
[2023-08-31T15:19:31.888+0000] {processor.py:157} INFO - Started process (PID=1665) to work on /home/airflow/.local/lib/python3.8/site-packages/airflow/example_dags/example_nested_branch_dag.py
[2023-08-31T15:19:31.889+0000] {processor.py:829} INFO - Processing file /home/airflow/.local/lib/python3.8/site-packages/airflow/example_dags/example_nested_branch_dag.py for tasks to queue
[2023-08-31T15:19:31.890+0000] {logging_mixin.py:151} INFO - [2023-08-31T15:19:31.890+0000] {dagbag.py:539} INFO - Filling up the DagBag from /home/airflow/.local/lib/python3.8/site-packages/airflow/example_dags/example_nested_branch_dag.py
[2023-08-31T15:19:31.898+0000] {processor.py:839} INFO - DAG(s) dict_keys(['example_nested_branch_dag']) retrieved from /home/airflow/.local/lib/python3.8/site-packages/airflow/example_dags/example_nested_branch_dag.py
[2023-08-31T15:19:31.913+0000] {logging_mixin.py:151} INFO - [2023-08-31T15:19:31.913+0000] {dag.py:2907} INFO - Sync 1 DAGs
[2023-08-31T15:19:31.926+0000] {logging_mixin.py:151} INFO - [2023-08-31T15:19:31.926+0000] {dag.py:3677} INFO - Setting next_dagrun for example_nested_branch_dag to 2023-08-30T00:00:00+00:00, run_after=2023-08-31T00:00:00+00:00
[2023-08-31T15:19:31.939+0000] {processor.py:179} INFO - Processing /home/airflow/.local/lib/python3.8/site-packages/airflow/example_dags/example_nested_branch_dag.py took 0.054 seconds
[2023-08-31T15:20:02.180+0000] {processor.py:157} INFO - Started process (PID=1905) to work on /home/airflow/.local/lib/python3.8/site-packages/airflow/example_dags/example_nested_branch_dag.py
[2023-08-31T15:20:02.181+0000] {processor.py:829} INFO - Processing file /home/airflow/.local/lib/python3.8/site-packages/airflow/example_dags/example_nested_branch_dag.py for tasks to queue
[2023-08-31T15:20:02.183+0000] {logging_mixin.py:151} INFO - [2023-08-31T15:20:02.182+0000] {dagbag.py:539} INFO - Filling up the DagBag from /home/airflow/.local/lib/python3.8/site-packages/airflow/example_dags/example_nested_branch_dag.py
[2023-08-31T15:20:02.190+0000] {processor.py:839} INFO - DAG(s) dict_keys(['example_nested_branch_dag']) retrieved from /home/airflow/.local/lib/python3.8/site-packages/airflow/example_dags/example_nested_branch_dag.py
[2023-08-31T15:20:02.205+0000] {logging_mixin.py:151} INFO - [2023-08-31T15:20:02.205+0000] {dag.py:2907} INFO - Sync 1 DAGs
[2023-08-31T15:20:02.218+0000] {logging_mixin.py:151} INFO - [2023-08-31T15:20:02.218+0000] {dag.py:3677} INFO - Setting next_dagrun for example_nested_branch_dag to 2023-08-30T00:00:00+00:00, run_after=2023-08-31T00:00:00+00:00
[2023-08-31T15:20:02.230+0000] {processor.py:179} INFO - Processing /home/airflow/.local/lib/python3.8/site-packages/airflow/example_dags/example_nested_branch_dag.py took 0.052 seconds
[2023-08-31T15:20:32.554+0000] {processor.py:157} INFO - Started process (PID=2146) to work on /home/airflow/.local/lib/python3.8/site-packages/airflow/example_dags/example_nested_branch_dag.py
[2023-08-31T15:20:32.555+0000] {processor.py:829} INFO - Processing file /home/airflow/.local/lib/python3.8/site-packages/airflow/example_dags/example_nested_branch_dag.py for tasks to queue
[2023-08-31T15:20:32.556+0000] {logging_mixin.py:151} INFO - [2023-08-31T15:20:32.556+0000] {dagbag.py:539} INFO - Filling up the DagBag from /home/airflow/.local/lib/python3.8/site-packages/airflow/example_dags/example_nested_branch_dag.py
[2023-08-31T15:20:32.565+0000] {processor.py:839} INFO - DAG(s) dict_keys(['example_nested_branch_dag']) retrieved from /home/airflow/.local/lib/python3.8/site-packages/airflow/example_dags/example_nested_branch_dag.py
[2023-08-31T15:20:32.582+0000] {logging_mixin.py:151} INFO - [2023-08-31T15:20:32.582+0000] {dag.py:2907} INFO - Sync 1 DAGs
[2023-08-31T15:20:32.596+0000] {logging_mixin.py:151} INFO - [2023-08-31T15:20:32.596+0000] {dag.py:3677} INFO - Setting next_dagrun for example_nested_branch_dag to 2023-08-30T00:00:00+00:00, run_after=2023-08-31T00:00:00+00:00
[2023-08-31T15:20:32.609+0000] {processor.py:179} INFO - Processing /home/airflow/.local/lib/python3.8/site-packages/airflow/example_dags/example_nested_branch_dag.py took 0.058 seconds
[2023-08-31T15:21:02.815+0000] {processor.py:157} INFO - Started process (PID=2387) to work on /home/airflow/.local/lib/python3.8/site-packages/airflow/example_dags/example_nested_branch_dag.py
[2023-08-31T15:21:02.816+0000] {processor.py:829} INFO - Processing file /home/airflow/.local/lib/python3.8/site-packages/airflow/example_dags/example_nested_branch_dag.py for tasks to queue
[2023-08-31T15:21:02.817+0000] {logging_mixin.py:151} INFO - [2023-08-31T15:21:02.817+0000] {dagbag.py:539} INFO - Filling up the DagBag from /home/airflow/.local/lib/python3.8/site-packages/airflow/example_dags/example_nested_branch_dag.py
[2023-08-31T15:21:02.825+0000] {processor.py:839} INFO - DAG(s) dict_keys(['example_nested_branch_dag']) retrieved from /home/airflow/.local/lib/python3.8/site-packages/airflow/example_dags/example_nested_branch_dag.py
[2023-08-31T15:21:02.840+0000] {logging_mixin.py:151} INFO - [2023-08-31T15:21:02.840+0000] {dag.py:2907} INFO - Sync 1 DAGs
[2023-08-31T15:21:02.854+0000] {logging_mixin.py:151} INFO - [2023-08-31T15:21:02.854+0000] {dag.py:3677} INFO - Setting next_dagrun for example_nested_branch_dag to 2023-08-30T00:00:00+00:00, run_after=2023-08-31T00:00:00+00:00
[2023-08-31T15:21:02.866+0000] {processor.py:179} INFO - Processing /home/airflow/.local/lib/python3.8/site-packages/airflow/example_dags/example_nested_branch_dag.py took 0.055 seconds
[2023-08-31T15:21:33.137+0000] {processor.py:157} INFO - Started process (PID=2627) to work on /home/airflow/.local/lib/python3.8/site-packages/airflow/example_dags/example_nested_branch_dag.py
[2023-08-31T15:21:33.138+0000] {processor.py:829} INFO - Processing file /home/airflow/.local/lib/python3.8/site-packages/airflow/example_dags/example_nested_branch_dag.py for tasks to queue
[2023-08-31T15:21:33.139+0000] {logging_mixin.py:151} INFO - [2023-08-31T15:21:33.139+0000] {dagbag.py:539} INFO - Filling up the DagBag from /home/airflow/.local/lib/python3.8/site-packages/airflow/example_dags/example_nested_branch_dag.py
[2023-08-31T15:21:33.147+0000] {processor.py:839} INFO - DAG(s) dict_keys(['example_nested_branch_dag']) retrieved from /home/airflow/.local/lib/python3.8/site-packages/airflow/example_dags/example_nested_branch_dag.py
[2023-08-31T15:21:33.162+0000] {logging_mixin.py:151} INFO - [2023-08-31T15:21:33.162+0000] {dag.py:2907} INFO - Sync 1 DAGs
[2023-08-31T15:21:33.177+0000] {logging_mixin.py:151} INFO - [2023-08-31T15:21:33.177+0000] {dag.py:3677} INFO - Setting next_dagrun for example_nested_branch_dag to 2023-08-30T00:00:00+00:00, run_after=2023-08-31T00:00:00+00:00
[2023-08-31T15:21:33.192+0000] {processor.py:179} INFO - Processing /home/airflow/.local/lib/python3.8/site-packages/airflow/example_dags/example_nested_branch_dag.py took 0.057 seconds
[2023-08-31T15:22:03.471+0000] {processor.py:157} INFO - Started process (PID=2867) to work on /home/airflow/.local/lib/python3.8/site-packages/airflow/example_dags/example_nested_branch_dag.py
[2023-08-31T15:22:03.472+0000] {processor.py:829} INFO - Processing file /home/airflow/.local/lib/python3.8/site-packages/airflow/example_dags/example_nested_branch_dag.py for tasks to queue
[2023-08-31T15:22:03.473+0000] {logging_mixin.py:151} INFO - [2023-08-31T15:22:03.473+0000] {dagbag.py:539} INFO - Filling up the DagBag from /home/airflow/.local/lib/python3.8/site-packages/airflow/example_dags/example_nested_branch_dag.py
[2023-08-31T15:22:03.481+0000] {processor.py:839} INFO - DAG(s) dict_keys(['example_nested_branch_dag']) retrieved from /home/airflow/.local/lib/python3.8/site-packages/airflow/example_dags/example_nested_branch_dag.py
[2023-08-31T15:22:03.496+0000] {logging_mixin.py:151} INFO - [2023-08-31T15:22:03.496+0000] {dag.py:2907} INFO - Sync 1 DAGs
[2023-08-31T15:22:03.510+0000] {logging_mixin.py:151} INFO - [2023-08-31T15:22:03.510+0000] {dag.py:3677} INFO - Setting next_dagrun for example_nested_branch_dag to 2023-08-30T00:00:00+00:00, run_after=2023-08-31T00:00:00+00:00
[2023-08-31T15:22:03.524+0000] {processor.py:179} INFO - Processing /home/airflow/.local/lib/python3.8/site-packages/airflow/example_dags/example_nested_branch_dag.py took 0.056 seconds
[2023-08-31T15:22:33.825+0000] {processor.py:157} INFO - Started process (PID=3109) to work on /home/airflow/.local/lib/python3.8/site-packages/airflow/example_dags/example_nested_branch_dag.py
[2023-08-31T15:22:33.827+0000] {processor.py:829} INFO - Processing file /home/airflow/.local/lib/python3.8/site-packages/airflow/example_dags/example_nested_branch_dag.py for tasks to queue
[2023-08-31T15:22:33.828+0000] {logging_mixin.py:151} INFO - [2023-08-31T15:22:33.827+0000] {dagbag.py:539} INFO - Filling up the DagBag from /home/airflow/.local/lib/python3.8/site-packages/airflow/example_dags/example_nested_branch_dag.py
[2023-08-31T15:22:33.835+0000] {processor.py:839} INFO - DAG(s) dict_keys(['example_nested_branch_dag']) retrieved from /home/airflow/.local/lib/python3.8/site-packages/airflow/example_dags/example_nested_branch_dag.py
[2023-08-31T15:22:33.851+0000] {logging_mixin.py:151} INFO - [2023-08-31T15:22:33.851+0000] {dag.py:2907} INFO - Sync 1 DAGs
[2023-08-31T15:22:33.864+0000] {logging_mixin.py:151} INFO - [2023-08-31T15:22:33.864+0000] {dag.py:3677} INFO - Setting next_dagrun for example_nested_branch_dag to 2023-08-30T00:00:00+00:00, run_after=2023-08-31T00:00:00+00:00
[2023-08-31T15:22:33.875+0000] {processor.py:179} INFO - Processing /home/airflow/.local/lib/python3.8/site-packages/airflow/example_dags/example_nested_branch_dag.py took 0.052 seconds
[2023-08-31T15:23:04.488+0000] {processor.py:157} INFO - Started process (PID=3349) to work on /home/airflow/.local/lib/python3.8/site-packages/airflow/example_dags/example_nested_branch_dag.py
[2023-08-31T15:23:04.489+0000] {processor.py:829} INFO - Processing file /home/airflow/.local/lib/python3.8/site-packages/airflow/example_dags/example_nested_branch_dag.py for tasks to queue
[2023-08-31T15:23:04.490+0000] {logging_mixin.py:151} INFO - [2023-08-31T15:23:04.490+0000] {dagbag.py:539} INFO - Filling up the DagBag from /home/airflow/.local/lib/python3.8/site-packages/airflow/example_dags/example_nested_branch_dag.py
[2023-08-31T15:23:04.498+0000] {processor.py:839} INFO - DAG(s) dict_keys(['example_nested_branch_dag']) retrieved from /home/airflow/.local/lib/python3.8/site-packages/airflow/example_dags/example_nested_branch_dag.py
[2023-08-31T15:23:04.513+0000] {logging_mixin.py:151} INFO - [2023-08-31T15:23:04.513+0000] {dag.py:2907} INFO - Sync 1 DAGs
[2023-08-31T15:23:04.527+0000] {logging_mixin.py:151} INFO - [2023-08-31T15:23:04.527+0000] {dag.py:3677} INFO - Setting next_dagrun for example_nested_branch_dag to 2023-08-30T00:00:00+00:00, run_after=2023-08-31T00:00:00+00:00
[2023-08-31T15:23:04.539+0000] {processor.py:179} INFO - Processing /home/airflow/.local/lib/python3.8/site-packages/airflow/example_dags/example_nested_branch_dag.py took 0.053 seconds
[2023-08-31T15:23:35.008+0000] {processor.py:157} INFO - Started process (PID=3589) to work on /home/airflow/.local/lib/python3.8/site-packages/airflow/example_dags/example_nested_branch_dag.py
[2023-08-31T15:23:35.009+0000] {processor.py:829} INFO - Processing file /home/airflow/.local/lib/python3.8/site-packages/airflow/example_dags/example_nested_branch_dag.py for tasks to queue
[2023-08-31T15:23:35.010+0000] {logging_mixin.py:151} INFO - [2023-08-31T15:23:35.010+0000] {dagbag.py:539} INFO - Filling up the DagBag from /home/airflow/.local/lib/python3.8/site-packages/airflow/example_dags/example_nested_branch_dag.py
[2023-08-31T15:23:35.017+0000] {processor.py:839} INFO - DAG(s) dict_keys(['example_nested_branch_dag']) retrieved from /home/airflow/.local/lib/python3.8/site-packages/airflow/example_dags/example_nested_branch_dag.py
[2023-08-31T15:23:35.033+0000] {logging_mixin.py:151} INFO - [2023-08-31T15:23:35.033+0000] {dag.py:2907} INFO - Sync 1 DAGs
[2023-08-31T15:23:35.047+0000] {logging_mixin.py:151} INFO - [2023-08-31T15:23:35.047+0000] {dag.py:3677} INFO - Setting next_dagrun for example_nested_branch_dag to 2023-08-30T00:00:00+00:00, run_after=2023-08-31T00:00:00+00:00
[2023-08-31T15:23:35.059+0000] {processor.py:179} INFO - Processing /home/airflow/.local/lib/python3.8/site-packages/airflow/example_dags/example_nested_branch_dag.py took 0.054 seconds
[2023-08-31T15:24:05.340+0000] {processor.py:157} INFO - Started process (PID=3831) to work on /home/airflow/.local/lib/python3.8/site-packages/airflow/example_dags/example_nested_branch_dag.py
[2023-08-31T15:24:05.341+0000] {processor.py:829} INFO - Processing file /home/airflow/.local/lib/python3.8/site-packages/airflow/example_dags/example_nested_branch_dag.py for tasks to queue
[2023-08-31T15:24:05.343+0000] {logging_mixin.py:151} INFO - [2023-08-31T15:24:05.342+0000] {dagbag.py:539} INFO - Filling up the DagBag from /home/airflow/.local/lib/python3.8/site-packages/airflow/example_dags/example_nested_branch_dag.py
[2023-08-31T15:24:05.350+0000] {processor.py:839} INFO - DAG(s) dict_keys(['example_nested_branch_dag']) retrieved from /home/airflow/.local/lib/python3.8/site-packages/airflow/example_dags/example_nested_branch_dag.py
[2023-08-31T15:24:05.365+0000] {logging_mixin.py:151} INFO - [2023-08-31T15:24:05.365+0000] {dag.py:2907} INFO - Sync 1 DAGs
[2023-08-31T15:24:05.379+0000] {logging_mixin.py:151} INFO - [2023-08-31T15:24:05.379+0000] {dag.py:3677} INFO - Setting next_dagrun for example_nested_branch_dag to 2023-08-30T00:00:00+00:00, run_after=2023-08-31T00:00:00+00:00
[2023-08-31T15:24:05.390+0000] {processor.py:179} INFO - Processing /home/airflow/.local/lib/python3.8/site-packages/airflow/example_dags/example_nested_branch_dag.py took 0.053 seconds
[2023-08-31T15:24:35.646+0000] {processor.py:157} INFO - Started process (PID=4073) to work on /home/airflow/.local/lib/python3.8/site-packages/airflow/example_dags/example_nested_branch_dag.py
[2023-08-31T15:24:35.648+0000] {processor.py:829} INFO - Processing file /home/airflow/.local/lib/python3.8/site-packages/airflow/example_dags/example_nested_branch_dag.py for tasks to queue
[2023-08-31T15:24:35.649+0000] {logging_mixin.py:151} INFO - [2023-08-31T15:24:35.648+0000] {dagbag.py:539} INFO - Filling up the DagBag from /home/airflow/.local/lib/python3.8/site-packages/airflow/example_dags/example_nested_branch_dag.py
[2023-08-31T15:24:35.655+0000] {processor.py:839} INFO - DAG(s) dict_keys(['example_nested_branch_dag']) retrieved from /home/airflow/.local/lib/python3.8/site-packages/airflow/example_dags/example_nested_branch_dag.py
[2023-08-31T15:24:35.670+0000] {logging_mixin.py:151} INFO - [2023-08-31T15:24:35.670+0000] {dag.py:2907} INFO - Sync 1 DAGs
[2023-08-31T15:24:35.683+0000] {logging_mixin.py:151} INFO - [2023-08-31T15:24:35.683+0000] {dag.py:3677} INFO - Setting next_dagrun for example_nested_branch_dag to 2023-08-30T00:00:00+00:00, run_after=2023-08-31T00:00:00+00:00
[2023-08-31T15:24:35.692+0000] {processor.py:179} INFO - Processing /home/airflow/.local/lib/python3.8/site-packages/airflow/example_dags/example_nested_branch_dag.py took 0.048 seconds
[2023-08-31T15:25:05.879+0000] {processor.py:157} INFO - Started process (PID=4311) to work on /home/airflow/.local/lib/python3.8/site-packages/airflow/example_dags/example_nested_branch_dag.py
[2023-08-31T15:25:05.880+0000] {processor.py:829} INFO - Processing file /home/airflow/.local/lib/python3.8/site-packages/airflow/example_dags/example_nested_branch_dag.py for tasks to queue
[2023-08-31T15:25:05.881+0000] {logging_mixin.py:151} INFO - [2023-08-31T15:25:05.881+0000] {dagbag.py:539} INFO - Filling up the DagBag from /home/airflow/.local/lib/python3.8/site-packages/airflow/example_dags/example_nested_branch_dag.py
[2023-08-31T15:25:05.889+0000] {processor.py:839} INFO - DAG(s) dict_keys(['example_nested_branch_dag']) retrieved from /home/airflow/.local/lib/python3.8/site-packages/airflow/example_dags/example_nested_branch_dag.py
[2023-08-31T15:25:05.904+0000] {logging_mixin.py:151} INFO - [2023-08-31T15:25:05.904+0000] {dag.py:2907} INFO - Sync 1 DAGs
[2023-08-31T15:25:05.917+0000] {logging_mixin.py:151} INFO - [2023-08-31T15:25:05.917+0000] {dag.py:3677} INFO - Setting next_dagrun for example_nested_branch_dag to 2023-08-30T00:00:00+00:00, run_after=2023-08-31T00:00:00+00:00
[2023-08-31T15:25:05.928+0000] {processor.py:179} INFO - Processing /home/airflow/.local/lib/python3.8/site-packages/airflow/example_dags/example_nested_branch_dag.py took 0.052 seconds
[2023-08-31T15:25:36.219+0000] {processor.py:157} INFO - Started process (PID=4552) to work on /home/airflow/.local/lib/python3.8/site-packages/airflow/example_dags/example_nested_branch_dag.py
[2023-08-31T15:25:36.220+0000] {processor.py:829} INFO - Processing file /home/airflow/.local/lib/python3.8/site-packages/airflow/example_dags/example_nested_branch_dag.py for tasks to queue
[2023-08-31T15:25:36.221+0000] {logging_mixin.py:151} INFO - [2023-08-31T15:25:36.221+0000] {dagbag.py:539} INFO - Filling up the DagBag from /home/airflow/.local/lib/python3.8/site-packages/airflow/example_dags/example_nested_branch_dag.py
[2023-08-31T15:25:36.229+0000] {processor.py:839} INFO - DAG(s) dict_keys(['example_nested_branch_dag']) retrieved from /home/airflow/.local/lib/python3.8/site-packages/airflow/example_dags/example_nested_branch_dag.py
[2023-08-31T15:25:36.245+0000] {logging_mixin.py:151} INFO - [2023-08-31T15:25:36.245+0000] {dag.py:2907} INFO - Sync 1 DAGs
[2023-08-31T15:25:36.259+0000] {logging_mixin.py:151} INFO - [2023-08-31T15:25:36.259+0000] {dag.py:3677} INFO - Setting next_dagrun for example_nested_branch_dag to 2023-08-30T00:00:00+00:00, run_after=2023-08-31T00:00:00+00:00
[2023-08-31T15:25:36.270+0000] {processor.py:179} INFO - Processing /home/airflow/.local/lib/python3.8/site-packages/airflow/example_dags/example_nested_branch_dag.py took 0.054 seconds
[2023-08-31T15:26:06.453+0000] {processor.py:157} INFO - Started process (PID=4791) to work on /home/airflow/.local/lib/python3.8/site-packages/airflow/example_dags/example_nested_branch_dag.py
[2023-08-31T15:26:06.454+0000] {processor.py:829} INFO - Processing file /home/airflow/.local/lib/python3.8/site-packages/airflow/example_dags/example_nested_branch_dag.py for tasks to queue
[2023-08-31T15:26:06.455+0000] {logging_mixin.py:151} INFO - [2023-08-31T15:26:06.455+0000] {dagbag.py:539} INFO - Filling up the DagBag from /home/airflow/.local/lib/python3.8/site-packages/airflow/example_dags/example_nested_branch_dag.py
[2023-08-31T15:26:06.463+0000] {processor.py:839} INFO - DAG(s) dict_keys(['example_nested_branch_dag']) retrieved from /home/airflow/.local/lib/python3.8/site-packages/airflow/example_dags/example_nested_branch_dag.py
[2023-08-31T15:26:06.477+0000] {logging_mixin.py:151} INFO - [2023-08-31T15:26:06.477+0000] {dag.py:2907} INFO - Sync 1 DAGs
[2023-08-31T15:26:06.491+0000] {logging_mixin.py:151} INFO - [2023-08-31T15:26:06.491+0000] {dag.py:3677} INFO - Setting next_dagrun for example_nested_branch_dag to 2023-08-30T00:00:00+00:00, run_after=2023-08-31T00:00:00+00:00
[2023-08-31T15:26:06.503+0000] {processor.py:179} INFO - Processing /home/airflow/.local/lib/python3.8/site-packages/airflow/example_dags/example_nested_branch_dag.py took 0.052 seconds
[2023-08-31T15:26:36.848+0000] {processor.py:157} INFO - Started process (PID=5032) to work on /home/airflow/.local/lib/python3.8/site-packages/airflow/example_dags/example_nested_branch_dag.py
[2023-08-31T15:26:36.849+0000] {processor.py:829} INFO - Processing file /home/airflow/.local/lib/python3.8/site-packages/airflow/example_dags/example_nested_branch_dag.py for tasks to queue
[2023-08-31T15:26:36.851+0000] {logging_mixin.py:151} INFO - [2023-08-31T15:26:36.850+0000] {dagbag.py:539} INFO - Filling up the DagBag from /home/airflow/.local/lib/python3.8/site-packages/airflow/example_dags/example_nested_branch_dag.py
[2023-08-31T15:26:36.858+0000] {processor.py:839} INFO - DAG(s) dict_keys(['example_nested_branch_dag']) retrieved from /home/airflow/.local/lib/python3.8/site-packages/airflow/example_dags/example_nested_branch_dag.py
[2023-08-31T15:26:36.873+0000] {logging_mixin.py:151} INFO - [2023-08-31T15:26:36.873+0000] {dag.py:2907} INFO - Sync 1 DAGs
[2023-08-31T15:26:36.887+0000] {logging_mixin.py:151} INFO - [2023-08-31T15:26:36.887+0000] {dag.py:3677} INFO - Setting next_dagrun for example_nested_branch_dag to 2023-08-30T00:00:00+00:00, run_after=2023-08-31T00:00:00+00:00
[2023-08-31T15:26:36.898+0000] {processor.py:179} INFO - Processing /home/airflow/.local/lib/python3.8/site-packages/airflow/example_dags/example_nested_branch_dag.py took 0.054 seconds
[2023-08-31T15:27:07.124+0000] {processor.py:157} INFO - Started process (PID=5271) to work on /home/airflow/.local/lib/python3.8/site-packages/airflow/example_dags/example_nested_branch_dag.py
[2023-08-31T15:27:07.126+0000] {processor.py:829} INFO - Processing file /home/airflow/.local/lib/python3.8/site-packages/airflow/example_dags/example_nested_branch_dag.py for tasks to queue
[2023-08-31T15:27:07.127+0000] {logging_mixin.py:151} INFO - [2023-08-31T15:27:07.127+0000] {dagbag.py:539} INFO - Filling up the DagBag from /home/airflow/.local/lib/python3.8/site-packages/airflow/example_dags/example_nested_branch_dag.py
[2023-08-31T15:27:07.135+0000] {processor.py:839} INFO - DAG(s) dict_keys(['example_nested_branch_dag']) retrieved from /home/airflow/.local/lib/python3.8/site-packages/airflow/example_dags/example_nested_branch_dag.py
[2023-08-31T15:27:07.150+0000] {logging_mixin.py:151} INFO - [2023-08-31T15:27:07.150+0000] {dag.py:2907} INFO - Sync 1 DAGs
[2023-08-31T15:27:07.164+0000] {logging_mixin.py:151} INFO - [2023-08-31T15:27:07.164+0000] {dag.py:3677} INFO - Setting next_dagrun for example_nested_branch_dag to 2023-08-30T00:00:00+00:00, run_after=2023-08-31T00:00:00+00:00
[2023-08-31T15:27:07.175+0000] {processor.py:179} INFO - Processing /home/airflow/.local/lib/python3.8/site-packages/airflow/example_dags/example_nested_branch_dag.py took 0.053 seconds
[2023-08-31T15:27:37.568+0000] {processor.py:157} INFO - Started process (PID=5511) to work on /home/airflow/.local/lib/python3.8/site-packages/airflow/example_dags/example_nested_branch_dag.py
[2023-08-31T15:27:37.569+0000] {processor.py:829} INFO - Processing file /home/airflow/.local/lib/python3.8/site-packages/airflow/example_dags/example_nested_branch_dag.py for tasks to queue
[2023-08-31T15:27:37.570+0000] {logging_mixin.py:151} INFO - [2023-08-31T15:27:37.570+0000] {dagbag.py:539} INFO - Filling up the DagBag from /home/airflow/.local/lib/python3.8/site-packages/airflow/example_dags/example_nested_branch_dag.py
[2023-08-31T15:27:37.578+0000] {processor.py:839} INFO - DAG(s) dict_keys(['example_nested_branch_dag']) retrieved from /home/airflow/.local/lib/python3.8/site-packages/airflow/example_dags/example_nested_branch_dag.py
[2023-08-31T15:27:37.592+0000] {logging_mixin.py:151} INFO - [2023-08-31T15:27:37.592+0000] {dag.py:2907} INFO - Sync 1 DAGs
[2023-08-31T15:27:37.605+0000] {logging_mixin.py:151} INFO - [2023-08-31T15:27:37.605+0000] {dag.py:3677} INFO - Setting next_dagrun for example_nested_branch_dag to 2023-08-30T00:00:00+00:00, run_after=2023-08-31T00:00:00+00:00
[2023-08-31T15:27:37.617+0000] {processor.py:179} INFO - Processing /home/airflow/.local/lib/python3.8/site-packages/airflow/example_dags/example_nested_branch_dag.py took 0.052 seconds
[2023-08-31T15:28:07.866+0000] {processor.py:157} INFO - Started process (PID=5749) to work on /home/airflow/.local/lib/python3.8/site-packages/airflow/example_dags/example_nested_branch_dag.py
[2023-08-31T15:28:07.867+0000] {processor.py:829} INFO - Processing file /home/airflow/.local/lib/python3.8/site-packages/airflow/example_dags/example_nested_branch_dag.py for tasks to queue
[2023-08-31T15:28:07.868+0000] {logging_mixin.py:151} INFO - [2023-08-31T15:28:07.868+0000] {dagbag.py:539} INFO - Filling up the DagBag from /home/airflow/.local/lib/python3.8/site-packages/airflow/example_dags/example_nested_branch_dag.py
[2023-08-31T15:28:07.876+0000] {processor.py:839} INFO - DAG(s) dict_keys(['example_nested_branch_dag']) retrieved from /home/airflow/.local/lib/python3.8/site-packages/airflow/example_dags/example_nested_branch_dag.py
[2023-08-31T15:28:07.891+0000] {logging_mixin.py:151} INFO - [2023-08-31T15:28:07.891+0000] {dag.py:2907} INFO - Sync 1 DAGs
[2023-08-31T15:28:07.905+0000] {logging_mixin.py:151} INFO - [2023-08-31T15:28:07.905+0000] {dag.py:3677} INFO - Setting next_dagrun for example_nested_branch_dag to 2023-08-30T00:00:00+00:00, run_after=2023-08-31T00:00:00+00:00
[2023-08-31T15:28:07.917+0000] {processor.py:179} INFO - Processing /home/airflow/.local/lib/python3.8/site-packages/airflow/example_dags/example_nested_branch_dag.py took 0.053 seconds
[2023-08-31T15:28:38.219+0000] {processor.py:157} INFO - Started process (PID=5990) to work on /home/airflow/.local/lib/python3.8/site-packages/airflow/example_dags/example_nested_branch_dag.py
[2023-08-31T15:28:38.221+0000] {processor.py:829} INFO - Processing file /home/airflow/.local/lib/python3.8/site-packages/airflow/example_dags/example_nested_branch_dag.py for tasks to queue
[2023-08-31T15:28:38.222+0000] {logging_mixin.py:151} INFO - [2023-08-31T15:28:38.221+0000] {dagbag.py:539} INFO - Filling up the DagBag from /home/airflow/.local/lib/python3.8/site-packages/airflow/example_dags/example_nested_branch_dag.py
[2023-08-31T15:28:38.229+0000] {processor.py:839} INFO - DAG(s) dict_keys(['example_nested_branch_dag']) retrieved from /home/airflow/.local/lib/python3.8/site-packages/airflow/example_dags/example_nested_branch_dag.py
[2023-08-31T15:28:38.244+0000] {logging_mixin.py:151} INFO - [2023-08-31T15:28:38.244+0000] {dag.py:2907} INFO - Sync 1 DAGs
[2023-08-31T15:28:38.258+0000] {logging_mixin.py:151} INFO - [2023-08-31T15:28:38.258+0000] {dag.py:3677} INFO - Setting next_dagrun for example_nested_branch_dag to 2023-08-30T00:00:00+00:00, run_after=2023-08-31T00:00:00+00:00
[2023-08-31T15:28:38.269+0000] {processor.py:179} INFO - Processing /home/airflow/.local/lib/python3.8/site-packages/airflow/example_dags/example_nested_branch_dag.py took 0.053 seconds
[2023-08-31T15:29:08.450+0000] {processor.py:157} INFO - Started process (PID=6232) to work on /home/airflow/.local/lib/python3.8/site-packages/airflow/example_dags/example_nested_branch_dag.py
[2023-08-31T15:29:08.452+0000] {processor.py:829} INFO - Processing file /home/airflow/.local/lib/python3.8/site-packages/airflow/example_dags/example_nested_branch_dag.py for tasks to queue
[2023-08-31T15:29:08.453+0000] {logging_mixin.py:151} INFO - [2023-08-31T15:29:08.453+0000] {dagbag.py:539} INFO - Filling up the DagBag from /home/airflow/.local/lib/python3.8/site-packages/airflow/example_dags/example_nested_branch_dag.py
[2023-08-31T15:29:08.460+0000] {processor.py:839} INFO - DAG(s) dict_keys(['example_nested_branch_dag']) retrieved from /home/airflow/.local/lib/python3.8/site-packages/airflow/example_dags/example_nested_branch_dag.py
[2023-08-31T15:29:08.475+0000] {logging_mixin.py:151} INFO - [2023-08-31T15:29:08.475+0000] {dag.py:2907} INFO - Sync 1 DAGs
[2023-08-31T15:29:08.489+0000] {logging_mixin.py:151} INFO - [2023-08-31T15:29:08.489+0000] {dag.py:3677} INFO - Setting next_dagrun for example_nested_branch_dag to 2023-08-30T00:00:00+00:00, run_after=2023-08-31T00:00:00+00:00
[2023-08-31T15:29:08.500+0000] {processor.py:179} INFO - Processing /home/airflow/.local/lib/python3.8/site-packages/airflow/example_dags/example_nested_branch_dag.py took 0.052 seconds
[2023-08-31T15:29:38.953+0000] {processor.py:157} INFO - Started process (PID=6474) to work on /home/airflow/.local/lib/python3.8/site-packages/airflow/example_dags/example_nested_branch_dag.py
[2023-08-31T15:29:38.954+0000] {processor.py:829} INFO - Processing file /home/airflow/.local/lib/python3.8/site-packages/airflow/example_dags/example_nested_branch_dag.py for tasks to queue
[2023-08-31T15:29:38.955+0000] {logging_mixin.py:151} INFO - [2023-08-31T15:29:38.955+0000] {dagbag.py:539} INFO - Filling up the DagBag from /home/airflow/.local/lib/python3.8/site-packages/airflow/example_dags/example_nested_branch_dag.py
[2023-08-31T15:29:38.963+0000] {processor.py:839} INFO - DAG(s) dict_keys(['example_nested_branch_dag']) retrieved from /home/airflow/.local/lib/python3.8/site-packages/airflow/example_dags/example_nested_branch_dag.py
[2023-08-31T15:29:38.978+0000] {logging_mixin.py:151} INFO - [2023-08-31T15:29:38.978+0000] {dag.py:2907} INFO - Sync 1 DAGs
[2023-08-31T15:29:38.993+0000] {logging_mixin.py:151} INFO - [2023-08-31T15:29:38.993+0000] {dag.py:3677} INFO - Setting next_dagrun for example_nested_branch_dag to 2023-08-30T00:00:00+00:00, run_after=2023-08-31T00:00:00+00:00
[2023-08-31T15:29:39.005+0000] {processor.py:179} INFO - Processing /home/airflow/.local/lib/python3.8/site-packages/airflow/example_dags/example_nested_branch_dag.py took 0.055 seconds
[2023-08-31T15:30:09.164+0000] {processor.py:157} INFO - Started process (PID=6712) to work on /home/airflow/.local/lib/python3.8/site-packages/airflow/example_dags/example_nested_branch_dag.py
[2023-08-31T15:30:09.165+0000] {processor.py:829} INFO - Processing file /home/airflow/.local/lib/python3.8/site-packages/airflow/example_dags/example_nested_branch_dag.py for tasks to queue
[2023-08-31T15:30:09.166+0000] {logging_mixin.py:151} INFO - [2023-08-31T15:30:09.166+0000] {dagbag.py:539} INFO - Filling up the DagBag from /home/airflow/.local/lib/python3.8/site-packages/airflow/example_dags/example_nested_branch_dag.py
[2023-08-31T15:30:09.174+0000] {processor.py:839} INFO - DAG(s) dict_keys(['example_nested_branch_dag']) retrieved from /home/airflow/.local/lib/python3.8/site-packages/airflow/example_dags/example_nested_branch_dag.py
[2023-08-31T15:30:09.192+0000] {logging_mixin.py:151} INFO - [2023-08-31T15:30:09.192+0000] {dag.py:2907} INFO - Sync 1 DAGs
[2023-08-31T15:30:09.206+0000] {logging_mixin.py:151} INFO - [2023-08-31T15:30:09.206+0000] {dag.py:3677} INFO - Setting next_dagrun for example_nested_branch_dag to 2023-08-30T00:00:00+00:00, run_after=2023-08-31T00:00:00+00:00
[2023-08-31T15:30:09.217+0000] {processor.py:179} INFO - Processing /home/airflow/.local/lib/python3.8/site-packages/airflow/example_dags/example_nested_branch_dag.py took 0.056 seconds
[2023-08-31T15:30:39.392+0000] {processor.py:157} INFO - Started process (PID=6953) to work on /home/airflow/.local/lib/python3.8/site-packages/airflow/example_dags/example_nested_branch_dag.py
[2023-08-31T15:30:39.393+0000] {processor.py:829} INFO - Processing file /home/airflow/.local/lib/python3.8/site-packages/airflow/example_dags/example_nested_branch_dag.py for tasks to queue
[2023-08-31T15:30:39.394+0000] {logging_mixin.py:151} INFO - [2023-08-31T15:30:39.394+0000] {dagbag.py:539} INFO - Filling up the DagBag from /home/airflow/.local/lib/python3.8/site-packages/airflow/example_dags/example_nested_branch_dag.py
[2023-08-31T15:30:39.401+0000] {processor.py:839} INFO - DAG(s) dict_keys(['example_nested_branch_dag']) retrieved from /home/airflow/.local/lib/python3.8/site-packages/airflow/example_dags/example_nested_branch_dag.py
[2023-08-31T15:30:39.417+0000] {logging_mixin.py:151} INFO - [2023-08-31T15:30:39.417+0000] {dag.py:2907} INFO - Sync 1 DAGs
[2023-08-31T15:30:39.430+0000] {logging_mixin.py:151} INFO - [2023-08-31T15:30:39.430+0000] {dag.py:3677} INFO - Setting next_dagrun for example_nested_branch_dag to 2023-08-30T00:00:00+00:00, run_after=2023-08-31T00:00:00+00:00
[2023-08-31T15:30:39.442+0000] {processor.py:179} INFO - Processing /home/airflow/.local/lib/python3.8/site-packages/airflow/example_dags/example_nested_branch_dag.py took 0.052 seconds
[2023-08-31T15:31:09.815+0000] {processor.py:157} INFO - Started process (PID=7194) to work on /home/airflow/.local/lib/python3.8/site-packages/airflow/example_dags/example_nested_branch_dag.py
[2023-08-31T15:31:09.816+0000] {processor.py:829} INFO - Processing file /home/airflow/.local/lib/python3.8/site-packages/airflow/example_dags/example_nested_branch_dag.py for tasks to queue
[2023-08-31T15:31:09.817+0000] {logging_mixin.py:151} INFO - [2023-08-31T15:31:09.817+0000] {dagbag.py:539} INFO - Filling up the DagBag from /home/airflow/.local/lib/python3.8/site-packages/airflow/example_dags/example_nested_branch_dag.py
[2023-08-31T15:31:09.825+0000] {processor.py:839} INFO - DAG(s) dict_keys(['example_nested_branch_dag']) retrieved from /home/airflow/.local/lib/python3.8/site-packages/airflow/example_dags/example_nested_branch_dag.py
[2023-08-31T15:31:09.840+0000] {logging_mixin.py:151} INFO - [2023-08-31T15:31:09.840+0000] {dag.py:2907} INFO - Sync 1 DAGs
[2023-08-31T15:31:09.854+0000] {logging_mixin.py:151} INFO - [2023-08-31T15:31:09.854+0000] {dag.py:3677} INFO - Setting next_dagrun for example_nested_branch_dag to 2023-08-30T00:00:00+00:00, run_after=2023-08-31T00:00:00+00:00
[2023-08-31T15:31:09.865+0000] {processor.py:179} INFO - Processing /home/airflow/.local/lib/python3.8/site-packages/airflow/example_dags/example_nested_branch_dag.py took 0.054 seconds
[2023-08-31T15:31:40.256+0000] {processor.py:157} INFO - Started process (PID=7433) to work on /home/airflow/.local/lib/python3.8/site-packages/airflow/example_dags/example_nested_branch_dag.py
[2023-08-31T15:31:40.257+0000] {processor.py:829} INFO - Processing file /home/airflow/.local/lib/python3.8/site-packages/airflow/example_dags/example_nested_branch_dag.py for tasks to queue
[2023-08-31T15:31:40.258+0000] {logging_mixin.py:151} INFO - [2023-08-31T15:31:40.258+0000] {dagbag.py:539} INFO - Filling up the DagBag from /home/airflow/.local/lib/python3.8/site-packages/airflow/example_dags/example_nested_branch_dag.py
[2023-08-31T15:31:40.265+0000] {processor.py:839} INFO - DAG(s) dict_keys(['example_nested_branch_dag']) retrieved from /home/airflow/.local/lib/python3.8/site-packages/airflow/example_dags/example_nested_branch_dag.py
[2023-08-31T15:31:40.280+0000] {logging_mixin.py:151} INFO - [2023-08-31T15:31:40.280+0000] {dag.py:2907} INFO - Sync 1 DAGs
[2023-08-31T15:31:40.294+0000] {logging_mixin.py:151} INFO - [2023-08-31T15:31:40.294+0000] {dag.py:3677} INFO - Setting next_dagrun for example_nested_branch_dag to 2023-08-30T00:00:00+00:00, run_after=2023-08-31T00:00:00+00:00
[2023-08-31T15:31:40.305+0000] {processor.py:179} INFO - Processing /home/airflow/.local/lib/python3.8/site-packages/airflow/example_dags/example_nested_branch_dag.py took 0.053 seconds
[2023-08-31T15:32:10.628+0000] {processor.py:157} INFO - Started process (PID=7672) to work on /home/airflow/.local/lib/python3.8/site-packages/airflow/example_dags/example_nested_branch_dag.py
[2023-08-31T15:32:10.629+0000] {processor.py:829} INFO - Processing file /home/airflow/.local/lib/python3.8/site-packages/airflow/example_dags/example_nested_branch_dag.py for tasks to queue
[2023-08-31T15:32:10.630+0000] {logging_mixin.py:151} INFO - [2023-08-31T15:32:10.630+0000] {dagbag.py:539} INFO - Filling up the DagBag from /home/airflow/.local/lib/python3.8/site-packages/airflow/example_dags/example_nested_branch_dag.py
[2023-08-31T15:32:10.637+0000] {processor.py:839} INFO - DAG(s) dict_keys(['example_nested_branch_dag']) retrieved from /home/airflow/.local/lib/python3.8/site-packages/airflow/example_dags/example_nested_branch_dag.py
[2023-08-31T15:32:10.652+0000] {logging_mixin.py:151} INFO - [2023-08-31T15:32:10.652+0000] {dag.py:2907} INFO - Sync 1 DAGs
[2023-08-31T15:32:10.666+0000] {logging_mixin.py:151} INFO - [2023-08-31T15:32:10.666+0000] {dag.py:3677} INFO - Setting next_dagrun for example_nested_branch_dag to 2023-08-30T00:00:00+00:00, run_after=2023-08-31T00:00:00+00:00
[2023-08-31T15:32:10.677+0000] {processor.py:179} INFO - Processing /home/airflow/.local/lib/python3.8/site-packages/airflow/example_dags/example_nested_branch_dag.py took 0.053 seconds
[2023-08-31T15:32:40.988+0000] {processor.py:157} INFO - Started process (PID=7912) to work on /home/airflow/.local/lib/python3.8/site-packages/airflow/example_dags/example_nested_branch_dag.py
[2023-08-31T15:32:40.990+0000] {processor.py:829} INFO - Processing file /home/airflow/.local/lib/python3.8/site-packages/airflow/example_dags/example_nested_branch_dag.py for tasks to queue
[2023-08-31T15:32:40.991+0000] {logging_mixin.py:151} INFO - [2023-08-31T15:32:40.991+0000] {dagbag.py:539} INFO - Filling up the DagBag from /home/airflow/.local/lib/python3.8/site-packages/airflow/example_dags/example_nested_branch_dag.py
[2023-08-31T15:32:41.002+0000] {processor.py:839} INFO - DAG(s) dict_keys(['example_nested_branch_dag']) retrieved from /home/airflow/.local/lib/python3.8/site-packages/airflow/example_dags/example_nested_branch_dag.py
[2023-08-31T15:32:41.026+0000] {logging_mixin.py:151} INFO - [2023-08-31T15:32:41.026+0000] {dag.py:2907} INFO - Sync 1 DAGs
[2023-08-31T15:32:41.043+0000] {logging_mixin.py:151} INFO - [2023-08-31T15:32:41.043+0000] {dag.py:3677} INFO - Setting next_dagrun for example_nested_branch_dag to 2023-08-30T00:00:00+00:00, run_after=2023-08-31T00:00:00+00:00
[2023-08-31T15:32:41.056+0000] {processor.py:179} INFO - Processing /home/airflow/.local/lib/python3.8/site-packages/airflow/example_dags/example_nested_branch_dag.py took 0.071 seconds
[2023-08-31T15:33:11.466+0000] {processor.py:157} INFO - Started process (PID=8151) to work on /home/airflow/.local/lib/python3.8/site-packages/airflow/example_dags/example_nested_branch_dag.py
[2023-08-31T15:33:11.467+0000] {processor.py:829} INFO - Processing file /home/airflow/.local/lib/python3.8/site-packages/airflow/example_dags/example_nested_branch_dag.py for tasks to queue
[2023-08-31T15:33:11.469+0000] {logging_mixin.py:151} INFO - [2023-08-31T15:33:11.469+0000] {dagbag.py:539} INFO - Filling up the DagBag from /home/airflow/.local/lib/python3.8/site-packages/airflow/example_dags/example_nested_branch_dag.py
[2023-08-31T15:33:11.476+0000] {processor.py:839} INFO - DAG(s) dict_keys(['example_nested_branch_dag']) retrieved from /home/airflow/.local/lib/python3.8/site-packages/airflow/example_dags/example_nested_branch_dag.py
[2023-08-31T15:33:11.491+0000] {logging_mixin.py:151} INFO - [2023-08-31T15:33:11.491+0000] {dag.py:2907} INFO - Sync 1 DAGs
[2023-08-31T15:33:11.504+0000] {logging_mixin.py:151} INFO - [2023-08-31T15:33:11.504+0000] {dag.py:3677} INFO - Setting next_dagrun for example_nested_branch_dag to 2023-08-30T00:00:00+00:00, run_after=2023-08-31T00:00:00+00:00
[2023-08-31T15:33:11.514+0000] {processor.py:179} INFO - Processing /home/airflow/.local/lib/python3.8/site-packages/airflow/example_dags/example_nested_branch_dag.py took 0.051 seconds
[2023-08-31T15:33:41.832+0000] {processor.py:157} INFO - Started process (PID=8389) to work on /home/airflow/.local/lib/python3.8/site-packages/airflow/example_dags/example_nested_branch_dag.py
[2023-08-31T15:33:41.834+0000] {processor.py:829} INFO - Processing file /home/airflow/.local/lib/python3.8/site-packages/airflow/example_dags/example_nested_branch_dag.py for tasks to queue
[2023-08-31T15:33:41.836+0000] {logging_mixin.py:151} INFO - [2023-08-31T15:33:41.835+0000] {dagbag.py:539} INFO - Filling up the DagBag from /home/airflow/.local/lib/python3.8/site-packages/airflow/example_dags/example_nested_branch_dag.py
[2023-08-31T15:33:41.844+0000] {processor.py:839} INFO - DAG(s) dict_keys(['example_nested_branch_dag']) retrieved from /home/airflow/.local/lib/python3.8/site-packages/airflow/example_dags/example_nested_branch_dag.py
[2023-08-31T15:33:41.861+0000] {logging_mixin.py:151} INFO - [2023-08-31T15:33:41.861+0000] {dag.py:2907} INFO - Sync 1 DAGs
[2023-08-31T15:33:41.877+0000] {logging_mixin.py:151} INFO - [2023-08-31T15:33:41.877+0000] {dag.py:3677} INFO - Setting next_dagrun for example_nested_branch_dag to 2023-08-30T00:00:00+00:00, run_after=2023-08-31T00:00:00+00:00
[2023-08-31T15:33:41.893+0000] {processor.py:179} INFO - Processing /home/airflow/.local/lib/python3.8/site-packages/airflow/example_dags/example_nested_branch_dag.py took 0.064 seconds
[2023-08-31T15:34:12.423+0000] {processor.py:157} INFO - Started process (PID=8630) to work on /home/airflow/.local/lib/python3.8/site-packages/airflow/example_dags/example_nested_branch_dag.py
[2023-08-31T15:34:12.425+0000] {processor.py:829} INFO - Processing file /home/airflow/.local/lib/python3.8/site-packages/airflow/example_dags/example_nested_branch_dag.py for tasks to queue
[2023-08-31T15:34:12.425+0000] {logging_mixin.py:151} INFO - [2023-08-31T15:34:12.425+0000] {dagbag.py:539} INFO - Filling up the DagBag from /home/airflow/.local/lib/python3.8/site-packages/airflow/example_dags/example_nested_branch_dag.py
[2023-08-31T15:34:12.433+0000] {processor.py:839} INFO - DAG(s) dict_keys(['example_nested_branch_dag']) retrieved from /home/airflow/.local/lib/python3.8/site-packages/airflow/example_dags/example_nested_branch_dag.py
[2023-08-31T15:34:12.451+0000] {logging_mixin.py:151} INFO - [2023-08-31T15:34:12.450+0000] {dag.py:2907} INFO - Sync 1 DAGs
[2023-08-31T15:34:12.466+0000] {logging_mixin.py:151} INFO - [2023-08-31T15:34:12.466+0000] {dag.py:3677} INFO - Setting next_dagrun for example_nested_branch_dag to 2023-08-30T00:00:00+00:00, run_after=2023-08-31T00:00:00+00:00
[2023-08-31T15:34:12.479+0000] {processor.py:179} INFO - Processing /home/airflow/.local/lib/python3.8/site-packages/airflow/example_dags/example_nested_branch_dag.py took 0.058 seconds
[2023-08-31T15:34:42.864+0000] {processor.py:157} INFO - Started process (PID=8870) to work on /home/airflow/.local/lib/python3.8/site-packages/airflow/example_dags/example_nested_branch_dag.py
[2023-08-31T15:34:42.866+0000] {processor.py:829} INFO - Processing file /home/airflow/.local/lib/python3.8/site-packages/airflow/example_dags/example_nested_branch_dag.py for tasks to queue
[2023-08-31T15:34:42.867+0000] {logging_mixin.py:151} INFO - [2023-08-31T15:34:42.867+0000] {dagbag.py:539} INFO - Filling up the DagBag from /home/airflow/.local/lib/python3.8/site-packages/airflow/example_dags/example_nested_branch_dag.py
[2023-08-31T15:34:42.874+0000] {processor.py:839} INFO - DAG(s) dict_keys(['example_nested_branch_dag']) retrieved from /home/airflow/.local/lib/python3.8/site-packages/airflow/example_dags/example_nested_branch_dag.py
[2023-08-31T15:34:42.889+0000] {logging_mixin.py:151} INFO - [2023-08-31T15:34:42.889+0000] {dag.py:2907} INFO - Sync 1 DAGs
[2023-08-31T15:34:42.903+0000] {logging_mixin.py:151} INFO - [2023-08-31T15:34:42.903+0000] {dag.py:3677} INFO - Setting next_dagrun for example_nested_branch_dag to 2023-08-30T00:00:00+00:00, run_after=2023-08-31T00:00:00+00:00
[2023-08-31T15:34:42.914+0000] {processor.py:179} INFO - Processing /home/airflow/.local/lib/python3.8/site-packages/airflow/example_dags/example_nested_branch_dag.py took 0.053 seconds
[2023-08-31T15:35:13.237+0000] {processor.py:157} INFO - Started process (PID=9114) to work on /home/airflow/.local/lib/python3.8/site-packages/airflow/example_dags/example_nested_branch_dag.py
[2023-08-31T15:35:13.238+0000] {processor.py:829} INFO - Processing file /home/airflow/.local/lib/python3.8/site-packages/airflow/example_dags/example_nested_branch_dag.py for tasks to queue
[2023-08-31T15:35:13.239+0000] {logging_mixin.py:151} INFO - [2023-08-31T15:35:13.239+0000] {dagbag.py:539} INFO - Filling up the DagBag from /home/airflow/.local/lib/python3.8/site-packages/airflow/example_dags/example_nested_branch_dag.py
[2023-08-31T15:35:13.246+0000] {processor.py:839} INFO - DAG(s) dict_keys(['example_nested_branch_dag']) retrieved from /home/airflow/.local/lib/python3.8/site-packages/airflow/example_dags/example_nested_branch_dag.py
[2023-08-31T15:35:13.262+0000] {logging_mixin.py:151} INFO - [2023-08-31T15:35:13.262+0000] {dag.py:2907} INFO - Sync 1 DAGs
[2023-08-31T15:35:13.276+0000] {logging_mixin.py:151} INFO - [2023-08-31T15:35:13.276+0000] {dag.py:3677} INFO - Setting next_dagrun for example_nested_branch_dag to 2023-08-30T00:00:00+00:00, run_after=2023-08-31T00:00:00+00:00
[2023-08-31T15:35:13.287+0000] {processor.py:179} INFO - Processing /home/airflow/.local/lib/python3.8/site-packages/airflow/example_dags/example_nested_branch_dag.py took 0.053 seconds
[2023-08-31T15:35:43.615+0000] {processor.py:157} INFO - Started process (PID=9353) to work on /home/airflow/.local/lib/python3.8/site-packages/airflow/example_dags/example_nested_branch_dag.py
[2023-08-31T15:35:43.617+0000] {processor.py:829} INFO - Processing file /home/airflow/.local/lib/python3.8/site-packages/airflow/example_dags/example_nested_branch_dag.py for tasks to queue
[2023-08-31T15:35:43.618+0000] {logging_mixin.py:151} INFO - [2023-08-31T15:35:43.618+0000] {dagbag.py:539} INFO - Filling up the DagBag from /home/airflow/.local/lib/python3.8/site-packages/airflow/example_dags/example_nested_branch_dag.py
[2023-08-31T15:35:43.626+0000] {processor.py:839} INFO - DAG(s) dict_keys(['example_nested_branch_dag']) retrieved from /home/airflow/.local/lib/python3.8/site-packages/airflow/example_dags/example_nested_branch_dag.py
[2023-08-31T15:35:43.641+0000] {logging_mixin.py:151} INFO - [2023-08-31T15:35:43.641+0000] {dag.py:2907} INFO - Sync 1 DAGs
[2023-08-31T15:35:43.655+0000] {logging_mixin.py:151} INFO - [2023-08-31T15:35:43.655+0000] {dag.py:3677} INFO - Setting next_dagrun for example_nested_branch_dag to 2023-08-30T00:00:00+00:00, run_after=2023-08-31T00:00:00+00:00
[2023-08-31T15:35:43.671+0000] {processor.py:179} INFO - Processing /home/airflow/.local/lib/python3.8/site-packages/airflow/example_dags/example_nested_branch_dag.py took 0.058 seconds
[2023-08-31T15:36:13.957+0000] {processor.py:157} INFO - Started process (PID=9594) to work on /home/airflow/.local/lib/python3.8/site-packages/airflow/example_dags/example_nested_branch_dag.py
[2023-08-31T15:36:13.962+0000] {processor.py:829} INFO - Processing file /home/airflow/.local/lib/python3.8/site-packages/airflow/example_dags/example_nested_branch_dag.py for tasks to queue
[2023-08-31T15:36:13.963+0000] {logging_mixin.py:151} INFO - [2023-08-31T15:36:13.963+0000] {dagbag.py:539} INFO - Filling up the DagBag from /home/airflow/.local/lib/python3.8/site-packages/airflow/example_dags/example_nested_branch_dag.py
[2023-08-31T15:36:13.970+0000] {processor.py:839} INFO - DAG(s) dict_keys(['example_nested_branch_dag']) retrieved from /home/airflow/.local/lib/python3.8/site-packages/airflow/example_dags/example_nested_branch_dag.py
[2023-08-31T15:36:13.985+0000] {logging_mixin.py:151} INFO - [2023-08-31T15:36:13.985+0000] {dag.py:2907} INFO - Sync 1 DAGs
[2023-08-31T15:36:13.999+0000] {logging_mixin.py:151} INFO - [2023-08-31T15:36:13.998+0000] {dag.py:3677} INFO - Setting next_dagrun for example_nested_branch_dag to 2023-08-30T00:00:00+00:00, run_after=2023-08-31T00:00:00+00:00
[2023-08-31T15:36:14.009+0000] {processor.py:179} INFO - Processing /home/airflow/.local/lib/python3.8/site-packages/airflow/example_dags/example_nested_branch_dag.py took 0.055 seconds
[2023-08-31T15:36:44.290+0000] {processor.py:157} INFO - Started process (PID=9832) to work on /home/airflow/.local/lib/python3.8/site-packages/airflow/example_dags/example_nested_branch_dag.py
[2023-08-31T15:36:44.291+0000] {processor.py:829} INFO - Processing file /home/airflow/.local/lib/python3.8/site-packages/airflow/example_dags/example_nested_branch_dag.py for tasks to queue
[2023-08-31T15:36:44.292+0000] {logging_mixin.py:151} INFO - [2023-08-31T15:36:44.292+0000] {dagbag.py:539} INFO - Filling up the DagBag from /home/airflow/.local/lib/python3.8/site-packages/airflow/example_dags/example_nested_branch_dag.py
[2023-08-31T15:36:44.301+0000] {processor.py:839} INFO - DAG(s) dict_keys(['example_nested_branch_dag']) retrieved from /home/airflow/.local/lib/python3.8/site-packages/airflow/example_dags/example_nested_branch_dag.py
[2023-08-31T15:36:44.317+0000] {logging_mixin.py:151} INFO - [2023-08-31T15:36:44.317+0000] {dag.py:2907} INFO - Sync 1 DAGs
[2023-08-31T15:36:44.331+0000] {logging_mixin.py:151} INFO - [2023-08-31T15:36:44.331+0000] {dag.py:3677} INFO - Setting next_dagrun for example_nested_branch_dag to 2023-08-30T00:00:00+00:00, run_after=2023-08-31T00:00:00+00:00
[2023-08-31T15:36:44.343+0000] {processor.py:179} INFO - Processing /home/airflow/.local/lib/python3.8/site-packages/airflow/example_dags/example_nested_branch_dag.py took 0.056 seconds
[2023-08-31T15:37:14.617+0000] {processor.py:157} INFO - Started process (PID=10071) to work on /home/airflow/.local/lib/python3.8/site-packages/airflow/example_dags/example_nested_branch_dag.py
[2023-08-31T15:37:14.618+0000] {processor.py:829} INFO - Processing file /home/airflow/.local/lib/python3.8/site-packages/airflow/example_dags/example_nested_branch_dag.py for tasks to queue
[2023-08-31T15:37:14.619+0000] {logging_mixin.py:151} INFO - [2023-08-31T15:37:14.619+0000] {dagbag.py:539} INFO - Filling up the DagBag from /home/airflow/.local/lib/python3.8/site-packages/airflow/example_dags/example_nested_branch_dag.py
[2023-08-31T15:37:14.627+0000] {processor.py:839} INFO - DAG(s) dict_keys(['example_nested_branch_dag']) retrieved from /home/airflow/.local/lib/python3.8/site-packages/airflow/example_dags/example_nested_branch_dag.py
[2023-08-31T15:37:14.644+0000] {logging_mixin.py:151} INFO - [2023-08-31T15:37:14.643+0000] {dag.py:2907} INFO - Sync 1 DAGs
[2023-08-31T15:37:14.657+0000] {logging_mixin.py:151} INFO - [2023-08-31T15:37:14.657+0000] {dag.py:3677} INFO - Setting next_dagrun for example_nested_branch_dag to 2023-08-30T00:00:00+00:00, run_after=2023-08-31T00:00:00+00:00
[2023-08-31T15:37:14.668+0000] {processor.py:179} INFO - Processing /home/airflow/.local/lib/python3.8/site-packages/airflow/example_dags/example_nested_branch_dag.py took 0.054 seconds
[2023-08-31T15:37:44.838+0000] {processor.py:157} INFO - Started process (PID=10312) to work on /home/airflow/.local/lib/python3.8/site-packages/airflow/example_dags/example_nested_branch_dag.py
[2023-08-31T15:37:44.840+0000] {processor.py:829} INFO - Processing file /home/airflow/.local/lib/python3.8/site-packages/airflow/example_dags/example_nested_branch_dag.py for tasks to queue
[2023-08-31T15:37:44.841+0000] {logging_mixin.py:151} INFO - [2023-08-31T15:37:44.841+0000] {dagbag.py:539} INFO - Filling up the DagBag from /home/airflow/.local/lib/python3.8/site-packages/airflow/example_dags/example_nested_branch_dag.py
[2023-08-31T15:37:44.848+0000] {processor.py:839} INFO - DAG(s) dict_keys(['example_nested_branch_dag']) retrieved from /home/airflow/.local/lib/python3.8/site-packages/airflow/example_dags/example_nested_branch_dag.py
[2023-08-31T15:37:44.864+0000] {logging_mixin.py:151} INFO - [2023-08-31T15:37:44.864+0000] {dag.py:2907} INFO - Sync 1 DAGs
[2023-08-31T15:37:44.878+0000] {logging_mixin.py:151} INFO - [2023-08-31T15:37:44.877+0000] {dag.py:3677} INFO - Setting next_dagrun for example_nested_branch_dag to 2023-08-30T00:00:00+00:00, run_after=2023-08-31T00:00:00+00:00
[2023-08-31T15:37:44.890+0000] {processor.py:179} INFO - Processing /home/airflow/.local/lib/python3.8/site-packages/airflow/example_dags/example_nested_branch_dag.py took 0.055 seconds
