[2023-08-31T15:16:29.637+0000] {processor.py:157} INFO - Started process (PID=292) to work on /home/airflow/.local/lib/python3.8/site-packages/airflow/example_dags/example_branch_labels.py
[2023-08-31T15:16:29.639+0000] {processor.py:829} INFO - Processing file /home/airflow/.local/lib/python3.8/site-packages/airflow/example_dags/example_branch_labels.py for tasks to queue
[2023-08-31T15:16:29.640+0000] {logging_mixin.py:151} INFO - [2023-08-31T15:16:29.640+0000] {dagbag.py:539} INFO - Filling up the DagBag from /home/airflow/.local/lib/python3.8/site-packages/airflow/example_dags/example_branch_labels.py
[2023-08-31T15:16:29.646+0000] {processor.py:839} INFO - DAG(s) dict_keys(['example_branch_labels']) retrieved from /home/airflow/.local/lib/python3.8/site-packages/airflow/example_dags/example_branch_labels.py
[2023-08-31T15:16:29.659+0000] {logging_mixin.py:151} INFO - [2023-08-31T15:16:29.659+0000] {dag.py:2907} INFO - Sync 1 DAGs
[2023-08-31T15:16:29.677+0000] {logging_mixin.py:151} INFO - [2023-08-31T15:16:29.677+0000] {dag.py:3677} INFO - Setting next_dagrun for example_branch_labels to 2023-08-30T00:00:00+00:00, run_after=2023-08-31T00:00:00+00:00
[2023-08-31T15:16:29.691+0000] {processor.py:179} INFO - Processing /home/airflow/.local/lib/python3.8/site-packages/airflow/example_dags/example_branch_labels.py took 0.056 seconds
[2023-08-31T15:17:00.633+0000] {processor.py:157} INFO - Started process (PID=537) to work on /home/airflow/.local/lib/python3.8/site-packages/airflow/example_dags/example_branch_labels.py
[2023-08-31T15:17:00.634+0000] {processor.py:829} INFO - Processing file /home/airflow/.local/lib/python3.8/site-packages/airflow/example_dags/example_branch_labels.py for tasks to queue
[2023-08-31T15:17:00.635+0000] {logging_mixin.py:151} INFO - [2023-08-31T15:17:00.635+0000] {dagbag.py:539} INFO - Filling up the DagBag from /home/airflow/.local/lib/python3.8/site-packages/airflow/example_dags/example_branch_labels.py
[2023-08-31T15:17:00.641+0000] {processor.py:839} INFO - DAG(s) dict_keys(['example_branch_labels']) retrieved from /home/airflow/.local/lib/python3.8/site-packages/airflow/example_dags/example_branch_labels.py
[2023-08-31T15:17:00.654+0000] {logging_mixin.py:151} INFO - [2023-08-31T15:17:00.654+0000] {dag.py:2907} INFO - Sync 1 DAGs
[2023-08-31T15:17:00.667+0000] {logging_mixin.py:151} INFO - [2023-08-31T15:17:00.667+0000] {dag.py:3677} INFO - Setting next_dagrun for example_branch_labels to 2023-08-30T00:00:00+00:00, run_after=2023-08-31T00:00:00+00:00
[2023-08-31T15:17:00.758+0000] {processor.py:179} INFO - Processing /home/airflow/.local/lib/python3.8/site-packages/airflow/example_dags/example_branch_labels.py took 0.127 seconds
[2023-08-31T15:17:31.632+0000] {processor.py:157} INFO - Started process (PID=776) to work on /home/airflow/.local/lib/python3.8/site-packages/airflow/example_dags/example_branch_labels.py
[2023-08-31T15:17:31.634+0000] {processor.py:829} INFO - Processing file /home/airflow/.local/lib/python3.8/site-packages/airflow/example_dags/example_branch_labels.py for tasks to queue
[2023-08-31T15:17:31.635+0000] {logging_mixin.py:151} INFO - [2023-08-31T15:17:31.635+0000] {dagbag.py:539} INFO - Filling up the DagBag from /home/airflow/.local/lib/python3.8/site-packages/airflow/example_dags/example_branch_labels.py
[2023-08-31T15:17:31.640+0000] {processor.py:839} INFO - DAG(s) dict_keys(['example_branch_labels']) retrieved from /home/airflow/.local/lib/python3.8/site-packages/airflow/example_dags/example_branch_labels.py
[2023-08-31T15:17:31.654+0000] {logging_mixin.py:151} INFO - [2023-08-31T15:17:31.654+0000] {dag.py:2907} INFO - Sync 1 DAGs
[2023-08-31T15:17:31.668+0000] {logging_mixin.py:151} INFO - [2023-08-31T15:17:31.668+0000] {dag.py:3677} INFO - Setting next_dagrun for example_branch_labels to 2023-08-30T00:00:00+00:00, run_after=2023-08-31T00:00:00+00:00
[2023-08-31T15:17:31.681+0000] {processor.py:179} INFO - Processing /home/airflow/.local/lib/python3.8/site-packages/airflow/example_dags/example_branch_labels.py took 0.051 seconds
[2023-08-31T15:18:02.248+0000] {processor.py:157} INFO - Started process (PID=1015) to work on /home/airflow/.local/lib/python3.8/site-packages/airflow/example_dags/example_branch_labels.py
[2023-08-31T15:18:02.251+0000] {processor.py:829} INFO - Processing file /home/airflow/.local/lib/python3.8/site-packages/airflow/example_dags/example_branch_labels.py for tasks to queue
[2023-08-31T15:18:02.253+0000] {logging_mixin.py:151} INFO - [2023-08-31T15:18:02.253+0000] {dagbag.py:539} INFO - Filling up the DagBag from /home/airflow/.local/lib/python3.8/site-packages/airflow/example_dags/example_branch_labels.py
[2023-08-31T15:18:02.259+0000] {processor.py:839} INFO - DAG(s) dict_keys(['example_branch_labels']) retrieved from /home/airflow/.local/lib/python3.8/site-packages/airflow/example_dags/example_branch_labels.py
[2023-08-31T15:18:02.277+0000] {logging_mixin.py:151} INFO - [2023-08-31T15:18:02.276+0000] {dag.py:2907} INFO - Sync 1 DAGs
[2023-08-31T15:18:02.292+0000] {logging_mixin.py:151} INFO - [2023-08-31T15:18:02.291+0000] {dag.py:3677} INFO - Setting next_dagrun for example_branch_labels to 2023-08-30T00:00:00+00:00, run_after=2023-08-31T00:00:00+00:00
[2023-08-31T15:18:02.305+0000] {processor.py:179} INFO - Processing /home/airflow/.local/lib/python3.8/site-packages/airflow/example_dags/example_branch_labels.py took 0.059 seconds
[2023-08-31T15:18:32.904+0000] {processor.py:157} INFO - Started process (PID=1280) to work on /home/airflow/.local/lib/python3.8/site-packages/airflow/example_dags/example_branch_labels.py
[2023-08-31T15:18:32.906+0000] {processor.py:829} INFO - Processing file /home/airflow/.local/lib/python3.8/site-packages/airflow/example_dags/example_branch_labels.py for tasks to queue
[2023-08-31T15:18:32.907+0000] {logging_mixin.py:151} INFO - [2023-08-31T15:18:32.906+0000] {dagbag.py:539} INFO - Filling up the DagBag from /home/airflow/.local/lib/python3.8/site-packages/airflow/example_dags/example_branch_labels.py
[2023-08-31T15:18:32.912+0000] {processor.py:839} INFO - DAG(s) dict_keys(['example_branch_labels']) retrieved from /home/airflow/.local/lib/python3.8/site-packages/airflow/example_dags/example_branch_labels.py
[2023-08-31T15:18:32.926+0000] {logging_mixin.py:151} INFO - [2023-08-31T15:18:32.926+0000] {dag.py:2907} INFO - Sync 1 DAGs
[2023-08-31T15:18:32.939+0000] {logging_mixin.py:151} INFO - [2023-08-31T15:18:32.939+0000] {dag.py:3677} INFO - Setting next_dagrun for example_branch_labels to 2023-08-30T00:00:00+00:00, run_after=2023-08-31T00:00:00+00:00
[2023-08-31T15:18:32.949+0000] {processor.py:179} INFO - Processing /home/airflow/.local/lib/python3.8/site-packages/airflow/example_dags/example_branch_labels.py took 0.047 seconds
[2023-08-31T15:19:03.475+0000] {processor.py:157} INFO - Started process (PID=1519) to work on /home/airflow/.local/lib/python3.8/site-packages/airflow/example_dags/example_branch_labels.py
[2023-08-31T15:19:03.476+0000] {processor.py:829} INFO - Processing file /home/airflow/.local/lib/python3.8/site-packages/airflow/example_dags/example_branch_labels.py for tasks to queue
[2023-08-31T15:19:03.478+0000] {logging_mixin.py:151} INFO - [2023-08-31T15:19:03.477+0000] {dagbag.py:539} INFO - Filling up the DagBag from /home/airflow/.local/lib/python3.8/site-packages/airflow/example_dags/example_branch_labels.py
[2023-08-31T15:19:03.483+0000] {processor.py:839} INFO - DAG(s) dict_keys(['example_branch_labels']) retrieved from /home/airflow/.local/lib/python3.8/site-packages/airflow/example_dags/example_branch_labels.py
[2023-08-31T15:19:03.501+0000] {logging_mixin.py:151} INFO - [2023-08-31T15:19:03.501+0000] {dag.py:2907} INFO - Sync 1 DAGs
[2023-08-31T15:19:03.516+0000] {logging_mixin.py:151} INFO - [2023-08-31T15:19:03.516+0000] {dag.py:3677} INFO - Setting next_dagrun for example_branch_labels to 2023-08-30T00:00:00+00:00, run_after=2023-08-31T00:00:00+00:00
[2023-08-31T15:19:03.527+0000] {processor.py:179} INFO - Processing /home/airflow/.local/lib/python3.8/site-packages/airflow/example_dags/example_branch_labels.py took 0.055 seconds
[2023-08-31T15:19:33.825+0000] {processor.py:157} INFO - Started process (PID=1760) to work on /home/airflow/.local/lib/python3.8/site-packages/airflow/example_dags/example_branch_labels.py
[2023-08-31T15:19:33.827+0000] {processor.py:829} INFO - Processing file /home/airflow/.local/lib/python3.8/site-packages/airflow/example_dags/example_branch_labels.py for tasks to queue
[2023-08-31T15:19:33.828+0000] {logging_mixin.py:151} INFO - [2023-08-31T15:19:33.828+0000] {dagbag.py:539} INFO - Filling up the DagBag from /home/airflow/.local/lib/python3.8/site-packages/airflow/example_dags/example_branch_labels.py
[2023-08-31T15:19:33.834+0000] {processor.py:839} INFO - DAG(s) dict_keys(['example_branch_labels']) retrieved from /home/airflow/.local/lib/python3.8/site-packages/airflow/example_dags/example_branch_labels.py
[2023-08-31T15:19:33.850+0000] {logging_mixin.py:151} INFO - [2023-08-31T15:19:33.850+0000] {dag.py:2907} INFO - Sync 1 DAGs
[2023-08-31T15:19:33.865+0000] {logging_mixin.py:151} INFO - [2023-08-31T15:19:33.865+0000] {dag.py:3677} INFO - Setting next_dagrun for example_branch_labels to 2023-08-30T00:00:00+00:00, run_after=2023-08-31T00:00:00+00:00
[2023-08-31T15:19:33.875+0000] {processor.py:179} INFO - Processing /home/airflow/.local/lib/python3.8/site-packages/airflow/example_dags/example_branch_labels.py took 0.053 seconds
[2023-08-31T15:20:04.111+0000] {processor.py:157} INFO - Started process (PID=2002) to work on /home/airflow/.local/lib/python3.8/site-packages/airflow/example_dags/example_branch_labels.py
[2023-08-31T15:20:04.112+0000] {processor.py:829} INFO - Processing file /home/airflow/.local/lib/python3.8/site-packages/airflow/example_dags/example_branch_labels.py for tasks to queue
[2023-08-31T15:20:04.113+0000] {logging_mixin.py:151} INFO - [2023-08-31T15:20:04.113+0000] {dagbag.py:539} INFO - Filling up the DagBag from /home/airflow/.local/lib/python3.8/site-packages/airflow/example_dags/example_branch_labels.py
[2023-08-31T15:20:04.119+0000] {processor.py:839} INFO - DAG(s) dict_keys(['example_branch_labels']) retrieved from /home/airflow/.local/lib/python3.8/site-packages/airflow/example_dags/example_branch_labels.py
[2023-08-31T15:20:04.135+0000] {logging_mixin.py:151} INFO - [2023-08-31T15:20:04.135+0000] {dag.py:2907} INFO - Sync 1 DAGs
[2023-08-31T15:20:04.148+0000] {logging_mixin.py:151} INFO - [2023-08-31T15:20:04.148+0000] {dag.py:3677} INFO - Setting next_dagrun for example_branch_labels to 2023-08-30T00:00:00+00:00, run_after=2023-08-31T00:00:00+00:00
[2023-08-31T15:20:04.159+0000] {processor.py:179} INFO - Processing /home/airflow/.local/lib/python3.8/site-packages/airflow/example_dags/example_branch_labels.py took 0.050 seconds
[2023-08-31T15:20:34.435+0000] {processor.py:157} INFO - Started process (PID=2239) to work on /home/airflow/.local/lib/python3.8/site-packages/airflow/example_dags/example_branch_labels.py
[2023-08-31T15:20:34.437+0000] {processor.py:829} INFO - Processing file /home/airflow/.local/lib/python3.8/site-packages/airflow/example_dags/example_branch_labels.py for tasks to queue
[2023-08-31T15:20:34.438+0000] {logging_mixin.py:151} INFO - [2023-08-31T15:20:34.438+0000] {dagbag.py:539} INFO - Filling up the DagBag from /home/airflow/.local/lib/python3.8/site-packages/airflow/example_dags/example_branch_labels.py
[2023-08-31T15:20:34.444+0000] {processor.py:839} INFO - DAG(s) dict_keys(['example_branch_labels']) retrieved from /home/airflow/.local/lib/python3.8/site-packages/airflow/example_dags/example_branch_labels.py
[2023-08-31T15:20:34.460+0000] {logging_mixin.py:151} INFO - [2023-08-31T15:20:34.460+0000] {dag.py:2907} INFO - Sync 1 DAGs
[2023-08-31T15:20:34.476+0000] {logging_mixin.py:151} INFO - [2023-08-31T15:20:34.476+0000] {dag.py:3677} INFO - Setting next_dagrun for example_branch_labels to 2023-08-30T00:00:00+00:00, run_after=2023-08-31T00:00:00+00:00
[2023-08-31T15:20:34.489+0000] {processor.py:179} INFO - Processing /home/airflow/.local/lib/python3.8/site-packages/airflow/example_dags/example_branch_labels.py took 0.056 seconds
[2023-08-31T15:21:04.670+0000] {processor.py:157} INFO - Started process (PID=2480) to work on /home/airflow/.local/lib/python3.8/site-packages/airflow/example_dags/example_branch_labels.py
[2023-08-31T15:21:04.671+0000] {processor.py:829} INFO - Processing file /home/airflow/.local/lib/python3.8/site-packages/airflow/example_dags/example_branch_labels.py for tasks to queue
[2023-08-31T15:21:04.673+0000] {logging_mixin.py:151} INFO - [2023-08-31T15:21:04.672+0000] {dagbag.py:539} INFO - Filling up the DagBag from /home/airflow/.local/lib/python3.8/site-packages/airflow/example_dags/example_branch_labels.py
[2023-08-31T15:21:04.678+0000] {processor.py:839} INFO - DAG(s) dict_keys(['example_branch_labels']) retrieved from /home/airflow/.local/lib/python3.8/site-packages/airflow/example_dags/example_branch_labels.py
[2023-08-31T15:21:04.693+0000] {logging_mixin.py:151} INFO - [2023-08-31T15:21:04.693+0000] {dag.py:2907} INFO - Sync 1 DAGs
[2023-08-31T15:21:04.707+0000] {logging_mixin.py:151} INFO - [2023-08-31T15:21:04.707+0000] {dag.py:3677} INFO - Setting next_dagrun for example_branch_labels to 2023-08-30T00:00:00+00:00, run_after=2023-08-31T00:00:00+00:00
[2023-08-31T15:21:04.719+0000] {processor.py:179} INFO - Processing /home/airflow/.local/lib/python3.8/site-packages/airflow/example_dags/example_branch_labels.py took 0.051 seconds
[2023-08-31T15:21:35.020+0000] {processor.py:157} INFO - Started process (PID=2722) to work on /home/airflow/.local/lib/python3.8/site-packages/airflow/example_dags/example_branch_labels.py
[2023-08-31T15:21:35.022+0000] {processor.py:829} INFO - Processing file /home/airflow/.local/lib/python3.8/site-packages/airflow/example_dags/example_branch_labels.py for tasks to queue
[2023-08-31T15:21:35.023+0000] {logging_mixin.py:151} INFO - [2023-08-31T15:21:35.023+0000] {dagbag.py:539} INFO - Filling up the DagBag from /home/airflow/.local/lib/python3.8/site-packages/airflow/example_dags/example_branch_labels.py
[2023-08-31T15:21:35.029+0000] {processor.py:839} INFO - DAG(s) dict_keys(['example_branch_labels']) retrieved from /home/airflow/.local/lib/python3.8/site-packages/airflow/example_dags/example_branch_labels.py
[2023-08-31T15:21:35.047+0000] {logging_mixin.py:151} INFO - [2023-08-31T15:21:35.047+0000] {dag.py:2907} INFO - Sync 1 DAGs
[2023-08-31T15:21:35.074+0000] {logging_mixin.py:151} INFO - [2023-08-31T15:21:35.074+0000] {dag.py:3677} INFO - Setting next_dagrun for example_branch_labels to 2023-08-30T00:00:00+00:00, run_after=2023-08-31T00:00:00+00:00
[2023-08-31T15:21:35.084+0000] {processor.py:179} INFO - Processing /home/airflow/.local/lib/python3.8/site-packages/airflow/example_dags/example_branch_labels.py took 0.066 seconds
[2023-08-31T15:22:05.335+0000] {processor.py:157} INFO - Started process (PID=2962) to work on /home/airflow/.local/lib/python3.8/site-packages/airflow/example_dags/example_branch_labels.py
[2023-08-31T15:22:05.336+0000] {processor.py:829} INFO - Processing file /home/airflow/.local/lib/python3.8/site-packages/airflow/example_dags/example_branch_labels.py for tasks to queue
[2023-08-31T15:22:05.337+0000] {logging_mixin.py:151} INFO - [2023-08-31T15:22:05.337+0000] {dagbag.py:539} INFO - Filling up the DagBag from /home/airflow/.local/lib/python3.8/site-packages/airflow/example_dags/example_branch_labels.py
[2023-08-31T15:22:05.343+0000] {processor.py:839} INFO - DAG(s) dict_keys(['example_branch_labels']) retrieved from /home/airflow/.local/lib/python3.8/site-packages/airflow/example_dags/example_branch_labels.py
[2023-08-31T15:22:05.361+0000] {logging_mixin.py:151} INFO - [2023-08-31T15:22:05.361+0000] {dag.py:2907} INFO - Sync 1 DAGs
[2023-08-31T15:22:05.375+0000] {logging_mixin.py:151} INFO - [2023-08-31T15:22:05.375+0000] {dag.py:3677} INFO - Setting next_dagrun for example_branch_labels to 2023-08-30T00:00:00+00:00, run_after=2023-08-31T00:00:00+00:00
[2023-08-31T15:22:05.385+0000] {processor.py:179} INFO - Processing /home/airflow/.local/lib/python3.8/site-packages/airflow/example_dags/example_branch_labels.py took 0.053 seconds
[2023-08-31T15:22:36.002+0000] {processor.py:157} INFO - Started process (PID=3204) to work on /home/airflow/.local/lib/python3.8/site-packages/airflow/example_dags/example_branch_labels.py
[2023-08-31T15:22:36.004+0000] {processor.py:829} INFO - Processing file /home/airflow/.local/lib/python3.8/site-packages/airflow/example_dags/example_branch_labels.py for tasks to queue
[2023-08-31T15:22:36.005+0000] {logging_mixin.py:151} INFO - [2023-08-31T15:22:36.005+0000] {dagbag.py:539} INFO - Filling up the DagBag from /home/airflow/.local/lib/python3.8/site-packages/airflow/example_dags/example_branch_labels.py
[2023-08-31T15:22:36.011+0000] {processor.py:839} INFO - DAG(s) dict_keys(['example_branch_labels']) retrieved from /home/airflow/.local/lib/python3.8/site-packages/airflow/example_dags/example_branch_labels.py
[2023-08-31T15:22:36.027+0000] {logging_mixin.py:151} INFO - [2023-08-31T15:22:36.027+0000] {dag.py:2907} INFO - Sync 1 DAGs
[2023-08-31T15:22:36.040+0000] {logging_mixin.py:151} INFO - [2023-08-31T15:22:36.040+0000] {dag.py:3677} INFO - Setting next_dagrun for example_branch_labels to 2023-08-30T00:00:00+00:00, run_after=2023-08-31T00:00:00+00:00
[2023-08-31T15:22:36.051+0000] {processor.py:179} INFO - Processing /home/airflow/.local/lib/python3.8/site-packages/airflow/example_dags/example_branch_labels.py took 0.052 seconds
[2023-08-31T15:23:06.560+0000] {processor.py:157} INFO - Started process (PID=3444) to work on /home/airflow/.local/lib/python3.8/site-packages/airflow/example_dags/example_branch_labels.py
[2023-08-31T15:23:06.561+0000] {processor.py:829} INFO - Processing file /home/airflow/.local/lib/python3.8/site-packages/airflow/example_dags/example_branch_labels.py for tasks to queue
[2023-08-31T15:23:06.563+0000] {logging_mixin.py:151} INFO - [2023-08-31T15:23:06.562+0000] {dagbag.py:539} INFO - Filling up the DagBag from /home/airflow/.local/lib/python3.8/site-packages/airflow/example_dags/example_branch_labels.py
[2023-08-31T15:23:06.569+0000] {processor.py:839} INFO - DAG(s) dict_keys(['example_branch_labels']) retrieved from /home/airflow/.local/lib/python3.8/site-packages/airflow/example_dags/example_branch_labels.py
[2023-08-31T15:23:06.587+0000] {logging_mixin.py:151} INFO - [2023-08-31T15:23:06.587+0000] {dag.py:2907} INFO - Sync 1 DAGs
[2023-08-31T15:23:06.604+0000] {logging_mixin.py:151} INFO - [2023-08-31T15:23:06.604+0000] {dag.py:3677} INFO - Setting next_dagrun for example_branch_labels to 2023-08-30T00:00:00+00:00, run_after=2023-08-31T00:00:00+00:00
[2023-08-31T15:23:06.616+0000] {processor.py:179} INFO - Processing /home/airflow/.local/lib/python3.8/site-packages/airflow/example_dags/example_branch_labels.py took 0.059 seconds
[2023-08-31T15:23:36.926+0000] {processor.py:157} INFO - Started process (PID=3684) to work on /home/airflow/.local/lib/python3.8/site-packages/airflow/example_dags/example_branch_labels.py
[2023-08-31T15:23:36.927+0000] {processor.py:829} INFO - Processing file /home/airflow/.local/lib/python3.8/site-packages/airflow/example_dags/example_branch_labels.py for tasks to queue
[2023-08-31T15:23:36.928+0000] {logging_mixin.py:151} INFO - [2023-08-31T15:23:36.928+0000] {dagbag.py:539} INFO - Filling up the DagBag from /home/airflow/.local/lib/python3.8/site-packages/airflow/example_dags/example_branch_labels.py
[2023-08-31T15:23:36.934+0000] {processor.py:839} INFO - DAG(s) dict_keys(['example_branch_labels']) retrieved from /home/airflow/.local/lib/python3.8/site-packages/airflow/example_dags/example_branch_labels.py
[2023-08-31T15:23:36.956+0000] {logging_mixin.py:151} INFO - [2023-08-31T15:23:36.956+0000] {dag.py:2907} INFO - Sync 1 DAGs
[2023-08-31T15:23:36.970+0000] {logging_mixin.py:151} INFO - [2023-08-31T15:23:36.970+0000] {dag.py:3677} INFO - Setting next_dagrun for example_branch_labels to 2023-08-30T00:00:00+00:00, run_after=2023-08-31T00:00:00+00:00
[2023-08-31T15:23:36.983+0000] {processor.py:179} INFO - Processing /home/airflow/.local/lib/python3.8/site-packages/airflow/example_dags/example_branch_labels.py took 0.060 seconds
[2023-08-31T15:24:07.240+0000] {processor.py:157} INFO - Started process (PID=3926) to work on /home/airflow/.local/lib/python3.8/site-packages/airflow/example_dags/example_branch_labels.py
[2023-08-31T15:24:07.242+0000] {processor.py:829} INFO - Processing file /home/airflow/.local/lib/python3.8/site-packages/airflow/example_dags/example_branch_labels.py for tasks to queue
[2023-08-31T15:24:07.243+0000] {logging_mixin.py:151} INFO - [2023-08-31T15:24:07.243+0000] {dagbag.py:539} INFO - Filling up the DagBag from /home/airflow/.local/lib/python3.8/site-packages/airflow/example_dags/example_branch_labels.py
[2023-08-31T15:24:07.249+0000] {processor.py:839} INFO - DAG(s) dict_keys(['example_branch_labels']) retrieved from /home/airflow/.local/lib/python3.8/site-packages/airflow/example_dags/example_branch_labels.py
[2023-08-31T15:24:07.267+0000] {logging_mixin.py:151} INFO - [2023-08-31T15:24:07.266+0000] {dag.py:2907} INFO - Sync 1 DAGs
[2023-08-31T15:24:07.280+0000] {logging_mixin.py:151} INFO - [2023-08-31T15:24:07.280+0000] {dag.py:3677} INFO - Setting next_dagrun for example_branch_labels to 2023-08-30T00:00:00+00:00, run_after=2023-08-31T00:00:00+00:00
[2023-08-31T15:24:07.294+0000] {processor.py:179} INFO - Processing /home/airflow/.local/lib/python3.8/site-packages/airflow/example_dags/example_branch_labels.py took 0.056 seconds
[2023-08-31T15:24:37.542+0000] {processor.py:157} INFO - Started process (PID=4166) to work on /home/airflow/.local/lib/python3.8/site-packages/airflow/example_dags/example_branch_labels.py
[2023-08-31T15:24:37.543+0000] {processor.py:829} INFO - Processing file /home/airflow/.local/lib/python3.8/site-packages/airflow/example_dags/example_branch_labels.py for tasks to queue
[2023-08-31T15:24:37.544+0000] {logging_mixin.py:151} INFO - [2023-08-31T15:24:37.544+0000] {dagbag.py:539} INFO - Filling up the DagBag from /home/airflow/.local/lib/python3.8/site-packages/airflow/example_dags/example_branch_labels.py
[2023-08-31T15:24:37.550+0000] {processor.py:839} INFO - DAG(s) dict_keys(['example_branch_labels']) retrieved from /home/airflow/.local/lib/python3.8/site-packages/airflow/example_dags/example_branch_labels.py
[2023-08-31T15:24:37.566+0000] {logging_mixin.py:151} INFO - [2023-08-31T15:24:37.566+0000] {dag.py:2907} INFO - Sync 1 DAGs
[2023-08-31T15:24:37.580+0000] {logging_mixin.py:151} INFO - [2023-08-31T15:24:37.580+0000] {dag.py:3677} INFO - Setting next_dagrun for example_branch_labels to 2023-08-30T00:00:00+00:00, run_after=2023-08-31T00:00:00+00:00
[2023-08-31T15:24:37.591+0000] {processor.py:179} INFO - Processing /home/airflow/.local/lib/python3.8/site-packages/airflow/example_dags/example_branch_labels.py took 0.051 seconds
[2023-08-31T15:25:07.850+0000] {processor.py:157} INFO - Started process (PID=4406) to work on /home/airflow/.local/lib/python3.8/site-packages/airflow/example_dags/example_branch_labels.py
[2023-08-31T15:25:07.852+0000] {processor.py:829} INFO - Processing file /home/airflow/.local/lib/python3.8/site-packages/airflow/example_dags/example_branch_labels.py for tasks to queue
[2023-08-31T15:25:07.853+0000] {logging_mixin.py:151} INFO - [2023-08-31T15:25:07.852+0000] {dagbag.py:539} INFO - Filling up the DagBag from /home/airflow/.local/lib/python3.8/site-packages/airflow/example_dags/example_branch_labels.py
[2023-08-31T15:25:07.858+0000] {processor.py:839} INFO - DAG(s) dict_keys(['example_branch_labels']) retrieved from /home/airflow/.local/lib/python3.8/site-packages/airflow/example_dags/example_branch_labels.py
[2023-08-31T15:25:07.877+0000] {logging_mixin.py:151} INFO - [2023-08-31T15:25:07.876+0000] {dag.py:2907} INFO - Sync 1 DAGs
[2023-08-31T15:25:07.890+0000] {logging_mixin.py:151} INFO - [2023-08-31T15:25:07.890+0000] {dag.py:3677} INFO - Setting next_dagrun for example_branch_labels to 2023-08-30T00:00:00+00:00, run_after=2023-08-31T00:00:00+00:00
[2023-08-31T15:25:07.902+0000] {processor.py:179} INFO - Processing /home/airflow/.local/lib/python3.8/site-packages/airflow/example_dags/example_branch_labels.py took 0.055 seconds
[2023-08-31T15:25:38.113+0000] {processor.py:157} INFO - Started process (PID=4645) to work on /home/airflow/.local/lib/python3.8/site-packages/airflow/example_dags/example_branch_labels.py
[2023-08-31T15:25:38.115+0000] {processor.py:829} INFO - Processing file /home/airflow/.local/lib/python3.8/site-packages/airflow/example_dags/example_branch_labels.py for tasks to queue
[2023-08-31T15:25:38.116+0000] {logging_mixin.py:151} INFO - [2023-08-31T15:25:38.116+0000] {dagbag.py:539} INFO - Filling up the DagBag from /home/airflow/.local/lib/python3.8/site-packages/airflow/example_dags/example_branch_labels.py
[2023-08-31T15:25:38.122+0000] {processor.py:839} INFO - DAG(s) dict_keys(['example_branch_labels']) retrieved from /home/airflow/.local/lib/python3.8/site-packages/airflow/example_dags/example_branch_labels.py
[2023-08-31T15:25:38.141+0000] {logging_mixin.py:151} INFO - [2023-08-31T15:25:38.140+0000] {dag.py:2907} INFO - Sync 1 DAGs
[2023-08-31T15:25:38.154+0000] {logging_mixin.py:151} INFO - [2023-08-31T15:25:38.154+0000] {dag.py:3677} INFO - Setting next_dagrun for example_branch_labels to 2023-08-30T00:00:00+00:00, run_after=2023-08-31T00:00:00+00:00
[2023-08-31T15:25:38.164+0000] {processor.py:179} INFO - Processing /home/airflow/.local/lib/python3.8/site-packages/airflow/example_dags/example_branch_labels.py took 0.054 seconds
[2023-08-31T15:26:08.419+0000] {processor.py:157} INFO - Started process (PID=4886) to work on /home/airflow/.local/lib/python3.8/site-packages/airflow/example_dags/example_branch_labels.py
[2023-08-31T15:26:08.421+0000] {processor.py:829} INFO - Processing file /home/airflow/.local/lib/python3.8/site-packages/airflow/example_dags/example_branch_labels.py for tasks to queue
[2023-08-31T15:26:08.422+0000] {logging_mixin.py:151} INFO - [2023-08-31T15:26:08.422+0000] {dagbag.py:539} INFO - Filling up the DagBag from /home/airflow/.local/lib/python3.8/site-packages/airflow/example_dags/example_branch_labels.py
[2023-08-31T15:26:08.428+0000] {processor.py:839} INFO - DAG(s) dict_keys(['example_branch_labels']) retrieved from /home/airflow/.local/lib/python3.8/site-packages/airflow/example_dags/example_branch_labels.py
[2023-08-31T15:26:08.444+0000] {logging_mixin.py:151} INFO - [2023-08-31T15:26:08.444+0000] {dag.py:2907} INFO - Sync 1 DAGs
[2023-08-31T15:26:08.457+0000] {logging_mixin.py:151} INFO - [2023-08-31T15:26:08.457+0000] {dag.py:3677} INFO - Setting next_dagrun for example_branch_labels to 2023-08-30T00:00:00+00:00, run_after=2023-08-31T00:00:00+00:00
[2023-08-31T15:26:08.468+0000] {processor.py:179} INFO - Processing /home/airflow/.local/lib/python3.8/site-packages/airflow/example_dags/example_branch_labels.py took 0.051 seconds
[2023-08-31T15:26:38.745+0000] {processor.py:157} INFO - Started process (PID=5125) to work on /home/airflow/.local/lib/python3.8/site-packages/airflow/example_dags/example_branch_labels.py
[2023-08-31T15:26:38.746+0000] {processor.py:829} INFO - Processing file /home/airflow/.local/lib/python3.8/site-packages/airflow/example_dags/example_branch_labels.py for tasks to queue
[2023-08-31T15:26:38.747+0000] {logging_mixin.py:151} INFO - [2023-08-31T15:26:38.747+0000] {dagbag.py:539} INFO - Filling up the DagBag from /home/airflow/.local/lib/python3.8/site-packages/airflow/example_dags/example_branch_labels.py
[2023-08-31T15:26:38.753+0000] {processor.py:839} INFO - DAG(s) dict_keys(['example_branch_labels']) retrieved from /home/airflow/.local/lib/python3.8/site-packages/airflow/example_dags/example_branch_labels.py
[2023-08-31T15:26:38.773+0000] {logging_mixin.py:151} INFO - [2023-08-31T15:26:38.773+0000] {dag.py:2907} INFO - Sync 1 DAGs
[2023-08-31T15:26:38.786+0000] {logging_mixin.py:151} INFO - [2023-08-31T15:26:38.786+0000] {dag.py:3677} INFO - Setting next_dagrun for example_branch_labels to 2023-08-30T00:00:00+00:00, run_after=2023-08-31T00:00:00+00:00
[2023-08-31T15:26:38.797+0000] {processor.py:179} INFO - Processing /home/airflow/.local/lib/python3.8/site-packages/airflow/example_dags/example_branch_labels.py took 0.054 seconds
[2023-08-31T15:27:09.082+0000] {processor.py:157} INFO - Started process (PID=5364) to work on /home/airflow/.local/lib/python3.8/site-packages/airflow/example_dags/example_branch_labels.py
[2023-08-31T15:27:09.084+0000] {processor.py:829} INFO - Processing file /home/airflow/.local/lib/python3.8/site-packages/airflow/example_dags/example_branch_labels.py for tasks to queue
[2023-08-31T15:27:09.085+0000] {logging_mixin.py:151} INFO - [2023-08-31T15:27:09.085+0000] {dagbag.py:539} INFO - Filling up the DagBag from /home/airflow/.local/lib/python3.8/site-packages/airflow/example_dags/example_branch_labels.py
[2023-08-31T15:27:09.090+0000] {processor.py:839} INFO - DAG(s) dict_keys(['example_branch_labels']) retrieved from /home/airflow/.local/lib/python3.8/site-packages/airflow/example_dags/example_branch_labels.py
[2023-08-31T15:27:09.106+0000] {logging_mixin.py:151} INFO - [2023-08-31T15:27:09.106+0000] {dag.py:2907} INFO - Sync 1 DAGs
[2023-08-31T15:27:09.120+0000] {logging_mixin.py:151} INFO - [2023-08-31T15:27:09.120+0000] {dag.py:3677} INFO - Setting next_dagrun for example_branch_labels to 2023-08-30T00:00:00+00:00, run_after=2023-08-31T00:00:00+00:00
[2023-08-31T15:27:09.133+0000] {processor.py:179} INFO - Processing /home/airflow/.local/lib/python3.8/site-packages/airflow/example_dags/example_branch_labels.py took 0.054 seconds
[2023-08-31T15:27:39.500+0000] {processor.py:157} INFO - Started process (PID=5604) to work on /home/airflow/.local/lib/python3.8/site-packages/airflow/example_dags/example_branch_labels.py
[2023-08-31T15:27:39.501+0000] {processor.py:829} INFO - Processing file /home/airflow/.local/lib/python3.8/site-packages/airflow/example_dags/example_branch_labels.py for tasks to queue
[2023-08-31T15:27:39.502+0000] {logging_mixin.py:151} INFO - [2023-08-31T15:27:39.502+0000] {dagbag.py:539} INFO - Filling up the DagBag from /home/airflow/.local/lib/python3.8/site-packages/airflow/example_dags/example_branch_labels.py
[2023-08-31T15:27:39.509+0000] {processor.py:839} INFO - DAG(s) dict_keys(['example_branch_labels']) retrieved from /home/airflow/.local/lib/python3.8/site-packages/airflow/example_dags/example_branch_labels.py
[2023-08-31T15:27:39.529+0000] {logging_mixin.py:151} INFO - [2023-08-31T15:27:39.529+0000] {dag.py:2907} INFO - Sync 1 DAGs
[2023-08-31T15:27:39.545+0000] {logging_mixin.py:151} INFO - [2023-08-31T15:27:39.545+0000] {dag.py:3677} INFO - Setting next_dagrun for example_branch_labels to 2023-08-30T00:00:00+00:00, run_after=2023-08-31T00:00:00+00:00
[2023-08-31T15:27:39.559+0000] {processor.py:179} INFO - Processing /home/airflow/.local/lib/python3.8/site-packages/airflow/example_dags/example_branch_labels.py took 0.062 seconds
[2023-08-31T15:28:09.766+0000] {processor.py:157} INFO - Started process (PID=5844) to work on /home/airflow/.local/lib/python3.8/site-packages/airflow/example_dags/example_branch_labels.py
[2023-08-31T15:28:09.767+0000] {processor.py:829} INFO - Processing file /home/airflow/.local/lib/python3.8/site-packages/airflow/example_dags/example_branch_labels.py for tasks to queue
[2023-08-31T15:28:09.768+0000] {logging_mixin.py:151} INFO - [2023-08-31T15:28:09.768+0000] {dagbag.py:539} INFO - Filling up the DagBag from /home/airflow/.local/lib/python3.8/site-packages/airflow/example_dags/example_branch_labels.py
[2023-08-31T15:28:09.774+0000] {processor.py:839} INFO - DAG(s) dict_keys(['example_branch_labels']) retrieved from /home/airflow/.local/lib/python3.8/site-packages/airflow/example_dags/example_branch_labels.py
[2023-08-31T15:28:09.791+0000] {logging_mixin.py:151} INFO - [2023-08-31T15:28:09.791+0000] {dag.py:2907} INFO - Sync 1 DAGs
[2023-08-31T15:28:09.807+0000] {logging_mixin.py:151} INFO - [2023-08-31T15:28:09.806+0000] {dag.py:3677} INFO - Setting next_dagrun for example_branch_labels to 2023-08-30T00:00:00+00:00, run_after=2023-08-31T00:00:00+00:00
[2023-08-31T15:28:09.822+0000] {processor.py:179} INFO - Processing /home/airflow/.local/lib/python3.8/site-packages/airflow/example_dags/example_branch_labels.py took 0.059 seconds
[2023-08-31T15:28:40.079+0000] {processor.py:157} INFO - Started process (PID=6085) to work on /home/airflow/.local/lib/python3.8/site-packages/airflow/example_dags/example_branch_labels.py
[2023-08-31T15:28:40.080+0000] {processor.py:829} INFO - Processing file /home/airflow/.local/lib/python3.8/site-packages/airflow/example_dags/example_branch_labels.py for tasks to queue
[2023-08-31T15:28:40.081+0000] {logging_mixin.py:151} INFO - [2023-08-31T15:28:40.081+0000] {dagbag.py:539} INFO - Filling up the DagBag from /home/airflow/.local/lib/python3.8/site-packages/airflow/example_dags/example_branch_labels.py
[2023-08-31T15:28:40.087+0000] {processor.py:839} INFO - DAG(s) dict_keys(['example_branch_labels']) retrieved from /home/airflow/.local/lib/python3.8/site-packages/airflow/example_dags/example_branch_labels.py
[2023-08-31T15:28:40.103+0000] {logging_mixin.py:151} INFO - [2023-08-31T15:28:40.103+0000] {dag.py:2907} INFO - Sync 1 DAGs
[2023-08-31T15:28:40.117+0000] {logging_mixin.py:151} INFO - [2023-08-31T15:28:40.117+0000] {dag.py:3677} INFO - Setting next_dagrun for example_branch_labels to 2023-08-30T00:00:00+00:00, run_after=2023-08-31T00:00:00+00:00
[2023-08-31T15:28:40.132+0000] {processor.py:179} INFO - Processing /home/airflow/.local/lib/python3.8/site-packages/airflow/example_dags/example_branch_labels.py took 0.056 seconds
[2023-08-31T15:29:10.475+0000] {processor.py:157} INFO - Started process (PID=6327) to work on /home/airflow/.local/lib/python3.8/site-packages/airflow/example_dags/example_branch_labels.py
[2023-08-31T15:29:10.476+0000] {processor.py:829} INFO - Processing file /home/airflow/.local/lib/python3.8/site-packages/airflow/example_dags/example_branch_labels.py for tasks to queue
[2023-08-31T15:29:10.477+0000] {logging_mixin.py:151} INFO - [2023-08-31T15:29:10.477+0000] {dagbag.py:539} INFO - Filling up the DagBag from /home/airflow/.local/lib/python3.8/site-packages/airflow/example_dags/example_branch_labels.py
[2023-08-31T15:29:10.483+0000] {processor.py:839} INFO - DAG(s) dict_keys(['example_branch_labels']) retrieved from /home/airflow/.local/lib/python3.8/site-packages/airflow/example_dags/example_branch_labels.py
[2023-08-31T15:29:10.499+0000] {logging_mixin.py:151} INFO - [2023-08-31T15:29:10.499+0000] {dag.py:2907} INFO - Sync 1 DAGs
[2023-08-31T15:29:10.513+0000] {logging_mixin.py:151} INFO - [2023-08-31T15:29:10.512+0000] {dag.py:3677} INFO - Setting next_dagrun for example_branch_labels to 2023-08-30T00:00:00+00:00, run_after=2023-08-31T00:00:00+00:00
[2023-08-31T15:29:10.523+0000] {processor.py:179} INFO - Processing /home/airflow/.local/lib/python3.8/site-packages/airflow/example_dags/example_branch_labels.py took 0.051 seconds
[2023-08-31T15:29:40.754+0000] {processor.py:157} INFO - Started process (PID=6567) to work on /home/airflow/.local/lib/python3.8/site-packages/airflow/example_dags/example_branch_labels.py
[2023-08-31T15:29:40.756+0000] {processor.py:829} INFO - Processing file /home/airflow/.local/lib/python3.8/site-packages/airflow/example_dags/example_branch_labels.py for tasks to queue
[2023-08-31T15:29:40.756+0000] {logging_mixin.py:151} INFO - [2023-08-31T15:29:40.756+0000] {dagbag.py:539} INFO - Filling up the DagBag from /home/airflow/.local/lib/python3.8/site-packages/airflow/example_dags/example_branch_labels.py
[2023-08-31T15:29:40.762+0000] {processor.py:839} INFO - DAG(s) dict_keys(['example_branch_labels']) retrieved from /home/airflow/.local/lib/python3.8/site-packages/airflow/example_dags/example_branch_labels.py
[2023-08-31T15:29:40.778+0000] {logging_mixin.py:151} INFO - [2023-08-31T15:29:40.778+0000] {dag.py:2907} INFO - Sync 1 DAGs
[2023-08-31T15:29:40.792+0000] {logging_mixin.py:151} INFO - [2023-08-31T15:29:40.792+0000] {dag.py:3677} INFO - Setting next_dagrun for example_branch_labels to 2023-08-30T00:00:00+00:00, run_after=2023-08-31T00:00:00+00:00
[2023-08-31T15:29:40.804+0000] {processor.py:179} INFO - Processing /home/airflow/.local/lib/python3.8/site-packages/airflow/example_dags/example_branch_labels.py took 0.053 seconds
[2023-08-31T15:30:10.968+0000] {processor.py:157} INFO - Started process (PID=6807) to work on /home/airflow/.local/lib/python3.8/site-packages/airflow/example_dags/example_branch_labels.py
[2023-08-31T15:30:10.969+0000] {processor.py:829} INFO - Processing file /home/airflow/.local/lib/python3.8/site-packages/airflow/example_dags/example_branch_labels.py for tasks to queue
[2023-08-31T15:30:10.971+0000] {logging_mixin.py:151} INFO - [2023-08-31T15:30:10.971+0000] {dagbag.py:539} INFO - Filling up the DagBag from /home/airflow/.local/lib/python3.8/site-packages/airflow/example_dags/example_branch_labels.py
[2023-08-31T15:30:10.976+0000] {processor.py:839} INFO - DAG(s) dict_keys(['example_branch_labels']) retrieved from /home/airflow/.local/lib/python3.8/site-packages/airflow/example_dags/example_branch_labels.py
[2023-08-31T15:30:10.991+0000] {logging_mixin.py:151} INFO - [2023-08-31T15:30:10.991+0000] {dag.py:2907} INFO - Sync 1 DAGs
[2023-08-31T15:30:11.007+0000] {logging_mixin.py:151} INFO - [2023-08-31T15:30:11.007+0000] {dag.py:3677} INFO - Setting next_dagrun for example_branch_labels to 2023-08-30T00:00:00+00:00, run_after=2023-08-31T00:00:00+00:00
[2023-08-31T15:30:11.019+0000] {processor.py:179} INFO - Processing /home/airflow/.local/lib/python3.8/site-packages/airflow/example_dags/example_branch_labels.py took 0.053 seconds
[2023-08-31T15:30:41.302+0000] {processor.py:157} INFO - Started process (PID=7048) to work on /home/airflow/.local/lib/python3.8/site-packages/airflow/example_dags/example_branch_labels.py
[2023-08-31T15:30:41.303+0000] {processor.py:829} INFO - Processing file /home/airflow/.local/lib/python3.8/site-packages/airflow/example_dags/example_branch_labels.py for tasks to queue
[2023-08-31T15:30:41.304+0000] {logging_mixin.py:151} INFO - [2023-08-31T15:30:41.304+0000] {dagbag.py:539} INFO - Filling up the DagBag from /home/airflow/.local/lib/python3.8/site-packages/airflow/example_dags/example_branch_labels.py
[2023-08-31T15:30:41.309+0000] {processor.py:839} INFO - DAG(s) dict_keys(['example_branch_labels']) retrieved from /home/airflow/.local/lib/python3.8/site-packages/airflow/example_dags/example_branch_labels.py
[2023-08-31T15:30:41.323+0000] {logging_mixin.py:151} INFO - [2023-08-31T15:30:41.323+0000] {dag.py:2907} INFO - Sync 1 DAGs
[2023-08-31T15:30:41.337+0000] {logging_mixin.py:151} INFO - [2023-08-31T15:30:41.337+0000] {dag.py:3677} INFO - Setting next_dagrun for example_branch_labels to 2023-08-30T00:00:00+00:00, run_after=2023-08-31T00:00:00+00:00
[2023-08-31T15:30:41.350+0000] {processor.py:179} INFO - Processing /home/airflow/.local/lib/python3.8/site-packages/airflow/example_dags/example_branch_labels.py took 0.050 seconds
[2023-08-31T15:31:11.715+0000] {processor.py:157} INFO - Started process (PID=7287) to work on /home/airflow/.local/lib/python3.8/site-packages/airflow/example_dags/example_branch_labels.py
[2023-08-31T15:31:11.717+0000] {processor.py:829} INFO - Processing file /home/airflow/.local/lib/python3.8/site-packages/airflow/example_dags/example_branch_labels.py for tasks to queue
[2023-08-31T15:31:11.718+0000] {logging_mixin.py:151} INFO - [2023-08-31T15:31:11.718+0000] {dagbag.py:539} INFO - Filling up the DagBag from /home/airflow/.local/lib/python3.8/site-packages/airflow/example_dags/example_branch_labels.py
[2023-08-31T15:31:11.724+0000] {processor.py:839} INFO - DAG(s) dict_keys(['example_branch_labels']) retrieved from /home/airflow/.local/lib/python3.8/site-packages/airflow/example_dags/example_branch_labels.py
[2023-08-31T15:31:11.739+0000] {logging_mixin.py:151} INFO - [2023-08-31T15:31:11.739+0000] {dag.py:2907} INFO - Sync 1 DAGs
[2023-08-31T15:31:11.753+0000] {logging_mixin.py:151} INFO - [2023-08-31T15:31:11.752+0000] {dag.py:3677} INFO - Setting next_dagrun for example_branch_labels to 2023-08-30T00:00:00+00:00, run_after=2023-08-31T00:00:00+00:00
[2023-08-31T15:31:11.764+0000] {processor.py:179} INFO - Processing /home/airflow/.local/lib/python3.8/site-packages/airflow/example_dags/example_branch_labels.py took 0.051 seconds
[2023-08-31T15:31:42.164+0000] {processor.py:157} INFO - Started process (PID=7526) to work on /home/airflow/.local/lib/python3.8/site-packages/airflow/example_dags/example_branch_labels.py
[2023-08-31T15:31:42.165+0000] {processor.py:829} INFO - Processing file /home/airflow/.local/lib/python3.8/site-packages/airflow/example_dags/example_branch_labels.py for tasks to queue
[2023-08-31T15:31:42.167+0000] {logging_mixin.py:151} INFO - [2023-08-31T15:31:42.167+0000] {dagbag.py:539} INFO - Filling up the DagBag from /home/airflow/.local/lib/python3.8/site-packages/airflow/example_dags/example_branch_labels.py
[2023-08-31T15:31:42.173+0000] {processor.py:839} INFO - DAG(s) dict_keys(['example_branch_labels']) retrieved from /home/airflow/.local/lib/python3.8/site-packages/airflow/example_dags/example_branch_labels.py
[2023-08-31T15:31:42.188+0000] {logging_mixin.py:151} INFO - [2023-08-31T15:31:42.188+0000] {dag.py:2907} INFO - Sync 1 DAGs
[2023-08-31T15:31:42.204+0000] {logging_mixin.py:151} INFO - [2023-08-31T15:31:42.203+0000] {dag.py:3677} INFO - Setting next_dagrun for example_branch_labels to 2023-08-30T00:00:00+00:00, run_after=2023-08-31T00:00:00+00:00
[2023-08-31T15:31:42.217+0000] {processor.py:179} INFO - Processing /home/airflow/.local/lib/python3.8/site-packages/airflow/example_dags/example_branch_labels.py took 0.055 seconds
[2023-08-31T15:32:12.466+0000] {processor.py:157} INFO - Started process (PID=7765) to work on /home/airflow/.local/lib/python3.8/site-packages/airflow/example_dags/example_branch_labels.py
[2023-08-31T15:32:12.467+0000] {processor.py:829} INFO - Processing file /home/airflow/.local/lib/python3.8/site-packages/airflow/example_dags/example_branch_labels.py for tasks to queue
[2023-08-31T15:32:12.468+0000] {logging_mixin.py:151} INFO - [2023-08-31T15:32:12.468+0000] {dagbag.py:539} INFO - Filling up the DagBag from /home/airflow/.local/lib/python3.8/site-packages/airflow/example_dags/example_branch_labels.py
[2023-08-31T15:32:12.474+0000] {processor.py:839} INFO - DAG(s) dict_keys(['example_branch_labels']) retrieved from /home/airflow/.local/lib/python3.8/site-packages/airflow/example_dags/example_branch_labels.py
[2023-08-31T15:32:12.489+0000] {logging_mixin.py:151} INFO - [2023-08-31T15:32:12.489+0000] {dag.py:2907} INFO - Sync 1 DAGs
[2023-08-31T15:32:12.503+0000] {logging_mixin.py:151} INFO - [2023-08-31T15:32:12.503+0000] {dag.py:3677} INFO - Setting next_dagrun for example_branch_labels to 2023-08-30T00:00:00+00:00, run_after=2023-08-31T00:00:00+00:00
[2023-08-31T15:32:12.516+0000] {processor.py:179} INFO - Processing /home/airflow/.local/lib/python3.8/site-packages/airflow/example_dags/example_branch_labels.py took 0.053 seconds
[2023-08-31T15:32:42.984+0000] {processor.py:157} INFO - Started process (PID=8005) to work on /home/airflow/.local/lib/python3.8/site-packages/airflow/example_dags/example_branch_labels.py
[2023-08-31T15:32:42.986+0000] {processor.py:829} INFO - Processing file /home/airflow/.local/lib/python3.8/site-packages/airflow/example_dags/example_branch_labels.py for tasks to queue
[2023-08-31T15:32:42.987+0000] {logging_mixin.py:151} INFO - [2023-08-31T15:32:42.987+0000] {dagbag.py:539} INFO - Filling up the DagBag from /home/airflow/.local/lib/python3.8/site-packages/airflow/example_dags/example_branch_labels.py
[2023-08-31T15:32:42.993+0000] {processor.py:839} INFO - DAG(s) dict_keys(['example_branch_labels']) retrieved from /home/airflow/.local/lib/python3.8/site-packages/airflow/example_dags/example_branch_labels.py
[2023-08-31T15:32:43.010+0000] {logging_mixin.py:151} INFO - [2023-08-31T15:32:43.010+0000] {dag.py:2907} INFO - Sync 1 DAGs
[2023-08-31T15:32:43.026+0000] {logging_mixin.py:151} INFO - [2023-08-31T15:32:43.026+0000] {dag.py:3677} INFO - Setting next_dagrun for example_branch_labels to 2023-08-30T00:00:00+00:00, run_after=2023-08-31T00:00:00+00:00
[2023-08-31T15:32:43.038+0000] {processor.py:179} INFO - Processing /home/airflow/.local/lib/python3.8/site-packages/airflow/example_dags/example_branch_labels.py took 0.057 seconds
[2023-08-31T15:33:13.366+0000] {processor.py:157} INFO - Started process (PID=8244) to work on /home/airflow/.local/lib/python3.8/site-packages/airflow/example_dags/example_branch_labels.py
[2023-08-31T15:33:13.368+0000] {processor.py:829} INFO - Processing file /home/airflow/.local/lib/python3.8/site-packages/airflow/example_dags/example_branch_labels.py for tasks to queue
[2023-08-31T15:33:13.369+0000] {logging_mixin.py:151} INFO - [2023-08-31T15:33:13.369+0000] {dagbag.py:539} INFO - Filling up the DagBag from /home/airflow/.local/lib/python3.8/site-packages/airflow/example_dags/example_branch_labels.py
[2023-08-31T15:33:13.375+0000] {processor.py:839} INFO - DAG(s) dict_keys(['example_branch_labels']) retrieved from /home/airflow/.local/lib/python3.8/site-packages/airflow/example_dags/example_branch_labels.py
[2023-08-31T15:33:13.390+0000] {logging_mixin.py:151} INFO - [2023-08-31T15:33:13.390+0000] {dag.py:2907} INFO - Sync 1 DAGs
[2023-08-31T15:33:13.414+0000] {logging_mixin.py:151} INFO - [2023-08-31T15:33:13.414+0000] {dag.py:3677} INFO - Setting next_dagrun for example_branch_labels to 2023-08-30T00:00:00+00:00, run_after=2023-08-31T00:00:00+00:00
[2023-08-31T15:33:13.424+0000] {processor.py:179} INFO - Processing /home/airflow/.local/lib/python3.8/site-packages/airflow/example_dags/example_branch_labels.py took 0.060 seconds
[2023-08-31T15:33:44.027+0000] {processor.py:157} INFO - Started process (PID=8484) to work on /home/airflow/.local/lib/python3.8/site-packages/airflow/example_dags/example_branch_labels.py
[2023-08-31T15:33:44.029+0000] {processor.py:829} INFO - Processing file /home/airflow/.local/lib/python3.8/site-packages/airflow/example_dags/example_branch_labels.py for tasks to queue
[2023-08-31T15:33:44.030+0000] {logging_mixin.py:151} INFO - [2023-08-31T15:33:44.029+0000] {dagbag.py:539} INFO - Filling up the DagBag from /home/airflow/.local/lib/python3.8/site-packages/airflow/example_dags/example_branch_labels.py
[2023-08-31T15:33:44.035+0000] {processor.py:839} INFO - DAG(s) dict_keys(['example_branch_labels']) retrieved from /home/airflow/.local/lib/python3.8/site-packages/airflow/example_dags/example_branch_labels.py
[2023-08-31T15:33:44.052+0000] {logging_mixin.py:151} INFO - [2023-08-31T15:33:44.052+0000] {dag.py:2907} INFO - Sync 1 DAGs
[2023-08-31T15:33:44.069+0000] {logging_mixin.py:151} INFO - [2023-08-31T15:33:44.069+0000] {dag.py:3677} INFO - Setting next_dagrun for example_branch_labels to 2023-08-30T00:00:00+00:00, run_after=2023-08-31T00:00:00+00:00
[2023-08-31T15:33:44.084+0000] {processor.py:179} INFO - Processing /home/airflow/.local/lib/python3.8/site-packages/airflow/example_dags/example_branch_labels.py took 0.059 seconds
[2023-08-31T15:34:14.415+0000] {processor.py:157} INFO - Started process (PID=8725) to work on /home/airflow/.local/lib/python3.8/site-packages/airflow/example_dags/example_branch_labels.py
[2023-08-31T15:34:14.416+0000] {processor.py:829} INFO - Processing file /home/airflow/.local/lib/python3.8/site-packages/airflow/example_dags/example_branch_labels.py for tasks to queue
[2023-08-31T15:34:14.417+0000] {logging_mixin.py:151} INFO - [2023-08-31T15:34:14.417+0000] {dagbag.py:539} INFO - Filling up the DagBag from /home/airflow/.local/lib/python3.8/site-packages/airflow/example_dags/example_branch_labels.py
[2023-08-31T15:34:14.422+0000] {processor.py:839} INFO - DAG(s) dict_keys(['example_branch_labels']) retrieved from /home/airflow/.local/lib/python3.8/site-packages/airflow/example_dags/example_branch_labels.py
[2023-08-31T15:34:14.437+0000] {logging_mixin.py:151} INFO - [2023-08-31T15:34:14.437+0000] {dag.py:2907} INFO - Sync 1 DAGs
[2023-08-31T15:34:14.451+0000] {logging_mixin.py:151} INFO - [2023-08-31T15:34:14.451+0000] {dag.py:3677} INFO - Setting next_dagrun for example_branch_labels to 2023-08-30T00:00:00+00:00, run_after=2023-08-31T00:00:00+00:00
[2023-08-31T15:34:14.462+0000] {processor.py:179} INFO - Processing /home/airflow/.local/lib/python3.8/site-packages/airflow/example_dags/example_branch_labels.py took 0.049 seconds
[2023-08-31T15:34:44.709+0000] {processor.py:157} INFO - Started process (PID=8965) to work on /home/airflow/.local/lib/python3.8/site-packages/airflow/example_dags/example_branch_labels.py
[2023-08-31T15:34:44.711+0000] {processor.py:829} INFO - Processing file /home/airflow/.local/lib/python3.8/site-packages/airflow/example_dags/example_branch_labels.py for tasks to queue
[2023-08-31T15:34:44.712+0000] {logging_mixin.py:151} INFO - [2023-08-31T15:34:44.712+0000] {dagbag.py:539} INFO - Filling up the DagBag from /home/airflow/.local/lib/python3.8/site-packages/airflow/example_dags/example_branch_labels.py
[2023-08-31T15:34:44.718+0000] {processor.py:839} INFO - DAG(s) dict_keys(['example_branch_labels']) retrieved from /home/airflow/.local/lib/python3.8/site-packages/airflow/example_dags/example_branch_labels.py
[2023-08-31T15:34:44.734+0000] {logging_mixin.py:151} INFO - [2023-08-31T15:34:44.734+0000] {dag.py:2907} INFO - Sync 1 DAGs
[2023-08-31T15:34:44.748+0000] {logging_mixin.py:151} INFO - [2023-08-31T15:34:44.748+0000] {dag.py:3677} INFO - Setting next_dagrun for example_branch_labels to 2023-08-30T00:00:00+00:00, run_after=2023-08-31T00:00:00+00:00
[2023-08-31T15:34:44.759+0000] {processor.py:179} INFO - Processing /home/airflow/.local/lib/python3.8/site-packages/airflow/example_dags/example_branch_labels.py took 0.052 seconds
[2023-08-31T15:35:15.127+0000] {processor.py:157} INFO - Started process (PID=9207) to work on /home/airflow/.local/lib/python3.8/site-packages/airflow/example_dags/example_branch_labels.py
[2023-08-31T15:35:15.128+0000] {processor.py:829} INFO - Processing file /home/airflow/.local/lib/python3.8/site-packages/airflow/example_dags/example_branch_labels.py for tasks to queue
[2023-08-31T15:35:15.130+0000] {logging_mixin.py:151} INFO - [2023-08-31T15:35:15.129+0000] {dagbag.py:539} INFO - Filling up the DagBag from /home/airflow/.local/lib/python3.8/site-packages/airflow/example_dags/example_branch_labels.py
[2023-08-31T15:35:15.136+0000] {processor.py:839} INFO - DAG(s) dict_keys(['example_branch_labels']) retrieved from /home/airflow/.local/lib/python3.8/site-packages/airflow/example_dags/example_branch_labels.py
[2023-08-31T15:35:15.155+0000] {logging_mixin.py:151} INFO - [2023-08-31T15:35:15.155+0000] {dag.py:2907} INFO - Sync 1 DAGs
[2023-08-31T15:35:15.169+0000] {logging_mixin.py:151} INFO - [2023-08-31T15:35:15.168+0000] {dag.py:3677} INFO - Setting next_dagrun for example_branch_labels to 2023-08-30T00:00:00+00:00, run_after=2023-08-31T00:00:00+00:00
[2023-08-31T15:35:15.179+0000] {processor.py:179} INFO - Processing /home/airflow/.local/lib/python3.8/site-packages/airflow/example_dags/example_branch_labels.py took 0.055 seconds
[2023-08-31T15:35:45.495+0000] {processor.py:157} INFO - Started process (PID=9448) to work on /home/airflow/.local/lib/python3.8/site-packages/airflow/example_dags/example_branch_labels.py
[2023-08-31T15:35:45.496+0000] {processor.py:829} INFO - Processing file /home/airflow/.local/lib/python3.8/site-packages/airflow/example_dags/example_branch_labels.py for tasks to queue
[2023-08-31T15:35:45.497+0000] {logging_mixin.py:151} INFO - [2023-08-31T15:35:45.497+0000] {dagbag.py:539} INFO - Filling up the DagBag from /home/airflow/.local/lib/python3.8/site-packages/airflow/example_dags/example_branch_labels.py
[2023-08-31T15:35:45.502+0000] {processor.py:839} INFO - DAG(s) dict_keys(['example_branch_labels']) retrieved from /home/airflow/.local/lib/python3.8/site-packages/airflow/example_dags/example_branch_labels.py
[2023-08-31T15:35:45.517+0000] {logging_mixin.py:151} INFO - [2023-08-31T15:35:45.517+0000] {dag.py:2907} INFO - Sync 1 DAGs
[2023-08-31T15:35:45.531+0000] {logging_mixin.py:151} INFO - [2023-08-31T15:35:45.531+0000] {dag.py:3677} INFO - Setting next_dagrun for example_branch_labels to 2023-08-30T00:00:00+00:00, run_after=2023-08-31T00:00:00+00:00
[2023-08-31T15:35:45.541+0000] {processor.py:179} INFO - Processing /home/airflow/.local/lib/python3.8/site-packages/airflow/example_dags/example_branch_labels.py took 0.049 seconds
[2023-08-31T15:36:15.847+0000] {processor.py:157} INFO - Started process (PID=9687) to work on /home/airflow/.local/lib/python3.8/site-packages/airflow/example_dags/example_branch_labels.py
[2023-08-31T15:36:15.849+0000] {processor.py:829} INFO - Processing file /home/airflow/.local/lib/python3.8/site-packages/airflow/example_dags/example_branch_labels.py for tasks to queue
[2023-08-31T15:36:15.850+0000] {logging_mixin.py:151} INFO - [2023-08-31T15:36:15.850+0000] {dagbag.py:539} INFO - Filling up the DagBag from /home/airflow/.local/lib/python3.8/site-packages/airflow/example_dags/example_branch_labels.py
[2023-08-31T15:36:15.856+0000] {processor.py:839} INFO - DAG(s) dict_keys(['example_branch_labels']) retrieved from /home/airflow/.local/lib/python3.8/site-packages/airflow/example_dags/example_branch_labels.py
[2023-08-31T15:36:15.870+0000] {logging_mixin.py:151} INFO - [2023-08-31T15:36:15.870+0000] {dag.py:2907} INFO - Sync 1 DAGs
[2023-08-31T15:36:15.883+0000] {logging_mixin.py:151} INFO - [2023-08-31T15:36:15.883+0000] {dag.py:3677} INFO - Setting next_dagrun for example_branch_labels to 2023-08-30T00:00:00+00:00, run_after=2023-08-31T00:00:00+00:00
[2023-08-31T15:36:15.896+0000] {processor.py:179} INFO - Processing /home/airflow/.local/lib/python3.8/site-packages/airflow/example_dags/example_branch_labels.py took 0.051 seconds
[2023-08-31T15:36:46.197+0000] {processor.py:157} INFO - Started process (PID=9927) to work on /home/airflow/.local/lib/python3.8/site-packages/airflow/example_dags/example_branch_labels.py
[2023-08-31T15:36:46.199+0000] {processor.py:829} INFO - Processing file /home/airflow/.local/lib/python3.8/site-packages/airflow/example_dags/example_branch_labels.py for tasks to queue
[2023-08-31T15:36:46.200+0000] {logging_mixin.py:151} INFO - [2023-08-31T15:36:46.200+0000] {dagbag.py:539} INFO - Filling up the DagBag from /home/airflow/.local/lib/python3.8/site-packages/airflow/example_dags/example_branch_labels.py
[2023-08-31T15:36:46.206+0000] {processor.py:839} INFO - DAG(s) dict_keys(['example_branch_labels']) retrieved from /home/airflow/.local/lib/python3.8/site-packages/airflow/example_dags/example_branch_labels.py
[2023-08-31T15:36:46.223+0000] {logging_mixin.py:151} INFO - [2023-08-31T15:36:46.223+0000] {dag.py:2907} INFO - Sync 1 DAGs
[2023-08-31T15:36:46.237+0000] {logging_mixin.py:151} INFO - [2023-08-31T15:36:46.236+0000] {dag.py:3677} INFO - Setting next_dagrun for example_branch_labels to 2023-08-30T00:00:00+00:00, run_after=2023-08-31T00:00:00+00:00
[2023-08-31T15:36:46.248+0000] {processor.py:179} INFO - Processing /home/airflow/.local/lib/python3.8/site-packages/airflow/example_dags/example_branch_labels.py took 0.053 seconds
[2023-08-31T15:37:16.490+0000] {processor.py:157} INFO - Started process (PID=10166) to work on /home/airflow/.local/lib/python3.8/site-packages/airflow/example_dags/example_branch_labels.py
[2023-08-31T15:37:16.491+0000] {processor.py:829} INFO - Processing file /home/airflow/.local/lib/python3.8/site-packages/airflow/example_dags/example_branch_labels.py for tasks to queue
[2023-08-31T15:37:16.492+0000] {logging_mixin.py:151} INFO - [2023-08-31T15:37:16.492+0000] {dagbag.py:539} INFO - Filling up the DagBag from /home/airflow/.local/lib/python3.8/site-packages/airflow/example_dags/example_branch_labels.py
[2023-08-31T15:37:16.497+0000] {processor.py:839} INFO - DAG(s) dict_keys(['example_branch_labels']) retrieved from /home/airflow/.local/lib/python3.8/site-packages/airflow/example_dags/example_branch_labels.py
[2023-08-31T15:37:16.513+0000] {logging_mixin.py:151} INFO - [2023-08-31T15:37:16.513+0000] {dag.py:2907} INFO - Sync 1 DAGs
[2023-08-31T15:37:16.527+0000] {logging_mixin.py:151} INFO - [2023-08-31T15:37:16.526+0000] {dag.py:3677} INFO - Setting next_dagrun for example_branch_labels to 2023-08-30T00:00:00+00:00, run_after=2023-08-31T00:00:00+00:00
[2023-08-31T15:37:16.537+0000] {processor.py:179} INFO - Processing /home/airflow/.local/lib/python3.8/site-packages/airflow/example_dags/example_branch_labels.py took 0.049 seconds
[2023-08-31T15:37:46.779+0000] {processor.py:157} INFO - Started process (PID=10407) to work on /home/airflow/.local/lib/python3.8/site-packages/airflow/example_dags/example_branch_labels.py
[2023-08-31T15:37:46.781+0000] {processor.py:829} INFO - Processing file /home/airflow/.local/lib/python3.8/site-packages/airflow/example_dags/example_branch_labels.py for tasks to queue
[2023-08-31T15:37:46.783+0000] {logging_mixin.py:151} INFO - [2023-08-31T15:37:46.783+0000] {dagbag.py:539} INFO - Filling up the DagBag from /home/airflow/.local/lib/python3.8/site-packages/airflow/example_dags/example_branch_labels.py
[2023-08-31T15:37:46.788+0000] {processor.py:839} INFO - DAG(s) dict_keys(['example_branch_labels']) retrieved from /home/airflow/.local/lib/python3.8/site-packages/airflow/example_dags/example_branch_labels.py
[2023-08-31T15:37:46.804+0000] {logging_mixin.py:151} INFO - [2023-08-31T15:37:46.804+0000] {dag.py:2907} INFO - Sync 1 DAGs
[2023-08-31T15:37:46.820+0000] {logging_mixin.py:151} INFO - [2023-08-31T15:37:46.820+0000] {dag.py:3677} INFO - Setting next_dagrun for example_branch_labels to 2023-08-30T00:00:00+00:00, run_after=2023-08-31T00:00:00+00:00
[2023-08-31T15:37:46.832+0000] {processor.py:179} INFO - Processing /home/airflow/.local/lib/python3.8/site-packages/airflow/example_dags/example_branch_labels.py took 0.055 seconds
