[2023-08-31T15:16:27.830+0000] {processor.py:157} INFO - Started process (PID=179) to work on /home/airflow/.local/lib/python3.8/site-packages/airflow/example_dags/example_bash_operator.py
[2023-08-31T15:16:27.831+0000] {processor.py:829} INFO - Processing file /home/airflow/.local/lib/python3.8/site-packages/airflow/example_dags/example_bash_operator.py for tasks to queue
[2023-08-31T15:16:27.832+0000] {logging_mixin.py:151} INFO - [2023-08-31T15:16:27.832+0000] {dagbag.py:539} INFO - Filling up the DagBag from /home/airflow/.local/lib/python3.8/site-packages/airflow/example_dags/example_bash_operator.py
[2023-08-31T15:16:27.843+0000] {processor.py:839} INFO - DAG(s) dict_keys(['example_bash_operator']) retrieved from /home/airflow/.local/lib/python3.8/site-packages/airflow/example_dags/example_bash_operator.py
[2023-08-31T15:16:27.853+0000] {logging_mixin.py:151} INFO - [2023-08-31T15:16:27.853+0000] {dag.py:2907} INFO - Sync 1 DAGs
[2023-08-31T15:16:27.869+0000] {logging_mixin.py:151} INFO - [2023-08-31T15:16:27.869+0000] {dag.py:3677} INFO - Setting next_dagrun for example_bash_operator to 2023-08-30T00:00:00+00:00, run_after=2023-08-31T00:00:00+00:00
[2023-08-31T15:16:27.882+0000] {processor.py:179} INFO - Processing /home/airflow/.local/lib/python3.8/site-packages/airflow/example_dags/example_bash_operator.py took 0.054 seconds
[2023-08-31T15:16:57.960+0000] {processor.py:157} INFO - Started process (PID=422) to work on /home/airflow/.local/lib/python3.8/site-packages/airflow/example_dags/example_bash_operator.py
[2023-08-31T15:16:57.961+0000] {processor.py:829} INFO - Processing file /home/airflow/.local/lib/python3.8/site-packages/airflow/example_dags/example_bash_operator.py for tasks to queue
[2023-08-31T15:16:57.962+0000] {logging_mixin.py:151} INFO - [2023-08-31T15:16:57.962+0000] {dagbag.py:539} INFO - Filling up the DagBag from /home/airflow/.local/lib/python3.8/site-packages/airflow/example_dags/example_bash_operator.py
[2023-08-31T15:16:57.970+0000] {processor.py:839} INFO - DAG(s) dict_keys(['example_bash_operator']) retrieved from /home/airflow/.local/lib/python3.8/site-packages/airflow/example_dags/example_bash_operator.py
[2023-08-31T15:16:57.987+0000] {logging_mixin.py:151} INFO - [2023-08-31T15:16:57.987+0000] {dag.py:2907} INFO - Sync 1 DAGs
[2023-08-31T15:16:57.999+0000] {logging_mixin.py:151} INFO - [2023-08-31T15:16:57.999+0000] {dag.py:3677} INFO - Setting next_dagrun for example_bash_operator to 2023-08-30T00:00:00+00:00, run_after=2023-08-31T00:00:00+00:00
[2023-08-31T15:16:58.010+0000] {processor.py:179} INFO - Processing /home/airflow/.local/lib/python3.8/site-packages/airflow/example_dags/example_bash_operator.py took 0.051 seconds
[2023-08-31T15:17:28.800+0000] {processor.py:157} INFO - Started process (PID=661) to work on /home/airflow/.local/lib/python3.8/site-packages/airflow/example_dags/example_bash_operator.py
[2023-08-31T15:17:28.805+0000] {processor.py:829} INFO - Processing file /home/airflow/.local/lib/python3.8/site-packages/airflow/example_dags/example_bash_operator.py for tasks to queue
[2023-08-31T15:17:28.807+0000] {logging_mixin.py:151} INFO - [2023-08-31T15:17:28.807+0000] {dagbag.py:539} INFO - Filling up the DagBag from /home/airflow/.local/lib/python3.8/site-packages/airflow/example_dags/example_bash_operator.py
[2023-08-31T15:17:28.815+0000] {processor.py:839} INFO - DAG(s) dict_keys(['example_bash_operator']) retrieved from /home/airflow/.local/lib/python3.8/site-packages/airflow/example_dags/example_bash_operator.py
[2023-08-31T15:17:28.917+0000] {logging_mixin.py:151} INFO - [2023-08-31T15:17:28.917+0000] {dag.py:2907} INFO - Sync 1 DAGs
[2023-08-31T15:17:28.930+0000] {logging_mixin.py:151} INFO - [2023-08-31T15:17:28.930+0000] {dag.py:3677} INFO - Setting next_dagrun for example_bash_operator to 2023-08-30T00:00:00+00:00, run_after=2023-08-31T00:00:00+00:00
[2023-08-31T15:17:28.941+0000] {processor.py:179} INFO - Processing /home/airflow/.local/lib/python3.8/site-packages/airflow/example_dags/example_bash_operator.py took 0.143 seconds
[2023-08-31T15:17:59.012+0000] {processor.py:157} INFO - Started process (PID=900) to work on /home/airflow/.local/lib/python3.8/site-packages/airflow/example_dags/example_bash_operator.py
[2023-08-31T15:17:59.014+0000] {processor.py:829} INFO - Processing file /home/airflow/.local/lib/python3.8/site-packages/airflow/example_dags/example_bash_operator.py for tasks to queue
[2023-08-31T15:17:59.016+0000] {logging_mixin.py:151} INFO - [2023-08-31T15:17:59.015+0000] {dagbag.py:539} INFO - Filling up the DagBag from /home/airflow/.local/lib/python3.8/site-packages/airflow/example_dags/example_bash_operator.py
[2023-08-31T15:17:59.024+0000] {processor.py:839} INFO - DAG(s) dict_keys(['example_bash_operator']) retrieved from /home/airflow/.local/lib/python3.8/site-packages/airflow/example_dags/example_bash_operator.py
[2023-08-31T15:17:59.044+0000] {logging_mixin.py:151} INFO - [2023-08-31T15:17:59.044+0000] {dag.py:2907} INFO - Sync 1 DAGs
[2023-08-31T15:17:59.058+0000] {logging_mixin.py:151} INFO - [2023-08-31T15:17:59.057+0000] {dag.py:3677} INFO - Setting next_dagrun for example_bash_operator to 2023-08-30T00:00:00+00:00, run_after=2023-08-31T00:00:00+00:00
[2023-08-31T15:17:59.068+0000] {processor.py:179} INFO - Processing /home/airflow/.local/lib/python3.8/site-packages/airflow/example_dags/example_bash_operator.py took 0.059 seconds
[2023-08-31T15:18:29.772+0000] {processor.py:157} INFO - Started process (PID=1165) to work on /home/airflow/.local/lib/python3.8/site-packages/airflow/example_dags/example_bash_operator.py
[2023-08-31T15:18:29.774+0000] {processor.py:829} INFO - Processing file /home/airflow/.local/lib/python3.8/site-packages/airflow/example_dags/example_bash_operator.py for tasks to queue
[2023-08-31T15:18:29.775+0000] {logging_mixin.py:151} INFO - [2023-08-31T15:18:29.775+0000] {dagbag.py:539} INFO - Filling up the DagBag from /home/airflow/.local/lib/python3.8/site-packages/airflow/example_dags/example_bash_operator.py
[2023-08-31T15:18:29.784+0000] {processor.py:839} INFO - DAG(s) dict_keys(['example_bash_operator']) retrieved from /home/airflow/.local/lib/python3.8/site-packages/airflow/example_dags/example_bash_operator.py
[2023-08-31T15:18:29.804+0000] {logging_mixin.py:151} INFO - [2023-08-31T15:18:29.804+0000] {dag.py:2907} INFO - Sync 1 DAGs
[2023-08-31T15:18:29.820+0000] {logging_mixin.py:151} INFO - [2023-08-31T15:18:29.820+0000] {dag.py:3677} INFO - Setting next_dagrun for example_bash_operator to 2023-08-31T00:00:00+00:00, run_after=2023-09-01T00:00:00+00:00
[2023-08-31T15:18:29.833+0000] {processor.py:179} INFO - Processing /home/airflow/.local/lib/python3.8/site-packages/airflow/example_dags/example_bash_operator.py took 0.063 seconds
[2023-08-31T15:19:00.248+0000] {processor.py:157} INFO - Started process (PID=1404) to work on /home/airflow/.local/lib/python3.8/site-packages/airflow/example_dags/example_bash_operator.py
[2023-08-31T15:19:00.250+0000] {processor.py:829} INFO - Processing file /home/airflow/.local/lib/python3.8/site-packages/airflow/example_dags/example_bash_operator.py for tasks to queue
[2023-08-31T15:19:00.253+0000] {logging_mixin.py:151} INFO - [2023-08-31T15:19:00.252+0000] {dagbag.py:539} INFO - Filling up the DagBag from /home/airflow/.local/lib/python3.8/site-packages/airflow/example_dags/example_bash_operator.py
[2023-08-31T15:19:00.260+0000] {processor.py:839} INFO - DAG(s) dict_keys(['example_bash_operator']) retrieved from /home/airflow/.local/lib/python3.8/site-packages/airflow/example_dags/example_bash_operator.py
[2023-08-31T15:19:00.278+0000] {logging_mixin.py:151} INFO - [2023-08-31T15:19:00.278+0000] {dag.py:2907} INFO - Sync 1 DAGs
[2023-08-31T15:19:00.295+0000] {logging_mixin.py:151} INFO - [2023-08-31T15:19:00.295+0000] {dag.py:3677} INFO - Setting next_dagrun for example_bash_operator to 2023-08-31T00:00:00+00:00, run_after=2023-09-01T00:00:00+00:00
[2023-08-31T15:19:00.306+0000] {processor.py:179} INFO - Processing /home/airflow/.local/lib/python3.8/site-packages/airflow/example_dags/example_bash_operator.py took 0.060 seconds
[2023-08-31T15:19:30.701+0000] {processor.py:157} INFO - Started process (PID=1645) to work on /home/airflow/.local/lib/python3.8/site-packages/airflow/example_dags/example_bash_operator.py
[2023-08-31T15:19:30.703+0000] {processor.py:829} INFO - Processing file /home/airflow/.local/lib/python3.8/site-packages/airflow/example_dags/example_bash_operator.py for tasks to queue
[2023-08-31T15:19:30.704+0000] {logging_mixin.py:151} INFO - [2023-08-31T15:19:30.704+0000] {dagbag.py:539} INFO - Filling up the DagBag from /home/airflow/.local/lib/python3.8/site-packages/airflow/example_dags/example_bash_operator.py
[2023-08-31T15:19:30.712+0000] {processor.py:839} INFO - DAG(s) dict_keys(['example_bash_operator']) retrieved from /home/airflow/.local/lib/python3.8/site-packages/airflow/example_dags/example_bash_operator.py
[2023-08-31T15:19:30.730+0000] {logging_mixin.py:151} INFO - [2023-08-31T15:19:30.730+0000] {dag.py:2907} INFO - Sync 1 DAGs
[2023-08-31T15:19:30.744+0000] {logging_mixin.py:151} INFO - [2023-08-31T15:19:30.744+0000] {dag.py:3677} INFO - Setting next_dagrun for example_bash_operator to 2023-08-31T00:00:00+00:00, run_after=2023-09-01T00:00:00+00:00
[2023-08-31T15:19:30.754+0000] {processor.py:179} INFO - Processing /home/airflow/.local/lib/python3.8/site-packages/airflow/example_dags/example_bash_operator.py took 0.055 seconds
[2023-08-31T15:20:00.998+0000] {processor.py:157} INFO - Started process (PID=1885) to work on /home/airflow/.local/lib/python3.8/site-packages/airflow/example_dags/example_bash_operator.py
[2023-08-31T15:20:00.999+0000] {processor.py:829} INFO - Processing file /home/airflow/.local/lib/python3.8/site-packages/airflow/example_dags/example_bash_operator.py for tasks to queue
[2023-08-31T15:20:01.001+0000] {logging_mixin.py:151} INFO - [2023-08-31T15:20:01.000+0000] {dagbag.py:539} INFO - Filling up the DagBag from /home/airflow/.local/lib/python3.8/site-packages/airflow/example_dags/example_bash_operator.py
[2023-08-31T15:20:01.008+0000] {processor.py:839} INFO - DAG(s) dict_keys(['example_bash_operator']) retrieved from /home/airflow/.local/lib/python3.8/site-packages/airflow/example_dags/example_bash_operator.py
[2023-08-31T15:20:01.026+0000] {logging_mixin.py:151} INFO - [2023-08-31T15:20:01.026+0000] {dag.py:2907} INFO - Sync 1 DAGs
[2023-08-31T15:20:01.041+0000] {logging_mixin.py:151} INFO - [2023-08-31T15:20:01.041+0000] {dag.py:3677} INFO - Setting next_dagrun for example_bash_operator to 2023-08-31T00:00:00+00:00, run_after=2023-09-01T00:00:00+00:00
[2023-08-31T15:20:01.052+0000] {processor.py:179} INFO - Processing /home/airflow/.local/lib/python3.8/site-packages/airflow/example_dags/example_bash_operator.py took 0.057 seconds
[2023-08-31T15:20:31.346+0000] {processor.py:157} INFO - Started process (PID=2126) to work on /home/airflow/.local/lib/python3.8/site-packages/airflow/example_dags/example_bash_operator.py
[2023-08-31T15:20:31.347+0000] {processor.py:829} INFO - Processing file /home/airflow/.local/lib/python3.8/site-packages/airflow/example_dags/example_bash_operator.py for tasks to queue
[2023-08-31T15:20:31.348+0000] {logging_mixin.py:151} INFO - [2023-08-31T15:20:31.348+0000] {dagbag.py:539} INFO - Filling up the DagBag from /home/airflow/.local/lib/python3.8/site-packages/airflow/example_dags/example_bash_operator.py
[2023-08-31T15:20:31.356+0000] {processor.py:839} INFO - DAG(s) dict_keys(['example_bash_operator']) retrieved from /home/airflow/.local/lib/python3.8/site-packages/airflow/example_dags/example_bash_operator.py
[2023-08-31T15:20:31.373+0000] {logging_mixin.py:151} INFO - [2023-08-31T15:20:31.373+0000] {dag.py:2907} INFO - Sync 1 DAGs
[2023-08-31T15:20:31.386+0000] {logging_mixin.py:151} INFO - [2023-08-31T15:20:31.386+0000] {dag.py:3677} INFO - Setting next_dagrun for example_bash_operator to 2023-08-31T00:00:00+00:00, run_after=2023-09-01T00:00:00+00:00
[2023-08-31T15:20:31.396+0000] {processor.py:179} INFO - Processing /home/airflow/.local/lib/python3.8/site-packages/airflow/example_dags/example_bash_operator.py took 0.053 seconds
[2023-08-31T15:21:01.593+0000] {processor.py:157} INFO - Started process (PID=2365) to work on /home/airflow/.local/lib/python3.8/site-packages/airflow/example_dags/example_bash_operator.py
[2023-08-31T15:21:01.594+0000] {processor.py:829} INFO - Processing file /home/airflow/.local/lib/python3.8/site-packages/airflow/example_dags/example_bash_operator.py for tasks to queue
[2023-08-31T15:21:01.596+0000] {logging_mixin.py:151} INFO - [2023-08-31T15:21:01.595+0000] {dagbag.py:539} INFO - Filling up the DagBag from /home/airflow/.local/lib/python3.8/site-packages/airflow/example_dags/example_bash_operator.py
[2023-08-31T15:21:01.604+0000] {processor.py:839} INFO - DAG(s) dict_keys(['example_bash_operator']) retrieved from /home/airflow/.local/lib/python3.8/site-packages/airflow/example_dags/example_bash_operator.py
[2023-08-31T15:21:01.623+0000] {logging_mixin.py:151} INFO - [2023-08-31T15:21:01.623+0000] {dag.py:2907} INFO - Sync 1 DAGs
[2023-08-31T15:21:01.639+0000] {logging_mixin.py:151} INFO - [2023-08-31T15:21:01.638+0000] {dag.py:3677} INFO - Setting next_dagrun for example_bash_operator to 2023-08-31T00:00:00+00:00, run_after=2023-09-01T00:00:00+00:00
[2023-08-31T15:21:01.650+0000] {processor.py:179} INFO - Processing /home/airflow/.local/lib/python3.8/site-packages/airflow/example_dags/example_bash_operator.py took 0.060 seconds
[2023-08-31T15:21:31.992+0000] {processor.py:157} INFO - Started process (PID=2607) to work on /home/airflow/.local/lib/python3.8/site-packages/airflow/example_dags/example_bash_operator.py
[2023-08-31T15:21:31.994+0000] {processor.py:829} INFO - Processing file /home/airflow/.local/lib/python3.8/site-packages/airflow/example_dags/example_bash_operator.py for tasks to queue
[2023-08-31T15:21:31.995+0000] {logging_mixin.py:151} INFO - [2023-08-31T15:21:31.994+0000] {dagbag.py:539} INFO - Filling up the DagBag from /home/airflow/.local/lib/python3.8/site-packages/airflow/example_dags/example_bash_operator.py
[2023-08-31T15:21:32.003+0000] {processor.py:839} INFO - DAG(s) dict_keys(['example_bash_operator']) retrieved from /home/airflow/.local/lib/python3.8/site-packages/airflow/example_dags/example_bash_operator.py
[2023-08-31T15:21:32.020+0000] {logging_mixin.py:151} INFO - [2023-08-31T15:21:32.020+0000] {dag.py:2907} INFO - Sync 1 DAGs
[2023-08-31T15:21:32.036+0000] {logging_mixin.py:151} INFO - [2023-08-31T15:21:32.035+0000] {dag.py:3677} INFO - Setting next_dagrun for example_bash_operator to 2023-08-31T00:00:00+00:00, run_after=2023-09-01T00:00:00+00:00
[2023-08-31T15:21:32.045+0000] {processor.py:179} INFO - Processing /home/airflow/.local/lib/python3.8/site-packages/airflow/example_dags/example_bash_operator.py took 0.055 seconds
[2023-08-31T15:22:02.277+0000] {processor.py:157} INFO - Started process (PID=2847) to work on /home/airflow/.local/lib/python3.8/site-packages/airflow/example_dags/example_bash_operator.py
[2023-08-31T15:22:02.279+0000] {processor.py:829} INFO - Processing file /home/airflow/.local/lib/python3.8/site-packages/airflow/example_dags/example_bash_operator.py for tasks to queue
[2023-08-31T15:22:02.280+0000] {logging_mixin.py:151} INFO - [2023-08-31T15:22:02.280+0000] {dagbag.py:539} INFO - Filling up the DagBag from /home/airflow/.local/lib/python3.8/site-packages/airflow/example_dags/example_bash_operator.py
[2023-08-31T15:22:02.288+0000] {processor.py:839} INFO - DAG(s) dict_keys(['example_bash_operator']) retrieved from /home/airflow/.local/lib/python3.8/site-packages/airflow/example_dags/example_bash_operator.py
[2023-08-31T15:22:02.306+0000] {logging_mixin.py:151} INFO - [2023-08-31T15:22:02.306+0000] {dag.py:2907} INFO - Sync 1 DAGs
[2023-08-31T15:22:02.321+0000] {logging_mixin.py:151} INFO - [2023-08-31T15:22:02.320+0000] {dag.py:3677} INFO - Setting next_dagrun for example_bash_operator to 2023-08-31T00:00:00+00:00, run_after=2023-09-01T00:00:00+00:00
[2023-08-31T15:22:02.330+0000] {processor.py:179} INFO - Processing /home/airflow/.local/lib/python3.8/site-packages/airflow/example_dags/example_bash_operator.py took 0.055 seconds
[2023-08-31T15:22:32.580+0000] {processor.py:157} INFO - Started process (PID=3087) to work on /home/airflow/.local/lib/python3.8/site-packages/airflow/example_dags/example_bash_operator.py
[2023-08-31T15:22:32.582+0000] {processor.py:829} INFO - Processing file /home/airflow/.local/lib/python3.8/site-packages/airflow/example_dags/example_bash_operator.py for tasks to queue
[2023-08-31T15:22:32.583+0000] {logging_mixin.py:151} INFO - [2023-08-31T15:22:32.583+0000] {dagbag.py:539} INFO - Filling up the DagBag from /home/airflow/.local/lib/python3.8/site-packages/airflow/example_dags/example_bash_operator.py
[2023-08-31T15:22:32.592+0000] {processor.py:839} INFO - DAG(s) dict_keys(['example_bash_operator']) retrieved from /home/airflow/.local/lib/python3.8/site-packages/airflow/example_dags/example_bash_operator.py
[2023-08-31T15:22:32.611+0000] {logging_mixin.py:151} INFO - [2023-08-31T15:22:32.611+0000] {dag.py:2907} INFO - Sync 1 DAGs
[2023-08-31T15:22:32.625+0000] {logging_mixin.py:151} INFO - [2023-08-31T15:22:32.625+0000] {dag.py:3677} INFO - Setting next_dagrun for example_bash_operator to 2023-08-31T00:00:00+00:00, run_after=2023-09-01T00:00:00+00:00
[2023-08-31T15:22:32.635+0000] {processor.py:179} INFO - Processing /home/airflow/.local/lib/python3.8/site-packages/airflow/example_dags/example_bash_operator.py took 0.058 seconds
[2023-08-31T15:23:03.309+0000] {processor.py:157} INFO - Started process (PID=3329) to work on /home/airflow/.local/lib/python3.8/site-packages/airflow/example_dags/example_bash_operator.py
[2023-08-31T15:23:03.310+0000] {processor.py:829} INFO - Processing file /home/airflow/.local/lib/python3.8/site-packages/airflow/example_dags/example_bash_operator.py for tasks to queue
[2023-08-31T15:23:03.311+0000] {logging_mixin.py:151} INFO - [2023-08-31T15:23:03.311+0000] {dagbag.py:539} INFO - Filling up the DagBag from /home/airflow/.local/lib/python3.8/site-packages/airflow/example_dags/example_bash_operator.py
[2023-08-31T15:23:03.319+0000] {processor.py:839} INFO - DAG(s) dict_keys(['example_bash_operator']) retrieved from /home/airflow/.local/lib/python3.8/site-packages/airflow/example_dags/example_bash_operator.py
[2023-08-31T15:23:03.338+0000] {logging_mixin.py:151} INFO - [2023-08-31T15:23:03.338+0000] {dag.py:2907} INFO - Sync 1 DAGs
[2023-08-31T15:23:03.352+0000] {logging_mixin.py:151} INFO - [2023-08-31T15:23:03.352+0000] {dag.py:3677} INFO - Setting next_dagrun for example_bash_operator to 2023-08-31T00:00:00+00:00, run_after=2023-09-01T00:00:00+00:00
[2023-08-31T15:23:03.362+0000] {processor.py:179} INFO - Processing /home/airflow/.local/lib/python3.8/site-packages/airflow/example_dags/example_bash_operator.py took 0.055 seconds
[2023-08-31T15:23:33.827+0000] {processor.py:157} INFO - Started process (PID=3569) to work on /home/airflow/.local/lib/python3.8/site-packages/airflow/example_dags/example_bash_operator.py
[2023-08-31T15:23:33.829+0000] {processor.py:829} INFO - Processing file /home/airflow/.local/lib/python3.8/site-packages/airflow/example_dags/example_bash_operator.py for tasks to queue
[2023-08-31T15:23:33.830+0000] {logging_mixin.py:151} INFO - [2023-08-31T15:23:33.829+0000] {dagbag.py:539} INFO - Filling up the DagBag from /home/airflow/.local/lib/python3.8/site-packages/airflow/example_dags/example_bash_operator.py
[2023-08-31T15:23:33.837+0000] {processor.py:839} INFO - DAG(s) dict_keys(['example_bash_operator']) retrieved from /home/airflow/.local/lib/python3.8/site-packages/airflow/example_dags/example_bash_operator.py
[2023-08-31T15:23:33.855+0000] {logging_mixin.py:151} INFO - [2023-08-31T15:23:33.855+0000] {dag.py:2907} INFO - Sync 1 DAGs
[2023-08-31T15:23:33.871+0000] {logging_mixin.py:151} INFO - [2023-08-31T15:23:33.871+0000] {dag.py:3677} INFO - Setting next_dagrun for example_bash_operator to 2023-08-31T00:00:00+00:00, run_after=2023-09-01T00:00:00+00:00
[2023-08-31T15:23:33.881+0000] {processor.py:179} INFO - Processing /home/airflow/.local/lib/python3.8/site-packages/airflow/example_dags/example_bash_operator.py took 0.057 seconds
[2023-08-31T15:24:04.148+0000] {processor.py:157} INFO - Started process (PID=3811) to work on /home/airflow/.local/lib/python3.8/site-packages/airflow/example_dags/example_bash_operator.py
[2023-08-31T15:24:04.150+0000] {processor.py:829} INFO - Processing file /home/airflow/.local/lib/python3.8/site-packages/airflow/example_dags/example_bash_operator.py for tasks to queue
[2023-08-31T15:24:04.151+0000] {logging_mixin.py:151} INFO - [2023-08-31T15:24:04.151+0000] {dagbag.py:539} INFO - Filling up the DagBag from /home/airflow/.local/lib/python3.8/site-packages/airflow/example_dags/example_bash_operator.py
[2023-08-31T15:24:04.158+0000] {processor.py:839} INFO - DAG(s) dict_keys(['example_bash_operator']) retrieved from /home/airflow/.local/lib/python3.8/site-packages/airflow/example_dags/example_bash_operator.py
[2023-08-31T15:24:04.176+0000] {logging_mixin.py:151} INFO - [2023-08-31T15:24:04.176+0000] {dag.py:2907} INFO - Sync 1 DAGs
[2023-08-31T15:24:04.191+0000] {logging_mixin.py:151} INFO - [2023-08-31T15:24:04.191+0000] {dag.py:3677} INFO - Setting next_dagrun for example_bash_operator to 2023-08-31T00:00:00+00:00, run_after=2023-09-01T00:00:00+00:00
[2023-08-31T15:24:04.201+0000] {processor.py:179} INFO - Processing /home/airflow/.local/lib/python3.8/site-packages/airflow/example_dags/example_bash_operator.py took 0.056 seconds
[2023-08-31T15:24:34.399+0000] {processor.py:157} INFO - Started process (PID=4051) to work on /home/airflow/.local/lib/python3.8/site-packages/airflow/example_dags/example_bash_operator.py
[2023-08-31T15:24:34.400+0000] {processor.py:829} INFO - Processing file /home/airflow/.local/lib/python3.8/site-packages/airflow/example_dags/example_bash_operator.py for tasks to queue
[2023-08-31T15:24:34.401+0000] {logging_mixin.py:151} INFO - [2023-08-31T15:24:34.401+0000] {dagbag.py:539} INFO - Filling up the DagBag from /home/airflow/.local/lib/python3.8/site-packages/airflow/example_dags/example_bash_operator.py
[2023-08-31T15:24:34.409+0000] {processor.py:839} INFO - DAG(s) dict_keys(['example_bash_operator']) retrieved from /home/airflow/.local/lib/python3.8/site-packages/airflow/example_dags/example_bash_operator.py
[2023-08-31T15:24:34.428+0000] {logging_mixin.py:151} INFO - [2023-08-31T15:24:34.428+0000] {dag.py:2907} INFO - Sync 1 DAGs
[2023-08-31T15:24:34.441+0000] {logging_mixin.py:151} INFO - [2023-08-31T15:24:34.441+0000] {dag.py:3677} INFO - Setting next_dagrun for example_bash_operator to 2023-08-31T00:00:00+00:00, run_after=2023-09-01T00:00:00+00:00
[2023-08-31T15:24:34.453+0000] {processor.py:179} INFO - Processing /home/airflow/.local/lib/python3.8/site-packages/airflow/example_dags/example_bash_operator.py took 0.056 seconds
[2023-08-31T15:25:04.688+0000] {processor.py:157} INFO - Started process (PID=4291) to work on /home/airflow/.local/lib/python3.8/site-packages/airflow/example_dags/example_bash_operator.py
[2023-08-31T15:25:04.690+0000] {processor.py:829} INFO - Processing file /home/airflow/.local/lib/python3.8/site-packages/airflow/example_dags/example_bash_operator.py for tasks to queue
[2023-08-31T15:25:04.691+0000] {logging_mixin.py:151} INFO - [2023-08-31T15:25:04.691+0000] {dagbag.py:539} INFO - Filling up the DagBag from /home/airflow/.local/lib/python3.8/site-packages/airflow/example_dags/example_bash_operator.py
[2023-08-31T15:25:04.698+0000] {processor.py:839} INFO - DAG(s) dict_keys(['example_bash_operator']) retrieved from /home/airflow/.local/lib/python3.8/site-packages/airflow/example_dags/example_bash_operator.py
[2023-08-31T15:25:04.717+0000] {logging_mixin.py:151} INFO - [2023-08-31T15:25:04.717+0000] {dag.py:2907} INFO - Sync 1 DAGs
[2023-08-31T15:25:04.732+0000] {logging_mixin.py:151} INFO - [2023-08-31T15:25:04.732+0000] {dag.py:3677} INFO - Setting next_dagrun for example_bash_operator to 2023-08-31T00:00:00+00:00, run_after=2023-09-01T00:00:00+00:00
[2023-08-31T15:25:04.742+0000] {processor.py:179} INFO - Processing /home/airflow/.local/lib/python3.8/site-packages/airflow/example_dags/example_bash_operator.py took 0.056 seconds
[2023-08-31T15:25:34.976+0000] {processor.py:157} INFO - Started process (PID=4530) to work on /home/airflow/.local/lib/python3.8/site-packages/airflow/example_dags/example_bash_operator.py
[2023-08-31T15:25:34.978+0000] {processor.py:829} INFO - Processing file /home/airflow/.local/lib/python3.8/site-packages/airflow/example_dags/example_bash_operator.py for tasks to queue
[2023-08-31T15:25:34.979+0000] {logging_mixin.py:151} INFO - [2023-08-31T15:25:34.979+0000] {dagbag.py:539} INFO - Filling up the DagBag from /home/airflow/.local/lib/python3.8/site-packages/airflow/example_dags/example_bash_operator.py
[2023-08-31T15:25:34.988+0000] {processor.py:839} INFO - DAG(s) dict_keys(['example_bash_operator']) retrieved from /home/airflow/.local/lib/python3.8/site-packages/airflow/example_dags/example_bash_operator.py
[2023-08-31T15:25:35.006+0000] {logging_mixin.py:151} INFO - [2023-08-31T15:25:35.005+0000] {dag.py:2907} INFO - Sync 1 DAGs
[2023-08-31T15:25:35.022+0000] {logging_mixin.py:151} INFO - [2023-08-31T15:25:35.022+0000] {dag.py:3677} INFO - Setting next_dagrun for example_bash_operator to 2023-08-31T00:00:00+00:00, run_after=2023-09-01T00:00:00+00:00
[2023-08-31T15:25:35.032+0000] {processor.py:179} INFO - Processing /home/airflow/.local/lib/python3.8/site-packages/airflow/example_dags/example_bash_operator.py took 0.058 seconds
[2023-08-31T15:26:05.258+0000] {processor.py:157} INFO - Started process (PID=4771) to work on /home/airflow/.local/lib/python3.8/site-packages/airflow/example_dags/example_bash_operator.py
[2023-08-31T15:26:05.260+0000] {processor.py:829} INFO - Processing file /home/airflow/.local/lib/python3.8/site-packages/airflow/example_dags/example_bash_operator.py for tasks to queue
[2023-08-31T15:26:05.261+0000] {logging_mixin.py:151} INFO - [2023-08-31T15:26:05.260+0000] {dagbag.py:539} INFO - Filling up the DagBag from /home/airflow/.local/lib/python3.8/site-packages/airflow/example_dags/example_bash_operator.py
[2023-08-31T15:26:05.268+0000] {processor.py:839} INFO - DAG(s) dict_keys(['example_bash_operator']) retrieved from /home/airflow/.local/lib/python3.8/site-packages/airflow/example_dags/example_bash_operator.py
[2023-08-31T15:26:05.286+0000] {logging_mixin.py:151} INFO - [2023-08-31T15:26:05.286+0000] {dag.py:2907} INFO - Sync 1 DAGs
[2023-08-31T15:26:05.301+0000] {logging_mixin.py:151} INFO - [2023-08-31T15:26:05.301+0000] {dag.py:3677} INFO - Setting next_dagrun for example_bash_operator to 2023-08-31T00:00:00+00:00, run_after=2023-09-01T00:00:00+00:00
[2023-08-31T15:26:05.311+0000] {processor.py:179} INFO - Processing /home/airflow/.local/lib/python3.8/site-packages/airflow/example_dags/example_bash_operator.py took 0.055 seconds
[2023-08-31T15:26:35.603+0000] {processor.py:157} INFO - Started process (PID=5010) to work on /home/airflow/.local/lib/python3.8/site-packages/airflow/example_dags/example_bash_operator.py
[2023-08-31T15:26:35.604+0000] {processor.py:829} INFO - Processing file /home/airflow/.local/lib/python3.8/site-packages/airflow/example_dags/example_bash_operator.py for tasks to queue
[2023-08-31T15:26:35.605+0000] {logging_mixin.py:151} INFO - [2023-08-31T15:26:35.605+0000] {dagbag.py:539} INFO - Filling up the DagBag from /home/airflow/.local/lib/python3.8/site-packages/airflow/example_dags/example_bash_operator.py
[2023-08-31T15:26:35.613+0000] {processor.py:839} INFO - DAG(s) dict_keys(['example_bash_operator']) retrieved from /home/airflow/.local/lib/python3.8/site-packages/airflow/example_dags/example_bash_operator.py
[2023-08-31T15:26:35.630+0000] {logging_mixin.py:151} INFO - [2023-08-31T15:26:35.630+0000] {dag.py:2907} INFO - Sync 1 DAGs
[2023-08-31T15:26:35.647+0000] {logging_mixin.py:151} INFO - [2023-08-31T15:26:35.647+0000] {dag.py:3677} INFO - Setting next_dagrun for example_bash_operator to 2023-08-31T00:00:00+00:00, run_after=2023-09-01T00:00:00+00:00
[2023-08-31T15:26:35.656+0000] {processor.py:179} INFO - Processing /home/airflow/.local/lib/python3.8/site-packages/airflow/example_dags/example_bash_operator.py took 0.056 seconds
[2023-08-31T15:27:05.884+0000] {processor.py:157} INFO - Started process (PID=5249) to work on /home/airflow/.local/lib/python3.8/site-packages/airflow/example_dags/example_bash_operator.py
[2023-08-31T15:27:05.886+0000] {processor.py:829} INFO - Processing file /home/airflow/.local/lib/python3.8/site-packages/airflow/example_dags/example_bash_operator.py for tasks to queue
[2023-08-31T15:27:05.887+0000] {logging_mixin.py:151} INFO - [2023-08-31T15:27:05.886+0000] {dagbag.py:539} INFO - Filling up the DagBag from /home/airflow/.local/lib/python3.8/site-packages/airflow/example_dags/example_bash_operator.py
[2023-08-31T15:27:05.895+0000] {processor.py:839} INFO - DAG(s) dict_keys(['example_bash_operator']) retrieved from /home/airflow/.local/lib/python3.8/site-packages/airflow/example_dags/example_bash_operator.py
[2023-08-31T15:27:05.912+0000] {logging_mixin.py:151} INFO - [2023-08-31T15:27:05.912+0000] {dag.py:2907} INFO - Sync 1 DAGs
[2023-08-31T15:27:05.927+0000] {logging_mixin.py:151} INFO - [2023-08-31T15:27:05.926+0000] {dag.py:3677} INFO - Setting next_dagrun for example_bash_operator to 2023-08-31T00:00:00+00:00, run_after=2023-09-01T00:00:00+00:00
[2023-08-31T15:27:05.938+0000] {processor.py:179} INFO - Processing /home/airflow/.local/lib/python3.8/site-packages/airflow/example_dags/example_bash_operator.py took 0.057 seconds
[2023-08-31T15:27:36.324+0000] {processor.py:157} INFO - Started process (PID=5489) to work on /home/airflow/.local/lib/python3.8/site-packages/airflow/example_dags/example_bash_operator.py
[2023-08-31T15:27:36.326+0000] {processor.py:829} INFO - Processing file /home/airflow/.local/lib/python3.8/site-packages/airflow/example_dags/example_bash_operator.py for tasks to queue
[2023-08-31T15:27:36.327+0000] {logging_mixin.py:151} INFO - [2023-08-31T15:27:36.326+0000] {dagbag.py:539} INFO - Filling up the DagBag from /home/airflow/.local/lib/python3.8/site-packages/airflow/example_dags/example_bash_operator.py
[2023-08-31T15:27:36.335+0000] {processor.py:839} INFO - DAG(s) dict_keys(['example_bash_operator']) retrieved from /home/airflow/.local/lib/python3.8/site-packages/airflow/example_dags/example_bash_operator.py
[2023-08-31T15:27:36.353+0000] {logging_mixin.py:151} INFO - [2023-08-31T15:27:36.353+0000] {dag.py:2907} INFO - Sync 1 DAGs
[2023-08-31T15:27:36.367+0000] {logging_mixin.py:151} INFO - [2023-08-31T15:27:36.367+0000] {dag.py:3677} INFO - Setting next_dagrun for example_bash_operator to 2023-08-31T00:00:00+00:00, run_after=2023-09-01T00:00:00+00:00
[2023-08-31T15:27:36.376+0000] {processor.py:179} INFO - Processing /home/airflow/.local/lib/python3.8/site-packages/airflow/example_dags/example_bash_operator.py took 0.054 seconds
[2023-08-31T15:28:06.691+0000] {processor.py:157} INFO - Started process (PID=5729) to work on /home/airflow/.local/lib/python3.8/site-packages/airflow/example_dags/example_bash_operator.py
[2023-08-31T15:28:06.692+0000] {processor.py:829} INFO - Processing file /home/airflow/.local/lib/python3.8/site-packages/airflow/example_dags/example_bash_operator.py for tasks to queue
[2023-08-31T15:28:06.694+0000] {logging_mixin.py:151} INFO - [2023-08-31T15:28:06.693+0000] {dagbag.py:539} INFO - Filling up the DagBag from /home/airflow/.local/lib/python3.8/site-packages/airflow/example_dags/example_bash_operator.py
[2023-08-31T15:28:06.701+0000] {processor.py:839} INFO - DAG(s) dict_keys(['example_bash_operator']) retrieved from /home/airflow/.local/lib/python3.8/site-packages/airflow/example_dags/example_bash_operator.py
[2023-08-31T15:28:06.719+0000] {logging_mixin.py:151} INFO - [2023-08-31T15:28:06.719+0000] {dag.py:2907} INFO - Sync 1 DAGs
[2023-08-31T15:28:06.735+0000] {logging_mixin.py:151} INFO - [2023-08-31T15:28:06.735+0000] {dag.py:3677} INFO - Setting next_dagrun for example_bash_operator to 2023-08-31T00:00:00+00:00, run_after=2023-09-01T00:00:00+00:00
[2023-08-31T15:28:06.744+0000] {processor.py:179} INFO - Processing /home/airflow/.local/lib/python3.8/site-packages/airflow/example_dags/example_bash_operator.py took 0.056 seconds
[2023-08-31T15:28:37.020+0000] {processor.py:157} INFO - Started process (PID=5970) to work on /home/airflow/.local/lib/python3.8/site-packages/airflow/example_dags/example_bash_operator.py
[2023-08-31T15:28:37.022+0000] {processor.py:829} INFO - Processing file /home/airflow/.local/lib/python3.8/site-packages/airflow/example_dags/example_bash_operator.py for tasks to queue
[2023-08-31T15:28:37.026+0000] {logging_mixin.py:151} INFO - [2023-08-31T15:28:37.025+0000] {dagbag.py:539} INFO - Filling up the DagBag from /home/airflow/.local/lib/python3.8/site-packages/airflow/example_dags/example_bash_operator.py
[2023-08-31T15:28:37.035+0000] {processor.py:839} INFO - DAG(s) dict_keys(['example_bash_operator']) retrieved from /home/airflow/.local/lib/python3.8/site-packages/airflow/example_dags/example_bash_operator.py
[2023-08-31T15:28:37.055+0000] {logging_mixin.py:151} INFO - [2023-08-31T15:28:37.055+0000] {dag.py:2907} INFO - Sync 1 DAGs
[2023-08-31T15:28:37.073+0000] {logging_mixin.py:151} INFO - [2023-08-31T15:28:37.073+0000] {dag.py:3677} INFO - Setting next_dagrun for example_bash_operator to 2023-08-31T00:00:00+00:00, run_after=2023-09-01T00:00:00+00:00
[2023-08-31T15:28:37.087+0000] {processor.py:179} INFO - Processing /home/airflow/.local/lib/python3.8/site-packages/airflow/example_dags/example_bash_operator.py took 0.071 seconds
[2023-08-31T15:29:07.261+0000] {processor.py:157} INFO - Started process (PID=6212) to work on /home/airflow/.local/lib/python3.8/site-packages/airflow/example_dags/example_bash_operator.py
[2023-08-31T15:29:07.262+0000] {processor.py:829} INFO - Processing file /home/airflow/.local/lib/python3.8/site-packages/airflow/example_dags/example_bash_operator.py for tasks to queue
[2023-08-31T15:29:07.263+0000] {logging_mixin.py:151} INFO - [2023-08-31T15:29:07.263+0000] {dagbag.py:539} INFO - Filling up the DagBag from /home/airflow/.local/lib/python3.8/site-packages/airflow/example_dags/example_bash_operator.py
[2023-08-31T15:29:07.271+0000] {processor.py:839} INFO - DAG(s) dict_keys(['example_bash_operator']) retrieved from /home/airflow/.local/lib/python3.8/site-packages/airflow/example_dags/example_bash_operator.py
[2023-08-31T15:29:07.289+0000] {logging_mixin.py:151} INFO - [2023-08-31T15:29:07.289+0000] {dag.py:2907} INFO - Sync 1 DAGs
[2023-08-31T15:29:07.303+0000] {logging_mixin.py:151} INFO - [2023-08-31T15:29:07.302+0000] {dag.py:3677} INFO - Setting next_dagrun for example_bash_operator to 2023-08-31T00:00:00+00:00, run_after=2023-09-01T00:00:00+00:00
[2023-08-31T15:29:07.314+0000] {processor.py:179} INFO - Processing /home/airflow/.local/lib/python3.8/site-packages/airflow/example_dags/example_bash_operator.py took 0.056 seconds
[2023-08-31T15:29:37.703+0000] {processor.py:157} INFO - Started process (PID=6452) to work on /home/airflow/.local/lib/python3.8/site-packages/airflow/example_dags/example_bash_operator.py
[2023-08-31T15:29:37.704+0000] {processor.py:829} INFO - Processing file /home/airflow/.local/lib/python3.8/site-packages/airflow/example_dags/example_bash_operator.py for tasks to queue
[2023-08-31T15:29:37.705+0000] {logging_mixin.py:151} INFO - [2023-08-31T15:29:37.705+0000] {dagbag.py:539} INFO - Filling up the DagBag from /home/airflow/.local/lib/python3.8/site-packages/airflow/example_dags/example_bash_operator.py
[2023-08-31T15:29:37.713+0000] {processor.py:839} INFO - DAG(s) dict_keys(['example_bash_operator']) retrieved from /home/airflow/.local/lib/python3.8/site-packages/airflow/example_dags/example_bash_operator.py
[2023-08-31T15:29:37.730+0000] {logging_mixin.py:151} INFO - [2023-08-31T15:29:37.730+0000] {dag.py:2907} INFO - Sync 1 DAGs
[2023-08-31T15:29:37.744+0000] {logging_mixin.py:151} INFO - [2023-08-31T15:29:37.744+0000] {dag.py:3677} INFO - Setting next_dagrun for example_bash_operator to 2023-08-31T00:00:00+00:00, run_after=2023-09-01T00:00:00+00:00
[2023-08-31T15:29:37.756+0000] {processor.py:179} INFO - Processing /home/airflow/.local/lib/python3.8/site-packages/airflow/example_dags/example_bash_operator.py took 0.056 seconds
[2023-08-31T15:30:07.981+0000] {processor.py:157} INFO - Started process (PID=6692) to work on /home/airflow/.local/lib/python3.8/site-packages/airflow/example_dags/example_bash_operator.py
[2023-08-31T15:30:07.982+0000] {processor.py:829} INFO - Processing file /home/airflow/.local/lib/python3.8/site-packages/airflow/example_dags/example_bash_operator.py for tasks to queue
[2023-08-31T15:30:07.984+0000] {logging_mixin.py:151} INFO - [2023-08-31T15:30:07.984+0000] {dagbag.py:539} INFO - Filling up the DagBag from /home/airflow/.local/lib/python3.8/site-packages/airflow/example_dags/example_bash_operator.py
[2023-08-31T15:30:07.992+0000] {processor.py:839} INFO - DAG(s) dict_keys(['example_bash_operator']) retrieved from /home/airflow/.local/lib/python3.8/site-packages/airflow/example_dags/example_bash_operator.py
[2023-08-31T15:30:08.010+0000] {logging_mixin.py:151} INFO - [2023-08-31T15:30:08.010+0000] {dag.py:2907} INFO - Sync 1 DAGs
[2023-08-31T15:30:08.025+0000] {logging_mixin.py:151} INFO - [2023-08-31T15:30:08.025+0000] {dag.py:3677} INFO - Setting next_dagrun for example_bash_operator to 2023-08-31T00:00:00+00:00, run_after=2023-09-01T00:00:00+00:00
[2023-08-31T15:30:08.035+0000] {processor.py:179} INFO - Processing /home/airflow/.local/lib/python3.8/site-packages/airflow/example_dags/example_bash_operator.py took 0.056 seconds
[2023-08-31T15:30:38.201+0000] {processor.py:157} INFO - Started process (PID=6933) to work on /home/airflow/.local/lib/python3.8/site-packages/airflow/example_dags/example_bash_operator.py
[2023-08-31T15:30:38.202+0000] {processor.py:829} INFO - Processing file /home/airflow/.local/lib/python3.8/site-packages/airflow/example_dags/example_bash_operator.py for tasks to queue
[2023-08-31T15:30:38.203+0000] {logging_mixin.py:151} INFO - [2023-08-31T15:30:38.203+0000] {dagbag.py:539} INFO - Filling up the DagBag from /home/airflow/.local/lib/python3.8/site-packages/airflow/example_dags/example_bash_operator.py
[2023-08-31T15:30:38.211+0000] {processor.py:839} INFO - DAG(s) dict_keys(['example_bash_operator']) retrieved from /home/airflow/.local/lib/python3.8/site-packages/airflow/example_dags/example_bash_operator.py
[2023-08-31T15:30:38.229+0000] {logging_mixin.py:151} INFO - [2023-08-31T15:30:38.229+0000] {dag.py:2907} INFO - Sync 1 DAGs
[2023-08-31T15:30:38.243+0000] {logging_mixin.py:151} INFO - [2023-08-31T15:30:38.243+0000] {dag.py:3677} INFO - Setting next_dagrun for example_bash_operator to 2023-08-31T00:00:00+00:00, run_after=2023-09-01T00:00:00+00:00
[2023-08-31T15:30:38.255+0000] {processor.py:179} INFO - Processing /home/airflow/.local/lib/python3.8/site-packages/airflow/example_dags/example_bash_operator.py took 0.056 seconds
[2023-08-31T15:31:08.567+0000] {processor.py:157} INFO - Started process (PID=7172) to work on /home/airflow/.local/lib/python3.8/site-packages/airflow/example_dags/example_bash_operator.py
[2023-08-31T15:31:08.568+0000] {processor.py:829} INFO - Processing file /home/airflow/.local/lib/python3.8/site-packages/airflow/example_dags/example_bash_operator.py for tasks to queue
[2023-08-31T15:31:08.569+0000] {logging_mixin.py:151} INFO - [2023-08-31T15:31:08.569+0000] {dagbag.py:539} INFO - Filling up the DagBag from /home/airflow/.local/lib/python3.8/site-packages/airflow/example_dags/example_bash_operator.py
[2023-08-31T15:31:08.577+0000] {processor.py:839} INFO - DAG(s) dict_keys(['example_bash_operator']) retrieved from /home/airflow/.local/lib/python3.8/site-packages/airflow/example_dags/example_bash_operator.py
[2023-08-31T15:31:08.596+0000] {logging_mixin.py:151} INFO - [2023-08-31T15:31:08.596+0000] {dag.py:2907} INFO - Sync 1 DAGs
[2023-08-31T15:31:08.611+0000] {logging_mixin.py:151} INFO - [2023-08-31T15:31:08.611+0000] {dag.py:3677} INFO - Setting next_dagrun for example_bash_operator to 2023-08-31T00:00:00+00:00, run_after=2023-09-01T00:00:00+00:00
[2023-08-31T15:31:08.622+0000] {processor.py:179} INFO - Processing /home/airflow/.local/lib/python3.8/site-packages/airflow/example_dags/example_bash_operator.py took 0.058 seconds
[2023-08-31T15:31:39.002+0000] {processor.py:157} INFO - Started process (PID=7411) to work on /home/airflow/.local/lib/python3.8/site-packages/airflow/example_dags/example_bash_operator.py
[2023-08-31T15:31:39.004+0000] {processor.py:829} INFO - Processing file /home/airflow/.local/lib/python3.8/site-packages/airflow/example_dags/example_bash_operator.py for tasks to queue
[2023-08-31T15:31:39.005+0000] {logging_mixin.py:151} INFO - [2023-08-31T15:31:39.005+0000] {dagbag.py:539} INFO - Filling up the DagBag from /home/airflow/.local/lib/python3.8/site-packages/airflow/example_dags/example_bash_operator.py
[2023-08-31T15:31:39.013+0000] {processor.py:839} INFO - DAG(s) dict_keys(['example_bash_operator']) retrieved from /home/airflow/.local/lib/python3.8/site-packages/airflow/example_dags/example_bash_operator.py
[2023-08-31T15:31:39.030+0000] {logging_mixin.py:151} INFO - [2023-08-31T15:31:39.030+0000] {dag.py:2907} INFO - Sync 1 DAGs
[2023-08-31T15:31:39.045+0000] {logging_mixin.py:151} INFO - [2023-08-31T15:31:39.045+0000] {dag.py:3677} INFO - Setting next_dagrun for example_bash_operator to 2023-08-31T00:00:00+00:00, run_after=2023-09-01T00:00:00+00:00
[2023-08-31T15:31:39.056+0000] {processor.py:179} INFO - Processing /home/airflow/.local/lib/python3.8/site-packages/airflow/example_dags/example_bash_operator.py took 0.056 seconds
[2023-08-31T15:32:09.388+0000] {processor.py:157} INFO - Started process (PID=7650) to work on /home/airflow/.local/lib/python3.8/site-packages/airflow/example_dags/example_bash_operator.py
[2023-08-31T15:32:09.389+0000] {processor.py:829} INFO - Processing file /home/airflow/.local/lib/python3.8/site-packages/airflow/example_dags/example_bash_operator.py for tasks to queue
[2023-08-31T15:32:09.390+0000] {logging_mixin.py:151} INFO - [2023-08-31T15:32:09.390+0000] {dagbag.py:539} INFO - Filling up the DagBag from /home/airflow/.local/lib/python3.8/site-packages/airflow/example_dags/example_bash_operator.py
[2023-08-31T15:32:09.398+0000] {processor.py:839} INFO - DAG(s) dict_keys(['example_bash_operator']) retrieved from /home/airflow/.local/lib/python3.8/site-packages/airflow/example_dags/example_bash_operator.py
[2023-08-31T15:32:09.416+0000] {logging_mixin.py:151} INFO - [2023-08-31T15:32:09.416+0000] {dag.py:2907} INFO - Sync 1 DAGs
[2023-08-31T15:32:09.430+0000] {logging_mixin.py:151} INFO - [2023-08-31T15:32:09.430+0000] {dag.py:3677} INFO - Setting next_dagrun for example_bash_operator to 2023-08-31T00:00:00+00:00, run_after=2023-09-01T00:00:00+00:00
[2023-08-31T15:32:09.443+0000] {processor.py:179} INFO - Processing /home/airflow/.local/lib/python3.8/site-packages/airflow/example_dags/example_bash_operator.py took 0.057 seconds
[2023-08-31T15:32:39.731+0000] {processor.py:157} INFO - Started process (PID=7890) to work on /home/airflow/.local/lib/python3.8/site-packages/airflow/example_dags/example_bash_operator.py
[2023-08-31T15:32:39.732+0000] {processor.py:829} INFO - Processing file /home/airflow/.local/lib/python3.8/site-packages/airflow/example_dags/example_bash_operator.py for tasks to queue
[2023-08-31T15:32:39.733+0000] {logging_mixin.py:151} INFO - [2023-08-31T15:32:39.733+0000] {dagbag.py:539} INFO - Filling up the DagBag from /home/airflow/.local/lib/python3.8/site-packages/airflow/example_dags/example_bash_operator.py
[2023-08-31T15:32:39.742+0000] {processor.py:839} INFO - DAG(s) dict_keys(['example_bash_operator']) retrieved from /home/airflow/.local/lib/python3.8/site-packages/airflow/example_dags/example_bash_operator.py
[2023-08-31T15:32:39.759+0000] {logging_mixin.py:151} INFO - [2023-08-31T15:32:39.759+0000] {dag.py:2907} INFO - Sync 1 DAGs
[2023-08-31T15:32:39.773+0000] {logging_mixin.py:151} INFO - [2023-08-31T15:32:39.773+0000] {dag.py:3677} INFO - Setting next_dagrun for example_bash_operator to 2023-08-31T00:00:00+00:00, run_after=2023-09-01T00:00:00+00:00
[2023-08-31T15:32:39.784+0000] {processor.py:179} INFO - Processing /home/airflow/.local/lib/python3.8/site-packages/airflow/example_dags/example_bash_operator.py took 0.056 seconds
[2023-08-31T15:33:10.221+0000] {processor.py:157} INFO - Started process (PID=8129) to work on /home/airflow/.local/lib/python3.8/site-packages/airflow/example_dags/example_bash_operator.py
[2023-08-31T15:33:10.222+0000] {processor.py:829} INFO - Processing file /home/airflow/.local/lib/python3.8/site-packages/airflow/example_dags/example_bash_operator.py for tasks to queue
[2023-08-31T15:33:10.224+0000] {logging_mixin.py:151} INFO - [2023-08-31T15:33:10.224+0000] {dagbag.py:539} INFO - Filling up the DagBag from /home/airflow/.local/lib/python3.8/site-packages/airflow/example_dags/example_bash_operator.py
[2023-08-31T15:33:10.232+0000] {processor.py:839} INFO - DAG(s) dict_keys(['example_bash_operator']) retrieved from /home/airflow/.local/lib/python3.8/site-packages/airflow/example_dags/example_bash_operator.py
[2023-08-31T15:33:10.249+0000] {logging_mixin.py:151} INFO - [2023-08-31T15:33:10.249+0000] {dag.py:2907} INFO - Sync 1 DAGs
[2023-08-31T15:33:10.263+0000] {logging_mixin.py:151} INFO - [2023-08-31T15:33:10.263+0000] {dag.py:3677} INFO - Setting next_dagrun for example_bash_operator to 2023-08-31T00:00:00+00:00, run_after=2023-09-01T00:00:00+00:00
[2023-08-31T15:33:10.274+0000] {processor.py:179} INFO - Processing /home/airflow/.local/lib/python3.8/site-packages/airflow/example_dags/example_bash_operator.py took 0.055 seconds
[2023-08-31T15:33:40.601+0000] {processor.py:157} INFO - Started process (PID=8369) to work on /home/airflow/.local/lib/python3.8/site-packages/airflow/example_dags/example_bash_operator.py
[2023-08-31T15:33:40.603+0000] {processor.py:829} INFO - Processing file /home/airflow/.local/lib/python3.8/site-packages/airflow/example_dags/example_bash_operator.py for tasks to queue
[2023-08-31T15:33:40.604+0000] {logging_mixin.py:151} INFO - [2023-08-31T15:33:40.603+0000] {dagbag.py:539} INFO - Filling up the DagBag from /home/airflow/.local/lib/python3.8/site-packages/airflow/example_dags/example_bash_operator.py
[2023-08-31T15:33:40.613+0000] {processor.py:839} INFO - DAG(s) dict_keys(['example_bash_operator']) retrieved from /home/airflow/.local/lib/python3.8/site-packages/airflow/example_dags/example_bash_operator.py
[2023-08-31T15:33:40.635+0000] {logging_mixin.py:151} INFO - [2023-08-31T15:33:40.634+0000] {dag.py:2907} INFO - Sync 1 DAGs
[2023-08-31T15:33:40.654+0000] {logging_mixin.py:151} INFO - [2023-08-31T15:33:40.654+0000] {dag.py:3677} INFO - Setting next_dagrun for example_bash_operator to 2023-08-31T00:00:00+00:00, run_after=2023-09-01T00:00:00+00:00
[2023-08-31T15:33:40.668+0000] {processor.py:179} INFO - Processing /home/airflow/.local/lib/python3.8/site-packages/airflow/example_dags/example_bash_operator.py took 0.069 seconds
[2023-08-31T15:34:11.259+0000] {processor.py:157} INFO - Started process (PID=8610) to work on /home/airflow/.local/lib/python3.8/site-packages/airflow/example_dags/example_bash_operator.py
[2023-08-31T15:34:11.260+0000] {processor.py:829} INFO - Processing file /home/airflow/.local/lib/python3.8/site-packages/airflow/example_dags/example_bash_operator.py for tasks to queue
[2023-08-31T15:34:11.261+0000] {logging_mixin.py:151} INFO - [2023-08-31T15:34:11.261+0000] {dagbag.py:539} INFO - Filling up the DagBag from /home/airflow/.local/lib/python3.8/site-packages/airflow/example_dags/example_bash_operator.py
[2023-08-31T15:34:11.270+0000] {processor.py:839} INFO - DAG(s) dict_keys(['example_bash_operator']) retrieved from /home/airflow/.local/lib/python3.8/site-packages/airflow/example_dags/example_bash_operator.py
[2023-08-31T15:34:11.289+0000] {logging_mixin.py:151} INFO - [2023-08-31T15:34:11.289+0000] {dag.py:2907} INFO - Sync 1 DAGs
[2023-08-31T15:34:11.303+0000] {logging_mixin.py:151} INFO - [2023-08-31T15:34:11.302+0000] {dag.py:3677} INFO - Setting next_dagrun for example_bash_operator to 2023-08-31T00:00:00+00:00, run_after=2023-09-01T00:00:00+00:00
[2023-08-31T15:34:11.314+0000] {processor.py:179} INFO - Processing /home/airflow/.local/lib/python3.8/site-packages/airflow/example_dags/example_bash_operator.py took 0.057 seconds
[2023-08-31T15:34:41.717+0000] {processor.py:157} INFO - Started process (PID=8850) to work on /home/airflow/.local/lib/python3.8/site-packages/airflow/example_dags/example_bash_operator.py
[2023-08-31T15:34:41.718+0000] {processor.py:829} INFO - Processing file /home/airflow/.local/lib/python3.8/site-packages/airflow/example_dags/example_bash_operator.py for tasks to queue
[2023-08-31T15:34:41.720+0000] {logging_mixin.py:151} INFO - [2023-08-31T15:34:41.720+0000] {dagbag.py:539} INFO - Filling up the DagBag from /home/airflow/.local/lib/python3.8/site-packages/airflow/example_dags/example_bash_operator.py
[2023-08-31T15:34:41.728+0000] {processor.py:839} INFO - DAG(s) dict_keys(['example_bash_operator']) retrieved from /home/airflow/.local/lib/python3.8/site-packages/airflow/example_dags/example_bash_operator.py
[2023-08-31T15:34:41.745+0000] {logging_mixin.py:151} INFO - [2023-08-31T15:34:41.745+0000] {dag.py:2907} INFO - Sync 1 DAGs
[2023-08-31T15:34:41.761+0000] {logging_mixin.py:151} INFO - [2023-08-31T15:34:41.760+0000] {dag.py:3677} INFO - Setting next_dagrun for example_bash_operator to 2023-08-31T00:00:00+00:00, run_after=2023-09-01T00:00:00+00:00
[2023-08-31T15:34:41.770+0000] {processor.py:179} INFO - Processing /home/airflow/.local/lib/python3.8/site-packages/airflow/example_dags/example_bash_operator.py took 0.056 seconds
[2023-08-31T15:35:12.031+0000] {processor.py:157} INFO - Started process (PID=9092) to work on /home/airflow/.local/lib/python3.8/site-packages/airflow/example_dags/example_bash_operator.py
[2023-08-31T15:35:12.032+0000] {processor.py:829} INFO - Processing file /home/airflow/.local/lib/python3.8/site-packages/airflow/example_dags/example_bash_operator.py for tasks to queue
[2023-08-31T15:35:12.033+0000] {logging_mixin.py:151} INFO - [2023-08-31T15:35:12.033+0000] {dagbag.py:539} INFO - Filling up the DagBag from /home/airflow/.local/lib/python3.8/site-packages/airflow/example_dags/example_bash_operator.py
[2023-08-31T15:35:12.041+0000] {processor.py:839} INFO - DAG(s) dict_keys(['example_bash_operator']) retrieved from /home/airflow/.local/lib/python3.8/site-packages/airflow/example_dags/example_bash_operator.py
[2023-08-31T15:35:12.059+0000] {logging_mixin.py:151} INFO - [2023-08-31T15:35:12.059+0000] {dag.py:2907} INFO - Sync 1 DAGs
[2023-08-31T15:35:12.074+0000] {logging_mixin.py:151} INFO - [2023-08-31T15:35:12.074+0000] {dag.py:3677} INFO - Setting next_dagrun for example_bash_operator to 2023-08-31T00:00:00+00:00, run_after=2023-09-01T00:00:00+00:00
[2023-08-31T15:35:12.084+0000] {processor.py:179} INFO - Processing /home/airflow/.local/lib/python3.8/site-packages/airflow/example_dags/example_bash_operator.py took 0.056 seconds
[2023-08-31T15:35:42.469+0000] {processor.py:157} INFO - Started process (PID=9333) to work on /home/airflow/.local/lib/python3.8/site-packages/airflow/example_dags/example_bash_operator.py
[2023-08-31T15:35:42.470+0000] {processor.py:829} INFO - Processing file /home/airflow/.local/lib/python3.8/site-packages/airflow/example_dags/example_bash_operator.py for tasks to queue
[2023-08-31T15:35:42.471+0000] {logging_mixin.py:151} INFO - [2023-08-31T15:35:42.471+0000] {dagbag.py:539} INFO - Filling up the DagBag from /home/airflow/.local/lib/python3.8/site-packages/airflow/example_dags/example_bash_operator.py
[2023-08-31T15:35:42.480+0000] {processor.py:839} INFO - DAG(s) dict_keys(['example_bash_operator']) retrieved from /home/airflow/.local/lib/python3.8/site-packages/airflow/example_dags/example_bash_operator.py
[2023-08-31T15:35:42.498+0000] {logging_mixin.py:151} INFO - [2023-08-31T15:35:42.498+0000] {dag.py:2907} INFO - Sync 1 DAGs
[2023-08-31T15:35:42.513+0000] {logging_mixin.py:151} INFO - [2023-08-31T15:35:42.513+0000] {dag.py:3677} INFO - Setting next_dagrun for example_bash_operator to 2023-08-31T00:00:00+00:00, run_after=2023-09-01T00:00:00+00:00
[2023-08-31T15:35:42.523+0000] {processor.py:179} INFO - Processing /home/airflow/.local/lib/python3.8/site-packages/airflow/example_dags/example_bash_operator.py took 0.057 seconds
[2023-08-31T15:36:12.750+0000] {processor.py:157} INFO - Started process (PID=9572) to work on /home/airflow/.local/lib/python3.8/site-packages/airflow/example_dags/example_bash_operator.py
[2023-08-31T15:36:12.753+0000] {processor.py:829} INFO - Processing file /home/airflow/.local/lib/python3.8/site-packages/airflow/example_dags/example_bash_operator.py for tasks to queue
[2023-08-31T15:36:12.760+0000] {logging_mixin.py:151} INFO - [2023-08-31T15:36:12.760+0000] {dagbag.py:539} INFO - Filling up the DagBag from /home/airflow/.local/lib/python3.8/site-packages/airflow/example_dags/example_bash_operator.py
[2023-08-31T15:36:12.768+0000] {processor.py:839} INFO - DAG(s) dict_keys(['example_bash_operator']) retrieved from /home/airflow/.local/lib/python3.8/site-packages/airflow/example_dags/example_bash_operator.py
[2023-08-31T15:36:12.788+0000] {logging_mixin.py:151} INFO - [2023-08-31T15:36:12.788+0000] {dag.py:2907} INFO - Sync 1 DAGs
[2023-08-31T15:36:12.803+0000] {logging_mixin.py:151} INFO - [2023-08-31T15:36:12.803+0000] {dag.py:3677} INFO - Setting next_dagrun for example_bash_operator to 2023-08-31T00:00:00+00:00, run_after=2023-09-01T00:00:00+00:00
[2023-08-31T15:36:12.813+0000] {processor.py:179} INFO - Processing /home/airflow/.local/lib/python3.8/site-packages/airflow/example_dags/example_bash_operator.py took 0.065 seconds
[2023-08-31T15:36:43.124+0000] {processor.py:157} INFO - Started process (PID=9812) to work on /home/airflow/.local/lib/python3.8/site-packages/airflow/example_dags/example_bash_operator.py
[2023-08-31T15:36:43.125+0000] {processor.py:829} INFO - Processing file /home/airflow/.local/lib/python3.8/site-packages/airflow/example_dags/example_bash_operator.py for tasks to queue
[2023-08-31T15:36:43.126+0000] {logging_mixin.py:151} INFO - [2023-08-31T15:36:43.126+0000] {dagbag.py:539} INFO - Filling up the DagBag from /home/airflow/.local/lib/python3.8/site-packages/airflow/example_dags/example_bash_operator.py
[2023-08-31T15:36:43.134+0000] {processor.py:839} INFO - DAG(s) dict_keys(['example_bash_operator']) retrieved from /home/airflow/.local/lib/python3.8/site-packages/airflow/example_dags/example_bash_operator.py
[2023-08-31T15:36:43.153+0000] {logging_mixin.py:151} INFO - [2023-08-31T15:36:43.153+0000] {dag.py:2907} INFO - Sync 1 DAGs
[2023-08-31T15:36:43.168+0000] {logging_mixin.py:151} INFO - [2023-08-31T15:36:43.168+0000] {dag.py:3677} INFO - Setting next_dagrun for example_bash_operator to 2023-08-31T00:00:00+00:00, run_after=2023-09-01T00:00:00+00:00
[2023-08-31T15:36:43.180+0000] {processor.py:179} INFO - Processing /home/airflow/.local/lib/python3.8/site-packages/airflow/example_dags/example_bash_operator.py took 0.058 seconds
[2023-08-31T15:37:13.449+0000] {processor.py:157} INFO - Started process (PID=10051) to work on /home/airflow/.local/lib/python3.8/site-packages/airflow/example_dags/example_bash_operator.py
[2023-08-31T15:37:13.450+0000] {processor.py:829} INFO - Processing file /home/airflow/.local/lib/python3.8/site-packages/airflow/example_dags/example_bash_operator.py for tasks to queue
[2023-08-31T15:37:13.451+0000] {logging_mixin.py:151} INFO - [2023-08-31T15:37:13.451+0000] {dagbag.py:539} INFO - Filling up the DagBag from /home/airflow/.local/lib/python3.8/site-packages/airflow/example_dags/example_bash_operator.py
[2023-08-31T15:37:13.459+0000] {processor.py:839} INFO - DAG(s) dict_keys(['example_bash_operator']) retrieved from /home/airflow/.local/lib/python3.8/site-packages/airflow/example_dags/example_bash_operator.py
[2023-08-31T15:37:13.477+0000] {logging_mixin.py:151} INFO - [2023-08-31T15:37:13.477+0000] {dag.py:2907} INFO - Sync 1 DAGs
[2023-08-31T15:37:13.492+0000] {logging_mixin.py:151} INFO - [2023-08-31T15:37:13.492+0000] {dag.py:3677} INFO - Setting next_dagrun for example_bash_operator to 2023-08-31T00:00:00+00:00, run_after=2023-09-01T00:00:00+00:00
[2023-08-31T15:37:13.502+0000] {processor.py:179} INFO - Processing /home/airflow/.local/lib/python3.8/site-packages/airflow/example_dags/example_bash_operator.py took 0.056 seconds
[2023-08-31T15:37:43.669+0000] {processor.py:157} INFO - Started process (PID=10292) to work on /home/airflow/.local/lib/python3.8/site-packages/airflow/example_dags/example_bash_operator.py
[2023-08-31T15:37:43.671+0000] {processor.py:829} INFO - Processing file /home/airflow/.local/lib/python3.8/site-packages/airflow/example_dags/example_bash_operator.py for tasks to queue
[2023-08-31T15:37:43.673+0000] {logging_mixin.py:151} INFO - [2023-08-31T15:37:43.673+0000] {dagbag.py:539} INFO - Filling up the DagBag from /home/airflow/.local/lib/python3.8/site-packages/airflow/example_dags/example_bash_operator.py
[2023-08-31T15:37:43.681+0000] {processor.py:839} INFO - DAG(s) dict_keys(['example_bash_operator']) retrieved from /home/airflow/.local/lib/python3.8/site-packages/airflow/example_dags/example_bash_operator.py
[2023-08-31T15:37:43.698+0000] {logging_mixin.py:151} INFO - [2023-08-31T15:37:43.698+0000] {dag.py:2907} INFO - Sync 1 DAGs
[2023-08-31T15:37:43.712+0000] {logging_mixin.py:151} INFO - [2023-08-31T15:37:43.712+0000] {dag.py:3677} INFO - Setting next_dagrun for example_bash_operator to 2023-08-31T00:00:00+00:00, run_after=2023-09-01T00:00:00+00:00
[2023-08-31T15:37:43.722+0000] {processor.py:179} INFO - Processing /home/airflow/.local/lib/python3.8/site-packages/airflow/example_dags/example_bash_operator.py took 0.055 seconds
