[2023-08-31T15:16:29.876+0000] {processor.py:157} INFO - Started process (PID=322) to work on /home/airflow/.local/lib/python3.8/site-packages/airflow/example_dags/example_sla_dag.py
[2023-08-31T15:16:29.879+0000] {processor.py:829} INFO - Processing file /home/airflow/.local/lib/python3.8/site-packages/airflow/example_dags/example_sla_dag.py for tasks to queue
[2023-08-31T15:16:29.880+0000] {logging_mixin.py:151} INFO - [2023-08-31T15:16:29.880+0000] {dagbag.py:539} INFO - Filling up the DagBag from /home/airflow/.local/lib/python3.8/site-packages/airflow/example_dags/example_sla_dag.py
[2023-08-31T15:16:29.888+0000] {processor.py:839} INFO - DAG(s) dict_keys(['example_sla_dag']) retrieved from /home/airflow/.local/lib/python3.8/site-packages/airflow/example_dags/example_sla_dag.py
[2023-08-31T15:16:29.897+0000] {logging_mixin.py:151} INFO - [2023-08-31T15:16:29.897+0000] {dag.py:2907} INFO - Sync 1 DAGs
[2023-08-31T15:16:29.914+0000] {logging_mixin.py:151} INFO - [2023-08-31T15:16:29.914+0000] {dag.py:3677} INFO - Setting next_dagrun for example_sla_dag to 2023-08-31T15:14:00+00:00, run_after=2023-08-31T15:16:00+00:00
[2023-08-31T15:16:29.927+0000] {processor.py:179} INFO - Processing /home/airflow/.local/lib/python3.8/site-packages/airflow/example_dags/example_sla_dag.py took 0.054 seconds
[2023-08-31T15:17:01.101+0000] {processor.py:157} INFO - Started process (PID=567) to work on /home/airflow/.local/lib/python3.8/site-packages/airflow/example_dags/example_sla_dag.py
[2023-08-31T15:17:01.103+0000] {processor.py:829} INFO - Processing file /home/airflow/.local/lib/python3.8/site-packages/airflow/example_dags/example_sla_dag.py for tasks to queue
[2023-08-31T15:17:01.104+0000] {logging_mixin.py:151} INFO - [2023-08-31T15:17:01.104+0000] {dagbag.py:539} INFO - Filling up the DagBag from /home/airflow/.local/lib/python3.8/site-packages/airflow/example_dags/example_sla_dag.py
[2023-08-31T15:17:01.111+0000] {processor.py:839} INFO - DAG(s) dict_keys(['example_sla_dag']) retrieved from /home/airflow/.local/lib/python3.8/site-packages/airflow/example_dags/example_sla_dag.py
[2023-08-31T15:17:01.127+0000] {logging_mixin.py:151} INFO - [2023-08-31T15:17:01.126+0000] {dag.py:2907} INFO - Sync 1 DAGs
[2023-08-31T15:17:01.145+0000] {logging_mixin.py:151} INFO - [2023-08-31T15:17:01.145+0000] {dag.py:3677} INFO - Setting next_dagrun for example_sla_dag to 2023-08-31T15:14:00+00:00, run_after=2023-08-31T15:16:00+00:00
[2023-08-31T15:17:01.245+0000] {processor.py:179} INFO - Processing /home/airflow/.local/lib/python3.8/site-packages/airflow/example_dags/example_sla_dag.py took 0.147 seconds
[2023-08-31T15:17:31.849+0000] {processor.py:157} INFO - Started process (PID=806) to work on /home/airflow/.local/lib/python3.8/site-packages/airflow/example_dags/example_sla_dag.py
[2023-08-31T15:17:31.851+0000] {processor.py:829} INFO - Processing file /home/airflow/.local/lib/python3.8/site-packages/airflow/example_dags/example_sla_dag.py for tasks to queue
[2023-08-31T15:17:31.852+0000] {logging_mixin.py:151} INFO - [2023-08-31T15:17:31.851+0000] {dagbag.py:539} INFO - Filling up the DagBag from /home/airflow/.local/lib/python3.8/site-packages/airflow/example_dags/example_sla_dag.py
[2023-08-31T15:17:31.858+0000] {processor.py:839} INFO - DAG(s) dict_keys(['example_sla_dag']) retrieved from /home/airflow/.local/lib/python3.8/site-packages/airflow/example_dags/example_sla_dag.py
[2023-08-31T15:17:31.871+0000] {logging_mixin.py:151} INFO - [2023-08-31T15:17:31.871+0000] {dag.py:2907} INFO - Sync 1 DAGs
[2023-08-31T15:17:31.887+0000] {logging_mixin.py:151} INFO - [2023-08-31T15:17:31.887+0000] {dag.py:3677} INFO - Setting next_dagrun for example_sla_dag to 2023-08-31T15:14:00+00:00, run_after=2023-08-31T15:16:00+00:00
[2023-08-31T15:17:31.898+0000] {processor.py:179} INFO - Processing /home/airflow/.local/lib/python3.8/site-packages/airflow/example_dags/example_sla_dag.py took 0.052 seconds
[2023-08-31T15:18:02.698+0000] {processor.py:157} INFO - Started process (PID=1047) to work on /home/airflow/.local/lib/python3.8/site-packages/airflow/example_dags/example_sla_dag.py
[2023-08-31T15:18:02.700+0000] {processor.py:829} INFO - Processing file /home/airflow/.local/lib/python3.8/site-packages/airflow/example_dags/example_sla_dag.py for tasks to queue
[2023-08-31T15:18:02.701+0000] {logging_mixin.py:151} INFO - [2023-08-31T15:18:02.701+0000] {dagbag.py:539} INFO - Filling up the DagBag from /home/airflow/.local/lib/python3.8/site-packages/airflow/example_dags/example_sla_dag.py
[2023-08-31T15:18:02.707+0000] {processor.py:839} INFO - DAG(s) dict_keys(['example_sla_dag']) retrieved from /home/airflow/.local/lib/python3.8/site-packages/airflow/example_dags/example_sla_dag.py
[2023-08-31T15:18:02.722+0000] {logging_mixin.py:151} INFO - [2023-08-31T15:18:02.721+0000] {dag.py:2907} INFO - Sync 1 DAGs
[2023-08-31T15:18:02.741+0000] {logging_mixin.py:151} INFO - [2023-08-31T15:18:02.741+0000] {dag.py:3677} INFO - Setting next_dagrun for example_sla_dag to 2023-08-31T15:16:00+00:00, run_after=2023-08-31T15:18:00+00:00
[2023-08-31T15:18:02.753+0000] {processor.py:179} INFO - Processing /home/airflow/.local/lib/python3.8/site-packages/airflow/example_dags/example_sla_dag.py took 0.057 seconds
[2023-08-31T15:18:33.209+0000] {processor.py:157} INFO - Started process (PID=1310) to work on /home/airflow/.local/lib/python3.8/site-packages/airflow/example_dags/example_sla_dag.py
[2023-08-31T15:18:33.210+0000] {processor.py:829} INFO - Processing file /home/airflow/.local/lib/python3.8/site-packages/airflow/example_dags/example_sla_dag.py for tasks to queue
[2023-08-31T15:18:33.211+0000] {logging_mixin.py:151} INFO - [2023-08-31T15:18:33.211+0000] {dagbag.py:539} INFO - Filling up the DagBag from /home/airflow/.local/lib/python3.8/site-packages/airflow/example_dags/example_sla_dag.py
[2023-08-31T15:18:33.217+0000] {processor.py:839} INFO - DAG(s) dict_keys(['example_sla_dag']) retrieved from /home/airflow/.local/lib/python3.8/site-packages/airflow/example_dags/example_sla_dag.py
[2023-08-31T15:18:33.229+0000] {logging_mixin.py:151} INFO - [2023-08-31T15:18:33.229+0000] {dag.py:2907} INFO - Sync 1 DAGs
[2023-08-31T15:18:33.243+0000] {logging_mixin.py:151} INFO - [2023-08-31T15:18:33.243+0000] {dag.py:3677} INFO - Setting next_dagrun for example_sla_dag to 2023-08-31T15:16:00+00:00, run_after=2023-08-31T15:18:00+00:00
[2023-08-31T15:18:33.253+0000] {processor.py:179} INFO - Processing /home/airflow/.local/lib/python3.8/site-packages/airflow/example_dags/example_sla_dag.py took 0.046 seconds
[2023-08-31T15:19:03.701+0000] {processor.py:157} INFO - Started process (PID=1549) to work on /home/airflow/.local/lib/python3.8/site-packages/airflow/example_dags/example_sla_dag.py
[2023-08-31T15:19:03.703+0000] {processor.py:829} INFO - Processing file /home/airflow/.local/lib/python3.8/site-packages/airflow/example_dags/example_sla_dag.py for tasks to queue
[2023-08-31T15:19:03.704+0000] {logging_mixin.py:151} INFO - [2023-08-31T15:19:03.704+0000] {dagbag.py:539} INFO - Filling up the DagBag from /home/airflow/.local/lib/python3.8/site-packages/airflow/example_dags/example_sla_dag.py
[2023-08-31T15:19:03.712+0000] {processor.py:839} INFO - DAG(s) dict_keys(['example_sla_dag']) retrieved from /home/airflow/.local/lib/python3.8/site-packages/airflow/example_dags/example_sla_dag.py
[2023-08-31T15:19:03.728+0000] {logging_mixin.py:151} INFO - [2023-08-31T15:19:03.727+0000] {dag.py:2907} INFO - Sync 1 DAGs
[2023-08-31T15:19:03.743+0000] {logging_mixin.py:151} INFO - [2023-08-31T15:19:03.743+0000] {dag.py:3677} INFO - Setting next_dagrun for example_sla_dag to 2023-08-31T15:16:00+00:00, run_after=2023-08-31T15:18:00+00:00
[2023-08-31T15:19:03.753+0000] {processor.py:179} INFO - Processing /home/airflow/.local/lib/python3.8/site-packages/airflow/example_dags/example_sla_dag.py took 0.054 seconds
[2023-08-31T15:19:34.041+0000] {processor.py:157} INFO - Started process (PID=1790) to work on /home/airflow/.local/lib/python3.8/site-packages/airflow/example_dags/example_sla_dag.py
[2023-08-31T15:19:34.042+0000] {processor.py:829} INFO - Processing file /home/airflow/.local/lib/python3.8/site-packages/airflow/example_dags/example_sla_dag.py for tasks to queue
[2023-08-31T15:19:34.044+0000] {logging_mixin.py:151} INFO - [2023-08-31T15:19:34.044+0000] {dagbag.py:539} INFO - Filling up the DagBag from /home/airflow/.local/lib/python3.8/site-packages/airflow/example_dags/example_sla_dag.py
[2023-08-31T15:19:34.051+0000] {processor.py:839} INFO - DAG(s) dict_keys(['example_sla_dag']) retrieved from /home/airflow/.local/lib/python3.8/site-packages/airflow/example_dags/example_sla_dag.py
[2023-08-31T15:19:34.068+0000] {logging_mixin.py:151} INFO - [2023-08-31T15:19:34.068+0000] {dag.py:2907} INFO - Sync 1 DAGs
[2023-08-31T15:19:34.083+0000] {logging_mixin.py:151} INFO - [2023-08-31T15:19:34.083+0000] {dag.py:3677} INFO - Setting next_dagrun for example_sla_dag to 2023-08-31T15:16:00+00:00, run_after=2023-08-31T15:18:00+00:00
[2023-08-31T15:19:34.094+0000] {processor.py:179} INFO - Processing /home/airflow/.local/lib/python3.8/site-packages/airflow/example_dags/example_sla_dag.py took 0.055 seconds
[2023-08-31T15:20:04.331+0000] {processor.py:157} INFO - Started process (PID=2030) to work on /home/airflow/.local/lib/python3.8/site-packages/airflow/example_dags/example_sla_dag.py
[2023-08-31T15:20:04.333+0000] {processor.py:829} INFO - Processing file /home/airflow/.local/lib/python3.8/site-packages/airflow/example_dags/example_sla_dag.py for tasks to queue
[2023-08-31T15:20:04.335+0000] {logging_mixin.py:151} INFO - [2023-08-31T15:20:04.334+0000] {dagbag.py:539} INFO - Filling up the DagBag from /home/airflow/.local/lib/python3.8/site-packages/airflow/example_dags/example_sla_dag.py
[2023-08-31T15:20:04.341+0000] {processor.py:839} INFO - DAG(s) dict_keys(['example_sla_dag']) retrieved from /home/airflow/.local/lib/python3.8/site-packages/airflow/example_dags/example_sla_dag.py
[2023-08-31T15:20:04.356+0000] {logging_mixin.py:151} INFO - [2023-08-31T15:20:04.356+0000] {dag.py:2907} INFO - Sync 1 DAGs
[2023-08-31T15:20:04.371+0000] {logging_mixin.py:151} INFO - [2023-08-31T15:20:04.371+0000] {dag.py:3677} INFO - Setting next_dagrun for example_sla_dag to 2023-08-31T15:18:00+00:00, run_after=2023-08-31T15:20:00+00:00
[2023-08-31T15:20:04.383+0000] {processor.py:179} INFO - Processing /home/airflow/.local/lib/python3.8/site-packages/airflow/example_dags/example_sla_dag.py took 0.055 seconds
[2023-08-31T15:20:34.651+0000] {processor.py:157} INFO - Started process (PID=2269) to work on /home/airflow/.local/lib/python3.8/site-packages/airflow/example_dags/example_sla_dag.py
[2023-08-31T15:20:34.652+0000] {processor.py:829} INFO - Processing file /home/airflow/.local/lib/python3.8/site-packages/airflow/example_dags/example_sla_dag.py for tasks to queue
[2023-08-31T15:20:34.653+0000] {logging_mixin.py:151} INFO - [2023-08-31T15:20:34.653+0000] {dagbag.py:539} INFO - Filling up the DagBag from /home/airflow/.local/lib/python3.8/site-packages/airflow/example_dags/example_sla_dag.py
[2023-08-31T15:20:34.659+0000] {processor.py:839} INFO - DAG(s) dict_keys(['example_sla_dag']) retrieved from /home/airflow/.local/lib/python3.8/site-packages/airflow/example_dags/example_sla_dag.py
[2023-08-31T15:20:34.674+0000] {logging_mixin.py:151} INFO - [2023-08-31T15:20:34.673+0000] {dag.py:2907} INFO - Sync 1 DAGs
[2023-08-31T15:20:34.688+0000] {logging_mixin.py:151} INFO - [2023-08-31T15:20:34.688+0000] {dag.py:3677} INFO - Setting next_dagrun for example_sla_dag to 2023-08-31T15:18:00+00:00, run_after=2023-08-31T15:20:00+00:00
[2023-08-31T15:20:34.701+0000] {processor.py:179} INFO - Processing /home/airflow/.local/lib/python3.8/site-packages/airflow/example_dags/example_sla_dag.py took 0.052 seconds
[2023-08-31T15:21:04.881+0000] {processor.py:157} INFO - Started process (PID=2510) to work on /home/airflow/.local/lib/python3.8/site-packages/airflow/example_dags/example_sla_dag.py
[2023-08-31T15:21:04.883+0000] {processor.py:829} INFO - Processing file /home/airflow/.local/lib/python3.8/site-packages/airflow/example_dags/example_sla_dag.py for tasks to queue
[2023-08-31T15:21:04.884+0000] {logging_mixin.py:151} INFO - [2023-08-31T15:21:04.883+0000] {dagbag.py:539} INFO - Filling up the DagBag from /home/airflow/.local/lib/python3.8/site-packages/airflow/example_dags/example_sla_dag.py
[2023-08-31T15:21:04.891+0000] {processor.py:839} INFO - DAG(s) dict_keys(['example_sla_dag']) retrieved from /home/airflow/.local/lib/python3.8/site-packages/airflow/example_dags/example_sla_dag.py
[2023-08-31T15:21:04.905+0000] {logging_mixin.py:151} INFO - [2023-08-31T15:21:04.904+0000] {dag.py:2907} INFO - Sync 1 DAGs
[2023-08-31T15:21:04.920+0000] {logging_mixin.py:151} INFO - [2023-08-31T15:21:04.920+0000] {dag.py:3677} INFO - Setting next_dagrun for example_sla_dag to 2023-08-31T15:18:00+00:00, run_after=2023-08-31T15:20:00+00:00
[2023-08-31T15:21:04.932+0000] {processor.py:179} INFO - Processing /home/airflow/.local/lib/python3.8/site-packages/airflow/example_dags/example_sla_dag.py took 0.052 seconds
[2023-08-31T15:21:35.252+0000] {processor.py:157} INFO - Started process (PID=2752) to work on /home/airflow/.local/lib/python3.8/site-packages/airflow/example_dags/example_sla_dag.py
[2023-08-31T15:21:35.254+0000] {processor.py:829} INFO - Processing file /home/airflow/.local/lib/python3.8/site-packages/airflow/example_dags/example_sla_dag.py for tasks to queue
[2023-08-31T15:21:35.255+0000] {logging_mixin.py:151} INFO - [2023-08-31T15:21:35.255+0000] {dagbag.py:539} INFO - Filling up the DagBag from /home/airflow/.local/lib/python3.8/site-packages/airflow/example_dags/example_sla_dag.py
[2023-08-31T15:21:35.261+0000] {processor.py:839} INFO - DAG(s) dict_keys(['example_sla_dag']) retrieved from /home/airflow/.local/lib/python3.8/site-packages/airflow/example_dags/example_sla_dag.py
[2023-08-31T15:21:35.276+0000] {logging_mixin.py:151} INFO - [2023-08-31T15:21:35.276+0000] {dag.py:2907} INFO - Sync 1 DAGs
[2023-08-31T15:21:35.291+0000] {logging_mixin.py:151} INFO - [2023-08-31T15:21:35.290+0000] {dag.py:3677} INFO - Setting next_dagrun for example_sla_dag to 2023-08-31T15:18:00+00:00, run_after=2023-08-31T15:20:00+00:00
[2023-08-31T15:21:35.302+0000] {processor.py:179} INFO - Processing /home/airflow/.local/lib/python3.8/site-packages/airflow/example_dags/example_sla_dag.py took 0.053 seconds
[2023-08-31T15:22:05.549+0000] {processor.py:157} INFO - Started process (PID=2992) to work on /home/airflow/.local/lib/python3.8/site-packages/airflow/example_dags/example_sla_dag.py
[2023-08-31T15:22:05.550+0000] {processor.py:829} INFO - Processing file /home/airflow/.local/lib/python3.8/site-packages/airflow/example_dags/example_sla_dag.py for tasks to queue
[2023-08-31T15:22:05.552+0000] {logging_mixin.py:151} INFO - [2023-08-31T15:22:05.551+0000] {dagbag.py:539} INFO - Filling up the DagBag from /home/airflow/.local/lib/python3.8/site-packages/airflow/example_dags/example_sla_dag.py
[2023-08-31T15:22:05.558+0000] {processor.py:839} INFO - DAG(s) dict_keys(['example_sla_dag']) retrieved from /home/airflow/.local/lib/python3.8/site-packages/airflow/example_dags/example_sla_dag.py
[2023-08-31T15:22:05.572+0000] {logging_mixin.py:151} INFO - [2023-08-31T15:22:05.572+0000] {dag.py:2907} INFO - Sync 1 DAGs
[2023-08-31T15:22:05.587+0000] {logging_mixin.py:151} INFO - [2023-08-31T15:22:05.587+0000] {dag.py:3677} INFO - Setting next_dagrun for example_sla_dag to 2023-08-31T15:20:00+00:00, run_after=2023-08-31T15:22:00+00:00
[2023-08-31T15:22:05.597+0000] {processor.py:179} INFO - Processing /home/airflow/.local/lib/python3.8/site-packages/airflow/example_dags/example_sla_dag.py took 0.051 seconds
[2023-08-31T15:22:36.218+0000] {processor.py:157} INFO - Started process (PID=3232) to work on /home/airflow/.local/lib/python3.8/site-packages/airflow/example_dags/example_sla_dag.py
[2023-08-31T15:22:36.220+0000] {processor.py:829} INFO - Processing file /home/airflow/.local/lib/python3.8/site-packages/airflow/example_dags/example_sla_dag.py for tasks to queue
[2023-08-31T15:22:36.221+0000] {logging_mixin.py:151} INFO - [2023-08-31T15:22:36.221+0000] {dagbag.py:539} INFO - Filling up the DagBag from /home/airflow/.local/lib/python3.8/site-packages/airflow/example_dags/example_sla_dag.py
[2023-08-31T15:22:36.230+0000] {processor.py:839} INFO - DAG(s) dict_keys(['example_sla_dag']) retrieved from /home/airflow/.local/lib/python3.8/site-packages/airflow/example_dags/example_sla_dag.py
[2023-08-31T15:22:36.247+0000] {logging_mixin.py:151} INFO - [2023-08-31T15:22:36.247+0000] {dag.py:2907} INFO - Sync 1 DAGs
[2023-08-31T15:22:36.266+0000] {logging_mixin.py:151} INFO - [2023-08-31T15:22:36.266+0000] {dag.py:3677} INFO - Setting next_dagrun for example_sla_dag to 2023-08-31T15:20:00+00:00, run_after=2023-08-31T15:22:00+00:00
[2023-08-31T15:22:36.281+0000] {processor.py:179} INFO - Processing /home/airflow/.local/lib/python3.8/site-packages/airflow/example_dags/example_sla_dag.py took 0.066 seconds
[2023-08-31T15:23:06.824+0000] {processor.py:157} INFO - Started process (PID=3474) to work on /home/airflow/.local/lib/python3.8/site-packages/airflow/example_dags/example_sla_dag.py
[2023-08-31T15:23:06.826+0000] {processor.py:829} INFO - Processing file /home/airflow/.local/lib/python3.8/site-packages/airflow/example_dags/example_sla_dag.py for tasks to queue
[2023-08-31T15:23:06.827+0000] {logging_mixin.py:151} INFO - [2023-08-31T15:23:06.826+0000] {dagbag.py:539} INFO - Filling up the DagBag from /home/airflow/.local/lib/python3.8/site-packages/airflow/example_dags/example_sla_dag.py
[2023-08-31T15:23:06.833+0000] {processor.py:839} INFO - DAG(s) dict_keys(['example_sla_dag']) retrieved from /home/airflow/.local/lib/python3.8/site-packages/airflow/example_dags/example_sla_dag.py
[2023-08-31T15:23:06.848+0000] {logging_mixin.py:151} INFO - [2023-08-31T15:23:06.847+0000] {dag.py:2907} INFO - Sync 1 DAGs
[2023-08-31T15:23:06.866+0000] {logging_mixin.py:151} INFO - [2023-08-31T15:23:06.866+0000] {dag.py:3677} INFO - Setting next_dagrun for example_sla_dag to 2023-08-31T15:20:00+00:00, run_after=2023-08-31T15:22:00+00:00
[2023-08-31T15:23:06.892+0000] {processor.py:179} INFO - Processing /home/airflow/.local/lib/python3.8/site-packages/airflow/example_dags/example_sla_dag.py took 0.071 seconds
[2023-08-31T15:23:37.167+0000] {processor.py:157} INFO - Started process (PID=3714) to work on /home/airflow/.local/lib/python3.8/site-packages/airflow/example_dags/example_sla_dag.py
[2023-08-31T15:23:37.168+0000] {processor.py:829} INFO - Processing file /home/airflow/.local/lib/python3.8/site-packages/airflow/example_dags/example_sla_dag.py for tasks to queue
[2023-08-31T15:23:37.169+0000] {logging_mixin.py:151} INFO - [2023-08-31T15:23:37.169+0000] {dagbag.py:539} INFO - Filling up the DagBag from /home/airflow/.local/lib/python3.8/site-packages/airflow/example_dags/example_sla_dag.py
[2023-08-31T15:23:37.176+0000] {processor.py:839} INFO - DAG(s) dict_keys(['example_sla_dag']) retrieved from /home/airflow/.local/lib/python3.8/site-packages/airflow/example_dags/example_sla_dag.py
[2023-08-31T15:23:37.191+0000] {logging_mixin.py:151} INFO - [2023-08-31T15:23:37.191+0000] {dag.py:2907} INFO - Sync 1 DAGs
[2023-08-31T15:23:37.207+0000] {logging_mixin.py:151} INFO - [2023-08-31T15:23:37.207+0000] {dag.py:3677} INFO - Setting next_dagrun for example_sla_dag to 2023-08-31T15:20:00+00:00, run_after=2023-08-31T15:22:00+00:00
[2023-08-31T15:23:37.218+0000] {processor.py:179} INFO - Processing /home/airflow/.local/lib/python3.8/site-packages/airflow/example_dags/example_sla_dag.py took 0.054 seconds
[2023-08-31T15:24:07.459+0000] {processor.py:157} INFO - Started process (PID=3956) to work on /home/airflow/.local/lib/python3.8/site-packages/airflow/example_dags/example_sla_dag.py
[2023-08-31T15:24:07.461+0000] {processor.py:829} INFO - Processing file /home/airflow/.local/lib/python3.8/site-packages/airflow/example_dags/example_sla_dag.py for tasks to queue
[2023-08-31T15:24:07.462+0000] {logging_mixin.py:151} INFO - [2023-08-31T15:24:07.461+0000] {dagbag.py:539} INFO - Filling up the DagBag from /home/airflow/.local/lib/python3.8/site-packages/airflow/example_dags/example_sla_dag.py
[2023-08-31T15:24:07.468+0000] {processor.py:839} INFO - DAG(s) dict_keys(['example_sla_dag']) retrieved from /home/airflow/.local/lib/python3.8/site-packages/airflow/example_dags/example_sla_dag.py
[2023-08-31T15:24:07.486+0000] {logging_mixin.py:151} INFO - [2023-08-31T15:24:07.486+0000] {dag.py:2907} INFO - Sync 1 DAGs
[2023-08-31T15:24:07.501+0000] {logging_mixin.py:151} INFO - [2023-08-31T15:24:07.500+0000] {dag.py:3677} INFO - Setting next_dagrun for example_sla_dag to 2023-08-31T15:22:00+00:00, run_after=2023-08-31T15:24:00+00:00
[2023-08-31T15:24:07.512+0000] {processor.py:179} INFO - Processing /home/airflow/.local/lib/python3.8/site-packages/airflow/example_dags/example_sla_dag.py took 0.055 seconds
[2023-08-31T15:24:37.754+0000] {processor.py:157} INFO - Started process (PID=4196) to work on /home/airflow/.local/lib/python3.8/site-packages/airflow/example_dags/example_sla_dag.py
[2023-08-31T15:24:37.756+0000] {processor.py:829} INFO - Processing file /home/airflow/.local/lib/python3.8/site-packages/airflow/example_dags/example_sla_dag.py for tasks to queue
[2023-08-31T15:24:37.758+0000] {logging_mixin.py:151} INFO - [2023-08-31T15:24:37.758+0000] {dagbag.py:539} INFO - Filling up the DagBag from /home/airflow/.local/lib/python3.8/site-packages/airflow/example_dags/example_sla_dag.py
[2023-08-31T15:24:37.766+0000] {processor.py:839} INFO - DAG(s) dict_keys(['example_sla_dag']) retrieved from /home/airflow/.local/lib/python3.8/site-packages/airflow/example_dags/example_sla_dag.py
[2023-08-31T15:24:37.781+0000] {logging_mixin.py:151} INFO - [2023-08-31T15:24:37.781+0000] {dag.py:2907} INFO - Sync 1 DAGs
[2023-08-31T15:24:37.796+0000] {logging_mixin.py:151} INFO - [2023-08-31T15:24:37.796+0000] {dag.py:3677} INFO - Setting next_dagrun for example_sla_dag to 2023-08-31T15:22:00+00:00, run_after=2023-08-31T15:24:00+00:00
[2023-08-31T15:24:37.808+0000] {processor.py:179} INFO - Processing /home/airflow/.local/lib/python3.8/site-packages/airflow/example_dags/example_sla_dag.py took 0.056 seconds
[2023-08-31T15:25:08.065+0000] {processor.py:157} INFO - Started process (PID=4436) to work on /home/airflow/.local/lib/python3.8/site-packages/airflow/example_dags/example_sla_dag.py
[2023-08-31T15:25:08.067+0000] {processor.py:829} INFO - Processing file /home/airflow/.local/lib/python3.8/site-packages/airflow/example_dags/example_sla_dag.py for tasks to queue
[2023-08-31T15:25:08.068+0000] {logging_mixin.py:151} INFO - [2023-08-31T15:25:08.068+0000] {dagbag.py:539} INFO - Filling up the DagBag from /home/airflow/.local/lib/python3.8/site-packages/airflow/example_dags/example_sla_dag.py
[2023-08-31T15:25:08.075+0000] {processor.py:839} INFO - DAG(s) dict_keys(['example_sla_dag']) retrieved from /home/airflow/.local/lib/python3.8/site-packages/airflow/example_dags/example_sla_dag.py
[2023-08-31T15:25:08.092+0000] {logging_mixin.py:151} INFO - [2023-08-31T15:25:08.091+0000] {dag.py:2907} INFO - Sync 1 DAGs
[2023-08-31T15:25:08.108+0000] {logging_mixin.py:151} INFO - [2023-08-31T15:25:08.107+0000] {dag.py:3677} INFO - Setting next_dagrun for example_sla_dag to 2023-08-31T15:22:00+00:00, run_after=2023-08-31T15:24:00+00:00
[2023-08-31T15:25:08.119+0000] {processor.py:179} INFO - Processing /home/airflow/.local/lib/python3.8/site-packages/airflow/example_dags/example_sla_dag.py took 0.057 seconds
[2023-08-31T15:25:38.331+0000] {processor.py:157} INFO - Started process (PID=4675) to work on /home/airflow/.local/lib/python3.8/site-packages/airflow/example_dags/example_sla_dag.py
[2023-08-31T15:25:38.332+0000] {processor.py:829} INFO - Processing file /home/airflow/.local/lib/python3.8/site-packages/airflow/example_dags/example_sla_dag.py for tasks to queue
[2023-08-31T15:25:38.333+0000] {logging_mixin.py:151} INFO - [2023-08-31T15:25:38.333+0000] {dagbag.py:539} INFO - Filling up the DagBag from /home/airflow/.local/lib/python3.8/site-packages/airflow/example_dags/example_sla_dag.py
[2023-08-31T15:25:38.340+0000] {processor.py:839} INFO - DAG(s) dict_keys(['example_sla_dag']) retrieved from /home/airflow/.local/lib/python3.8/site-packages/airflow/example_dags/example_sla_dag.py
[2023-08-31T15:25:38.357+0000] {logging_mixin.py:151} INFO - [2023-08-31T15:25:38.357+0000] {dag.py:2907} INFO - Sync 1 DAGs
[2023-08-31T15:25:38.374+0000] {logging_mixin.py:151} INFO - [2023-08-31T15:25:38.374+0000] {dag.py:3677} INFO - Setting next_dagrun for example_sla_dag to 2023-08-31T15:22:00+00:00, run_after=2023-08-31T15:24:00+00:00
[2023-08-31T15:25:38.385+0000] {processor.py:179} INFO - Processing /home/airflow/.local/lib/python3.8/site-packages/airflow/example_dags/example_sla_dag.py took 0.056 seconds
[2023-08-31T15:26:08.633+0000] {processor.py:157} INFO - Started process (PID=4916) to work on /home/airflow/.local/lib/python3.8/site-packages/airflow/example_dags/example_sla_dag.py
[2023-08-31T15:26:08.634+0000] {processor.py:829} INFO - Processing file /home/airflow/.local/lib/python3.8/site-packages/airflow/example_dags/example_sla_dag.py for tasks to queue
[2023-08-31T15:26:08.635+0000] {logging_mixin.py:151} INFO - [2023-08-31T15:26:08.635+0000] {dagbag.py:539} INFO - Filling up the DagBag from /home/airflow/.local/lib/python3.8/site-packages/airflow/example_dags/example_sla_dag.py
[2023-08-31T15:26:08.642+0000] {processor.py:839} INFO - DAG(s) dict_keys(['example_sla_dag']) retrieved from /home/airflow/.local/lib/python3.8/site-packages/airflow/example_dags/example_sla_dag.py
[2023-08-31T15:26:08.656+0000] {logging_mixin.py:151} INFO - [2023-08-31T15:26:08.656+0000] {dag.py:2907} INFO - Sync 1 DAGs
[2023-08-31T15:26:08.670+0000] {logging_mixin.py:151} INFO - [2023-08-31T15:26:08.670+0000] {dag.py:3677} INFO - Setting next_dagrun for example_sla_dag to 2023-08-31T15:24:00+00:00, run_after=2023-08-31T15:26:00+00:00
[2023-08-31T15:26:08.681+0000] {processor.py:179} INFO - Processing /home/airflow/.local/lib/python3.8/site-packages/airflow/example_dags/example_sla_dag.py took 0.050 seconds
[2023-08-31T15:26:38.960+0000] {processor.py:157} INFO - Started process (PID=5155) to work on /home/airflow/.local/lib/python3.8/site-packages/airflow/example_dags/example_sla_dag.py
[2023-08-31T15:26:38.961+0000] {processor.py:829} INFO - Processing file /home/airflow/.local/lib/python3.8/site-packages/airflow/example_dags/example_sla_dag.py for tasks to queue
[2023-08-31T15:26:38.962+0000] {logging_mixin.py:151} INFO - [2023-08-31T15:26:38.962+0000] {dagbag.py:539} INFO - Filling up the DagBag from /home/airflow/.local/lib/python3.8/site-packages/airflow/example_dags/example_sla_dag.py
[2023-08-31T15:26:38.969+0000] {processor.py:839} INFO - DAG(s) dict_keys(['example_sla_dag']) retrieved from /home/airflow/.local/lib/python3.8/site-packages/airflow/example_dags/example_sla_dag.py
[2023-08-31T15:26:38.984+0000] {logging_mixin.py:151} INFO - [2023-08-31T15:26:38.984+0000] {dag.py:2907} INFO - Sync 1 DAGs
[2023-08-31T15:26:38.999+0000] {logging_mixin.py:151} INFO - [2023-08-31T15:26:38.999+0000] {dag.py:3677} INFO - Setting next_dagrun for example_sla_dag to 2023-08-31T15:24:00+00:00, run_after=2023-08-31T15:26:00+00:00
[2023-08-31T15:26:39.009+0000] {processor.py:179} INFO - Processing /home/airflow/.local/lib/python3.8/site-packages/airflow/example_dags/example_sla_dag.py took 0.053 seconds
[2023-08-31T15:27:09.308+0000] {processor.py:157} INFO - Started process (PID=5394) to work on /home/airflow/.local/lib/python3.8/site-packages/airflow/example_dags/example_sla_dag.py
[2023-08-31T15:27:09.310+0000] {processor.py:829} INFO - Processing file /home/airflow/.local/lib/python3.8/site-packages/airflow/example_dags/example_sla_dag.py for tasks to queue
[2023-08-31T15:27:09.311+0000] {logging_mixin.py:151} INFO - [2023-08-31T15:27:09.310+0000] {dagbag.py:539} INFO - Filling up the DagBag from /home/airflow/.local/lib/python3.8/site-packages/airflow/example_dags/example_sla_dag.py
[2023-08-31T15:27:09.317+0000] {processor.py:839} INFO - DAG(s) dict_keys(['example_sla_dag']) retrieved from /home/airflow/.local/lib/python3.8/site-packages/airflow/example_dags/example_sla_dag.py
[2023-08-31T15:27:09.331+0000] {logging_mixin.py:151} INFO - [2023-08-31T15:27:09.331+0000] {dag.py:2907} INFO - Sync 1 DAGs
[2023-08-31T15:27:09.348+0000] {logging_mixin.py:151} INFO - [2023-08-31T15:27:09.347+0000] {dag.py:3677} INFO - Setting next_dagrun for example_sla_dag to 2023-08-31T15:24:00+00:00, run_after=2023-08-31T15:26:00+00:00
[2023-08-31T15:27:09.360+0000] {processor.py:179} INFO - Processing /home/airflow/.local/lib/python3.8/site-packages/airflow/example_dags/example_sla_dag.py took 0.054 seconds
[2023-08-31T15:27:39.723+0000] {processor.py:157} INFO - Started process (PID=5634) to work on /home/airflow/.local/lib/python3.8/site-packages/airflow/example_dags/example_sla_dag.py
[2023-08-31T15:27:39.725+0000] {processor.py:829} INFO - Processing file /home/airflow/.local/lib/python3.8/site-packages/airflow/example_dags/example_sla_dag.py for tasks to queue
[2023-08-31T15:27:39.726+0000] {logging_mixin.py:151} INFO - [2023-08-31T15:27:39.726+0000] {dagbag.py:539} INFO - Filling up the DagBag from /home/airflow/.local/lib/python3.8/site-packages/airflow/example_dags/example_sla_dag.py
[2023-08-31T15:27:39.732+0000] {processor.py:839} INFO - DAG(s) dict_keys(['example_sla_dag']) retrieved from /home/airflow/.local/lib/python3.8/site-packages/airflow/example_dags/example_sla_dag.py
[2023-08-31T15:27:39.748+0000] {logging_mixin.py:151} INFO - [2023-08-31T15:27:39.748+0000] {dag.py:2907} INFO - Sync 1 DAGs
[2023-08-31T15:27:39.763+0000] {logging_mixin.py:151} INFO - [2023-08-31T15:27:39.762+0000] {dag.py:3677} INFO - Setting next_dagrun for example_sla_dag to 2023-08-31T15:24:00+00:00, run_after=2023-08-31T15:26:00+00:00
[2023-08-31T15:27:39.774+0000] {processor.py:179} INFO - Processing /home/airflow/.local/lib/python3.8/site-packages/airflow/example_dags/example_sla_dag.py took 0.053 seconds
[2023-08-31T15:28:09.999+0000] {processor.py:157} INFO - Started process (PID=5874) to work on /home/airflow/.local/lib/python3.8/site-packages/airflow/example_dags/example_sla_dag.py
[2023-08-31T15:28:10.001+0000] {processor.py:829} INFO - Processing file /home/airflow/.local/lib/python3.8/site-packages/airflow/example_dags/example_sla_dag.py for tasks to queue
[2023-08-31T15:28:10.002+0000] {logging_mixin.py:151} INFO - [2023-08-31T15:28:10.002+0000] {dagbag.py:539} INFO - Filling up the DagBag from /home/airflow/.local/lib/python3.8/site-packages/airflow/example_dags/example_sla_dag.py
[2023-08-31T15:28:10.009+0000] {processor.py:839} INFO - DAG(s) dict_keys(['example_sla_dag']) retrieved from /home/airflow/.local/lib/python3.8/site-packages/airflow/example_dags/example_sla_dag.py
[2023-08-31T15:28:10.023+0000] {logging_mixin.py:151} INFO - [2023-08-31T15:28:10.023+0000] {dag.py:2907} INFO - Sync 1 DAGs
[2023-08-31T15:28:10.039+0000] {logging_mixin.py:151} INFO - [2023-08-31T15:28:10.039+0000] {dag.py:3677} INFO - Setting next_dagrun for example_sla_dag to 2023-08-31T15:26:00+00:00, run_after=2023-08-31T15:28:00+00:00
[2023-08-31T15:28:10.051+0000] {processor.py:179} INFO - Processing /home/airflow/.local/lib/python3.8/site-packages/airflow/example_dags/example_sla_dag.py took 0.054 seconds
[2023-08-31T15:28:40.302+0000] {processor.py:157} INFO - Started process (PID=6115) to work on /home/airflow/.local/lib/python3.8/site-packages/airflow/example_dags/example_sla_dag.py
[2023-08-31T15:28:40.303+0000] {processor.py:829} INFO - Processing file /home/airflow/.local/lib/python3.8/site-packages/airflow/example_dags/example_sla_dag.py for tasks to queue
[2023-08-31T15:28:40.304+0000] {logging_mixin.py:151} INFO - [2023-08-31T15:28:40.304+0000] {dagbag.py:539} INFO - Filling up the DagBag from /home/airflow/.local/lib/python3.8/site-packages/airflow/example_dags/example_sla_dag.py
[2023-08-31T15:28:40.310+0000] {processor.py:839} INFO - DAG(s) dict_keys(['example_sla_dag']) retrieved from /home/airflow/.local/lib/python3.8/site-packages/airflow/example_dags/example_sla_dag.py
[2023-08-31T15:28:40.325+0000] {logging_mixin.py:151} INFO - [2023-08-31T15:28:40.325+0000] {dag.py:2907} INFO - Sync 1 DAGs
[2023-08-31T15:28:40.342+0000] {logging_mixin.py:151} INFO - [2023-08-31T15:28:40.341+0000] {dag.py:3677} INFO - Setting next_dagrun for example_sla_dag to 2023-08-31T15:26:00+00:00, run_after=2023-08-31T15:28:00+00:00
[2023-08-31T15:28:40.355+0000] {processor.py:179} INFO - Processing /home/airflow/.local/lib/python3.8/site-packages/airflow/example_dags/example_sla_dag.py took 0.056 seconds
[2023-08-31T15:29:10.685+0000] {processor.py:157} INFO - Started process (PID=6357) to work on /home/airflow/.local/lib/python3.8/site-packages/airflow/example_dags/example_sla_dag.py
[2023-08-31T15:29:10.687+0000] {processor.py:829} INFO - Processing file /home/airflow/.local/lib/python3.8/site-packages/airflow/example_dags/example_sla_dag.py for tasks to queue
[2023-08-31T15:29:10.688+0000] {logging_mixin.py:151} INFO - [2023-08-31T15:29:10.688+0000] {dagbag.py:539} INFO - Filling up the DagBag from /home/airflow/.local/lib/python3.8/site-packages/airflow/example_dags/example_sla_dag.py
[2023-08-31T15:29:10.694+0000] {processor.py:839} INFO - DAG(s) dict_keys(['example_sla_dag']) retrieved from /home/airflow/.local/lib/python3.8/site-packages/airflow/example_dags/example_sla_dag.py
[2023-08-31T15:29:10.709+0000] {logging_mixin.py:151} INFO - [2023-08-31T15:29:10.709+0000] {dag.py:2907} INFO - Sync 1 DAGs
[2023-08-31T15:29:10.726+0000] {logging_mixin.py:151} INFO - [2023-08-31T15:29:10.725+0000] {dag.py:3677} INFO - Setting next_dagrun for example_sla_dag to 2023-08-31T15:26:00+00:00, run_after=2023-08-31T15:28:00+00:00
[2023-08-31T15:29:10.736+0000] {processor.py:179} INFO - Processing /home/airflow/.local/lib/python3.8/site-packages/airflow/example_dags/example_sla_dag.py took 0.053 seconds
[2023-08-31T15:29:40.976+0000] {processor.py:157} INFO - Started process (PID=6597) to work on /home/airflow/.local/lib/python3.8/site-packages/airflow/example_dags/example_sla_dag.py
[2023-08-31T15:29:40.977+0000] {processor.py:829} INFO - Processing file /home/airflow/.local/lib/python3.8/site-packages/airflow/example_dags/example_sla_dag.py for tasks to queue
[2023-08-31T15:29:40.978+0000] {logging_mixin.py:151} INFO - [2023-08-31T15:29:40.978+0000] {dagbag.py:539} INFO - Filling up the DagBag from /home/airflow/.local/lib/python3.8/site-packages/airflow/example_dags/example_sla_dag.py
[2023-08-31T15:29:40.984+0000] {processor.py:839} INFO - DAG(s) dict_keys(['example_sla_dag']) retrieved from /home/airflow/.local/lib/python3.8/site-packages/airflow/example_dags/example_sla_dag.py
[2023-08-31T15:29:40.998+0000] {logging_mixin.py:151} INFO - [2023-08-31T15:29:40.998+0000] {dag.py:2907} INFO - Sync 1 DAGs
[2023-08-31T15:29:41.014+0000] {logging_mixin.py:151} INFO - [2023-08-31T15:29:41.014+0000] {dag.py:3677} INFO - Setting next_dagrun for example_sla_dag to 2023-08-31T15:26:00+00:00, run_after=2023-08-31T15:28:00+00:00
[2023-08-31T15:29:41.026+0000] {processor.py:179} INFO - Processing /home/airflow/.local/lib/python3.8/site-packages/airflow/example_dags/example_sla_dag.py took 0.052 seconds
[2023-08-31T15:30:11.186+0000] {processor.py:157} INFO - Started process (PID=6837) to work on /home/airflow/.local/lib/python3.8/site-packages/airflow/example_dags/example_sla_dag.py
[2023-08-31T15:30:11.187+0000] {processor.py:829} INFO - Processing file /home/airflow/.local/lib/python3.8/site-packages/airflow/example_dags/example_sla_dag.py for tasks to queue
[2023-08-31T15:30:11.188+0000] {logging_mixin.py:151} INFO - [2023-08-31T15:30:11.188+0000] {dagbag.py:539} INFO - Filling up the DagBag from /home/airflow/.local/lib/python3.8/site-packages/airflow/example_dags/example_sla_dag.py
[2023-08-31T15:30:11.195+0000] {processor.py:839} INFO - DAG(s) dict_keys(['example_sla_dag']) retrieved from /home/airflow/.local/lib/python3.8/site-packages/airflow/example_dags/example_sla_dag.py
[2023-08-31T15:30:11.209+0000] {logging_mixin.py:151} INFO - [2023-08-31T15:30:11.209+0000] {dag.py:2907} INFO - Sync 1 DAGs
[2023-08-31T15:30:11.225+0000] {logging_mixin.py:151} INFO - [2023-08-31T15:30:11.225+0000] {dag.py:3677} INFO - Setting next_dagrun for example_sla_dag to 2023-08-31T15:28:00+00:00, run_after=2023-08-31T15:30:00+00:00
[2023-08-31T15:30:11.241+0000] {processor.py:179} INFO - Processing /home/airflow/.local/lib/python3.8/site-packages/airflow/example_dags/example_sla_dag.py took 0.058 seconds
[2023-08-31T15:30:41.569+0000] {processor.py:157} INFO - Started process (PID=7078) to work on /home/airflow/.local/lib/python3.8/site-packages/airflow/example_dags/example_sla_dag.py
[2023-08-31T15:30:41.571+0000] {processor.py:829} INFO - Processing file /home/airflow/.local/lib/python3.8/site-packages/airflow/example_dags/example_sla_dag.py for tasks to queue
[2023-08-31T15:30:41.572+0000] {logging_mixin.py:151} INFO - [2023-08-31T15:30:41.571+0000] {dagbag.py:539} INFO - Filling up the DagBag from /home/airflow/.local/lib/python3.8/site-packages/airflow/example_dags/example_sla_dag.py
[2023-08-31T15:30:41.578+0000] {processor.py:839} INFO - DAG(s) dict_keys(['example_sla_dag']) retrieved from /home/airflow/.local/lib/python3.8/site-packages/airflow/example_dags/example_sla_dag.py
[2023-08-31T15:30:41.592+0000] {logging_mixin.py:151} INFO - [2023-08-31T15:30:41.592+0000] {dag.py:2907} INFO - Sync 1 DAGs
[2023-08-31T15:30:41.605+0000] {logging_mixin.py:151} INFO - [2023-08-31T15:30:41.605+0000] {dag.py:3677} INFO - Setting next_dagrun for example_sla_dag to 2023-08-31T15:28:00+00:00, run_after=2023-08-31T15:30:00+00:00
[2023-08-31T15:30:41.616+0000] {processor.py:179} INFO - Processing /home/airflow/.local/lib/python3.8/site-packages/airflow/example_dags/example_sla_dag.py took 0.049 seconds
[2023-08-31T15:31:11.935+0000] {processor.py:157} INFO - Started process (PID=7317) to work on /home/airflow/.local/lib/python3.8/site-packages/airflow/example_dags/example_sla_dag.py
[2023-08-31T15:31:11.936+0000] {processor.py:829} INFO - Processing file /home/airflow/.local/lib/python3.8/site-packages/airflow/example_dags/example_sla_dag.py for tasks to queue
[2023-08-31T15:31:11.937+0000] {logging_mixin.py:151} INFO - [2023-08-31T15:31:11.937+0000] {dagbag.py:539} INFO - Filling up the DagBag from /home/airflow/.local/lib/python3.8/site-packages/airflow/example_dags/example_sla_dag.py
[2023-08-31T15:31:11.944+0000] {processor.py:839} INFO - DAG(s) dict_keys(['example_sla_dag']) retrieved from /home/airflow/.local/lib/python3.8/site-packages/airflow/example_dags/example_sla_dag.py
[2023-08-31T15:31:11.958+0000] {logging_mixin.py:151} INFO - [2023-08-31T15:31:11.958+0000] {dag.py:2907} INFO - Sync 1 DAGs
[2023-08-31T15:31:11.974+0000] {logging_mixin.py:151} INFO - [2023-08-31T15:31:11.974+0000] {dag.py:3677} INFO - Setting next_dagrun for example_sla_dag to 2023-08-31T15:28:00+00:00, run_after=2023-08-31T15:30:00+00:00
[2023-08-31T15:31:11.988+0000] {processor.py:179} INFO - Processing /home/airflow/.local/lib/python3.8/site-packages/airflow/example_dags/example_sla_dag.py took 0.055 seconds
[2023-08-31T15:31:42.394+0000] {processor.py:157} INFO - Started process (PID=7556) to work on /home/airflow/.local/lib/python3.8/site-packages/airflow/example_dags/example_sla_dag.py
[2023-08-31T15:31:42.395+0000] {processor.py:829} INFO - Processing file /home/airflow/.local/lib/python3.8/site-packages/airflow/example_dags/example_sla_dag.py for tasks to queue
[2023-08-31T15:31:42.396+0000] {logging_mixin.py:151} INFO - [2023-08-31T15:31:42.396+0000] {dagbag.py:539} INFO - Filling up the DagBag from /home/airflow/.local/lib/python3.8/site-packages/airflow/example_dags/example_sla_dag.py
[2023-08-31T15:31:42.403+0000] {processor.py:839} INFO - DAG(s) dict_keys(['example_sla_dag']) retrieved from /home/airflow/.local/lib/python3.8/site-packages/airflow/example_dags/example_sla_dag.py
[2023-08-31T15:31:42.417+0000] {logging_mixin.py:151} INFO - [2023-08-31T15:31:42.417+0000] {dag.py:2907} INFO - Sync 1 DAGs
[2023-08-31T15:31:42.431+0000] {logging_mixin.py:151} INFO - [2023-08-31T15:31:42.431+0000] {dag.py:3677} INFO - Setting next_dagrun for example_sla_dag to 2023-08-31T15:28:00+00:00, run_after=2023-08-31T15:30:00+00:00
[2023-08-31T15:31:42.443+0000] {processor.py:179} INFO - Processing /home/airflow/.local/lib/python3.8/site-packages/airflow/example_dags/example_sla_dag.py took 0.051 seconds
[2023-08-31T15:32:12.686+0000] {processor.py:157} INFO - Started process (PID=7795) to work on /home/airflow/.local/lib/python3.8/site-packages/airflow/example_dags/example_sla_dag.py
[2023-08-31T15:32:12.687+0000] {processor.py:829} INFO - Processing file /home/airflow/.local/lib/python3.8/site-packages/airflow/example_dags/example_sla_dag.py for tasks to queue
[2023-08-31T15:32:12.689+0000] {logging_mixin.py:151} INFO - [2023-08-31T15:32:12.689+0000] {dagbag.py:539} INFO - Filling up the DagBag from /home/airflow/.local/lib/python3.8/site-packages/airflow/example_dags/example_sla_dag.py
[2023-08-31T15:32:12.695+0000] {processor.py:839} INFO - DAG(s) dict_keys(['example_sla_dag']) retrieved from /home/airflow/.local/lib/python3.8/site-packages/airflow/example_dags/example_sla_dag.py
[2023-08-31T15:32:12.709+0000] {logging_mixin.py:151} INFO - [2023-08-31T15:32:12.709+0000] {dag.py:2907} INFO - Sync 1 DAGs
[2023-08-31T15:32:12.725+0000] {logging_mixin.py:151} INFO - [2023-08-31T15:32:12.724+0000] {dag.py:3677} INFO - Setting next_dagrun for example_sla_dag to 2023-08-31T15:30:00+00:00, run_after=2023-08-31T15:32:00+00:00
[2023-08-31T15:32:12.736+0000] {processor.py:179} INFO - Processing /home/airflow/.local/lib/python3.8/site-packages/airflow/example_dags/example_sla_dag.py took 0.053 seconds
[2023-08-31T15:32:43.215+0000] {processor.py:157} INFO - Started process (PID=8035) to work on /home/airflow/.local/lib/python3.8/site-packages/airflow/example_dags/example_sla_dag.py
[2023-08-31T15:32:43.217+0000] {processor.py:829} INFO - Processing file /home/airflow/.local/lib/python3.8/site-packages/airflow/example_dags/example_sla_dag.py for tasks to queue
[2023-08-31T15:32:43.218+0000] {logging_mixin.py:151} INFO - [2023-08-31T15:32:43.218+0000] {dagbag.py:539} INFO - Filling up the DagBag from /home/airflow/.local/lib/python3.8/site-packages/airflow/example_dags/example_sla_dag.py
[2023-08-31T15:32:43.225+0000] {processor.py:839} INFO - DAG(s) dict_keys(['example_sla_dag']) retrieved from /home/airflow/.local/lib/python3.8/site-packages/airflow/example_dags/example_sla_dag.py
[2023-08-31T15:32:43.239+0000] {logging_mixin.py:151} INFO - [2023-08-31T15:32:43.239+0000] {dag.py:2907} INFO - Sync 1 DAGs
[2023-08-31T15:32:43.258+0000] {logging_mixin.py:151} INFO - [2023-08-31T15:32:43.258+0000] {dag.py:3677} INFO - Setting next_dagrun for example_sla_dag to 2023-08-31T15:30:00+00:00, run_after=2023-08-31T15:32:00+00:00
[2023-08-31T15:32:43.271+0000] {processor.py:179} INFO - Processing /home/airflow/.local/lib/python3.8/site-packages/airflow/example_dags/example_sla_dag.py took 0.059 seconds
[2023-08-31T15:33:13.593+0000] {processor.py:157} INFO - Started process (PID=8274) to work on /home/airflow/.local/lib/python3.8/site-packages/airflow/example_dags/example_sla_dag.py
[2023-08-31T15:33:13.602+0000] {processor.py:829} INFO - Processing file /home/airflow/.local/lib/python3.8/site-packages/airflow/example_dags/example_sla_dag.py for tasks to queue
[2023-08-31T15:33:13.603+0000] {logging_mixin.py:151} INFO - [2023-08-31T15:33:13.603+0000] {dagbag.py:539} INFO - Filling up the DagBag from /home/airflow/.local/lib/python3.8/site-packages/airflow/example_dags/example_sla_dag.py
[2023-08-31T15:33:13.609+0000] {processor.py:839} INFO - DAG(s) dict_keys(['example_sla_dag']) retrieved from /home/airflow/.local/lib/python3.8/site-packages/airflow/example_dags/example_sla_dag.py
[2023-08-31T15:33:13.623+0000] {logging_mixin.py:151} INFO - [2023-08-31T15:33:13.623+0000] {dag.py:2907} INFO - Sync 1 DAGs
[2023-08-31T15:33:13.636+0000] {logging_mixin.py:151} INFO - [2023-08-31T15:33:13.636+0000] {dag.py:3677} INFO - Setting next_dagrun for example_sla_dag to 2023-08-31T15:30:00+00:00, run_after=2023-08-31T15:32:00+00:00
[2023-08-31T15:33:13.645+0000] {processor.py:179} INFO - Processing /home/airflow/.local/lib/python3.8/site-packages/airflow/example_dags/example_sla_dag.py took 0.054 seconds
[2023-08-31T15:33:44.279+0000] {processor.py:157} INFO - Started process (PID=8514) to work on /home/airflow/.local/lib/python3.8/site-packages/airflow/example_dags/example_sla_dag.py
[2023-08-31T15:33:44.281+0000] {processor.py:829} INFO - Processing file /home/airflow/.local/lib/python3.8/site-packages/airflow/example_dags/example_sla_dag.py for tasks to queue
[2023-08-31T15:33:44.283+0000] {logging_mixin.py:151} INFO - [2023-08-31T15:33:44.283+0000] {dagbag.py:539} INFO - Filling up the DagBag from /home/airflow/.local/lib/python3.8/site-packages/airflow/example_dags/example_sla_dag.py
[2023-08-31T15:33:44.290+0000] {processor.py:839} INFO - DAG(s) dict_keys(['example_sla_dag']) retrieved from /home/airflow/.local/lib/python3.8/site-packages/airflow/example_dags/example_sla_dag.py
[2023-08-31T15:33:44.304+0000] {logging_mixin.py:151} INFO - [2023-08-31T15:33:44.304+0000] {dag.py:2907} INFO - Sync 1 DAGs
[2023-08-31T15:33:44.319+0000] {logging_mixin.py:151} INFO - [2023-08-31T15:33:44.319+0000] {dag.py:3677} INFO - Setting next_dagrun for example_sla_dag to 2023-08-31T15:30:00+00:00, run_after=2023-08-31T15:32:00+00:00
[2023-08-31T15:33:44.340+0000] {processor.py:179} INFO - Processing /home/airflow/.local/lib/python3.8/site-packages/airflow/example_dags/example_sla_dag.py took 0.063 seconds
[2023-08-31T15:34:14.682+0000] {processor.py:157} INFO - Started process (PID=8755) to work on /home/airflow/.local/lib/python3.8/site-packages/airflow/example_dags/example_sla_dag.py
[2023-08-31T15:34:14.684+0000] {processor.py:829} INFO - Processing file /home/airflow/.local/lib/python3.8/site-packages/airflow/example_dags/example_sla_dag.py for tasks to queue
[2023-08-31T15:34:14.685+0000] {logging_mixin.py:151} INFO - [2023-08-31T15:34:14.685+0000] {dagbag.py:539} INFO - Filling up the DagBag from /home/airflow/.local/lib/python3.8/site-packages/airflow/example_dags/example_sla_dag.py
[2023-08-31T15:34:14.692+0000] {processor.py:839} INFO - DAG(s) dict_keys(['example_sla_dag']) retrieved from /home/airflow/.local/lib/python3.8/site-packages/airflow/example_dags/example_sla_dag.py
[2023-08-31T15:34:14.707+0000] {logging_mixin.py:151} INFO - [2023-08-31T15:34:14.706+0000] {dag.py:2907} INFO - Sync 1 DAGs
[2023-08-31T15:34:14.721+0000] {logging_mixin.py:151} INFO - [2023-08-31T15:34:14.720+0000] {dag.py:3677} INFO - Setting next_dagrun for example_sla_dag to 2023-08-31T15:32:00+00:00, run_after=2023-08-31T15:34:00+00:00
[2023-08-31T15:34:14.734+0000] {processor.py:179} INFO - Processing /home/airflow/.local/lib/python3.8/site-packages/airflow/example_dags/example_sla_dag.py took 0.054 seconds
[2023-08-31T15:34:44.928+0000] {processor.py:157} INFO - Started process (PID=8995) to work on /home/airflow/.local/lib/python3.8/site-packages/airflow/example_dags/example_sla_dag.py
[2023-08-31T15:34:44.930+0000] {processor.py:829} INFO - Processing file /home/airflow/.local/lib/python3.8/site-packages/airflow/example_dags/example_sla_dag.py for tasks to queue
[2023-08-31T15:34:44.931+0000] {logging_mixin.py:151} INFO - [2023-08-31T15:34:44.930+0000] {dagbag.py:539} INFO - Filling up the DagBag from /home/airflow/.local/lib/python3.8/site-packages/airflow/example_dags/example_sla_dag.py
[2023-08-31T15:34:44.937+0000] {processor.py:839} INFO - DAG(s) dict_keys(['example_sla_dag']) retrieved from /home/airflow/.local/lib/python3.8/site-packages/airflow/example_dags/example_sla_dag.py
[2023-08-31T15:34:44.953+0000] {logging_mixin.py:151} INFO - [2023-08-31T15:34:44.952+0000] {dag.py:2907} INFO - Sync 1 DAGs
[2023-08-31T15:34:44.968+0000] {logging_mixin.py:151} INFO - [2023-08-31T15:34:44.968+0000] {dag.py:3677} INFO - Setting next_dagrun for example_sla_dag to 2023-08-31T15:32:00+00:00, run_after=2023-08-31T15:34:00+00:00
[2023-08-31T15:34:44.978+0000] {processor.py:179} INFO - Processing /home/airflow/.local/lib/python3.8/site-packages/airflow/example_dags/example_sla_dag.py took 0.052 seconds
[2023-08-31T15:35:15.344+0000] {processor.py:157} INFO - Started process (PID=9237) to work on /home/airflow/.local/lib/python3.8/site-packages/airflow/example_dags/example_sla_dag.py
[2023-08-31T15:35:15.345+0000] {processor.py:829} INFO - Processing file /home/airflow/.local/lib/python3.8/site-packages/airflow/example_dags/example_sla_dag.py for tasks to queue
[2023-08-31T15:35:15.347+0000] {logging_mixin.py:151} INFO - [2023-08-31T15:35:15.346+0000] {dagbag.py:539} INFO - Filling up the DagBag from /home/airflow/.local/lib/python3.8/site-packages/airflow/example_dags/example_sla_dag.py
[2023-08-31T15:35:15.354+0000] {processor.py:839} INFO - DAG(s) dict_keys(['example_sla_dag']) retrieved from /home/airflow/.local/lib/python3.8/site-packages/airflow/example_dags/example_sla_dag.py
[2023-08-31T15:35:15.368+0000] {logging_mixin.py:151} INFO - [2023-08-31T15:35:15.368+0000] {dag.py:2907} INFO - Sync 1 DAGs
[2023-08-31T15:35:15.382+0000] {logging_mixin.py:151} INFO - [2023-08-31T15:35:15.382+0000] {dag.py:3677} INFO - Setting next_dagrun for example_sla_dag to 2023-08-31T15:32:00+00:00, run_after=2023-08-31T15:34:00+00:00
[2023-08-31T15:35:15.393+0000] {processor.py:179} INFO - Processing /home/airflow/.local/lib/python3.8/site-packages/airflow/example_dags/example_sla_dag.py took 0.051 seconds
[2023-08-31T15:35:45.714+0000] {processor.py:157} INFO - Started process (PID=9478) to work on /home/airflow/.local/lib/python3.8/site-packages/airflow/example_dags/example_sla_dag.py
[2023-08-31T15:35:45.715+0000] {processor.py:829} INFO - Processing file /home/airflow/.local/lib/python3.8/site-packages/airflow/example_dags/example_sla_dag.py for tasks to queue
[2023-08-31T15:35:45.716+0000] {logging_mixin.py:151} INFO - [2023-08-31T15:35:45.716+0000] {dagbag.py:539} INFO - Filling up the DagBag from /home/airflow/.local/lib/python3.8/site-packages/airflow/example_dags/example_sla_dag.py
[2023-08-31T15:35:45.723+0000] {processor.py:839} INFO - DAG(s) dict_keys(['example_sla_dag']) retrieved from /home/airflow/.local/lib/python3.8/site-packages/airflow/example_dags/example_sla_dag.py
[2023-08-31T15:35:45.737+0000] {logging_mixin.py:151} INFO - [2023-08-31T15:35:45.737+0000] {dag.py:2907} INFO - Sync 1 DAGs
[2023-08-31T15:35:45.752+0000] {logging_mixin.py:151} INFO - [2023-08-31T15:35:45.752+0000] {dag.py:3677} INFO - Setting next_dagrun for example_sla_dag to 2023-08-31T15:32:00+00:00, run_after=2023-08-31T15:34:00+00:00
[2023-08-31T15:35:45.763+0000] {processor.py:179} INFO - Processing /home/airflow/.local/lib/python3.8/site-packages/airflow/example_dags/example_sla_dag.py took 0.052 seconds
[2023-08-31T15:36:16.066+0000] {processor.py:157} INFO - Started process (PID=9717) to work on /home/airflow/.local/lib/python3.8/site-packages/airflow/example_dags/example_sla_dag.py
[2023-08-31T15:36:16.067+0000] {processor.py:829} INFO - Processing file /home/airflow/.local/lib/python3.8/site-packages/airflow/example_dags/example_sla_dag.py for tasks to queue
[2023-08-31T15:36:16.068+0000] {logging_mixin.py:151} INFO - [2023-08-31T15:36:16.068+0000] {dagbag.py:539} INFO - Filling up the DagBag from /home/airflow/.local/lib/python3.8/site-packages/airflow/example_dags/example_sla_dag.py
[2023-08-31T15:36:16.075+0000] {processor.py:839} INFO - DAG(s) dict_keys(['example_sla_dag']) retrieved from /home/airflow/.local/lib/python3.8/site-packages/airflow/example_dags/example_sla_dag.py
[2023-08-31T15:36:16.089+0000] {logging_mixin.py:151} INFO - [2023-08-31T15:36:16.089+0000] {dag.py:2907} INFO - Sync 1 DAGs
[2023-08-31T15:36:16.104+0000] {logging_mixin.py:151} INFO - [2023-08-31T15:36:16.104+0000] {dag.py:3677} INFO - Setting next_dagrun for example_sla_dag to 2023-08-31T15:34:00+00:00, run_after=2023-08-31T15:36:00+00:00
[2023-08-31T15:36:16.116+0000] {processor.py:179} INFO - Processing /home/airflow/.local/lib/python3.8/site-packages/airflow/example_dags/example_sla_dag.py took 0.053 seconds
[2023-08-31T15:36:46.432+0000] {processor.py:157} INFO - Started process (PID=9957) to work on /home/airflow/.local/lib/python3.8/site-packages/airflow/example_dags/example_sla_dag.py
[2023-08-31T15:36:46.434+0000] {processor.py:829} INFO - Processing file /home/airflow/.local/lib/python3.8/site-packages/airflow/example_dags/example_sla_dag.py for tasks to queue
[2023-08-31T15:36:46.435+0000] {logging_mixin.py:151} INFO - [2023-08-31T15:36:46.435+0000] {dagbag.py:539} INFO - Filling up the DagBag from /home/airflow/.local/lib/python3.8/site-packages/airflow/example_dags/example_sla_dag.py
[2023-08-31T15:36:46.442+0000] {processor.py:839} INFO - DAG(s) dict_keys(['example_sla_dag']) retrieved from /home/airflow/.local/lib/python3.8/site-packages/airflow/example_dags/example_sla_dag.py
[2023-08-31T15:36:46.457+0000] {logging_mixin.py:151} INFO - [2023-08-31T15:36:46.456+0000] {dag.py:2907} INFO - Sync 1 DAGs
[2023-08-31T15:36:46.471+0000] {logging_mixin.py:151} INFO - [2023-08-31T15:36:46.471+0000] {dag.py:3677} INFO - Setting next_dagrun for example_sla_dag to 2023-08-31T15:34:00+00:00, run_after=2023-08-31T15:36:00+00:00
[2023-08-31T15:36:46.482+0000] {processor.py:179} INFO - Processing /home/airflow/.local/lib/python3.8/site-packages/airflow/example_dags/example_sla_dag.py took 0.052 seconds
[2023-08-31T15:37:16.768+0000] {processor.py:157} INFO - Started process (PID=10196) to work on /home/airflow/.local/lib/python3.8/site-packages/airflow/example_dags/example_sla_dag.py
[2023-08-31T15:37:16.770+0000] {processor.py:829} INFO - Processing file /home/airflow/.local/lib/python3.8/site-packages/airflow/example_dags/example_sla_dag.py for tasks to queue
[2023-08-31T15:37:16.771+0000] {logging_mixin.py:151} INFO - [2023-08-31T15:37:16.771+0000] {dagbag.py:539} INFO - Filling up the DagBag from /home/airflow/.local/lib/python3.8/site-packages/airflow/example_dags/example_sla_dag.py
[2023-08-31T15:37:16.777+0000] {processor.py:839} INFO - DAG(s) dict_keys(['example_sla_dag']) retrieved from /home/airflow/.local/lib/python3.8/site-packages/airflow/example_dags/example_sla_dag.py
[2023-08-31T15:37:16.792+0000] {logging_mixin.py:151} INFO - [2023-08-31T15:37:16.792+0000] {dag.py:2907} INFO - Sync 1 DAGs
[2023-08-31T15:37:16.806+0000] {logging_mixin.py:151} INFO - [2023-08-31T15:37:16.806+0000] {dag.py:3677} INFO - Setting next_dagrun for example_sla_dag to 2023-08-31T15:34:00+00:00, run_after=2023-08-31T15:36:00+00:00
[2023-08-31T15:37:16.817+0000] {processor.py:179} INFO - Processing /home/airflow/.local/lib/python3.8/site-packages/airflow/example_dags/example_sla_dag.py took 0.051 seconds
[2023-08-31T15:37:47.007+0000] {processor.py:157} INFO - Started process (PID=10437) to work on /home/airflow/.local/lib/python3.8/site-packages/airflow/example_dags/example_sla_dag.py
[2023-08-31T15:37:47.008+0000] {processor.py:829} INFO - Processing file /home/airflow/.local/lib/python3.8/site-packages/airflow/example_dags/example_sla_dag.py for tasks to queue
[2023-08-31T15:37:47.009+0000] {logging_mixin.py:151} INFO - [2023-08-31T15:37:47.009+0000] {dagbag.py:539} INFO - Filling up the DagBag from /home/airflow/.local/lib/python3.8/site-packages/airflow/example_dags/example_sla_dag.py
[2023-08-31T15:37:47.017+0000] {processor.py:839} INFO - DAG(s) dict_keys(['example_sla_dag']) retrieved from /home/airflow/.local/lib/python3.8/site-packages/airflow/example_dags/example_sla_dag.py
[2023-08-31T15:37:47.035+0000] {logging_mixin.py:151} INFO - [2023-08-31T15:37:47.035+0000] {dag.py:2907} INFO - Sync 1 DAGs
[2023-08-31T15:37:47.053+0000] {logging_mixin.py:151} INFO - [2023-08-31T15:37:47.052+0000] {dag.py:3677} INFO - Setting next_dagrun for example_sla_dag to 2023-08-31T15:34:00+00:00, run_after=2023-08-31T15:36:00+00:00
[2023-08-31T15:37:47.064+0000] {processor.py:179} INFO - Processing /home/airflow/.local/lib/python3.8/site-packages/airflow/example_dags/example_sla_dag.py took 0.061 seconds
