[2023-08-31T15:16:29.326+0000] {processor.py:157} INFO - Started process (PID=257) to work on /home/airflow/.local/lib/python3.8/site-packages/airflow/example_dags/tutorial_taskflow_api.py
[2023-08-31T15:16:29.328+0000] {processor.py:829} INFO - Processing file /home/airflow/.local/lib/python3.8/site-packages/airflow/example_dags/tutorial_taskflow_api.py for tasks to queue
[2023-08-31T15:16:29.329+0000] {logging_mixin.py:151} INFO - [2023-08-31T15:16:29.329+0000] {dagbag.py:539} INFO - Filling up the DagBag from /home/airflow/.local/lib/python3.8/site-packages/airflow/example_dags/tutorial_taskflow_api.py
[2023-08-31T15:16:29.336+0000] {processor.py:839} INFO - DAG(s) dict_keys(['tutorial_taskflow_api']) retrieved from /home/airflow/.local/lib/python3.8/site-packages/airflow/example_dags/tutorial_taskflow_api.py
[2023-08-31T15:16:29.345+0000] {logging_mixin.py:151} INFO - [2023-08-31T15:16:29.345+0000] {dag.py:2907} INFO - Sync 1 DAGs
[2023-08-31T15:16:29.356+0000] {logging_mixin.py:151} INFO - [2023-08-31T15:16:29.356+0000] {dag.py:3677} INFO - Setting next_dagrun for tutorial_taskflow_api to None, run_after=None
[2023-08-31T15:16:29.376+0000] {processor.py:179} INFO - Processing /home/airflow/.local/lib/python3.8/site-packages/airflow/example_dags/tutorial_taskflow_api.py took 0.052 seconds
[2023-08-31T15:17:00.331+0000] {processor.py:157} INFO - Started process (PID=502) to work on /home/airflow/.local/lib/python3.8/site-packages/airflow/example_dags/tutorial_taskflow_api.py
[2023-08-31T15:17:00.332+0000] {processor.py:829} INFO - Processing file /home/airflow/.local/lib/python3.8/site-packages/airflow/example_dags/tutorial_taskflow_api.py for tasks to queue
[2023-08-31T15:17:00.333+0000] {logging_mixin.py:151} INFO - [2023-08-31T15:17:00.333+0000] {dagbag.py:539} INFO - Filling up the DagBag from /home/airflow/.local/lib/python3.8/site-packages/airflow/example_dags/tutorial_taskflow_api.py
[2023-08-31T15:17:00.339+0000] {processor.py:839} INFO - DAG(s) dict_keys(['tutorial_taskflow_api']) retrieved from /home/airflow/.local/lib/python3.8/site-packages/airflow/example_dags/tutorial_taskflow_api.py
[2023-08-31T15:17:00.357+0000] {logging_mixin.py:151} INFO - [2023-08-31T15:17:00.357+0000] {dag.py:2907} INFO - Sync 1 DAGs
[2023-08-31T15:17:00.366+0000] {logging_mixin.py:151} INFO - [2023-08-31T15:17:00.365+0000] {dag.py:3677} INFO - Setting next_dagrun for tutorial_taskflow_api to None, run_after=None
[2023-08-31T15:17:00.380+0000] {processor.py:179} INFO - Processing /home/airflow/.local/lib/python3.8/site-packages/airflow/example_dags/tutorial_taskflow_api.py took 0.052 seconds
[2023-08-31T15:17:31.363+0000] {processor.py:157} INFO - Started process (PID=741) to work on /home/airflow/.local/lib/python3.8/site-packages/airflow/example_dags/tutorial_taskflow_api.py
[2023-08-31T15:17:31.364+0000] {processor.py:829} INFO - Processing file /home/airflow/.local/lib/python3.8/site-packages/airflow/example_dags/tutorial_taskflow_api.py for tasks to queue
[2023-08-31T15:17:31.365+0000] {logging_mixin.py:151} INFO - [2023-08-31T15:17:31.365+0000] {dagbag.py:539} INFO - Filling up the DagBag from /home/airflow/.local/lib/python3.8/site-packages/airflow/example_dags/tutorial_taskflow_api.py
[2023-08-31T15:17:31.370+0000] {processor.py:839} INFO - DAG(s) dict_keys(['tutorial_taskflow_api']) retrieved from /home/airflow/.local/lib/python3.8/site-packages/airflow/example_dags/tutorial_taskflow_api.py
[2023-08-31T15:17:31.384+0000] {logging_mixin.py:151} INFO - [2023-08-31T15:17:31.384+0000] {dag.py:2907} INFO - Sync 1 DAGs
[2023-08-31T15:17:31.391+0000] {logging_mixin.py:151} INFO - [2023-08-31T15:17:31.391+0000] {dag.py:3677} INFO - Setting next_dagrun for tutorial_taskflow_api to None, run_after=None
[2023-08-31T15:17:31.402+0000] {processor.py:179} INFO - Processing /home/airflow/.local/lib/python3.8/site-packages/airflow/example_dags/tutorial_taskflow_api.py took 0.042 seconds
[2023-08-31T15:18:01.908+0000] {processor.py:157} INFO - Started process (PID=980) to work on /home/airflow/.local/lib/python3.8/site-packages/airflow/example_dags/tutorial_taskflow_api.py
[2023-08-31T15:18:01.910+0000] {processor.py:829} INFO - Processing file /home/airflow/.local/lib/python3.8/site-packages/airflow/example_dags/tutorial_taskflow_api.py for tasks to queue
[2023-08-31T15:18:01.911+0000] {logging_mixin.py:151} INFO - [2023-08-31T15:18:01.910+0000] {dagbag.py:539} INFO - Filling up the DagBag from /home/airflow/.local/lib/python3.8/site-packages/airflow/example_dags/tutorial_taskflow_api.py
[2023-08-31T15:18:01.915+0000] {processor.py:839} INFO - DAG(s) dict_keys(['tutorial_taskflow_api']) retrieved from /home/airflow/.local/lib/python3.8/site-packages/airflow/example_dags/tutorial_taskflow_api.py
[2023-08-31T15:18:01.929+0000] {logging_mixin.py:151} INFO - [2023-08-31T15:18:01.929+0000] {dag.py:2907} INFO - Sync 1 DAGs
[2023-08-31T15:18:01.937+0000] {logging_mixin.py:151} INFO - [2023-08-31T15:18:01.936+0000] {dag.py:3677} INFO - Setting next_dagrun for tutorial_taskflow_api to None, run_after=None
[2023-08-31T15:18:01.961+0000] {processor.py:179} INFO - Processing /home/airflow/.local/lib/python3.8/site-packages/airflow/example_dags/tutorial_taskflow_api.py took 0.056 seconds
[2023-08-31T15:18:32.634+0000] {processor.py:157} INFO - Started process (PID=1247) to work on /home/airflow/.local/lib/python3.8/site-packages/airflow/example_dags/tutorial_taskflow_api.py
[2023-08-31T15:18:32.635+0000] {processor.py:829} INFO - Processing file /home/airflow/.local/lib/python3.8/site-packages/airflow/example_dags/tutorial_taskflow_api.py for tasks to queue
[2023-08-31T15:18:32.636+0000] {logging_mixin.py:151} INFO - [2023-08-31T15:18:32.636+0000] {dagbag.py:539} INFO - Filling up the DagBag from /home/airflow/.local/lib/python3.8/site-packages/airflow/example_dags/tutorial_taskflow_api.py
[2023-08-31T15:18:32.640+0000] {processor.py:839} INFO - DAG(s) dict_keys(['tutorial_taskflow_api']) retrieved from /home/airflow/.local/lib/python3.8/site-packages/airflow/example_dags/tutorial_taskflow_api.py
[2023-08-31T15:18:32.654+0000] {logging_mixin.py:151} INFO - [2023-08-31T15:18:32.654+0000] {dag.py:2907} INFO - Sync 1 DAGs
[2023-08-31T15:18:32.662+0000] {logging_mixin.py:151} INFO - [2023-08-31T15:18:32.662+0000] {dag.py:3677} INFO - Setting next_dagrun for tutorial_taskflow_api to None, run_after=None
[2023-08-31T15:18:32.672+0000] {processor.py:179} INFO - Processing /home/airflow/.local/lib/python3.8/site-packages/airflow/example_dags/tutorial_taskflow_api.py took 0.041 seconds
[2023-08-31T15:19:03.130+0000] {processor.py:157} INFO - Started process (PID=1484) to work on /home/airflow/.local/lib/python3.8/site-packages/airflow/example_dags/tutorial_taskflow_api.py
[2023-08-31T15:19:03.132+0000] {processor.py:829} INFO - Processing file /home/airflow/.local/lib/python3.8/site-packages/airflow/example_dags/tutorial_taskflow_api.py for tasks to queue
[2023-08-31T15:19:03.133+0000] {logging_mixin.py:151} INFO - [2023-08-31T15:19:03.133+0000] {dagbag.py:539} INFO - Filling up the DagBag from /home/airflow/.local/lib/python3.8/site-packages/airflow/example_dags/tutorial_taskflow_api.py
[2023-08-31T15:19:03.139+0000] {processor.py:839} INFO - DAG(s) dict_keys(['tutorial_taskflow_api']) retrieved from /home/airflow/.local/lib/python3.8/site-packages/airflow/example_dags/tutorial_taskflow_api.py
[2023-08-31T15:19:03.155+0000] {logging_mixin.py:151} INFO - [2023-08-31T15:19:03.155+0000] {dag.py:2907} INFO - Sync 1 DAGs
[2023-08-31T15:19:03.164+0000] {logging_mixin.py:151} INFO - [2023-08-31T15:19:03.164+0000] {dag.py:3677} INFO - Setting next_dagrun for tutorial_taskflow_api to None, run_after=None
[2023-08-31T15:19:03.176+0000] {processor.py:179} INFO - Processing /home/airflow/.local/lib/python3.8/site-packages/airflow/example_dags/tutorial_taskflow_api.py took 0.048 seconds
[2023-08-31T15:19:33.552+0000] {processor.py:157} INFO - Started process (PID=1727) to work on /home/airflow/.local/lib/python3.8/site-packages/airflow/example_dags/tutorial_taskflow_api.py
[2023-08-31T15:19:33.553+0000] {processor.py:829} INFO - Processing file /home/airflow/.local/lib/python3.8/site-packages/airflow/example_dags/tutorial_taskflow_api.py for tasks to queue
[2023-08-31T15:19:33.555+0000] {logging_mixin.py:151} INFO - [2023-08-31T15:19:33.555+0000] {dagbag.py:539} INFO - Filling up the DagBag from /home/airflow/.local/lib/python3.8/site-packages/airflow/example_dags/tutorial_taskflow_api.py
[2023-08-31T15:19:33.560+0000] {processor.py:839} INFO - DAG(s) dict_keys(['tutorial_taskflow_api']) retrieved from /home/airflow/.local/lib/python3.8/site-packages/airflow/example_dags/tutorial_taskflow_api.py
[2023-08-31T15:19:33.575+0000] {logging_mixin.py:151} INFO - [2023-08-31T15:19:33.575+0000] {dag.py:2907} INFO - Sync 1 DAGs
[2023-08-31T15:19:33.584+0000] {logging_mixin.py:151} INFO - [2023-08-31T15:19:33.583+0000] {dag.py:3677} INFO - Setting next_dagrun for tutorial_taskflow_api to None, run_after=None
[2023-08-31T15:19:33.595+0000] {processor.py:179} INFO - Processing /home/airflow/.local/lib/python3.8/site-packages/airflow/example_dags/tutorial_taskflow_api.py took 0.046 seconds
[2023-08-31T15:20:03.775+0000] {processor.py:157} INFO - Started process (PID=1965) to work on /home/airflow/.local/lib/python3.8/site-packages/airflow/example_dags/tutorial_taskflow_api.py
[2023-08-31T15:20:03.776+0000] {processor.py:829} INFO - Processing file /home/airflow/.local/lib/python3.8/site-packages/airflow/example_dags/tutorial_taskflow_api.py for tasks to queue
[2023-08-31T15:20:03.777+0000] {logging_mixin.py:151} INFO - [2023-08-31T15:20:03.777+0000] {dagbag.py:539} INFO - Filling up the DagBag from /home/airflow/.local/lib/python3.8/site-packages/airflow/example_dags/tutorial_taskflow_api.py
[2023-08-31T15:20:03.782+0000] {processor.py:839} INFO - DAG(s) dict_keys(['tutorial_taskflow_api']) retrieved from /home/airflow/.local/lib/python3.8/site-packages/airflow/example_dags/tutorial_taskflow_api.py
[2023-08-31T15:20:03.797+0000] {logging_mixin.py:151} INFO - [2023-08-31T15:20:03.797+0000] {dag.py:2907} INFO - Sync 1 DAGs
[2023-08-31T15:20:03.805+0000] {logging_mixin.py:151} INFO - [2023-08-31T15:20:03.805+0000] {dag.py:3677} INFO - Setting next_dagrun for tutorial_taskflow_api to None, run_after=None
[2023-08-31T15:20:03.816+0000] {processor.py:179} INFO - Processing /home/airflow/.local/lib/python3.8/site-packages/airflow/example_dags/tutorial_taskflow_api.py took 0.043 seconds
[2023-08-31T15:20:34.177+0000] {processor.py:157} INFO - Started process (PID=2204) to work on /home/airflow/.local/lib/python3.8/site-packages/airflow/example_dags/tutorial_taskflow_api.py
[2023-08-31T15:20:34.178+0000] {processor.py:829} INFO - Processing file /home/airflow/.local/lib/python3.8/site-packages/airflow/example_dags/tutorial_taskflow_api.py for tasks to queue
[2023-08-31T15:20:34.179+0000] {logging_mixin.py:151} INFO - [2023-08-31T15:20:34.179+0000] {dagbag.py:539} INFO - Filling up the DagBag from /home/airflow/.local/lib/python3.8/site-packages/airflow/example_dags/tutorial_taskflow_api.py
[2023-08-31T15:20:34.184+0000] {processor.py:839} INFO - DAG(s) dict_keys(['tutorial_taskflow_api']) retrieved from /home/airflow/.local/lib/python3.8/site-packages/airflow/example_dags/tutorial_taskflow_api.py
[2023-08-31T15:20:34.198+0000] {logging_mixin.py:151} INFO - [2023-08-31T15:20:34.198+0000] {dag.py:2907} INFO - Sync 1 DAGs
[2023-08-31T15:20:34.205+0000] {logging_mixin.py:151} INFO - [2023-08-31T15:20:34.205+0000] {dag.py:3677} INFO - Setting next_dagrun for tutorial_taskflow_api to None, run_after=None
[2023-08-31T15:20:34.217+0000] {processor.py:179} INFO - Processing /home/airflow/.local/lib/python3.8/site-packages/airflow/example_dags/tutorial_taskflow_api.py took 0.042 seconds
[2023-08-31T15:21:04.415+0000] {processor.py:157} INFO - Started process (PID=2445) to work on /home/airflow/.local/lib/python3.8/site-packages/airflow/example_dags/tutorial_taskflow_api.py
[2023-08-31T15:21:04.417+0000] {processor.py:829} INFO - Processing file /home/airflow/.local/lib/python3.8/site-packages/airflow/example_dags/tutorial_taskflow_api.py for tasks to queue
[2023-08-31T15:21:04.418+0000] {logging_mixin.py:151} INFO - [2023-08-31T15:21:04.418+0000] {dagbag.py:539} INFO - Filling up the DagBag from /home/airflow/.local/lib/python3.8/site-packages/airflow/example_dags/tutorial_taskflow_api.py
[2023-08-31T15:21:04.423+0000] {processor.py:839} INFO - DAG(s) dict_keys(['tutorial_taskflow_api']) retrieved from /home/airflow/.local/lib/python3.8/site-packages/airflow/example_dags/tutorial_taskflow_api.py
[2023-08-31T15:21:04.438+0000] {logging_mixin.py:151} INFO - [2023-08-31T15:21:04.438+0000] {dag.py:2907} INFO - Sync 1 DAGs
[2023-08-31T15:21:04.445+0000] {logging_mixin.py:151} INFO - [2023-08-31T15:21:04.445+0000] {dag.py:3677} INFO - Setting next_dagrun for tutorial_taskflow_api to None, run_after=None
[2023-08-31T15:21:04.456+0000] {processor.py:179} INFO - Processing /home/airflow/.local/lib/python3.8/site-packages/airflow/example_dags/tutorial_taskflow_api.py took 0.043 seconds
[2023-08-31T15:21:34.757+0000] {processor.py:157} INFO - Started process (PID=2687) to work on /home/airflow/.local/lib/python3.8/site-packages/airflow/example_dags/tutorial_taskflow_api.py
[2023-08-31T15:21:34.759+0000] {processor.py:829} INFO - Processing file /home/airflow/.local/lib/python3.8/site-packages/airflow/example_dags/tutorial_taskflow_api.py for tasks to queue
[2023-08-31T15:21:34.760+0000] {logging_mixin.py:151} INFO - [2023-08-31T15:21:34.760+0000] {dagbag.py:539} INFO - Filling up the DagBag from /home/airflow/.local/lib/python3.8/site-packages/airflow/example_dags/tutorial_taskflow_api.py
[2023-08-31T15:21:34.765+0000] {processor.py:839} INFO - DAG(s) dict_keys(['tutorial_taskflow_api']) retrieved from /home/airflow/.local/lib/python3.8/site-packages/airflow/example_dags/tutorial_taskflow_api.py
[2023-08-31T15:21:34.779+0000] {logging_mixin.py:151} INFO - [2023-08-31T15:21:34.779+0000] {dag.py:2907} INFO - Sync 1 DAGs
[2023-08-31T15:21:34.787+0000] {logging_mixin.py:151} INFO - [2023-08-31T15:21:34.787+0000] {dag.py:3677} INFO - Setting next_dagrun for tutorial_taskflow_api to None, run_after=None
[2023-08-31T15:21:34.800+0000] {processor.py:179} INFO - Processing /home/airflow/.local/lib/python3.8/site-packages/airflow/example_dags/tutorial_taskflow_api.py took 0.046 seconds
[2023-08-31T15:22:05.067+0000] {processor.py:157} INFO - Started process (PID=2927) to work on /home/airflow/.local/lib/python3.8/site-packages/airflow/example_dags/tutorial_taskflow_api.py
[2023-08-31T15:22:05.069+0000] {processor.py:829} INFO - Processing file /home/airflow/.local/lib/python3.8/site-packages/airflow/example_dags/tutorial_taskflow_api.py for tasks to queue
[2023-08-31T15:22:05.070+0000] {logging_mixin.py:151} INFO - [2023-08-31T15:22:05.069+0000] {dagbag.py:539} INFO - Filling up the DagBag from /home/airflow/.local/lib/python3.8/site-packages/airflow/example_dags/tutorial_taskflow_api.py
[2023-08-31T15:22:05.074+0000] {processor.py:839} INFO - DAG(s) dict_keys(['tutorial_taskflow_api']) retrieved from /home/airflow/.local/lib/python3.8/site-packages/airflow/example_dags/tutorial_taskflow_api.py
[2023-08-31T15:22:05.089+0000] {logging_mixin.py:151} INFO - [2023-08-31T15:22:05.088+0000] {dag.py:2907} INFO - Sync 1 DAGs
[2023-08-31T15:22:05.098+0000] {logging_mixin.py:151} INFO - [2023-08-31T15:22:05.097+0000] {dag.py:3677} INFO - Setting next_dagrun for tutorial_taskflow_api to None, run_after=None
[2023-08-31T15:22:05.109+0000] {processor.py:179} INFO - Processing /home/airflow/.local/lib/python3.8/site-packages/airflow/example_dags/tutorial_taskflow_api.py took 0.045 seconds
[2023-08-31T15:22:35.634+0000] {processor.py:157} INFO - Started process (PID=3167) to work on /home/airflow/.local/lib/python3.8/site-packages/airflow/example_dags/tutorial_taskflow_api.py
[2023-08-31T15:22:35.636+0000] {processor.py:829} INFO - Processing file /home/airflow/.local/lib/python3.8/site-packages/airflow/example_dags/tutorial_taskflow_api.py for tasks to queue
[2023-08-31T15:22:35.637+0000] {logging_mixin.py:151} INFO - [2023-08-31T15:22:35.637+0000] {dagbag.py:539} INFO - Filling up the DagBag from /home/airflow/.local/lib/python3.8/site-packages/airflow/example_dags/tutorial_taskflow_api.py
[2023-08-31T15:22:35.642+0000] {processor.py:839} INFO - DAG(s) dict_keys(['tutorial_taskflow_api']) retrieved from /home/airflow/.local/lib/python3.8/site-packages/airflow/example_dags/tutorial_taskflow_api.py
[2023-08-31T15:22:35.657+0000] {logging_mixin.py:151} INFO - [2023-08-31T15:22:35.657+0000] {dag.py:2907} INFO - Sync 1 DAGs
[2023-08-31T15:22:35.665+0000] {logging_mixin.py:151} INFO - [2023-08-31T15:22:35.665+0000] {dag.py:3677} INFO - Setting next_dagrun for tutorial_taskflow_api to None, run_after=None
[2023-08-31T15:22:35.676+0000] {processor.py:179} INFO - Processing /home/airflow/.local/lib/python3.8/site-packages/airflow/example_dags/tutorial_taskflow_api.py took 0.044 seconds
[2023-08-31T15:23:06.192+0000] {processor.py:157} INFO - Started process (PID=3411) to work on /home/airflow/.local/lib/python3.8/site-packages/airflow/example_dags/tutorial_taskflow_api.py
[2023-08-31T15:23:06.194+0000] {processor.py:829} INFO - Processing file /home/airflow/.local/lib/python3.8/site-packages/airflow/example_dags/tutorial_taskflow_api.py for tasks to queue
[2023-08-31T15:23:06.195+0000] {logging_mixin.py:151} INFO - [2023-08-31T15:23:06.194+0000] {dagbag.py:539} INFO - Filling up the DagBag from /home/airflow/.local/lib/python3.8/site-packages/airflow/example_dags/tutorial_taskflow_api.py
[2023-08-31T15:23:06.200+0000] {processor.py:839} INFO - DAG(s) dict_keys(['tutorial_taskflow_api']) retrieved from /home/airflow/.local/lib/python3.8/site-packages/airflow/example_dags/tutorial_taskflow_api.py
[2023-08-31T15:23:06.215+0000] {logging_mixin.py:151} INFO - [2023-08-31T15:23:06.215+0000] {dag.py:2907} INFO - Sync 1 DAGs
[2023-08-31T15:23:06.224+0000] {logging_mixin.py:151} INFO - [2023-08-31T15:23:06.224+0000] {dag.py:3677} INFO - Setting next_dagrun for tutorial_taskflow_api to None, run_after=None
[2023-08-31T15:23:06.238+0000] {processor.py:179} INFO - Processing /home/airflow/.local/lib/python3.8/site-packages/airflow/example_dags/tutorial_taskflow_api.py took 0.048 seconds
[2023-08-31T15:23:36.621+0000] {processor.py:157} INFO - Started process (PID=3649) to work on /home/airflow/.local/lib/python3.8/site-packages/airflow/example_dags/tutorial_taskflow_api.py
[2023-08-31T15:23:36.622+0000] {processor.py:829} INFO - Processing file /home/airflow/.local/lib/python3.8/site-packages/airflow/example_dags/tutorial_taskflow_api.py for tasks to queue
[2023-08-31T15:23:36.623+0000] {logging_mixin.py:151} INFO - [2023-08-31T15:23:36.623+0000] {dagbag.py:539} INFO - Filling up the DagBag from /home/airflow/.local/lib/python3.8/site-packages/airflow/example_dags/tutorial_taskflow_api.py
[2023-08-31T15:23:36.628+0000] {processor.py:839} INFO - DAG(s) dict_keys(['tutorial_taskflow_api']) retrieved from /home/airflow/.local/lib/python3.8/site-packages/airflow/example_dags/tutorial_taskflow_api.py
[2023-08-31T15:23:36.642+0000] {logging_mixin.py:151} INFO - [2023-08-31T15:23:36.642+0000] {dag.py:2907} INFO - Sync 1 DAGs
[2023-08-31T15:23:36.650+0000] {logging_mixin.py:151} INFO - [2023-08-31T15:23:36.650+0000] {dag.py:3677} INFO - Setting next_dagrun for tutorial_taskflow_api to None, run_after=None
[2023-08-31T15:23:36.662+0000] {processor.py:179} INFO - Processing /home/airflow/.local/lib/python3.8/site-packages/airflow/example_dags/tutorial_taskflow_api.py took 0.044 seconds
[2023-08-31T15:24:06.962+0000] {processor.py:157} INFO - Started process (PID=3891) to work on /home/airflow/.local/lib/python3.8/site-packages/airflow/example_dags/tutorial_taskflow_api.py
[2023-08-31T15:24:06.965+0000] {processor.py:829} INFO - Processing file /home/airflow/.local/lib/python3.8/site-packages/airflow/example_dags/tutorial_taskflow_api.py for tasks to queue
[2023-08-31T15:24:06.966+0000] {logging_mixin.py:151} INFO - [2023-08-31T15:24:06.966+0000] {dagbag.py:539} INFO - Filling up the DagBag from /home/airflow/.local/lib/python3.8/site-packages/airflow/example_dags/tutorial_taskflow_api.py
[2023-08-31T15:24:06.972+0000] {processor.py:839} INFO - DAG(s) dict_keys(['tutorial_taskflow_api']) retrieved from /home/airflow/.local/lib/python3.8/site-packages/airflow/example_dags/tutorial_taskflow_api.py
[2023-08-31T15:24:06.990+0000] {logging_mixin.py:151} INFO - [2023-08-31T15:24:06.990+0000] {dag.py:2907} INFO - Sync 1 DAGs
[2023-08-31T15:24:06.999+0000] {logging_mixin.py:151} INFO - [2023-08-31T15:24:06.999+0000] {dag.py:3677} INFO - Setting next_dagrun for tutorial_taskflow_api to None, run_after=None
[2023-08-31T15:24:07.011+0000] {processor.py:179} INFO - Processing /home/airflow/.local/lib/python3.8/site-packages/airflow/example_dags/tutorial_taskflow_api.py took 0.051 seconds
[2023-08-31T15:24:37.277+0000] {processor.py:157} INFO - Started process (PID=4131) to work on /home/airflow/.local/lib/python3.8/site-packages/airflow/example_dags/tutorial_taskflow_api.py
[2023-08-31T15:24:37.278+0000] {processor.py:829} INFO - Processing file /home/airflow/.local/lib/python3.8/site-packages/airflow/example_dags/tutorial_taskflow_api.py for tasks to queue
[2023-08-31T15:24:37.279+0000] {logging_mixin.py:151} INFO - [2023-08-31T15:24:37.279+0000] {dagbag.py:539} INFO - Filling up the DagBag from /home/airflow/.local/lib/python3.8/site-packages/airflow/example_dags/tutorial_taskflow_api.py
[2023-08-31T15:24:37.284+0000] {processor.py:839} INFO - DAG(s) dict_keys(['tutorial_taskflow_api']) retrieved from /home/airflow/.local/lib/python3.8/site-packages/airflow/example_dags/tutorial_taskflow_api.py
[2023-08-31T15:24:37.298+0000] {logging_mixin.py:151} INFO - [2023-08-31T15:24:37.298+0000] {dag.py:2907} INFO - Sync 1 DAGs
[2023-08-31T15:24:37.307+0000] {logging_mixin.py:151} INFO - [2023-08-31T15:24:37.307+0000] {dag.py:3677} INFO - Setting next_dagrun for tutorial_taskflow_api to None, run_after=None
[2023-08-31T15:24:37.319+0000] {processor.py:179} INFO - Processing /home/airflow/.local/lib/python3.8/site-packages/airflow/example_dags/tutorial_taskflow_api.py took 0.045 seconds
[2023-08-31T15:25:07.587+0000] {processor.py:157} INFO - Started process (PID=4371) to work on /home/airflow/.local/lib/python3.8/site-packages/airflow/example_dags/tutorial_taskflow_api.py
[2023-08-31T15:25:07.588+0000] {processor.py:829} INFO - Processing file /home/airflow/.local/lib/python3.8/site-packages/airflow/example_dags/tutorial_taskflow_api.py for tasks to queue
[2023-08-31T15:25:07.589+0000] {logging_mixin.py:151} INFO - [2023-08-31T15:25:07.589+0000] {dagbag.py:539} INFO - Filling up the DagBag from /home/airflow/.local/lib/python3.8/site-packages/airflow/example_dags/tutorial_taskflow_api.py
[2023-08-31T15:25:07.595+0000] {processor.py:839} INFO - DAG(s) dict_keys(['tutorial_taskflow_api']) retrieved from /home/airflow/.local/lib/python3.8/site-packages/airflow/example_dags/tutorial_taskflow_api.py
[2023-08-31T15:25:07.611+0000] {logging_mixin.py:151} INFO - [2023-08-31T15:25:07.611+0000] {dag.py:2907} INFO - Sync 1 DAGs
[2023-08-31T15:25:07.619+0000] {logging_mixin.py:151} INFO - [2023-08-31T15:25:07.619+0000] {dag.py:3677} INFO - Setting next_dagrun for tutorial_taskflow_api to None, run_after=None
[2023-08-31T15:25:07.633+0000] {processor.py:179} INFO - Processing /home/airflow/.local/lib/python3.8/site-packages/airflow/example_dags/tutorial_taskflow_api.py took 0.048 seconds
[2023-08-31T15:25:37.857+0000] {processor.py:157} INFO - Started process (PID=4610) to work on /home/airflow/.local/lib/python3.8/site-packages/airflow/example_dags/tutorial_taskflow_api.py
[2023-08-31T15:25:37.859+0000] {processor.py:829} INFO - Processing file /home/airflow/.local/lib/python3.8/site-packages/airflow/example_dags/tutorial_taskflow_api.py for tasks to queue
[2023-08-31T15:25:37.860+0000] {logging_mixin.py:151} INFO - [2023-08-31T15:25:37.859+0000] {dagbag.py:539} INFO - Filling up the DagBag from /home/airflow/.local/lib/python3.8/site-packages/airflow/example_dags/tutorial_taskflow_api.py
[2023-08-31T15:25:37.864+0000] {processor.py:839} INFO - DAG(s) dict_keys(['tutorial_taskflow_api']) retrieved from /home/airflow/.local/lib/python3.8/site-packages/airflow/example_dags/tutorial_taskflow_api.py
[2023-08-31T15:25:37.879+0000] {logging_mixin.py:151} INFO - [2023-08-31T15:25:37.879+0000] {dag.py:2907} INFO - Sync 1 DAGs
[2023-08-31T15:25:37.889+0000] {logging_mixin.py:151} INFO - [2023-08-31T15:25:37.889+0000] {dag.py:3677} INFO - Setting next_dagrun for tutorial_taskflow_api to None, run_after=None
[2023-08-31T15:25:37.901+0000] {processor.py:179} INFO - Processing /home/airflow/.local/lib/python3.8/site-packages/airflow/example_dags/tutorial_taskflow_api.py took 0.046 seconds
[2023-08-31T15:26:08.150+0000] {processor.py:157} INFO - Started process (PID=4851) to work on /home/airflow/.local/lib/python3.8/site-packages/airflow/example_dags/tutorial_taskflow_api.py
[2023-08-31T15:26:08.151+0000] {processor.py:829} INFO - Processing file /home/airflow/.local/lib/python3.8/site-packages/airflow/example_dags/tutorial_taskflow_api.py for tasks to queue
[2023-08-31T15:26:08.152+0000] {logging_mixin.py:151} INFO - [2023-08-31T15:26:08.152+0000] {dagbag.py:539} INFO - Filling up the DagBag from /home/airflow/.local/lib/python3.8/site-packages/airflow/example_dags/tutorial_taskflow_api.py
[2023-08-31T15:26:08.158+0000] {processor.py:839} INFO - DAG(s) dict_keys(['tutorial_taskflow_api']) retrieved from /home/airflow/.local/lib/python3.8/site-packages/airflow/example_dags/tutorial_taskflow_api.py
[2023-08-31T15:26:08.172+0000] {logging_mixin.py:151} INFO - [2023-08-31T15:26:08.172+0000] {dag.py:2907} INFO - Sync 1 DAGs
[2023-08-31T15:26:08.180+0000] {logging_mixin.py:151} INFO - [2023-08-31T15:26:08.180+0000] {dag.py:3677} INFO - Setting next_dagrun for tutorial_taskflow_api to None, run_after=None
[2023-08-31T15:26:08.192+0000] {processor.py:179} INFO - Processing /home/airflow/.local/lib/python3.8/site-packages/airflow/example_dags/tutorial_taskflow_api.py took 0.045 seconds
[2023-08-31T15:26:38.478+0000] {processor.py:157} INFO - Started process (PID=5090) to work on /home/airflow/.local/lib/python3.8/site-packages/airflow/example_dags/tutorial_taskflow_api.py
[2023-08-31T15:26:38.479+0000] {processor.py:829} INFO - Processing file /home/airflow/.local/lib/python3.8/site-packages/airflow/example_dags/tutorial_taskflow_api.py for tasks to queue
[2023-08-31T15:26:38.480+0000] {logging_mixin.py:151} INFO - [2023-08-31T15:26:38.480+0000] {dagbag.py:539} INFO - Filling up the DagBag from /home/airflow/.local/lib/python3.8/site-packages/airflow/example_dags/tutorial_taskflow_api.py
[2023-08-31T15:26:38.485+0000] {processor.py:839} INFO - DAG(s) dict_keys(['tutorial_taskflow_api']) retrieved from /home/airflow/.local/lib/python3.8/site-packages/airflow/example_dags/tutorial_taskflow_api.py
[2023-08-31T15:26:38.499+0000] {logging_mixin.py:151} INFO - [2023-08-31T15:26:38.499+0000] {dag.py:2907} INFO - Sync 1 DAGs
[2023-08-31T15:26:38.506+0000] {logging_mixin.py:151} INFO - [2023-08-31T15:26:38.506+0000] {dag.py:3677} INFO - Setting next_dagrun for tutorial_taskflow_api to None, run_after=None
[2023-08-31T15:26:38.518+0000] {processor.py:179} INFO - Processing /home/airflow/.local/lib/python3.8/site-packages/airflow/example_dags/tutorial_taskflow_api.py took 0.042 seconds
[2023-08-31T15:27:08.799+0000] {processor.py:157} INFO - Started process (PID=5329) to work on /home/airflow/.local/lib/python3.8/site-packages/airflow/example_dags/tutorial_taskflow_api.py
[2023-08-31T15:27:08.801+0000] {processor.py:829} INFO - Processing file /home/airflow/.local/lib/python3.8/site-packages/airflow/example_dags/tutorial_taskflow_api.py for tasks to queue
[2023-08-31T15:27:08.802+0000] {logging_mixin.py:151} INFO - [2023-08-31T15:27:08.802+0000] {dagbag.py:539} INFO - Filling up the DagBag from /home/airflow/.local/lib/python3.8/site-packages/airflow/example_dags/tutorial_taskflow_api.py
[2023-08-31T15:27:08.807+0000] {processor.py:839} INFO - DAG(s) dict_keys(['tutorial_taskflow_api']) retrieved from /home/airflow/.local/lib/python3.8/site-packages/airflow/example_dags/tutorial_taskflow_api.py
[2023-08-31T15:27:08.820+0000] {logging_mixin.py:151} INFO - [2023-08-31T15:27:08.820+0000] {dag.py:2907} INFO - Sync 1 DAGs
[2023-08-31T15:27:08.828+0000] {logging_mixin.py:151} INFO - [2023-08-31T15:27:08.828+0000] {dag.py:3677} INFO - Setting next_dagrun for tutorial_taskflow_api to None, run_after=None
[2023-08-31T15:27:08.840+0000] {processor.py:179} INFO - Processing /home/airflow/.local/lib/python3.8/site-packages/airflow/example_dags/tutorial_taskflow_api.py took 0.043 seconds
[2023-08-31T15:27:39.184+0000] {processor.py:157} INFO - Started process (PID=5569) to work on /home/airflow/.local/lib/python3.8/site-packages/airflow/example_dags/tutorial_taskflow_api.py
[2023-08-31T15:27:39.186+0000] {processor.py:829} INFO - Processing file /home/airflow/.local/lib/python3.8/site-packages/airflow/example_dags/tutorial_taskflow_api.py for tasks to queue
[2023-08-31T15:27:39.187+0000] {logging_mixin.py:151} INFO - [2023-08-31T15:27:39.187+0000] {dagbag.py:539} INFO - Filling up the DagBag from /home/airflow/.local/lib/python3.8/site-packages/airflow/example_dags/tutorial_taskflow_api.py
[2023-08-31T15:27:39.192+0000] {processor.py:839} INFO - DAG(s) dict_keys(['tutorial_taskflow_api']) retrieved from /home/airflow/.local/lib/python3.8/site-packages/airflow/example_dags/tutorial_taskflow_api.py
[2023-08-31T15:27:39.209+0000] {logging_mixin.py:151} INFO - [2023-08-31T15:27:39.209+0000] {dag.py:2907} INFO - Sync 1 DAGs
[2023-08-31T15:27:39.218+0000] {logging_mixin.py:151} INFO - [2023-08-31T15:27:39.218+0000] {dag.py:3677} INFO - Setting next_dagrun for tutorial_taskflow_api to None, run_after=None
[2023-08-31T15:27:39.231+0000] {processor.py:179} INFO - Processing /home/airflow/.local/lib/python3.8/site-packages/airflow/example_dags/tutorial_taskflow_api.py took 0.050 seconds
[2023-08-31T15:28:09.506+0000] {processor.py:157} INFO - Started process (PID=5809) to work on /home/airflow/.local/lib/python3.8/site-packages/airflow/example_dags/tutorial_taskflow_api.py
[2023-08-31T15:28:09.509+0000] {processor.py:829} INFO - Processing file /home/airflow/.local/lib/python3.8/site-packages/airflow/example_dags/tutorial_taskflow_api.py for tasks to queue
[2023-08-31T15:28:09.511+0000] {logging_mixin.py:151} INFO - [2023-08-31T15:28:09.510+0000] {dagbag.py:539} INFO - Filling up the DagBag from /home/airflow/.local/lib/python3.8/site-packages/airflow/example_dags/tutorial_taskflow_api.py
[2023-08-31T15:28:09.516+0000] {processor.py:839} INFO - DAG(s) dict_keys(['tutorial_taskflow_api']) retrieved from /home/airflow/.local/lib/python3.8/site-packages/airflow/example_dags/tutorial_taskflow_api.py
[2023-08-31T15:28:09.533+0000] {logging_mixin.py:151} INFO - [2023-08-31T15:28:09.533+0000] {dag.py:2907} INFO - Sync 1 DAGs
[2023-08-31T15:28:09.541+0000] {logging_mixin.py:151} INFO - [2023-08-31T15:28:09.541+0000] {dag.py:3677} INFO - Setting next_dagrun for tutorial_taskflow_api to None, run_after=None
[2023-08-31T15:28:09.554+0000] {processor.py:179} INFO - Processing /home/airflow/.local/lib/python3.8/site-packages/airflow/example_dags/tutorial_taskflow_api.py took 0.050 seconds
[2023-08-31T15:28:39.839+0000] {processor.py:157} INFO - Started process (PID=6050) to work on /home/airflow/.local/lib/python3.8/site-packages/airflow/example_dags/tutorial_taskflow_api.py
[2023-08-31T15:28:39.840+0000] {processor.py:829} INFO - Processing file /home/airflow/.local/lib/python3.8/site-packages/airflow/example_dags/tutorial_taskflow_api.py for tasks to queue
[2023-08-31T15:28:39.842+0000] {logging_mixin.py:151} INFO - [2023-08-31T15:28:39.841+0000] {dagbag.py:539} INFO - Filling up the DagBag from /home/airflow/.local/lib/python3.8/site-packages/airflow/example_dags/tutorial_taskflow_api.py
[2023-08-31T15:28:39.847+0000] {processor.py:839} INFO - DAG(s) dict_keys(['tutorial_taskflow_api']) retrieved from /home/airflow/.local/lib/python3.8/site-packages/airflow/example_dags/tutorial_taskflow_api.py
[2023-08-31T15:28:39.863+0000] {logging_mixin.py:151} INFO - [2023-08-31T15:28:39.863+0000] {dag.py:2907} INFO - Sync 1 DAGs
[2023-08-31T15:28:39.871+0000] {logging_mixin.py:151} INFO - [2023-08-31T15:28:39.871+0000] {dag.py:3677} INFO - Setting next_dagrun for tutorial_taskflow_api to None, run_after=None
[2023-08-31T15:28:39.882+0000] {processor.py:179} INFO - Processing /home/airflow/.local/lib/python3.8/site-packages/airflow/example_dags/tutorial_taskflow_api.py took 0.045 seconds
[2023-08-31T15:29:10.203+0000] {processor.py:157} INFO - Started process (PID=6294) to work on /home/airflow/.local/lib/python3.8/site-packages/airflow/example_dags/tutorial_taskflow_api.py
[2023-08-31T15:29:10.204+0000] {processor.py:829} INFO - Processing file /home/airflow/.local/lib/python3.8/site-packages/airflow/example_dags/tutorial_taskflow_api.py for tasks to queue
[2023-08-31T15:29:10.205+0000] {logging_mixin.py:151} INFO - [2023-08-31T15:29:10.205+0000] {dagbag.py:539} INFO - Filling up the DagBag from /home/airflow/.local/lib/python3.8/site-packages/airflow/example_dags/tutorial_taskflow_api.py
[2023-08-31T15:29:10.210+0000] {processor.py:839} INFO - DAG(s) dict_keys(['tutorial_taskflow_api']) retrieved from /home/airflow/.local/lib/python3.8/site-packages/airflow/example_dags/tutorial_taskflow_api.py
[2023-08-31T15:29:10.225+0000] {logging_mixin.py:151} INFO - [2023-08-31T15:29:10.225+0000] {dag.py:2907} INFO - Sync 1 DAGs
[2023-08-31T15:29:10.233+0000] {logging_mixin.py:151} INFO - [2023-08-31T15:29:10.233+0000] {dag.py:3677} INFO - Setting next_dagrun for tutorial_taskflow_api to None, run_after=None
[2023-08-31T15:29:10.245+0000] {processor.py:179} INFO - Processing /home/airflow/.local/lib/python3.8/site-packages/airflow/example_dags/tutorial_taskflow_api.py took 0.044 seconds
[2023-08-31T15:29:40.520+0000] {processor.py:157} INFO - Started process (PID=6532) to work on /home/airflow/.local/lib/python3.8/site-packages/airflow/example_dags/tutorial_taskflow_api.py
[2023-08-31T15:29:40.521+0000] {processor.py:829} INFO - Processing file /home/airflow/.local/lib/python3.8/site-packages/airflow/example_dags/tutorial_taskflow_api.py for tasks to queue
[2023-08-31T15:29:40.522+0000] {logging_mixin.py:151} INFO - [2023-08-31T15:29:40.522+0000] {dagbag.py:539} INFO - Filling up the DagBag from /home/airflow/.local/lib/python3.8/site-packages/airflow/example_dags/tutorial_taskflow_api.py
[2023-08-31T15:29:40.528+0000] {processor.py:839} INFO - DAG(s) dict_keys(['tutorial_taskflow_api']) retrieved from /home/airflow/.local/lib/python3.8/site-packages/airflow/example_dags/tutorial_taskflow_api.py
[2023-08-31T15:29:40.543+0000] {logging_mixin.py:151} INFO - [2023-08-31T15:29:40.543+0000] {dag.py:2907} INFO - Sync 1 DAGs
[2023-08-31T15:29:40.551+0000] {logging_mixin.py:151} INFO - [2023-08-31T15:29:40.551+0000] {dag.py:3677} INFO - Setting next_dagrun for tutorial_taskflow_api to None, run_after=None
[2023-08-31T15:29:40.563+0000] {processor.py:179} INFO - Processing /home/airflow/.local/lib/python3.8/site-packages/airflow/example_dags/tutorial_taskflow_api.py took 0.046 seconds
[2023-08-31T15:30:10.733+0000] {processor.py:157} INFO - Started process (PID=6774) to work on /home/airflow/.local/lib/python3.8/site-packages/airflow/example_dags/tutorial_taskflow_api.py
[2023-08-31T15:30:10.734+0000] {processor.py:829} INFO - Processing file /home/airflow/.local/lib/python3.8/site-packages/airflow/example_dags/tutorial_taskflow_api.py for tasks to queue
[2023-08-31T15:30:10.735+0000] {logging_mixin.py:151} INFO - [2023-08-31T15:30:10.735+0000] {dagbag.py:539} INFO - Filling up the DagBag from /home/airflow/.local/lib/python3.8/site-packages/airflow/example_dags/tutorial_taskflow_api.py
[2023-08-31T15:30:10.740+0000] {processor.py:839} INFO - DAG(s) dict_keys(['tutorial_taskflow_api']) retrieved from /home/airflow/.local/lib/python3.8/site-packages/airflow/example_dags/tutorial_taskflow_api.py
[2023-08-31T15:30:10.756+0000] {logging_mixin.py:151} INFO - [2023-08-31T15:30:10.755+0000] {dag.py:2907} INFO - Sync 1 DAGs
[2023-08-31T15:30:10.763+0000] {logging_mixin.py:151} INFO - [2023-08-31T15:30:10.763+0000] {dag.py:3677} INFO - Setting next_dagrun for tutorial_taskflow_api to None, run_after=None
[2023-08-31T15:30:10.776+0000] {processor.py:179} INFO - Processing /home/airflow/.local/lib/python3.8/site-packages/airflow/example_dags/tutorial_taskflow_api.py took 0.045 seconds
[2023-08-31T15:30:41.027+0000] {processor.py:157} INFO - Started process (PID=7013) to work on /home/airflow/.local/lib/python3.8/site-packages/airflow/example_dags/tutorial_taskflow_api.py
[2023-08-31T15:30:41.029+0000] {processor.py:829} INFO - Processing file /home/airflow/.local/lib/python3.8/site-packages/airflow/example_dags/tutorial_taskflow_api.py for tasks to queue
[2023-08-31T15:30:41.030+0000] {logging_mixin.py:151} INFO - [2023-08-31T15:30:41.030+0000] {dagbag.py:539} INFO - Filling up the DagBag from /home/airflow/.local/lib/python3.8/site-packages/airflow/example_dags/tutorial_taskflow_api.py
[2023-08-31T15:30:41.035+0000] {processor.py:839} INFO - DAG(s) dict_keys(['tutorial_taskflow_api']) retrieved from /home/airflow/.local/lib/python3.8/site-packages/airflow/example_dags/tutorial_taskflow_api.py
[2023-08-31T15:30:41.049+0000] {logging_mixin.py:151} INFO - [2023-08-31T15:30:41.049+0000] {dag.py:2907} INFO - Sync 1 DAGs
[2023-08-31T15:30:41.057+0000] {logging_mixin.py:151} INFO - [2023-08-31T15:30:41.057+0000] {dag.py:3677} INFO - Setting next_dagrun for tutorial_taskflow_api to None, run_after=None
[2023-08-31T15:30:41.068+0000] {processor.py:179} INFO - Processing /home/airflow/.local/lib/python3.8/site-packages/airflow/example_dags/tutorial_taskflow_api.py took 0.043 seconds
[2023-08-31T15:31:11.429+0000] {processor.py:157} INFO - Started process (PID=7252) to work on /home/airflow/.local/lib/python3.8/site-packages/airflow/example_dags/tutorial_taskflow_api.py
[2023-08-31T15:31:11.430+0000] {processor.py:829} INFO - Processing file /home/airflow/.local/lib/python3.8/site-packages/airflow/example_dags/tutorial_taskflow_api.py for tasks to queue
[2023-08-31T15:31:11.431+0000] {logging_mixin.py:151} INFO - [2023-08-31T15:31:11.431+0000] {dagbag.py:539} INFO - Filling up the DagBag from /home/airflow/.local/lib/python3.8/site-packages/airflow/example_dags/tutorial_taskflow_api.py
[2023-08-31T15:31:11.436+0000] {processor.py:839} INFO - DAG(s) dict_keys(['tutorial_taskflow_api']) retrieved from /home/airflow/.local/lib/python3.8/site-packages/airflow/example_dags/tutorial_taskflow_api.py
[2023-08-31T15:31:11.450+0000] {logging_mixin.py:151} INFO - [2023-08-31T15:31:11.450+0000] {dag.py:2907} INFO - Sync 1 DAGs
[2023-08-31T15:31:11.458+0000] {logging_mixin.py:151} INFO - [2023-08-31T15:31:11.458+0000] {dag.py:3677} INFO - Setting next_dagrun for tutorial_taskflow_api to None, run_after=None
[2023-08-31T15:31:11.468+0000] {processor.py:179} INFO - Processing /home/airflow/.local/lib/python3.8/site-packages/airflow/example_dags/tutorial_taskflow_api.py took 0.042 seconds
[2023-08-31T15:31:41.863+0000] {processor.py:157} INFO - Started process (PID=7491) to work on /home/airflow/.local/lib/python3.8/site-packages/airflow/example_dags/tutorial_taskflow_api.py
[2023-08-31T15:31:41.865+0000] {processor.py:829} INFO - Processing file /home/airflow/.local/lib/python3.8/site-packages/airflow/example_dags/tutorial_taskflow_api.py for tasks to queue
[2023-08-31T15:31:41.866+0000] {logging_mixin.py:151} INFO - [2023-08-31T15:31:41.865+0000] {dagbag.py:539} INFO - Filling up the DagBag from /home/airflow/.local/lib/python3.8/site-packages/airflow/example_dags/tutorial_taskflow_api.py
[2023-08-31T15:31:41.871+0000] {processor.py:839} INFO - DAG(s) dict_keys(['tutorial_taskflow_api']) retrieved from /home/airflow/.local/lib/python3.8/site-packages/airflow/example_dags/tutorial_taskflow_api.py
[2023-08-31T15:31:41.890+0000] {logging_mixin.py:151} INFO - [2023-08-31T15:31:41.890+0000] {dag.py:2907} INFO - Sync 1 DAGs
[2023-08-31T15:31:41.898+0000] {logging_mixin.py:151} INFO - [2023-08-31T15:31:41.898+0000] {dag.py:3677} INFO - Setting next_dagrun for tutorial_taskflow_api to None, run_after=None
[2023-08-31T15:31:41.910+0000] {processor.py:179} INFO - Processing /home/airflow/.local/lib/python3.8/site-packages/airflow/example_dags/tutorial_taskflow_api.py took 0.049 seconds
[2023-08-31T15:32:12.230+0000] {processor.py:157} INFO - Started process (PID=7732) to work on /home/airflow/.local/lib/python3.8/site-packages/airflow/example_dags/tutorial_taskflow_api.py
[2023-08-31T15:32:12.232+0000] {processor.py:829} INFO - Processing file /home/airflow/.local/lib/python3.8/site-packages/airflow/example_dags/tutorial_taskflow_api.py for tasks to queue
[2023-08-31T15:32:12.233+0000] {logging_mixin.py:151} INFO - [2023-08-31T15:32:12.233+0000] {dagbag.py:539} INFO - Filling up the DagBag from /home/airflow/.local/lib/python3.8/site-packages/airflow/example_dags/tutorial_taskflow_api.py
[2023-08-31T15:32:12.238+0000] {processor.py:839} INFO - DAG(s) dict_keys(['tutorial_taskflow_api']) retrieved from /home/airflow/.local/lib/python3.8/site-packages/airflow/example_dags/tutorial_taskflow_api.py
[2023-08-31T15:32:12.254+0000] {logging_mixin.py:151} INFO - [2023-08-31T15:32:12.254+0000] {dag.py:2907} INFO - Sync 1 DAGs
[2023-08-31T15:32:12.262+0000] {logging_mixin.py:151} INFO - [2023-08-31T15:32:12.262+0000] {dag.py:3677} INFO - Setting next_dagrun for tutorial_taskflow_api to None, run_after=None
[2023-08-31T15:32:12.274+0000] {processor.py:179} INFO - Processing /home/airflow/.local/lib/python3.8/site-packages/airflow/example_dags/tutorial_taskflow_api.py took 0.045 seconds
[2023-08-31T15:32:42.700+0000] {processor.py:157} INFO - Started process (PID=7972) to work on /home/airflow/.local/lib/python3.8/site-packages/airflow/example_dags/tutorial_taskflow_api.py
[2023-08-31T15:32:42.701+0000] {processor.py:829} INFO - Processing file /home/airflow/.local/lib/python3.8/site-packages/airflow/example_dags/tutorial_taskflow_api.py for tasks to queue
[2023-08-31T15:32:42.702+0000] {logging_mixin.py:151} INFO - [2023-08-31T15:32:42.702+0000] {dagbag.py:539} INFO - Filling up the DagBag from /home/airflow/.local/lib/python3.8/site-packages/airflow/example_dags/tutorial_taskflow_api.py
[2023-08-31T15:32:42.708+0000] {processor.py:839} INFO - DAG(s) dict_keys(['tutorial_taskflow_api']) retrieved from /home/airflow/.local/lib/python3.8/site-packages/airflow/example_dags/tutorial_taskflow_api.py
[2023-08-31T15:32:42.730+0000] {logging_mixin.py:151} INFO - [2023-08-31T15:32:42.730+0000] {dag.py:2907} INFO - Sync 1 DAGs
[2023-08-31T15:32:42.742+0000] {logging_mixin.py:151} INFO - [2023-08-31T15:32:42.742+0000] {dag.py:3677} INFO - Setting next_dagrun for tutorial_taskflow_api to None, run_after=None
[2023-08-31T15:32:42.757+0000] {processor.py:179} INFO - Processing /home/airflow/.local/lib/python3.8/site-packages/airflow/example_dags/tutorial_taskflow_api.py took 0.060 seconds
[2023-08-31T15:33:13.095+0000] {processor.py:157} INFO - Started process (PID=8209) to work on /home/airflow/.local/lib/python3.8/site-packages/airflow/example_dags/tutorial_taskflow_api.py
[2023-08-31T15:33:13.097+0000] {processor.py:829} INFO - Processing file /home/airflow/.local/lib/python3.8/site-packages/airflow/example_dags/tutorial_taskflow_api.py for tasks to queue
[2023-08-31T15:33:13.098+0000] {logging_mixin.py:151} INFO - [2023-08-31T15:33:13.098+0000] {dagbag.py:539} INFO - Filling up the DagBag from /home/airflow/.local/lib/python3.8/site-packages/airflow/example_dags/tutorial_taskflow_api.py
[2023-08-31T15:33:13.102+0000] {processor.py:839} INFO - DAG(s) dict_keys(['tutorial_taskflow_api']) retrieved from /home/airflow/.local/lib/python3.8/site-packages/airflow/example_dags/tutorial_taskflow_api.py
[2023-08-31T15:33:13.116+0000] {logging_mixin.py:151} INFO - [2023-08-31T15:33:13.116+0000] {dag.py:2907} INFO - Sync 1 DAGs
[2023-08-31T15:33:13.123+0000] {logging_mixin.py:151} INFO - [2023-08-31T15:33:13.123+0000] {dag.py:3677} INFO - Setting next_dagrun for tutorial_taskflow_api to None, run_after=None
[2023-08-31T15:33:13.135+0000] {processor.py:179} INFO - Processing /home/airflow/.local/lib/python3.8/site-packages/airflow/example_dags/tutorial_taskflow_api.py took 0.042 seconds
[2023-08-31T15:33:43.639+0000] {processor.py:157} INFO - Started process (PID=8449) to work on /home/airflow/.local/lib/python3.8/site-packages/airflow/example_dags/tutorial_taskflow_api.py
[2023-08-31T15:33:43.640+0000] {processor.py:829} INFO - Processing file /home/airflow/.local/lib/python3.8/site-packages/airflow/example_dags/tutorial_taskflow_api.py for tasks to queue
[2023-08-31T15:33:43.644+0000] {logging_mixin.py:151} INFO - [2023-08-31T15:33:43.643+0000] {dagbag.py:539} INFO - Filling up the DagBag from /home/airflow/.local/lib/python3.8/site-packages/airflow/example_dags/tutorial_taskflow_api.py
[2023-08-31T15:33:43.650+0000] {processor.py:839} INFO - DAG(s) dict_keys(['tutorial_taskflow_api']) retrieved from /home/airflow/.local/lib/python3.8/site-packages/airflow/example_dags/tutorial_taskflow_api.py
[2023-08-31T15:33:43.674+0000] {logging_mixin.py:151} INFO - [2023-08-31T15:33:43.674+0000] {dag.py:2907} INFO - Sync 1 DAGs
[2023-08-31T15:33:43.683+0000] {logging_mixin.py:151} INFO - [2023-08-31T15:33:43.683+0000] {dag.py:3677} INFO - Setting next_dagrun for tutorial_taskflow_api to None, run_after=None
[2023-08-31T15:33:43.697+0000] {processor.py:179} INFO - Processing /home/airflow/.local/lib/python3.8/site-packages/airflow/example_dags/tutorial_taskflow_api.py took 0.061 seconds
[2023-08-31T15:34:14.133+0000] {processor.py:157} INFO - Started process (PID=8692) to work on /home/airflow/.local/lib/python3.8/site-packages/airflow/example_dags/tutorial_taskflow_api.py
[2023-08-31T15:34:14.134+0000] {processor.py:829} INFO - Processing file /home/airflow/.local/lib/python3.8/site-packages/airflow/example_dags/tutorial_taskflow_api.py for tasks to queue
[2023-08-31T15:34:14.135+0000] {logging_mixin.py:151} INFO - [2023-08-31T15:34:14.135+0000] {dagbag.py:539} INFO - Filling up the DagBag from /home/airflow/.local/lib/python3.8/site-packages/airflow/example_dags/tutorial_taskflow_api.py
[2023-08-31T15:34:14.140+0000] {processor.py:839} INFO - DAG(s) dict_keys(['tutorial_taskflow_api']) retrieved from /home/airflow/.local/lib/python3.8/site-packages/airflow/example_dags/tutorial_taskflow_api.py
[2023-08-31T15:34:14.154+0000] {logging_mixin.py:151} INFO - [2023-08-31T15:34:14.154+0000] {dag.py:2907} INFO - Sync 1 DAGs
[2023-08-31T15:34:14.162+0000] {logging_mixin.py:151} INFO - [2023-08-31T15:34:14.161+0000] {dag.py:3677} INFO - Setting next_dagrun for tutorial_taskflow_api to None, run_after=None
[2023-08-31T15:34:14.172+0000] {processor.py:179} INFO - Processing /home/airflow/.local/lib/python3.8/site-packages/airflow/example_dags/tutorial_taskflow_api.py took 0.042 seconds
[2023-08-31T15:34:44.462+0000] {processor.py:157} INFO - Started process (PID=8930) to work on /home/airflow/.local/lib/python3.8/site-packages/airflow/example_dags/tutorial_taskflow_api.py
[2023-08-31T15:34:44.463+0000] {processor.py:829} INFO - Processing file /home/airflow/.local/lib/python3.8/site-packages/airflow/example_dags/tutorial_taskflow_api.py for tasks to queue
[2023-08-31T15:34:44.465+0000] {logging_mixin.py:151} INFO - [2023-08-31T15:34:44.464+0000] {dagbag.py:539} INFO - Filling up the DagBag from /home/airflow/.local/lib/python3.8/site-packages/airflow/example_dags/tutorial_taskflow_api.py
[2023-08-31T15:34:44.470+0000] {processor.py:839} INFO - DAG(s) dict_keys(['tutorial_taskflow_api']) retrieved from /home/airflow/.local/lib/python3.8/site-packages/airflow/example_dags/tutorial_taskflow_api.py
[2023-08-31T15:34:44.486+0000] {logging_mixin.py:151} INFO - [2023-08-31T15:34:44.486+0000] {dag.py:2907} INFO - Sync 1 DAGs
[2023-08-31T15:34:44.494+0000] {logging_mixin.py:151} INFO - [2023-08-31T15:34:44.493+0000] {dag.py:3677} INFO - Setting next_dagrun for tutorial_taskflow_api to None, run_after=None
[2023-08-31T15:34:44.505+0000] {processor.py:179} INFO - Processing /home/airflow/.local/lib/python3.8/site-packages/airflow/example_dags/tutorial_taskflow_api.py took 0.045 seconds
[2023-08-31T15:35:14.855+0000] {processor.py:157} INFO - Started process (PID=9172) to work on /home/airflow/.local/lib/python3.8/site-packages/airflow/example_dags/tutorial_taskflow_api.py
[2023-08-31T15:35:14.856+0000] {processor.py:829} INFO - Processing file /home/airflow/.local/lib/python3.8/site-packages/airflow/example_dags/tutorial_taskflow_api.py for tasks to queue
[2023-08-31T15:35:14.857+0000] {logging_mixin.py:151} INFO - [2023-08-31T15:35:14.857+0000] {dagbag.py:539} INFO - Filling up the DagBag from /home/airflow/.local/lib/python3.8/site-packages/airflow/example_dags/tutorial_taskflow_api.py
[2023-08-31T15:35:14.862+0000] {processor.py:839} INFO - DAG(s) dict_keys(['tutorial_taskflow_api']) retrieved from /home/airflow/.local/lib/python3.8/site-packages/airflow/example_dags/tutorial_taskflow_api.py
[2023-08-31T15:35:14.877+0000] {logging_mixin.py:151} INFO - [2023-08-31T15:35:14.877+0000] {dag.py:2907} INFO - Sync 1 DAGs
[2023-08-31T15:35:14.885+0000] {logging_mixin.py:151} INFO - [2023-08-31T15:35:14.885+0000] {dag.py:3677} INFO - Setting next_dagrun for tutorial_taskflow_api to None, run_after=None
[2023-08-31T15:35:14.896+0000] {processor.py:179} INFO - Processing /home/airflow/.local/lib/python3.8/site-packages/airflow/example_dags/tutorial_taskflow_api.py took 0.043 seconds
[2023-08-31T15:35:45.217+0000] {processor.py:157} INFO - Started process (PID=9413) to work on /home/airflow/.local/lib/python3.8/site-packages/airflow/example_dags/tutorial_taskflow_api.py
[2023-08-31T15:35:45.218+0000] {processor.py:829} INFO - Processing file /home/airflow/.local/lib/python3.8/site-packages/airflow/example_dags/tutorial_taskflow_api.py for tasks to queue
[2023-08-31T15:35:45.219+0000] {logging_mixin.py:151} INFO - [2023-08-31T15:35:45.219+0000] {dagbag.py:539} INFO - Filling up the DagBag from /home/airflow/.local/lib/python3.8/site-packages/airflow/example_dags/tutorial_taskflow_api.py
[2023-08-31T15:35:45.224+0000] {processor.py:839} INFO - DAG(s) dict_keys(['tutorial_taskflow_api']) retrieved from /home/airflow/.local/lib/python3.8/site-packages/airflow/example_dags/tutorial_taskflow_api.py
[2023-08-31T15:35:45.238+0000] {logging_mixin.py:151} INFO - [2023-08-31T15:35:45.238+0000] {dag.py:2907} INFO - Sync 1 DAGs
[2023-08-31T15:35:45.246+0000] {logging_mixin.py:151} INFO - [2023-08-31T15:35:45.246+0000] {dag.py:3677} INFO - Setting next_dagrun for tutorial_taskflow_api to None, run_after=None
[2023-08-31T15:35:45.258+0000] {processor.py:179} INFO - Processing /home/airflow/.local/lib/python3.8/site-packages/airflow/example_dags/tutorial_taskflow_api.py took 0.044 seconds
[2023-08-31T15:36:15.575+0000] {processor.py:157} INFO - Started process (PID=9652) to work on /home/airflow/.local/lib/python3.8/site-packages/airflow/example_dags/tutorial_taskflow_api.py
[2023-08-31T15:36:15.577+0000] {processor.py:829} INFO - Processing file /home/airflow/.local/lib/python3.8/site-packages/airflow/example_dags/tutorial_taskflow_api.py for tasks to queue
[2023-08-31T15:36:15.578+0000] {logging_mixin.py:151} INFO - [2023-08-31T15:36:15.578+0000] {dagbag.py:539} INFO - Filling up the DagBag from /home/airflow/.local/lib/python3.8/site-packages/airflow/example_dags/tutorial_taskflow_api.py
[2023-08-31T15:36:15.583+0000] {processor.py:839} INFO - DAG(s) dict_keys(['tutorial_taskflow_api']) retrieved from /home/airflow/.local/lib/python3.8/site-packages/airflow/example_dags/tutorial_taskflow_api.py
[2023-08-31T15:36:15.597+0000] {logging_mixin.py:151} INFO - [2023-08-31T15:36:15.597+0000] {dag.py:2907} INFO - Sync 1 DAGs
[2023-08-31T15:36:15.605+0000] {logging_mixin.py:151} INFO - [2023-08-31T15:36:15.605+0000] {dag.py:3677} INFO - Setting next_dagrun for tutorial_taskflow_api to None, run_after=None
[2023-08-31T15:36:15.618+0000] {processor.py:179} INFO - Processing /home/airflow/.local/lib/python3.8/site-packages/airflow/example_dags/tutorial_taskflow_api.py took 0.045 seconds
[2023-08-31T15:36:45.908+0000] {processor.py:157} INFO - Started process (PID=9892) to work on /home/airflow/.local/lib/python3.8/site-packages/airflow/example_dags/tutorial_taskflow_api.py
[2023-08-31T15:36:45.909+0000] {processor.py:829} INFO - Processing file /home/airflow/.local/lib/python3.8/site-packages/airflow/example_dags/tutorial_taskflow_api.py for tasks to queue
[2023-08-31T15:36:45.910+0000] {logging_mixin.py:151} INFO - [2023-08-31T15:36:45.910+0000] {dagbag.py:539} INFO - Filling up the DagBag from /home/airflow/.local/lib/python3.8/site-packages/airflow/example_dags/tutorial_taskflow_api.py
[2023-08-31T15:36:45.915+0000] {processor.py:839} INFO - DAG(s) dict_keys(['tutorial_taskflow_api']) retrieved from /home/airflow/.local/lib/python3.8/site-packages/airflow/example_dags/tutorial_taskflow_api.py
[2023-08-31T15:36:45.930+0000] {logging_mixin.py:151} INFO - [2023-08-31T15:36:45.930+0000] {dag.py:2907} INFO - Sync 1 DAGs
[2023-08-31T15:36:45.938+0000] {logging_mixin.py:151} INFO - [2023-08-31T15:36:45.938+0000] {dag.py:3677} INFO - Setting next_dagrun for tutorial_taskflow_api to None, run_after=None
[2023-08-31T15:36:45.949+0000] {processor.py:179} INFO - Processing /home/airflow/.local/lib/python3.8/site-packages/airflow/example_dags/tutorial_taskflow_api.py took 0.044 seconds
[2023-08-31T15:37:16.222+0000] {processor.py:157} INFO - Started process (PID=10131) to work on /home/airflow/.local/lib/python3.8/site-packages/airflow/example_dags/tutorial_taskflow_api.py
[2023-08-31T15:37:16.223+0000] {processor.py:829} INFO - Processing file /home/airflow/.local/lib/python3.8/site-packages/airflow/example_dags/tutorial_taskflow_api.py for tasks to queue
[2023-08-31T15:37:16.224+0000] {logging_mixin.py:151} INFO - [2023-08-31T15:37:16.224+0000] {dagbag.py:539} INFO - Filling up the DagBag from /home/airflow/.local/lib/python3.8/site-packages/airflow/example_dags/tutorial_taskflow_api.py
[2023-08-31T15:37:16.229+0000] {processor.py:839} INFO - DAG(s) dict_keys(['tutorial_taskflow_api']) retrieved from /home/airflow/.local/lib/python3.8/site-packages/airflow/example_dags/tutorial_taskflow_api.py
[2023-08-31T15:37:16.242+0000] {logging_mixin.py:151} INFO - [2023-08-31T15:37:16.242+0000] {dag.py:2907} INFO - Sync 1 DAGs
[2023-08-31T15:37:16.249+0000] {logging_mixin.py:151} INFO - [2023-08-31T15:37:16.249+0000] {dag.py:3677} INFO - Setting next_dagrun for tutorial_taskflow_api to None, run_after=None
[2023-08-31T15:37:16.261+0000] {processor.py:179} INFO - Processing /home/airflow/.local/lib/python3.8/site-packages/airflow/example_dags/tutorial_taskflow_api.py took 0.042 seconds
[2023-08-31T15:37:46.541+0000] {processor.py:157} INFO - Started process (PID=10372) to work on /home/airflow/.local/lib/python3.8/site-packages/airflow/example_dags/tutorial_taskflow_api.py
[2023-08-31T15:37:46.542+0000] {processor.py:829} INFO - Processing file /home/airflow/.local/lib/python3.8/site-packages/airflow/example_dags/tutorial_taskflow_api.py for tasks to queue
[2023-08-31T15:37:46.543+0000] {logging_mixin.py:151} INFO - [2023-08-31T15:37:46.543+0000] {dagbag.py:539} INFO - Filling up the DagBag from /home/airflow/.local/lib/python3.8/site-packages/airflow/example_dags/tutorial_taskflow_api.py
[2023-08-31T15:37:46.548+0000] {processor.py:839} INFO - DAG(s) dict_keys(['tutorial_taskflow_api']) retrieved from /home/airflow/.local/lib/python3.8/site-packages/airflow/example_dags/tutorial_taskflow_api.py
[2023-08-31T15:37:46.564+0000] {logging_mixin.py:151} INFO - [2023-08-31T15:37:46.564+0000] {dag.py:2907} INFO - Sync 1 DAGs
[2023-08-31T15:37:46.572+0000] {logging_mixin.py:151} INFO - [2023-08-31T15:37:46.572+0000] {dag.py:3677} INFO - Setting next_dagrun for tutorial_taskflow_api to None, run_after=None
[2023-08-31T15:37:46.583+0000] {processor.py:179} INFO - Processing /home/airflow/.local/lib/python3.8/site-packages/airflow/example_dags/tutorial_taskflow_api.py took 0.045 seconds
