[2023-09-15T05:35:43.923+0000] {taskinstance.py:1159} INFO - Dependencies all met for dep_context=non-requeueable deps ti=<TaskInstance: mlb_parser.get_hr_high manual__2023-09-15T05:35:28.726634+00:00 [queued]>
[2023-09-15T05:35:43.928+0000] {taskinstance.py:1159} INFO - Dependencies all met for dep_context=requeueable deps ti=<TaskInstance: mlb_parser.get_hr_high manual__2023-09-15T05:35:28.726634+00:00 [queued]>
[2023-09-15T05:35:43.930+0000] {taskinstance.py:1361} INFO - Starting attempt 1 of 2
[2023-09-15T05:35:43.938+0000] {taskinstance.py:1382} INFO - Executing <Task(PostgresOperator): get_hr_high> on 2023-09-15 05:35:28.726634+00:00
[2023-09-15T05:35:43.943+0000] {standard_task_runner.py:57} INFO - Started process 14795 to run task
[2023-09-15T05:35:43.945+0000] {standard_task_runner.py:84} INFO - Running: ['***', 'tasks', 'run', 'mlb_parser', 'get_hr_high', 'manual__2023-09-15T05:35:28.726634+00:00', '--job-id', '662', '--raw', '--subdir', 'DAGS_FOLDER/mlb_parser.py', '--cfg-path', '/tmp/tmpa7rwx1hl']
[2023-09-15T05:35:43.948+0000] {standard_task_runner.py:85} INFO - Job 662: Subtask get_hr_high
[2023-09-15T05:35:44.007+0000] {task_command.py:415} INFO - Running <TaskInstance: mlb_parser.get_hr_high manual__2023-09-15T05:35:28.726634+00:00 [running]> on host 2e8147b3a465
[2023-09-15T05:35:44.077+0000] {taskinstance.py:1660} INFO - Exporting env vars: AIRFLOW_CTX_DAG_OWNER='andy_hsu' AIRFLOW_CTX_DAG_ID='mlb_parser' AIRFLOW_CTX_TASK_ID='get_hr_high' AIRFLOW_CTX_EXECUTION_DATE='2023-09-15T05:35:28.726634+00:00' AIRFLOW_CTX_TRY_NUMBER='1' AIRFLOW_CTX_DAG_RUN_ID='manual__2023-09-15T05:35:28.726634+00:00'
[2023-09-15T05:35:44.079+0000] {sql.py:274} INFO - Executing: 
            SELECT
                "Name",
                "HR"
                FROM mlb_data_2023
                ORDER BY "HR" DESC
                LIMIT 10;
            
[2023-09-15T05:35:44.086+0000] {base.py:73} INFO - Using connection ID 'postgres_mlb_parser_DB' for task execution.
[2023-09-15T05:35:44.093+0000] {base.py:73} INFO - Using connection ID 'postgres_mlb_parser_DB' for task execution.
[2023-09-15T05:35:44.104+0000] {sql.py:418} INFO - Running statement: 
            SELECT
                "Name",
                "HR"
                FROM mlb_data_2023
                ORDER BY "HR" DESC
                LIMIT 10;
            , parameters: None
[2023-09-15T05:35:44.107+0000] {sql.py:427} INFO - Rows affected: 10
[2023-09-15T05:35:44.133+0000] {taskinstance.py:1400} INFO - Marking task as SUCCESS. dag_id=mlb_parser, task_id=get_hr_high, execution_date=20230915T053528, start_date=20230915T053543, end_date=20230915T053544
[2023-09-15T05:35:44.203+0000] {local_task_job_runner.py:228} INFO - Task exited with return code 0
[2023-09-15T05:35:44.219+0000] {taskinstance.py:2784} INFO - 1 downstream tasks scheduled from follow-on schedule check
