[2023-09-29T04:00:01.774+0000] {taskinstance.py:1159} INFO - Dependencies all met for dep_context=non-requeueable deps ti=<TaskInstance: mlb_parser.create_postgre_table_avg scheduled__2023-09-28T04:00:00+00:00 [queued]>
[2023-09-29T04:00:01.783+0000] {taskinstance.py:1159} INFO - Dependencies all met for dep_context=requeueable deps ti=<TaskInstance: mlb_parser.create_postgre_table_avg scheduled__2023-09-28T04:00:00+00:00 [queued]>
[2023-09-29T04:00:01.785+0000] {taskinstance.py:1361} INFO - Starting attempt 1 of 2
[2023-09-29T04:00:01.802+0000] {taskinstance.py:1382} INFO - Executing <Task(PostgresOperator): create_postgre_table_avg> on 2023-09-28 04:00:00+00:00
[2023-09-29T04:00:01.808+0000] {standard_task_runner.py:57} INFO - Started process 62783 to run task
[2023-09-29T04:00:01.814+0000] {standard_task_runner.py:84} INFO - Running: ['***', 'tasks', 'run', 'mlb_parser', 'create_postgre_table_avg', 'scheduled__2023-09-28T04:00:00+00:00', '--job-id', '1627', '--raw', '--subdir', 'DAGS_FOLDER/mlb_parser_hit.py', '--cfg-path', '/tmp/tmpd2s_n3cg']
[2023-09-29T04:00:01.820+0000] {standard_task_runner.py:85} INFO - Job 1627: Subtask create_postgre_table_avg
[2023-09-29T04:00:01.903+0000] {task_command.py:415} INFO - Running <TaskInstance: mlb_parser.create_postgre_table_avg scheduled__2023-09-28T04:00:00+00:00 [running]> on host d98c068596b4
[2023-09-29T04:00:02.026+0000] {taskinstance.py:1660} INFO - Exporting env vars: AIRFLOW_CTX_DAG_OWNER='andy_hsu' AIRFLOW_CTX_DAG_ID='mlb_parser' AIRFLOW_CTX_TASK_ID='create_postgre_table_avg' AIRFLOW_CTX_EXECUTION_DATE='2023-09-28T04:00:00+00:00' AIRFLOW_CTX_TRY_NUMBER='1' AIRFLOW_CTX_DAG_RUN_ID='scheduled__2023-09-28T04:00:00+00:00'
[2023-09-29T04:00:02.028+0000] {sql.py:274} INFO - Executing: 
            create table if not exists mlb_avg_lead_2023 (
                Name varchar(40),
                POS varchar(5),
                Team varchar(20),
                G int,
                AB int,
                H int,
                BB int,
                SO int,
                OBP float,
                SLG float,
                AVG float,
                Record_date date,
                primary key(name, pos, team, record_date)
            )
            
[2023-09-29T04:00:02.043+0000] {base.py:73} INFO - Using connection ID 'postgres_mlb_parser_DB' for task execution.
[2023-09-29T04:00:02.056+0000] {base.py:73} INFO - Using connection ID 'postgres_mlb_parser_DB' for task execution.
[2023-09-29T04:00:02.069+0000] {sql.py:418} INFO - Running statement: 
            create table if not exists mlb_avg_lead_2023 (
                Name varchar(40),
                POS varchar(5),
                Team varchar(20),
                G int,
                AB int,
                H int,
                BB int,
                SO int,
                OBP float,
                SLG float,
                AVG float,
                Record_date date,
                primary key(name, pos, team, record_date)
            )
            , parameters: None
[2023-09-29T04:00:02.099+0000] {taskinstance.py:1400} INFO - Marking task as SUCCESS. dag_id=mlb_parser, task_id=create_postgre_table_avg, execution_date=20230928T040000, start_date=20230929T040001, end_date=20230929T040002
[2023-09-29T04:00:02.149+0000] {local_task_job_runner.py:228} INFO - Task exited with return code 0
[2023-09-29T04:00:02.172+0000] {taskinstance.py:2784} INFO - 0 downstream tasks scheduled from follow-on schedule check
