[2023-09-18T04:31:55.886+0000] {taskinstance.py:1159} INFO - Dependencies all met for dep_context=non-requeueable deps ti=<TaskInstance: mlb_parser.data_clean manual__2023-09-18T04:31:40.990022+00:00 [queued]>
[2023-09-18T04:31:55.891+0000] {taskinstance.py:1159} INFO - Dependencies all met for dep_context=requeueable deps ti=<TaskInstance: mlb_parser.data_clean manual__2023-09-18T04:31:40.990022+00:00 [queued]>
[2023-09-18T04:31:55.892+0000] {taskinstance.py:1361} INFO - Starting attempt 1 of 2
[2023-09-18T04:31:55.898+0000] {taskinstance.py:1382} INFO - Executing <Task(PythonOperator): data_clean> on 2023-09-18 04:31:40.990022+00:00
[2023-09-18T04:31:55.902+0000] {standard_task_runner.py:57} INFO - Started process 12973 to run task
[2023-09-18T04:31:55.905+0000] {standard_task_runner.py:84} INFO - Running: ['***', 'tasks', 'run', 'mlb_parser', 'data_clean', 'manual__2023-09-18T04:31:40.990022+00:00', '--job-id', '1174', '--raw', '--subdir', 'DAGS_FOLDER/mlb_parser.py', '--cfg-path', '/tmp/tmppylm3mmb']
[2023-09-18T04:31:55.907+0000] {standard_task_runner.py:85} INFO - Job 1174: Subtask data_clean
[2023-09-18T04:31:55.936+0000] {task_command.py:415} INFO - Running <TaskInstance: mlb_parser.data_clean manual__2023-09-18T04:31:40.990022+00:00 [running]> on host 41ed285d8c3c
[2023-09-18T04:31:55.981+0000] {taskinstance.py:1660} INFO - Exporting env vars: AIRFLOW_CTX_DAG_OWNER='andy_hsu' AIRFLOW_CTX_DAG_ID='mlb_parser' AIRFLOW_CTX_TASK_ID='data_clean' AIRFLOW_CTX_EXECUTION_DATE='2023-09-18T04:31:40.990022+00:00' AIRFLOW_CTX_TRY_NUMBER='1' AIRFLOW_CTX_DAG_RUN_ID='manual__2023-09-18T04:31:40.990022+00:00'
[2023-09-18T04:31:55.988+0000] {logging_mixin.py:151} INFO - ['nationals', 'braves', 'mets', 'marlins', 'phillies', 'brewers', 'cubs', 'reds', 'pirates', 'cardinals', 'dodgers', 'giants', 'padres', 'rockies', 'dbacks', 'astros', 'angels', 'rangers', 'athletics', 'mariners', 'twins', 'guardians', 'tigers', 'whitesox', 'royals', 'orioles', 'rays', 'bluejays', 'redsox', 'yankees']
[2023-09-18T04:31:55.989+0000] {logging_mixin.py:151} INFO - https://www.mlb.com/nationals/stats/
[2023-09-18T04:31:58.642+0000] {logging_mixin.py:151} INFO - https://www.mlb.com/braves/stats/
[2023-09-18T04:31:59.998+0000] {logging_mixin.py:151} INFO - https://www.mlb.com/mets/stats/
[2023-09-18T04:32:00.512+0000] {logging_mixin.py:151} INFO - https://www.mlb.com/marlins/stats/
[2023-09-18T04:32:02.809+0000] {logging_mixin.py:151} INFO - https://www.mlb.com/phillies/stats/
[2023-09-18T04:32:05.483+0000] {logging_mixin.py:151} INFO - https://www.mlb.com/brewers/stats/
[2023-09-18T04:32:06.948+0000] {logging_mixin.py:151} INFO - https://www.mlb.com/cubs/stats/
[2023-09-18T04:32:08.045+0000] {logging_mixin.py:151} INFO - https://www.mlb.com/reds/stats/
[2023-09-18T04:32:11.061+0000] {logging_mixin.py:151} INFO - https://www.mlb.com/pirates/stats/
[2023-09-18T04:32:11.657+0000] {logging_mixin.py:151} INFO - https://www.mlb.com/cardinals/stats/
[2023-09-18T04:32:12.114+0000] {logging_mixin.py:151} INFO - https://www.mlb.com/dodgers/stats/
[2023-09-18T04:32:12.741+0000] {logging_mixin.py:151} INFO - https://www.mlb.com/giants/stats/
[2023-09-18T04:32:14.708+0000] {logging_mixin.py:151} INFO - https://www.mlb.com/padres/stats/
[2023-09-18T04:32:16.156+0000] {logging_mixin.py:151} INFO - https://www.mlb.com/rockies/stats/
[2023-09-18T04:32:17.322+0000] {logging_mixin.py:151} INFO - https://www.mlb.com/dbacks/stats/
[2023-09-18T04:32:24.995+0000] {logging_mixin.py:151} INFO - https://www.mlb.com/astros/stats/
[2023-09-18T04:32:26.406+0000] {logging_mixin.py:151} INFO - https://www.mlb.com/angels/stats/
[2023-09-18T04:32:27.535+0000] {logging_mixin.py:151} INFO - https://www.mlb.com/rangers/stats/
[2023-09-18T04:32:29.460+0000] {logging_mixin.py:151} INFO - https://www.mlb.com/athletics/stats/
[2023-09-18T04:32:30.670+0000] {logging_mixin.py:151} INFO - https://www.mlb.com/mariners/stats/
[2023-09-18T04:32:31.893+0000] {logging_mixin.py:151} INFO - https://www.mlb.com/twins/stats/
[2023-09-18T04:32:33.746+0000] {logging_mixin.py:151} INFO - https://www.mlb.com/guardians/stats/
[2023-09-18T04:32:36.160+0000] {logging_mixin.py:151} INFO - https://www.mlb.com/tigers/stats/
[2023-09-18T04:32:37.189+0000] {logging_mixin.py:151} INFO - https://www.mlb.com/whitesox/stats/
[2023-09-18T04:32:38.911+0000] {logging_mixin.py:151} INFO - https://www.mlb.com/royals/stats/
[2023-09-18T04:32:41.413+0000] {logging_mixin.py:151} INFO - https://www.mlb.com/orioles/stats/
[2023-09-18T04:32:43.435+0000] {logging_mixin.py:151} INFO - https://www.mlb.com/rays/stats/
[2023-09-18T04:32:44.481+0000] {logging_mixin.py:151} INFO - https://www.mlb.com/bluejays/stats/
[2023-09-18T04:32:46.170+0000] {logging_mixin.py:151} INFO - https://www.mlb.com/redsox/stats/
[2023-09-18T04:32:49.233+0000] {logging_mixin.py:151} INFO - https://www.mlb.com/yankees/stats/
[2023-09-18T04:32:50.183+0000] {python.py:194} INFO - Done. Returned value was: None
[2023-09-18T04:32:50.189+0000] {taskinstance.py:1400} INFO - Marking task as SUCCESS. dag_id=mlb_parser, task_id=data_clean, execution_date=20230918T043140, start_date=20230918T043155, end_date=20230918T043250
[2023-09-18T04:32:50.223+0000] {local_task_job_runner.py:228} INFO - Task exited with return code 0
[2023-09-18T04:32:50.237+0000] {taskinstance.py:2784} INFO - 2 downstream tasks scheduled from follow-on schedule check
