[2023-09-19T04:00:56.437+0000] {taskinstance.py:1159} INFO - Dependencies all met for dep_context=non-requeueable deps ti=<TaskInstance: mlb_parser.task_hr_lead_to_sql scheduled__2023-09-18T04:00:00+00:00 [queued]>
[2023-09-19T04:00:56.444+0000] {taskinstance.py:1159} INFO - Dependencies all met for dep_context=requeueable deps ti=<TaskInstance: mlb_parser.task_hr_lead_to_sql scheduled__2023-09-18T04:00:00+00:00 [queued]>
[2023-09-19T04:00:56.446+0000] {taskinstance.py:1361} INFO - Starting attempt 1 of 2
[2023-09-19T04:00:56.454+0000] {taskinstance.py:1382} INFO - Executing <Task(PythonOperator): task_hr_lead_to_sql> on 2023-09-18 04:00:00+00:00
[2023-09-19T04:00:56.459+0000] {standard_task_runner.py:57} INFO - Started process 51161 to run task
[2023-09-19T04:00:56.461+0000] {standard_task_runner.py:84} INFO - Running: ['***', 'tasks', 'run', 'mlb_parser', 'task_hr_lead_to_sql', 'scheduled__2023-09-18T04:00:00+00:00', '--job-id', '1244', '--raw', '--subdir', 'DAGS_FOLDER/mlb_parser.py', '--cfg-path', '/tmp/tmpna2x8cgi']
[2023-09-19T04:00:56.464+0000] {standard_task_runner.py:85} INFO - Job 1244: Subtask task_hr_lead_to_sql
[2023-09-19T04:00:56.500+0000] {task_command.py:415} INFO - Running <TaskInstance: mlb_parser.task_hr_lead_to_sql scheduled__2023-09-18T04:00:00+00:00 [running]> on host 41ed285d8c3c
[2023-09-19T04:00:56.552+0000] {taskinstance.py:1660} INFO - Exporting env vars: AIRFLOW_CTX_DAG_OWNER='andy_hsu' AIRFLOW_CTX_DAG_ID='mlb_parser' AIRFLOW_CTX_TASK_ID='task_hr_lead_to_sql' AIRFLOW_CTX_EXECUTION_DATE='2023-09-18T04:00:00+00:00' AIRFLOW_CTX_TRY_NUMBER='1' AIRFLOW_CTX_DAG_RUN_ID='scheduled__2023-09-18T04:00:00+00:00'
[2023-09-19T04:00:56.573+0000] {logging_mixin.py:151} INFO -              name pos team    g   ab  ...   bb   so    obp    slg  record_date
0      Matt Olson  1B  ATL  150  567  ...   97  157  0.385  0.610   2023-09-19
1  Kyle Schwarber  LF  PHI  149  547  ...  120  200  0.345  0.479   2023-09-19
2     Pete Alonso  1B  NYM  142  520  ...   64  134  0.326  0.523   2023-09-19
3   Shohei Ohtani  DH  LAA  135  497  ...   91  143  0.412  0.654   2023-09-19
4    Mookie Betts  RF  LAD  140  540  ...   88  103  0.410  0.598   2023-09-19
5    Ronald Acuna  RF  ATL  148  601  ...   78   78  0.417  0.586   2023-09-19
6     Luis Robert  CF  CWS  140  532  ...   29  169  0.313  0.534   2023-09-19
7    Austin Riley  3B  ATL  148  591  ...   53  156  0.339  0.511   2023-09-19
8     Jorge Soler  DH  MIA  128  473  ...   59  131  0.330  0.516   2023-09-19
9   Marcell Ozuna  DH  ATL  133  486  ...   52  123  0.338  0.531   2023-09-19

[10 rows x 12 columns]
[2023-09-19T04:00:56.587+0000] {logging_mixin.py:151} INFO - job done
[2023-09-19T04:00:56.588+0000] {python.py:194} INFO - Done. Returned value was: None
[2023-09-19T04:00:56.594+0000] {taskinstance.py:1400} INFO - Marking task as SUCCESS. dag_id=mlb_parser, task_id=task_hr_lead_to_sql, execution_date=20230918T040000, start_date=20230919T040056, end_date=20230919T040056
[2023-09-19T04:00:56.634+0000] {local_task_job_runner.py:228} INFO - Task exited with return code 0
[2023-09-19T04:00:56.645+0000] {taskinstance.py:2784} INFO - 0 downstream tasks scheduled from follow-on schedule check
