[2023-10-01T04:01:10.820+0000] {taskinstance.py:1159} INFO - Dependencies all met for dep_context=non-requeueable deps ti=<TaskInstance: mlb_parser.task_avg_lead_to_sql scheduled__2023-09-30T04:00:00+00:00 [queued]>
[2023-10-01T04:01:10.825+0000] {taskinstance.py:1159} INFO - Dependencies all met for dep_context=requeueable deps ti=<TaskInstance: mlb_parser.task_avg_lead_to_sql scheduled__2023-09-30T04:00:00+00:00 [queued]>
[2023-10-01T04:01:10.827+0000] {taskinstance.py:1361} INFO - Starting attempt 1 of 2
[2023-10-01T04:01:10.836+0000] {taskinstance.py:1382} INFO - Executing <Task(PythonOperator): task_avg_lead_to_sql> on 2023-09-30 04:00:00+00:00
[2023-10-01T04:01:10.844+0000] {standard_task_runner.py:57} INFO - Started process 9292 to run task
[2023-10-01T04:01:10.847+0000] {standard_task_runner.py:84} INFO - Running: ['***', 'tasks', 'run', 'mlb_parser', 'task_avg_lead_to_sql', 'scheduled__2023-09-30T04:00:00+00:00', '--job-id', '1690', '--raw', '--subdir', 'DAGS_FOLDER/mlb_parser_hit.py', '--cfg-path', '/tmp/tmp25vhzean']
[2023-10-01T04:01:10.862+0000] {standard_task_runner.py:85} INFO - Job 1690: Subtask task_avg_lead_to_sql
[2023-10-01T04:01:10.894+0000] {task_command.py:415} INFO - Running <TaskInstance: mlb_parser.task_avg_lead_to_sql scheduled__2023-09-30T04:00:00+00:00 [running]> on host d98c068596b4
[2023-10-01T04:01:10.949+0000] {taskinstance.py:1660} INFO - Exporting env vars: AIRFLOW_CTX_DAG_OWNER='andy_hsu' AIRFLOW_CTX_DAG_ID='mlb_parser' AIRFLOW_CTX_TASK_ID='task_avg_lead_to_sql' AIRFLOW_CTX_EXECUTION_DATE='2023-09-30T04:00:00+00:00' AIRFLOW_CTX_TRY_NUMBER='1' AIRFLOW_CTX_DAG_RUN_ID='scheduled__2023-09-30T04:00:00+00:00'
[2023-10-01T04:01:10.977+0000] {logging_mixin.py:151} INFO -               name pos team    g   ab  ...   so    obp    slg       avg  record_date
0      Luis Arraez  2B  MIA  147  574  ...   34  0.393  0.469  0.353659   2023-10-01
1     Ronald Acuna  RF  ATL  158  642  ...   83  0.417  0.597  0.338006   2023-10-01
2  Freddie Freeman  1B  LAD  160  633  ...  120  0.411  0.570  0.333333   2023-10-01
3     Corey Seager  SS  TEX  118  473  ...   87  0.393  0.628  0.329810   2023-10-01
4       Yandy Diaz  1B   TB  137  525  ...   94  0.410  0.522  0.329524   2023-10-01
5      Jose Altuve  2B  HOU   89  356  ...   70  0.394  0.525  0.311798   2023-10-01
6   Harold Ramirez  DH   TB  121  396  ...   78  0.350  0.457  0.310606   2023-10-01
7      Bo Bichette  SS  TOR  134  567  ...  114  0.339  0.473  0.306878   2023-10-01
8   Cody Bellinger  CF  CHC  130  499  ...   87  0.356  0.525  0.306613   2023-10-01
9     Mookie Betts  RF  LAD  151  581  ...  107  0.408  0.580  0.306368   2023-10-01

[10 rows x 12 columns]
[2023-10-01T04:01:10.998+0000] {logging_mixin.py:151} INFO - job done
[2023-10-01T04:01:10.999+0000] {python.py:194} INFO - Done. Returned value was: None
[2023-10-01T04:01:11.006+0000] {taskinstance.py:1400} INFO - Marking task as SUCCESS. dag_id=mlb_parser, task_id=task_avg_lead_to_sql, execution_date=20230930T040000, start_date=20231001T040110, end_date=20231001T040111
[2023-10-01T04:01:11.035+0000] {local_task_job_runner.py:228} INFO - Task exited with return code 0
[2023-10-01T04:01:11.051+0000] {taskinstance.py:2784} INFO - 0 downstream tasks scheduled from follow-on schedule check
