[2023-09-19T16:52:48.522+0000] {taskinstance.py:1159} INFO - Dependencies all met for dep_context=non-requeueable deps ti=<TaskInstance: mlb_parser_ranking.create_postgre_table_ranking scheduled__2023-09-14T03:55:00+00:00 [queued]>
[2023-09-19T16:52:48.534+0000] {taskinstance.py:1159} INFO - Dependencies all met for dep_context=requeueable deps ti=<TaskInstance: mlb_parser_ranking.create_postgre_table_ranking scheduled__2023-09-14T03:55:00+00:00 [queued]>
[2023-09-19T16:52:48.537+0000] {taskinstance.py:1361} INFO - Starting attempt 1 of 2
[2023-09-19T16:52:49.672+0000] {taskinstance.py:1382} INFO - Executing <Task(PostgresOperator): create_postgre_table_ranking> on 2023-09-14 03:55:00+00:00
[2023-09-19T16:52:49.688+0000] {standard_task_runner.py:57} INFO - Started process 7751 to run task
[2023-09-19T16:52:49.700+0000] {standard_task_runner.py:84} INFO - Running: ['***', 'tasks', 'run', 'mlb_parser_ranking', 'create_postgre_table_ranking', 'scheduled__2023-09-14T03:55:00+00:00', '--job-id', '1300', '--raw', '--subdir', 'DAGS_FOLDER/mlb_parser_ranking.py', '--cfg-path', '/tmp/tmpkjfz20gw']
[2023-09-19T16:52:49.713+0000] {standard_task_runner.py:85} INFO - Job 1300: Subtask create_postgre_table_ranking
[2023-09-19T16:52:49.795+0000] {task_command.py:415} INFO - Running <TaskInstance: mlb_parser_ranking.create_postgre_table_ranking scheduled__2023-09-14T03:55:00+00:00 [running]> on host d98c068596b4
[2023-09-19T16:52:50.055+0000] {taskinstance.py:1660} INFO - Exporting env vars: AIRFLOW_CTX_DAG_OWNER='andy_hsu' AIRFLOW_CTX_DAG_ID='mlb_parser_ranking' AIRFLOW_CTX_TASK_ID='create_postgre_table_ranking' AIRFLOW_CTX_EXECUTION_DATE='2023-09-14T03:55:00+00:00' AIRFLOW_CTX_TRY_NUMBER='1' AIRFLOW_CTX_DAG_RUN_ID='scheduled__2023-09-14T03:55:00+00:00'
[2023-09-19T16:52:50.058+0000] {sql.py:274} INFO - Executing: 
            create table if not exists mlb_team_grade_2023 (
                team varchar(40),
                w int,
                l int,
                total_g int,
                team_abb varchar(40),
                primary key(team)
            )
            
[2023-09-19T16:52:50.080+0000] {base.py:73} INFO - Using connection ID 'postgres_mlb_parser_DB' for task execution.
[2023-09-19T16:52:50.124+0000] {base.py:73} INFO - Using connection ID 'postgres_mlb_parser_DB' for task execution.
[2023-09-19T16:52:50.147+0000] {sql.py:418} INFO - Running statement: 
            create table if not exists mlb_team_grade_2023 (
                team varchar(40),
                w int,
                l int,
                total_g int,
                team_abb varchar(40),
                primary key(team)
            )
            , parameters: None
[2023-09-19T16:52:50.166+0000] {taskinstance.py:1400} INFO - Marking task as SUCCESS. dag_id=mlb_parser_ranking, task_id=create_postgre_table_ranking, execution_date=20230914T035500, start_date=20230919T165248, end_date=20230919T165250
[2023-09-19T16:52:50.240+0000] {local_task_job_runner.py:228} INFO - Task exited with return code 0
[2023-09-19T16:52:50.267+0000] {taskinstance.py:2784} INFO - 1 downstream tasks scheduled from follow-on schedule check
