[2023-09-18T04:46:37.323+0000] {taskinstance.py:1159} INFO - Dependencies all met for dep_context=non-requeueable deps ti=<TaskInstance: mlb_parser.task_hr_lead_to_sql manual__2023-09-18T04:45:17.373627+00:00 [queued]>
[2023-09-18T04:46:37.329+0000] {taskinstance.py:1159} INFO - Dependencies all met for dep_context=requeueable deps ti=<TaskInstance: mlb_parser.task_hr_lead_to_sql manual__2023-09-18T04:45:17.373627+00:00 [queued]>
[2023-09-18T04:46:37.330+0000] {taskinstance.py:1361} INFO - Starting attempt 1 of 2
[2023-09-18T04:46:37.337+0000] {taskinstance.py:1382} INFO - Executing <Task(PythonOperator): task_hr_lead_to_sql> on 2023-09-18 04:45:17.373627+00:00
[2023-09-18T04:46:37.341+0000] {standard_task_runner.py:57} INFO - Started process 14336 to run task
[2023-09-18T04:46:37.345+0000] {standard_task_runner.py:84} INFO - Running: ['***', 'tasks', 'run', 'mlb_parser', 'task_hr_lead_to_sql', 'manual__2023-09-18T04:45:17.373627+00:00', '--job-id', '1204', '--raw', '--subdir', 'DAGS_FOLDER/mlb_parser.py', '--cfg-path', '/tmp/tmpd6lfk__1']
[2023-09-18T04:46:37.348+0000] {standard_task_runner.py:85} INFO - Job 1204: Subtask task_hr_lead_to_sql
[2023-09-18T04:46:37.378+0000] {task_command.py:415} INFO - Running <TaskInstance: mlb_parser.task_hr_lead_to_sql manual__2023-09-18T04:45:17.373627+00:00 [running]> on host 41ed285d8c3c
[2023-09-18T04:46:37.425+0000] {taskinstance.py:1660} INFO - Exporting env vars: AIRFLOW_CTX_DAG_OWNER='andy_hsu' AIRFLOW_CTX_DAG_ID='mlb_parser' AIRFLOW_CTX_TASK_ID='task_hr_lead_to_sql' AIRFLOW_CTX_EXECUTION_DATE='2023-09-18T04:45:17.373627+00:00' AIRFLOW_CTX_TRY_NUMBER='1' AIRFLOW_CTX_DAG_RUN_ID='manual__2023-09-18T04:45:17.373627+00:00'
[2023-09-18T04:46:37.445+0000] {logging_mixin.py:151} INFO -              name pos team    g   ab  ...   bb   so    obp    slg  record_date
0      Matt Olson  1B  ATL  149  564  ...   96  157  0.385  0.612   2023-09-18
1     Pete Alonso  1B  NYM  141  517  ...   63  132  0.326  0.526   2023-09-18
2   Shohei Ohtani  DH  LAA  135  497  ...   91  143  0.412  0.654   2023-09-18
3  Kyle Schwarber  LF  PHI  148  543  ...  119  198  0.345  0.475   2023-09-18
4    Mookie Betts  RF  LAD  139  539  ...   87  103  0.410  0.599   2023-09-18
5    Ronald Acuna  RF  ATL  147  597  ...   78   78  0.418  0.586   2023-09-18
6    Austin Riley  3B  ATL  147  588  ...   52  154  0.339  0.514   2023-09-18
7     Jorge Soler  DH  MIA  127  469  ...   59  130  0.332  0.520   2023-09-18
8   Marcell Ozuna  DH  ATL  132  482  ...   52  121  0.338  0.531   2023-09-18
9       Max Muncy  3B  LAD  123  435  ...   77  140  0.332  0.492   2023-09-18

[10 rows x 12 columns]
[2023-09-18T04:46:37.457+0000] {logging_mixin.py:151} INFO - there is some error
[2023-09-18T04:46:37.458+0000] {logging_mixin.py:151} INFO - job done
[2023-09-18T04:46:37.458+0000] {python.py:194} INFO - Done. Returned value was: None
[2023-09-18T04:46:37.465+0000] {taskinstance.py:1400} INFO - Marking task as SUCCESS. dag_id=mlb_parser, task_id=task_hr_lead_to_sql, execution_date=20230918T044517, start_date=20230918T044637, end_date=20230918T044637
[2023-09-18T04:46:37.521+0000] {local_task_job_runner.py:228} INFO - Task exited with return code 0
[2023-09-18T04:46:37.539+0000] {taskinstance.py:2784} INFO - 0 downstream tasks scheduled from follow-on schedule check
