[2023-09-13T04:29:09.656+0000] {taskinstance.py:1159} INFO - Dependencies all met for dep_context=non-requeueable deps ti=<TaskInstance: mlb_parser.output_avg_df manual__2023-09-13T04:28:49.946502+00:00 [queued]>
[2023-09-13T04:29:09.662+0000] {taskinstance.py:1159} INFO - Dependencies all met for dep_context=requeueable deps ti=<TaskInstance: mlb_parser.output_avg_df manual__2023-09-13T04:28:49.946502+00:00 [queued]>
[2023-09-13T04:29:09.662+0000] {taskinstance.py:1361} INFO - Starting attempt 1 of 2
[2023-09-13T04:29:09.670+0000] {taskinstance.py:1382} INFO - Executing <Task(PythonOperator): output_avg_df> on 2023-09-13 04:28:49.946502+00:00
[2023-09-13T04:29:09.675+0000] {standard_task_runner.py:57} INFO - Started process 24421 to run task
[2023-09-13T04:29:09.677+0000] {standard_task_runner.py:84} INFO - Running: ['***', 'tasks', 'run', 'mlb_parser', 'output_avg_df', 'manual__2023-09-13T04:28:49.946502+00:00', '--job-id', '553', '--raw', '--subdir', 'DAGS_FOLDER/mlb_parser.py', '--cfg-path', '/tmp/tmp3vhm_tbr']
[2023-09-13T04:29:09.680+0000] {standard_task_runner.py:85} INFO - Job 553: Subtask output_avg_df
[2023-09-13T04:29:09.709+0000] {task_command.py:415} INFO - Running <TaskInstance: mlb_parser.output_avg_df manual__2023-09-13T04:28:49.946502+00:00 [running]> on host 2e8147b3a465
[2023-09-13T04:29:09.754+0000] {taskinstance.py:1660} INFO - Exporting env vars: AIRFLOW_CTX_DAG_OWNER='andy_hsu' AIRFLOW_CTX_DAG_ID='mlb_parser' AIRFLOW_CTX_TASK_ID='output_avg_df' AIRFLOW_CTX_EXECUTION_DATE='2023-09-13T04:28:49.946502+00:00' AIRFLOW_CTX_TRY_NUMBER='1' AIRFLOW_CTX_DAG_RUN_ID='manual__2023-09-13T04:28:49.946502+00:00'
[2023-09-13T04:29:09.756+0000] {taskinstance.py:1943} ERROR - Task failed with exception
Traceback (most recent call last):
  File "/home/airflow/.local/lib/python3.8/site-packages/airflow/operators/python.py", line 192, in execute
    return_value = self.execute_callable()
  File "/home/airflow/.local/lib/python3.8/site-packages/airflow/operators/python.py", line 209, in execute_callable
    return self.python_callable(*self.op_args, **self.op_kwargs)
  File "/opt/airflow/dags/mlb_parser.py", line 144, in avg_df
    avg_list = ti.pull(task_ids = 'get_avg_high')
AttributeError: 'TaskInstance' object has no attribute 'pull'
[2023-09-13T04:29:09.764+0000] {taskinstance.py:1400} INFO - Marking task as UP_FOR_RETRY. dag_id=mlb_parser, task_id=output_avg_df, execution_date=20230913T042849, start_date=20230913T042909, end_date=20230913T042909
[2023-09-13T04:29:09.771+0000] {standard_task_runner.py:104} ERROR - Failed to execute job 553 for task output_avg_df ('TaskInstance' object has no attribute 'pull'; 24421)
[2023-09-13T04:29:09.810+0000] {local_task_job_runner.py:228} INFO - Task exited with return code 1
[2023-09-13T04:29:09.821+0000] {taskinstance.py:2784} INFO - 0 downstream tasks scheduled from follow-on schedule check
