[2023-09-15T07:09:14.290+0000] {taskinstance.py:1159} INFO - Dependencies all met for dep_context=non-requeueable deps ti=<TaskInstance: mlb_parser.create_postgre_table_hr manual__2023-09-15T07:09:07.936719+00:00 [queued]>
[2023-09-15T07:09:14.313+0000] {taskinstance.py:1159} INFO - Dependencies all met for dep_context=requeueable deps ti=<TaskInstance: mlb_parser.create_postgre_table_hr manual__2023-09-15T07:09:07.936719+00:00 [queued]>
[2023-09-15T07:09:14.317+0000] {taskinstance.py:1361} INFO - Starting attempt 1 of 2
[2023-09-15T07:09:14.368+0000] {taskinstance.py:1382} INFO - Executing <Task(PostgresOperator): create_postgre_table_hr> on 2023-09-15 07:09:07.936719+00:00
[2023-09-15T07:09:14.385+0000] {standard_task_runner.py:57} INFO - Started process 23095 to run task
[2023-09-15T07:09:14.539+0000] {standard_task_runner.py:84} INFO - Running: ['***', 'tasks', 'run', 'mlb_parser', 'create_postgre_table_hr', 'manual__2023-09-15T07:09:07.936719+00:00', '--job-id', '760', '--raw', '--subdir', 'DAGS_FOLDER/mlb_parser.py', '--cfg-path', '/tmp/tmpf5mon9wv']
[2023-09-15T07:09:16.199+0000] {standard_task_runner.py:85} INFO - Job 760: Subtask create_postgre_table_hr
[2023-09-15T07:09:19.690+0000] {task_command.py:415} INFO - Running <TaskInstance: mlb_parser.create_postgre_table_hr manual__2023-09-15T07:09:07.936719+00:00 [running]> on host 2e8147b3a465
[2023-09-15T07:09:19.921+0000] {taskinstance.py:1660} INFO - Exporting env vars: AIRFLOW_CTX_DAG_OWNER='andy_hsu' AIRFLOW_CTX_DAG_ID='mlb_parser' AIRFLOW_CTX_TASK_ID='create_postgre_table_hr' AIRFLOW_CTX_EXECUTION_DATE='2023-09-15T07:09:07.936719+00:00' AIRFLOW_CTX_TRY_NUMBER='1' AIRFLOW_CTX_DAG_RUN_ID='manual__2023-09-15T07:09:07.936719+00:00'
[2023-09-15T07:09:19.928+0000] {sql.py:274} INFO - Executing: 
            create table if not exists mlb_hr_lead_2023 (
                Name varchar(40),
                POS varchar(5),
                Team varchar(20),
                G int,
                AB int,
                HR int,
                RBI int,
                BB int,
                SO int,
                OBP float,
                SLG float,
                DATE date,
                primary key(Name, POS, Team)
            )
            
[2023-09-15T07:09:20.034+0000] {base.py:73} INFO - Using connection ID 'postgres_mlb_parser_DB' for task execution.
[2023-09-15T07:09:20.066+0000] {base.py:73} INFO - Using connection ID 'postgres_mlb_parser_DB' for task execution.
[2023-09-15T07:09:20.089+0000] {sql.py:418} INFO - Running statement: 
            create table if not exists mlb_hr_lead_2023 (
                Name varchar(40),
                POS varchar(5),
                Team varchar(20),
                G int,
                AB int,
                HR int,
                RBI int,
                BB int,
                SO int,
                OBP float,
                SLG float,
                DATE date,
                primary key(Name, POS, Team)
            )
            , parameters: None
[2023-09-15T07:09:20.116+0000] {taskinstance.py:1400} INFO - Marking task as SUCCESS. dag_id=mlb_parser, task_id=create_postgre_table_hr, execution_date=20230915T070907, start_date=20230915T070914, end_date=20230915T070920
[2023-09-15T07:09:20.186+0000] {local_task_job_runner.py:228} INFO - Task exited with return code 0
[2023-09-15T07:09:20.209+0000] {taskinstance.py:2784} INFO - 0 downstream tasks scheduled from follow-on schedule check
