[2023-09-22T03:55:02.506+0000] {taskinstance.py:1159} INFO - Dependencies all met for dep_context=non-requeueable deps ti=<TaskInstance: mlb_parser_ranking.create_postgre_table_ranking scheduled__2023-09-21T03:55:00+00:00 [queued]>
[2023-09-22T03:55:02.511+0000] {taskinstance.py:1159} INFO - Dependencies all met for dep_context=requeueable deps ti=<TaskInstance: mlb_parser_ranking.create_postgre_table_ranking scheduled__2023-09-21T03:55:00+00:00 [queued]>
[2023-09-22T03:55:02.512+0000] {taskinstance.py:1361} INFO - Starting attempt 1 of 2
[2023-09-22T03:55:02.520+0000] {taskinstance.py:1382} INFO - Executing <Task(PostgresOperator): create_postgre_table_ranking> on 2023-09-21 03:55:00+00:00
[2023-09-22T03:55:02.524+0000] {standard_task_runner.py:57} INFO - Started process 17620 to run task
[2023-09-22T03:55:02.526+0000] {standard_task_runner.py:84} INFO - Running: ['***', 'tasks', 'run', 'mlb_parser_ranking', 'create_postgre_table_ranking', 'scheduled__2023-09-21T03:55:00+00:00', '--job-id', '1401', '--raw', '--subdir', 'DAGS_FOLDER/mlb_parser_ranking.py', '--cfg-path', '/tmp/tmpengywdao']
[2023-09-22T03:55:02.529+0000] {standard_task_runner.py:85} INFO - Job 1401: Subtask create_postgre_table_ranking
[2023-09-22T03:55:02.557+0000] {task_command.py:415} INFO - Running <TaskInstance: mlb_parser_ranking.create_postgre_table_ranking scheduled__2023-09-21T03:55:00+00:00 [running]> on host d98c068596b4
[2023-09-22T03:55:02.604+0000] {taskinstance.py:1660} INFO - Exporting env vars: AIRFLOW_CTX_DAG_OWNER='andy_hsu' AIRFLOW_CTX_DAG_ID='mlb_parser_ranking' AIRFLOW_CTX_TASK_ID='create_postgre_table_ranking' AIRFLOW_CTX_EXECUTION_DATE='2023-09-21T03:55:00+00:00' AIRFLOW_CTX_TRY_NUMBER='1' AIRFLOW_CTX_DAG_RUN_ID='scheduled__2023-09-21T03:55:00+00:00'
[2023-09-22T03:55:02.606+0000] {sql.py:274} INFO - Executing: 
            create table if not exists mlb_team_grade_2023 (
                team varchar(40),
                w int,
                l int,
                total_g int,
                team_abb varchar(40),
                primary key(team)
            )
            
[2023-09-22T03:55:02.612+0000] {base.py:73} INFO - Using connection ID 'postgres_mlb_parser_DB' for task execution.
[2023-09-22T03:55:02.618+0000] {base.py:73} INFO - Using connection ID 'postgres_mlb_parser_DB' for task execution.
[2023-09-22T03:55:02.643+0000] {sql.py:418} INFO - Running statement: 
            create table if not exists mlb_team_grade_2023 (
                team varchar(40),
                w int,
                l int,
                total_g int,
                team_abb varchar(40),
                primary key(team)
            )
            , parameters: None
[2023-09-22T03:55:02.653+0000] {taskinstance.py:1400} INFO - Marking task as SUCCESS. dag_id=mlb_parser_ranking, task_id=create_postgre_table_ranking, execution_date=20230921T035500, start_date=20230922T035502, end_date=20230922T035502
[2023-09-22T03:55:02.704+0000] {local_task_job_runner.py:228} INFO - Task exited with return code 0
[2023-09-22T03:55:02.717+0000] {taskinstance.py:2784} INFO - 1 downstream tasks scheduled from follow-on schedule check
