[2023-09-24T05:38:00.072+0000] {taskinstance.py:1159} INFO - Dependencies all met for dep_context=non-requeueable deps ti=<TaskInstance: mlb_parser.data_clean manual__2023-09-24T05:37:53.316072+00:00 [queued]>
[2023-09-24T05:38:00.087+0000] {taskinstance.py:1159} INFO - Dependencies all met for dep_context=requeueable deps ti=<TaskInstance: mlb_parser.data_clean manual__2023-09-24T05:37:53.316072+00:00 [queued]>
[2023-09-24T05:38:00.088+0000] {taskinstance.py:1361} INFO - Starting attempt 1 of 2
[2023-09-24T05:38:00.095+0000] {taskinstance.py:1382} INFO - Executing <Task(PythonOperator): data_clean> on 2023-09-24 05:37:53.316072+00:00
[2023-09-24T05:38:00.100+0000] {standard_task_runner.py:57} INFO - Started process 97531 to run task
[2023-09-24T05:38:00.102+0000] {standard_task_runner.py:84} INFO - Running: ['***', 'tasks', 'run', 'mlb_parser', 'data_clean', 'manual__2023-09-24T05:37:53.316072+00:00', '--job-id', '1483', '--raw', '--subdir', 'DAGS_FOLDER/mlb_parser_hit.py', '--cfg-path', '/tmp/tmpocyhqhi5']
[2023-09-24T05:38:00.105+0000] {standard_task_runner.py:85} INFO - Job 1483: Subtask data_clean
[2023-09-24T05:38:00.137+0000] {task_command.py:415} INFO - Running <TaskInstance: mlb_parser.data_clean manual__2023-09-24T05:37:53.316072+00:00 [running]> on host d98c068596b4
[2023-09-24T05:38:00.185+0000] {taskinstance.py:1660} INFO - Exporting env vars: AIRFLOW_CTX_DAG_OWNER='andy_hsu' AIRFLOW_CTX_DAG_ID='mlb_parser' AIRFLOW_CTX_TASK_ID='data_clean' AIRFLOW_CTX_EXECUTION_DATE='2023-09-24T05:37:53.316072+00:00' AIRFLOW_CTX_TRY_NUMBER='1' AIRFLOW_CTX_DAG_RUN_ID='manual__2023-09-24T05:37:53.316072+00:00'
[2023-09-24T05:38:00.194+0000] {logging_mixin.py:151} INFO - ['nationals', 'braves', 'mets', 'marlins', 'phillies', 'brewers', 'cubs', 'reds', 'pirates', 'cardinals', 'dodgers', 'giants', 'padres', 'rockies', 'dbacks', 'astros', 'angels', 'rangers', 'athletics', 'mariners', 'twins', 'guardians', 'tigers', 'whitesox', 'royals', 'orioles', 'rays', 'bluejays', 'redsox', 'yankees']
[2023-09-24T05:38:00.196+0000] {logging_mixin.py:151} INFO - https://www.mlb.com/nationals/stats/
[2023-09-24T05:38:00.946+0000] {logging_mixin.py:151} INFO - https://www.mlb.com/braves/stats/
[2023-09-24T05:38:01.647+0000] {logging_mixin.py:151} INFO - https://www.mlb.com/mets/stats/
[2023-09-24T05:38:03.423+0000] {logging_mixin.py:151} INFO - https://www.mlb.com/marlins/stats/
[2023-09-24T05:38:05.822+0000] {logging_mixin.py:151} INFO - https://www.mlb.com/phillies/stats/
[2023-09-24T05:38:06.548+0000] {logging_mixin.py:151} INFO - https://www.mlb.com/brewers/stats/
[2023-09-24T05:38:09.189+0000] {logging_mixin.py:151} INFO - https://www.mlb.com/cubs/stats/
[2023-09-24T05:38:11.461+0000] {logging_mixin.py:151} INFO - https://www.mlb.com/reds/stats/
[2023-09-24T05:38:13.401+0000] {logging_mixin.py:151} INFO - https://www.mlb.com/pirates/stats/
[2023-09-24T05:38:15.441+0000] {logging_mixin.py:151} INFO - https://www.mlb.com/cardinals/stats/
[2023-09-24T05:38:16.627+0000] {logging_mixin.py:151} INFO - https://www.mlb.com/dodgers/stats/
[2023-09-24T05:38:19.690+0000] {logging_mixin.py:151} INFO - https://www.mlb.com/giants/stats/
[2023-09-24T05:38:20.951+0000] {logging_mixin.py:151} INFO - https://www.mlb.com/padres/stats/
[2023-09-24T05:38:22.262+0000] {logging_mixin.py:151} INFO - https://www.mlb.com/rockies/stats/
[2023-09-24T05:38:23.498+0000] {logging_mixin.py:151} INFO - https://www.mlb.com/dbacks/stats/
[2023-09-24T05:38:25.485+0000] {logging_mixin.py:151} INFO - https://www.mlb.com/astros/stats/
[2023-09-24T05:38:28.451+0000] {logging_mixin.py:151} INFO - https://www.mlb.com/angels/stats/
[2023-09-24T05:38:30.056+0000] {logging_mixin.py:151} INFO - https://www.mlb.com/rangers/stats/
[2023-09-24T05:38:31.629+0000] {logging_mixin.py:151} INFO - https://www.mlb.com/athletics/stats/
[2023-09-24T05:38:33.242+0000] {logging_mixin.py:151} INFO - https://www.mlb.com/mariners/stats/
[2023-09-24T05:38:34.030+0000] {logging_mixin.py:151} INFO - https://www.mlb.com/twins/stats/
[2023-09-24T05:38:36.651+0000] {logging_mixin.py:151} INFO - https://www.mlb.com/guardians/stats/
[2023-09-24T05:38:37.929+0000] {logging_mixin.py:151} INFO - https://www.mlb.com/tigers/stats/
[2023-09-24T05:38:39.776+0000] {logging_mixin.py:151} INFO - https://www.mlb.com/whitesox/stats/
[2023-09-24T05:38:40.938+0000] {logging_mixin.py:151} INFO - https://www.mlb.com/royals/stats/
[2023-09-24T05:38:42.882+0000] {logging_mixin.py:151} INFO - https://www.mlb.com/orioles/stats/
[2023-09-24T05:38:44.803+0000] {logging_mixin.py:151} INFO - https://www.mlb.com/rays/stats/
[2023-09-24T05:38:47.835+0000] {logging_mixin.py:151} INFO - https://www.mlb.com/bluejays/stats/
[2023-09-24T05:38:50.320+0000] {logging_mixin.py:151} INFO - https://www.mlb.com/redsox/stats/
[2023-09-24T05:38:53.714+0000] {logging_mixin.py:151} INFO - https://www.mlb.com/yankees/stats/
[2023-09-24T05:38:54.747+0000] {python.py:194} INFO - Done. Returned value was: None
[2023-09-24T05:38:54.754+0000] {taskinstance.py:1400} INFO - Marking task as SUCCESS. dag_id=mlb_parser, task_id=data_clean, execution_date=20230924T053753, start_date=20230924T053800, end_date=20230924T053854
[2023-09-24T05:38:54.799+0000] {local_task_job_runner.py:228} INFO - Task exited with return code 0
[2023-09-24T05:38:54.814+0000] {taskinstance.py:2784} INFO - 0 downstream tasks scheduled from follow-on schedule check
