[2023-09-24T04:00:32.106+0000] {taskinstance.py:1159} INFO - Dependencies all met for dep_context=non-requeueable deps ti=<TaskInstance: mlb_parser.create_postgre_table_avg scheduled__2023-09-23T04:00:00+00:00 [queued]>
[2023-09-24T04:00:32.123+0000] {taskinstance.py:1159} INFO - Dependencies all met for dep_context=requeueable deps ti=<TaskInstance: mlb_parser.create_postgre_table_avg scheduled__2023-09-23T04:00:00+00:00 [queued]>
[2023-09-24T04:00:32.124+0000] {taskinstance.py:1361} INFO - Starting attempt 1 of 2
[2023-09-24T04:00:32.133+0000] {taskinstance.py:1382} INFO - Executing <Task(PostgresOperator): create_postgre_table_avg> on 2023-09-23 04:00:00+00:00
[2023-09-24T04:00:32.142+0000] {standard_task_runner.py:57} INFO - Started process 96719 to run task
[2023-09-24T04:00:32.157+0000] {standard_task_runner.py:84} INFO - Running: ['***', 'tasks', 'run', 'mlb_parser', 'create_postgre_table_avg', 'scheduled__2023-09-23T04:00:00+00:00', '--job-id', '1474', '--raw', '--subdir', 'DAGS_FOLDER/mlb_parser_hit.py', '--cfg-path', '/tmp/tmp69lrnf1_']
[2023-09-24T04:00:32.164+0000] {standard_task_runner.py:85} INFO - Job 1474: Subtask create_postgre_table_avg
[2023-09-24T04:00:32.243+0000] {task_command.py:415} INFO - Running <TaskInstance: mlb_parser.create_postgre_table_avg scheduled__2023-09-23T04:00:00+00:00 [running]> on host d98c068596b4
[2023-09-24T04:00:32.351+0000] {taskinstance.py:1660} INFO - Exporting env vars: AIRFLOW_CTX_DAG_OWNER='andy_hsu' AIRFLOW_CTX_DAG_ID='mlb_parser' AIRFLOW_CTX_TASK_ID='create_postgre_table_avg' AIRFLOW_CTX_EXECUTION_DATE='2023-09-23T04:00:00+00:00' AIRFLOW_CTX_TRY_NUMBER='1' AIRFLOW_CTX_DAG_RUN_ID='scheduled__2023-09-23T04:00:00+00:00'
[2023-09-24T04:00:32.355+0000] {sql.py:274} INFO - Executing: 
            create table if not exists mlb_avg_lead_2023 (
                Name varchar(40),
                POS varchar(5),
                Team varchar(20),
                G int,
                AB int,
                H int,
                BB int,
                SO int,
                OBP float,
                SLG float,
                AVG float,
                Record_date date,
                primary key(name, pos, team, record_date)
            )
            
[2023-09-24T04:00:32.365+0000] {base.py:73} INFO - Using connection ID 'postgres_mlb_parser_DB' for task execution.
[2023-09-24T04:00:32.376+0000] {base.py:73} INFO - Using connection ID 'postgres_mlb_parser_DB' for task execution.
[2023-09-24T04:00:32.396+0000] {sql.py:418} INFO - Running statement: 
            create table if not exists mlb_avg_lead_2023 (
                Name varchar(40),
                POS varchar(5),
                Team varchar(20),
                G int,
                AB int,
                H int,
                BB int,
                SO int,
                OBP float,
                SLG float,
                AVG float,
                Record_date date,
                primary key(name, pos, team, record_date)
            )
            , parameters: None
[2023-09-24T04:00:32.413+0000] {taskinstance.py:1400} INFO - Marking task as SUCCESS. dag_id=mlb_parser, task_id=create_postgre_table_avg, execution_date=20230923T040000, start_date=20230924T040032, end_date=20230924T040032
[2023-09-24T04:00:32.446+0000] {local_task_job_runner.py:228} INFO - Task exited with return code 0
[2023-09-24T04:00:32.469+0000] {taskinstance.py:2784} INFO - 0 downstream tasks scheduled from follow-on schedule check
