[2023-09-25T04:01:01.244+0000] {taskinstance.py:1159} INFO - Dependencies all met for dep_context=non-requeueable deps ti=<TaskInstance: mlb_parser.task_hr_lead_to_sql scheduled__2023-09-24T04:00:00+00:00 [queued]>
[2023-09-25T04:01:01.250+0000] {taskinstance.py:1159} INFO - Dependencies all met for dep_context=requeueable deps ti=<TaskInstance: mlb_parser.task_hr_lead_to_sql scheduled__2023-09-24T04:00:00+00:00 [queued]>
[2023-09-25T04:01:01.251+0000] {taskinstance.py:1361} INFO - Starting attempt 1 of 2
[2023-09-25T04:01:01.258+0000] {taskinstance.py:1382} INFO - Executing <Task(PythonOperator): task_hr_lead_to_sql> on 2023-09-24 04:00:00+00:00
[2023-09-25T04:01:01.263+0000] {standard_task_runner.py:57} INFO - Started process 50066 to run task
[2023-09-25T04:01:01.266+0000] {standard_task_runner.py:84} INFO - Running: ['***', 'tasks', 'run', 'mlb_parser', 'task_hr_lead_to_sql', 'scheduled__2023-09-24T04:00:00+00:00', '--job-id', '1522', '--raw', '--subdir', 'DAGS_FOLDER/mlb_parser_hit.py', '--cfg-path', '/tmp/tmpzmne9k6d']
[2023-09-25T04:01:01.269+0000] {standard_task_runner.py:85} INFO - Job 1522: Subtask task_hr_lead_to_sql
[2023-09-25T04:01:01.313+0000] {task_command.py:415} INFO - Running <TaskInstance: mlb_parser.task_hr_lead_to_sql scheduled__2023-09-24T04:00:00+00:00 [running]> on host d98c068596b4
[2023-09-25T04:01:01.372+0000] {taskinstance.py:1660} INFO - Exporting env vars: AIRFLOW_CTX_DAG_OWNER='andy_hsu' AIRFLOW_CTX_DAG_ID='mlb_parser' AIRFLOW_CTX_TASK_ID='task_hr_lead_to_sql' AIRFLOW_CTX_EXECUTION_DATE='2023-09-24T04:00:00+00:00' AIRFLOW_CTX_TRY_NUMBER='1' AIRFLOW_CTX_DAG_RUN_ID='scheduled__2023-09-24T04:00:00+00:00'
[2023-09-25T04:01:01.407+0000] {logging_mixin.py:151} INFO -               name pos team    g   ab  ...   bb   so    obp    slg  record_date
0       Matt Olson  1B  ATL  156  591  ...  102  163  0.388  0.606   2023-09-25
1      Pete Alonso  1B  NYM  148  545  ...   65  146  0.318  0.506   2023-09-25
2   Kyle Schwarber  LF  PHI  155  568  ...  124  210  0.345  0.472   2023-09-25
3    Shohei Ohtani  DH  LAA  135  497  ...   91  143  0.412  0.654   2023-09-25
4     Ronald Acuna  RF  ATL  153  625  ...   78   81  0.415  0.595   2023-09-25
5     Mookie Betts  RF  LAD  146  564  ...   92  105  0.410  0.590   2023-09-25
6      Luis Robert  CF  CWS  145  546  ...   30  172  0.315  0.542   2023-09-25
7     Austin Riley  3B  ATL  153  611  ...   56  163  0.345  0.517   2023-09-25
8        Max Muncy  3B  LAD  129  459  ...   79  146  0.333  0.488   2023-09-25
9    Marcell Ozuna  DH  ATL  138  507  ...   55  129  0.341  0.533   2023-09-25
10     Jorge Soler  DH  MIA  133  490  ...   63  138  0.339  0.516   2023-09-25
11   Adolis Garcia  RF  TEX  141  532  ...   61  167  0.326  0.500   2023-09-25
12     Aaron Judge  RF  NYY  101  351  ...   82  125  0.404  0.610   2023-09-25
13    Corey Seager  SS  TEX  112  451  ...   47   82  0.394  0.645   2023-09-25
14       Juan Soto  LF   SD  156  549  ...  127  124  0.408  0.514   2023-09-25
15   Rafael Devers  3B  BOS  148  562  ...   60  120  0.354  0.511   2023-09-25

[16 rows x 12 columns]
[2023-09-25T04:01:01.431+0000] {logging_mixin.py:151} INFO - job done
[2023-09-25T04:01:01.432+0000] {python.py:194} INFO - Done. Returned value was: None
[2023-09-25T04:01:01.440+0000] {taskinstance.py:1400} INFO - Marking task as SUCCESS. dag_id=mlb_parser, task_id=task_hr_lead_to_sql, execution_date=20230924T040000, start_date=20230925T040101, end_date=20230925T040101
[2023-09-25T04:01:01.481+0000] {local_task_job_runner.py:228} INFO - Task exited with return code 0
[2023-09-25T04:01:01.497+0000] {taskinstance.py:2784} INFO - 0 downstream tasks scheduled from follow-on schedule check
