[2023-09-13T00:06:23.239+0000] {taskinstance.py:1159} INFO - Dependencies all met for dep_context=non-requeueable deps ti=<TaskInstance: dag_with_postgres_operator_v02.create_postgre_table scheduled__2023-09-12T00:00:00+00:00 [queued]>
[2023-09-13T00:06:23.257+0000] {taskinstance.py:1159} INFO - Dependencies all met for dep_context=requeueable deps ti=<TaskInstance: dag_with_postgres_operator_v02.create_postgre_table scheduled__2023-09-12T00:00:00+00:00 [queued]>
[2023-09-13T00:06:23.258+0000] {taskinstance.py:1361} INFO - Starting attempt 1 of 6
[2023-09-13T00:06:23.287+0000] {taskinstance.py:1382} INFO - Executing <Task(PostgresOperator): create_postgre_table> on 2023-09-12 00:00:00+00:00
[2023-09-13T00:06:23.293+0000] {standard_task_runner.py:57} INFO - Started process 9781 to run task
[2023-09-13T00:06:23.317+0000] {standard_task_runner.py:84} INFO - Running: ['***', 'tasks', 'run', 'dag_with_postgres_operator_v02', 'create_postgre_table', 'scheduled__2023-09-12T00:00:00+00:00', '--job-id', '526', '--raw', '--subdir', 'DAGS_FOLDER/dag_with_postgre_operator.py', '--cfg-path', '/tmp/tmpztkprnaz']
[2023-09-13T00:06:23.331+0000] {standard_task_runner.py:85} INFO - Job 526: Subtask create_postgre_table
[2023-09-13T00:06:23.460+0000] {task_command.py:415} INFO - Running <TaskInstance: dag_with_postgres_operator_v02.create_postgre_table scheduled__2023-09-12T00:00:00+00:00 [running]> on host 2e8147b3a465
[2023-09-13T00:06:23.619+0000] {taskinstance.py:1660} INFO - Exporting env vars: AIRFLOW_CTX_DAG_OWNER='andy_hsu' AIRFLOW_CTX_DAG_ID='dag_with_postgres_operator_v02' AIRFLOW_CTX_TASK_ID='create_postgre_table' AIRFLOW_CTX_EXECUTION_DATE='2023-09-12T00:00:00+00:00' AIRFLOW_CTX_TRY_NUMBER='1' AIRFLOW_CTX_DAG_RUN_ID='scheduled__2023-09-12T00:00:00+00:00'
[2023-09-13T00:06:23.621+0000] {sql.py:274} INFO - Executing: 
            create table if not exists dag_runs (
                dt date,
                dag_id character varying,
                primary key (dt, dag_id)
            )
            
[2023-09-13T00:06:23.641+0000] {base.py:73} INFO - Using connection ID 'postgres_localhost' for task execution.
[2023-09-13T00:06:23.660+0000] {base.py:73} INFO - Using connection ID 'postgres_localhost' for task execution.
[2023-09-13T00:06:23.723+0000] {sql.py:418} INFO - Running statement: 
            create table if not exists dag_runs (
                dt date,
                dag_id character varying,
                primary key (dt, dag_id)
            )
            , parameters: None
[2023-09-13T00:06:23.748+0000] {taskinstance.py:1400} INFO - Marking task as SUCCESS. dag_id=dag_with_postgres_operator_v02, task_id=create_postgre_table, execution_date=20230912T000000, start_date=20230913T000623, end_date=20230913T000623
[2023-09-13T00:06:23.795+0000] {local_task_job_runner.py:228} INFO - Task exited with return code 0
[2023-09-13T00:06:23.809+0000] {taskinstance.py:2784} INFO - 1 downstream tasks scheduled from follow-on schedule check
