[2023-09-18T04:00:03.294+0000] {taskinstance.py:1159} INFO - Dependencies all met for dep_context=non-requeueable deps ti=<TaskInstance: mlb_parser.create_postgre_table_hr scheduled__2023-09-17T04:00:00+00:00 [queued]>
[2023-09-18T04:00:03.305+0000] {taskinstance.py:1159} INFO - Dependencies all met for dep_context=requeueable deps ti=<TaskInstance: mlb_parser.create_postgre_table_hr scheduled__2023-09-17T04:00:00+00:00 [queued]>
[2023-09-18T04:00:03.308+0000] {taskinstance.py:1361} INFO - Starting attempt 1 of 2
[2023-09-18T04:00:03.325+0000] {taskinstance.py:1382} INFO - Executing <Task(PostgresOperator): create_postgre_table_hr> on 2023-09-17 04:00:00+00:00
[2023-09-18T04:00:03.331+0000] {standard_task_runner.py:57} INFO - Started process 10114 to run task
[2023-09-18T04:00:03.340+0000] {standard_task_runner.py:84} INFO - Running: ['***', 'tasks', 'run', 'mlb_parser', 'create_postgre_table_hr', 'scheduled__2023-09-17T04:00:00+00:00', '--job-id', '1135', '--raw', '--subdir', 'DAGS_FOLDER/mlb_parser.py', '--cfg-path', '/tmp/tmpz7lmmvoz']
[2023-09-18T04:00:03.351+0000] {standard_task_runner.py:85} INFO - Job 1135: Subtask create_postgre_table_hr
[2023-09-18T04:00:03.445+0000] {task_command.py:415} INFO - Running <TaskInstance: mlb_parser.create_postgre_table_hr scheduled__2023-09-17T04:00:00+00:00 [running]> on host 41ed285d8c3c
[2023-09-18T04:00:03.578+0000] {taskinstance.py:1660} INFO - Exporting env vars: AIRFLOW_CTX_DAG_OWNER='andy_hsu' AIRFLOW_CTX_DAG_ID='mlb_parser' AIRFLOW_CTX_TASK_ID='create_postgre_table_hr' AIRFLOW_CTX_EXECUTION_DATE='2023-09-17T04:00:00+00:00' AIRFLOW_CTX_TRY_NUMBER='1' AIRFLOW_CTX_DAG_RUN_ID='scheduled__2023-09-17T04:00:00+00:00'
[2023-09-18T04:00:03.581+0000] {sql.py:274} INFO - Executing: 
            create table if not exists mlb_hr_lead_2023 (
                Name varchar(40),
                POS varchar(5),
                Team varchar(20),
                G int,
                AB int,
                HR int,
                RBI int,
                BB int,
                SO int,
                OBP float,
                SLG float,
                Record_date date,
                primary key(Name, POS, Team)
            )
            
[2023-09-18T04:00:03.591+0000] {base.py:73} INFO - Using connection ID 'postgres_mlb_parser_DB' for task execution.
[2023-09-18T04:00:03.597+0000] {base.py:73} INFO - Using connection ID 'postgres_mlb_parser_DB' for task execution.
[2023-09-18T04:00:03.673+0000] {sql.py:418} INFO - Running statement: 
            create table if not exists mlb_hr_lead_2023 (
                Name varchar(40),
                POS varchar(5),
                Team varchar(20),
                G int,
                AB int,
                HR int,
                RBI int,
                BB int,
                SO int,
                OBP float,
                SLG float,
                Record_date date,
                primary key(Name, POS, Team)
            )
            , parameters: None
[2023-09-18T04:00:03.687+0000] {taskinstance.py:1400} INFO - Marking task as SUCCESS. dag_id=mlb_parser, task_id=create_postgre_table_hr, execution_date=20230917T040000, start_date=20230918T040003, end_date=20230918T040003
[2023-09-18T04:00:03.717+0000] {local_task_job_runner.py:228} INFO - Task exited with return code 0
[2023-09-18T04:00:03.727+0000] {taskinstance.py:2784} INFO - 0 downstream tasks scheduled from follow-on schedule check
