[2023-09-18T04:39:57.026+0000] {taskinstance.py:1159} INFO - Dependencies all met for dep_context=non-requeueable deps ti=<TaskInstance: mlb_parser.create_postgre_table_mlb_data manual__2023-09-18T04:39:51.914756+00:00 [queued]>
[2023-09-18T04:39:57.036+0000] {taskinstance.py:1159} INFO - Dependencies all met for dep_context=requeueable deps ti=<TaskInstance: mlb_parser.create_postgre_table_mlb_data manual__2023-09-18T04:39:51.914756+00:00 [queued]>
[2023-09-18T04:39:57.037+0000] {taskinstance.py:1361} INFO - Starting attempt 1 of 2
[2023-09-18T04:39:57.056+0000] {taskinstance.py:1382} INFO - Executing <Task(PostgresOperator): create_postgre_table_mlb_data> on 2023-09-18 04:39:51.914756+00:00
[2023-09-18T04:39:57.061+0000] {standard_task_runner.py:57} INFO - Started process 13705 to run task
[2023-09-18T04:39:57.065+0000] {standard_task_runner.py:84} INFO - Running: ['***', 'tasks', 'run', 'mlb_parser', 'create_postgre_table_mlb_data', 'manual__2023-09-18T04:39:51.914756+00:00', '--job-id', '1185', '--raw', '--subdir', 'DAGS_FOLDER/mlb_parser.py', '--cfg-path', '/tmp/tmpgtrep22f']
[2023-09-18T04:39:57.068+0000] {standard_task_runner.py:85} INFO - Job 1185: Subtask create_postgre_table_mlb_data
[2023-09-18T04:39:57.128+0000] {task_command.py:415} INFO - Running <TaskInstance: mlb_parser.create_postgre_table_mlb_data manual__2023-09-18T04:39:51.914756+00:00 [running]> on host 41ed285d8c3c
[2023-09-18T04:39:57.212+0000] {taskinstance.py:1660} INFO - Exporting env vars: AIRFLOW_CTX_DAG_OWNER='andy_hsu' AIRFLOW_CTX_DAG_ID='mlb_parser' AIRFLOW_CTX_TASK_ID='create_postgre_table_mlb_data' AIRFLOW_CTX_EXECUTION_DATE='2023-09-18T04:39:51.914756+00:00' AIRFLOW_CTX_TRY_NUMBER='1' AIRFLOW_CTX_DAG_RUN_ID='manual__2023-09-18T04:39:51.914756+00:00'
[2023-09-18T04:39:57.216+0000] {sql.py:274} INFO - Executing: 
            create table if not exists mlb_data_2023 (
                Name varchar(40),
                POS varchar(5),
                Team varchar(20),
                G int,
                AB int,
                R int,
                H int,
                Double int,
                Third int,
                HR int,
                RBI int,
                BB int,
                SO int,
                SB int,
                CS int, 
                OBP float,
                SLG float,
                primary key(Name, POS, Team)
            )
            
[2023-09-18T04:39:57.225+0000] {base.py:73} INFO - Using connection ID 'postgres_mlb_parser_DB' for task execution.
[2023-09-18T04:39:57.241+0000] {base.py:73} INFO - Using connection ID 'postgres_mlb_parser_DB' for task execution.
[2023-09-18T04:39:57.278+0000] {sql.py:418} INFO - Running statement: 
            create table if not exists mlb_data_2023 (
                Name varchar(40),
                POS varchar(5),
                Team varchar(20),
                G int,
                AB int,
                R int,
                H int,
                Double int,
                Third int,
                HR int,
                RBI int,
                BB int,
                SO int,
                SB int,
                CS int, 
                OBP float,
                SLG float,
                primary key(Name, POS, Team)
            )
            , parameters: None
[2023-09-18T04:39:57.293+0000] {taskinstance.py:1400} INFO - Marking task as SUCCESS. dag_id=mlb_parser, task_id=create_postgre_table_mlb_data, execution_date=20230918T043951, start_date=20230918T043957, end_date=20230918T043957
[2023-09-18T04:39:57.320+0000] {local_task_job_runner.py:228} INFO - Task exited with return code 0
[2023-09-18T04:39:57.333+0000] {taskinstance.py:2784} INFO - 0 downstream tasks scheduled from follow-on schedule check
