[2023-09-13T07:51:05.498+0000] {taskinstance.py:1159} INFO - Dependencies all met for dep_context=non-requeueable deps ti=<TaskInstance: mlb_parser.get_avg_high manual__2023-09-13T07:50:49.287241+00:00 [queued]>
[2023-09-13T07:51:05.508+0000] {taskinstance.py:1159} INFO - Dependencies all met for dep_context=requeueable deps ti=<TaskInstance: mlb_parser.get_avg_high manual__2023-09-13T07:50:49.287241+00:00 [queued]>
[2023-09-13T07:51:05.510+0000] {taskinstance.py:1361} INFO - Starting attempt 1 of 2
[2023-09-13T07:51:05.524+0000] {taskinstance.py:1382} INFO - Executing <Task(PostgresOperator): get_avg_high> on 2023-09-13 07:50:49.287241+00:00
[2023-09-13T07:51:05.529+0000] {standard_task_runner.py:57} INFO - Started process 37168 to run task
[2023-09-13T07:51:05.533+0000] {standard_task_runner.py:84} INFO - Running: ['***', 'tasks', 'run', 'mlb_parser', 'get_avg_high', 'manual__2023-09-13T07:50:49.287241+00:00', '--job-id', '569', '--raw', '--subdir', 'DAGS_FOLDER/mlb_parser.py', '--cfg-path', '/tmp/tmpmz03xg7j']
[2023-09-13T07:51:05.537+0000] {standard_task_runner.py:85} INFO - Job 569: Subtask get_avg_high
[2023-09-13T07:51:05.590+0000] {task_command.py:415} INFO - Running <TaskInstance: mlb_parser.get_avg_high manual__2023-09-13T07:50:49.287241+00:00 [running]> on host 2e8147b3a465
[2023-09-13T07:51:05.824+0000] {taskinstance.py:1660} INFO - Exporting env vars: AIRFLOW_CTX_DAG_OWNER='andy_hsu' AIRFLOW_CTX_DAG_ID='mlb_parser' AIRFLOW_CTX_TASK_ID='get_avg_high' AIRFLOW_CTX_EXECUTION_DATE='2023-09-13T07:50:49.287241+00:00' AIRFLOW_CTX_TRY_NUMBER='1' AIRFLOW_CTX_DAG_RUN_ID='manual__2023-09-13T07:50:49.287241+00:00'
[2023-09-13T07:51:05.833+0000] {sql.py:274} INFO - Executing: 
            SELECT
                "Name",
                "H",
                "AB",
                CAST("H" AS float) / CAST("AB" AS float) AS "AVG"
                FROM mlb_parser
                WHERE "AB" > (
                    SELECT AVG("AB") FROM mlb_parser
                )
                ORDER BY "AVG" DESC
                LIMIT 10;
            
[2023-09-13T07:51:05.907+0000] {base.py:73} INFO - Using connection ID 'postgres_mlb_parser_DB' for task execution.
[2023-09-13T07:51:06.032+0000] {base.py:73} INFO - Using connection ID 'postgres_mlb_parser_DB' for task execution.
[2023-09-13T07:51:06.139+0000] {sql.py:418} INFO - Running statement: 
            SELECT
                "Name",
                "H",
                "AB",
                CAST("H" AS float) / CAST("AB" AS float) AS "AVG"
                FROM mlb_parser
                WHERE "AB" > (
                    SELECT AVG("AB") FROM mlb_parser
                )
                ORDER BY "AVG" DESC
                LIMIT 10;
            , parameters: None
[2023-09-13T07:51:06.168+0000] {sql.py:427} INFO - Rows affected: 10
[2023-09-13T07:51:06.412+0000] {taskinstance.py:1400} INFO - Marking task as SUCCESS. dag_id=mlb_parser, task_id=get_avg_high, execution_date=20230913T075049, start_date=20230913T075105, end_date=20230913T075106
[2023-09-13T07:51:06.474+0000] {local_task_job_runner.py:228} INFO - Task exited with return code 0
[2023-09-13T07:51:06.507+0000] {taskinstance.py:2784} INFO - 1 downstream tasks scheduled from follow-on schedule check
