[2023-09-15T06:47:52.994+0000] {taskinstance.py:1159} INFO - Dependencies all met for dep_context=non-requeueable deps ti=<TaskInstance: mlb_parser.data_clean manual__2023-09-15T06:47:43.539556+00:00 [queued]>
[2023-09-15T06:47:53.000+0000] {taskinstance.py:1159} INFO - Dependencies all met for dep_context=requeueable deps ti=<TaskInstance: mlb_parser.data_clean manual__2023-09-15T06:47:43.539556+00:00 [queued]>
[2023-09-15T06:47:53.001+0000] {taskinstance.py:1361} INFO - Starting attempt 1 of 2
[2023-09-15T06:47:53.007+0000] {taskinstance.py:1382} INFO - Executing <Task(PythonOperator): data_clean> on 2023-09-15 06:47:43.539556+00:00
[2023-09-15T06:47:53.012+0000] {standard_task_runner.py:57} INFO - Started process 21039 to run task
[2023-09-15T06:47:53.015+0000] {standard_task_runner.py:84} INFO - Running: ['***', 'tasks', 'run', 'mlb_parser', 'data_clean', 'manual__2023-09-15T06:47:43.539556+00:00', '--job-id', '681', '--raw', '--subdir', 'DAGS_FOLDER/mlb_parser.py', '--cfg-path', '/tmp/tmpxl19x881']
[2023-09-15T06:47:53.018+0000] {standard_task_runner.py:85} INFO - Job 681: Subtask data_clean
[2023-09-15T06:47:53.050+0000] {task_command.py:415} INFO - Running <TaskInstance: mlb_parser.data_clean manual__2023-09-15T06:47:43.539556+00:00 [running]> on host 2e8147b3a465
[2023-09-15T06:47:53.113+0000] {taskinstance.py:1660} INFO - Exporting env vars: AIRFLOW_CTX_DAG_OWNER='andy_hsu' AIRFLOW_CTX_DAG_ID='mlb_parser' AIRFLOW_CTX_TASK_ID='data_clean' AIRFLOW_CTX_EXECUTION_DATE='2023-09-15T06:47:43.539556+00:00' AIRFLOW_CTX_TRY_NUMBER='1' AIRFLOW_CTX_DAG_RUN_ID='manual__2023-09-15T06:47:43.539556+00:00'
[2023-09-15T06:47:53.122+0000] {logging_mixin.py:151} INFO - ['nationals', 'braves', 'mets', 'marlins', 'phillies', 'dbacks', 'dodgers', 'padres', 'rockies', 'giants', 'brewers', 'cubs', 'reds', 'pirates', 'cardinals', 'astros', 'rangers', 'angels', 'athletics', 'mariners', 'twins', 'guardians', 'tigers', 'whitesox', 'royals', 'orioles', 'rays', 'bluejays', 'redsox', 'yankees']
[2023-09-15T06:47:53.125+0000] {logging_mixin.py:151} INFO - https://www.mlb.com/nationals/stats/
[2023-09-15T06:47:53.403+0000] {logging_mixin.py:151} INFO - https://www.mlb.com/braves/stats/
[2023-09-15T06:47:53.698+0000] {logging_mixin.py:151} INFO - https://www.mlb.com/mets/stats/
[2023-09-15T06:47:53.971+0000] {logging_mixin.py:151} INFO - https://www.mlb.com/marlins/stats/
[2023-09-15T06:47:54.254+0000] {logging_mixin.py:151} INFO - https://www.mlb.com/phillies/stats/
[2023-09-15T06:47:54.553+0000] {logging_mixin.py:151} INFO - https://www.mlb.com/dbacks/stats/
[2023-09-15T06:47:54.970+0000] {logging_mixin.py:151} INFO - https://www.mlb.com/dodgers/stats/
[2023-09-15T06:47:55.304+0000] {logging_mixin.py:151} INFO - https://www.mlb.com/padres/stats/
[2023-09-15T06:47:55.606+0000] {logging_mixin.py:151} INFO - https://www.mlb.com/rockies/stats/
[2023-09-15T06:47:55.890+0000] {logging_mixin.py:151} INFO - https://www.mlb.com/giants/stats/
[2023-09-15T06:47:56.168+0000] {logging_mixin.py:151} INFO - https://www.mlb.com/brewers/stats/
[2023-09-15T06:47:56.507+0000] {logging_mixin.py:151} INFO - https://www.mlb.com/cubs/stats/
[2023-09-15T06:47:56.876+0000] {logging_mixin.py:151} INFO - https://www.mlb.com/reds/stats/
[2023-09-15T06:47:57.147+0000] {logging_mixin.py:151} INFO - https://www.mlb.com/pirates/stats/
[2023-09-15T06:47:57.438+0000] {logging_mixin.py:151} INFO - https://www.mlb.com/cardinals/stats/
[2023-09-15T06:47:57.695+0000] {logging_mixin.py:151} INFO - https://www.mlb.com/astros/stats/
[2023-09-15T06:47:58.463+0000] {logging_mixin.py:151} INFO - https://www.mlb.com/rangers/stats/
[2023-09-15T06:48:00.460+0000] {logging_mixin.py:151} INFO - https://www.mlb.com/angels/stats/
[2023-09-15T06:48:03.567+0000] {logging_mixin.py:151} INFO - https://www.mlb.com/athletics/stats/
[2023-09-15T06:48:06.783+0000] {logging_mixin.py:151} INFO - https://www.mlb.com/mariners/stats/
[2023-09-15T06:48:09.682+0000] {logging_mixin.py:151} INFO - https://www.mlb.com/twins/stats/
[2023-09-15T06:48:10.995+0000] {logging_mixin.py:151} INFO - https://www.mlb.com/guardians/stats/
[2023-09-15T06:48:13.361+0000] {logging_mixin.py:151} INFO - https://www.mlb.com/tigers/stats/
[2023-09-15T06:48:14.577+0000] {logging_mixin.py:151} INFO - https://www.mlb.com/whitesox/stats/
[2023-09-15T06:48:17.222+0000] {logging_mixin.py:151} INFO - https://www.mlb.com/royals/stats/
[2023-09-15T06:48:21.198+0000] {logging_mixin.py:151} INFO - https://www.mlb.com/orioles/stats/
[2023-09-15T06:48:22.446+0000] {logging_mixin.py:151} INFO - https://www.mlb.com/rays/stats/
[2023-09-15T06:48:23.565+0000] {logging_mixin.py:151} INFO - https://www.mlb.com/bluejays/stats/
[2023-09-15T06:48:24.378+0000] {logging_mixin.py:151} INFO - https://www.mlb.com/redsox/stats/
[2023-09-15T06:48:25.721+0000] {logging_mixin.py:151} INFO - https://www.mlb.com/yankees/stats/
[2023-09-15T06:48:28.406+0000] {python.py:194} INFO - Done. Returned value was: None
[2023-09-15T06:48:28.413+0000] {taskinstance.py:1400} INFO - Marking task as SUCCESS. dag_id=mlb_parser, task_id=data_clean, execution_date=20230915T064743, start_date=20230915T064752, end_date=20230915T064828
[2023-09-15T06:48:28.463+0000] {local_task_job_runner.py:228} INFO - Task exited with return code 0
[2023-09-15T06:48:28.478+0000] {taskinstance.py:2784} INFO - 2 downstream tasks scheduled from follow-on schedule check
