[2023-09-15T07:02:10.926+0000] {taskinstance.py:1159} INFO - Dependencies all met for dep_context=non-requeueable deps ti=<TaskInstance: mlb_parser.get_avg_high manual__2023-09-15T07:01:59.624614+00:00 [queued]>
[2023-09-15T07:02:10.936+0000] {taskinstance.py:1159} INFO - Dependencies all met for dep_context=requeueable deps ti=<TaskInstance: mlb_parser.get_avg_high manual__2023-09-15T07:01:59.624614+00:00 [queued]>
[2023-09-15T07:02:10.937+0000] {taskinstance.py:1361} INFO - Starting attempt 1 of 2
[2023-09-15T07:02:10.945+0000] {taskinstance.py:1382} INFO - Executing <Task(PostgresOperator): get_avg_high> on 2023-09-15 07:01:59.624614+00:00
[2023-09-15T07:02:10.950+0000] {standard_task_runner.py:57} INFO - Started process 22464 to run task
[2023-09-15T07:02:10.959+0000] {standard_task_runner.py:84} INFO - Running: ['***', 'tasks', 'run', 'mlb_parser', 'get_avg_high', 'manual__2023-09-15T07:01:59.624614+00:00', '--job-id', '747', '--raw', '--subdir', 'DAGS_FOLDER/mlb_parser.py', '--cfg-path', '/tmp/tmpd62eiwqn']
[2023-09-15T07:02:10.962+0000] {standard_task_runner.py:85} INFO - Job 747: Subtask get_avg_high
[2023-09-15T07:02:10.999+0000] {task_command.py:415} INFO - Running <TaskInstance: mlb_parser.get_avg_high manual__2023-09-15T07:01:59.624614+00:00 [running]> on host 2e8147b3a465
[2023-09-15T07:02:11.054+0000] {taskinstance.py:1660} INFO - Exporting env vars: AIRFLOW_CTX_DAG_OWNER='andy_hsu' AIRFLOW_CTX_DAG_ID='mlb_parser' AIRFLOW_CTX_TASK_ID='get_avg_high' AIRFLOW_CTX_EXECUTION_DATE='2023-09-15T07:01:59.624614+00:00' AIRFLOW_CTX_TRY_NUMBER='1' AIRFLOW_CTX_DAG_RUN_ID='manual__2023-09-15T07:01:59.624614+00:00'
[2023-09-15T07:02:11.057+0000] {sql.py:274} INFO - Executing: 
            SELECT
                'Name',
                'POS',
                'Team',
                'G',
                'AB',
                'H',
                'BB',
                'SO',
                'OBP',
                'SLG',
                (CAST('H' AS float) / CAST('AB' AS float)) AS 'Average_Bat',
                CURRENT_DATE AS 'date'
                FROM mlb_data_2023
                WHERE 'AB' > (
                    SELECT AVG('AB') FROM mlb_data_2023
                )
                ORDER BY 'AVG' DESC
                LIMIT 10;
            
[2023-09-15T07:02:11.064+0000] {base.py:73} INFO - Using connection ID 'postgres_mlb_parser_DB' for task execution.
[2023-09-15T07:02:11.071+0000] {base.py:73} INFO - Using connection ID 'postgres_mlb_parser_DB' for task execution.
[2023-09-15T07:02:11.081+0000] {sql.py:418} INFO - Running statement: 
            SELECT
                'Name',
                'POS',
                'Team',
                'G',
                'AB',
                'H',
                'BB',
                'SO',
                'OBP',
                'SLG',
                (CAST('H' AS float) / CAST('AB' AS float)) AS 'Average_Bat',
                CURRENT_DATE AS 'date'
                FROM mlb_data_2023
                WHERE 'AB' > (
                    SELECT AVG('AB') FROM mlb_data_2023
                )
                ORDER BY 'AVG' DESC
                LIMIT 10;
            , parameters: None
[2023-09-15T07:02:11.085+0000] {taskinstance.py:1943} ERROR - Task failed with exception
Traceback (most recent call last):
  File "/home/airflow/.local/lib/python3.8/site-packages/airflow/providers/common/sql/operators/sql.py", line 280, in execute
    output = hook.run(
  File "/home/airflow/.local/lib/python3.8/site-packages/airflow/providers/common/sql/hooks/sql.py", line 392, in run
    self._run_command(cur, sql_statement, parameters)
  File "/home/airflow/.local/lib/python3.8/site-packages/airflow/providers/common/sql/hooks/sql.py", line 423, in _run_command
    cur.execute(sql_statement)
psycopg2.errors.SyntaxError: syntax error at or near "'Average_Bat'"
LINE 13: ...    (CAST('H' AS float) / CAST('AB' AS float)) AS 'Average_B...
                                                              ^

[2023-09-15T07:02:11.096+0000] {taskinstance.py:1400} INFO - Marking task as UP_FOR_RETRY. dag_id=mlb_parser, task_id=get_avg_high, execution_date=20230915T070159, start_date=20230915T070210, end_date=20230915T070211
[2023-09-15T07:02:11.105+0000] {standard_task_runner.py:104} ERROR - Failed to execute job 747 for task get_avg_high (syntax error at or near "'Average_Bat'"
LINE 13: ...    (CAST('H' AS float) / CAST('AB' AS float)) AS 'Average_B...
                                                              ^
; 22464)
[2023-09-15T07:02:11.134+0000] {local_task_job_runner.py:228} INFO - Task exited with return code 1
[2023-09-15T07:02:11.150+0000] {taskinstance.py:2784} INFO - 0 downstream tasks scheduled from follow-on schedule check
