[2023-09-29T03:55:03.646+0000] {taskinstance.py:1159} INFO - Dependencies all met for dep_context=non-requeueable deps ti=<TaskInstance: mlb_parser_ranking.get_rank scheduled__2023-09-28T03:55:00+00:00 [queued]>
[2023-09-29T03:55:03.651+0000] {taskinstance.py:1159} INFO - Dependencies all met for dep_context=requeueable deps ti=<TaskInstance: mlb_parser_ranking.get_rank scheduled__2023-09-28T03:55:00+00:00 [queued]>
[2023-09-29T03:55:03.652+0000] {taskinstance.py:1361} INFO - Starting attempt 1 of 2
[2023-09-29T03:55:03.658+0000] {taskinstance.py:1382} INFO - Executing <Task(PythonOperator): get_rank> on 2023-09-28 03:55:00+00:00
[2023-09-29T03:55:03.662+0000] {standard_task_runner.py:57} INFO - Started process 62303 to run task
[2023-09-29T03:55:03.665+0000] {standard_task_runner.py:84} INFO - Running: ['***', 'tasks', 'run', 'mlb_parser_ranking', 'get_rank', 'scheduled__2023-09-28T03:55:00+00:00', '--job-id', '1626', '--raw', '--subdir', 'DAGS_FOLDER/mlb_parser_ranking.py', '--cfg-path', '/tmp/tmp01jnq576']
[2023-09-29T03:55:03.667+0000] {standard_task_runner.py:85} INFO - Job 1626: Subtask get_rank
[2023-09-29T03:55:03.704+0000] {task_command.py:415} INFO - Running <TaskInstance: mlb_parser_ranking.get_rank scheduled__2023-09-28T03:55:00+00:00 [running]> on host d98c068596b4
[2023-09-29T03:55:03.767+0000] {taskinstance.py:1660} INFO - Exporting env vars: AIRFLOW_CTX_DAG_OWNER='andy_hsu' AIRFLOW_CTX_DAG_ID='mlb_parser_ranking' AIRFLOW_CTX_TASK_ID='get_rank' AIRFLOW_CTX_EXECUTION_DATE='2023-09-28T03:55:00+00:00' AIRFLOW_CTX_TRY_NUMBER='1' AIRFLOW_CTX_DAG_RUN_ID='scheduled__2023-09-28T03:55:00+00:00'
[2023-09-29T03:55:04.799+0000] {logging_mixin.py:151} INFO - {'div_name': 'American League East', 'teams': [{'name': 'Baltimore Orioles', 'div_rank': '1', 'w': 100, 'l': 59, 'gb': '-', 'wc_rank': '-', 'wc_gb': '-', 'wc_elim_num': '-', 'elim_num': '-', 'team_id': 110}, {'name': 'Tampa Bay Rays', 'div_rank': '2', 'w': 97, 'l': 62, 'gb': '3.0', 'wc_rank': '1', 'wc_gb': '+10.0', 'wc_elim_num': '-', 'elim_num': '1', 'team_id': 139}, {'name': 'Toronto Blue Jays', 'div_rank': '3', 'w': 88, 'l': 71, 'gb': '12.0', 'wc_rank': '2', 'wc_gb': '+1.0', 'wc_elim_num': '-', 'elim_num': 'E', 'team_id': 141}, {'name': 'New York Yankees', 'div_rank': '4', 'w': 81, 'l': 78, 'gb': '19.0', 'wc_rank': '5', 'wc_gb': '6.0', 'wc_elim_num': 'E', 'elim_num': 'E', 'team_id': 147}, {'name': 'Boston Red Sox', 'div_rank': '5', 'w': 76, 'l': 83, 'gb': '24.0', 'wc_rank': '6', 'wc_gb': '11.0', 'wc_elim_num': 'E', 'elim_num': 'E', 'team_id': 111}]}
[2023-09-29T03:55:04.802+0000] {logging_mixin.py:151} INFO - {'div_name': 'American League Central', 'teams': [{'name': 'Minnesota Twins', 'div_rank': '1', 'w': 85, 'l': 74, 'gb': '-', 'wc_rank': '-', 'wc_gb': '-', 'wc_elim_num': '-', 'elim_num': '-', 'team_id': 142}, {'name': 'Detroit Tigers', 'div_rank': '2', 'w': 76, 'l': 83, 'gb': '9.0', 'wc_rank': '7', 'wc_gb': '11.0', 'wc_elim_num': 'E', 'elim_num': 'E', 'team_id': 116}, {'name': 'Cleveland Guardians', 'div_rank': '3', 'w': 75, 'l': 84, 'gb': '10.0', 'wc_rank': '8', 'wc_gb': '12.0', 'wc_elim_num': 'E', 'elim_num': 'E', 'team_id': 114}, {'name': 'Chicago White Sox', 'div_rank': '4', 'w': 61, 'l': 98, 'gb': '24.0', 'wc_rank': '10', 'wc_gb': '26.0', 'wc_elim_num': 'E', 'elim_num': 'E', 'team_id': 145}, {'name': 'Kansas City Royals', 'div_rank': '5', 'w': 54, 'l': 105, 'gb': '31.0', 'wc_rank': '11', 'wc_gb': '33.0', 'wc_elim_num': 'E', 'elim_num': 'E', 'team_id': 118}]}
[2023-09-29T03:55:04.805+0000] {logging_mixin.py:151} INFO - {'div_name': 'American League West', 'teams': [{'name': 'Texas Rangers', 'div_rank': '1', 'w': 89, 'l': 69, 'gb': '-', 'wc_rank': '-', 'wc_gb': '-', 'wc_elim_num': '-', 'elim_num': '-', 'team_id': 140}, {'name': 'Houston Astros', 'div_rank': '2', 'w': 87, 'l': 72, 'gb': '2.5', 'wc_rank': '3', 'wc_gb': '-', 'wc_elim_num': '-', 'elim_num': '2', 'team_id': 117}, {'name': 'Seattle Mariners', 'div_rank': '3', 'w': 85, 'l': 73, 'gb': '4.0', 'wc_rank': '4', 'wc_gb': '1.5', 'wc_elim_num': '3', 'elim_num': '1', 'team_id': 136}, {'name': 'Los Angeles Angels', 'div_rank': '4', 'w': 71, 'l': 88, 'gb': '18.5', 'wc_rank': '9', 'wc_gb': '16.0', 'wc_elim_num': 'E', 'elim_num': 'E', 'team_id': 108}, {'name': 'Oakland Athletics', 'div_rank': '5', 'w': 49, 'l': 110, 'gb': '40.5', 'wc_rank': '12', 'wc_gb': '38.0', 'wc_elim_num': 'E', 'elim_num': 'E', 'team_id': 133}]}
[2023-09-29T03:55:04.809+0000] {logging_mixin.py:151} INFO - {'div_name': 'National League East', 'teams': [{'name': 'Atlanta Braves', 'div_rank': '1', 'w': 103, 'l': 56, 'gb': '-', 'wc_rank': '-', 'wc_gb': '-', 'wc_elim_num': '-', 'elim_num': '-', 'team_id': 144}, {'name': 'Philadelphia Phillies', 'div_rank': '2', 'w': 89, 'l': 70, 'gb': '14.0', 'wc_rank': '1', 'wc_gb': '+6.5', 'wc_elim_num': '-', 'elim_num': 'E', 'team_id': 143}, {'name': 'Miami Marlins', 'div_rank': '3', 'w': 82, 'l': 76, 'gb': '20.5', 'wc_rank': '3', 'wc_gb': '-', 'wc_elim_num': '-', 'elim_num': 'E', 'team_id': 146}, {'name': 'New York Mets', 'div_rank': '4', 'w': 72, 'l': 86, 'gb': '30.5', 'wc_rank': '9', 'wc_gb': '10.0', 'wc_elim_num': 'E', 'elim_num': 'E', 'team_id': 121}, {'name': 'Washington Nationals', 'div_rank': '5', 'w': 69, 'l': 90, 'gb': '34.0', 'wc_rank': '11', 'wc_gb': '13.5', 'wc_elim_num': 'E', 'elim_num': 'E', 'team_id': 120}]}
[2023-09-29T03:55:04.811+0000] {logging_mixin.py:151} INFO - {'div_name': 'National League Central', 'teams': [{'name': 'Milwaukee Brewers', 'div_rank': '1', 'w': 90, 'l': 69, 'gb': '-', 'wc_rank': '-', 'wc_gb': '-', 'wc_elim_num': '-', 'elim_num': '-', 'team_id': 158}, {'name': 'Chicago Cubs', 'div_rank': '2', 'w': 82, 'l': 77, 'gb': '8.0', 'wc_rank': '4', 'wc_gb': '0.5', 'wc_elim_num': '4', 'elim_num': 'E', 'team_id': 112}, {'name': 'Cincinnati Reds', 'div_rank': '3', 'w': 81, 'l': 78, 'gb': '9.0', 'wc_rank': '5', 'wc_gb': '1.5', 'wc_elim_num': '3', 'elim_num': 'E', 'team_id': 113}, {'name': 'Pittsburgh Pirates', 'div_rank': '4', 'w': 75, 'l': 84, 'gb': '15.0', 'wc_rank': '8', 'wc_gb': '7.5', 'wc_elim_num': 'E', 'elim_num': 'E', 'team_id': 134}, {'name': 'St. Louis Cardinals', 'div_rank': '5', 'w': 69, 'l': 90, 'gb': '21.0', 'wc_rank': '10', 'wc_gb': '13.5', 'wc_elim_num': 'E', 'elim_num': 'E', 'team_id': 138}]}
[2023-09-29T03:55:04.813+0000] {logging_mixin.py:151} INFO - {'div_name': 'National League West', 'teams': [{'name': 'Los Angeles Dodgers', 'div_rank': '1', 'w': 98, 'l': 61, 'gb': '-', 'wc_rank': '-', 'wc_gb': '-', 'wc_elim_num': '-', 'elim_num': '-', 'team_id': 119}, {'name': 'Arizona Diamondbacks', 'div_rank': '2', 'w': 84, 'l': 75, 'gb': '14.0', 'wc_rank': '2', 'wc_gb': '+1.5', 'wc_elim_num': '-', 'elim_num': 'E', 'team_id': 109}, {'name': 'San Diego Padres', 'div_rank': '3', 'w': 79, 'l': 80, 'gb': '19.0', 'wc_rank': '6', 'wc_gb': '3.5', 'wc_elim_num': '1', 'elim_num': 'E', 'team_id': 135}, {'name': 'San Francisco Giants', 'div_rank': '4', 'w': 78, 'l': 81, 'gb': '20.0', 'wc_rank': '7', 'wc_gb': '4.5', 'wc_elim_num': 'E', 'elim_num': 'E', 'team_id': 137}, {'name': 'Colorado Rockies', 'div_rank': '5', 'w': 58, 'l': 101, 'gb': '40.0', 'wc_rank': '12', 'wc_gb': '24.5', 'wc_elim_num': 'E', 'elim_num': 'E', 'team_id': 115}]}
[2023-09-29T03:55:04.845+0000] {logging_mixin.py:151} INFO -                      Team    W    L  Total_G Team_abb
0       Baltimore Orioles  100   59      159      BAL
1          Tampa Bay Rays   97   62      159       TB
2       Toronto Blue Jays   88   71      159      TOR
3        New York Yankees   81   78      159      NYY
4          Boston Red Sox   76   83      159      BOS
5         Minnesota Twins   85   74      159      MIN
6          Detroit Tigers   76   83      159      DET
7     Cleveland Guardians   75   84      159      CLE
8       Chicago White Sox   61   98      159      CWS
9      Kansas City Royals   54  105      159       KC
10          Texas Rangers   89   69      158      TEX
11         Houston Astros   87   72      159      HOU
12       Seattle Mariners   85   73      158      SEA
13     Los Angeles Angels   71   88      159      LAA
14      Oakland Athletics   49  110      159      OAK
15         Atlanta Braves  103   56      159      ATL
16  Philadelphia Phillies   89   70      159      PHI
17          Miami Marlins   82   76      158      MIA
18          New York Mets   72   86      158      NYM
19   Washington Nationals   69   90      159      WSH
20      Milwaukee Brewers   90   69      159      MIL
21           Chicago Cubs   82   77      159      CHC
22        Cincinnati Reds   81   78      159      CIN
23     Pittsburgh Pirates   75   84      159      PIT
24    St. Louis Cardinals   69   90      159      STL
25    Los Angeles Dodgers   98   61      159      LAD
26   Arizona Diamondbacks   84   75      159       AZ
27       San Diego Padres   79   80      159       SD
28   San Francisco Giants   78   81      159       SF
29       Colorado Rockies   58  101      159      COL
[2023-09-29T03:55:04.944+0000] {logging_mixin.py:151} INFO - job done
[2023-09-29T03:55:04.945+0000] {python.py:194} INFO - Done. Returned value was: None
[2023-09-29T03:55:04.952+0000] {taskinstance.py:1400} INFO - Marking task as SUCCESS. dag_id=mlb_parser_ranking, task_id=get_rank, execution_date=20230928T035500, start_date=20230929T035503, end_date=20230929T035504
[2023-09-29T03:55:04.989+0000] {local_task_job_runner.py:228} INFO - Task exited with return code 0
[2023-09-29T03:55:04.999+0000] {taskinstance.py:2784} INFO - 0 downstream tasks scheduled from follow-on schedule check
