[2023-09-29T04:02:07.056+0000] {taskinstance.py:1159} INFO - Dependencies all met for dep_context=non-requeueable deps ti=<TaskInstance: mlb_parser.task_hr_lead_to_sql scheduled__2023-09-28T04:00:00+00:00 [queued]>
[2023-09-29T04:02:07.062+0000] {taskinstance.py:1159} INFO - Dependencies all met for dep_context=requeueable deps ti=<TaskInstance: mlb_parser.task_hr_lead_to_sql scheduled__2023-09-28T04:00:00+00:00 [queued]>
[2023-09-29T04:02:07.063+0000] {taskinstance.py:1361} INFO - Starting attempt 1 of 2
[2023-09-29T04:02:07.069+0000] {taskinstance.py:1382} INFO - Executing <Task(PythonOperator): task_hr_lead_to_sql> on 2023-09-28 04:00:00+00:00
[2023-09-29T04:02:07.075+0000] {standard_task_runner.py:57} INFO - Started process 63011 to run task
[2023-09-29T04:02:07.078+0000] {standard_task_runner.py:84} INFO - Running: ['***', 'tasks', 'run', 'mlb_parser', 'task_hr_lead_to_sql', 'scheduled__2023-09-28T04:00:00+00:00', '--job-id', '1638', '--raw', '--subdir', 'DAGS_FOLDER/mlb_parser_hit.py', '--cfg-path', '/tmp/tmpe7w0fhk0']
[2023-09-29T04:02:07.081+0000] {standard_task_runner.py:85} INFO - Job 1638: Subtask task_hr_lead_to_sql
[2023-09-29T04:02:07.113+0000] {task_command.py:415} INFO - Running <TaskInstance: mlb_parser.task_hr_lead_to_sql scheduled__2023-09-28T04:00:00+00:00 [running]> on host d98c068596b4
[2023-09-29T04:02:07.167+0000] {taskinstance.py:1660} INFO - Exporting env vars: AIRFLOW_CTX_DAG_OWNER='andy_hsu' AIRFLOW_CTX_DAG_ID='mlb_parser' AIRFLOW_CTX_TASK_ID='task_hr_lead_to_sql' AIRFLOW_CTX_EXECUTION_DATE='2023-09-28T04:00:00+00:00' AIRFLOW_CTX_TRY_NUMBER='1' AIRFLOW_CTX_DAG_RUN_ID='scheduled__2023-09-28T04:00:00+00:00'
[2023-09-29T04:02:07.188+0000] {logging_mixin.py:151} INFO -                 name pos team    g   ab  ...   bb   so    obp    slg  record_date
0         Matt Olson  1B  ATL  159  602  ...  103  167  0.387  0.605   2023-09-29
1     Kyle Schwarber  LF  PHI  157  575  ...  125  212  0.344  0.473   2023-09-29
2        Pete Alonso  1B  NYM  151  557  ...   65  151  0.321  0.513   2023-09-29
3      Shohei Ohtani  DH  LAA  135  497  ...   91  143  0.412  0.654   2023-09-29
4       Ronald Acuna  RF  ATL  156  637  ...   78   82  0.414  0.595   2023-09-29
5      Adolis Garcia  RF  TEX  145  545  ...   63  170  0.327  0.514   2023-09-29
6       Mookie Betts  RF  LAD  149  574  ...   94  105  0.410  0.585   2023-09-29
7        Luis Robert  CF  CWS  145  546  ...   30  172  0.315  0.542   2023-09-29
8        Aaron Judge  RF  NYY  104  360  ...   86  129  0.405  0.617   2023-09-29
9      Marcell Ozuna  DH  ATL  141  518  ...   56  132  0.341  0.537   2023-09-29
10      Austin Riley  3B  ATL  156  621  ...   58  167  0.346  0.519   2023-09-29
11       Jorge Soler  DH  MIA  135  497  ...   64  139  0.337  0.511   2023-09-29
12         Max Muncy  3B  LAD  133  475  ...   84  152  0.335  0.478   2023-09-29
13         Juan Soto  LF   SD  159  561  ...  129  127  0.409  0.520   2023-09-29
14      Ozzie Albies  2B  ATL  145  583  ...   43  104  0.330  0.511   2023-09-29
15      Corey Seager  SS  TEX  116  466  ...   47   84  0.394  0.635   2023-09-29
16  Christian Walker  1B   AZ  155  575  ...   61  126  0.336  0.503   2023-09-29
17     Rafael Devers  3B  BOS  150  570  ...   61  124  0.352  0.505   2023-09-29

[18 rows x 12 columns]
[2023-09-29T04:02:07.201+0000] {logging_mixin.py:151} INFO - job done
[2023-09-29T04:02:07.202+0000] {python.py:194} INFO - Done. Returned value was: None
[2023-09-29T04:02:07.213+0000] {taskinstance.py:1400} INFO - Marking task as SUCCESS. dag_id=mlb_parser, task_id=task_hr_lead_to_sql, execution_date=20230928T040000, start_date=20230929T040207, end_date=20230929T040207
[2023-09-29T04:02:07.251+0000] {local_task_job_runner.py:228} INFO - Task exited with return code 0
[2023-09-29T04:02:07.266+0000] {taskinstance.py:2784} INFO - 0 downstream tasks scheduled from follow-on schedule check
