[2023-09-17T07:09:51.164+0000] {taskinstance.py:1159} INFO - Dependencies all met for dep_context=non-requeueable deps ti=<TaskInstance: mlb_parser.data_clean manual__2023-09-17T07:09:28.089573+00:00 [queued]>
[2023-09-17T07:09:51.171+0000] {taskinstance.py:1159} INFO - Dependencies all met for dep_context=requeueable deps ti=<TaskInstance: mlb_parser.data_clean manual__2023-09-17T07:09:28.089573+00:00 [queued]>
[2023-09-17T07:09:51.171+0000] {taskinstance.py:1361} INFO - Starting attempt 1 of 2
[2023-09-17T07:09:51.179+0000] {taskinstance.py:1382} INFO - Executing <Task(PythonOperator): data_clean> on 2023-09-17 07:09:28.089573+00:00
[2023-09-17T07:09:51.183+0000] {standard_task_runner.py:57} INFO - Started process 7671 to run task
[2023-09-17T07:09:51.186+0000] {standard_task_runner.py:84} INFO - Running: ['***', 'tasks', 'run', 'mlb_parser', 'data_clean', 'manual__2023-09-17T07:09:28.089573+00:00', '--job-id', '1063', '--raw', '--subdir', 'DAGS_FOLDER/mlb_parser.py', '--cfg-path', '/tmp/tmpoafg7jru']
[2023-09-17T07:09:51.188+0000] {standard_task_runner.py:85} INFO - Job 1063: Subtask data_clean
[2023-09-17T07:09:51.220+0000] {task_command.py:415} INFO - Running <TaskInstance: mlb_parser.data_clean manual__2023-09-17T07:09:28.089573+00:00 [running]> on host 41ed285d8c3c
[2023-09-17T07:09:51.268+0000] {taskinstance.py:1660} INFO - Exporting env vars: AIRFLOW_CTX_DAG_OWNER='andy_hsu' AIRFLOW_CTX_DAG_ID='mlb_parser' AIRFLOW_CTX_TASK_ID='data_clean' AIRFLOW_CTX_EXECUTION_DATE='2023-09-17T07:09:28.089573+00:00' AIRFLOW_CTX_TRY_NUMBER='1' AIRFLOW_CTX_DAG_RUN_ID='manual__2023-09-17T07:09:28.089573+00:00'
[2023-09-17T07:09:51.278+0000] {logging_mixin.py:151} INFO - ['nationals', 'braves', 'mets', 'marlins', 'phillies', 'brewers', 'cubs', 'reds', 'pirates', 'cardinals', 'dodgers', 'giants', 'padres', 'rockies', 'dbacks', 'astros', 'angels', 'rangers', 'athletics', 'mariners', 'twins', 'guardians', 'tigers', 'whitesox', 'royals', 'orioles', 'rays', 'bluejays', 'redsox', 'yankees']
[2023-09-17T07:09:51.279+0000] {logging_mixin.py:151} INFO - https://www.mlb.com/nationals/stats/
[2023-09-17T07:09:51.706+0000] {logging_mixin.py:151} INFO - https://www.mlb.com/braves/stats/
[2023-09-17T07:09:51.957+0000] {logging_mixin.py:151} INFO - https://www.mlb.com/mets/stats/
[2023-09-17T07:09:52.233+0000] {logging_mixin.py:151} INFO - https://www.mlb.com/marlins/stats/
[2023-09-17T07:09:52.495+0000] {logging_mixin.py:151} INFO - https://www.mlb.com/phillies/stats/
[2023-09-17T07:09:52.778+0000] {logging_mixin.py:151} INFO - https://www.mlb.com/brewers/stats/
[2023-09-17T07:09:53.831+0000] {logging_mixin.py:151} INFO - https://www.mlb.com/cubs/stats/
[2023-09-17T07:09:54.105+0000] {logging_mixin.py:151} INFO - https://www.mlb.com/reds/stats/
[2023-09-17T07:09:54.369+0000] {logging_mixin.py:151} INFO - https://www.mlb.com/pirates/stats/
[2023-09-17T07:09:54.749+0000] {logging_mixin.py:151} INFO - https://www.mlb.com/cardinals/stats/
[2023-09-17T07:09:55.072+0000] {logging_mixin.py:151} INFO - https://www.mlb.com/dodgers/stats/
[2023-09-17T07:09:55.342+0000] {logging_mixin.py:151} INFO - https://www.mlb.com/giants/stats/
[2023-09-17T07:09:55.695+0000] {logging_mixin.py:151} INFO - https://www.mlb.com/padres/stats/
[2023-09-17T07:09:55.975+0000] {logging_mixin.py:151} INFO - https://www.mlb.com/rockies/stats/
[2023-09-17T07:09:56.235+0000] {logging_mixin.py:151} INFO - https://www.mlb.com/dbacks/stats/
[2023-09-17T07:09:56.519+0000] {logging_mixin.py:151} INFO - https://www.mlb.com/astros/stats/
[2023-09-17T07:09:56.776+0000] {logging_mixin.py:151} INFO - https://www.mlb.com/angels/stats/
[2023-09-17T07:09:57.077+0000] {logging_mixin.py:151} INFO - https://www.mlb.com/rangers/stats/
[2023-09-17T07:09:57.473+0000] {logging_mixin.py:151} INFO - https://www.mlb.com/athletics/stats/
[2023-09-17T07:09:57.773+0000] {logging_mixin.py:151} INFO - https://www.mlb.com/mariners/stats/
[2023-09-17T07:09:58.220+0000] {logging_mixin.py:151} INFO - https://www.mlb.com/twins/stats/
[2023-09-17T07:09:58.476+0000] {logging_mixin.py:151} INFO - https://www.mlb.com/guardians/stats/
[2023-09-17T07:09:58.754+0000] {logging_mixin.py:151} INFO - https://www.mlb.com/tigers/stats/
[2023-09-17T07:09:59.060+0000] {logging_mixin.py:151} INFO - https://www.mlb.com/whitesox/stats/
[2023-09-17T07:09:59.723+0000] {logging_mixin.py:151} INFO - https://www.mlb.com/royals/stats/
[2023-09-17T07:10:00.104+0000] {logging_mixin.py:151} INFO - https://www.mlb.com/orioles/stats/
[2023-09-17T07:10:00.392+0000] {logging_mixin.py:151} INFO - https://www.mlb.com/rays/stats/
[2023-09-17T07:10:00.701+0000] {logging_mixin.py:151} INFO - https://www.mlb.com/bluejays/stats/
[2023-09-17T07:10:01.021+0000] {logging_mixin.py:151} INFO - https://www.mlb.com/redsox/stats/
[2023-09-17T07:10:01.319+0000] {logging_mixin.py:151} INFO - https://www.mlb.com/yankees/stats/
[2023-09-17T07:10:01.709+0000] {python.py:194} INFO - Done. Returned value was: None
[2023-09-17T07:10:01.716+0000] {taskinstance.py:1400} INFO - Marking task as SUCCESS. dag_id=mlb_parser, task_id=data_clean, execution_date=20230917T070928, start_date=20230917T070951, end_date=20230917T071001
[2023-09-17T07:10:01.776+0000] {local_task_job_runner.py:228} INFO - Task exited with return code 0
[2023-09-17T07:10:01.791+0000] {taskinstance.py:2784} INFO - 2 downstream tasks scheduled from follow-on schedule check
