[2023-09-17T06:48:10.300+0000] {taskinstance.py:1159} INFO - Dependencies all met for dep_context=non-requeueable deps ti=<TaskInstance: mlb_parser.data_clean manual__2023-09-17T06:48:04.389503+00:00 [queued]>
[2023-09-17T06:48:10.307+0000] {taskinstance.py:1159} INFO - Dependencies all met for dep_context=requeueable deps ti=<TaskInstance: mlb_parser.data_clean manual__2023-09-17T06:48:04.389503+00:00 [queued]>
[2023-09-17T06:48:10.308+0000] {taskinstance.py:1361} INFO - Starting attempt 1 of 2
[2023-09-17T06:48:10.315+0000] {taskinstance.py:1382} INFO - Executing <Task(PythonOperator): data_clean> on 2023-09-17 06:48:04.389503+00:00
[2023-09-17T06:48:10.319+0000] {standard_task_runner.py:57} INFO - Started process 5626 to run task
[2023-09-17T06:48:10.322+0000] {standard_task_runner.py:84} INFO - Running: ['***', 'tasks', 'run', 'mlb_parser', 'data_clean', 'manual__2023-09-17T06:48:04.389503+00:00', '--job-id', '1001', '--raw', '--subdir', 'DAGS_FOLDER/mlb_parser.py', '--cfg-path', '/tmp/tmpb3x7pejy']
[2023-09-17T06:48:10.324+0000] {standard_task_runner.py:85} INFO - Job 1001: Subtask data_clean
[2023-09-17T06:48:10.355+0000] {task_command.py:415} INFO - Running <TaskInstance: mlb_parser.data_clean manual__2023-09-17T06:48:04.389503+00:00 [running]> on host 41ed285d8c3c
[2023-09-17T06:48:10.402+0000] {taskinstance.py:1660} INFO - Exporting env vars: AIRFLOW_CTX_DAG_OWNER='andy_hsu' AIRFLOW_CTX_DAG_ID='mlb_parser' AIRFLOW_CTX_TASK_ID='data_clean' AIRFLOW_CTX_EXECUTION_DATE='2023-09-17T06:48:04.389503+00:00' AIRFLOW_CTX_TRY_NUMBER='1' AIRFLOW_CTX_DAG_RUN_ID='manual__2023-09-17T06:48:04.389503+00:00'
[2023-09-17T06:48:10.412+0000] {logging_mixin.py:151} INFO - ['nationals', 'braves', 'mets', 'marlins', 'phillies', 'brewers', 'cubs', 'reds', 'pirates', 'cardinals', 'dodgers', 'giants', 'padres', 'rockies', 'dbacks', 'astros', 'angels', 'rangers', 'athletics', 'mariners', 'twins', 'guardians', 'tigers', 'whitesox', 'royals', 'orioles', 'rays', 'bluejays', 'redsox', 'yankees']
[2023-09-17T06:48:10.414+0000] {logging_mixin.py:151} INFO - https://www.mlb.com/nationals/stats/
[2023-09-17T06:48:11.811+0000] {logging_mixin.py:151} INFO - https://www.mlb.com/braves/stats/
[2023-09-17T06:48:13.165+0000] {logging_mixin.py:151} INFO - https://www.mlb.com/mets/stats/
[2023-09-17T06:48:15.356+0000] {logging_mixin.py:151} INFO - https://www.mlb.com/marlins/stats/
[2023-09-17T06:48:17.522+0000] {logging_mixin.py:151} INFO - https://www.mlb.com/phillies/stats/
[2023-09-17T06:48:18.786+0000] {logging_mixin.py:151} INFO - https://www.mlb.com/brewers/stats/
[2023-09-17T06:48:21.301+0000] {logging_mixin.py:151} INFO - https://www.mlb.com/cubs/stats/
[2023-09-17T06:48:21.873+0000] {logging_mixin.py:151} INFO - https://www.mlb.com/reds/stats/
[2023-09-17T06:48:23.058+0000] {logging_mixin.py:151} INFO - https://www.mlb.com/pirates/stats/
[2023-09-17T06:48:24.389+0000] {logging_mixin.py:151} INFO - https://www.mlb.com/cardinals/stats/
[2023-09-17T06:48:25.869+0000] {logging_mixin.py:151} INFO - https://www.mlb.com/dodgers/stats/
[2023-09-17T06:48:27.359+0000] {logging_mixin.py:151} INFO - https://www.mlb.com/giants/stats/
[2023-09-17T06:48:28.834+0000] {logging_mixin.py:151} INFO - https://www.mlb.com/padres/stats/
[2023-09-17T06:48:31.000+0000] {logging_mixin.py:151} INFO - https://www.mlb.com/rockies/stats/
[2023-09-17T06:48:33.439+0000] {logging_mixin.py:151} INFO - https://www.mlb.com/dbacks/stats/
[2023-09-17T06:48:36.466+0000] {logging_mixin.py:151} INFO - https://www.mlb.com/astros/stats/
[2023-09-17T06:48:37.640+0000] {logging_mixin.py:151} INFO - https://www.mlb.com/angels/stats/
[2023-09-17T06:48:39.007+0000] {logging_mixin.py:151} INFO - https://www.mlb.com/rangers/stats/
[2023-09-17T06:48:41.410+0000] {logging_mixin.py:151} INFO - https://www.mlb.com/athletics/stats/
[2023-09-17T06:48:42.660+0000] {logging_mixin.py:151} INFO - https://www.mlb.com/mariners/stats/
[2023-09-17T06:48:43.892+0000] {logging_mixin.py:151} INFO - https://www.mlb.com/twins/stats/
[2023-09-17T06:48:45.271+0000] {logging_mixin.py:151} INFO - https://www.mlb.com/guardians/stats/
[2023-09-17T06:48:46.509+0000] {logging_mixin.py:151} INFO - https://www.mlb.com/tigers/stats/
[2023-09-17T06:48:49.379+0000] {logging_mixin.py:151} INFO - https://www.mlb.com/whitesox/stats/
[2023-09-17T06:48:51.463+0000] {logging_mixin.py:151} INFO - https://www.mlb.com/royals/stats/
[2023-09-17T06:48:51.801+0000] {logging_mixin.py:151} INFO - https://www.mlb.com/orioles/stats/
[2023-09-17T06:48:52.151+0000] {logging_mixin.py:151} INFO - https://www.mlb.com/rays/stats/
[2023-09-17T06:48:52.514+0000] {logging_mixin.py:151} INFO - https://www.mlb.com/bluejays/stats/
[2023-09-17T06:48:52.821+0000] {logging_mixin.py:151} INFO - https://www.mlb.com/redsox/stats/
[2023-09-17T06:48:53.094+0000] {logging_mixin.py:151} INFO - https://www.mlb.com/yankees/stats/
[2023-09-17T06:48:53.439+0000] {python.py:194} INFO - Done. Returned value was: None
[2023-09-17T06:48:53.446+0000] {taskinstance.py:1400} INFO - Marking task as SUCCESS. dag_id=mlb_parser, task_id=data_clean, execution_date=20230917T064804, start_date=20230917T064810, end_date=20230917T064853
[2023-09-17T06:48:53.503+0000] {local_task_job_runner.py:228} INFO - Task exited with return code 0
[2023-09-17T06:48:53.519+0000] {taskinstance.py:2784} INFO - 2 downstream tasks scheduled from follow-on schedule check
