[2023-09-27T04:01:15.871+0000] {taskinstance.py:1159} INFO - Dependencies all met for dep_context=non-requeueable deps ti=<TaskInstance: mlb_parser.task_avg_lead_to_sql scheduled__2023-09-26T04:00:00+00:00 [queued]>
[2023-09-27T04:01:15.876+0000] {taskinstance.py:1159} INFO - Dependencies all met for dep_context=requeueable deps ti=<TaskInstance: mlb_parser.task_avg_lead_to_sql scheduled__2023-09-26T04:00:00+00:00 [queued]>
[2023-09-27T04:01:15.877+0000] {taskinstance.py:1361} INFO - Starting attempt 1 of 2
[2023-09-27T04:01:15.885+0000] {taskinstance.py:1382} INFO - Executing <Task(PythonOperator): task_avg_lead_to_sql> on 2023-09-26 04:00:00+00:00
[2023-09-27T04:01:15.889+0000] {standard_task_runner.py:57} INFO - Started process 78431 to run task
[2023-09-27T04:01:15.892+0000] {standard_task_runner.py:84} INFO - Running: ['***', 'tasks', 'run', 'mlb_parser', 'task_avg_lead_to_sql', 'scheduled__2023-09-26T04:00:00+00:00', '--job-id', '1582', '--raw', '--subdir', 'DAGS_FOLDER/mlb_parser_hit.py', '--cfg-path', '/tmp/tmpv8a4q3s8']
[2023-09-27T04:01:15.895+0000] {standard_task_runner.py:85} INFO - Job 1582: Subtask task_avg_lead_to_sql
[2023-09-27T04:01:15.926+0000] {task_command.py:415} INFO - Running <TaskInstance: mlb_parser.task_avg_lead_to_sql scheduled__2023-09-26T04:00:00+00:00 [running]> on host d98c068596b4
[2023-09-27T04:01:15.975+0000] {taskinstance.py:1660} INFO - Exporting env vars: AIRFLOW_CTX_DAG_OWNER='andy_hsu' AIRFLOW_CTX_DAG_ID='mlb_parser' AIRFLOW_CTX_TASK_ID='task_avg_lead_to_sql' AIRFLOW_CTX_EXECUTION_DATE='2023-09-26T04:00:00+00:00' AIRFLOW_CTX_TRY_NUMBER='1' AIRFLOW_CTX_DAG_RUN_ID='scheduled__2023-09-26T04:00:00+00:00'
[2023-09-27T04:01:15.997+0000] {logging_mixin.py:151} INFO -               name pos team    g   ab  ...   so    obp    slg       avg  record_date
0      Luis Arraez  2B  MIA  146  573  ...   34  0.392  0.468  0.352531   2023-09-27
1     Ronald Acuna  RF  ATL  154  629  ...   82  0.414  0.598  0.335453   2023-09-27
2  Freddie Freeman  1B  LAD  156  619  ...  117  0.410  0.564  0.332795   2023-09-27
3     Corey Seager  SS  TEX  114  458  ...   83  0.394  0.640  0.331878   2023-09-27
4       Yandy Diaz  1B   TB  135  522  ...   93  0.408  0.515  0.327586   2023-09-27
5      Jose Altuve  2B  HOU   86  340  ...   66  0.397  0.532  0.311765   2023-09-27
6     Mookie Betts  RF  LAD  147  569  ...  105  0.409  0.589  0.309315   2023-09-27
7   Cody Bellinger  CF  CHC  126  482  ...   84  0.359  0.533  0.309129   2023-09-27
8   Harold Ramirez  DH   TB  118  384  ...   77  0.349  0.448  0.307292   2023-09-27
9      Josh Naylor  1B  CLE  117  438  ...   67  0.349  0.489  0.305936   2023-09-27

[10 rows x 12 columns]
[2023-09-27T04:01:16.009+0000] {logging_mixin.py:151} INFO - job done
[2023-09-27T04:01:16.010+0000] {python.py:194} INFO - Done. Returned value was: None
[2023-09-27T04:01:16.016+0000] {taskinstance.py:1400} INFO - Marking task as SUCCESS. dag_id=mlb_parser, task_id=task_avg_lead_to_sql, execution_date=20230926T040000, start_date=20230927T040115, end_date=20230927T040116
[2023-09-27T04:01:16.065+0000] {local_task_job_runner.py:228} INFO - Task exited with return code 0
[2023-09-27T04:01:16.076+0000] {taskinstance.py:2784} INFO - 0 downstream tasks scheduled from follow-on schedule check
