[2023-10-12T07:15:01.609+0000] {taskinstance.py:1159} INFO - Dependencies all met for dep_context=non-requeueable deps ti=<TaskInstance: dag_with_postgres_operator_v02.create_postgre_table scheduled__2023-10-11T00:00:00+00:00 [queued]>
[2023-10-12T07:15:01.619+0000] {taskinstance.py:1159} INFO - Dependencies all met for dep_context=requeueable deps ti=<TaskInstance: dag_with_postgres_operator_v02.create_postgre_table scheduled__2023-10-11T00:00:00+00:00 [queued]>
[2023-10-12T07:15:01.620+0000] {taskinstance.py:1361} INFO - Starting attempt 1 of 6
[2023-10-12T07:15:01.633+0000] {taskinstance.py:1382} INFO - Executing <Task(PostgresOperator): create_postgre_table> on 2023-10-11 00:00:00+00:00
[2023-10-12T07:15:01.640+0000] {standard_task_runner.py:57} INFO - Started process 274 to run task
[2023-10-12T07:15:01.646+0000] {standard_task_runner.py:84} INFO - Running: ['***', 'tasks', 'run', 'dag_with_postgres_operator_v02', 'create_postgre_table', 'scheduled__2023-10-11T00:00:00+00:00', '--job-id', '1797', '--raw', '--subdir', 'DAGS_FOLDER/dag_with_postgre_operator.py', '--cfg-path', '/tmp/tmpt_agdudp']
[2023-10-12T07:15:01.650+0000] {standard_task_runner.py:85} INFO - Job 1797: Subtask create_postgre_table
[2023-10-12T07:15:01.723+0000] {task_command.py:415} INFO - Running <TaskInstance: dag_with_postgres_operator_v02.create_postgre_table scheduled__2023-10-11T00:00:00+00:00 [running]> on host d98c068596b4
[2023-10-12T07:15:01.809+0000] {taskinstance.py:1660} INFO - Exporting env vars: AIRFLOW_CTX_DAG_OWNER='andy_hsu' AIRFLOW_CTX_DAG_ID='dag_with_postgres_operator_v02' AIRFLOW_CTX_TASK_ID='create_postgre_table' AIRFLOW_CTX_EXECUTION_DATE='2023-10-11T00:00:00+00:00' AIRFLOW_CTX_TRY_NUMBER='1' AIRFLOW_CTX_DAG_RUN_ID='scheduled__2023-10-11T00:00:00+00:00'
[2023-10-12T07:15:01.811+0000] {sql.py:274} INFO - Executing: 
            create table if not exists dag_runs (
                dt date,
                dag_id character varying,
                primary key (dt, dag_id)
            )
            
[2023-10-12T07:15:01.823+0000] {base.py:73} INFO - Using connection ID 'postgres_localhost' for task execution.
[2023-10-12T07:15:01.844+0000] {base.py:73} INFO - Using connection ID 'postgres_localhost' for task execution.
[2023-10-12T07:15:01.864+0000] {sql.py:418} INFO - Running statement: 
            create table if not exists dag_runs (
                dt date,
                dag_id character varying,
                primary key (dt, dag_id)
            )
            , parameters: None
[2023-10-12T07:15:01.884+0000] {taskinstance.py:1400} INFO - Marking task as SUCCESS. dag_id=dag_with_postgres_operator_v02, task_id=create_postgre_table, execution_date=20231011T000000, start_date=20231012T071501, end_date=20231012T071501
[2023-10-12T07:15:01.938+0000] {local_task_job_runner.py:228} INFO - Task exited with return code 0
[2023-10-12T07:15:01.973+0000] {taskinstance.py:2784} INFO - 1 downstream tasks scheduled from follow-on schedule check
