[2023-09-15T07:18:43.160+0000] {taskinstance.py:1159} INFO - Dependencies all met for dep_context=non-requeueable deps ti=<TaskInstance: mlb_parser.output_hr_df manual__2023-09-15T07:18:30.386227+00:00 [queued]>
[2023-09-15T07:18:43.167+0000] {taskinstance.py:1159} INFO - Dependencies all met for dep_context=requeueable deps ti=<TaskInstance: mlb_parser.output_hr_df manual__2023-09-15T07:18:30.386227+00:00 [queued]>
[2023-09-15T07:18:43.168+0000] {taskinstance.py:1361} INFO - Starting attempt 1 of 2
[2023-09-15T07:18:43.176+0000] {taskinstance.py:1382} INFO - Executing <Task(PythonOperator): output_hr_df> on 2023-09-15 07:18:30.386227+00:00
[2023-09-15T07:18:43.182+0000] {standard_task_runner.py:57} INFO - Started process 24051 to run task
[2023-09-15T07:18:43.185+0000] {standard_task_runner.py:84} INFO - Running: ['***', 'tasks', 'run', 'mlb_parser', 'output_hr_df', 'manual__2023-09-15T07:18:30.386227+00:00', '--job-id', '809', '--raw', '--subdir', 'DAGS_FOLDER/mlb_parser.py', '--cfg-path', '/tmp/tmpimnzue5o']
[2023-09-15T07:18:43.188+0000] {standard_task_runner.py:85} INFO - Job 809: Subtask output_hr_df
[2023-09-15T07:18:43.229+0000] {task_command.py:415} INFO - Running <TaskInstance: mlb_parser.output_hr_df manual__2023-09-15T07:18:30.386227+00:00 [running]> on host 2e8147b3a465
[2023-09-15T07:18:43.289+0000] {taskinstance.py:1660} INFO - Exporting env vars: AIRFLOW_CTX_DAG_OWNER='andy_hsu' AIRFLOW_CTX_DAG_ID='mlb_parser' AIRFLOW_CTX_TASK_ID='output_hr_df' AIRFLOW_CTX_EXECUTION_DATE='2023-09-15T07:18:30.386227+00:00' AIRFLOW_CTX_TRY_NUMBER='1' AIRFLOW_CTX_DAG_RUN_ID='manual__2023-09-15T07:18:30.386227+00:00'
[2023-09-15T07:18:43.301+0000] {logging_mixin.py:151} INFO - [['Lane Thomas', 'RF', 'WSH', 142, 563, 24, 78, 33, 156, 0.324, 0.472, datetime.date(2023, 9, 15)], ['CJ Abrams', 'SS', 'WSH', 136, 499, 18, 57, 27, 106, 0.303, 0.421, datetime.date(2023, 9, 15)], ['Keibert Ruiz', 'C', 'WSH', 123, 465, 17, 60, 30, 49, 0.308, 0.409, datetime.date(2023, 9, 15)], ['Joey Meneses', 'DH', 'WSH', 139, 550, 11, 79, 35, 117, 0.326, 0.402, datetime.date(2023, 9, 15)], ['Stone Garrett', 'LF', 'WSH', 89, 234, 9, 40, 26, 82, 0.343, 0.457, datetime.date(2023, 9, 15)], ['Dominic Smith', '1B', 'WSH', 140, 483, 9, 42, 41, 84, 0.332, 0.364, datetime.date(2023, 9, 15)], ['Alex Call', 'CF', 'WSH', 122, 365, 7, 36, 50, 76, 0.3, 0.293, datetime.date(2023, 9, 15)], ['Luis Garcia', '2B', 'WSH', 107, 398, 6, 44, 22, 54, 0.286, 0.349, datetime.date(2023, 9, 15)], ['Ildemaro Vargas', '3B', 'WSH', 76, 228, 4, 28, 16, 15, 0.305, 0.364, datetime.date(2023, 9, 15)], ['Riley Adams', 'C', 'WSH', 44, 143, 4, 21, 11, 45, 0.331, 0.476, datetime.date(2023, 9, 15)]]
[2023-09-15T07:18:43.317+0000] {logging_mixin.py:151} INFO -                 0   1    2    3    4   ...  7    8      9      10          11
0      Lane Thomas  RF  WSH  142  563  ...  33  156  0.324  0.472  2023-09-15
1        CJ Abrams  SS  WSH  136  499  ...  27  106  0.303  0.421  2023-09-15
2     Keibert Ruiz   C  WSH  123  465  ...  30   49  0.308  0.409  2023-09-15
3     Joey Meneses  DH  WSH  139  550  ...  35  117  0.326  0.402  2023-09-15
4    Stone Garrett  LF  WSH   89  234  ...  26   82  0.343  0.457  2023-09-15
5    Dominic Smith  1B  WSH  140  483  ...  41   84  0.332  0.364  2023-09-15
6        Alex Call  CF  WSH  122  365  ...  50   76  0.300  0.293  2023-09-15
7      Luis Garcia  2B  WSH  107  398  ...  22   54  0.286  0.349  2023-09-15
8  Ildemaro Vargas  3B  WSH   76  228  ...  16   15  0.305  0.364  2023-09-15
9      Riley Adams   C  WSH   44  143  ...  11   45  0.331  0.476  2023-09-15

[10 rows x 12 columns]
[2023-09-15T07:18:43.318+0000] {python.py:194} INFO - Done. Returned value was: None
[2023-09-15T07:18:43.326+0000] {taskinstance.py:1400} INFO - Marking task as SUCCESS. dag_id=mlb_parser, task_id=output_hr_df, execution_date=20230915T071830, start_date=20230915T071843, end_date=20230915T071843
[2023-09-15T07:18:43.360+0000] {local_task_job_runner.py:228} INFO - Task exited with return code 0
[2023-09-15T07:18:43.374+0000] {taskinstance.py:2784} INFO - 1 downstream tasks scheduled from follow-on schedule check
