[2023-09-11T06:31:40.454+0000] {taskinstance.py:1159} INFO - Dependencies all met for dep_context=non-requeueable deps ti=<TaskInstance: mlb_parser.data_clean manual__2023-09-11T06:31:36.989113+00:00 [queued]>
[2023-09-11T06:31:40.460+0000] {taskinstance.py:1159} INFO - Dependencies all met for dep_context=requeueable deps ti=<TaskInstance: mlb_parser.data_clean manual__2023-09-11T06:31:36.989113+00:00 [queued]>
[2023-09-11T06:31:40.462+0000] {taskinstance.py:1361} INFO - Starting attempt 1 of 6
[2023-09-11T06:31:40.477+0000] {taskinstance.py:1382} INFO - Executing <Task(PythonOperator): data_clean> on 2023-09-11 06:31:36.989113+00:00
[2023-09-11T06:31:40.483+0000] {standard_task_runner.py:57} INFO - Started process 16064 to run task
[2023-09-11T06:31:40.489+0000] {standard_task_runner.py:84} INFO - Running: ['***', 'tasks', 'run', 'mlb_parser', 'data_clean', 'manual__2023-09-11T06:31:36.989113+00:00', '--job-id', '351', '--raw', '--subdir', 'DAGS_FOLDER/mlb_parser.py', '--cfg-path', '/tmp/tmpo8w6ps14']
[2023-09-11T06:31:40.493+0000] {standard_task_runner.py:85} INFO - Job 351: Subtask data_clean
[2023-09-11T06:31:43.807+0000] {task_command.py:415} INFO - Running <TaskInstance: mlb_parser.data_clean manual__2023-09-11T06:31:36.989113+00:00 [running]> on host 2e8147b3a465
[2023-09-11T06:31:44.117+0000] {taskinstance.py:1660} INFO - Exporting env vars: AIRFLOW_CTX_DAG_OWNER='andy_hsu' AIRFLOW_CTX_DAG_ID='mlb_parser' AIRFLOW_CTX_TASK_ID='data_clean' AIRFLOW_CTX_EXECUTION_DATE='2023-09-11T06:31:36.989113+00:00' AIRFLOW_CTX_TRY_NUMBER='1' AIRFLOW_CTX_DAG_RUN_ID='manual__2023-09-11T06:31:36.989113+00:00'
[2023-09-11T06:31:44.221+0000] {logging_mixin.py:151} INFO - https://www.mlb.com/nationals/stats/
[2023-09-11T06:31:46.004+0000] {taskinstance.py:1943} ERROR - Task failed with exception
Traceback (most recent call last):
  File "/home/airflow/.local/lib/python3.8/site-packages/airflow/operators/python.py", line 192, in execute
    return_value = self.execute_callable()
  File "/home/airflow/.local/lib/python3.8/site-packages/airflow/operators/python.py", line 209, in execute_callable
    return self.python_callable(*self.op_args, **self.op_kwargs)
  File "/opt/airflow/dags/mlb_parser.py", line 127, in main
    team_record = crawler_team(t)
  File "/opt/airflow/dags/mlb_parser.py", line 42, in crawler_team
    soup = bs4.BeautifulSoup(res.text, "html5lib")
  File "/home/airflow/.local/lib/python3.8/site-packages/bs4/__init__.py", line 250, in __init__
    raise FeatureNotFound(
bs4.FeatureNotFound: Couldn't find a tree builder with the features you requested: html5lib. Do you need to install a parser library?
[2023-09-11T06:31:46.019+0000] {taskinstance.py:1400} INFO - Marking task as UP_FOR_RETRY. dag_id=mlb_parser, task_id=data_clean, execution_date=20230911T063136, start_date=20230911T063140, end_date=20230911T063146
[2023-09-11T06:31:46.026+0000] {standard_task_runner.py:104} ERROR - Failed to execute job 351 for task data_clean (Couldn't find a tree builder with the features you requested: html5lib. Do you need to install a parser library?; 16064)
[2023-09-11T06:31:46.040+0000] {local_task_job_runner.py:228} INFO - Task exited with return code 1
[2023-09-11T06:31:46.050+0000] {taskinstance.py:2784} INFO - 0 downstream tasks scheduled from follow-on schedule check
