[2023-09-23T04:01:04.237+0000] {taskinstance.py:1159} INFO - Dependencies all met for dep_context=non-requeueable deps ti=<TaskInstance: mlb_parser_ranking.get_rank scheduled__2023-09-22T03:55:00+00:00 [queued]>
[2023-09-23T04:01:04.242+0000] {taskinstance.py:1159} INFO - Dependencies all met for dep_context=requeueable deps ti=<TaskInstance: mlb_parser_ranking.get_rank scheduled__2023-09-22T03:55:00+00:00 [queued]>
[2023-09-23T04:01:04.243+0000] {taskinstance.py:1361} INFO - Starting attempt 2 of 2
[2023-09-23T04:01:04.250+0000] {taskinstance.py:1382} INFO - Executing <Task(PythonOperator): get_rank> on 2023-09-22 03:55:00+00:00
[2023-09-23T04:01:04.253+0000] {standard_task_runner.py:57} INFO - Started process 57680 to run task
[2023-09-23T04:01:04.256+0000] {standard_task_runner.py:84} INFO - Running: ['***', 'tasks', 'run', 'mlb_parser_ranking', 'get_rank', 'scheduled__2023-09-22T03:55:00+00:00', '--job-id', '1453', '--raw', '--subdir', 'DAGS_FOLDER/mlb_parser_ranking.py', '--cfg-path', '/tmp/tmpyb3bsl3x']
[2023-09-23T04:01:04.258+0000] {standard_task_runner.py:85} INFO - Job 1453: Subtask get_rank
[2023-09-23T04:01:04.287+0000] {task_command.py:415} INFO - Running <TaskInstance: mlb_parser_ranking.get_rank scheduled__2023-09-22T03:55:00+00:00 [running]> on host d98c068596b4
[2023-09-23T04:01:04.332+0000] {taskinstance.py:1660} INFO - Exporting env vars: AIRFLOW_CTX_DAG_OWNER='andy_hsu' AIRFLOW_CTX_DAG_ID='mlb_parser_ranking' AIRFLOW_CTX_TASK_ID='get_rank' AIRFLOW_CTX_EXECUTION_DATE='2023-09-22T03:55:00+00:00' AIRFLOW_CTX_TRY_NUMBER='2' AIRFLOW_CTX_DAG_RUN_ID='scheduled__2023-09-22T03:55:00+00:00'
[2023-09-23T04:01:04.772+0000] {logging_mixin.py:151} INFO - {'div_name': 'American League East', 'teams': [{'name': 'Baltimore Orioles', 'div_rank': '1', 'w': 95, 'l': 59, 'gb': '-', 'wc_rank': '-', 'wc_gb': '-', 'wc_elim_num': '-', 'elim_num': '-', 'team_id': 110}, {'name': 'Tampa Bay Rays', 'div_rank': '2', 'w': 94, 'l': 61, 'gb': '1.5', 'wc_rank': '1', 'wc_gb': '+8.5', 'wc_elim_num': '-', 'elim_num': '7', 'team_id': 139}, {'name': 'Toronto Blue Jays', 'div_rank': '3', 'w': 86, 'l': 68, 'gb': '9.0', 'wc_rank': '2', 'wc_gb': '+1.0', 'wc_elim_num': '-', 'elim_num': 'E', 'team_id': 141}, {'name': 'New York Yankees', 'div_rank': '4', 'w': 78, 'l': 76, 'gb': '17.0', 'wc_rank': '5', 'wc_gb': '7.0', 'wc_elim_num': '2', 'elim_num': 'E', 'team_id': 147}, {'name': 'Boston Red Sox', 'div_rank': '5', 'w': 76, 'l': 78, 'gb': '19.0', 'wc_rank': '6', 'wc_gb': '9.0', 'wc_elim_num': 'E', 'elim_num': 'E', 'team_id': 111}]}
[2023-09-23T04:01:04.775+0000] {logging_mixin.py:151} INFO - {'div_name': 'American League Central', 'teams': [{'name': 'Minnesota Twins', 'div_rank': '1', 'w': 82, 'l': 72, 'gb': '-', 'wc_rank': '-', 'wc_gb': '-', 'wc_elim_num': '-', 'elim_num': '-', 'team_id': 142}, {'name': 'Cleveland Guardians', 'div_rank': '2', 'w': 74, 'l': 81, 'gb': '8.5', 'wc_rank': '7', 'wc_gb': '11.5', 'wc_elim_num': 'E', 'elim_num': 'E', 'team_id': 114}, {'name': 'Detroit Tigers', 'div_rank': '3', 'w': 72, 'l': 81, 'gb': '9.5', 'wc_rank': '8', 'wc_gb': '12.5', 'wc_elim_num': 'E', 'elim_num': 'E', 'team_id': 116}, {'name': 'Chicago White Sox', 'div_rank': '4', 'w': 58, 'l': 96, 'gb': '24.0', 'wc_rank': '10', 'wc_gb': '27.0', 'wc_elim_num': 'E', 'elim_num': 'E', 'team_id': 145}, {'name': 'Kansas City Royals', 'div_rank': '5', 'w': 52, 'l': 102, 'gb': '30.0', 'wc_rank': '11', 'wc_gb': '33.0', 'wc_elim_num': 'E', 'elim_num': 'E', 'team_id': 118}]}
[2023-09-23T04:01:04.777+0000] {logging_mixin.py:151} INFO - {'div_name': 'American League West', 'teams': [{'name': 'Texas Rangers', 'div_rank': '1', 'w': 85, 'l': 68, 'gb': '-', 'wc_rank': '-', 'wc_gb': '-', 'wc_elim_num': '-', 'elim_num': '-', 'team_id': 140}, {'name': 'Houston Astros', 'div_rank': '2', 'w': 85, 'l': 69, 'gb': '0.5', 'wc_rank': '3', 'wc_gb': '-', 'wc_elim_num': '-', 'elim_num': '9', 'team_id': 117}, {'name': 'Seattle Mariners', 'div_rank': '3', 'w': 84, 'l': 69, 'gb': '1.0', 'wc_rank': '4', 'wc_gb': '0.5', 'wc_elim_num': '9', 'elim_num': '9', 'team_id': 136}, {'name': 'Los Angeles Angels', 'div_rank': '4', 'w': 69, 'l': 85, 'gb': '16.5', 'wc_rank': '9', 'wc_gb': '16.0', 'wc_elim_num': 'E', 'elim_num': 'E', 'team_id': 108}, {'name': 'Oakland Athletics', 'div_rank': '5', 'w': 46, 'l': 107, 'gb': '39.0', 'wc_rank': '12', 'wc_gb': '38.5', 'wc_elim_num': 'E', 'elim_num': 'E', 'team_id': 133}]}
[2023-09-23T04:01:04.781+0000] {logging_mixin.py:151} INFO - {'div_name': 'National League East', 'teams': [{'name': 'Atlanta Braves', 'div_rank': '1', 'w': 99, 'l': 55, 'gb': '-', 'wc_rank': '-', 'wc_gb': '-', 'wc_elim_num': '-', 'elim_num': '-', 'team_id': 144}, {'name': 'Philadelphia Phillies', 'div_rank': '2', 'w': 85, 'l': 69, 'gb': '14.0', 'wc_rank': '1', 'wc_gb': '+5.0', 'wc_elim_num': '-', 'elim_num': 'E', 'team_id': 143}, {'name': 'Miami Marlins', 'div_rank': '3', 'w': 79, 'l': 75, 'gb': '20.0', 'wc_rank': '4', 'wc_gb': '1.0', 'wc_elim_num': '8', 'elim_num': 'E', 'team_id': 146}, {'name': 'New York Mets', 'div_rank': '4', 'w': 71, 'l': 83, 'gb': '28.0', 'wc_rank': '9', 'wc_gb': '9.0', 'wc_elim_num': 'E', 'elim_num': 'E', 'team_id': 121}, {'name': 'Washington Nationals', 'div_rank': '5', 'w': 68, 'l': 87, 'gb': '31.5', 'wc_rank': '10', 'wc_gb': '12.5', 'wc_elim_num': 'E', 'elim_num': 'E', 'team_id': 120}]}
[2023-09-23T04:01:04.783+0000] {logging_mixin.py:151} INFO - {'div_name': 'National League Central', 'teams': [{'name': 'Milwaukee Brewers', 'div_rank': '1', 'w': 88, 'l': 66, 'gb': '-', 'wc_rank': '-', 'wc_gb': '-', 'wc_elim_num': '-', 'elim_num': '-', 'team_id': 158}, {'name': 'Chicago Cubs', 'div_rank': '2', 'w': 80, 'l': 74, 'gb': '8.0', 'wc_rank': '3', 'wc_gb': '-', 'wc_elim_num': '-', 'elim_num': '1', 'team_id': 112}, {'name': 'Cincinnati Reds', 'div_rank': '3', 'w': 79, 'l': 76, 'gb': '9.5', 'wc_rank': '5', 'wc_gb': '1.5', 'wc_elim_num': '7', 'elim_num': 'E', 'team_id': 113}, {'name': 'Pittsburgh Pirates', 'div_rank': '4', 'w': 73, 'l': 81, 'gb': '15.0', 'wc_rank': '8', 'wc_gb': '7.0', 'wc_elim_num': '2', 'elim_num': 'E', 'team_id': 134}, {'name': 'St. Louis Cardinals', 'div_rank': '5', 'w': 67, 'l': 86, 'gb': '20.5', 'wc_rank': '11', 'wc_gb': '12.5', 'wc_elim_num': 'E', 'elim_num': 'E', 'team_id': 138}]}
[2023-09-23T04:01:04.785+0000] {logging_mixin.py:151} INFO - {'div_name': 'National League West', 'teams': [{'name': 'Los Angeles Dodgers', 'div_rank': '1', 'w': 94, 'l': 58, 'gb': '-', 'wc_rank': '-', 'wc_gb': '-', 'wc_elim_num': '-', 'elim_num': '-', 'team_id': 119}, {'name': 'Arizona Diamondbacks', 'div_rank': '2', 'w': 81, 'l': 73, 'gb': '14.0', 'wc_rank': '2', 'wc_gb': '+1.0', 'wc_elim_num': '-', 'elim_num': 'E', 'team_id': 109}, {'name': 'San Francisco Giants', 'div_rank': '3', 'w': 76, 'l': 77, 'gb': '18.5', 'wc_rank': '6', 'wc_gb': '3.5', 'wc_elim_num': '6', 'elim_num': 'E', 'team_id': 137}, {'name': 'San Diego Padres', 'div_rank': '4', 'w': 75, 'l': 78, 'gb': '19.5', 'wc_rank': '7', 'wc_gb': '4.5', 'wc_elim_num': '5', 'elim_num': 'E', 'team_id': 135}, {'name': 'Colorado Rockies', 'div_rank': '5', 'w': 56, 'l': 97, 'gb': '38.5', 'wc_rank': '12', 'wc_gb': '23.5', 'wc_elim_num': 'E', 'elim_num': 'E', 'team_id': 115}]}
[2023-09-23T04:01:04.801+0000] {logging_mixin.py:151} INFO -                      Team   W    L  Total_G Team_abb
0       Baltimore Orioles  95   59      154      BAL
1          Tampa Bay Rays  94   61      155       TB
2       Toronto Blue Jays  86   68      154      TOR
3        New York Yankees  78   76      154      NYY
4          Boston Red Sox  76   78      154      BOS
5         Minnesota Twins  82   72      154      MIN
6     Cleveland Guardians  74   81      155      CLE
7          Detroit Tigers  72   81      153      DET
8       Chicago White Sox  58   96      154      CWS
9      Kansas City Royals  52  102      154       KC
10          Texas Rangers  85   68      153      TEX
11         Houston Astros  85   69      154      HOU
12       Seattle Mariners  84   69      153      SEA
13     Los Angeles Angels  69   85      154      LAA
14      Oakland Athletics  46  107      153      OAK
15         Atlanta Braves  99   55      154      ATL
16  Philadelphia Phillies  85   69      154      PHI
17          Miami Marlins  79   75      154      MIA
18          New York Mets  71   83      154      NYM
19   Washington Nationals  68   87      155      WSH
20      Milwaukee Brewers  88   66      154      MIL
21           Chicago Cubs  80   74      154      CHC
22        Cincinnati Reds  79   76      155      CIN
23     Pittsburgh Pirates  73   81      154      PIT
24    St. Louis Cardinals  67   86      153      STL
25    Los Angeles Dodgers  94   58      152      LAD
26   Arizona Diamondbacks  81   73      154       AZ
27   San Francisco Giants  76   77      153       SF
28       San Diego Padres  75   78      153       SD
29       Colorado Rockies  56   97      153      COL
[2023-09-23T04:01:04.830+0000] {logging_mixin.py:151} INFO - job done
[2023-09-23T04:01:04.831+0000] {python.py:194} INFO - Done. Returned value was: None
[2023-09-23T04:01:04.838+0000] {taskinstance.py:1400} INFO - Marking task as SUCCESS. dag_id=mlb_parser_ranking, task_id=get_rank, execution_date=20230922T035500, start_date=20230923T040104, end_date=20230923T040104
[2023-09-23T04:01:04.855+0000] {local_task_job_runner.py:228} INFO - Task exited with return code 0
[2023-09-23T04:01:04.865+0000] {taskinstance.py:2784} INFO - 0 downstream tasks scheduled from follow-on schedule check
