[2023-09-23T03:59:02.723+0000] {taskinstance.py:1159} INFO - Dependencies all met for dep_context=non-requeueable deps ti=<TaskInstance: mlb_parser_ranking.get_rank scheduled__2023-09-22T03:55:00+00:00 [queued]>
[2023-09-23T03:59:02.728+0000] {taskinstance.py:1159} INFO - Dependencies all met for dep_context=requeueable deps ti=<TaskInstance: mlb_parser_ranking.get_rank scheduled__2023-09-22T03:55:00+00:00 [queued]>
[2023-09-23T03:59:02.729+0000] {taskinstance.py:1361} INFO - Starting attempt 1 of 2
[2023-09-23T03:59:02.736+0000] {taskinstance.py:1382} INFO - Executing <Task(PythonOperator): get_rank> on 2023-09-22 03:55:00+00:00
[2023-09-23T03:59:02.740+0000] {standard_task_runner.py:57} INFO - Started process 57445 to run task
[2023-09-23T03:59:02.742+0000] {standard_task_runner.py:84} INFO - Running: ['***', 'tasks', 'run', 'mlb_parser_ranking', 'get_rank', 'scheduled__2023-09-22T03:55:00+00:00', '--job-id', '1439', '--raw', '--subdir', 'DAGS_FOLDER/mlb_parser_ranking.py', '--cfg-path', '/tmp/tmpwao6ywpg']
[2023-09-23T03:59:02.745+0000] {standard_task_runner.py:85} INFO - Job 1439: Subtask get_rank
[2023-09-23T03:59:02.773+0000] {task_command.py:415} INFO - Running <TaskInstance: mlb_parser_ranking.get_rank scheduled__2023-09-22T03:55:00+00:00 [running]> on host d98c068596b4
[2023-09-23T03:59:02.819+0000] {taskinstance.py:1660} INFO - Exporting env vars: AIRFLOW_CTX_DAG_OWNER='andy_hsu' AIRFLOW_CTX_DAG_ID='mlb_parser_ranking' AIRFLOW_CTX_TASK_ID='get_rank' AIRFLOW_CTX_EXECUTION_DATE='2023-09-22T03:55:00+00:00' AIRFLOW_CTX_TRY_NUMBER='1' AIRFLOW_CTX_DAG_RUN_ID='scheduled__2023-09-22T03:55:00+00:00'
[2023-09-23T03:59:02.828+0000] {taskinstance.py:1943} ERROR - Task failed with exception
Traceback (most recent call last):
  File "/home/airflow/.local/lib/python3.8/site-packages/urllib3/connection.py", line 174, in _new_conn
    conn = connection.create_connection(
  File "/home/airflow/.local/lib/python3.8/site-packages/urllib3/util/connection.py", line 72, in create_connection
    for res in socket.getaddrinfo(host, port, family, socket.SOCK_STREAM):
  File "/usr/local/lib/python3.8/socket.py", line 918, in getaddrinfo
    for res in _socket.getaddrinfo(host, port, family, type, proto, flags):
socket.gaierror: [Errno -2] Name or service not known

During handling of the above exception, another exception occurred:

Traceback (most recent call last):
  File "/home/airflow/.local/lib/python3.8/site-packages/urllib3/connectionpool.py", line 714, in urlopen
    httplib_response = self._make_request(
  File "/home/airflow/.local/lib/python3.8/site-packages/urllib3/connectionpool.py", line 403, in _make_request
    self._validate_conn(conn)
  File "/home/airflow/.local/lib/python3.8/site-packages/urllib3/connectionpool.py", line 1053, in _validate_conn
    conn.connect()
  File "/home/airflow/.local/lib/python3.8/site-packages/urllib3/connection.py", line 363, in connect
    self.sock = conn = self._new_conn()
  File "/home/airflow/.local/lib/python3.8/site-packages/urllib3/connection.py", line 186, in _new_conn
    raise NewConnectionError(
urllib3.exceptions.NewConnectionError: <urllib3.connection.HTTPSConnection object at 0xffff9952d9a0>: Failed to establish a new connection: [Errno -2] Name or service not known

During handling of the above exception, another exception occurred:

Traceback (most recent call last):
  File "/home/airflow/.local/lib/python3.8/site-packages/requests/adapters.py", line 486, in send
    resp = conn.urlopen(
  File "/home/airflow/.local/lib/python3.8/site-packages/urllib3/connectionpool.py", line 798, in urlopen
    retries = retries.increment(
  File "/home/airflow/.local/lib/python3.8/site-packages/urllib3/util/retry.py", line 592, in increment
    raise MaxRetryError(_pool, url, error or ResponseError(cause))
urllib3.exceptions.MaxRetryError: HTTPSConnectionPool(host='statsapi.mlb.com', port=443): Max retries exceeded with url: /api/v1/standings?leagueId=103,104&season=2023&standingsTypes=regularSeason&hydrate=team(division)&fields=records,standingsType,teamRecords,team,name,division,id,nameShort,abbreviation,divisionRank,gamesBack,wildCardRank,wildCardGamesBack,wildCardEliminationNumber,divisionGamesBack,clinched,eliminationNumber,winningPercentage,type,wins,losses (Caused by NewConnectionError('<urllib3.connection.HTTPSConnection object at 0xffff9952d9a0>: Failed to establish a new connection: [Errno -2] Name or service not known'))

During handling of the above exception, another exception occurred:

Traceback (most recent call last):
  File "/home/airflow/.local/lib/python3.8/site-packages/airflow/operators/python.py", line 192, in execute
    return_value = self.execute_callable()
  File "/home/airflow/.local/lib/python3.8/site-packages/airflow/operators/python.py", line 209, in execute_callable
    return self.python_callable(*self.op_args, **self.op_kwargs)
  File "/opt/airflow/dags/mlb_parser_ranking.py", line 37, in get_rank
    data_source = statsapi.standings_data()
  File "/home/airflow/.local/lib/python3.8/site-packages/statsapi/__init__.py", line 1405, in standings_data
    r = get('standings',params)
  File "/home/airflow/.local/lib/python3.8/site-packages/statsapi/__init__.py", line 1631, in get
    r = requests.get(url)
  File "/home/airflow/.local/lib/python3.8/site-packages/requests/api.py", line 73, in get
    return request("get", url, params=params, **kwargs)
  File "/home/airflow/.local/lib/python3.8/site-packages/requests/api.py", line 59, in request
    return session.request(method=method, url=url, **kwargs)
  File "/home/airflow/.local/lib/python3.8/site-packages/requests/sessions.py", line 589, in request
    resp = self.send(prep, **send_kwargs)
  File "/home/airflow/.local/lib/python3.8/site-packages/requests/sessions.py", line 703, in send
    r = adapter.send(request, **kwargs)
  File "/home/airflow/.local/lib/python3.8/site-packages/requests/adapters.py", line 519, in send
    raise ConnectionError(e, request=request)
requests.exceptions.ConnectionError: HTTPSConnectionPool(host='statsapi.mlb.com', port=443): Max retries exceeded with url: /api/v1/standings?leagueId=103,104&season=2023&standingsTypes=regularSeason&hydrate=team(division)&fields=records,standingsType,teamRecords,team,name,division,id,nameShort,abbreviation,divisionRank,gamesBack,wildCardRank,wildCardGamesBack,wildCardEliminationNumber,divisionGamesBack,clinched,eliminationNumber,winningPercentage,type,wins,losses (Caused by NewConnectionError('<urllib3.connection.HTTPSConnection object at 0xffff9952d9a0>: Failed to establish a new connection: [Errno -2] Name or service not known'))
[2023-09-23T03:59:02.841+0000] {taskinstance.py:1400} INFO - Marking task as UP_FOR_RETRY. dag_id=mlb_parser_ranking, task_id=get_rank, execution_date=20230922T035500, start_date=20230923T035902, end_date=20230923T035902
[2023-09-23T03:59:02.848+0000] {standard_task_runner.py:104} ERROR - Failed to execute job 1439 for task get_rank (HTTPSConnectionPool(host='statsapi.mlb.com', port=443): Max retries exceeded with url: /api/v1/standings?leagueId=103,104&season=2023&standingsTypes=regularSeason&hydrate=team(division)&fields=records,standingsType,teamRecords,team,name,division,id,nameShort,abbreviation,divisionRank,gamesBack,wildCardRank,wildCardGamesBack,wildCardEliminationNumber,divisionGamesBack,clinched,eliminationNumber,winningPercentage,type,wins,losses (Caused by NewConnectionError('<urllib3.connection.HTTPSConnection object at 0xffff9952d9a0>: Failed to establish a new connection: [Errno -2] Name or service not known')); 57445)
[2023-09-23T03:59:02.876+0000] {local_task_job_runner.py:228} INFO - Task exited with return code 1
[2023-09-23T03:59:02.886+0000] {taskinstance.py:2784} INFO - 0 downstream tasks scheduled from follow-on schedule check
