[2023-09-05T10:30:13.034+0000] {processor.py:157} INFO - Started process (PID=824) to work on /opt/airflow/dags/try.py
[2023-09-05T10:30:13.036+0000] {processor.py:829} INFO - Processing file /opt/airflow/dags/try.py for tasks to queue
[2023-09-05T10:30:13.038+0000] {logging_mixin.py:151} INFO - [2023-09-05T10:30:13.038+0000] {dagbag.py:539} INFO - Filling up the DagBag from /opt/airflow/dags/try.py
[2023-09-05T10:30:13.097+0000] {processor.py:839} INFO - DAG(s) dict_keys(['try_dag']) retrieved from /opt/airflow/dags/try.py
[2023-09-05T10:30:13.180+0000] {logging_mixin.py:151} INFO - [2023-09-05T10:30:13.180+0000] {manager.py:501} INFO - Created Permission View: can read on DAG:try_dag
[2023-09-05T10:30:13.190+0000] {logging_mixin.py:151} INFO - [2023-09-05T10:30:13.190+0000] {manager.py:501} INFO - Created Permission View: can delete on DAG:try_dag
[2023-09-05T10:30:13.199+0000] {logging_mixin.py:151} INFO - [2023-09-05T10:30:13.199+0000] {manager.py:501} INFO - Created Permission View: can edit on DAG:try_dag
[2023-09-05T10:30:13.209+0000] {logging_mixin.py:151} INFO - [2023-09-05T10:30:13.208+0000] {dag.py:2907} INFO - Sync 1 DAGs
[2023-09-05T10:30:13.216+0000] {logging_mixin.py:151} INFO - [2023-09-05T10:30:13.216+0000] {dag.py:2929} INFO - Creating ORM DAG for try_dag
[2023-09-05T10:30:13.222+0000] {logging_mixin.py:151} INFO - [2023-09-05T10:30:13.222+0000] {dag.py:3677} INFO - Setting next_dagrun for try_dag to 2023-09-04T00:00:00+00:00, run_after=2023-09-05T00:00:00+00:00
[2023-09-05T10:30:13.232+0000] {processor.py:179} INFO - Processing /opt/airflow/dags/try.py took 0.199 seconds
[2023-09-05T10:30:15.063+0000] {processor.py:157} INFO - Started process (PID=829) to work on /opt/airflow/dags/try.py
[2023-09-05T10:30:15.064+0000] {processor.py:829} INFO - Processing file /opt/airflow/dags/try.py for tasks to queue
[2023-09-05T10:30:15.066+0000] {logging_mixin.py:151} INFO - [2023-09-05T10:30:15.066+0000] {dagbag.py:539} INFO - Filling up the DagBag from /opt/airflow/dags/try.py
[2023-09-05T10:30:15.126+0000] {processor.py:839} INFO - DAG(s) dict_keys(['try_dag']) retrieved from /opt/airflow/dags/try.py
[2023-09-05T10:30:15.137+0000] {logging_mixin.py:151} INFO - [2023-09-05T10:30:15.137+0000] {dag.py:2907} INFO - Sync 1 DAGs
[2023-09-05T10:30:15.150+0000] {logging_mixin.py:151} INFO - [2023-09-05T10:30:15.150+0000] {dag.py:3677} INFO - Setting next_dagrun for try_dag to 2023-09-04T00:00:00+00:00, run_after=2023-09-05T00:00:00+00:00
[2023-09-05T10:30:15.162+0000] {processor.py:179} INFO - Processing /opt/airflow/dags/try.py took 0.101 seconds
[2023-09-05T10:30:45.630+0000] {processor.py:157} INFO - Started process (PID=870) to work on /opt/airflow/dags/try.py
[2023-09-05T10:30:45.632+0000] {processor.py:829} INFO - Processing file /opt/airflow/dags/try.py for tasks to queue
[2023-09-05T10:30:45.635+0000] {logging_mixin.py:151} INFO - [2023-09-05T10:30:45.635+0000] {dagbag.py:539} INFO - Filling up the DagBag from /opt/airflow/dags/try.py
[2023-09-05T10:30:45.684+0000] {processor.py:839} INFO - DAG(s) dict_keys(['try_dag']) retrieved from /opt/airflow/dags/try.py
[2023-09-05T10:30:45.699+0000] {logging_mixin.py:151} INFO - [2023-09-05T10:30:45.699+0000] {dag.py:2907} INFO - Sync 1 DAGs
[2023-09-05T10:30:45.712+0000] {logging_mixin.py:151} INFO - [2023-09-05T10:30:45.712+0000] {dag.py:3677} INFO - Setting next_dagrun for try_dag to 2023-09-05T00:00:00+00:00, run_after=2023-09-06T00:00:00+00:00
[2023-09-05T10:30:45.722+0000] {processor.py:179} INFO - Processing /opt/airflow/dags/try.py took 0.093 seconds
[2023-09-05T10:31:16.064+0000] {processor.py:157} INFO - Started process (PID=908) to work on /opt/airflow/dags/try.py
[2023-09-05T10:31:16.066+0000] {processor.py:829} INFO - Processing file /opt/airflow/dags/try.py for tasks to queue
[2023-09-05T10:31:16.069+0000] {logging_mixin.py:151} INFO - [2023-09-05T10:31:16.069+0000] {dagbag.py:539} INFO - Filling up the DagBag from /opt/airflow/dags/try.py
[2023-09-05T10:31:16.145+0000] {processor.py:839} INFO - DAG(s) dict_keys(['try_dag']) retrieved from /opt/airflow/dags/try.py
[2023-09-05T10:31:16.172+0000] {logging_mixin.py:151} INFO - [2023-09-05T10:31:16.172+0000] {dag.py:2907} INFO - Sync 1 DAGs
[2023-09-05T10:31:16.192+0000] {logging_mixin.py:151} INFO - [2023-09-05T10:31:16.192+0000] {dag.py:3677} INFO - Setting next_dagrun for try_dag to 2023-09-05T00:00:00+00:00, run_after=2023-09-06T00:00:00+00:00
[2023-09-05T10:31:16.208+0000] {processor.py:179} INFO - Processing /opt/airflow/dags/try.py took 0.146 seconds
[2023-09-05T10:31:46.495+0000] {processor.py:157} INFO - Started process (PID=946) to work on /opt/airflow/dags/try.py
[2023-09-05T10:31:46.496+0000] {processor.py:829} INFO - Processing file /opt/airflow/dags/try.py for tasks to queue
[2023-09-05T10:31:46.498+0000] {logging_mixin.py:151} INFO - [2023-09-05T10:31:46.498+0000] {dagbag.py:539} INFO - Filling up the DagBag from /opt/airflow/dags/try.py
[2023-09-05T10:31:46.548+0000] {processor.py:839} INFO - DAG(s) dict_keys(['try_dag']) retrieved from /opt/airflow/dags/try.py
[2023-09-05T10:31:46.562+0000] {logging_mixin.py:151} INFO - [2023-09-05T10:31:46.562+0000] {dag.py:2907} INFO - Sync 1 DAGs
[2023-09-05T10:31:46.574+0000] {logging_mixin.py:151} INFO - [2023-09-05T10:31:46.574+0000] {dag.py:3677} INFO - Setting next_dagrun for try_dag to 2023-09-05T00:00:00+00:00, run_after=2023-09-06T00:00:00+00:00
[2023-09-05T10:31:46.584+0000] {processor.py:179} INFO - Processing /opt/airflow/dags/try.py took 0.091 seconds
[2023-09-05T10:32:16.919+0000] {processor.py:157} INFO - Started process (PID=984) to work on /opt/airflow/dags/try.py
[2023-09-05T10:32:16.920+0000] {processor.py:829} INFO - Processing file /opt/airflow/dags/try.py for tasks to queue
[2023-09-05T10:32:16.923+0000] {logging_mixin.py:151} INFO - [2023-09-05T10:32:16.922+0000] {dagbag.py:539} INFO - Filling up the DagBag from /opt/airflow/dags/try.py
[2023-09-05T10:32:16.975+0000] {processor.py:839} INFO - DAG(s) dict_keys(['try_dag']) retrieved from /opt/airflow/dags/try.py
[2023-09-05T10:32:16.991+0000] {logging_mixin.py:151} INFO - [2023-09-05T10:32:16.991+0000] {dag.py:2907} INFO - Sync 1 DAGs
[2023-09-05T10:32:17.004+0000] {logging_mixin.py:151} INFO - [2023-09-05T10:32:17.004+0000] {dag.py:3677} INFO - Setting next_dagrun for try_dag to 2023-09-05T00:00:00+00:00, run_after=2023-09-06T00:00:00+00:00
[2023-09-05T10:32:17.013+0000] {processor.py:179} INFO - Processing /opt/airflow/dags/try.py took 0.096 seconds
[2023-09-05T10:32:46.460+0000] {processor.py:157} INFO - Started process (PID=1025) to work on /opt/airflow/dags/try.py
[2023-09-05T10:32:46.462+0000] {processor.py:829} INFO - Processing file /opt/airflow/dags/try.py for tasks to queue
[2023-09-05T10:32:46.464+0000] {logging_mixin.py:151} INFO - [2023-09-05T10:32:46.464+0000] {dagbag.py:539} INFO - Filling up the DagBag from /opt/airflow/dags/try.py
[2023-09-05T10:32:46.523+0000] {processor.py:839} INFO - DAG(s) dict_keys(['try_dag']) retrieved from /opt/airflow/dags/try.py
[2023-09-05T10:32:46.538+0000] {logging_mixin.py:151} INFO - [2023-09-05T10:32:46.538+0000] {dag.py:2907} INFO - Sync 1 DAGs
[2023-09-05T10:32:46.552+0000] {logging_mixin.py:151} INFO - [2023-09-05T10:32:46.552+0000] {dag.py:3677} INFO - Setting next_dagrun for try_dag to 2023-09-05T00:00:00+00:00, run_after=2023-09-06T00:00:00+00:00
[2023-09-05T10:32:46.566+0000] {processor.py:179} INFO - Processing /opt/airflow/dags/try.py took 0.107 seconds
[2023-09-05T10:33:22.907+0000] {processor.py:157} INFO - Started process (PID=165) to work on /opt/airflow/dags/try.py
[2023-09-05T10:33:22.909+0000] {processor.py:829} INFO - Processing file /opt/airflow/dags/try.py for tasks to queue
[2023-09-05T10:33:22.912+0000] {logging_mixin.py:151} INFO - [2023-09-05T10:33:22.912+0000] {dagbag.py:539} INFO - Filling up the DagBag from /opt/airflow/dags/try.py
[2023-09-05T10:33:23.031+0000] {processor.py:839} INFO - DAG(s) dict_keys(['try_dag']) retrieved from /opt/airflow/dags/try.py
[2023-09-05T10:33:23.139+0000] {logging_mixin.py:151} INFO - [2023-09-05T10:33:23.138+0000] {dag.py:2907} INFO - Sync 1 DAGs
[2023-09-05T10:33:23.155+0000] {logging_mixin.py:151} INFO - [2023-09-05T10:33:23.155+0000] {dag.py:2929} INFO - Creating ORM DAG for try_dag
[2023-09-05T10:33:23.171+0000] {logging_mixin.py:151} INFO - [2023-09-05T10:33:23.171+0000] {dag.py:3677} INFO - Setting next_dagrun for try_dag to 2023-09-04T00:00:00+00:00, run_after=2023-09-05T00:00:00+00:00
[2023-09-05T10:33:23.193+0000] {processor.py:179} INFO - Processing /opt/airflow/dags/try.py took 0.290 seconds
[2023-09-05T10:33:53.780+0000] {processor.py:157} INFO - Started process (PID=202) to work on /opt/airflow/dags/try.py
[2023-09-05T10:33:53.783+0000] {processor.py:829} INFO - Processing file /opt/airflow/dags/try.py for tasks to queue
[2023-09-05T10:33:53.789+0000] {logging_mixin.py:151} INFO - [2023-09-05T10:33:53.787+0000] {dagbag.py:539} INFO - Filling up the DagBag from /opt/airflow/dags/try.py
[2023-09-05T10:33:53.868+0000] {processor.py:839} INFO - DAG(s) dict_keys(['try_dag']) retrieved from /opt/airflow/dags/try.py
[2023-09-05T10:33:53.888+0000] {logging_mixin.py:151} INFO - [2023-09-05T10:33:53.888+0000] {dag.py:2907} INFO - Sync 1 DAGs
[2023-09-05T10:33:53.911+0000] {logging_mixin.py:151} INFO - [2023-09-05T10:33:53.911+0000] {dag.py:3677} INFO - Setting next_dagrun for try_dag to 2023-09-04T00:00:00+00:00, run_after=2023-09-05T00:00:00+00:00
[2023-09-05T10:33:53.935+0000] {processor.py:179} INFO - Processing /opt/airflow/dags/try.py took 0.159 seconds
[2023-09-05T10:34:24.345+0000] {processor.py:157} INFO - Started process (PID=242) to work on /opt/airflow/dags/try.py
[2023-09-05T10:34:24.347+0000] {processor.py:829} INFO - Processing file /opt/airflow/dags/try.py for tasks to queue
[2023-09-05T10:34:24.350+0000] {logging_mixin.py:151} INFO - [2023-09-05T10:34:24.349+0000] {dagbag.py:539} INFO - Filling up the DagBag from /opt/airflow/dags/try.py
[2023-09-05T10:34:24.407+0000] {processor.py:839} INFO - DAG(s) dict_keys(['try_dag']) retrieved from /opt/airflow/dags/try.py
[2023-09-05T10:34:24.423+0000] {logging_mixin.py:151} INFO - [2023-09-05T10:34:24.422+0000] {dag.py:2907} INFO - Sync 1 DAGs
[2023-09-05T10:34:24.437+0000] {logging_mixin.py:151} INFO - [2023-09-05T10:34:24.437+0000] {dag.py:3677} INFO - Setting next_dagrun for try_dag to 2023-09-05T00:00:00+00:00, run_after=2023-09-06T00:00:00+00:00
[2023-09-05T10:34:24.450+0000] {processor.py:179} INFO - Processing /opt/airflow/dags/try.py took 0.108 seconds
[2023-09-05T10:34:54.786+0000] {processor.py:157} INFO - Started process (PID=280) to work on /opt/airflow/dags/try.py
[2023-09-05T10:34:54.788+0000] {processor.py:829} INFO - Processing file /opt/airflow/dags/try.py for tasks to queue
[2023-09-05T10:34:54.790+0000] {logging_mixin.py:151} INFO - [2023-09-05T10:34:54.790+0000] {dagbag.py:539} INFO - Filling up the DagBag from /opt/airflow/dags/try.py
[2023-09-05T10:34:54.846+0000] {processor.py:839} INFO - DAG(s) dict_keys(['try_dag']) retrieved from /opt/airflow/dags/try.py
[2023-09-05T10:34:54.862+0000] {logging_mixin.py:151} INFO - [2023-09-05T10:34:54.861+0000] {dag.py:2907} INFO - Sync 1 DAGs
[2023-09-05T10:34:54.877+0000] {logging_mixin.py:151} INFO - [2023-09-05T10:34:54.877+0000] {dag.py:3677} INFO - Setting next_dagrun for try_dag to 2023-09-05T00:00:00+00:00, run_after=2023-09-06T00:00:00+00:00
[2023-09-05T10:34:54.888+0000] {processor.py:179} INFO - Processing /opt/airflow/dags/try.py took 0.104 seconds
[2023-09-05T10:35:09.096+0000] {processor.py:157} INFO - Started process (PID=310) to work on /opt/airflow/dags/try.py
[2023-09-05T10:35:09.098+0000] {processor.py:829} INFO - Processing file /opt/airflow/dags/try.py for tasks to queue
[2023-09-05T10:35:09.118+0000] {logging_mixin.py:151} INFO - [2023-09-05T10:35:09.118+0000] {dagbag.py:539} INFO - Filling up the DagBag from /opt/airflow/dags/try.py
[2023-09-05T10:35:09.177+0000] {processor.py:839} INFO - DAG(s) dict_keys(['try_dag']) retrieved from /opt/airflow/dags/try.py
[2023-09-05T10:35:09.192+0000] {logging_mixin.py:151} INFO - [2023-09-05T10:35:09.191+0000] {dag.py:2907} INFO - Sync 1 DAGs
[2023-09-05T10:35:09.204+0000] {logging_mixin.py:151} INFO - [2023-09-05T10:35:09.204+0000] {dag.py:3677} INFO - Setting next_dagrun for try_dag to 2023-09-05T00:00:00+00:00, run_after=2023-09-06T00:00:00+00:00
[2023-09-05T10:35:09.216+0000] {processor.py:179} INFO - Processing /opt/airflow/dags/try.py took 0.122 seconds
[2023-09-05T10:35:39.614+0000] {processor.py:157} INFO - Started process (PID=351) to work on /opt/airflow/dags/try.py
[2023-09-05T10:35:39.616+0000] {processor.py:829} INFO - Processing file /opt/airflow/dags/try.py for tasks to queue
[2023-09-05T10:35:39.618+0000] {logging_mixin.py:151} INFO - [2023-09-05T10:35:39.618+0000] {dagbag.py:539} INFO - Filling up the DagBag from /opt/airflow/dags/try.py
[2023-09-05T10:35:39.670+0000] {processor.py:839} INFO - DAG(s) dict_keys(['try_dag']) retrieved from /opt/airflow/dags/try.py
[2023-09-05T10:35:39.686+0000] {logging_mixin.py:151} INFO - [2023-09-05T10:35:39.686+0000] {dag.py:2907} INFO - Sync 1 DAGs
[2023-09-05T10:35:39.699+0000] {logging_mixin.py:151} INFO - [2023-09-05T10:35:39.699+0000] {dag.py:3677} INFO - Setting next_dagrun for try_dag to 2023-09-05T00:00:00+00:00, run_after=2023-09-06T00:00:00+00:00
[2023-09-05T10:35:39.709+0000] {processor.py:179} INFO - Processing /opt/airflow/dags/try.py took 0.096 seconds
[2023-09-05T10:36:10.093+0000] {processor.py:157} INFO - Started process (PID=389) to work on /opt/airflow/dags/try.py
[2023-09-05T10:36:10.095+0000] {processor.py:829} INFO - Processing file /opt/airflow/dags/try.py for tasks to queue
[2023-09-05T10:36:10.097+0000] {logging_mixin.py:151} INFO - [2023-09-05T10:36:10.097+0000] {dagbag.py:539} INFO - Filling up the DagBag from /opt/airflow/dags/try.py
[2023-09-05T10:36:10.147+0000] {processor.py:839} INFO - DAG(s) dict_keys(['try_dag']) retrieved from /opt/airflow/dags/try.py
[2023-09-05T10:36:10.162+0000] {logging_mixin.py:151} INFO - [2023-09-05T10:36:10.161+0000] {dag.py:2907} INFO - Sync 1 DAGs
[2023-09-05T10:36:10.173+0000] {logging_mixin.py:151} INFO - [2023-09-05T10:36:10.173+0000] {dag.py:3677} INFO - Setting next_dagrun for try_dag to 2023-09-05T00:00:00+00:00, run_after=2023-09-06T00:00:00+00:00
[2023-09-05T10:36:10.185+0000] {processor.py:179} INFO - Processing /opt/airflow/dags/try.py took 0.094 seconds
[2023-09-05T10:36:40.507+0000] {processor.py:157} INFO - Started process (PID=426) to work on /opt/airflow/dags/try.py
[2023-09-05T10:36:40.509+0000] {processor.py:829} INFO - Processing file /opt/airflow/dags/try.py for tasks to queue
[2023-09-05T10:36:40.510+0000] {logging_mixin.py:151} INFO - [2023-09-05T10:36:40.510+0000] {dagbag.py:539} INFO - Filling up the DagBag from /opt/airflow/dags/try.py
[2023-09-05T10:36:40.559+0000] {processor.py:839} INFO - DAG(s) dict_keys(['try_dag']) retrieved from /opt/airflow/dags/try.py
[2023-09-05T10:36:40.574+0000] {logging_mixin.py:151} INFO - [2023-09-05T10:36:40.574+0000] {dag.py:2907} INFO - Sync 1 DAGs
[2023-09-05T10:36:40.588+0000] {logging_mixin.py:151} INFO - [2023-09-05T10:36:40.588+0000] {dag.py:3677} INFO - Setting next_dagrun for try_dag to 2023-09-05T00:00:00+00:00, run_after=2023-09-06T00:00:00+00:00
[2023-09-05T10:36:40.598+0000] {processor.py:179} INFO - Processing /opt/airflow/dags/try.py took 0.093 seconds
[2023-09-05T10:37:10.964+0000] {processor.py:157} INFO - Started process (PID=465) to work on /opt/airflow/dags/try.py
[2023-09-05T10:37:10.965+0000] {processor.py:829} INFO - Processing file /opt/airflow/dags/try.py for tasks to queue
[2023-09-05T10:37:10.967+0000] {logging_mixin.py:151} INFO - [2023-09-05T10:37:10.967+0000] {dagbag.py:539} INFO - Filling up the DagBag from /opt/airflow/dags/try.py
[2023-09-05T10:37:11.016+0000] {processor.py:839} INFO - DAG(s) dict_keys(['try_dag']) retrieved from /opt/airflow/dags/try.py
[2023-09-05T10:37:11.031+0000] {logging_mixin.py:151} INFO - [2023-09-05T10:37:11.031+0000] {dag.py:2907} INFO - Sync 1 DAGs
[2023-09-05T10:37:11.044+0000] {logging_mixin.py:151} INFO - [2023-09-05T10:37:11.044+0000] {dag.py:3677} INFO - Setting next_dagrun for try_dag to 2023-09-05T00:00:00+00:00, run_after=2023-09-06T00:00:00+00:00
[2023-09-05T10:37:11.054+0000] {processor.py:179} INFO - Processing /opt/airflow/dags/try.py took 0.092 seconds
[2023-09-05T10:37:41.415+0000] {processor.py:157} INFO - Started process (PID=504) to work on /opt/airflow/dags/try.py
[2023-09-05T10:37:41.418+0000] {processor.py:829} INFO - Processing file /opt/airflow/dags/try.py for tasks to queue
[2023-09-05T10:37:41.422+0000] {logging_mixin.py:151} INFO - [2023-09-05T10:37:41.422+0000] {dagbag.py:539} INFO - Filling up the DagBag from /opt/airflow/dags/try.py
[2023-09-05T10:37:41.482+0000] {processor.py:839} INFO - DAG(s) dict_keys(['try_dag']) retrieved from /opt/airflow/dags/try.py
[2023-09-05T10:37:41.497+0000] {logging_mixin.py:151} INFO - [2023-09-05T10:37:41.497+0000] {dag.py:2907} INFO - Sync 1 DAGs
[2023-09-05T10:37:41.509+0000] {logging_mixin.py:151} INFO - [2023-09-05T10:37:41.509+0000] {dag.py:3677} INFO - Setting next_dagrun for try_dag to 2023-09-05T00:00:00+00:00, run_after=2023-09-06T00:00:00+00:00
[2023-09-05T10:37:41.519+0000] {processor.py:179} INFO - Processing /opt/airflow/dags/try.py took 0.106 seconds
[2023-09-05T10:38:11.852+0000] {processor.py:157} INFO - Started process (PID=542) to work on /opt/airflow/dags/try.py
[2023-09-05T10:38:11.854+0000] {processor.py:829} INFO - Processing file /opt/airflow/dags/try.py for tasks to queue
[2023-09-05T10:38:11.856+0000] {logging_mixin.py:151} INFO - [2023-09-05T10:38:11.855+0000] {dagbag.py:539} INFO - Filling up the DagBag from /opt/airflow/dags/try.py
[2023-09-05T10:38:11.905+0000] {processor.py:839} INFO - DAG(s) dict_keys(['try_dag']) retrieved from /opt/airflow/dags/try.py
[2023-09-05T10:38:11.920+0000] {logging_mixin.py:151} INFO - [2023-09-05T10:38:11.919+0000] {dag.py:2907} INFO - Sync 1 DAGs
[2023-09-05T10:38:11.932+0000] {logging_mixin.py:151} INFO - [2023-09-05T10:38:11.932+0000] {dag.py:3677} INFO - Setting next_dagrun for try_dag to 2023-09-05T00:00:00+00:00, run_after=2023-09-06T00:00:00+00:00
[2023-09-05T10:38:11.942+0000] {processor.py:179} INFO - Processing /opt/airflow/dags/try.py took 0.092 seconds
[2023-09-05T10:38:42.352+0000] {processor.py:157} INFO - Started process (PID=580) to work on /opt/airflow/dags/try.py
[2023-09-05T10:38:42.354+0000] {processor.py:829} INFO - Processing file /opt/airflow/dags/try.py for tasks to queue
[2023-09-05T10:38:42.357+0000] {logging_mixin.py:151} INFO - [2023-09-05T10:38:42.357+0000] {dagbag.py:539} INFO - Filling up the DagBag from /opt/airflow/dags/try.py
[2023-09-05T10:38:42.415+0000] {processor.py:839} INFO - DAG(s) dict_keys(['try_dag']) retrieved from /opt/airflow/dags/try.py
[2023-09-05T10:38:42.433+0000] {logging_mixin.py:151} INFO - [2023-09-05T10:38:42.433+0000] {dag.py:2907} INFO - Sync 1 DAGs
[2023-09-05T10:38:42.448+0000] {logging_mixin.py:151} INFO - [2023-09-05T10:38:42.448+0000] {dag.py:3677} INFO - Setting next_dagrun for try_dag to 2023-09-05T00:00:00+00:00, run_after=2023-09-06T00:00:00+00:00
[2023-09-05T10:38:42.461+0000] {processor.py:179} INFO - Processing /opt/airflow/dags/try.py took 0.112 seconds
[2023-09-05T10:39:12.820+0000] {processor.py:157} INFO - Started process (PID=620) to work on /opt/airflow/dags/try.py
[2023-09-05T10:39:12.821+0000] {processor.py:829} INFO - Processing file /opt/airflow/dags/try.py for tasks to queue
[2023-09-05T10:39:12.823+0000] {logging_mixin.py:151} INFO - [2023-09-05T10:39:12.823+0000] {dagbag.py:539} INFO - Filling up the DagBag from /opt/airflow/dags/try.py
[2023-09-05T10:39:12.873+0000] {processor.py:839} INFO - DAG(s) dict_keys(['try_dag']) retrieved from /opt/airflow/dags/try.py
[2023-09-05T10:39:12.889+0000] {logging_mixin.py:151} INFO - [2023-09-05T10:39:12.888+0000] {dag.py:2907} INFO - Sync 1 DAGs
[2023-09-05T10:39:12.901+0000] {logging_mixin.py:151} INFO - [2023-09-05T10:39:12.901+0000] {dag.py:3677} INFO - Setting next_dagrun for try_dag to 2023-09-05T00:00:00+00:00, run_after=2023-09-06T00:00:00+00:00
[2023-09-05T10:39:12.911+0000] {processor.py:179} INFO - Processing /opt/airflow/dags/try.py took 0.094 seconds
[2023-09-05T10:39:43.225+0000] {processor.py:157} INFO - Started process (PID=659) to work on /opt/airflow/dags/try.py
[2023-09-05T10:39:43.227+0000] {processor.py:829} INFO - Processing file /opt/airflow/dags/try.py for tasks to queue
[2023-09-05T10:39:43.230+0000] {logging_mixin.py:151} INFO - [2023-09-05T10:39:43.230+0000] {dagbag.py:539} INFO - Filling up the DagBag from /opt/airflow/dags/try.py
[2023-09-05T10:39:43.285+0000] {processor.py:839} INFO - DAG(s) dict_keys(['try_dag']) retrieved from /opt/airflow/dags/try.py
[2023-09-05T10:39:43.301+0000] {logging_mixin.py:151} INFO - [2023-09-05T10:39:43.301+0000] {dag.py:2907} INFO - Sync 1 DAGs
[2023-09-05T10:39:43.313+0000] {logging_mixin.py:151} INFO - [2023-09-05T10:39:43.313+0000] {dag.py:3677} INFO - Setting next_dagrun for try_dag to 2023-09-05T00:00:00+00:00, run_after=2023-09-06T00:00:00+00:00
[2023-09-05T10:39:43.323+0000] {processor.py:179} INFO - Processing /opt/airflow/dags/try.py took 0.100 seconds
[2023-09-05T10:40:13.693+0000] {processor.py:157} INFO - Started process (PID=697) to work on /opt/airflow/dags/try.py
[2023-09-05T10:40:13.695+0000] {processor.py:829} INFO - Processing file /opt/airflow/dags/try.py for tasks to queue
[2023-09-05T10:40:13.698+0000] {logging_mixin.py:151} INFO - [2023-09-05T10:40:13.698+0000] {dagbag.py:539} INFO - Filling up the DagBag from /opt/airflow/dags/try.py
[2023-09-05T10:40:13.750+0000] {processor.py:839} INFO - DAG(s) dict_keys(['try_dag']) retrieved from /opt/airflow/dags/try.py
[2023-09-05T10:40:13.766+0000] {logging_mixin.py:151} INFO - [2023-09-05T10:40:13.765+0000] {dag.py:2907} INFO - Sync 1 DAGs
[2023-09-05T10:40:13.780+0000] {logging_mixin.py:151} INFO - [2023-09-05T10:40:13.780+0000] {dag.py:3677} INFO - Setting next_dagrun for try_dag to 2023-09-05T00:00:00+00:00, run_after=2023-09-06T00:00:00+00:00
[2023-09-05T10:40:13.790+0000] {processor.py:179} INFO - Processing /opt/airflow/dags/try.py took 0.099 seconds
[2023-09-05T10:40:44.132+0000] {processor.py:157} INFO - Started process (PID=735) to work on /opt/airflow/dags/try.py
[2023-09-05T10:40:44.134+0000] {processor.py:829} INFO - Processing file /opt/airflow/dags/try.py for tasks to queue
[2023-09-05T10:40:44.136+0000] {logging_mixin.py:151} INFO - [2023-09-05T10:40:44.136+0000] {dagbag.py:539} INFO - Filling up the DagBag from /opt/airflow/dags/try.py
[2023-09-05T10:40:44.189+0000] {processor.py:839} INFO - DAG(s) dict_keys(['try_dag']) retrieved from /opt/airflow/dags/try.py
[2023-09-05T10:40:44.205+0000] {logging_mixin.py:151} INFO - [2023-09-05T10:40:44.205+0000] {dag.py:2907} INFO - Sync 1 DAGs
[2023-09-05T10:40:44.218+0000] {logging_mixin.py:151} INFO - [2023-09-05T10:40:44.218+0000] {dag.py:3677} INFO - Setting next_dagrun for try_dag to 2023-09-05T00:00:00+00:00, run_after=2023-09-06T00:00:00+00:00
[2023-09-05T10:40:44.229+0000] {processor.py:179} INFO - Processing /opt/airflow/dags/try.py took 0.099 seconds
[2023-09-05T10:41:14.632+0000] {processor.py:157} INFO - Started process (PID=777) to work on /opt/airflow/dags/try.py
[2023-09-05T10:41:14.634+0000] {processor.py:829} INFO - Processing file /opt/airflow/dags/try.py for tasks to queue
[2023-09-05T10:41:14.637+0000] {logging_mixin.py:151} INFO - [2023-09-05T10:41:14.636+0000] {dagbag.py:539} INFO - Filling up the DagBag from /opt/airflow/dags/try.py
[2023-09-05T10:41:14.694+0000] {processor.py:839} INFO - DAG(s) dict_keys(['try_dag']) retrieved from /opt/airflow/dags/try.py
[2023-09-05T10:41:14.711+0000] {logging_mixin.py:151} INFO - [2023-09-05T10:41:14.710+0000] {dag.py:2907} INFO - Sync 1 DAGs
[2023-09-05T10:41:14.724+0000] {logging_mixin.py:151} INFO - [2023-09-05T10:41:14.724+0000] {dag.py:3677} INFO - Setting next_dagrun for try_dag to 2023-09-05T00:00:00+00:00, run_after=2023-09-06T00:00:00+00:00
[2023-09-05T10:41:14.733+0000] {processor.py:179} INFO - Processing /opt/airflow/dags/try.py took 0.103 seconds
[2023-09-05T10:41:45.106+0000] {processor.py:157} INFO - Started process (PID=819) to work on /opt/airflow/dags/try.py
[2023-09-05T10:41:45.107+0000] {processor.py:829} INFO - Processing file /opt/airflow/dags/try.py for tasks to queue
[2023-09-05T10:41:45.109+0000] {logging_mixin.py:151} INFO - [2023-09-05T10:41:45.109+0000] {dagbag.py:539} INFO - Filling up the DagBag from /opt/airflow/dags/try.py
[2023-09-05T10:41:45.172+0000] {processor.py:839} INFO - DAG(s) dict_keys(['try_dag']) retrieved from /opt/airflow/dags/try.py
[2023-09-05T10:41:45.188+0000] {logging_mixin.py:151} INFO - [2023-09-05T10:41:45.187+0000] {dag.py:2907} INFO - Sync 1 DAGs
[2023-09-05T10:41:45.202+0000] {logging_mixin.py:151} INFO - [2023-09-05T10:41:45.202+0000] {dag.py:3677} INFO - Setting next_dagrun for try_dag to 2023-09-05T00:00:00+00:00, run_after=2023-09-06T00:00:00+00:00
[2023-09-05T10:41:45.211+0000] {processor.py:179} INFO - Processing /opt/airflow/dags/try.py took 0.108 seconds
[2023-09-05T10:42:15.558+0000] {processor.py:157} INFO - Started process (PID=858) to work on /opt/airflow/dags/try.py
[2023-09-05T10:42:15.560+0000] {processor.py:829} INFO - Processing file /opt/airflow/dags/try.py for tasks to queue
[2023-09-05T10:42:15.564+0000] {logging_mixin.py:151} INFO - [2023-09-05T10:42:15.564+0000] {dagbag.py:539} INFO - Filling up the DagBag from /opt/airflow/dags/try.py
[2023-09-05T10:42:15.627+0000] {processor.py:839} INFO - DAG(s) dict_keys(['try_dag']) retrieved from /opt/airflow/dags/try.py
[2023-09-05T10:42:15.642+0000] {logging_mixin.py:151} INFO - [2023-09-05T10:42:15.642+0000] {dag.py:2907} INFO - Sync 1 DAGs
[2023-09-05T10:42:15.654+0000] {logging_mixin.py:151} INFO - [2023-09-05T10:42:15.654+0000] {dag.py:3677} INFO - Setting next_dagrun for try_dag to 2023-09-05T00:00:00+00:00, run_after=2023-09-06T00:00:00+00:00
[2023-09-05T10:42:15.663+0000] {processor.py:179} INFO - Processing /opt/airflow/dags/try.py took 0.109 seconds
[2023-09-05T10:42:46.000+0000] {processor.py:157} INFO - Started process (PID=895) to work on /opt/airflow/dags/try.py
[2023-09-05T10:42:46.002+0000] {processor.py:829} INFO - Processing file /opt/airflow/dags/try.py for tasks to queue
[2023-09-05T10:42:46.005+0000] {logging_mixin.py:151} INFO - [2023-09-05T10:42:46.004+0000] {dagbag.py:539} INFO - Filling up the DagBag from /opt/airflow/dags/try.py
[2023-09-05T10:42:46.060+0000] {processor.py:839} INFO - DAG(s) dict_keys(['try_dag']) retrieved from /opt/airflow/dags/try.py
[2023-09-05T10:42:46.078+0000] {logging_mixin.py:151} INFO - [2023-09-05T10:42:46.078+0000] {dag.py:2907} INFO - Sync 1 DAGs
[2023-09-05T10:42:46.092+0000] {logging_mixin.py:151} INFO - [2023-09-05T10:42:46.092+0000] {dag.py:3677} INFO - Setting next_dagrun for try_dag to 2023-09-05T00:00:00+00:00, run_after=2023-09-06T00:00:00+00:00
[2023-09-05T10:42:46.107+0000] {processor.py:179} INFO - Processing /opt/airflow/dags/try.py took 0.109 seconds
[2023-09-05T10:43:16.408+0000] {processor.py:157} INFO - Started process (PID=943) to work on /opt/airflow/dags/try.py
[2023-09-05T10:43:16.410+0000] {processor.py:829} INFO - Processing file /opt/airflow/dags/try.py for tasks to queue
[2023-09-05T10:43:16.412+0000] {logging_mixin.py:151} INFO - [2023-09-05T10:43:16.411+0000] {dagbag.py:539} INFO - Filling up the DagBag from /opt/airflow/dags/try.py
[2023-09-05T10:43:16.475+0000] {processor.py:839} INFO - DAG(s) dict_keys(['try_dag']) retrieved from /opt/airflow/dags/try.py
[2023-09-05T10:43:16.490+0000] {logging_mixin.py:151} INFO - [2023-09-05T10:43:16.490+0000] {dag.py:2907} INFO - Sync 1 DAGs
[2023-09-05T10:43:16.502+0000] {logging_mixin.py:151} INFO - [2023-09-05T10:43:16.502+0000] {dag.py:3677} INFO - Setting next_dagrun for try_dag to 2023-09-05T00:00:00+00:00, run_after=2023-09-06T00:00:00+00:00
[2023-09-05T10:43:16.512+0000] {processor.py:179} INFO - Processing /opt/airflow/dags/try.py took 0.106 seconds
[2023-09-05T10:43:46.877+0000] {processor.py:157} INFO - Started process (PID=983) to work on /opt/airflow/dags/try.py
[2023-09-05T10:43:46.879+0000] {processor.py:829} INFO - Processing file /opt/airflow/dags/try.py for tasks to queue
[2023-09-05T10:43:46.882+0000] {logging_mixin.py:151} INFO - [2023-09-05T10:43:46.882+0000] {dagbag.py:539} INFO - Filling up the DagBag from /opt/airflow/dags/try.py
[2023-09-05T10:43:46.938+0000] {processor.py:839} INFO - DAG(s) dict_keys(['try_dag']) retrieved from /opt/airflow/dags/try.py
[2023-09-05T10:43:46.955+0000] {logging_mixin.py:151} INFO - [2023-09-05T10:43:46.954+0000] {dag.py:2907} INFO - Sync 1 DAGs
[2023-09-05T10:43:46.967+0000] {logging_mixin.py:151} INFO - [2023-09-05T10:43:46.967+0000] {dag.py:3677} INFO - Setting next_dagrun for try_dag to 2023-09-05T00:00:00+00:00, run_after=2023-09-06T00:00:00+00:00
[2023-09-05T10:43:46.976+0000] {processor.py:179} INFO - Processing /opt/airflow/dags/try.py took 0.101 seconds
[2023-09-05T10:44:17.326+0000] {processor.py:157} INFO - Started process (PID=1020) to work on /opt/airflow/dags/try.py
[2023-09-05T10:44:17.328+0000] {processor.py:829} INFO - Processing file /opt/airflow/dags/try.py for tasks to queue
[2023-09-05T10:44:17.330+0000] {logging_mixin.py:151} INFO - [2023-09-05T10:44:17.330+0000] {dagbag.py:539} INFO - Filling up the DagBag from /opt/airflow/dags/try.py
[2023-09-05T10:44:17.386+0000] {processor.py:839} INFO - DAG(s) dict_keys(['try_dag']) retrieved from /opt/airflow/dags/try.py
[2023-09-05T10:44:17.404+0000] {logging_mixin.py:151} INFO - [2023-09-05T10:44:17.404+0000] {dag.py:2907} INFO - Sync 1 DAGs
[2023-09-05T10:44:17.416+0000] {logging_mixin.py:151} INFO - [2023-09-05T10:44:17.416+0000] {dag.py:3677} INFO - Setting next_dagrun for try_dag to 2023-09-05T00:00:00+00:00, run_after=2023-09-06T00:00:00+00:00
[2023-09-05T10:44:17.426+0000] {processor.py:179} INFO - Processing /opt/airflow/dags/try.py took 0.103 seconds
[2023-09-05T10:45:03.754+0000] {processor.py:157} INFO - Started process (PID=171) to work on /opt/airflow/dags/try.py
[2023-09-05T10:45:03.756+0000] {processor.py:829} INFO - Processing file /opt/airflow/dags/try.py for tasks to queue
[2023-09-05T10:45:03.761+0000] {logging_mixin.py:151} INFO - [2023-09-05T10:45:03.760+0000] {dagbag.py:539} INFO - Filling up the DagBag from /opt/airflow/dags/try.py
[2023-09-05T10:45:03.863+0000] {processor.py:839} INFO - DAG(s) dict_keys(['try_dag']) retrieved from /opt/airflow/dags/try.py
[2023-09-05T10:45:03.936+0000] {logging_mixin.py:151} INFO - [2023-09-05T10:45:03.935+0000] {dag.py:2907} INFO - Sync 1 DAGs
[2023-09-05T10:45:03.951+0000] {logging_mixin.py:151} INFO - [2023-09-05T10:45:03.950+0000] {dag.py:3677} INFO - Setting next_dagrun for try_dag to 2023-09-05T00:00:00+00:00, run_after=2023-09-06T00:00:00+00:00
[2023-09-05T10:45:03.964+0000] {processor.py:179} INFO - Processing /opt/airflow/dags/try.py took 0.214 seconds
[2023-09-05T10:45:34.363+0000] {processor.py:157} INFO - Started process (PID=206) to work on /opt/airflow/dags/try.py
[2023-09-05T10:45:34.364+0000] {processor.py:829} INFO - Processing file /opt/airflow/dags/try.py for tasks to queue
[2023-09-05T10:45:34.367+0000] {logging_mixin.py:151} INFO - [2023-09-05T10:45:34.367+0000] {dagbag.py:539} INFO - Filling up the DagBag from /opt/airflow/dags/try.py
[2023-09-05T10:45:34.432+0000] {processor.py:839} INFO - DAG(s) dict_keys(['try_dag']) retrieved from /opt/airflow/dags/try.py
[2023-09-05T10:45:34.447+0000] {logging_mixin.py:151} INFO - [2023-09-05T10:45:34.446+0000] {dag.py:2907} INFO - Sync 1 DAGs
[2023-09-05T10:45:34.461+0000] {logging_mixin.py:151} INFO - [2023-09-05T10:45:34.461+0000] {dag.py:3677} INFO - Setting next_dagrun for try_dag to 2023-09-05T00:00:00+00:00, run_after=2023-09-06T00:00:00+00:00
[2023-09-05T10:45:34.473+0000] {processor.py:179} INFO - Processing /opt/airflow/dags/try.py took 0.112 seconds
[2023-09-05T10:46:04.832+0000] {processor.py:157} INFO - Started process (PID=246) to work on /opt/airflow/dags/try.py
[2023-09-05T10:46:04.834+0000] {processor.py:829} INFO - Processing file /opt/airflow/dags/try.py for tasks to queue
[2023-09-05T10:46:04.838+0000] {logging_mixin.py:151} INFO - [2023-09-05T10:46:04.838+0000] {dagbag.py:539} INFO - Filling up the DagBag from /opt/airflow/dags/try.py
[2023-09-05T10:46:04.895+0000] {processor.py:839} INFO - DAG(s) dict_keys(['try_dag']) retrieved from /opt/airflow/dags/try.py
[2023-09-05T10:46:04.911+0000] {logging_mixin.py:151} INFO - [2023-09-05T10:46:04.911+0000] {dag.py:2907} INFO - Sync 1 DAGs
[2023-09-05T10:46:04.928+0000] {logging_mixin.py:151} INFO - [2023-09-05T10:46:04.928+0000] {dag.py:3677} INFO - Setting next_dagrun for try_dag to 2023-09-05T00:00:00+00:00, run_after=2023-09-06T00:00:00+00:00
[2023-09-05T10:46:04.947+0000] {processor.py:179} INFO - Processing /opt/airflow/dags/try.py took 0.117 seconds
[2023-09-05T10:46:35.298+0000] {processor.py:157} INFO - Started process (PID=285) to work on /opt/airflow/dags/try.py
[2023-09-05T10:46:35.300+0000] {processor.py:829} INFO - Processing file /opt/airflow/dags/try.py for tasks to queue
[2023-09-05T10:46:35.304+0000] {logging_mixin.py:151} INFO - [2023-09-05T10:46:35.304+0000] {dagbag.py:539} INFO - Filling up the DagBag from /opt/airflow/dags/try.py
[2023-09-05T10:46:35.365+0000] {processor.py:839} INFO - DAG(s) dict_keys(['try_dag']) retrieved from /opt/airflow/dags/try.py
[2023-09-05T10:46:35.388+0000] {logging_mixin.py:151} INFO - [2023-09-05T10:46:35.387+0000] {dag.py:2907} INFO - Sync 1 DAGs
[2023-09-05T10:46:35.403+0000] {logging_mixin.py:151} INFO - [2023-09-05T10:46:35.403+0000] {dag.py:3677} INFO - Setting next_dagrun for try_dag to 2023-09-05T00:00:00+00:00, run_after=2023-09-06T00:00:00+00:00
[2023-09-05T10:46:35.415+0000] {processor.py:179} INFO - Processing /opt/airflow/dags/try.py took 0.120 seconds
[2023-09-05T10:47:04.107+0000] {processor.py:157} INFO - Started process (PID=170) to work on /opt/airflow/dags/try.py
[2023-09-05T10:47:04.109+0000] {processor.py:829} INFO - Processing file /opt/airflow/dags/try.py for tasks to queue
[2023-09-05T10:47:04.113+0000] {logging_mixin.py:151} INFO - [2023-09-05T10:47:04.113+0000] {dagbag.py:539} INFO - Filling up the DagBag from /opt/airflow/dags/try.py
[2023-09-05T10:47:04.263+0000] {processor.py:839} INFO - DAG(s) dict_keys(['try_dag']) retrieved from /opt/airflow/dags/try.py
[2023-09-05T10:47:04.346+0000] {logging_mixin.py:151} INFO - [2023-09-05T10:47:04.345+0000] {dag.py:2907} INFO - Sync 1 DAGs
[2023-09-05T10:47:04.370+0000] {logging_mixin.py:151} INFO - [2023-09-05T10:47:04.370+0000] {dag.py:3677} INFO - Setting next_dagrun for try_dag to 2023-09-05T00:00:00+00:00, run_after=2023-09-06T00:00:00+00:00
[2023-09-05T10:47:04.384+0000] {processor.py:179} INFO - Processing /opt/airflow/dags/try.py took 0.279 seconds
[2023-09-05T10:47:34.806+0000] {processor.py:157} INFO - Started process (PID=207) to work on /opt/airflow/dags/try.py
[2023-09-05T10:47:34.808+0000] {processor.py:829} INFO - Processing file /opt/airflow/dags/try.py for tasks to queue
[2023-09-05T10:47:34.811+0000] {logging_mixin.py:151} INFO - [2023-09-05T10:47:34.811+0000] {dagbag.py:539} INFO - Filling up the DagBag from /opt/airflow/dags/try.py
[2023-09-05T10:47:34.868+0000] {processor.py:839} INFO - DAG(s) dict_keys(['try_dag']) retrieved from /opt/airflow/dags/try.py
[2023-09-05T10:47:34.886+0000] {logging_mixin.py:151} INFO - [2023-09-05T10:47:34.886+0000] {dag.py:2907} INFO - Sync 1 DAGs
[2023-09-05T10:47:34.902+0000] {logging_mixin.py:151} INFO - [2023-09-05T10:47:34.901+0000] {dag.py:3677} INFO - Setting next_dagrun for try_dag to 2023-09-05T00:00:00+00:00, run_after=2023-09-06T00:00:00+00:00
[2023-09-05T10:47:34.915+0000] {processor.py:179} INFO - Processing /opt/airflow/dags/try.py took 0.111 seconds
