[2023-09-12T06:35:19.880+0000] {taskinstance.py:1159} INFO - Dependencies all met for dep_context=non-requeueable deps ti=<TaskInstance: mlb_parser.get_max_hr manual__2023-09-12T06:35:08.460291+00:00 [queued]>
[2023-09-12T06:35:19.886+0000] {taskinstance.py:1159} INFO - Dependencies all met for dep_context=requeueable deps ti=<TaskInstance: mlb_parser.get_max_hr manual__2023-09-12T06:35:08.460291+00:00 [queued]>
[2023-09-12T06:35:19.887+0000] {taskinstance.py:1361} INFO - Starting attempt 1 of 2
[2023-09-12T06:35:19.893+0000] {taskinstance.py:1382} INFO - Executing <Task(PostgresOperator): get_max_hr> on 2023-09-12 06:35:08.460291+00:00
[2023-09-12T06:35:19.897+0000] {standard_task_runner.py:57} INFO - Started process 72251 to run task
[2023-09-12T06:35:19.900+0000] {standard_task_runner.py:84} INFO - Running: ['***', 'tasks', 'run', 'mlb_parser', 'get_max_hr', 'manual__2023-09-12T06:35:08.460291+00:00', '--job-id', '484', '--raw', '--subdir', 'DAGS_FOLDER/mlb_parser.py', '--cfg-path', '/tmp/tmpk54gt154']
[2023-09-12T06:35:19.903+0000] {standard_task_runner.py:85} INFO - Job 484: Subtask get_max_hr
[2023-09-12T06:35:19.935+0000] {task_command.py:415} INFO - Running <TaskInstance: mlb_parser.get_max_hr manual__2023-09-12T06:35:08.460291+00:00 [running]> on host 2e8147b3a465
[2023-09-12T06:35:19.983+0000] {taskinstance.py:1660} INFO - Exporting env vars: AIRFLOW_CTX_DAG_OWNER='andy_hsu' AIRFLOW_CTX_DAG_ID='mlb_parser' AIRFLOW_CTX_TASK_ID='get_max_hr' AIRFLOW_CTX_EXECUTION_DATE='2023-09-12T06:35:08.460291+00:00' AIRFLOW_CTX_TRY_NUMBER='1' AIRFLOW_CTX_DAG_RUN_ID='manual__2023-09-12T06:35:08.460291+00:00'
[2023-09-12T06:35:19.985+0000] {sql.py:274} INFO - Executing: 
            SELECT
                "Team",
                SUM("HR") AS "sum_hr"
                FROM mlb_parser
                GROUP BY "Team"
                ORDER BY "sum_hr" DESC;
            
[2023-09-12T06:35:19.991+0000] {base.py:73} INFO - Using connection ID 'postgres_mlb_parser_DB' for task execution.
[2023-09-12T06:35:19.998+0000] {base.py:73} INFO - Using connection ID 'postgres_mlb_parser_DB' for task execution.
[2023-09-12T06:35:20.012+0000] {sql.py:418} INFO - Running statement: 
            SELECT
                "Team",
                SUM("HR") AS "sum_hr"
                FROM mlb_parser
                GROUP BY "Team"
                ORDER BY "sum_hr" DESC;
            , parameters: None
[2023-09-12T06:35:20.017+0000] {sql.py:427} INFO - Rows affected: 5
[2023-09-12T06:35:20.032+0000] {taskinstance.py:1400} INFO - Marking task as SUCCESS. dag_id=mlb_parser, task_id=get_max_hr, execution_date=20230912T063508, start_date=20230912T063519, end_date=20230912T063520
[2023-09-12T06:35:20.077+0000] {local_task_job_runner.py:228} INFO - Task exited with return code 0
[2023-09-12T06:35:20.088+0000] {taskinstance.py:2784} INFO - 0 downstream tasks scheduled from follow-on schedule check
