[2023-09-14T04:00:12.266+0000] {taskinstance.py:1159} INFO - Dependencies all met for dep_context=non-requeueable deps ti=<TaskInstance: mlb_parser.output_hr_df scheduled__2023-09-14T03:00:00+00:00 [queued]>
[2023-09-14T04:00:12.273+0000] {taskinstance.py:1159} INFO - Dependencies all met for dep_context=requeueable deps ti=<TaskInstance: mlb_parser.output_hr_df scheduled__2023-09-14T03:00:00+00:00 [queued]>
[2023-09-14T04:00:12.274+0000] {taskinstance.py:1361} INFO - Starting attempt 1 of 2
[2023-09-14T04:00:12.282+0000] {taskinstance.py:1382} INFO - Executing <Task(PythonOperator): output_hr_df> on 2023-09-14 03:00:00+00:00
[2023-09-14T04:00:12.287+0000] {standard_task_runner.py:57} INFO - Started process 66331 to run task
[2023-09-14T04:00:12.291+0000] {standard_task_runner.py:84} INFO - Running: ['***', 'tasks', 'run', 'mlb_parser', 'output_hr_df', 'scheduled__2023-09-14T03:00:00+00:00', '--job-id', '611', '--raw', '--subdir', 'DAGS_FOLDER/mlb_parser.py', '--cfg-path', '/tmp/tmp2zqbu72u']
[2023-09-14T04:00:12.294+0000] {standard_task_runner.py:85} INFO - Job 611: Subtask output_hr_df
[2023-09-14T04:00:12.330+0000] {task_command.py:415} INFO - Running <TaskInstance: mlb_parser.output_hr_df scheduled__2023-09-14T03:00:00+00:00 [running]> on host 2e8147b3a465
[2023-09-14T04:00:12.386+0000] {taskinstance.py:1660} INFO - Exporting env vars: AIRFLOW_CTX_DAG_OWNER='andy_hsu' AIRFLOW_CTX_DAG_ID='mlb_parser' AIRFLOW_CTX_TASK_ID='output_hr_df' AIRFLOW_CTX_EXECUTION_DATE='2023-09-14T03:00:00+00:00' AIRFLOW_CTX_TRY_NUMBER='1' AIRFLOW_CTX_DAG_RUN_ID='scheduled__2023-09-14T03:00:00+00:00'
[2023-09-14T04:00:12.415+0000] {logging_mixin.py:151} INFO -                   0   1
0        Matt Olson  51
1       Pete Alonso  44
2    Kyle Schwarber  43
3      Ronald Acuna  37
4      Austin Riley  35
5       Jorge Soler  35
6     Marcell Ozuna  34
7      Ozzie Albies  29
8  Francisco Lindor  26
9       Trea Turner  26
[2023-09-14T04:00:12.416+0000] {python.py:194} INFO - Done. Returned value was: None
[2023-09-14T04:00:12.425+0000] {taskinstance.py:1400} INFO - Marking task as SUCCESS. dag_id=mlb_parser, task_id=output_hr_df, execution_date=20230914T030000, start_date=20230914T040012, end_date=20230914T040012
[2023-09-14T04:00:12.467+0000] {local_task_job_runner.py:228} INFO - Task exited with return code 0
[2023-09-14T04:00:12.480+0000] {taskinstance.py:2784} INFO - 1 downstream tasks scheduled from follow-on schedule check
