[2023-09-22T11:26:00.947+0000] {taskinstance.py:1159} INFO - Dependencies all met for dep_context=non-requeueable deps ti=<TaskInstance: mlb_parser.create_postgre_table_avg manual__2023-09-22T11:25:57.643067+00:00 [queued]>
[2023-09-22T11:26:00.952+0000] {taskinstance.py:1159} INFO - Dependencies all met for dep_context=requeueable deps ti=<TaskInstance: mlb_parser.create_postgre_table_avg manual__2023-09-22T11:25:57.643067+00:00 [queued]>
[2023-09-22T11:26:00.953+0000] {taskinstance.py:1361} INFO - Starting attempt 1 of 2
[2023-09-22T11:26:00.986+0000] {taskinstance.py:1382} INFO - Executing <Task(PostgresOperator): create_postgre_table_avg> on 2023-09-22 11:25:57.643067+00:00
[2023-09-22T11:26:00.991+0000] {standard_task_runner.py:57} INFO - Started process 30317 to run task
[2023-09-22T11:26:00.999+0000] {standard_task_runner.py:84} INFO - Running: ['***', 'tasks', 'run', 'mlb_parser', 'create_postgre_table_avg', 'manual__2023-09-22T11:25:57.643067+00:00', '--job-id', '1410', '--raw', '--subdir', 'DAGS_FOLDER/mlb_parser_hit.py', '--cfg-path', '/tmp/tmpbzjuww_9']
[2023-09-22T11:26:01.007+0000] {standard_task_runner.py:85} INFO - Job 1410: Subtask create_postgre_table_avg
[2023-09-22T11:26:01.104+0000] {task_command.py:415} INFO - Running <TaskInstance: mlb_parser.create_postgre_table_avg manual__2023-09-22T11:25:57.643067+00:00 [running]> on host d98c068596b4
[2023-09-22T11:26:01.210+0000] {taskinstance.py:1660} INFO - Exporting env vars: AIRFLOW_CTX_DAG_OWNER='andy_hsu' AIRFLOW_CTX_DAG_ID='mlb_parser' AIRFLOW_CTX_TASK_ID='create_postgre_table_avg' AIRFLOW_CTX_EXECUTION_DATE='2023-09-22T11:25:57.643067+00:00' AIRFLOW_CTX_TRY_NUMBER='1' AIRFLOW_CTX_DAG_RUN_ID='manual__2023-09-22T11:25:57.643067+00:00'
[2023-09-22T11:26:01.213+0000] {sql.py:274} INFO - Executing: 
            create table if not exists mlb_avg_lead_2023 (
                Name varchar(40),
                POS varchar(5),
                Team varchar(20),
                G int,
                AB int,
                H int,
                BB int,
                SO int,
                OBP float,
                SLG float,
                AVG float,
                Record_date date,
                primary key(name, pos, team, record_date)
            )
            
[2023-09-22T11:26:01.235+0000] {base.py:73} INFO - Using connection ID 'postgres_mlb_parser_DB' for task execution.
[2023-09-22T11:26:01.261+0000] {base.py:73} INFO - Using connection ID 'postgres_mlb_parser_DB' for task execution.
[2023-09-22T11:26:01.333+0000] {sql.py:418} INFO - Running statement: 
            create table if not exists mlb_avg_lead_2023 (
                Name varchar(40),
                POS varchar(5),
                Team varchar(20),
                G int,
                AB int,
                H int,
                BB int,
                SO int,
                OBP float,
                SLG float,
                AVG float,
                Record_date date,
                primary key(name, pos, team, record_date)
            )
            , parameters: None
[2023-09-22T11:26:01.353+0000] {taskinstance.py:1400} INFO - Marking task as SUCCESS. dag_id=mlb_parser, task_id=create_postgre_table_avg, execution_date=20230922T112557, start_date=20230922T112600, end_date=20230922T112601
[2023-09-22T11:26:01.413+0000] {local_task_job_runner.py:228} INFO - Task exited with return code 0
[2023-09-22T11:26:01.440+0000] {taskinstance.py:2784} INFO - 0 downstream tasks scheduled from follow-on schedule check
