[2023-09-16T04:41:00.366+0000] {taskinstance.py:1159} INFO - Dependencies all met for dep_context=non-requeueable deps ti=<TaskInstance: mlb_parser.data_clean manual__2023-09-16T04:40:55.903100+00:00 [queued]>
[2023-09-16T04:41:00.372+0000] {taskinstance.py:1159} INFO - Dependencies all met for dep_context=requeueable deps ti=<TaskInstance: mlb_parser.data_clean manual__2023-09-16T04:40:55.903100+00:00 [queued]>
[2023-09-16T04:41:00.373+0000] {taskinstance.py:1361} INFO - Starting attempt 1 of 2
[2023-09-16T04:41:00.379+0000] {taskinstance.py:1382} INFO - Executing <Task(PythonOperator): data_clean> on 2023-09-16 04:40:55.903100+00:00
[2023-09-16T04:41:00.384+0000] {standard_task_runner.py:57} INFO - Started process 72495 to run task
[2023-09-16T04:41:00.387+0000] {standard_task_runner.py:84} INFO - Running: ['***', 'tasks', 'run', 'mlb_parser', 'data_clean', 'manual__2023-09-16T04:40:55.903100+00:00', '--job-id', '903', '--raw', '--subdir', 'DAGS_FOLDER/mlb_parser.py', '--cfg-path', '/tmp/tmpymk_l5g4']
[2023-09-16T04:41:00.390+0000] {standard_task_runner.py:85} INFO - Job 903: Subtask data_clean
[2023-09-16T04:41:00.423+0000] {task_command.py:415} INFO - Running <TaskInstance: mlb_parser.data_clean manual__2023-09-16T04:40:55.903100+00:00 [running]> on host 2e8147b3a465
[2023-09-16T04:41:00.471+0000] {taskinstance.py:1660} INFO - Exporting env vars: AIRFLOW_CTX_DAG_OWNER='andy_hsu' AIRFLOW_CTX_DAG_ID='mlb_parser' AIRFLOW_CTX_TASK_ID='data_clean' AIRFLOW_CTX_EXECUTION_DATE='2023-09-16T04:40:55.903100+00:00' AIRFLOW_CTX_TRY_NUMBER='1' AIRFLOW_CTX_DAG_RUN_ID='manual__2023-09-16T04:40:55.903100+00:00'
[2023-09-16T04:41:00.479+0000] {logging_mixin.py:151} INFO - ['nationals', 'braves', 'mets', 'marlins', 'phillies', 'brewers', 'cubs', 'reds', 'pirates', 'cardinals', 'dodgers', 'giants', 'padres', 'rockies', 'dbacks', 'astros', 'angels', 'rangers', 'athletics', 'mariners', 'twins', 'guardians', 'tigers', 'whitesox', 'royals', 'orioles', 'rays', 'bluejays', 'redsox', 'yankees']
[2023-09-16T04:41:00.481+0000] {logging_mixin.py:151} INFO - https://www.mlb.com/nationals/stats/
[2023-09-16T04:41:01.889+0000] {logging_mixin.py:151} INFO - https://www.mlb.com/braves/stats/
[2023-09-16T04:41:03.245+0000] {logging_mixin.py:151} INFO - https://www.mlb.com/mets/stats/
[2023-09-16T04:41:06.085+0000] {logging_mixin.py:151} INFO - https://www.mlb.com/marlins/stats/
[2023-09-16T04:41:07.268+0000] {logging_mixin.py:151} INFO - https://www.mlb.com/phillies/stats/
[2023-09-16T04:41:08.366+0000] {logging_mixin.py:151} INFO - https://www.mlb.com/brewers/stats/
[2023-09-16T04:41:10.447+0000] {logging_mixin.py:151} INFO - https://www.mlb.com/cubs/stats/
[2023-09-16T04:41:11.021+0000] {logging_mixin.py:151} INFO - https://www.mlb.com/reds/stats/
[2023-09-16T04:41:13.468+0000] {logging_mixin.py:151} INFO - https://www.mlb.com/pirates/stats/
[2023-09-16T04:41:14.787+0000] {logging_mixin.py:151} INFO - https://www.mlb.com/cardinals/stats/
[2023-09-16T04:41:16.958+0000] {logging_mixin.py:151} INFO - https://www.mlb.com/dodgers/stats/
[2023-09-16T04:41:18.220+0000] {logging_mixin.py:151} INFO - https://www.mlb.com/giants/stats/
[2023-09-16T04:41:21.651+0000] {logging_mixin.py:151} INFO - https://www.mlb.com/padres/stats/
[2023-09-16T04:41:22.405+0000] {logging_mixin.py:151} INFO - https://www.mlb.com/rockies/stats/
[2023-09-16T04:41:23.781+0000] {logging_mixin.py:151} INFO - https://www.mlb.com/dbacks/stats/
[2023-09-16T04:41:26.619+0000] {logging_mixin.py:151} INFO - https://www.mlb.com/astros/stats/
[2023-09-16T04:41:27.856+0000] {logging_mixin.py:151} INFO - https://www.mlb.com/angels/stats/
[2023-09-16T04:41:29.305+0000] {logging_mixin.py:151} INFO - https://www.mlb.com/rangers/stats/
[2023-09-16T04:41:32.553+0000] {logging_mixin.py:151} INFO - https://www.mlb.com/athletics/stats/
[2023-09-16T04:41:34.262+0000] {logging_mixin.py:151} INFO - https://www.mlb.com/mariners/stats/
[2023-09-16T04:41:34.866+0000] {logging_mixin.py:151} INFO - https://www.mlb.com/twins/stats/
[2023-09-16T04:41:35.535+0000] {logging_mixin.py:151} INFO - https://www.mlb.com/guardians/stats/
[2023-09-16T04:41:39.366+0000] {logging_mixin.py:151} INFO - https://www.mlb.com/tigers/stats/
[2023-09-16T04:41:40.565+0000] {logging_mixin.py:151} INFO - https://www.mlb.com/whitesox/stats/
[2023-09-16T04:41:44.611+0000] {logging_mixin.py:151} INFO - https://www.mlb.com/royals/stats/
[2023-09-16T04:41:46.417+0000] {logging_mixin.py:151} INFO - https://www.mlb.com/orioles/stats/
[2023-09-16T04:41:48.330+0000] {logging_mixin.py:151} INFO - https://www.mlb.com/rays/stats/
[2023-09-16T04:41:49.599+0000] {logging_mixin.py:151} INFO - https://www.mlb.com/bluejays/stats/
[2023-09-16T04:41:51.432+0000] {logging_mixin.py:151} INFO - https://www.mlb.com/redsox/stats/
[2023-09-16T04:41:53.665+0000] {logging_mixin.py:151} INFO - https://www.mlb.com/yankees/stats/
[2023-09-16T04:41:56.224+0000] {python.py:194} INFO - Done. Returned value was: None
[2023-09-16T04:41:56.231+0000] {taskinstance.py:1400} INFO - Marking task as SUCCESS. dag_id=mlb_parser, task_id=data_clean, execution_date=20230916T044055, start_date=20230916T044100, end_date=20230916T044156
[2023-09-16T04:41:56.268+0000] {local_task_job_runner.py:228} INFO - Task exited with return code 0
[2023-09-16T04:41:56.282+0000] {taskinstance.py:2784} INFO - 2 downstream tasks scheduled from follow-on schedule check
