[2023-09-11T02:53:06.980+0000] {taskinstance.py:1159} INFO - Dependencies all met for dep_context=non-requeueable deps ti=<TaskInstance: dag_with_postgres_operator_v02.insert_into_table manual__2023-09-11T02:53:05.207470+00:00 [queued]>
[2023-09-11T02:53:06.985+0000] {taskinstance.py:1159} INFO - Dependencies all met for dep_context=requeueable deps ti=<TaskInstance: dag_with_postgres_operator_v02.insert_into_table manual__2023-09-11T02:53:05.207470+00:00 [queued]>
[2023-09-11T02:53:06.986+0000] {taskinstance.py:1361} INFO - Starting attempt 1 of 6
[2023-09-11T02:53:06.993+0000] {taskinstance.py:1382} INFO - Executing <Task(PostgresOperator): insert_into_table> on 2023-09-11 02:53:05.207470+00:00
[2023-09-11T02:53:06.998+0000] {standard_task_runner.py:57} INFO - Started process 3724 to run task
[2023-09-11T02:53:07.000+0000] {standard_task_runner.py:84} INFO - Running: ['***', 'tasks', 'run', 'dag_with_postgres_operator_v02', 'insert_into_table', 'manual__2023-09-11T02:53:05.207470+00:00', '--job-id', '347', '--raw', '--subdir', 'DAGS_FOLDER/dag_with_postgre_operator.py', '--cfg-path', '/tmp/tmp_czg31n_']
[2023-09-11T02:53:07.002+0000] {standard_task_runner.py:85} INFO - Job 347: Subtask insert_into_table
[2023-09-11T02:53:07.034+0000] {task_command.py:415} INFO - Running <TaskInstance: dag_with_postgres_operator_v02.insert_into_table manual__2023-09-11T02:53:05.207470+00:00 [running]> on host 2e8147b3a465
[2023-09-11T02:53:07.078+0000] {taskinstance.py:1660} INFO - Exporting env vars: AIRFLOW_CTX_DAG_OWNER='andy_hsu' AIRFLOW_CTX_DAG_ID='dag_with_postgres_operator_v02' AIRFLOW_CTX_TASK_ID='insert_into_table' AIRFLOW_CTX_EXECUTION_DATE='2023-09-11T02:53:05.207470+00:00' AIRFLOW_CTX_TRY_NUMBER='1' AIRFLOW_CTX_DAG_RUN_ID='manual__2023-09-11T02:53:05.207470+00:00'
[2023-09-11T02:53:07.079+0000] {sql.py:274} INFO - Executing: 
            insert into dag_runs (dt, dag_id) values ('2023-09-11', 'dag_with_postgres_operator_v02')
            
[2023-09-11T02:53:07.085+0000] {base.py:73} INFO - Using connection ID 'postgres_localhost' for task execution.
[2023-09-11T02:53:07.091+0000] {base.py:73} INFO - Using connection ID 'postgres_localhost' for task execution.
[2023-09-11T02:53:07.100+0000] {sql.py:418} INFO - Running statement: 
            insert into dag_runs (dt, dag_id) values ('2023-09-11', 'dag_with_postgres_operator_v02')
            , parameters: None
[2023-09-11T02:53:07.104+0000] {sql.py:427} INFO - Rows affected: 1
[2023-09-11T02:53:07.112+0000] {taskinstance.py:1400} INFO - Marking task as SUCCESS. dag_id=dag_with_postgres_operator_v02, task_id=insert_into_table, execution_date=20230911T025305, start_date=20230911T025306, end_date=20230911T025307
[2023-09-11T02:53:07.132+0000] {local_task_job_runner.py:228} INFO - Task exited with return code 0
[2023-09-11T02:53:07.143+0000] {taskinstance.py:2784} INFO - 0 downstream tasks scheduled from follow-on schedule check
