[2023-09-17T07:02:38.244+0000] {taskinstance.py:1159} INFO - Dependencies all met for dep_context=non-requeueable deps ti=<TaskInstance: mlb_parser.data_clean manual__2023-09-17T07:02:26.329726+00:00 [queued]>
[2023-09-17T07:02:38.251+0000] {taskinstance.py:1159} INFO - Dependencies all met for dep_context=requeueable deps ti=<TaskInstance: mlb_parser.data_clean manual__2023-09-17T07:02:26.329726+00:00 [queued]>
[2023-09-17T07:02:38.253+0000] {taskinstance.py:1361} INFO - Starting attempt 1 of 2
[2023-09-17T07:02:38.262+0000] {taskinstance.py:1382} INFO - Executing <Task(PythonOperator): data_clean> on 2023-09-17 07:02:26.329726+00:00
[2023-09-17T07:02:38.267+0000] {standard_task_runner.py:57} INFO - Started process 6972 to run task
[2023-09-17T07:02:38.270+0000] {standard_task_runner.py:84} INFO - Running: ['***', 'tasks', 'run', 'mlb_parser', 'data_clean', 'manual__2023-09-17T07:02:26.329726+00:00', '--job-id', '1039', '--raw', '--subdir', 'DAGS_FOLDER/mlb_parser.py', '--cfg-path', '/tmp/tmpmkm5wc3r']
[2023-09-17T07:02:38.274+0000] {standard_task_runner.py:85} INFO - Job 1039: Subtask data_clean
[2023-09-17T07:02:38.313+0000] {task_command.py:415} INFO - Running <TaskInstance: mlb_parser.data_clean manual__2023-09-17T07:02:26.329726+00:00 [running]> on host 41ed285d8c3c
[2023-09-17T07:02:38.371+0000] {taskinstance.py:1660} INFO - Exporting env vars: AIRFLOW_CTX_DAG_OWNER='andy_hsu' AIRFLOW_CTX_DAG_ID='mlb_parser' AIRFLOW_CTX_TASK_ID='data_clean' AIRFLOW_CTX_EXECUTION_DATE='2023-09-17T07:02:26.329726+00:00' AIRFLOW_CTX_TRY_NUMBER='1' AIRFLOW_CTX_DAG_RUN_ID='manual__2023-09-17T07:02:26.329726+00:00'
[2023-09-17T07:02:38.380+0000] {logging_mixin.py:151} INFO - ['nationals', 'braves', 'mets', 'marlins', 'phillies', 'brewers', 'cubs', 'reds', 'pirates', 'cardinals', 'dodgers', 'giants', 'padres', 'rockies', 'dbacks', 'astros', 'angels', 'rangers', 'athletics', 'mariners', 'twins', 'guardians', 'tigers', 'whitesox', 'royals', 'orioles', 'rays', 'bluejays', 'redsox', 'yankees']
[2023-09-17T07:02:38.382+0000] {logging_mixin.py:151} INFO - https://www.mlb.com/nationals/stats/
[2023-09-17T07:02:41.560+0000] {logging_mixin.py:151} INFO - https://www.mlb.com/braves/stats/
[2023-09-17T07:02:42.964+0000] {logging_mixin.py:151} INFO - https://www.mlb.com/mets/stats/
[2023-09-17T07:02:45.234+0000] {logging_mixin.py:151} INFO - https://www.mlb.com/marlins/stats/
[2023-09-17T07:02:47.320+0000] {logging_mixin.py:151} INFO - https://www.mlb.com/phillies/stats/
[2023-09-17T07:02:47.906+0000] {logging_mixin.py:151} INFO - https://www.mlb.com/brewers/stats/
[2023-09-17T07:02:48.783+0000] {logging_mixin.py:151} INFO - https://www.mlb.com/cubs/stats/
[2023-09-17T07:02:50.017+0000] {logging_mixin.py:151} INFO - https://www.mlb.com/reds/stats/
[2023-09-17T07:02:51.378+0000] {logging_mixin.py:151} INFO - https://www.mlb.com/pirates/stats/
[2023-09-17T07:02:52.578+0000] {logging_mixin.py:151} INFO - https://www.mlb.com/cardinals/stats/
[2023-09-17T07:02:56.123+0000] {logging_mixin.py:151} INFO - https://www.mlb.com/dodgers/stats/
[2023-09-17T07:02:56.901+0000] {logging_mixin.py:151} INFO - https://www.mlb.com/giants/stats/
[2023-09-17T07:02:58.801+0000] {logging_mixin.py:151} INFO - https://www.mlb.com/padres/stats/
[2023-09-17T07:03:00.054+0000] {logging_mixin.py:151} INFO - https://www.mlb.com/rockies/stats/
[2023-09-17T07:03:01.603+0000] {logging_mixin.py:151} INFO - https://www.mlb.com/dbacks/stats/
[2023-09-17T07:03:02.745+0000] {logging_mixin.py:151} INFO - https://www.mlb.com/astros/stats/
[2023-09-17T07:03:03.965+0000] {logging_mixin.py:151} INFO - https://www.mlb.com/angels/stats/
[2023-09-17T07:03:05.474+0000] {logging_mixin.py:151} INFO - https://www.mlb.com/rangers/stats/
[2023-09-17T07:03:07.676+0000] {logging_mixin.py:151} INFO - https://www.mlb.com/athletics/stats/
[2023-09-17T07:03:09.051+0000] {logging_mixin.py:151} INFO - https://www.mlb.com/mariners/stats/
[2023-09-17T07:03:10.603+0000] {logging_mixin.py:151} INFO - https://www.mlb.com/twins/stats/
[2023-09-17T07:03:11.709+0000] {logging_mixin.py:151} INFO - https://www.mlb.com/guardians/stats/
[2023-09-17T07:03:14.276+0000] {logging_mixin.py:151} INFO - https://www.mlb.com/tigers/stats/
[2023-09-17T07:03:15.630+0000] {logging_mixin.py:151} INFO - https://www.mlb.com/whitesox/stats/
[2023-09-17T07:03:16.860+0000] {logging_mixin.py:151} INFO - https://www.mlb.com/royals/stats/
[2023-09-17T07:03:18.334+0000] {logging_mixin.py:151} INFO - https://www.mlb.com/orioles/stats/
[2023-09-17T07:03:19.466+0000] {logging_mixin.py:151} INFO - https://www.mlb.com/rays/stats/
[2023-09-17T07:03:20.868+0000] {logging_mixin.py:151} INFO - https://www.mlb.com/bluejays/stats/
[2023-09-17T07:03:22.834+0000] {logging_mixin.py:151} INFO - https://www.mlb.com/redsox/stats/
[2023-09-17T07:03:25.360+0000] {logging_mixin.py:151} INFO - https://www.mlb.com/yankees/stats/
[2023-09-17T07:03:27.101+0000] {python.py:194} INFO - Done. Returned value was: None
[2023-09-17T07:03:27.109+0000] {taskinstance.py:1400} INFO - Marking task as SUCCESS. dag_id=mlb_parser, task_id=data_clean, execution_date=20230917T070226, start_date=20230917T070238, end_date=20230917T070327
[2023-09-17T07:03:27.142+0000] {local_task_job_runner.py:228} INFO - Task exited with return code 0
[2023-09-17T07:03:27.160+0000] {taskinstance.py:2784} INFO - 2 downstream tasks scheduled from follow-on schedule check
