[2023-09-23T04:00:53.739+0000] {taskinstance.py:1159} INFO - Dependencies all met for dep_context=non-requeueable deps ti=<TaskInstance: mlb_parser.task_hr_lead_to_sql scheduled__2023-09-22T04:00:00+00:00 [queued]>
[2023-09-23T04:00:53.746+0000] {taskinstance.py:1159} INFO - Dependencies all met for dep_context=requeueable deps ti=<TaskInstance: mlb_parser.task_hr_lead_to_sql scheduled__2023-09-22T04:00:00+00:00 [queued]>
[2023-09-23T04:00:53.746+0000] {taskinstance.py:1361} INFO - Starting attempt 1 of 2
[2023-09-23T04:00:53.755+0000] {taskinstance.py:1382} INFO - Executing <Task(PythonOperator): task_hr_lead_to_sql> on 2023-09-22 04:00:00+00:00
[2023-09-23T04:00:53.759+0000] {standard_task_runner.py:57} INFO - Started process 57637 to run task
[2023-09-23T04:00:53.762+0000] {standard_task_runner.py:84} INFO - Running: ['***', 'tasks', 'run', 'mlb_parser', 'task_hr_lead_to_sql', 'scheduled__2023-09-22T04:00:00+00:00', '--job-id', '1452', '--raw', '--subdir', 'DAGS_FOLDER/mlb_parser_hit.py', '--cfg-path', '/tmp/tmpz08fgyja']
[2023-09-23T04:00:53.764+0000] {standard_task_runner.py:85} INFO - Job 1452: Subtask task_hr_lead_to_sql
[2023-09-23T04:00:53.797+0000] {task_command.py:415} INFO - Running <TaskInstance: mlb_parser.task_hr_lead_to_sql scheduled__2023-09-22T04:00:00+00:00 [running]> on host d98c068596b4
[2023-09-23T04:00:53.849+0000] {taskinstance.py:1660} INFO - Exporting env vars: AIRFLOW_CTX_DAG_OWNER='andy_hsu' AIRFLOW_CTX_DAG_ID='mlb_parser' AIRFLOW_CTX_TASK_ID='task_hr_lead_to_sql' AIRFLOW_CTX_EXECUTION_DATE='2023-09-22T04:00:00+00:00' AIRFLOW_CTX_TRY_NUMBER='1' AIRFLOW_CTX_DAG_RUN_ID='scheduled__2023-09-22T04:00:00+00:00'
[2023-09-23T04:00:53.872+0000] {logging_mixin.py:151} INFO -               name pos team    g   ab  ...   bb   so    obp    slg  record_date
0       Matt Olson  1B  ATL  154  583  ...  101  162  0.386  0.605   2023-09-23
1      Pete Alonso  1B  NYM  146  537  ...   65  142  0.322  0.514   2023-09-23
2   Kyle Schwarber  LF  PHI  153  562  ...  123  207  0.345  0.473   2023-09-23
3    Shohei Ohtani  DH  LAA  135  497  ...   91  143  0.412  0.654   2023-09-23
4     Ronald Acuna  RF  ATL  152  621  ...   78   80  0.415  0.597   2023-09-23
5     Mookie Betts  RF  LAD  144  557  ...   89  104  0.407  0.589   2023-09-23
6      Luis Robert  CF  CWS  143  542  ...   29  171  0.315  0.539   2023-09-23
7     Austin Riley  3B  ATL  152  608  ...   54  162  0.343  0.516   2023-09-23
8        Max Muncy  3B  LAD  127  450  ...   79  143  0.333  0.491   2023-09-23
9      Jorge Soler  DH  MIA  131  481  ...   63  135  0.337  0.518   2023-09-23
10   Marcell Ozuna  DH  ATL  137  503  ...   54  128  0.340  0.535   2023-09-23
11   Adolis Garcia  RF  TEX  139  525  ...   60  164  0.323  0.493   2023-09-23
12     Aaron Judge  RF  NYY  100  348  ...   80  123  0.401  0.609   2023-09-23
13   Rafael Devers  3B  BOS  146  556  ...   59  118  0.356  0.516   2023-09-23
14       Juan Soto  LF   SD  154  539  ...  126  123  0.406  0.505   2023-09-23
15    Corey Seager  SS  TEX  110  445  ...   46   82  0.393  0.643   2023-09-23
16    Ozzie Albies  2B  ATL  140  563  ...   41  101  0.329  0.510   2023-09-23

[17 rows x 12 columns]
[2023-09-23T04:00:53.885+0000] {logging_mixin.py:151} INFO - job done
[2023-09-23T04:00:53.886+0000] {python.py:194} INFO - Done. Returned value was: None
[2023-09-23T04:00:53.892+0000] {taskinstance.py:1400} INFO - Marking task as SUCCESS. dag_id=mlb_parser, task_id=task_hr_lead_to_sql, execution_date=20230922T040000, start_date=20230923T040053, end_date=20230923T040053
[2023-09-23T04:00:53.935+0000] {local_task_job_runner.py:228} INFO - Task exited with return code 0
[2023-09-23T04:00:53.945+0000] {taskinstance.py:2784} INFO - 0 downstream tasks scheduled from follow-on schedule check
