[2023-09-15T07:15:27.273+0000] {taskinstance.py:1159} INFO - Dependencies all met for dep_context=non-requeueable deps ti=<TaskInstance: mlb_parser.output_avg_df manual__2023-09-15T07:15:16.020683+00:00 [queued]>
[2023-09-15T07:15:27.281+0000] {taskinstance.py:1159} INFO - Dependencies all met for dep_context=requeueable deps ti=<TaskInstance: mlb_parser.output_avg_df manual__2023-09-15T07:15:16.020683+00:00 [queued]>
[2023-09-15T07:15:27.282+0000] {taskinstance.py:1361} INFO - Starting attempt 1 of 2
[2023-09-15T07:15:27.290+0000] {taskinstance.py:1382} INFO - Executing <Task(PythonOperator): output_avg_df> on 2023-09-15 07:15:16.020683+00:00
[2023-09-15T07:15:27.296+0000] {standard_task_runner.py:57} INFO - Started process 23694 to run task
[2023-09-15T07:15:27.299+0000] {standard_task_runner.py:84} INFO - Running: ['***', 'tasks', 'run', 'mlb_parser', 'output_avg_df', 'manual__2023-09-15T07:15:16.020683+00:00', '--job-id', '787', '--raw', '--subdir', 'DAGS_FOLDER/mlb_parser.py', '--cfg-path', '/tmp/tmpew65szl2']
[2023-09-15T07:15:27.302+0000] {standard_task_runner.py:85} INFO - Job 787: Subtask output_avg_df
[2023-09-15T07:15:27.343+0000] {task_command.py:415} INFO - Running <TaskInstance: mlb_parser.output_avg_df manual__2023-09-15T07:15:16.020683+00:00 [running]> on host 2e8147b3a465
[2023-09-15T07:15:27.400+0000] {taskinstance.py:1660} INFO - Exporting env vars: AIRFLOW_CTX_DAG_OWNER='andy_hsu' AIRFLOW_CTX_DAG_ID='mlb_parser' AIRFLOW_CTX_TASK_ID='output_avg_df' AIRFLOW_CTX_EXECUTION_DATE='2023-09-15T07:15:16.020683+00:00' AIRFLOW_CTX_TRY_NUMBER='1' AIRFLOW_CTX_DAG_RUN_ID='manual__2023-09-15T07:15:16.020683+00:00'
[2023-09-15T07:15:27.411+0000] {logging_mixin.py:151} INFO - [['Joey Meneses', 'DH', 'WSH', 139, 550, 153, 35, 117, 0.326, 0.402, 0.2781818181818182], ['Lane Thomas', 'RF', 'WSH', 142, 563, 155, 33, 156, 0.324, 0.472, 0.2753108348134991], ['Stone Garrett', 'LF', 'WSH', 89, 234, 63, 26, 82, 0.343, 0.457, 0.2692307692307692], ['Dominic Smith', '1B', 'WSH', 140, 483, 127, 41, 84, 0.332, 0.364, 0.2629399585921325], ['Keibert Ruiz', 'C', 'WSH', 123, 465, 119, 30, 49, 0.308, 0.409, 0.25591397849462366], ['Ildemaro Vargas', '3B', 'WSH', 76, 228, 58, 16, 15, 0.305, 0.364, 0.2543859649122807], ['Luis Garcia', '2B', 'WSH', 107, 398, 100, 22, 54, 0.286, 0.349, 0.25125628140703515], ['CJ Abrams', 'SS', 'WSH', 136, 499, 124, 27, 106, 0.303, 0.421, 0.24849699398797595], ['Alex Call', 'CF', 'WSH', 122, 365, 71, 50, 76, 0.3, 0.293, 0.19452054794520549]]
[2023-09-15T07:15:27.424+0000] {logging_mixin.py:151} INFO -                 0   1    2    3    4    5   6    7      8      9         10
0     Joey Meneses  DH  WSH  139  550  153  35  117  0.326  0.402  0.278182
1      Lane Thomas  RF  WSH  142  563  155  33  156  0.324  0.472  0.275311
2    Stone Garrett  LF  WSH   89  234   63  26   82  0.343  0.457  0.269231
3    Dominic Smith  1B  WSH  140  483  127  41   84  0.332  0.364  0.262940
4     Keibert Ruiz   C  WSH  123  465  119  30   49  0.308  0.409  0.255914
5  Ildemaro Vargas  3B  WSH   76  228   58  16   15  0.305  0.364  0.254386
6      Luis Garcia  2B  WSH  107  398  100  22   54  0.286  0.349  0.251256
7        CJ Abrams  SS  WSH  136  499  124  27  106  0.303  0.421  0.248497
8        Alex Call  CF  WSH  122  365   71  50   76  0.300  0.293  0.194521
[2023-09-15T07:15:27.425+0000] {python.py:194} INFO - Done. Returned value was: None
[2023-09-15T07:15:27.433+0000] {taskinstance.py:1400} INFO - Marking task as SUCCESS. dag_id=mlb_parser, task_id=output_avg_df, execution_date=20230915T071516, start_date=20230915T071527, end_date=20230915T071527
[2023-09-15T07:15:27.473+0000] {local_task_job_runner.py:228} INFO - Task exited with return code 0
[2023-09-15T07:15:27.488+0000] {taskinstance.py:2784} INFO - 1 downstream tasks scheduled from follow-on schedule check
