[2023-09-24T05:39:01.664+0000] {taskinstance.py:1159} INFO - Dependencies all met for dep_context=non-requeueable deps ti=<TaskInstance: mlb_parser.task_hr_lead_to_sql manual__2023-09-24T05:37:53.316072+00:00 [queued]>
[2023-09-24T05:39:01.669+0000] {taskinstance.py:1159} INFO - Dependencies all met for dep_context=requeueable deps ti=<TaskInstance: mlb_parser.task_hr_lead_to_sql manual__2023-09-24T05:37:53.316072+00:00 [queued]>
[2023-09-24T05:39:01.670+0000] {taskinstance.py:1361} INFO - Starting attempt 1 of 2
[2023-09-24T05:39:01.678+0000] {taskinstance.py:1382} INFO - Executing <Task(PythonOperator): task_hr_lead_to_sql> on 2023-09-24 05:37:53.316072+00:00
[2023-09-24T05:39:01.684+0000] {standard_task_runner.py:57} INFO - Started process 97654 to run task
[2023-09-24T05:39:01.689+0000] {standard_task_runner.py:84} INFO - Running: ['***', 'tasks', 'run', 'mlb_parser', 'task_hr_lead_to_sql', 'manual__2023-09-24T05:37:53.316072+00:00', '--job-id', '1492', '--raw', '--subdir', 'DAGS_FOLDER/mlb_parser_hit.py', '--cfg-path', '/tmp/tmpv6f_eiun']
[2023-09-24T05:39:01.693+0000] {standard_task_runner.py:85} INFO - Job 1492: Subtask task_hr_lead_to_sql
[2023-09-24T05:39:01.731+0000] {task_command.py:415} INFO - Running <TaskInstance: mlb_parser.task_hr_lead_to_sql manual__2023-09-24T05:37:53.316072+00:00 [running]> on host d98c068596b4
[2023-09-24T05:39:01.785+0000] {taskinstance.py:1660} INFO - Exporting env vars: AIRFLOW_CTX_DAG_OWNER='andy_hsu' AIRFLOW_CTX_DAG_ID='mlb_parser' AIRFLOW_CTX_TASK_ID='task_hr_lead_to_sql' AIRFLOW_CTX_EXECUTION_DATE='2023-09-24T05:37:53.316072+00:00' AIRFLOW_CTX_TRY_NUMBER='1' AIRFLOW_CTX_DAG_RUN_ID='manual__2023-09-24T05:37:53.316072+00:00'
[2023-09-24T05:39:01.815+0000] {logging_mixin.py:151} INFO -               name pos team    g   ab  ...   bb   so    obp    slg  record_date
0       Matt Olson  1B  ATL  154  583  ...  101  162  0.386  0.605   2023-09-24
1   Kyle Schwarber  LF  PHI  154  566  ...  123  209  0.344  0.473   2023-09-24
2      Pete Alonso  1B  NYM  147  541  ...   65  143  0.320  0.510   2023-09-24
3    Shohei Ohtani  DH  LAA  135  497  ...   91  143  0.412  0.654   2023-09-24
4     Ronald Acuna  RF  ATL  152  621  ...   78   80  0.415  0.597   2023-09-24
5     Mookie Betts  RF  LAD  145  560  ...   92  104  0.411  0.593   2023-09-24
6      Luis Robert  CF  CWS  144  546  ...   29  172  0.314  0.542   2023-09-24
7     Austin Riley  3B  ATL  152  608  ...   54  162  0.343  0.516   2023-09-24
8      Jorge Soler  DH  MIA  132  485  ...   63  138  0.336  0.515   2023-09-24
9        Max Muncy  3B  LAD  128  455  ...   79  145  0.333  0.490   2023-09-24
10   Marcell Ozuna  DH  ATL  137  503  ...   54  128  0.340  0.535   2023-09-24
11     Aaron Judge  RF  NYY  100  348  ...   80  123  0.401  0.609   2023-09-24
12   Adolis Garcia  RF  TEX  140  528  ...   61  165  0.326  0.496   2023-09-24
13   Rafael Devers  3B  BOS  147  559  ...   60  120  0.355  0.513   2023-09-24

[14 rows x 12 columns]
[2023-09-24T05:39:01.836+0000] {logging_mixin.py:151} INFO - job done
[2023-09-24T05:39:01.837+0000] {python.py:194} INFO - Done. Returned value was: None
[2023-09-24T05:39:01.844+0000] {taskinstance.py:1400} INFO - Marking task as SUCCESS. dag_id=mlb_parser, task_id=task_hr_lead_to_sql, execution_date=20230924T053753, start_date=20230924T053901, end_date=20230924T053901
[2023-09-24T05:39:01.860+0000] {local_task_job_runner.py:228} INFO - Task exited with return code 0
[2023-09-24T05:39:01.871+0000] {taskinstance.py:2784} INFO - 0 downstream tasks scheduled from follow-on schedule check
