[2023-09-17T07:25:30.270+0000] {taskinstance.py:1159} INFO - Dependencies all met for dep_context=non-requeueable deps ti=<TaskInstance: mlb_parser.task_hr_lead_to_sql manual__2023-09-17T07:24:18.903362+00:00 [queued]>
[2023-09-17T07:25:30.279+0000] {taskinstance.py:1159} INFO - Dependencies all met for dep_context=requeueable deps ti=<TaskInstance: mlb_parser.task_hr_lead_to_sql manual__2023-09-17T07:24:18.903362+00:00 [queued]>
[2023-09-17T07:25:30.280+0000] {taskinstance.py:1361} INFO - Starting attempt 1 of 2
[2023-09-17T07:25:30.288+0000] {taskinstance.py:1382} INFO - Executing <Task(PythonOperator): task_hr_lead_to_sql> on 2023-09-17 07:24:18.903362+00:00
[2023-09-17T07:25:30.293+0000] {standard_task_runner.py:57} INFO - Started process 9094 to run task
[2023-09-17T07:25:30.297+0000] {standard_task_runner.py:84} INFO - Running: ['***', 'tasks', 'run', 'mlb_parser', 'task_hr_lead_to_sql', 'manual__2023-09-17T07:24:18.903362+00:00', '--job-id', '1096', '--raw', '--subdir', 'DAGS_FOLDER/mlb_parser.py', '--cfg-path', '/tmp/tmpv200eygp']
[2023-09-17T07:25:30.300+0000] {standard_task_runner.py:85} INFO - Job 1096: Subtask task_hr_lead_to_sql
[2023-09-17T07:25:30.335+0000] {task_command.py:415} INFO - Running <TaskInstance: mlb_parser.task_hr_lead_to_sql manual__2023-09-17T07:24:18.903362+00:00 [running]> on host 41ed285d8c3c
[2023-09-17T07:25:30.383+0000] {taskinstance.py:1660} INFO - Exporting env vars: AIRFLOW_CTX_DAG_OWNER='andy_hsu' AIRFLOW_CTX_DAG_ID='mlb_parser' AIRFLOW_CTX_TASK_ID='task_hr_lead_to_sql' AIRFLOW_CTX_EXECUTION_DATE='2023-09-17T07:24:18.903362+00:00' AIRFLOW_CTX_TRY_NUMBER='1' AIRFLOW_CTX_DAG_RUN_ID='manual__2023-09-17T07:24:18.903362+00:00'
[2023-09-17T07:25:30.407+0000] {logging_mixin.py:151} INFO -              name pos team    g   ab  ...   bb   so    obp    slg  record_date
0      Matt Olson  1B  ATL  148  559  ...   96  157  0.388  0.617   2023-09-17
1     Pete Alonso  1B  NYM  140  512  ...   63  131  0.329  0.531   2023-09-17
2   Shohei Ohtani  DH  LAA  135  497  ...   91  143  0.412  0.654   2023-09-17
3  Kyle Schwarber  LF  PHI  147  539  ...  118  197  0.344  0.475   2023-09-17
4    Mookie Betts  RF  LAD  139  539  ...   87  103  0.410  0.599   2023-09-17
5    Ronald Acuna  RF  ATL  147  597  ...   78   78  0.418  0.586   2023-09-17
6    Austin Riley  3B  ATL  146  585  ...   51  153  0.340  0.516   2023-09-17
7       Max Muncy  3B  LAD  123  435  ...   77  140  0.332  0.492   2023-09-17
8     Jorge Soler  DH  MIA  126  466  ...   58  130  0.329  0.513   2023-09-17
9     Luis Robert  CF  CWS  139  527  ...   29  166  0.314  0.531   2023-09-17

[10 rows x 12 columns]
[2023-09-17T07:25:30.421+0000] {python.py:194} INFO - Done. Returned value was: None
[2023-09-17T07:25:30.428+0000] {taskinstance.py:1400} INFO - Marking task as SUCCESS. dag_id=mlb_parser, task_id=task_hr_lead_to_sql, execution_date=20230917T072418, start_date=20230917T072530, end_date=20230917T072530
[2023-09-17T07:25:30.470+0000] {local_task_job_runner.py:228} INFO - Task exited with return code 0
[2023-09-17T07:25:30.486+0000] {taskinstance.py:2784} INFO - 0 downstream tasks scheduled from follow-on schedule check
