[2023-09-15T07:04:26.837+0000] {taskinstance.py:1159} INFO - Dependencies all met for dep_context=non-requeueable deps ti=<TaskInstance: mlb_parser.get_avg_high manual__2023-09-15T07:03:48.624865+00:00 [queued]>
[2023-09-15T07:04:26.844+0000] {taskinstance.py:1159} INFO - Dependencies all met for dep_context=requeueable deps ti=<TaskInstance: mlb_parser.get_avg_high manual__2023-09-15T07:03:48.624865+00:00 [queued]>
[2023-09-15T07:04:26.845+0000] {taskinstance.py:1361} INFO - Starting attempt 1 of 2
[2023-09-15T07:04:26.854+0000] {taskinstance.py:1382} INFO - Executing <Task(PostgresOperator): get_avg_high> on 2023-09-15 07:03:48.624865+00:00
[2023-09-15T07:04:26.859+0000] {standard_task_runner.py:57} INFO - Started process 22678 to run task
[2023-09-15T07:04:26.863+0000] {standard_task_runner.py:84} INFO - Running: ['***', 'tasks', 'run', 'mlb_parser', 'get_avg_high', 'manual__2023-09-15T07:03:48.624865+00:00', '--job-id', '755', '--raw', '--subdir', 'DAGS_FOLDER/mlb_parser.py', '--cfg-path', '/tmp/tmp1_fcbc4i']
[2023-09-15T07:04:26.867+0000] {standard_task_runner.py:85} INFO - Job 755: Subtask get_avg_high
[2023-09-15T07:04:26.904+0000] {task_command.py:415} INFO - Running <TaskInstance: mlb_parser.get_avg_high manual__2023-09-15T07:03:48.624865+00:00 [running]> on host 2e8147b3a465
[2023-09-15T07:04:26.964+0000] {taskinstance.py:1660} INFO - Exporting env vars: AIRFLOW_CTX_DAG_OWNER='andy_hsu' AIRFLOW_CTX_DAG_ID='mlb_parser' AIRFLOW_CTX_TASK_ID='get_avg_high' AIRFLOW_CTX_EXECUTION_DATE='2023-09-15T07:03:48.624865+00:00' AIRFLOW_CTX_TRY_NUMBER='1' AIRFLOW_CTX_DAG_RUN_ID='manual__2023-09-15T07:03:48.624865+00:00'
[2023-09-15T07:04:26.967+0000] {sql.py:274} INFO - Executing: 
            SELECT
                "Name",
                "POS",
                "Team",
                "G",
                "AB",
                "H",
                "BB",
                "SO",
                "OBP",
                "SLG",
                (CAST("H" AS float) / CAST("AB" AS float)) AS "Average_Bat",
                CURRENT_DATE AS "date"
                FROM mlb_data_2023
                WHERE "AB" > (
                    SELECT AVG("AB") FROM mlb_data_2023
                )
                ORDER BY "Average_Bat" DESC
                LIMIT 10;
            
[2023-09-15T07:04:26.975+0000] {base.py:73} INFO - Using connection ID 'postgres_mlb_parser_DB' for task execution.
[2023-09-15T07:04:26.983+0000] {base.py:73} INFO - Using connection ID 'postgres_mlb_parser_DB' for task execution.
[2023-09-15T07:04:26.994+0000] {sql.py:418} INFO - Running statement: 
            SELECT
                "Name",
                "POS",
                "Team",
                "G",
                "AB",
                "H",
                "BB",
                "SO",
                "OBP",
                "SLG",
                (CAST("H" AS float) / CAST("AB" AS float)) AS "Average_Bat",
                CURRENT_DATE AS "date"
                FROM mlb_data_2023
                WHERE "AB" > (
                    SELECT AVG("AB") FROM mlb_data_2023
                )
                ORDER BY "Average_Bat" DESC
                LIMIT 10;
            , parameters: None
[2023-09-15T07:04:27.001+0000] {sql.py:427} INFO - Rows affected: 9
[2023-09-15T07:04:27.020+0000] {taskinstance.py:1400} INFO - Marking task as SUCCESS. dag_id=mlb_parser, task_id=get_avg_high, execution_date=20230915T070348, start_date=20230915T070426, end_date=20230915T070427
[2023-09-15T07:04:27.078+0000] {local_task_job_runner.py:228} INFO - Task exited with return code 0
[2023-09-15T07:04:27.097+0000] {taskinstance.py:2784} INFO - 1 downstream tasks scheduled from follow-on schedule check
