[2023-09-04T08:39:50.738+0000] {taskinstance.py:1159} INFO - Dependencies all met for dep_context=non-requeueable deps ti=<TaskInstance: FIBA_dag.parse_data manual__2023-09-04T08:39:43.355521+00:00 [queued]>
[2023-09-04T08:39:50.743+0000] {taskinstance.py:1159} INFO - Dependencies all met for dep_context=requeueable deps ti=<TaskInstance: FIBA_dag.parse_data manual__2023-09-04T08:39:43.355521+00:00 [queued]>
[2023-09-04T08:39:50.744+0000] {taskinstance.py:1361} INFO - Starting attempt 1 of 6
[2023-09-04T08:39:50.750+0000] {taskinstance.py:1382} INFO - Executing <Task(PythonOperator): parse_data> on 2023-09-04 08:39:43.355521+00:00
[2023-09-04T08:39:50.754+0000] {standard_task_runner.py:57} INFO - Started process 5222 to run task
[2023-09-04T08:39:50.757+0000] {standard_task_runner.py:84} INFO - Running: ['***', 'tasks', 'run', 'FIBA_dag', 'parse_data', 'manual__2023-09-04T08:39:43.355521+00:00', '--job-id', '118', '--raw', '--subdir', 'DAGS_FOLDER/FIBA.py', '--cfg-path', '/tmp/tmpbp_82x6v']
[2023-09-04T08:39:50.773+0000] {standard_task_runner.py:85} INFO - Job 118: Subtask parse_data
[2023-09-04T08:39:50.804+0000] {task_command.py:415} INFO - Running <TaskInstance: FIBA_dag.parse_data manual__2023-09-04T08:39:43.355521+00:00 [running]> on host ad6c67079ac6
[2023-09-04T08:39:50.847+0000] {taskinstance.py:1660} INFO - Exporting env vars: AIRFLOW_CTX_DAG_OWNER='andy_hsu' AIRFLOW_CTX_DAG_ID='FIBA_dag' AIRFLOW_CTX_TASK_ID='parse_data' AIRFLOW_CTX_EXECUTION_DATE='2023-09-04T08:39:43.355521+00:00' AIRFLOW_CTX_TRY_NUMBER='1' AIRFLOW_CTX_DAG_RUN_ID='manual__2023-09-04T08:39:43.355521+00:00'
[2023-09-04T08:39:51.084+0000] {logging_mixin.py:151} INFO - left_part: AUS
[2023-09-04T08:39:51.085+0000] {logging_mixin.py:151} INFO - right_part: GEO
[2023-09-04T08:39:51.086+0000] {logging_mixin.py:151} INFO - left_point: <span>
                                        100
                                    </span>
[2023-09-04T08:39:51.087+0000] {logging_mixin.py:151} INFO - right_point: <span>
                                        84
                                    </span>
[2023-09-04T08:39:51.088+0000] {logging_mixin.py:151} INFO - left_part: ITA
[2023-09-04T08:39:51.089+0000] {logging_mixin.py:151} INFO - right_part: PUR
[2023-09-04T08:39:51.089+0000] {logging_mixin.py:151} INFO - left_point: <span>
                                        73
                                    </span>
[2023-09-04T08:39:51.090+0000] {logging_mixin.py:151} INFO - right_point: <span>
                                        57
                                    </span>
[2023-09-04T08:39:51.091+0000] {logging_mixin.py:151} INFO - left_part: GRE
[2023-09-04T08:39:51.092+0000] {logging_mixin.py:151} INFO - right_part: MNE
[2023-09-04T08:39:51.093+0000] {logging_mixin.py:151} INFO - left_point: <span>
                                        69
                                    </span>
[2023-09-04T08:39:51.093+0000] {logging_mixin.py:151} INFO - right_point: <span>
                                        73
                                    </span>
[2023-09-04T08:39:51.094+0000] {logging_mixin.py:151} INFO - left_part: BRA
[2023-09-04T08:39:51.095+0000] {logging_mixin.py:151} INFO - right_part: LAT
[2023-09-04T08:39:51.096+0000] {logging_mixin.py:151} INFO - left_point: <span>
                                        84
                                    </span>
[2023-09-04T08:39:51.096+0000] {logging_mixin.py:151} INFO - right_point: <span>
                                        104
                                    </span>
[2023-09-04T08:39:51.097+0000] {logging_mixin.py:151} INFO - left_part: GER
[2023-09-04T08:39:51.098+0000] {logging_mixin.py:151} INFO - right_part: SLO
[2023-09-04T08:39:51.098+0000] {logging_mixin.py:151} INFO - left_point: <span>
                                        100
                                    </span>
[2023-09-04T08:39:51.099+0000] {logging_mixin.py:151} INFO - right_point: <span>
                                        71
                                    </span>
[2023-09-04T08:39:51.100+0000] {logging_mixin.py:151} INFO - left_part: DOM
[2023-09-04T08:39:51.101+0000] {logging_mixin.py:151} INFO - right_part: SRB
[2023-09-04T08:39:51.102+0000] {logging_mixin.py:151} INFO - left_point: <span>
                                        79
                                    </span>
[2023-09-04T08:39:51.102+0000] {logging_mixin.py:151} INFO - right_point: <span>
                                        112
                                    </span>
[2023-09-04T08:39:51.103+0000] {logging_mixin.py:151} INFO - left_part: USA
[2023-09-04T08:39:51.104+0000] {logging_mixin.py:151} INFO - right_part: LTU
[2023-09-04T08:39:51.104+0000] {logging_mixin.py:151} INFO - left_point: <span>
                                        104
                                    </span>
[2023-09-04T08:39:51.105+0000] {logging_mixin.py:151} INFO - right_point: <span>
                                        110
                                    </span>
[2023-09-04T08:39:51.107+0000] {logging_mixin.py:151} INFO - left_part: ESP
[2023-09-04T08:39:51.108+0000] {logging_mixin.py:151} INFO - right_part: CAN
[2023-09-04T08:39:51.110+0000] {logging_mixin.py:151} INFO - left_point: <span>
                                        85
                                    </span>
[2023-09-04T08:39:51.112+0000] {logging_mixin.py:151} INFO - right_point: <span>
                                        88
                                    </span>
[2023-09-04T08:39:51.114+0000] {python.py:194} INFO - Done. Returned value was: None
[2023-09-04T08:39:51.135+0000] {taskinstance.py:1400} INFO - Marking task as SUCCESS. dag_id=FIBA_dag, task_id=parse_data, execution_date=20230904T083943, start_date=20230904T083950, end_date=20230904T083951
[2023-09-04T08:39:51.194+0000] {local_task_job_runner.py:228} INFO - Task exited with return code 0
[2023-09-04T08:39:51.206+0000] {taskinstance.py:2784} INFO - 0 downstream tasks scheduled from follow-on schedule check
