[2023-09-20T04:00:06.900+0000] {taskinstance.py:1159} INFO - Dependencies all met for dep_context=non-requeueable deps ti=<TaskInstance: mlb_parser.data_clean scheduled__2023-09-19T04:00:00+00:00 [queued]>
[2023-09-20T04:00:06.906+0000] {taskinstance.py:1159} INFO - Dependencies all met for dep_context=requeueable deps ti=<TaskInstance: mlb_parser.data_clean scheduled__2023-09-19T04:00:00+00:00 [queued]>
[2023-09-20T04:00:06.906+0000] {taskinstance.py:1361} INFO - Starting attempt 1 of 2
[2023-09-20T04:00:06.914+0000] {taskinstance.py:1382} INFO - Executing <Task(PythonOperator): data_clean> on 2023-09-19 04:00:00+00:00
[2023-09-20T04:00:06.918+0000] {standard_task_runner.py:57} INFO - Started process 16369 to run task
[2023-09-20T04:00:06.921+0000] {standard_task_runner.py:84} INFO - Running: ['***', 'tasks', 'run', 'mlb_parser', 'data_clean', 'scheduled__2023-09-19T04:00:00+00:00', '--job-id', '1334', '--raw', '--subdir', 'DAGS_FOLDER/mlb_parser_hit.py', '--cfg-path', '/tmp/tmpeke226yq']
[2023-09-20T04:00:06.923+0000] {standard_task_runner.py:85} INFO - Job 1334: Subtask data_clean
[2023-09-20T04:00:06.955+0000] {task_command.py:415} INFO - Running <TaskInstance: mlb_parser.data_clean scheduled__2023-09-19T04:00:00+00:00 [running]> on host d98c068596b4
[2023-09-20T04:00:07.002+0000] {taskinstance.py:1660} INFO - Exporting env vars: AIRFLOW_CTX_DAG_OWNER='andy_hsu' AIRFLOW_CTX_DAG_ID='mlb_parser' AIRFLOW_CTX_TASK_ID='data_clean' AIRFLOW_CTX_EXECUTION_DATE='2023-09-19T04:00:00+00:00' AIRFLOW_CTX_TRY_NUMBER='1' AIRFLOW_CTX_DAG_RUN_ID='scheduled__2023-09-19T04:00:00+00:00'
[2023-09-20T04:00:07.010+0000] {logging_mixin.py:151} INFO - ['nationals', 'braves', 'mets', 'marlins', 'phillies', 'brewers', 'cubs', 'reds', 'pirates', 'cardinals', 'dodgers', 'giants', 'padres', 'rockies', 'dbacks', 'astros', 'angels', 'rangers', 'athletics', 'mariners', 'twins', 'guardians', 'tigers', 'whitesox', 'royals', 'orioles', 'rays', 'bluejays', 'redsox', 'yankees']
[2023-09-20T04:00:07.011+0000] {logging_mixin.py:151} INFO - https://www.mlb.com/nationals/stats/
[2023-09-20T04:00:08.484+0000] {logging_mixin.py:151} INFO - https://www.mlb.com/braves/stats/
[2023-09-20T04:00:10.575+0000] {logging_mixin.py:151} INFO - https://www.mlb.com/mets/stats/
[2023-09-20T04:00:12.364+0000] {logging_mixin.py:151} INFO - https://www.mlb.com/marlins/stats/
[2023-09-20T04:00:13.462+0000] {logging_mixin.py:151} INFO - https://www.mlb.com/phillies/stats/
[2023-09-20T04:00:14.760+0000] {logging_mixin.py:151} INFO - https://www.mlb.com/brewers/stats/
[2023-09-20T04:00:15.465+0000] {logging_mixin.py:151} INFO - https://www.mlb.com/cubs/stats/
[2023-09-20T04:00:15.982+0000] {logging_mixin.py:151} INFO - https://www.mlb.com/reds/stats/
[2023-09-20T04:00:17.728+0000] {logging_mixin.py:151} INFO - https://www.mlb.com/pirates/stats/
[2023-09-20T04:00:20.028+0000] {logging_mixin.py:151} INFO - https://www.mlb.com/cardinals/stats/
[2023-09-20T04:00:21.208+0000] {logging_mixin.py:151} INFO - https://www.mlb.com/dodgers/stats/
[2023-09-20T04:00:22.198+0000] {logging_mixin.py:151} INFO - https://www.mlb.com/giants/stats/
[2023-09-20T04:00:24.736+0000] {logging_mixin.py:151} INFO - https://www.mlb.com/padres/stats/
[2023-09-20T04:00:25.800+0000] {logging_mixin.py:151} INFO - https://www.mlb.com/rockies/stats/
[2023-09-20T04:00:26.994+0000] {logging_mixin.py:151} INFO - https://www.mlb.com/dbacks/stats/
[2023-09-20T04:00:27.943+0000] {logging_mixin.py:151} INFO - https://www.mlb.com/astros/stats/
[2023-09-20T04:00:29.559+0000] {logging_mixin.py:151} INFO - https://www.mlb.com/angels/stats/
[2023-09-20T04:00:30.180+0000] {logging_mixin.py:151} INFO - https://www.mlb.com/rangers/stats/
[2023-09-20T04:00:31.276+0000] {logging_mixin.py:151} INFO - https://www.mlb.com/athletics/stats/
[2023-09-20T04:00:34.217+0000] {logging_mixin.py:151} INFO - https://www.mlb.com/mariners/stats/
[2023-09-20T04:00:35.888+0000] {logging_mixin.py:151} INFO - https://www.mlb.com/twins/stats/
[2023-09-20T04:00:37.084+0000] {logging_mixin.py:151} INFO - https://www.mlb.com/guardians/stats/
[2023-09-20T04:00:38.803+0000] {logging_mixin.py:151} INFO - https://www.mlb.com/tigers/stats/
[2023-09-20T04:00:39.382+0000] {logging_mixin.py:151} INFO - https://www.mlb.com/whitesox/stats/
[2023-09-20T04:00:40.527+0000] {logging_mixin.py:151} INFO - https://www.mlb.com/royals/stats/
[2023-09-20T04:00:42.573+0000] {logging_mixin.py:151} INFO - https://www.mlb.com/orioles/stats/
[2023-09-20T04:00:43.711+0000] {logging_mixin.py:151} INFO - https://www.mlb.com/rays/stats/
[2023-09-20T04:00:45.822+0000] {logging_mixin.py:151} INFO - https://www.mlb.com/bluejays/stats/
[2023-09-20T04:00:46.406+0000] {logging_mixin.py:151} INFO - https://www.mlb.com/redsox/stats/
[2023-09-20T04:00:48.071+0000] {logging_mixin.py:151} INFO - https://www.mlb.com/yankees/stats/
[2023-09-20T04:00:49.133+0000] {python.py:194} INFO - Done. Returned value was: None
[2023-09-20T04:00:49.139+0000] {taskinstance.py:1400} INFO - Marking task as SUCCESS. dag_id=mlb_parser, task_id=data_clean, execution_date=20230919T040000, start_date=20230920T040006, end_date=20230920T040049
[2023-09-20T04:00:49.181+0000] {local_task_job_runner.py:228} INFO - Task exited with return code 0
[2023-09-20T04:00:49.196+0000] {taskinstance.py:2784} INFO - 2 downstream tasks scheduled from follow-on schedule check
