[2023-09-15T05:33:45.652+0000] {taskinstance.py:1159} INFO - Dependencies all met for dep_context=non-requeueable deps ti=<TaskInstance: mlb_parser.data_clean manual__2023-09-15T05:33:41.629314+00:00 [queued]>
[2023-09-15T05:33:45.658+0000] {taskinstance.py:1159} INFO - Dependencies all met for dep_context=requeueable deps ti=<TaskInstance: mlb_parser.data_clean manual__2023-09-15T05:33:41.629314+00:00 [queued]>
[2023-09-15T05:33:45.659+0000] {taskinstance.py:1361} INFO - Starting attempt 1 of 2
[2023-09-15T05:33:45.666+0000] {taskinstance.py:1382} INFO - Executing <Task(PythonOperator): data_clean> on 2023-09-15 05:33:41.629314+00:00
[2023-09-15T05:33:45.671+0000] {standard_task_runner.py:57} INFO - Started process 14609 to run task
[2023-09-15T05:33:45.673+0000] {standard_task_runner.py:84} INFO - Running: ['***', 'tasks', 'run', 'mlb_parser', 'data_clean', 'manual__2023-09-15T05:33:41.629314+00:00', '--job-id', '655', '--raw', '--subdir', 'DAGS_FOLDER/mlb_parser.py', '--cfg-path', '/tmp/tmpo0pra4mu']
[2023-09-15T05:33:45.676+0000] {standard_task_runner.py:85} INFO - Job 655: Subtask data_clean
[2023-09-15T05:33:45.705+0000] {task_command.py:415} INFO - Running <TaskInstance: mlb_parser.data_clean manual__2023-09-15T05:33:41.629314+00:00 [running]> on host 2e8147b3a465
[2023-09-15T05:33:45.760+0000] {taskinstance.py:1660} INFO - Exporting env vars: AIRFLOW_CTX_DAG_OWNER='andy_hsu' AIRFLOW_CTX_DAG_ID='mlb_parser' AIRFLOW_CTX_TASK_ID='data_clean' AIRFLOW_CTX_EXECUTION_DATE='2023-09-15T05:33:41.629314+00:00' AIRFLOW_CTX_TRY_NUMBER='1' AIRFLOW_CTX_DAG_RUN_ID='manual__2023-09-15T05:33:41.629314+00:00'
[2023-09-15T05:33:45.769+0000] {logging_mixin.py:151} INFO - ['nationals', 'braves', 'mets', 'marlins', 'phillies', 'dbacks', 'dodgers', 'padres', 'rockies', 'giants', 'brewers', 'cubs', 'reds', 'pirates', 'cardinals', 'astros', 'rangers', 'angels', 'athletics', 'mariners', 'twins', 'guardians', 'tigers', 'whitesox', 'royals', 'orioles', 'rays', 'bluejays', 'redsox', 'yankees']
[2023-09-15T05:33:45.770+0000] {logging_mixin.py:151} INFO - https://www.mlb.com/nationals/stats/
[2023-09-15T05:33:49.029+0000] {logging_mixin.py:151} INFO - https://www.mlb.com/braves/stats/
[2023-09-15T05:33:51.017+0000] {logging_mixin.py:151} INFO - https://www.mlb.com/mets/stats/
[2023-09-15T05:33:52.459+0000] {logging_mixin.py:151} INFO - https://www.mlb.com/marlins/stats/
[2023-09-15T05:33:54.224+0000] {logging_mixin.py:151} INFO - https://www.mlb.com/phillies/stats/
[2023-09-15T05:33:56.226+0000] {logging_mixin.py:151} INFO - https://www.mlb.com/dbacks/stats/
[2023-09-15T05:33:58.523+0000] {logging_mixin.py:151} INFO - https://www.mlb.com/dodgers/stats/
[2023-09-15T05:33:59.278+0000] {logging_mixin.py:151} INFO - https://www.mlb.com/padres/stats/
[2023-09-15T05:34:07.445+0000] {logging_mixin.py:151} INFO - https://www.mlb.com/rockies/stats/
[2023-09-15T05:34:09.024+0000] {logging_mixin.py:151} INFO - https://www.mlb.com/giants/stats/
[2023-09-15T05:34:10.416+0000] {logging_mixin.py:151} INFO - https://www.mlb.com/brewers/stats/
[2023-09-15T05:34:12.777+0000] {logging_mixin.py:151} INFO - https://www.mlb.com/cubs/stats/
[2023-09-15T05:34:14.342+0000] {logging_mixin.py:151} INFO - https://www.mlb.com/reds/stats/
[2023-09-15T05:34:15.088+0000] {logging_mixin.py:151} INFO - https://www.mlb.com/pirates/stats/
[2023-09-15T05:34:19.205+0000] {logging_mixin.py:151} INFO - https://www.mlb.com/cardinals/stats/
[2023-09-15T05:34:21.078+0000] {logging_mixin.py:151} INFO - https://www.mlb.com/astros/stats/
[2023-09-15T05:34:21.782+0000] {logging_mixin.py:151} INFO - https://www.mlb.com/rangers/stats/
[2023-09-15T05:34:23.187+0000] {logging_mixin.py:151} INFO - https://www.mlb.com/angels/stats/
[2023-09-15T05:34:24.536+0000] {logging_mixin.py:151} INFO - https://www.mlb.com/athletics/stats/
[2023-09-15T05:34:26.987+0000] {logging_mixin.py:151} INFO - https://www.mlb.com/mariners/stats/
[2023-09-15T05:34:27.698+0000] {logging_mixin.py:151} INFO - https://www.mlb.com/twins/stats/
[2023-09-15T05:34:29.163+0000] {logging_mixin.py:151} INFO - https://www.mlb.com/guardians/stats/
[2023-09-15T05:34:32.651+0000] {logging_mixin.py:151} INFO - https://www.mlb.com/tigers/stats/
[2023-09-15T05:34:34.140+0000] {logging_mixin.py:151} INFO - https://www.mlb.com/whitesox/stats/
[2023-09-15T05:34:35.917+0000] {logging_mixin.py:151} INFO - https://www.mlb.com/royals/stats/
[2023-09-15T05:34:37.419+0000] {logging_mixin.py:151} INFO - https://www.mlb.com/orioles/stats/
[2023-09-15T05:34:38.237+0000] {logging_mixin.py:151} INFO - https://www.mlb.com/rays/stats/
[2023-09-15T05:34:38.950+0000] {logging_mixin.py:151} INFO - https://www.mlb.com/bluejays/stats/
[2023-09-15T05:34:43.256+0000] {logging_mixin.py:151} INFO - https://www.mlb.com/redsox/stats/
[2023-09-15T05:34:44.516+0000] {logging_mixin.py:151} INFO - https://www.mlb.com/yankees/stats/
[2023-09-15T05:34:45.209+0000] {python.py:194} INFO - Done. Returned value was: None
[2023-09-15T05:34:45.216+0000] {taskinstance.py:1400} INFO - Marking task as SUCCESS. dag_id=mlb_parser, task_id=data_clean, execution_date=20230915T053341, start_date=20230915T053345, end_date=20230915T053445
[2023-09-15T05:34:45.259+0000] {local_task_job_runner.py:228} INFO - Task exited with return code 0
[2023-09-15T05:34:45.274+0000] {taskinstance.py:2784} INFO - 2 downstream tasks scheduled from follow-on schedule check
