[2023-09-30T04:48:38.309+0000] {taskinstance.py:1159} INFO - Dependencies all met for dep_context=non-requeueable deps ti=<TaskInstance: mlb_parser_ranking.get_rank scheduled__2023-09-29T03:55:00+00:00 [queued]>
[2023-09-30T04:48:38.315+0000] {taskinstance.py:1159} INFO - Dependencies all met for dep_context=requeueable deps ti=<TaskInstance: mlb_parser_ranking.get_rank scheduled__2023-09-29T03:55:00+00:00 [queued]>
[2023-09-30T04:48:38.316+0000] {taskinstance.py:1361} INFO - Starting attempt 1 of 2
[2023-09-30T04:48:38.323+0000] {taskinstance.py:1382} INFO - Executing <Task(PythonOperator): get_rank> on 2023-09-29 03:55:00+00:00
[2023-09-30T04:48:38.328+0000] {standard_task_runner.py:57} INFO - Started process 91130 to run task
[2023-09-30T04:48:38.330+0000] {standard_task_runner.py:84} INFO - Running: ['***', 'tasks', 'run', 'mlb_parser_ranking', 'get_rank', 'scheduled__2023-09-29T03:55:00+00:00', '--job-id', '1660', '--raw', '--subdir', 'DAGS_FOLDER/mlb_parser_ranking.py', '--cfg-path', '/tmp/tmpc9hnhuw4']
[2023-09-30T04:48:38.333+0000] {standard_task_runner.py:85} INFO - Job 1660: Subtask get_rank
[2023-09-30T04:48:38.365+0000] {task_command.py:415} INFO - Running <TaskInstance: mlb_parser_ranking.get_rank scheduled__2023-09-29T03:55:00+00:00 [running]> on host d98c068596b4
[2023-09-30T04:48:38.414+0000] {taskinstance.py:1660} INFO - Exporting env vars: AIRFLOW_CTX_DAG_OWNER='andy_hsu' AIRFLOW_CTX_DAG_ID='mlb_parser_ranking' AIRFLOW_CTX_TASK_ID='get_rank' AIRFLOW_CTX_EXECUTION_DATE='2023-09-29T03:55:00+00:00' AIRFLOW_CTX_TRY_NUMBER='1' AIRFLOW_CTX_DAG_RUN_ID='scheduled__2023-09-29T03:55:00+00:00'
[2023-09-30T04:48:38.828+0000] {logging_mixin.py:151} INFO - {'div_name': 'American League East', 'teams': [{'name': 'Baltimore Orioles', 'div_rank': '1', 'w': 100, 'l': 60, 'gb': '-', 'wc_rank': '-', 'wc_gb': '-', 'wc_elim_num': '-', 'elim_num': '-', 'team_id': 110}, {'name': 'Tampa Bay Rays', 'div_rank': '2', 'w': 97, 'l': 63, 'gb': '3.0', 'wc_rank': '1', 'wc_gb': '+9.0', 'wc_elim_num': '-', 'elim_num': 'E', 'team_id': 139}, {'name': 'Toronto Blue Jays', 'div_rank': '3', 'w': 89, 'l': 71, 'gb': '11.0', 'wc_rank': '2', 'wc_gb': '+1.0', 'wc_elim_num': '-', 'elim_num': 'E', 'team_id': 141}, {'name': 'New York Yankees', 'div_rank': '4', 'w': 81, 'l': 79, 'gb': '19.0', 'wc_rank': '5', 'wc_gb': '7.0', 'wc_elim_num': 'E', 'elim_num': 'E', 'team_id': 147}, {'name': 'Boston Red Sox', 'div_rank': '5', 'w': 77, 'l': 83, 'gb': '23.0', 'wc_rank': '6', 'wc_gb': '11.0', 'wc_elim_num': 'E', 'elim_num': 'E', 'team_id': 111}]}
[2023-09-30T04:48:38.834+0000] {logging_mixin.py:151} INFO - {'div_name': 'American League Central', 'teams': [{'name': 'Minnesota Twins', 'div_rank': '1', 'w': 86, 'l': 74, 'gb': '-', 'wc_rank': '-', 'wc_gb': '-', 'wc_elim_num': '-', 'elim_num': '-', 'team_id': 142}, {'name': 'Cleveland Guardians', 'div_rank': '2', 'w': 76, 'l': 84, 'gb': '10.0', 'wc_rank': '7', 'wc_gb': '12.0', 'wc_elim_num': 'E', 'elim_num': 'E', 'team_id': 114}, {'name': 'Detroit Tigers', 'div_rank': '3', 'w': 76, 'l': 84, 'gb': '10.0', 'wc_rank': '8', 'wc_gb': '12.0', 'wc_elim_num': 'E', 'elim_num': 'E', 'team_id': 116}, {'name': 'Chicago White Sox', 'div_rank': '4', 'w': 61, 'l': 99, 'gb': '25.0', 'wc_rank': '10', 'wc_gb': '27.0', 'wc_elim_num': 'E', 'elim_num': 'E', 'team_id': 145}, {'name': 'Kansas City Royals', 'div_rank': '5', 'w': 55, 'l': 105, 'gb': '31.0', 'wc_rank': '11', 'wc_gb': '33.0', 'wc_elim_num': 'E', 'elim_num': 'E', 'team_id': 118}]}
[2023-09-30T04:48:38.836+0000] {logging_mixin.py:151} INFO - {'div_name': 'American League West', 'teams': [{'name': 'Texas Rangers', 'div_rank': '1', 'w': 89, 'l': 70, 'gb': '-', 'wc_rank': '-', 'wc_gb': '-', 'wc_elim_num': '-', 'elim_num': '-', 'team_id': 140}, {'name': 'Houston Astros', 'div_rank': '2', 'w': 88, 'l': 72, 'gb': '1.5', 'wc_rank': '3', 'wc_gb': '-', 'wc_elim_num': '-', 'elim_num': '2', 'team_id': 117}, {'name': 'Seattle Mariners', 'div_rank': '3', 'w': 86, 'l': 73, 'gb': '3.0', 'wc_rank': '4', 'wc_gb': '1.5', 'wc_elim_num': '2', 'elim_num': '1', 'team_id': 136}, {'name': 'Los Angeles Angels', 'div_rank': '4', 'w': 72, 'l': 88, 'gb': '17.5', 'wc_rank': '9', 'wc_gb': '16.0', 'wc_elim_num': 'E', 'elim_num': 'E', 'team_id': 108}, {'name': 'Oakland Athletics', 'div_rank': '5', 'w': 49, 'l': 111, 'gb': '40.5', 'wc_rank': '12', 'wc_gb': '39.0', 'wc_elim_num': 'E', 'elim_num': 'E', 'team_id': 133}]}
[2023-09-30T04:48:38.842+0000] {logging_mixin.py:151} INFO - {'div_name': 'National League East', 'teams': [{'name': 'Atlanta Braves', 'div_rank': '1', 'w': 103, 'l': 57, 'gb': '-', 'wc_rank': '-', 'wc_gb': '-', 'wc_elim_num': '-', 'elim_num': '-', 'team_id': 144}, {'name': 'Philadelphia Phillies', 'div_rank': '2', 'w': 89, 'l': 70, 'gb': '13.5', 'wc_rank': '1', 'wc_gb': '+6.0', 'wc_elim_num': '-', 'elim_num': 'E', 'team_id': 143}, {'name': 'Miami Marlins', 'div_rank': '3', 'w': 83, 'l': 76, 'gb': '19.5', 'wc_rank': '3', 'wc_gb': '-', 'wc_elim_num': '-', 'elim_num': 'E', 'team_id': 146}, {'name': 'New York Mets', 'div_rank': '4', 'w': 72, 'l': 86, 'gb': '30.0', 'wc_rank': '9', 'wc_gb': '10.5', 'wc_elim_num': 'E', 'elim_num': 'E', 'team_id': 121}, {'name': 'Washington Nationals', 'div_rank': '5', 'w': 70, 'l': 90, 'gb': '33.0', 'wc_rank': '10', 'wc_gb': '13.5', 'wc_elim_num': 'E', 'elim_num': 'E', 'team_id': 120}]}
[2023-09-30T04:48:38.845+0000] {logging_mixin.py:151} INFO - {'div_name': 'National League Central', 'teams': [{'name': 'Milwaukee Brewers', 'div_rank': '1', 'w': 91, 'l': 69, 'gb': '-', 'wc_rank': '-', 'wc_gb': '-', 'wc_elim_num': '-', 'elim_num': '-', 'team_id': 158}, {'name': 'Chicago Cubs', 'div_rank': '2', 'w': 82, 'l': 78, 'gb': '9.0', 'wc_rank': '4', 'wc_gb': '1.5', 'wc_elim_num': '2', 'elim_num': 'E', 'team_id': 112}, {'name': 'Cincinnati Reds', 'div_rank': '3', 'w': 82, 'l': 78, 'gb': '9.0', 'wc_rank': '5', 'wc_gb': '1.5', 'wc_elim_num': '2', 'elim_num': 'E', 'team_id': 113}, {'name': 'Pittsburgh Pirates', 'div_rank': '4', 'w': 75, 'l': 85, 'gb': '16.0', 'wc_rank': '8', 'wc_gb': '8.5', 'wc_elim_num': 'E', 'elim_num': 'E', 'team_id': 134}, {'name': 'St. Louis Cardinals', 'div_rank': '5', 'w': 69, 'l': 91, 'gb': '22.0', 'wc_rank': '11', 'wc_gb': '14.5', 'wc_elim_num': 'E', 'elim_num': 'E', 'team_id': 138}]}
[2023-09-30T04:48:38.847+0000] {logging_mixin.py:151} INFO - {'div_name': 'National League West', 'teams': [{'name': 'Los Angeles Dodgers', 'div_rank': '1', 'w': 99, 'l': 61, 'gb': '-', 'wc_rank': '-', 'wc_gb': '-', 'wc_elim_num': '-', 'elim_num': '-', 'team_id': 119}, {'name': 'Arizona Diamondbacks', 'div_rank': '2', 'w': 84, 'l': 76, 'gb': '15.0', 'wc_rank': '2', 'wc_gb': '+0.5', 'wc_elim_num': '-', 'elim_num': 'E', 'team_id': 109}, {'name': 'San Diego Padres', 'div_rank': '3', 'w': 80, 'l': 80, 'gb': '19.0', 'wc_rank': '6', 'wc_gb': '3.5', 'wc_elim_num': 'E', 'elim_num': 'E', 'team_id': 135}, {'name': 'San Francisco Giants', 'div_rank': '4', 'w': 78, 'l': 82, 'gb': '21.0', 'wc_rank': '7', 'wc_gb': '5.5', 'wc_elim_num': 'E', 'elim_num': 'E', 'team_id': 137}, {'name': 'Colorado Rockies', 'div_rank': '5', 'w': 58, 'l': 102, 'gb': '41.0', 'wc_rank': '12', 'wc_gb': '25.5', 'wc_elim_num': 'E', 'elim_num': 'E', 'team_id': 115}]}
[2023-09-30T04:48:38.880+0000] {logging_mixin.py:151} INFO -                      Team    W    L  Total_G Team_abb
0       Baltimore Orioles  100   60      160      BAL
1          Tampa Bay Rays   97   63      160       TB
2       Toronto Blue Jays   89   71      160      TOR
3        New York Yankees   81   79      160      NYY
4          Boston Red Sox   77   83      160      BOS
5         Minnesota Twins   86   74      160      MIN
6     Cleveland Guardians   76   84      160      CLE
7          Detroit Tigers   76   84      160      DET
8       Chicago White Sox   61   99      160      CWS
9      Kansas City Royals   55  105      160       KC
10          Texas Rangers   89   70      159      TEX
11         Houston Astros   88   72      160      HOU
12       Seattle Mariners   86   73      159      SEA
13     Los Angeles Angels   72   88      160      LAA
14      Oakland Athletics   49  111      160      OAK
15         Atlanta Braves  103   57      160      ATL
16  Philadelphia Phillies   89   70      159      PHI
17          Miami Marlins   83   76      159      MIA
18          New York Mets   72   86      158      NYM
19   Washington Nationals   70   90      160      WSH
20      Milwaukee Brewers   91   69      160      MIL
21           Chicago Cubs   82   78      160      CHC
22        Cincinnati Reds   82   78      160      CIN
23     Pittsburgh Pirates   75   85      160      PIT
24    St. Louis Cardinals   69   91      160      STL
25    Los Angeles Dodgers   99   61      160      LAD
26   Arizona Diamondbacks   84   76      160       AZ
27       San Diego Padres   80   80      160       SD
28   San Francisco Giants   78   82      160       SF
29       Colorado Rockies   58  102      160      COL
[2023-09-30T04:48:38.971+0000] {logging_mixin.py:151} INFO - job done
[2023-09-30T04:48:38.971+0000] {python.py:194} INFO - Done. Returned value was: None
[2023-09-30T04:48:38.978+0000] {taskinstance.py:1400} INFO - Marking task as SUCCESS. dag_id=mlb_parser_ranking, task_id=get_rank, execution_date=20230929T035500, start_date=20230930T044838, end_date=20230930T044838
[2023-09-30T04:48:39.009+0000] {local_task_job_runner.py:228} INFO - Task exited with return code 0
[2023-09-30T04:48:39.019+0000] {taskinstance.py:2784} INFO - 0 downstream tasks scheduled from follow-on schedule check
