[2023-10-01T04:00:06.361+0000] {taskinstance.py:1159} INFO - Dependencies all met for dep_context=non-requeueable deps ti=<TaskInstance: mlb_parser.data_clean scheduled__2023-09-30T04:00:00+00:00 [queued]>
[2023-10-01T04:00:06.366+0000] {taskinstance.py:1159} INFO - Dependencies all met for dep_context=requeueable deps ti=<TaskInstance: mlb_parser.data_clean scheduled__2023-09-30T04:00:00+00:00 [queued]>
[2023-10-01T04:00:06.380+0000] {taskinstance.py:1361} INFO - Starting attempt 1 of 2
[2023-10-01T04:00:06.387+0000] {taskinstance.py:1382} INFO - Executing <Task(PythonOperator): data_clean> on 2023-09-30 04:00:00+00:00
[2023-10-01T04:00:06.392+0000] {standard_task_runner.py:57} INFO - Started process 9175 to run task
[2023-10-01T04:00:06.394+0000] {standard_task_runner.py:84} INFO - Running: ['***', 'tasks', 'run', 'mlb_parser', 'data_clean', 'scheduled__2023-09-30T04:00:00+00:00', '--job-id', '1684', '--raw', '--subdir', 'DAGS_FOLDER/mlb_parser_hit.py', '--cfg-path', '/tmp/tmp8a5m5elg']
[2023-10-01T04:00:06.397+0000] {standard_task_runner.py:85} INFO - Job 1684: Subtask data_clean
[2023-10-01T04:00:06.432+0000] {task_command.py:415} INFO - Running <TaskInstance: mlb_parser.data_clean scheduled__2023-09-30T04:00:00+00:00 [running]> on host d98c068596b4
[2023-10-01T04:00:06.492+0000] {taskinstance.py:1660} INFO - Exporting env vars: AIRFLOW_CTX_DAG_OWNER='andy_hsu' AIRFLOW_CTX_DAG_ID='mlb_parser' AIRFLOW_CTX_TASK_ID='data_clean' AIRFLOW_CTX_EXECUTION_DATE='2023-09-30T04:00:00+00:00' AIRFLOW_CTX_TRY_NUMBER='1' AIRFLOW_CTX_DAG_RUN_ID='scheduled__2023-09-30T04:00:00+00:00'
[2023-10-01T04:00:06.499+0000] {logging_mixin.py:151} INFO - ['nationals', 'braves', 'mets', 'marlins', 'phillies', 'brewers', 'cubs', 'reds', 'pirates', 'cardinals', 'dodgers', 'giants', 'padres', 'rockies', 'dbacks', 'astros', 'angels', 'rangers', 'athletics', 'mariners', 'twins', 'guardians', 'tigers', 'whitesox', 'royals', 'orioles', 'rays', 'bluejays', 'redsox', 'yankees']
[2023-10-01T04:00:06.501+0000] {logging_mixin.py:151} INFO - https://www.mlb.com/nationals/stats/
[2023-10-01T04:00:07.320+0000] {logging_mixin.py:151} INFO - https://www.mlb.com/braves/stats/
[2023-10-01T04:00:08.871+0000] {logging_mixin.py:151} INFO - https://www.mlb.com/mets/stats/
[2023-10-01T04:00:11.943+0000] {logging_mixin.py:151} INFO - https://www.mlb.com/marlins/stats/
[2023-10-01T04:00:17.292+0000] {logging_mixin.py:151} INFO - https://www.mlb.com/phillies/stats/
[2023-10-01T04:00:19.585+0000] {logging_mixin.py:151} INFO - https://www.mlb.com/brewers/stats/
[2023-10-01T04:00:26.084+0000] {logging_mixin.py:151} INFO - https://www.mlb.com/cubs/stats/
[2023-10-01T04:00:26.636+0000] {logging_mixin.py:151} INFO - https://www.mlb.com/reds/stats/
[2023-10-01T04:00:27.824+0000] {logging_mixin.py:151} INFO - https://www.mlb.com/pirates/stats/
[2023-10-01T04:00:28.893+0000] {logging_mixin.py:151} INFO - https://www.mlb.com/cardinals/stats/
[2023-10-01T04:00:30.723+0000] {logging_mixin.py:151} INFO - https://www.mlb.com/dodgers/stats/
[2023-10-01T04:00:31.517+0000] {logging_mixin.py:151} INFO - https://www.mlb.com/giants/stats/
[2023-10-01T04:00:32.114+0000] {logging_mixin.py:151} INFO - https://www.mlb.com/padres/stats/
[2023-10-01T04:00:33.361+0000] {logging_mixin.py:151} INFO - https://www.mlb.com/rockies/stats/
[2023-10-01T04:00:37.981+0000] {logging_mixin.py:151} INFO - https://www.mlb.com/dbacks/stats/
[2023-10-01T04:00:38.577+0000] {logging_mixin.py:151} INFO - https://www.mlb.com/astros/stats/
[2023-10-01T04:00:40.744+0000] {logging_mixin.py:151} INFO - https://www.mlb.com/angels/stats/
[2023-10-01T04:00:43.244+0000] {logging_mixin.py:151} INFO - https://www.mlb.com/rangers/stats/
[2023-10-01T04:00:44.122+0000] {logging_mixin.py:151} INFO - https://www.mlb.com/athletics/stats/
[2023-10-01T04:00:45.993+0000] {logging_mixin.py:151} INFO - https://www.mlb.com/mariners/stats/
[2023-10-01T04:00:47.335+0000] {logging_mixin.py:151} INFO - https://www.mlb.com/twins/stats/
[2023-10-01T04:00:48.713+0000] {logging_mixin.py:151} INFO - https://www.mlb.com/guardians/stats/
[2023-10-01T04:00:50.108+0000] {logging_mixin.py:151} INFO - https://www.mlb.com/tigers/stats/
[2023-10-01T04:00:52.658+0000] {logging_mixin.py:151} INFO - https://www.mlb.com/whitesox/stats/
[2023-10-01T04:00:55.287+0000] {logging_mixin.py:151} INFO - https://www.mlb.com/royals/stats/
[2023-10-01T04:00:59.883+0000] {logging_mixin.py:151} INFO - https://www.mlb.com/orioles/stats/
[2023-10-01T04:01:00.659+0000] {logging_mixin.py:151} INFO - https://www.mlb.com/rays/stats/
[2023-10-01T04:01:02.757+0000] {logging_mixin.py:151} INFO - https://www.mlb.com/bluejays/stats/
[2023-10-01T04:01:03.536+0000] {logging_mixin.py:151} INFO - https://www.mlb.com/redsox/stats/
[2023-10-01T04:01:05.668+0000] {logging_mixin.py:151} INFO - https://www.mlb.com/yankees/stats/
[2023-10-01T04:01:06.320+0000] {python.py:194} INFO - Done. Returned value was: None
[2023-10-01T04:01:06.327+0000] {taskinstance.py:1400} INFO - Marking task as SUCCESS. dag_id=mlb_parser, task_id=data_clean, execution_date=20230930T040000, start_date=20231001T040006, end_date=20231001T040106
[2023-10-01T04:01:06.372+0000] {local_task_job_runner.py:228} INFO - Task exited with return code 0
[2023-10-01T04:01:06.386+0000] {taskinstance.py:2784} INFO - 2 downstream tasks scheduled from follow-on schedule check
