[2023-09-15T15:31:01.225+0000] {taskinstance.py:1159} INFO - Dependencies all met for dep_context=non-requeueable deps ti=<TaskInstance: mlb_parser.output_hr_df manual__2023-09-15T15:29:37.109992+00:00 [queued]>
[2023-09-15T15:31:01.233+0000] {taskinstance.py:1159} INFO - Dependencies all met for dep_context=requeueable deps ti=<TaskInstance: mlb_parser.output_hr_df manual__2023-09-15T15:29:37.109992+00:00 [queued]>
[2023-09-15T15:31:01.234+0000] {taskinstance.py:1361} INFO - Starting attempt 1 of 2
[2023-09-15T15:31:01.243+0000] {taskinstance.py:1382} INFO - Executing <Task(PythonOperator): output_hr_df> on 2023-09-15 15:29:37.109992+00:00
[2023-09-15T15:31:01.248+0000] {standard_task_runner.py:57} INFO - Started process 41510 to run task
[2023-09-15T15:31:01.253+0000] {standard_task_runner.py:84} INFO - Running: ['***', 'tasks', 'run', 'mlb_parser', 'output_hr_df', 'manual__2023-09-15T15:29:37.109992+00:00', '--job-id', '825', '--raw', '--subdir', 'DAGS_FOLDER/mlb_parser.py', '--cfg-path', '/tmp/tmpegmv7wun']
[2023-09-15T15:31:01.256+0000] {standard_task_runner.py:85} INFO - Job 825: Subtask output_hr_df
[2023-09-15T15:31:01.297+0000] {task_command.py:415} INFO - Running <TaskInstance: mlb_parser.output_hr_df manual__2023-09-15T15:29:37.109992+00:00 [running]> on host 2e8147b3a465
[2023-09-15T15:31:01.371+0000] {taskinstance.py:1660} INFO - Exporting env vars: AIRFLOW_CTX_DAG_OWNER='andy_hsu' AIRFLOW_CTX_DAG_ID='mlb_parser' AIRFLOW_CTX_TASK_ID='output_hr_df' AIRFLOW_CTX_EXECUTION_DATE='2023-09-15T15:29:37.109992+00:00' AIRFLOW_CTX_TRY_NUMBER='1' AIRFLOW_CTX_DAG_RUN_ID='manual__2023-09-15T15:29:37.109992+00:00'
[2023-09-15T15:31:01.384+0000] {logging_mixin.py:151} INFO - [['Matt Olson', '1B', 'ATL', 146, 552, 51, 128, 94, 156, 0.385, 0.614, datetime.date(2023, 9, 15)], ['Pete Alonso', '1B', 'NYM', 138, 504, 44, 109, 62, 129, 0.33, 0.532, datetime.date(2023, 9, 15)], ['Shohei Ohtani', 'DH', 'LAA', 135, 497, 44, 95, 91, 143, 0.412, 0.654, datetime.date(2023, 9, 15)], ['Kyle Schwarber', 'LF', 'PHI', 145, 530, 43, 94, 118, 192, 0.348, 0.475, datetime.date(2023, 9, 15)], ['Mookie Betts', 'RF', 'LAD', 137, 529, 39, 103, 86, 98, 0.412, 0.607, datetime.date(2023, 9, 15)], ['Ronald Acuna', 'RF', 'ATL', 146, 594, 37, 97, 77, 78, 0.416, 0.586, datetime.date(2023, 9, 15)], ['Max Muncy', '3B', 'LAD', 121, 427, 35, 98, 76, 137, 0.332, 0.492, datetime.date(2023, 9, 15)], ['Austin Riley', '3B', 'ATL', 144, 575, 35, 88, 51, 150, 0.339, 0.511, datetime.date(2023, 9, 15)], ['Jorge Soler', 'DH', 'MIA', 126, 466, 35, 71, 58, 130, 0.329, 0.513, datetime.date(2023, 9, 15)], ['Luis Robert', 'CF', 'CWS', 137, 519, 35, 75, 29, 161, 0.319, 0.539, datetime.date(2023, 9, 15)]]
[2023-09-15T15:31:01.398+0000] {logging_mixin.py:151} INFO -                0   1    2    3    4   ...   7    8      9      10          11
0      Matt Olson  1B  ATL  146  552  ...   94  156  0.385  0.614  2023-09-15
1     Pete Alonso  1B  NYM  138  504  ...   62  129  0.330  0.532  2023-09-15
2   Shohei Ohtani  DH  LAA  135  497  ...   91  143  0.412  0.654  2023-09-15
3  Kyle Schwarber  LF  PHI  145  530  ...  118  192  0.348  0.475  2023-09-15
4    Mookie Betts  RF  LAD  137  529  ...   86   98  0.412  0.607  2023-09-15
5    Ronald Acuna  RF  ATL  146  594  ...   77   78  0.416  0.586  2023-09-15
6       Max Muncy  3B  LAD  121  427  ...   76  137  0.332  0.492  2023-09-15
7    Austin Riley  3B  ATL  144  575  ...   51  150  0.339  0.511  2023-09-15
8     Jorge Soler  DH  MIA  126  466  ...   58  130  0.329  0.513  2023-09-15
9     Luis Robert  CF  CWS  137  519  ...   29  161  0.319  0.539  2023-09-15

[10 rows x 12 columns]
[2023-09-15T15:31:01.399+0000] {python.py:194} INFO - Done. Returned value was: None
[2023-09-15T15:31:01.407+0000] {taskinstance.py:1400} INFO - Marking task as SUCCESS. dag_id=mlb_parser, task_id=output_hr_df, execution_date=20230915T152937, start_date=20230915T153101, end_date=20230915T153101
[2023-09-15T15:31:01.426+0000] {local_task_job_runner.py:228} INFO - Task exited with return code 0
[2023-09-15T15:31:01.445+0000] {taskinstance.py:2784} INFO - 1 downstream tasks scheduled from follow-on schedule check
