[2023-09-12T06:47:20.595+0000] {taskinstance.py:1159} INFO - Dependencies all met for dep_context=non-requeueable deps ti=<TaskInstance: mlb_parser.get_max_hr manual__2023-09-12T06:47:08.901623+00:00 [queued]>
[2023-09-12T06:47:20.600+0000] {taskinstance.py:1159} INFO - Dependencies all met for dep_context=requeueable deps ti=<TaskInstance: mlb_parser.get_max_hr manual__2023-09-12T06:47:08.901623+00:00 [queued]>
[2023-09-12T06:47:20.601+0000] {taskinstance.py:1361} INFO - Starting attempt 1 of 2
[2023-09-12T06:47:20.608+0000] {taskinstance.py:1382} INFO - Executing <Task(PostgresOperator): get_max_hr> on 2023-09-12 06:47:08.901623+00:00
[2023-09-12T06:47:20.613+0000] {standard_task_runner.py:57} INFO - Started process 73369 to run task
[2023-09-12T06:47:20.615+0000] {standard_task_runner.py:84} INFO - Running: ['***', 'tasks', 'run', 'mlb_parser', 'get_max_hr', 'manual__2023-09-12T06:47:08.901623+00:00', '--job-id', '512', '--raw', '--subdir', 'DAGS_FOLDER/mlb_parser.py', '--cfg-path', '/tmp/tmp9mtc2ccm']
[2023-09-12T06:47:20.618+0000] {standard_task_runner.py:85} INFO - Job 512: Subtask get_max_hr
[2023-09-12T06:47:20.647+0000] {task_command.py:415} INFO - Running <TaskInstance: mlb_parser.get_max_hr manual__2023-09-12T06:47:08.901623+00:00 [running]> on host 2e8147b3a465
[2023-09-12T06:47:20.692+0000] {taskinstance.py:1660} INFO - Exporting env vars: AIRFLOW_CTX_DAG_OWNER='andy_hsu' AIRFLOW_CTX_DAG_ID='mlb_parser' AIRFLOW_CTX_TASK_ID='get_max_hr' AIRFLOW_CTX_EXECUTION_DATE='2023-09-12T06:47:08.901623+00:00' AIRFLOW_CTX_TRY_NUMBER='1' AIRFLOW_CTX_DAG_RUN_ID='manual__2023-09-12T06:47:08.901623+00:00'
[2023-09-12T06:47:20.695+0000] {sql.py:274} INFO - Executing: 
            SELECT
                "Name",
                "H",
                "AB",
                ROUND(CAST("H" AS float) / "AB", 3) AS "AVG"
                FROM mlb_parser
                WHERE "AB" > (
                    SELECT AVG("AB") FROM mlb_parser
                )
                ORDER BY "AVG" DESC
                LIMIT 10;
            
[2023-09-12T06:47:20.700+0000] {base.py:73} INFO - Using connection ID 'postgres_mlb_parser_DB' for task execution.
[2023-09-12T06:47:20.707+0000] {base.py:73} INFO - Using connection ID 'postgres_mlb_parser_DB' for task execution.
[2023-09-12T06:47:20.717+0000] {sql.py:418} INFO - Running statement: 
            SELECT
                "Name",
                "H",
                "AB",
                ROUND(CAST("H" AS float) / "AB", 3) AS "AVG"
                FROM mlb_parser
                WHERE "AB" > (
                    SELECT AVG("AB") FROM mlb_parser
                )
                ORDER BY "AVG" DESC
                LIMIT 10;
            , parameters: None
[2023-09-12T06:47:20.721+0000] {taskinstance.py:1943} ERROR - Task failed with exception
Traceback (most recent call last):
  File "/home/airflow/.local/lib/python3.8/site-packages/airflow/providers/common/sql/operators/sql.py", line 280, in execute
    output = hook.run(
  File "/home/airflow/.local/lib/python3.8/site-packages/airflow/providers/common/sql/hooks/sql.py", line 392, in run
    self._run_command(cur, sql_statement, parameters)
  File "/home/airflow/.local/lib/python3.8/site-packages/airflow/providers/common/sql/hooks/sql.py", line 423, in _run_command
    cur.execute(sql_statement)
psycopg2.errors.UndefinedFunction: function round(double precision, integer) does not exist
LINE 6:                 ROUND(CAST("H" AS float) / "AB", 3) AS "AVG"
                        ^
HINT:  No function matches the given name and argument types. You might need to add explicit type casts.

[2023-09-12T06:47:20.728+0000] {taskinstance.py:1400} INFO - Marking task as UP_FOR_RETRY. dag_id=mlb_parser, task_id=get_max_hr, execution_date=20230912T064708, start_date=20230912T064720, end_date=20230912T064720
[2023-09-12T06:47:20.734+0000] {standard_task_runner.py:104} ERROR - Failed to execute job 512 for task get_max_hr (function round(double precision, integer) does not exist
LINE 6:                 ROUND(CAST("H" AS float) / "AB", 3) AS "AVG"
                        ^
HINT:  No function matches the given name and argument types. You might need to add explicit type casts.
; 73369)
[2023-09-12T06:47:20.748+0000] {local_task_job_runner.py:228} INFO - Task exited with return code 1
[2023-09-12T06:47:20.758+0000] {taskinstance.py:2784} INFO - 0 downstream tasks scheduled from follow-on schedule check
