[2023-09-25T04:01:01.244+0000] {taskinstance.py:1159} INFO - Dependencies all met for dep_context=non-requeueable deps ti=<TaskInstance: mlb_parser.task_avg_lead_to_sql scheduled__2023-09-24T04:00:00+00:00 [queued]>
[2023-09-25T04:01:01.250+0000] {taskinstance.py:1159} INFO - Dependencies all met for dep_context=requeueable deps ti=<TaskInstance: mlb_parser.task_avg_lead_to_sql scheduled__2023-09-24T04:00:00+00:00 [queued]>
[2023-09-25T04:01:01.251+0000] {taskinstance.py:1361} INFO - Starting attempt 1 of 2
[2023-09-25T04:01:01.258+0000] {taskinstance.py:1382} INFO - Executing <Task(PythonOperator): task_avg_lead_to_sql> on 2023-09-24 04:00:00+00:00
[2023-09-25T04:01:01.263+0000] {standard_task_runner.py:57} INFO - Started process 50067 to run task
[2023-09-25T04:01:01.267+0000] {standard_task_runner.py:84} INFO - Running: ['***', 'tasks', 'run', 'mlb_parser', 'task_avg_lead_to_sql', 'scheduled__2023-09-24T04:00:00+00:00', '--job-id', '1521', '--raw', '--subdir', 'DAGS_FOLDER/mlb_parser_hit.py', '--cfg-path', '/tmp/tmpfzyojgvl']
[2023-09-25T04:01:01.269+0000] {standard_task_runner.py:85} INFO - Job 1521: Subtask task_avg_lead_to_sql
[2023-09-25T04:01:01.314+0000] {task_command.py:415} INFO - Running <TaskInstance: mlb_parser.task_avg_lead_to_sql scheduled__2023-09-24T04:00:00+00:00 [running]> on host d98c068596b4
[2023-09-25T04:01:01.371+0000] {taskinstance.py:1660} INFO - Exporting env vars: AIRFLOW_CTX_DAG_OWNER='andy_hsu' AIRFLOW_CTX_DAG_ID='mlb_parser' AIRFLOW_CTX_TASK_ID='task_avg_lead_to_sql' AIRFLOW_CTX_EXECUTION_DATE='2023-09-24T04:00:00+00:00' AIRFLOW_CTX_TRY_NUMBER='1' AIRFLOW_CTX_DAG_RUN_ID='scheduled__2023-09-24T04:00:00+00:00'
[2023-09-25T04:01:01.407+0000] {logging_mixin.py:151} INFO -               name pos team    g   ab  ...   so    obp    slg       avg  record_date
0      Luis Arraez  2B  MIA  146  573  ...   34  0.392  0.468  0.352531   2023-09-25
1     Ronald Acuna  RF  ATL  153  625  ...   81  0.415  0.595  0.336000   2023-09-25
2     Corey Seager  SS  TEX  112  451  ...   82  0.394  0.645  0.332594   2023-09-25
3  Freddie Freeman  1B  LAD  154  611  ...  115  0.408  0.560  0.332242   2023-09-25
4       Yandy Diaz  1B   TB  135  522  ...   93  0.408  0.515  0.327586   2023-09-25
5      Jose Altuve  2B  HOU   84  334  ...   64  0.397  0.536  0.311377   2023-09-25
6     Mookie Betts  RF  LAD  146  564  ...  105  0.410  0.590  0.308511   2023-09-25
7   Harold Ramirez  DH   TB  117  383  ...   77  0.349  0.449  0.308094   2023-09-25
8      Josh Naylor  1B  CLE  116  433  ...   67  0.351  0.492  0.307159   2023-09-25
9   Cody Bellinger  CF  CHC  125  478  ...   84  0.355  0.531  0.305439   2023-09-25

[10 rows x 12 columns]
[2023-09-25T04:01:01.432+0000] {logging_mixin.py:151} INFO - job done
[2023-09-25T04:01:01.433+0000] {python.py:194} INFO - Done. Returned value was: None
[2023-09-25T04:01:01.439+0000] {taskinstance.py:1400} INFO - Marking task as SUCCESS. dag_id=mlb_parser, task_id=task_avg_lead_to_sql, execution_date=20230924T040000, start_date=20230925T040101, end_date=20230925T040101
[2023-09-25T04:01:01.479+0000] {local_task_job_runner.py:228} INFO - Task exited with return code 0
[2023-09-25T04:01:01.491+0000] {taskinstance.py:2784} INFO - 0 downstream tasks scheduled from follow-on schedule check
