[2023-09-17T06:56:24.326+0000] {taskinstance.py:1159} INFO - Dependencies all met for dep_context=non-requeueable deps ti=<TaskInstance: mlb_parser.get_avg_high manual__2023-09-17T06:55:24.070636+00:00 [queued]>
[2023-09-17T06:56:24.336+0000] {taskinstance.py:1159} INFO - Dependencies all met for dep_context=requeueable deps ti=<TaskInstance: mlb_parser.get_avg_high manual__2023-09-17T06:55:24.070636+00:00 [queued]>
[2023-09-17T06:56:24.337+0000] {taskinstance.py:1361} INFO - Starting attempt 1 of 2
[2023-09-17T06:56:24.347+0000] {taskinstance.py:1382} INFO - Executing <Task(PostgresOperator): get_avg_high> on 2023-09-17 06:55:24.070636+00:00
[2023-09-17T06:56:24.353+0000] {standard_task_runner.py:57} INFO - Started process 6422 to run task
[2023-09-17T06:56:24.359+0000] {standard_task_runner.py:84} INFO - Running: ['***', 'tasks', 'run', 'mlb_parser', 'get_avg_high', 'manual__2023-09-17T06:55:24.070636+00:00', '--job-id', '1029', '--raw', '--subdir', 'DAGS_FOLDER/mlb_parser.py', '--cfg-path', '/tmp/tmpcp514j9t']
[2023-09-17T06:56:24.362+0000] {standard_task_runner.py:85} INFO - Job 1029: Subtask get_avg_high
[2023-09-17T06:56:24.436+0000] {task_command.py:415} INFO - Running <TaskInstance: mlb_parser.get_avg_high manual__2023-09-17T06:55:24.070636+00:00 [running]> on host 41ed285d8c3c
[2023-09-17T06:56:24.507+0000] {taskinstance.py:1660} INFO - Exporting env vars: AIRFLOW_CTX_DAG_OWNER='andy_hsu' AIRFLOW_CTX_DAG_ID='mlb_parser' AIRFLOW_CTX_TASK_ID='get_avg_high' AIRFLOW_CTX_EXECUTION_DATE='2023-09-17T06:55:24.070636+00:00' AIRFLOW_CTX_TRY_NUMBER='1' AIRFLOW_CTX_DAG_RUN_ID='manual__2023-09-17T06:55:24.070636+00:00'
[2023-09-17T06:56:24.510+0000] {sql.py:274} INFO - Executing: 
            SELECT
                "Name",
                "POS",
                "Team",
                "G",
                "AB",
                "H",
                "BB",
                "SO",
                "OBP",
                "SLG",
                (CAST("H" AS float) / CAST("AB" AS float)) AS "Average_Bat",
                CURRENT_DATE AS "date"
                FROM mlb_data_2023
                WHERE "AB" > (
                    SELECT AVG("AB") FROM mlb_data_2023
                )
                ORDER BY "Average_Bat" DESC
                LIMIT 10;
            
[2023-09-17T06:56:24.529+0000] {base.py:73} INFO - Using connection ID 'postgres_mlb_parser_DB' for task execution.
[2023-09-17T06:56:24.539+0000] {base.py:73} INFO - Using connection ID 'postgres_mlb_parser_DB' for task execution.
[2023-09-17T06:56:24.551+0000] {sql.py:418} INFO - Running statement: 
            SELECT
                "Name",
                "POS",
                "Team",
                "G",
                "AB",
                "H",
                "BB",
                "SO",
                "OBP",
                "SLG",
                (CAST("H" AS float) / CAST("AB" AS float)) AS "Average_Bat",
                CURRENT_DATE AS "date"
                FROM mlb_data_2023
                WHERE "AB" > (
                    SELECT AVG("AB") FROM mlb_data_2023
                )
                ORDER BY "Average_Bat" DESC
                LIMIT 10;
            , parameters: None
[2023-09-17T06:56:24.557+0000] {sql.py:427} INFO - Rows affected: 10
[2023-09-17T06:56:24.582+0000] {taskinstance.py:1400} INFO - Marking task as SUCCESS. dag_id=mlb_parser, task_id=get_avg_high, execution_date=20230917T065524, start_date=20230917T065624, end_date=20230917T065624
[2023-09-17T06:56:24.611+0000] {local_task_job_runner.py:228} INFO - Task exited with return code 0
[2023-09-17T06:56:24.630+0000] {taskinstance.py:2784} INFO - 0 downstream tasks scheduled from follow-on schedule check
