[2023-09-29T04:00:03.674+0000] {taskinstance.py:1159} INFO - Dependencies all met for dep_context=non-requeueable deps ti=<TaskInstance: mlb_parser.data_clean scheduled__2023-09-28T04:00:00+00:00 [queued]>
[2023-09-29T04:00:03.680+0000] {taskinstance.py:1159} INFO - Dependencies all met for dep_context=requeueable deps ti=<TaskInstance: mlb_parser.data_clean scheduled__2023-09-28T04:00:00+00:00 [queued]>
[2023-09-29T04:00:03.681+0000] {taskinstance.py:1361} INFO - Starting attempt 1 of 2
[2023-09-29T04:00:03.687+0000] {taskinstance.py:1382} INFO - Executing <Task(PythonOperator): data_clean> on 2023-09-28 04:00:00+00:00
[2023-09-29T04:00:03.691+0000] {standard_task_runner.py:57} INFO - Started process 62797 to run task
[2023-09-29T04:00:03.694+0000] {standard_task_runner.py:84} INFO - Running: ['***', 'tasks', 'run', 'mlb_parser', 'data_clean', 'scheduled__2023-09-28T04:00:00+00:00', '--job-id', '1631', '--raw', '--subdir', 'DAGS_FOLDER/mlb_parser_hit.py', '--cfg-path', '/tmp/tmpk6oj7vv9']
[2023-09-29T04:00:03.696+0000] {standard_task_runner.py:85} INFO - Job 1631: Subtask data_clean
[2023-09-29T04:00:03.727+0000] {task_command.py:415} INFO - Running <TaskInstance: mlb_parser.data_clean scheduled__2023-09-28T04:00:00+00:00 [running]> on host d98c068596b4
[2023-09-29T04:00:03.774+0000] {taskinstance.py:1660} INFO - Exporting env vars: AIRFLOW_CTX_DAG_OWNER='andy_hsu' AIRFLOW_CTX_DAG_ID='mlb_parser' AIRFLOW_CTX_TASK_ID='data_clean' AIRFLOW_CTX_EXECUTION_DATE='2023-09-28T04:00:00+00:00' AIRFLOW_CTX_TRY_NUMBER='1' AIRFLOW_CTX_DAG_RUN_ID='scheduled__2023-09-28T04:00:00+00:00'
[2023-09-29T04:00:03.781+0000] {logging_mixin.py:151} INFO - ['nationals', 'braves', 'mets', 'marlins', 'phillies', 'brewers', 'cubs', 'reds', 'pirates', 'cardinals', 'dodgers', 'giants', 'padres', 'rockies', 'dbacks', 'astros', 'angels', 'rangers', 'athletics', 'mariners', 'twins', 'guardians', 'tigers', 'whitesox', 'royals', 'orioles', 'rays', 'bluejays', 'redsox', 'yankees']
[2023-09-29T04:00:03.783+0000] {logging_mixin.py:151} INFO - https://www.mlb.com/nationals/stats/
[2023-09-29T04:00:06.349+0000] {logging_mixin.py:151} INFO - https://www.mlb.com/braves/stats/
[2023-09-29T04:00:07.847+0000] {logging_mixin.py:151} INFO - https://www.mlb.com/mets/stats/
[2023-09-29T04:00:10.449+0000] {logging_mixin.py:151} INFO - https://www.mlb.com/marlins/stats/
[2023-09-29T04:00:16.528+0000] {logging_mixin.py:151} INFO - https://www.mlb.com/phillies/stats/
[2023-09-29T04:00:20.087+0000] {logging_mixin.py:151} INFO - https://www.mlb.com/brewers/stats/
[2023-09-29T04:00:21.739+0000] {logging_mixin.py:151} INFO - https://www.mlb.com/cubs/stats/
[2023-09-29T04:00:24.902+0000] {logging_mixin.py:151} INFO - https://www.mlb.com/reds/stats/
[2023-09-29T04:00:27.384+0000] {logging_mixin.py:151} INFO - https://www.mlb.com/pirates/stats/
[2023-09-29T04:00:29.325+0000] {logging_mixin.py:151} INFO - https://www.mlb.com/cardinals/stats/
[2023-09-29T04:00:33.920+0000] {logging_mixin.py:151} INFO - https://www.mlb.com/dodgers/stats/
[2023-09-29T04:00:37.914+0000] {logging_mixin.py:151} INFO - https://www.mlb.com/giants/stats/
[2023-09-29T04:00:41.437+0000] {logging_mixin.py:151} INFO - https://www.mlb.com/padres/stats/
[2023-09-29T04:00:43.841+0000] {logging_mixin.py:151} INFO - https://www.mlb.com/rockies/stats/
[2023-09-29T04:00:45.885+0000] {logging_mixin.py:151} INFO - https://www.mlb.com/dbacks/stats/
[2023-09-29T04:00:49.895+0000] {logging_mixin.py:151} INFO - https://www.mlb.com/astros/stats/
[2023-09-29T04:00:52.061+0000] {logging_mixin.py:151} INFO - https://www.mlb.com/angels/stats/
[2023-09-29T04:00:55.616+0000] {logging_mixin.py:151} INFO - https://www.mlb.com/rangers/stats/
[2023-09-29T04:00:58.394+0000] {logging_mixin.py:151} INFO - https://www.mlb.com/athletics/stats/
[2023-09-29T04:01:01.526+0000] {logging_mixin.py:151} INFO - https://www.mlb.com/mariners/stats/
[2023-09-29T04:01:05.121+0000] {logging_mixin.py:151} INFO - https://www.mlb.com/twins/stats/
[2023-09-29T04:01:11.445+0000] {logging_mixin.py:151} INFO - https://www.mlb.com/guardians/stats/
[2023-09-29T04:01:16.462+0000] {logging_mixin.py:151} INFO - https://www.mlb.com/tigers/stats/
[2023-09-29T04:01:19.583+0000] {logging_mixin.py:151} INFO - https://www.mlb.com/whitesox/stats/
[2023-09-29T04:01:25.709+0000] {logging_mixin.py:151} INFO - https://www.mlb.com/royals/stats/
[2023-09-29T04:01:37.495+0000] {logging_mixin.py:151} INFO - https://www.mlb.com/orioles/stats/
[2023-09-29T04:01:42.124+0000] {logging_mixin.py:151} INFO - https://www.mlb.com/rays/stats/
[2023-09-29T04:01:45.576+0000] {logging_mixin.py:151} INFO - https://www.mlb.com/bluejays/stats/
[2023-09-29T04:01:48.885+0000] {logging_mixin.py:151} INFO - https://www.mlb.com/redsox/stats/
[2023-09-29T04:01:55.508+0000] {logging_mixin.py:151} INFO - https://www.mlb.com/yankees/stats/
[2023-09-29T04:02:01.999+0000] {python.py:194} INFO - Done. Returned value was: None
[2023-09-29T04:02:02.005+0000] {taskinstance.py:1400} INFO - Marking task as SUCCESS. dag_id=mlb_parser, task_id=data_clean, execution_date=20230928T040000, start_date=20230929T040003, end_date=20230929T040202
[2023-09-29T04:02:02.052+0000] {local_task_job_runner.py:228} INFO - Task exited with return code 0
[2023-09-29T04:02:02.067+0000] {taskinstance.py:2784} INFO - 2 downstream tasks scheduled from follow-on schedule check
