[2023-09-18T04:45:28.345+0000] {taskinstance.py:1159} INFO - Dependencies all met for dep_context=non-requeueable deps ti=<TaskInstance: mlb_parser.data_clean manual__2023-09-18T04:45:17.373627+00:00 [queued]>
[2023-09-18T04:45:28.351+0000] {taskinstance.py:1159} INFO - Dependencies all met for dep_context=requeueable deps ti=<TaskInstance: mlb_parser.data_clean manual__2023-09-18T04:45:17.373627+00:00 [queued]>
[2023-09-18T04:45:28.351+0000] {taskinstance.py:1361} INFO - Starting attempt 1 of 2
[2023-09-18T04:45:28.358+0000] {taskinstance.py:1382} INFO - Executing <Task(PythonOperator): data_clean> on 2023-09-18 04:45:17.373627+00:00
[2023-09-18T04:45:28.362+0000] {standard_task_runner.py:57} INFO - Started process 14227 to run task
[2023-09-18T04:45:28.364+0000] {standard_task_runner.py:84} INFO - Running: ['***', 'tasks', 'run', 'mlb_parser', 'data_clean', 'manual__2023-09-18T04:45:17.373627+00:00', '--job-id', '1198', '--raw', '--subdir', 'DAGS_FOLDER/mlb_parser.py', '--cfg-path', '/tmp/tmp68ab5pf3']
[2023-09-18T04:45:28.367+0000] {standard_task_runner.py:85} INFO - Job 1198: Subtask data_clean
[2023-09-18T04:45:28.395+0000] {task_command.py:415} INFO - Running <TaskInstance: mlb_parser.data_clean manual__2023-09-18T04:45:17.373627+00:00 [running]> on host 41ed285d8c3c
[2023-09-18T04:45:28.442+0000] {taskinstance.py:1660} INFO - Exporting env vars: AIRFLOW_CTX_DAG_OWNER='andy_hsu' AIRFLOW_CTX_DAG_ID='mlb_parser' AIRFLOW_CTX_TASK_ID='data_clean' AIRFLOW_CTX_EXECUTION_DATE='2023-09-18T04:45:17.373627+00:00' AIRFLOW_CTX_TRY_NUMBER='1' AIRFLOW_CTX_DAG_RUN_ID='manual__2023-09-18T04:45:17.373627+00:00'
[2023-09-18T04:45:28.449+0000] {logging_mixin.py:151} INFO - ['nationals', 'braves', 'mets', 'marlins', 'phillies', 'brewers', 'cubs', 'reds', 'pirates', 'cardinals', 'dodgers', 'giants', 'padres', 'rockies', 'dbacks', 'astros', 'angels', 'rangers', 'athletics', 'mariners', 'twins', 'guardians', 'tigers', 'whitesox', 'royals', 'orioles', 'rays', 'bluejays', 'redsox', 'yankees']
[2023-09-18T04:45:28.451+0000] {logging_mixin.py:151} INFO - https://www.mlb.com/nationals/stats/
[2023-09-18T04:45:31.774+0000] {logging_mixin.py:151} INFO - https://www.mlb.com/braves/stats/
[2023-09-18T04:45:32.796+0000] {logging_mixin.py:151} INFO - https://www.mlb.com/mets/stats/
[2023-09-18T04:45:37.574+0000] {logging_mixin.py:151} INFO - https://www.mlb.com/marlins/stats/
[2023-09-18T04:45:41.673+0000] {logging_mixin.py:151} INFO - https://www.mlb.com/phillies/stats/
[2023-09-18T04:45:45.007+0000] {logging_mixin.py:151} INFO - https://www.mlb.com/brewers/stats/
[2023-09-18T04:45:46.525+0000] {logging_mixin.py:151} INFO - https://www.mlb.com/cubs/stats/
[2023-09-18T04:45:47.054+0000] {logging_mixin.py:151} INFO - https://www.mlb.com/reds/stats/
[2023-09-18T04:45:50.742+0000] {logging_mixin.py:151} INFO - https://www.mlb.com/pirates/stats/
[2023-09-18T04:45:52.505+0000] {logging_mixin.py:151} INFO - https://www.mlb.com/cardinals/stats/
[2023-09-18T04:45:55.474+0000] {logging_mixin.py:151} INFO - https://www.mlb.com/dodgers/stats/
[2023-09-18T04:45:57.433+0000] {logging_mixin.py:151} INFO - https://www.mlb.com/giants/stats/
[2023-09-18T04:46:00.217+0000] {logging_mixin.py:151} INFO - https://www.mlb.com/padres/stats/
[2023-09-18T04:46:02.010+0000] {logging_mixin.py:151} INFO - https://www.mlb.com/rockies/stats/
[2023-09-18T04:46:05.200+0000] {logging_mixin.py:151} INFO - https://www.mlb.com/dbacks/stats/
[2023-09-18T04:46:07.841+0000] {logging_mixin.py:151} INFO - https://www.mlb.com/astros/stats/
[2023-09-18T04:46:09.735+0000] {logging_mixin.py:151} INFO - https://www.mlb.com/angels/stats/
[2023-09-18T04:46:10.860+0000] {logging_mixin.py:151} INFO - https://www.mlb.com/rangers/stats/
[2023-09-18T04:46:12.368+0000] {logging_mixin.py:151} INFO - https://www.mlb.com/athletics/stats/
[2023-09-18T04:46:14.524+0000] {logging_mixin.py:151} INFO - https://www.mlb.com/mariners/stats/
[2023-09-18T04:46:15.542+0000] {logging_mixin.py:151} INFO - https://www.mlb.com/twins/stats/
[2023-09-18T04:46:16.699+0000] {logging_mixin.py:151} INFO - https://www.mlb.com/guardians/stats/
[2023-09-18T04:46:19.303+0000] {logging_mixin.py:151} INFO - https://www.mlb.com/tigers/stats/
[2023-09-18T04:46:22.182+0000] {logging_mixin.py:151} INFO - https://www.mlb.com/whitesox/stats/
[2023-09-18T04:46:23.420+0000] {logging_mixin.py:151} INFO - https://www.mlb.com/royals/stats/
[2023-09-18T04:46:25.513+0000] {logging_mixin.py:151} INFO - https://www.mlb.com/orioles/stats/
[2023-09-18T04:46:26.061+0000] {logging_mixin.py:151} INFO - https://www.mlb.com/rays/stats/
[2023-09-18T04:46:28.529+0000] {logging_mixin.py:151} INFO - https://www.mlb.com/bluejays/stats/
[2023-09-18T04:46:30.599+0000] {logging_mixin.py:151} INFO - https://www.mlb.com/redsox/stats/
[2023-09-18T04:46:32.433+0000] {logging_mixin.py:151} INFO - https://www.mlb.com/yankees/stats/
[2023-09-18T04:46:33.081+0000] {python.py:194} INFO - Done. Returned value was: None
[2023-09-18T04:46:33.088+0000] {taskinstance.py:1400} INFO - Marking task as SUCCESS. dag_id=mlb_parser, task_id=data_clean, execution_date=20230918T044517, start_date=20230918T044528, end_date=20230918T044633
[2023-09-18T04:46:33.128+0000] {local_task_job_runner.py:228} INFO - Task exited with return code 0
[2023-09-18T04:46:33.143+0000] {taskinstance.py:2784} INFO - 0 downstream tasks scheduled from follow-on schedule check
