[2023-09-11T16:29:52.341+0000] {taskinstance.py:1159} INFO - Dependencies all met for dep_context=non-requeueable deps ti=<TaskInstance: mlb_parser.data_clean manual__2023-09-11T16:29:47.515939+00:00 [queued]>
[2023-09-11T16:29:52.346+0000] {taskinstance.py:1159} INFO - Dependencies all met for dep_context=requeueable deps ti=<TaskInstance: mlb_parser.data_clean manual__2023-09-11T16:29:47.515939+00:00 [queued]>
[2023-09-11T16:29:52.347+0000] {taskinstance.py:1361} INFO - Starting attempt 1 of 6
[2023-09-11T16:29:52.354+0000] {taskinstance.py:1382} INFO - Executing <Task(PythonOperator): data_clean> on 2023-09-11 16:29:47.515939+00:00
[2023-09-11T16:29:52.359+0000] {standard_task_runner.py:57} INFO - Started process 47045 to run task
[2023-09-11T16:29:52.361+0000] {standard_task_runner.py:84} INFO - Running: ['***', 'tasks', 'run', 'mlb_parser', 'data_clean', 'manual__2023-09-11T16:29:47.515939+00:00', '--job-id', '396', '--raw', '--subdir', 'DAGS_FOLDER/mlb_parser.py', '--cfg-path', '/tmp/tmpyh58q04t']
[2023-09-11T16:29:52.364+0000] {standard_task_runner.py:85} INFO - Job 396: Subtask data_clean
[2023-09-11T16:29:52.395+0000] {task_command.py:415} INFO - Running <TaskInstance: mlb_parser.data_clean manual__2023-09-11T16:29:47.515939+00:00 [running]> on host 2e8147b3a465
[2023-09-11T16:29:52.439+0000] {taskinstance.py:1660} INFO - Exporting env vars: AIRFLOW_CTX_DAG_OWNER='andy_hsu' AIRFLOW_CTX_DAG_ID='mlb_parser' AIRFLOW_CTX_TASK_ID='data_clean' AIRFLOW_CTX_EXECUTION_DATE='2023-09-11T16:29:47.515939+00:00' AIRFLOW_CTX_TRY_NUMBER='1' AIRFLOW_CTX_DAG_RUN_ID='manual__2023-09-11T16:29:47.515939+00:00'
[2023-09-11T16:29:52.447+0000] {logging_mixin.py:151} INFO - ['nationals', 'braves', 'mets', 'marlins', 'phillies']
[2023-09-11T16:29:52.449+0000] {logging_mixin.py:151} INFO - https://www.mlb.com/nationals/stats/
[2023-09-11T16:29:54.933+0000] {logging_mixin.py:151} INFO - https://www.mlb.com/braves/stats/
[2023-09-11T16:29:55.789+0000] {logging_mixin.py:151} INFO - https://www.mlb.com/mets/stats/
[2023-09-11T16:29:56.534+0000] {logging_mixin.py:151} INFO - https://www.mlb.com/marlins/stats/
[2023-09-11T16:29:57.682+0000] {logging_mixin.py:151} INFO - https://www.mlb.com/phillies/stats/
[2023-09-11T16:29:58.908+0000] {taskinstance.py:1943} ERROR - Task failed with exception
Traceback (most recent call last):
  File "/home/airflow/.local/lib/python3.8/site-packages/airflow/operators/python.py", line 192, in execute
    return_value = self.execute_callable()
  File "/home/airflow/.local/lib/python3.8/site-packages/airflow/operators/python.py", line 209, in execute_callable
    return self.python_callable(*self.op_args, **self.op_kwargs)
  File "/opt/airflow/dags/mlb_parser.py", line 140, in main
    all_team.to_sql(engine)
TypeError: to_sql() missing 1 required positional argument: 'con'
[2023-09-11T16:29:58.918+0000] {taskinstance.py:1400} INFO - Marking task as UP_FOR_RETRY. dag_id=mlb_parser, task_id=data_clean, execution_date=20230911T162947, start_date=20230911T162952, end_date=20230911T162958
[2023-09-11T16:29:58.926+0000] {standard_task_runner.py:104} ERROR - Failed to execute job 396 for task data_clean (to_sql() missing 1 required positional argument: 'con'; 47045)
[2023-09-11T16:29:58.944+0000] {local_task_job_runner.py:228} INFO - Task exited with return code 1
[2023-09-11T16:29:58.953+0000] {taskinstance.py:2784} INFO - 0 downstream tasks scheduled from follow-on schedule check
