[2023-09-19T04:58:34.288+0000] {taskinstance.py:1159} INFO - Dependencies all met for dep_context=non-requeueable deps ti=<TaskInstance: mlb_parser_ranking.get_team_ranking manual__2023-09-19T04:58:31.105527+00:00 [queued]>
[2023-09-19T04:58:34.293+0000] {taskinstance.py:1159} INFO - Dependencies all met for dep_context=requeueable deps ti=<TaskInstance: mlb_parser_ranking.get_team_ranking manual__2023-09-19T04:58:31.105527+00:00 [queued]>
[2023-09-19T04:58:34.294+0000] {taskinstance.py:1361} INFO - Starting attempt 1 of 2
[2023-09-19T04:58:34.301+0000] {taskinstance.py:1382} INFO - Executing <Task(PythonOperator): get_team_ranking> on 2023-09-19 04:58:31.105527+00:00
[2023-09-19T04:58:34.305+0000] {standard_task_runner.py:57} INFO - Started process 56067 to run task
[2023-09-19T04:58:34.308+0000] {standard_task_runner.py:84} INFO - Running: ['***', 'tasks', 'run', 'mlb_parser_ranking', 'get_team_ranking', 'manual__2023-09-19T04:58:31.105527+00:00', '--job-id', '1246', '--raw', '--subdir', 'DAGS_FOLDER/mlb_parser_ranking.py', '--cfg-path', '/tmp/tmpgoektz_o']
[2023-09-19T04:58:34.311+0000] {standard_task_runner.py:85} INFO - Job 1246: Subtask get_team_ranking
[2023-09-19T04:58:34.342+0000] {task_command.py:415} INFO - Running <TaskInstance: mlb_parser_ranking.get_team_ranking manual__2023-09-19T04:58:31.105527+00:00 [running]> on host 41ed285d8c3c
[2023-09-19T04:58:34.384+0000] {taskinstance.py:1660} INFO - Exporting env vars: AIRFLOW_CTX_DAG_OWNER='andy_hsu' AIRFLOW_CTX_DAG_ID='mlb_parser_ranking' AIRFLOW_CTX_TASK_ID='get_team_ranking' AIRFLOW_CTX_EXECUTION_DATE='2023-09-19T04:58:31.105527+00:00' AIRFLOW_CTX_TRY_NUMBER='1' AIRFLOW_CTX_DAG_RUN_ID='manual__2023-09-19T04:58:31.105527+00:00'
[2023-09-19T04:58:34.386+0000] {taskinstance.py:1943} ERROR - Task failed with exception
Traceback (most recent call last):
  File "/home/airflow/.local/lib/python3.8/site-packages/airflow/operators/python.py", line 192, in execute
    return_value = self.execute_callable()
  File "/home/airflow/.local/lib/python3.8/site-packages/airflow/operators/python.py", line 209, in execute_callable
    return self.python_callable(*self.op_args, **self.op_kwargs)
TypeError: crawler_data() missing 1 required positional argument: 'url'
[2023-09-19T04:58:34.392+0000] {taskinstance.py:1400} INFO - Marking task as UP_FOR_RETRY. dag_id=mlb_parser_ranking, task_id=get_team_ranking, execution_date=20230919T045831, start_date=20230919T045834, end_date=20230919T045834
[2023-09-19T04:58:34.408+0000] {standard_task_runner.py:104} ERROR - Failed to execute job 1246 for task get_team_ranking (crawler_data() missing 1 required positional argument: 'url'; 56067)
[2023-09-19T04:58:34.443+0000] {local_task_job_runner.py:228} INFO - Task exited with return code 1
[2023-09-19T04:58:34.454+0000] {taskinstance.py:2784} INFO - 0 downstream tasks scheduled from follow-on schedule check
