[2023-09-18T04:21:51.643+0000] {taskinstance.py:1159} INFO - Dependencies all met for dep_context=non-requeueable deps ti=<TaskInstance: mlb_parser.create_postgre_table_mlb_data manual__2023-09-18T04:21:42.764457+00:00 [queued]>
[2023-09-18T04:21:51.662+0000] {taskinstance.py:1159} INFO - Dependencies all met for dep_context=requeueable deps ti=<TaskInstance: mlb_parser.create_postgre_table_mlb_data manual__2023-09-18T04:21:42.764457+00:00 [queued]>
[2023-09-18T04:21:51.663+0000] {taskinstance.py:1361} INFO - Starting attempt 1 of 2
[2023-09-18T04:21:51.674+0000] {taskinstance.py:1382} INFO - Executing <Task(PostgresOperator): create_postgre_table_mlb_data> on 2023-09-18 04:21:42.764457+00:00
[2023-09-18T04:21:51.683+0000] {standard_task_runner.py:57} INFO - Started process 12058 to run task
[2023-09-18T04:21:51.694+0000] {standard_task_runner.py:84} INFO - Running: ['***', 'tasks', 'run', 'mlb_parser', 'create_postgre_table_mlb_data', 'manual__2023-09-18T04:21:42.764457+00:00', '--job-id', '1147', '--raw', '--subdir', 'DAGS_FOLDER/mlb_parser.py', '--cfg-path', '/tmp/tmpcnrsbe9l']
[2023-09-18T04:21:51.702+0000] {standard_task_runner.py:85} INFO - Job 1147: Subtask create_postgre_table_mlb_data
[2023-09-18T04:21:53.614+0000] {task_command.py:415} INFO - Running <TaskInstance: mlb_parser.create_postgre_table_mlb_data manual__2023-09-18T04:21:42.764457+00:00 [running]> on host 41ed285d8c3c
[2023-09-18T04:21:53.718+0000] {taskinstance.py:1660} INFO - Exporting env vars: AIRFLOW_CTX_DAG_OWNER='andy_hsu' AIRFLOW_CTX_DAG_ID='mlb_parser' AIRFLOW_CTX_TASK_ID='create_postgre_table_mlb_data' AIRFLOW_CTX_EXECUTION_DATE='2023-09-18T04:21:42.764457+00:00' AIRFLOW_CTX_TRY_NUMBER='1' AIRFLOW_CTX_DAG_RUN_ID='manual__2023-09-18T04:21:42.764457+00:00'
[2023-09-18T04:21:53.720+0000] {sql.py:274} INFO - Executing: 
            create table if not exists mlb_data_2023 (
                Name varchar(40),
                POS varchar(5),
                Team varchar(20),
                G int,
                AB int,
                R int,
                H int,
                Double int,
                Third int,
                HR int,
                RBI int,
                BB int,
                SO int,
                SB int,
                CS int, 
                OBP float,
                SLG float,
                primary key(Name, POS, Team)
            )
            
[2023-09-18T04:21:53.738+0000] {base.py:73} INFO - Using connection ID 'postgres_mlb_parser_DB' for task execution.
[2023-09-18T04:21:53.749+0000] {base.py:73} INFO - Using connection ID 'postgres_mlb_parser_DB' for task execution.
[2023-09-18T04:21:53.815+0000] {sql.py:418} INFO - Running statement: 
            create table if not exists mlb_data_2023 (
                Name varchar(40),
                POS varchar(5),
                Team varchar(20),
                G int,
                AB int,
                R int,
                H int,
                Double int,
                Third int,
                HR int,
                RBI int,
                BB int,
                SO int,
                SB int,
                CS int, 
                OBP float,
                SLG float,
                primary key(Name, POS, Team)
            )
            , parameters: None
[2023-09-18T04:21:53.833+0000] {taskinstance.py:1400} INFO - Marking task as SUCCESS. dag_id=mlb_parser, task_id=create_postgre_table_mlb_data, execution_date=20230918T042142, start_date=20230918T042151, end_date=20230918T042153
[2023-09-18T04:21:53.883+0000] {local_task_job_runner.py:228} INFO - Task exited with return code 0
[2023-09-18T04:21:53.906+0000] {taskinstance.py:2784} INFO - 0 downstream tasks scheduled from follow-on schedule check
