[2023-09-27T04:00:11.886+0000] {taskinstance.py:1159} INFO - Dependencies all met for dep_context=non-requeueable deps ti=<TaskInstance: mlb_parser.data_clean scheduled__2023-09-26T04:00:00+00:00 [queued]>
[2023-09-27T04:00:11.891+0000] {taskinstance.py:1159} INFO - Dependencies all met for dep_context=requeueable deps ti=<TaskInstance: mlb_parser.data_clean scheduled__2023-09-26T04:00:00+00:00 [queued]>
[2023-09-27T04:00:11.892+0000] {taskinstance.py:1361} INFO - Starting attempt 1 of 2
[2023-09-27T04:00:11.899+0000] {taskinstance.py:1382} INFO - Executing <Task(PythonOperator): data_clean> on 2023-09-26 04:00:00+00:00
[2023-09-27T04:00:11.903+0000] {standard_task_runner.py:57} INFO - Started process 78311 to run task
[2023-09-27T04:00:11.906+0000] {standard_task_runner.py:84} INFO - Running: ['***', 'tasks', 'run', 'mlb_parser', 'data_clean', 'scheduled__2023-09-26T04:00:00+00:00', '--job-id', '1576', '--raw', '--subdir', 'DAGS_FOLDER/mlb_parser_hit.py', '--cfg-path', '/tmp/tmpj52ytrzh']
[2023-09-27T04:00:11.908+0000] {standard_task_runner.py:85} INFO - Job 1576: Subtask data_clean
[2023-09-27T04:00:11.946+0000] {task_command.py:415} INFO - Running <TaskInstance: mlb_parser.data_clean scheduled__2023-09-26T04:00:00+00:00 [running]> on host d98c068596b4
[2023-09-27T04:00:11.995+0000] {taskinstance.py:1660} INFO - Exporting env vars: AIRFLOW_CTX_DAG_OWNER='andy_hsu' AIRFLOW_CTX_DAG_ID='mlb_parser' AIRFLOW_CTX_TASK_ID='data_clean' AIRFLOW_CTX_EXECUTION_DATE='2023-09-26T04:00:00+00:00' AIRFLOW_CTX_TRY_NUMBER='1' AIRFLOW_CTX_DAG_RUN_ID='scheduled__2023-09-26T04:00:00+00:00'
[2023-09-27T04:00:12.003+0000] {logging_mixin.py:151} INFO - ['nationals', 'braves', 'mets', 'marlins', 'phillies', 'brewers', 'cubs', 'reds', 'pirates', 'cardinals', 'dodgers', 'giants', 'padres', 'rockies', 'dbacks', 'astros', 'angels', 'rangers', 'athletics', 'mariners', 'twins', 'guardians', 'tigers', 'whitesox', 'royals', 'orioles', 'rays', 'bluejays', 'redsox', 'yankees']
[2023-09-27T04:00:12.004+0000] {logging_mixin.py:151} INFO - https://www.mlb.com/nationals/stats/
[2023-09-27T04:00:15.786+0000] {logging_mixin.py:151} INFO - https://www.mlb.com/braves/stats/
[2023-09-27T04:00:16.915+0000] {logging_mixin.py:151} INFO - https://www.mlb.com/mets/stats/
[2023-09-27T04:00:18.852+0000] {logging_mixin.py:151} INFO - https://www.mlb.com/marlins/stats/
[2023-09-27T04:00:20.132+0000] {logging_mixin.py:151} INFO - https://www.mlb.com/phillies/stats/
[2023-09-27T04:00:21.443+0000] {logging_mixin.py:151} INFO - https://www.mlb.com/brewers/stats/
[2023-09-27T04:00:23.907+0000] {logging_mixin.py:151} INFO - https://www.mlb.com/cubs/stats/
[2023-09-27T04:00:25.492+0000] {logging_mixin.py:151} INFO - https://www.mlb.com/reds/stats/
[2023-09-27T04:00:26.719+0000] {logging_mixin.py:151} INFO - https://www.mlb.com/pirates/stats/
[2023-09-27T04:00:29.774+0000] {logging_mixin.py:151} INFO - https://www.mlb.com/cardinals/stats/
[2023-09-27T04:00:31.488+0000] {logging_mixin.py:151} INFO - https://www.mlb.com/dodgers/stats/
[2023-09-27T04:00:33.272+0000] {logging_mixin.py:151} INFO - https://www.mlb.com/giants/stats/
[2023-09-27T04:00:34.563+0000] {logging_mixin.py:151} INFO - https://www.mlb.com/padres/stats/
[2023-09-27T04:00:35.996+0000] {logging_mixin.py:151} INFO - https://www.mlb.com/rockies/stats/
[2023-09-27T04:00:39.799+0000] {logging_mixin.py:151} INFO - https://www.mlb.com/dbacks/stats/
[2023-09-27T04:00:40.811+0000] {logging_mixin.py:151} INFO - https://www.mlb.com/astros/stats/
[2023-09-27T04:00:46.785+0000] {logging_mixin.py:151} INFO - https://www.mlb.com/angels/stats/
[2023-09-27T04:00:48.197+0000] {logging_mixin.py:151} INFO - https://www.mlb.com/rangers/stats/
[2023-09-27T04:00:48.992+0000] {logging_mixin.py:151} INFO - https://www.mlb.com/athletics/stats/
[2023-09-27T04:00:51.002+0000] {logging_mixin.py:151} INFO - https://www.mlb.com/mariners/stats/
[2023-09-27T04:00:51.825+0000] {logging_mixin.py:151} INFO - https://www.mlb.com/twins/stats/
[2023-09-27T04:00:53.546+0000] {logging_mixin.py:151} INFO - https://www.mlb.com/guardians/stats/
[2023-09-27T04:00:55.958+0000] {logging_mixin.py:151} INFO - https://www.mlb.com/tigers/stats/
[2023-09-27T04:00:59.345+0000] {logging_mixin.py:151} INFO - https://www.mlb.com/whitesox/stats/
[2023-09-27T04:01:01.617+0000] {logging_mixin.py:151} INFO - https://www.mlb.com/royals/stats/
[2023-09-27T04:01:04.264+0000] {logging_mixin.py:151} INFO - https://www.mlb.com/orioles/stats/
[2023-09-27T04:01:05.744+0000] {logging_mixin.py:151} INFO - https://www.mlb.com/rays/stats/
[2023-09-27T04:01:06.481+0000] {logging_mixin.py:151} INFO - https://www.mlb.com/bluejays/stats/
[2023-09-27T04:01:08.173+0000] {logging_mixin.py:151} INFO - https://www.mlb.com/redsox/stats/
[2023-09-27T04:01:10.651+0000] {logging_mixin.py:151} INFO - https://www.mlb.com/yankees/stats/
[2023-09-27T04:01:11.494+0000] {python.py:194} INFO - Done. Returned value was: None
[2023-09-27T04:01:11.500+0000] {taskinstance.py:1400} INFO - Marking task as SUCCESS. dag_id=mlb_parser, task_id=data_clean, execution_date=20230926T040000, start_date=20230927T040011, end_date=20230927T040111
[2023-09-27T04:01:11.528+0000] {local_task_job_runner.py:228} INFO - Task exited with return code 0
[2023-09-27T04:01:11.542+0000] {taskinstance.py:2784} INFO - 2 downstream tasks scheduled from follow-on schedule check
