[2023-09-04T08:19:52.221+0000] {taskinstance.py:1159} INFO - Dependencies all met for dep_context=non-requeueable deps ti=<TaskInstance: FIBA_dag.parse_data manual__2023-09-04T08:19:46.744495+00:00 [queued]>
[2023-09-04T08:19:52.226+0000] {taskinstance.py:1159} INFO - Dependencies all met for dep_context=requeueable deps ti=<TaskInstance: FIBA_dag.parse_data manual__2023-09-04T08:19:46.744495+00:00 [queued]>
[2023-09-04T08:19:52.227+0000] {taskinstance.py:1361} INFO - Starting attempt 1 of 6
[2023-09-04T08:19:52.233+0000] {taskinstance.py:1382} INFO - Executing <Task(PythonOperator): parse_data> on 2023-09-04 08:19:46.744495+00:00
[2023-09-04T08:19:52.237+0000] {standard_task_runner.py:57} INFO - Started process 3952 to run task
[2023-09-04T08:19:52.240+0000] {standard_task_runner.py:84} INFO - Running: ['***', 'tasks', 'run', 'FIBA_dag', 'parse_data', 'manual__2023-09-04T08:19:46.744495+00:00', '--job-id', '89', '--raw', '--subdir', 'DAGS_FOLDER/FIBA.py', '--cfg-path', '/tmp/tmpwvrl_d4s']
[2023-09-04T08:19:52.242+0000] {standard_task_runner.py:85} INFO - Job 89: Subtask parse_data
[2023-09-04T08:19:52.271+0000] {task_command.py:415} INFO - Running <TaskInstance: FIBA_dag.parse_data manual__2023-09-04T08:19:46.744495+00:00 [running]> on host ad6c67079ac6
[2023-09-04T08:19:52.341+0000] {taskinstance.py:1660} INFO - Exporting env vars: AIRFLOW_CTX_DAG_OWNER='andy_hsu' AIRFLOW_CTX_DAG_ID='FIBA_dag' AIRFLOW_CTX_TASK_ID='parse_data' AIRFLOW_CTX_EXECUTION_DATE='2023-09-04T08:19:46.744495+00:00' AIRFLOW_CTX_TRY_NUMBER='1' AIRFLOW_CTX_DAG_RUN_ID='manual__2023-09-04T08:19:46.744495+00:00'
[2023-09-04T08:19:52.431+0000] {taskinstance.py:1943} ERROR - Task failed with exception
Traceback (most recent call last):
  File "/home/airflow/.local/lib/python3.8/site-packages/airflow/operators/python.py", line 192, in execute
    return_value = self.execute_callable()
  File "/home/airflow/.local/lib/python3.8/site-packages/airflow/operators/python.py", line 209, in execute_callable
    return self.python_callable(*self.op_args, **self.op_kwargs)
  File "/opt/airflow/dags/FIBA.py", line 44, in parse_data
    soup = bs4.BeautifulSoup(url_source, "html_parser")
  File "/home/airflow/.local/lib/python3.8/site-packages/bs4/__init__.py", line 250, in __init__
    raise FeatureNotFound(
bs4.FeatureNotFound: Couldn't find a tree builder with the features you requested: html_parser. Do you need to install a parser library?
[2023-09-04T08:19:52.442+0000] {taskinstance.py:1400} INFO - Marking task as UP_FOR_RETRY. dag_id=FIBA_dag, task_id=parse_data, execution_date=20230904T081946, start_date=20230904T081952, end_date=20230904T081952
[2023-09-04T08:19:52.449+0000] {standard_task_runner.py:104} ERROR - Failed to execute job 89 for task parse_data (Couldn't find a tree builder with the features you requested: html_parser. Do you need to install a parser library?; 3952)
[2023-09-04T08:19:52.493+0000] {local_task_job_runner.py:228} INFO - Task exited with return code 1
[2023-09-04T08:19:52.505+0000] {taskinstance.py:2784} INFO - 0 downstream tasks scheduled from follow-on schedule check
