[2023-09-18T04:50:19.870+0000] {taskinstance.py:1159} INFO - Dependencies all met for dep_context=non-requeueable deps ti=<TaskInstance: mlb_parser.task_avg_lead_to_sql manual__2023-09-18T04:49:22.983463+00:00 [queued]>
[2023-09-18T04:50:19.877+0000] {taskinstance.py:1159} INFO - Dependencies all met for dep_context=requeueable deps ti=<TaskInstance: mlb_parser.task_avg_lead_to_sql manual__2023-09-18T04:49:22.983463+00:00 [queued]>
[2023-09-18T04:50:19.877+0000] {taskinstance.py:1361} INFO - Starting attempt 1 of 2
[2023-09-18T04:50:19.884+0000] {taskinstance.py:1382} INFO - Executing <Task(PythonOperator): task_avg_lead_to_sql> on 2023-09-18 04:49:22.983463+00:00
[2023-09-18T04:50:19.888+0000] {standard_task_runner.py:57} INFO - Started process 14689 to run task
[2023-09-18T04:50:19.891+0000] {standard_task_runner.py:84} INFO - Running: ['***', 'tasks', 'run', 'mlb_parser', 'task_avg_lead_to_sql', 'manual__2023-09-18T04:49:22.983463+00:00', '--job-id', '1216', '--raw', '--subdir', 'DAGS_FOLDER/mlb_parser.py', '--cfg-path', '/tmp/tmpr8okak6q']
[2023-09-18T04:50:19.893+0000] {standard_task_runner.py:85} INFO - Job 1216: Subtask task_avg_lead_to_sql
[2023-09-18T04:50:19.927+0000] {task_command.py:415} INFO - Running <TaskInstance: mlb_parser.task_avg_lead_to_sql manual__2023-09-18T04:49:22.983463+00:00 [running]> on host 41ed285d8c3c
[2023-09-18T04:50:19.982+0000] {taskinstance.py:1660} INFO - Exporting env vars: AIRFLOW_CTX_DAG_OWNER='andy_hsu' AIRFLOW_CTX_DAG_ID='mlb_parser' AIRFLOW_CTX_TASK_ID='task_avg_lead_to_sql' AIRFLOW_CTX_EXECUTION_DATE='2023-09-18T04:49:22.983463+00:00' AIRFLOW_CTX_TRY_NUMBER='1' AIRFLOW_CTX_DAG_RUN_ID='manual__2023-09-18T04:49:22.983463+00:00'
[2023-09-18T04:50:20.012+0000] {logging_mixin.py:151} INFO -               name pos team    g   ab  ...   so    obp    slg       avg  record_date
0      Luis Arraez  2B  MIA  143  563  ...   34  0.393  0.471  0.353464   2023-09-18
1     Corey Seager  SS  TEX  106  427  ...   80  0.399  0.651  0.337237   2023-09-18
2     Ronald Acuna  RF  ATL  147  597  ...   78  0.418  0.586  0.336683   2023-09-18
3  Freddie Freeman  1B  LAD  147  582  ...  112  0.413  0.570  0.335052   2023-09-18
4       Yandy Diaz  1B   TB  129  501  ...   91  0.398  0.503  0.319361   2023-09-18
5      Josh Naylor  1B  CLE  109  408  ...   62  0.354  0.507  0.313725   2023-09-18
6   Cody Bellinger  CF  CHC  119  457  ...   81  0.356  0.534  0.310722   2023-09-18
7      Jose Altuve  2B  HOU   78  309  ...   60  0.395  0.544  0.310680   2023-09-18
8     Mookie Betts  RF  LAD  139  539  ...  103  0.410  0.599  0.309833   2023-09-18
9    Shohei Ohtani  DH  LAA  135  497  ...  143  0.412  0.654  0.303823   2023-09-18

[10 rows x 12 columns]
[2023-09-18T04:50:20.032+0000] {logging_mixin.py:151} INFO - An exception occurred: (psycopg2.errors.UniqueViolation) duplicate key value violates unique constraint "mlb_avg_lead_2023_pkey"
DETAIL:  Key (name, pos, team, record_date)=(Luis Arraez, 2B, MIA, 2023-09-18) already exists.

[SQL: INSERT INTO mlb_avg_lead_2023 (name, pos, team, g, ab, h, bb, so, obp, slg, avg, record_date) VALUES (%(name)s, %(pos)s, %(team)s, %(g)s, %(ab)s, %(h)s, %(bb)s, %(so)s, %(obp)s, %(slg)s, %(avg)s, %(record_date)s)]
[parameters: ({'name': 'Luis Arraez', 'pos': '2B', 'team': 'MIA', 'g': 143, 'ab': 563, 'h': 199, 'bb': 35, 'so': 34, 'obp': 0.393, 'slg': 0.471, 'avg': 0.35346358792184723, 'record_date': datetime.date(2023, 9, 18)}, {'name': 'Corey Seager', 'pos': 'SS', 'team': 'TEX', 'g': 106, 'ab': 427, 'h': 144, 'bb': 46, 'so': 80, 'obp': 0.399, 'slg': 0.651, 'avg': 0.3372365339578454, 'record_date': datetime.date(2023, 9, 18)}, {'name': 'Ronald Acuna', 'pos': 'RF', 'team': 'ATL', 'g': 147, 'ab': 597, 'h': 201, 'bb': 78, 'so': 78, 'obp': 0.418, 'slg': 0.586, 'avg': 0.33668341708542715, 'record_date': datetime.date(2023, 9, 18)}, {'name': 'Freddie Freeman', 'pos': '1B', 'team': 'LAD', 'g': 147, 'ab': 582, 'h': 195, 'bb': 69, 'so': 112, 'obp': 0.413, 'slg': 0.57, 'avg': 0.33505154639175255, 'record_date': datetime.date(2023, 9, 18)}, {'name': 'Yandy Diaz', 'pos': '1B', 'team': 'TB', 'g': 129, 'ab': 501, 'h': 160, 'bb': 60, 'so': 91, 'obp': 0.398, 'slg': 0.503, 'avg': 0.3193612774451098, 'record_date': datetime.date(2023, 9, 18)}, {'name': 'Josh Naylor', 'pos': '1B', 'team': 'CLE', 'g': 109, 'ab': 408, 'h': 128, 'bb': 28, 'so': 62, 'obp': 0.354, 'slg': 0.507, 'avg': 0.3137254901960784, 'record_date': datetime.date(2023, 9, 18)}, {'name': 'Cody Bellinger', 'pos': 'CF', 'team': 'CHC', 'g': 119, 'ab': 457, 'h': 142, 'bb': 34, 'so': 81, 'obp': 0.356, 'slg': 0.534, 'avg': 0.31072210065645517, 'record_date': datetime.date(2023, 9, 18)}, {'name': 'Jose Altuve', 'pos': '2B', 'team': 'HOU', 'g': 78, 'ab': 309, 'h': 96, 'bb': 40, 'so': 60, 'obp': 0.395, 'slg': 0.544, 'avg': 0.3106796116504854, 'record_date': datetime.date(2023, 9, 18)}, {'name': 'Mookie Betts', 'pos': 'RF', 'team': 'LAD', 'g': 139, 'ab': 539, 'h': 167, 'bb': 87, 'so': 103, 'obp': 0.41, 'slg': 0.599, 'avg': 0.3098330241187384, 'record_date': datetime.date(2023, 9, 18)}, {'name': 'Shohei Ohtani', 'pos': 'DH', 'team': 'LAA', 'g': 135, 'ab': 497, 'h': 151, 'bb': 91, 'so': 143, 'obp': 0.412, 'slg': 0.654, 'avg': 0.3038229376257545, 'record_date': datetime.date(2023, 9, 18)})]
(Background on this error at: https://sqlalche.me/e/14/gkpj)
[2023-09-18T04:50:20.034+0000] {logging_mixin.py:151} INFO - job done
[2023-09-18T04:50:20.035+0000] {python.py:194} INFO - Done. Returned value was: None
[2023-09-18T04:50:20.041+0000] {taskinstance.py:1400} INFO - Marking task as SUCCESS. dag_id=mlb_parser, task_id=task_avg_lead_to_sql, execution_date=20230918T044922, start_date=20230918T045019, end_date=20230918T045020
[2023-09-18T04:50:20.063+0000] {local_task_job_runner.py:228} INFO - Task exited with return code 0
[2023-09-18T04:50:20.074+0000] {taskinstance.py:2784} INFO - 0 downstream tasks scheduled from follow-on schedule check
