[2023-09-19T04:00:04.198+0000] {taskinstance.py:1159} INFO - Dependencies all met for dep_context=non-requeueable deps ti=<TaskInstance: mlb_parser.data_clean scheduled__2023-09-18T04:00:00+00:00 [queued]>
[2023-09-19T04:00:04.204+0000] {taskinstance.py:1159} INFO - Dependencies all met for dep_context=requeueable deps ti=<TaskInstance: mlb_parser.data_clean scheduled__2023-09-18T04:00:00+00:00 [queued]>
[2023-09-19T04:00:04.206+0000] {taskinstance.py:1361} INFO - Starting attempt 1 of 2
[2023-09-19T04:00:04.215+0000] {taskinstance.py:1382} INFO - Executing <Task(PythonOperator): data_clean> on 2023-09-18 04:00:00+00:00
[2023-09-19T04:00:04.221+0000] {standard_task_runner.py:57} INFO - Started process 51063 to run task
[2023-09-19T04:00:04.223+0000] {standard_task_runner.py:84} INFO - Running: ['***', 'tasks', 'run', 'mlb_parser', 'data_clean', 'scheduled__2023-09-18T04:00:00+00:00', '--job-id', '1238', '--raw', '--subdir', 'DAGS_FOLDER/mlb_parser.py', '--cfg-path', '/tmp/tmpsfwmc6ij']
[2023-09-19T04:00:04.226+0000] {standard_task_runner.py:85} INFO - Job 1238: Subtask data_clean
[2023-09-19T04:00:04.257+0000] {task_command.py:415} INFO - Running <TaskInstance: mlb_parser.data_clean scheduled__2023-09-18T04:00:00+00:00 [running]> on host 41ed285d8c3c
[2023-09-19T04:00:04.307+0000] {taskinstance.py:1660} INFO - Exporting env vars: AIRFLOW_CTX_DAG_OWNER='andy_hsu' AIRFLOW_CTX_DAG_ID='mlb_parser' AIRFLOW_CTX_TASK_ID='data_clean' AIRFLOW_CTX_EXECUTION_DATE='2023-09-18T04:00:00+00:00' AIRFLOW_CTX_TRY_NUMBER='1' AIRFLOW_CTX_DAG_RUN_ID='scheduled__2023-09-18T04:00:00+00:00'
[2023-09-19T04:00:04.315+0000] {logging_mixin.py:151} INFO - ['nationals', 'braves', 'mets', 'marlins', 'phillies', 'brewers', 'cubs', 'reds', 'pirates', 'cardinals', 'dodgers', 'giants', 'padres', 'rockies', 'dbacks', 'astros', 'angels', 'rangers', 'athletics', 'mariners', 'twins', 'guardians', 'tigers', 'whitesox', 'royals', 'orioles', 'rays', 'bluejays', 'redsox', 'yankees']
[2023-09-19T04:00:04.316+0000] {logging_mixin.py:151} INFO - https://www.mlb.com/nationals/stats/
[2023-09-19T04:00:07.296+0000] {logging_mixin.py:151} INFO - https://www.mlb.com/braves/stats/
[2023-09-19T04:00:07.719+0000] {logging_mixin.py:151} INFO - https://www.mlb.com/mets/stats/
[2023-09-19T04:00:10.347+0000] {logging_mixin.py:151} INFO - https://www.mlb.com/marlins/stats/
[2023-09-19T04:00:11.561+0000] {logging_mixin.py:151} INFO - https://www.mlb.com/phillies/stats/
[2023-09-19T04:00:12.024+0000] {logging_mixin.py:151} INFO - https://www.mlb.com/brewers/stats/
[2023-09-19T04:00:13.340+0000] {logging_mixin.py:151} INFO - https://www.mlb.com/cubs/stats/
[2023-09-19T04:00:13.485+0000] {logging_mixin.py:151} INFO - https://www.mlb.com/reds/stats/
[2023-09-19T04:00:15.178+0000] {logging_mixin.py:151} INFO - https://www.mlb.com/pirates/stats/
[2023-09-19T04:00:18.544+0000] {logging_mixin.py:151} INFO - https://www.mlb.com/cardinals/stats/
[2023-09-19T04:00:19.343+0000] {logging_mixin.py:151} INFO - https://www.mlb.com/dodgers/stats/
[2023-09-19T04:00:19.926+0000] {logging_mixin.py:151} INFO - https://www.mlb.com/giants/stats/
[2023-09-19T04:00:22.636+0000] {logging_mixin.py:151} INFO - https://www.mlb.com/padres/stats/
[2023-09-19T04:00:23.846+0000] {logging_mixin.py:151} INFO - https://www.mlb.com/rockies/stats/
[2023-09-19T04:00:25.196+0000] {logging_mixin.py:151} INFO - https://www.mlb.com/dbacks/stats/
[2023-09-19T04:00:25.664+0000] {logging_mixin.py:151} INFO - https://www.mlb.com/astros/stats/
[2023-09-19T04:00:26.978+0000] {logging_mixin.py:151} INFO - https://www.mlb.com/angels/stats/
[2023-09-19T04:00:29.163+0000] {logging_mixin.py:151} INFO - https://www.mlb.com/rangers/stats/
[2023-09-19T04:00:31.906+0000] {logging_mixin.py:151} INFO - https://www.mlb.com/athletics/stats/
[2023-09-19T04:00:32.465+0000] {logging_mixin.py:151} INFO - https://www.mlb.com/mariners/stats/
[2023-09-19T04:00:33.586+0000] {logging_mixin.py:151} INFO - https://www.mlb.com/twins/stats/
[2023-09-19T04:00:34.962+0000] {logging_mixin.py:151} INFO - https://www.mlb.com/guardians/stats/
[2023-09-19T04:00:36.015+0000] {logging_mixin.py:151} INFO - https://www.mlb.com/tigers/stats/
[2023-09-19T04:00:38.235+0000] {logging_mixin.py:151} INFO - https://www.mlb.com/whitesox/stats/
[2023-09-19T04:00:40.463+0000] {logging_mixin.py:151} INFO - https://www.mlb.com/royals/stats/
[2023-09-19T04:00:43.091+0000] {logging_mixin.py:151} INFO - https://www.mlb.com/orioles/stats/
[2023-09-19T04:00:45.238+0000] {logging_mixin.py:151} INFO - https://www.mlb.com/rays/stats/
[2023-09-19T04:00:47.537+0000] {logging_mixin.py:151} INFO - https://www.mlb.com/bluejays/stats/
[2023-09-19T04:00:48.010+0000] {logging_mixin.py:151} INFO - https://www.mlb.com/redsox/stats/
[2023-09-19T04:00:49.308+0000] {logging_mixin.py:151} INFO - https://www.mlb.com/yankees/stats/
[2023-09-19T04:00:50.841+0000] {python.py:194} INFO - Done. Returned value was: None
[2023-09-19T04:00:50.847+0000] {taskinstance.py:1400} INFO - Marking task as SUCCESS. dag_id=mlb_parser, task_id=data_clean, execution_date=20230918T040000, start_date=20230919T040004, end_date=20230919T040050
[2023-09-19T04:00:50.887+0000] {local_task_job_runner.py:228} INFO - Task exited with return code 0
[2023-09-19T04:00:50.901+0000] {taskinstance.py:2784} INFO - 2 downstream tasks scheduled from follow-on schedule check
