[2023-09-26T04:00:04.890+0000] {taskinstance.py:1159} INFO - Dependencies all met for dep_context=non-requeueable deps ti=<TaskInstance: mlb_parser.data_clean scheduled__2023-09-25T04:00:00+00:00 [queued]>
[2023-09-26T04:00:04.896+0000] {taskinstance.py:1159} INFO - Dependencies all met for dep_context=requeueable deps ti=<TaskInstance: mlb_parser.data_clean scheduled__2023-09-25T04:00:00+00:00 [queued]>
[2023-09-26T04:00:04.896+0000] {taskinstance.py:1361} INFO - Starting attempt 1 of 2
[2023-09-26T04:00:04.903+0000] {taskinstance.py:1382} INFO - Executing <Task(PythonOperator): data_clean> on 2023-09-25 04:00:00+00:00
[2023-09-26T04:00:04.907+0000] {standard_task_runner.py:57} INFO - Started process 11765 to run task
[2023-09-26T04:00:04.909+0000] {standard_task_runner.py:84} INFO - Running: ['***', 'tasks', 'run', 'mlb_parser', 'data_clean', 'scheduled__2023-09-25T04:00:00+00:00', '--job-id', '1545', '--raw', '--subdir', 'DAGS_FOLDER/mlb_parser_hit.py', '--cfg-path', '/tmp/tmp63m1ibe3']
[2023-09-26T04:00:04.912+0000] {standard_task_runner.py:85} INFO - Job 1545: Subtask data_clean
[2023-09-26T04:00:04.942+0000] {task_command.py:415} INFO - Running <TaskInstance: mlb_parser.data_clean scheduled__2023-09-25T04:00:00+00:00 [running]> on host d98c068596b4
[2023-09-26T04:00:04.992+0000] {taskinstance.py:1660} INFO - Exporting env vars: AIRFLOW_CTX_DAG_OWNER='andy_hsu' AIRFLOW_CTX_DAG_ID='mlb_parser' AIRFLOW_CTX_TASK_ID='data_clean' AIRFLOW_CTX_EXECUTION_DATE='2023-09-25T04:00:00+00:00' AIRFLOW_CTX_TRY_NUMBER='1' AIRFLOW_CTX_DAG_RUN_ID='scheduled__2023-09-25T04:00:00+00:00'
[2023-09-26T04:00:04.999+0000] {logging_mixin.py:151} INFO - ['nationals', 'braves', 'mets', 'marlins', 'phillies', 'brewers', 'cubs', 'reds', 'pirates', 'cardinals', 'dodgers', 'giants', 'padres', 'rockies', 'dbacks', 'astros', 'angels', 'rangers', 'athletics', 'mariners', 'twins', 'guardians', 'tigers', 'whitesox', 'royals', 'orioles', 'rays', 'bluejays', 'redsox', 'yankees']
[2023-09-26T04:00:05.001+0000] {logging_mixin.py:151} INFO - https://www.mlb.com/nationals/stats/
[2023-09-26T04:00:06.224+0000] {logging_mixin.py:151} INFO - https://www.mlb.com/braves/stats/
[2023-09-26T04:00:06.858+0000] {logging_mixin.py:151} INFO - https://www.mlb.com/mets/stats/
[2023-09-26T04:00:07.475+0000] {logging_mixin.py:151} INFO - https://www.mlb.com/marlins/stats/
[2023-09-26T04:00:09.277+0000] {logging_mixin.py:151} INFO - https://www.mlb.com/phillies/stats/
[2023-09-26T04:00:10.313+0000] {logging_mixin.py:151} INFO - https://www.mlb.com/brewers/stats/
[2023-09-26T04:00:12.570+0000] {logging_mixin.py:151} INFO - https://www.mlb.com/cubs/stats/
[2023-09-26T04:00:13.614+0000] {logging_mixin.py:151} INFO - https://www.mlb.com/reds/stats/
[2023-09-26T04:00:15.533+0000] {logging_mixin.py:151} INFO - https://www.mlb.com/pirates/stats/
[2023-09-26T04:00:17.495+0000] {logging_mixin.py:151} INFO - https://www.mlb.com/cardinals/stats/
[2023-09-26T04:00:19.651+0000] {logging_mixin.py:151} INFO - https://www.mlb.com/dodgers/stats/
[2023-09-26T04:00:20.211+0000] {logging_mixin.py:151} INFO - https://www.mlb.com/giants/stats/
[2023-09-26T04:00:20.824+0000] {logging_mixin.py:151} INFO - https://www.mlb.com/padres/stats/
[2023-09-26T04:00:21.411+0000] {logging_mixin.py:151} INFO - https://www.mlb.com/rockies/stats/
[2023-09-26T04:00:23.618+0000] {logging_mixin.py:151} INFO - https://www.mlb.com/dbacks/stats/
[2023-09-26T04:00:25.179+0000] {logging_mixin.py:151} INFO - https://www.mlb.com/astros/stats/
[2023-09-26T04:00:27.615+0000] {logging_mixin.py:151} INFO - https://www.mlb.com/angels/stats/
[2023-09-26T04:00:29.214+0000] {logging_mixin.py:151} INFO - https://www.mlb.com/rangers/stats/
[2023-09-26T04:00:29.864+0000] {logging_mixin.py:151} INFO - https://www.mlb.com/athletics/stats/
[2023-09-26T04:00:31.826+0000] {logging_mixin.py:151} INFO - https://www.mlb.com/mariners/stats/
[2023-09-26T04:00:33.549+0000] {logging_mixin.py:151} INFO - https://www.mlb.com/twins/stats/
[2023-09-26T04:00:35.784+0000] {logging_mixin.py:151} INFO - https://www.mlb.com/guardians/stats/
[2023-09-26T04:00:36.768+0000] {logging_mixin.py:151} INFO - https://www.mlb.com/tigers/stats/
[2023-09-26T04:00:37.911+0000] {logging_mixin.py:151} INFO - https://www.mlb.com/whitesox/stats/
[2023-09-26T04:00:39.745+0000] {logging_mixin.py:151} INFO - https://www.mlb.com/royals/stats/
[2023-09-26T04:00:42.219+0000] {logging_mixin.py:151} INFO - https://www.mlb.com/orioles/stats/
[2023-09-26T04:00:43.437+0000] {logging_mixin.py:151} INFO - https://www.mlb.com/rays/stats/
[2023-09-26T04:00:44.661+0000] {logging_mixin.py:151} INFO - https://www.mlb.com/bluejays/stats/
[2023-09-26T04:00:46.354+0000] {logging_mixin.py:151} INFO - https://www.mlb.com/redsox/stats/
[2023-09-26T04:00:49.537+0000] {logging_mixin.py:151} INFO - https://www.mlb.com/yankees/stats/
[2023-09-26T04:00:53.284+0000] {python.py:194} INFO - Done. Returned value was: None
[2023-09-26T04:00:53.291+0000] {taskinstance.py:1400} INFO - Marking task as SUCCESS. dag_id=mlb_parser, task_id=data_clean, execution_date=20230925T040000, start_date=20230926T040004, end_date=20230926T040053
[2023-09-26T04:00:53.318+0000] {local_task_job_runner.py:228} INFO - Task exited with return code 0
[2023-09-26T04:00:53.333+0000] {taskinstance.py:2784} INFO - 2 downstream tasks scheduled from follow-on schedule check
