[2023-09-15T06:56:07.959+0000] {taskinstance.py:1159} INFO - Dependencies all met for dep_context=non-requeueable deps ti=<TaskInstance: mlb_parser.get_avg_high manual__2023-09-15T06:55:38.458089+00:00 [queued]>
[2023-09-15T06:56:07.967+0000] {taskinstance.py:1159} INFO - Dependencies all met for dep_context=requeueable deps ti=<TaskInstance: mlb_parser.get_avg_high manual__2023-09-15T06:55:38.458089+00:00 [queued]>
[2023-09-15T06:56:07.968+0000] {taskinstance.py:1361} INFO - Starting attempt 1 of 2
[2023-09-15T06:56:07.978+0000] {taskinstance.py:1382} INFO - Executing <Task(PostgresOperator): get_avg_high> on 2023-09-15 06:55:38.458089+00:00
[2023-09-15T06:56:07.984+0000] {standard_task_runner.py:57} INFO - Started process 21835 to run task
[2023-09-15T06:56:07.988+0000] {standard_task_runner.py:84} INFO - Running: ['***', 'tasks', 'run', 'mlb_parser', 'get_avg_high', 'manual__2023-09-15T06:55:38.458089+00:00', '--job-id', '707', '--raw', '--subdir', 'DAGS_FOLDER/mlb_parser.py', '--cfg-path', '/tmp/tmp1g3sy185']
[2023-09-15T06:56:07.992+0000] {standard_task_runner.py:85} INFO - Job 707: Subtask get_avg_high
[2023-09-15T06:56:08.038+0000] {task_command.py:415} INFO - Running <TaskInstance: mlb_parser.get_avg_high manual__2023-09-15T06:55:38.458089+00:00 [running]> on host 2e8147b3a465
[2023-09-15T06:56:08.096+0000] {taskinstance.py:1660} INFO - Exporting env vars: AIRFLOW_CTX_DAG_OWNER='andy_hsu' AIRFLOW_CTX_DAG_ID='mlb_parser' AIRFLOW_CTX_TASK_ID='get_avg_high' AIRFLOW_CTX_EXECUTION_DATE='2023-09-15T06:55:38.458089+00:00' AIRFLOW_CTX_TRY_NUMBER='1' AIRFLOW_CTX_DAG_RUN_ID='manual__2023-09-15T06:55:38.458089+00:00'
[2023-09-15T06:56:08.098+0000] {sql.py:274} INFO - Executing: 
            SELECT
                "Name",
                "POS",
                "Team",
                "G",
                "AB",
                "H",
                "BB",
                "SO",
                "OBP",
                "SLG,
                CAST('H' AS float) / CAST('AB' AS float) AS 'AVG',
                CURRENT_DATE AS 'date'
                FROM mlb_data_2023
                WHERE "AB" > (
                    SELECT AVG("AB") FROM mlb_data_2023
                )
                ORDER BY "AVG" DESC
                LIMIT 10;
            
[2023-09-15T06:56:08.106+0000] {base.py:73} INFO - Using connection ID 'postgres_mlb_parser_DB' for task execution.
[2023-09-15T06:56:08.113+0000] {base.py:73} INFO - Using connection ID 'postgres_mlb_parser_DB' for task execution.
[2023-09-15T06:56:08.124+0000] {sql.py:418} INFO - Running statement: 
            SELECT
                "Name",
                "POS",
                "Team",
                "G",
                "AB",
                "H",
                "BB",
                "SO",
                "OBP",
                "SLG,
                CAST('H' AS float) / CAST('AB' AS float) AS 'AVG',
                CURRENT_DATE AS 'date'
                FROM mlb_data_2023
                WHERE "AB" > (
                    SELECT AVG("AB") FROM mlb_data_2023
                )
                ORDER BY "AVG" DESC
                LIMIT 10;
            , parameters: None
[2023-09-15T06:56:08.129+0000] {taskinstance.py:1943} ERROR - Task failed with exception
Traceback (most recent call last):
  File "/home/airflow/.local/lib/python3.8/site-packages/airflow/providers/common/sql/operators/sql.py", line 280, in execute
    output = hook.run(
  File "/home/airflow/.local/lib/python3.8/site-packages/airflow/providers/common/sql/hooks/sql.py", line 392, in run
    self._run_command(cur, sql_statement, parameters)
  File "/home/airflow/.local/lib/python3.8/site-packages/airflow/providers/common/sql/hooks/sql.py", line 423, in _run_command
    cur.execute(sql_statement)
psycopg2.errors.SyntaxError: syntax error at or near "" > (
                    SELECT AVG(""
LINE 16:                 WHERE "AB" > (
                                  ^

[2023-09-15T06:56:08.140+0000] {taskinstance.py:1400} INFO - Marking task as UP_FOR_RETRY. dag_id=mlb_parser, task_id=get_avg_high, execution_date=20230915T065538, start_date=20230915T065607, end_date=20230915T065608
[2023-09-15T06:56:08.149+0000] {standard_task_runner.py:104} ERROR - Failed to execute job 707 for task get_avg_high (syntax error at or near "" > (
                    SELECT AVG(""
LINE 16:                 WHERE "AB" > (
                                  ^
; 21835)
[2023-09-15T06:56:08.201+0000] {local_task_job_runner.py:228} INFO - Task exited with return code 1
[2023-09-15T06:56:08.219+0000] {taskinstance.py:2784} INFO - 0 downstream tasks scheduled from follow-on schedule check
