[2023-09-23T00:29:55.011+0000] {taskinstance.py:1159} INFO - Dependencies all met for dep_context=non-requeueable deps ti=<TaskInstance: dag_with_postgres_operator_v02.delete_data_from_table scheduled__2023-09-22T00:00:00+00:00 [queued]>
[2023-09-23T00:29:55.016+0000] {taskinstance.py:1159} INFO - Dependencies all met for dep_context=requeueable deps ti=<TaskInstance: dag_with_postgres_operator_v02.delete_data_from_table scheduled__2023-09-22T00:00:00+00:00 [queued]>
[2023-09-23T00:29:55.017+0000] {taskinstance.py:1361} INFO - Starting attempt 3 of 6
[2023-09-23T00:29:55.023+0000] {taskinstance.py:1382} INFO - Executing <Task(PostgresOperator): delete_data_from_table> on 2023-09-22 00:00:00+00:00
[2023-09-23T00:29:55.027+0000] {standard_task_runner.py:57} INFO - Started process 55680 to run task
[2023-09-23T00:29:55.029+0000] {standard_task_runner.py:84} INFO - Running: ['***', 'tasks', 'run', 'dag_with_postgres_operator_v02', 'delete_data_from_table', 'scheduled__2023-09-22T00:00:00+00:00', '--job-id', '1434', '--raw', '--subdir', 'DAGS_FOLDER/dag_with_postgre_operator.py', '--cfg-path', '/tmp/tmp811dq7x2']
[2023-09-23T00:29:55.032+0000] {standard_task_runner.py:85} INFO - Job 1434: Subtask delete_data_from_table
[2023-09-23T00:29:55.059+0000] {task_command.py:415} INFO - Running <TaskInstance: dag_with_postgres_operator_v02.delete_data_from_table scheduled__2023-09-22T00:00:00+00:00 [running]> on host d98c068596b4
[2023-09-23T00:29:55.104+0000] {taskinstance.py:1660} INFO - Exporting env vars: AIRFLOW_CTX_DAG_OWNER='andy_hsu' AIRFLOW_CTX_DAG_ID='dag_with_postgres_operator_v02' AIRFLOW_CTX_TASK_ID='delete_data_from_table' AIRFLOW_CTX_EXECUTION_DATE='2023-09-22T00:00:00+00:00' AIRFLOW_CTX_TRY_NUMBER='3' AIRFLOW_CTX_DAG_RUN_ID='scheduled__2023-09-22T00:00:00+00:00'
[2023-09-23T00:29:55.106+0000] {sql.py:274} INFO - Executing: 
            delete from dag_runs where dt = '2023-09-22' and dag_id values = 'dag_with_postgres_operator_v02'
            
[2023-09-23T00:29:55.111+0000] {base.py:73} INFO - Using connection ID 'postgres_localhost' for task execution.
[2023-09-23T00:29:55.119+0000] {base.py:73} INFO - Using connection ID 'postgres_localhost' for task execution.
[2023-09-23T00:29:55.140+0000] {sql.py:418} INFO - Running statement: 
            delete from dag_runs where dt = '2023-09-22' and dag_id values = 'dag_with_postgres_operator_v02'
            , parameters: None
[2023-09-23T00:29:55.142+0000] {taskinstance.py:1943} ERROR - Task failed with exception
Traceback (most recent call last):
  File "/home/airflow/.local/lib/python3.8/site-packages/airflow/providers/common/sql/operators/sql.py", line 280, in execute
    output = hook.run(
  File "/home/airflow/.local/lib/python3.8/site-packages/airflow/providers/common/sql/hooks/sql.py", line 392, in run
    self._run_command(cur, sql_statement, parameters)
  File "/home/airflow/.local/lib/python3.8/site-packages/airflow/providers/common/sql/hooks/sql.py", line 423, in _run_command
    cur.execute(sql_statement)
psycopg2.errors.SyntaxError: syntax error at or near "values"
LINE 2: ... from dag_runs where dt = '2023-09-22' and dag_id values = '...
                                                             ^

[2023-09-23T00:29:55.148+0000] {taskinstance.py:1400} INFO - Marking task as UP_FOR_RETRY. dag_id=dag_with_postgres_operator_v02, task_id=delete_data_from_table, execution_date=20230922T000000, start_date=20230923T002955, end_date=20230923T002955
[2023-09-23T00:29:55.154+0000] {standard_task_runner.py:104} ERROR - Failed to execute job 1434 for task delete_data_from_table (syntax error at or near "values"
LINE 2: ... from dag_runs where dt = '2023-09-22' and dag_id values = '...
                                                             ^
; 55680)
[2023-09-23T00:29:55.164+0000] {local_task_job_runner.py:228} INFO - Task exited with return code 1
[2023-09-23T00:29:55.178+0000] {taskinstance.py:2784} INFO - 0 downstream tasks scheduled from follow-on schedule check
