[2023-09-15T07:02:03.366+0000] {taskinstance.py:1159} INFO - Dependencies all met for dep_context=non-requeueable deps ti=<TaskInstance: mlb_parser.create_postgre_table_hr manual__2023-09-15T07:01:59.624614+00:00 [queued]>
[2023-09-15T07:02:03.400+0000] {taskinstance.py:1159} INFO - Dependencies all met for dep_context=requeueable deps ti=<TaskInstance: mlb_parser.create_postgre_table_hr manual__2023-09-15T07:01:59.624614+00:00 [queued]>
[2023-09-15T07:02:03.403+0000] {taskinstance.py:1361} INFO - Starting attempt 1 of 2
[2023-09-15T07:02:03.476+0000] {taskinstance.py:1382} INFO - Executing <Task(PostgresOperator): create_postgre_table_hr> on 2023-09-15 07:01:59.624614+00:00
[2023-09-15T07:02:03.488+0000] {standard_task_runner.py:57} INFO - Started process 22428 to run task
[2023-09-15T07:02:03.499+0000] {standard_task_runner.py:84} INFO - Running: ['***', 'tasks', 'run', 'mlb_parser', 'create_postgre_table_hr', 'manual__2023-09-15T07:01:59.624614+00:00', '--job-id', '744', '--raw', '--subdir', 'DAGS_FOLDER/mlb_parser.py', '--cfg-path', '/tmp/tmpno15j7yi']
[2023-09-15T07:02:03.504+0000] {standard_task_runner.py:85} INFO - Job 744: Subtask create_postgre_table_hr
[2023-09-15T07:02:06.733+0000] {task_command.py:415} INFO - Running <TaskInstance: mlb_parser.create_postgre_table_hr manual__2023-09-15T07:01:59.624614+00:00 [running]> on host 2e8147b3a465
[2023-09-15T07:02:07.429+0000] {taskinstance.py:1660} INFO - Exporting env vars: AIRFLOW_CTX_DAG_OWNER='andy_hsu' AIRFLOW_CTX_DAG_ID='mlb_parser' AIRFLOW_CTX_TASK_ID='create_postgre_table_hr' AIRFLOW_CTX_EXECUTION_DATE='2023-09-15T07:01:59.624614+00:00' AIRFLOW_CTX_TRY_NUMBER='1' AIRFLOW_CTX_DAG_RUN_ID='manual__2023-09-15T07:01:59.624614+00:00'
[2023-09-15T07:02:07.492+0000] {sql.py:274} INFO - Executing: 
            create table if not exists mlb_hr_lead_2023 (
                Name varchar(40),
                POS varchar(5),
                Team varchar(20),
                G int,
                AB int,
                HR int,
                RBI int,
                BB int,
                SO int,
                OBP float,
                SLG float,
                DATE date,
                primary key(Name, POS, Team)
            )
            
[2023-09-15T07:02:07.762+0000] {base.py:73} INFO - Using connection ID 'postgres_mlb_parser_DB' for task execution.
[2023-09-15T07:02:07.776+0000] {base.py:73} INFO - Using connection ID 'postgres_mlb_parser_DB' for task execution.
[2023-09-15T07:02:07.821+0000] {sql.py:418} INFO - Running statement: 
            create table if not exists mlb_hr_lead_2023 (
                Name varchar(40),
                POS varchar(5),
                Team varchar(20),
                G int,
                AB int,
                HR int,
                RBI int,
                BB int,
                SO int,
                OBP float,
                SLG float,
                DATE date,
                primary key(Name, POS, Team)
            )
            , parameters: None
[2023-09-15T07:02:07.844+0000] {taskinstance.py:1400} INFO - Marking task as SUCCESS. dag_id=mlb_parser, task_id=create_postgre_table_hr, execution_date=20230915T070159, start_date=20230915T070203, end_date=20230915T070207
[2023-09-15T07:02:07.888+0000] {local_task_job_runner.py:228} INFO - Task exited with return code 0
[2023-09-15T07:02:07.934+0000] {taskinstance.py:2784} INFO - 0 downstream tasks scheduled from follow-on schedule check
