[2023-09-18T04:25:55.749+0000] {taskinstance.py:1159} INFO - Dependencies all met for dep_context=non-requeueable deps ti=<TaskInstance: mlb_parser.data_clean manual__2023-09-18T04:25:37.475926+00:00 [queued]>
[2023-09-18T04:25:55.756+0000] {taskinstance.py:1159} INFO - Dependencies all met for dep_context=requeueable deps ti=<TaskInstance: mlb_parser.data_clean manual__2023-09-18T04:25:37.475926+00:00 [queued]>
[2023-09-18T04:25:55.758+0000] {taskinstance.py:1361} INFO - Starting attempt 1 of 2
[2023-09-18T04:25:55.766+0000] {taskinstance.py:1382} INFO - Executing <Task(PythonOperator): data_clean> on 2023-09-18 04:25:37.475926+00:00
[2023-09-18T04:25:55.773+0000] {standard_task_runner.py:57} INFO - Started process 12449 to run task
[2023-09-18T04:25:55.776+0000] {standard_task_runner.py:84} INFO - Running: ['***', 'tasks', 'run', 'mlb_parser', 'data_clean', 'manual__2023-09-18T04:25:37.475926+00:00', '--job-id', '1162', '--raw', '--subdir', 'DAGS_FOLDER/mlb_parser.py', '--cfg-path', '/tmp/tmp4gmg7elv']
[2023-09-18T04:25:55.779+0000] {standard_task_runner.py:85} INFO - Job 1162: Subtask data_clean
[2023-09-18T04:25:55.817+0000] {task_command.py:415} INFO - Running <TaskInstance: mlb_parser.data_clean manual__2023-09-18T04:25:37.475926+00:00 [running]> on host 41ed285d8c3c
[2023-09-18T04:25:55.876+0000] {taskinstance.py:1660} INFO - Exporting env vars: AIRFLOW_CTX_DAG_OWNER='andy_hsu' AIRFLOW_CTX_DAG_ID='mlb_parser' AIRFLOW_CTX_TASK_ID='data_clean' AIRFLOW_CTX_EXECUTION_DATE='2023-09-18T04:25:37.475926+00:00' AIRFLOW_CTX_TRY_NUMBER='1' AIRFLOW_CTX_DAG_RUN_ID='manual__2023-09-18T04:25:37.475926+00:00'
[2023-09-18T04:25:55.885+0000] {logging_mixin.py:151} INFO - ['nationals', 'braves', 'mets', 'marlins', 'phillies', 'brewers', 'cubs', 'reds', 'pirates', 'cardinals', 'dodgers', 'giants', 'padres', 'rockies', 'dbacks', 'astros', 'angels', 'rangers', 'athletics', 'mariners', 'twins', 'guardians', 'tigers', 'whitesox', 'royals', 'orioles', 'rays', 'bluejays', 'redsox', 'yankees']
[2023-09-18T04:25:55.887+0000] {logging_mixin.py:151} INFO - https://www.mlb.com/nationals/stats/
[2023-09-18T04:25:58.127+0000] {logging_mixin.py:151} INFO - https://www.mlb.com/braves/stats/
[2023-09-18T04:25:59.123+0000] {logging_mixin.py:151} INFO - https://www.mlb.com/mets/stats/
[2023-09-18T04:26:00.247+0000] {logging_mixin.py:151} INFO - https://www.mlb.com/marlins/stats/
[2023-09-18T04:26:01.430+0000] {logging_mixin.py:151} INFO - https://www.mlb.com/phillies/stats/
[2023-09-18T04:26:02.381+0000] {logging_mixin.py:151} INFO - https://www.mlb.com/brewers/stats/
[2023-09-18T04:26:04.559+0000] {logging_mixin.py:151} INFO - https://www.mlb.com/cubs/stats/
[2023-09-18T04:26:05.525+0000] {logging_mixin.py:151} INFO - https://www.mlb.com/reds/stats/
[2023-09-18T04:26:07.303+0000] {logging_mixin.py:151} INFO - https://www.mlb.com/pirates/stats/
[2023-09-18T04:26:07.845+0000] {logging_mixin.py:151} INFO - https://www.mlb.com/cardinals/stats/
[2023-09-18T04:26:08.982+0000] {logging_mixin.py:151} INFO - https://www.mlb.com/dodgers/stats/
[2023-09-18T04:26:10.445+0000] {logging_mixin.py:151} INFO - https://www.mlb.com/giants/stats/
[2023-09-18T04:26:12.112+0000] {logging_mixin.py:151} INFO - https://www.mlb.com/padres/stats/
[2023-09-18T04:26:13.434+0000] {logging_mixin.py:151} INFO - https://www.mlb.com/rockies/stats/
[2023-09-18T04:26:14.950+0000] {logging_mixin.py:151} INFO - https://www.mlb.com/dbacks/stats/
[2023-09-18T04:26:16.153+0000] {logging_mixin.py:151} INFO - https://www.mlb.com/astros/stats/
[2023-09-18T04:26:17.361+0000] {logging_mixin.py:151} INFO - https://www.mlb.com/angels/stats/
[2023-09-18T04:26:18.665+0000] {logging_mixin.py:151} INFO - https://www.mlb.com/rangers/stats/
[2023-09-18T04:26:19.520+0000] {logging_mixin.py:151} INFO - https://www.mlb.com/athletics/stats/
[2023-09-18T04:26:20.731+0000] {logging_mixin.py:151} INFO - https://www.mlb.com/mariners/stats/
[2023-09-18T04:26:21.820+0000] {logging_mixin.py:151} INFO - https://www.mlb.com/twins/stats/
[2023-09-18T04:26:22.989+0000] {logging_mixin.py:151} INFO - https://www.mlb.com/guardians/stats/
[2023-09-18T04:26:24.218+0000] {logging_mixin.py:151} INFO - https://www.mlb.com/tigers/stats/
[2023-09-18T04:26:27.090+0000] {logging_mixin.py:151} INFO - https://www.mlb.com/whitesox/stats/
[2023-09-18T04:26:29.099+0000] {logging_mixin.py:151} INFO - https://www.mlb.com/royals/stats/
[2023-09-18T04:26:30.640+0000] {logging_mixin.py:151} INFO - https://www.mlb.com/orioles/stats/
[2023-09-18T04:26:31.911+0000] {logging_mixin.py:151} INFO - https://www.mlb.com/rays/stats/
[2023-09-18T04:26:32.930+0000] {logging_mixin.py:151} INFO - https://www.mlb.com/bluejays/stats/
[2023-09-18T04:26:38.317+0000] {logging_mixin.py:151} INFO - https://www.mlb.com/redsox/stats/
[2023-09-18T04:26:39.411+0000] {logging_mixin.py:151} INFO - https://www.mlb.com/yankees/stats/
[2023-09-18T04:26:41.911+0000] {python.py:194} INFO - Done. Returned value was: None
[2023-09-18T04:26:41.918+0000] {taskinstance.py:1400} INFO - Marking task as SUCCESS. dag_id=mlb_parser, task_id=data_clean, execution_date=20230918T042537, start_date=20230918T042555, end_date=20230918T042641
[2023-09-18T04:26:41.954+0000] {local_task_job_runner.py:228} INFO - Task exited with return code 0
[2023-09-18T04:26:41.970+0000] {taskinstance.py:2784} INFO - 0 downstream tasks scheduled from follow-on schedule check
