[2023-09-15T07:16:33.886+0000] {taskinstance.py:1159} INFO - Dependencies all met for dep_context=non-requeueable deps ti=<TaskInstance: mlb_parser.get_hr_high manual__2023-09-15T07:15:57.827222+00:00 [queued]>
[2023-09-15T07:16:33.892+0000] {taskinstance.py:1159} INFO - Dependencies all met for dep_context=requeueable deps ti=<TaskInstance: mlb_parser.get_hr_high manual__2023-09-15T07:15:57.827222+00:00 [queued]>
[2023-09-15T07:16:33.894+0000] {taskinstance.py:1361} INFO - Starting attempt 1 of 2
[2023-09-15T07:16:33.902+0000] {taskinstance.py:1382} INFO - Executing <Task(PostgresOperator): get_hr_high> on 2023-09-15 07:15:57.827222+00:00
[2023-09-15T07:16:33.908+0000] {standard_task_runner.py:57} INFO - Started process 23808 to run task
[2023-09-15T07:16:33.914+0000] {standard_task_runner.py:84} INFO - Running: ['***', 'tasks', 'run', 'mlb_parser', 'get_hr_high', 'manual__2023-09-15T07:15:57.827222+00:00', '--job-id', '796', '--raw', '--subdir', 'DAGS_FOLDER/mlb_parser.py', '--cfg-path', '/tmp/tmpfbqwf1ub']
[2023-09-15T07:16:33.917+0000] {standard_task_runner.py:85} INFO - Job 796: Subtask get_hr_high
[2023-09-15T07:16:33.956+0000] {task_command.py:415} INFO - Running <TaskInstance: mlb_parser.get_hr_high manual__2023-09-15T07:15:57.827222+00:00 [running]> on host 2e8147b3a465
[2023-09-15T07:16:34.014+0000] {taskinstance.py:1660} INFO - Exporting env vars: AIRFLOW_CTX_DAG_OWNER='andy_hsu' AIRFLOW_CTX_DAG_ID='mlb_parser' AIRFLOW_CTX_TASK_ID='get_hr_high' AIRFLOW_CTX_EXECUTION_DATE='2023-09-15T07:15:57.827222+00:00' AIRFLOW_CTX_TRY_NUMBER='1' AIRFLOW_CTX_DAG_RUN_ID='manual__2023-09-15T07:15:57.827222+00:00'
[2023-09-15T07:16:34.016+0000] {sql.py:274} INFO - Executing: 
            SELECT
                "Name",
                "POS",
                "Team",
                "G",
                "AB",
                "HR",
                "RBI",
                "BB",
                "SO",
                "OBP",
                "SLG"
                FROM mlb_data_2023
                ORDER BY "HR" DESC
                LIMIT 10;
            
[2023-09-15T07:16:34.022+0000] {base.py:73} INFO - Using connection ID 'postgres_mlb_parser_DB' for task execution.
[2023-09-15T07:16:34.029+0000] {base.py:73} INFO - Using connection ID 'postgres_mlb_parser_DB' for task execution.
[2023-09-15T07:16:34.042+0000] {sql.py:418} INFO - Running statement: 
            SELECT
                "Name",
                "POS",
                "Team",
                "G",
                "AB",
                "HR",
                "RBI",
                "BB",
                "SO",
                "OBP",
                "SLG"
                FROM mlb_data_2023
                ORDER BY "HR" DESC
                LIMIT 10;
            , parameters: None
[2023-09-15T07:16:34.047+0000] {sql.py:427} INFO - Rows affected: 10
[2023-09-15T07:16:34.066+0000] {taskinstance.py:1400} INFO - Marking task as SUCCESS. dag_id=mlb_parser, task_id=get_hr_high, execution_date=20230915T071557, start_date=20230915T071633, end_date=20230915T071634
[2023-09-15T07:16:34.084+0000] {local_task_job_runner.py:228} INFO - Task exited with return code 0
[2023-09-15T07:16:34.118+0000] {taskinstance.py:2784} INFO - 1 downstream tasks scheduled from follow-on schedule check
