[2023-09-15T07:16:33.884+0000] {taskinstance.py:1159} INFO - Dependencies all met for dep_context=non-requeueable deps ti=<TaskInstance: mlb_parser.get_avg_high manual__2023-09-15T07:15:57.827222+00:00 [queued]>
[2023-09-15T07:16:33.892+0000] {taskinstance.py:1159} INFO - Dependencies all met for dep_context=requeueable deps ti=<TaskInstance: mlb_parser.get_avg_high manual__2023-09-15T07:15:57.827222+00:00 [queued]>
[2023-09-15T07:16:33.894+0000] {taskinstance.py:1361} INFO - Starting attempt 1 of 2
[2023-09-15T07:16:33.903+0000] {taskinstance.py:1382} INFO - Executing <Task(PostgresOperator): get_avg_high> on 2023-09-15 07:15:57.827222+00:00
[2023-09-15T07:16:33.908+0000] {standard_task_runner.py:57} INFO - Started process 23809 to run task
[2023-09-15T07:16:33.911+0000] {standard_task_runner.py:84} INFO - Running: ['***', 'tasks', 'run', 'mlb_parser', 'get_avg_high', 'manual__2023-09-15T07:15:57.827222+00:00', '--job-id', '795', '--raw', '--subdir', 'DAGS_FOLDER/mlb_parser.py', '--cfg-path', '/tmp/tmp2vo54vo4']
[2023-09-15T07:16:33.914+0000] {standard_task_runner.py:85} INFO - Job 795: Subtask get_avg_high
[2023-09-15T07:16:33.952+0000] {task_command.py:415} INFO - Running <TaskInstance: mlb_parser.get_avg_high manual__2023-09-15T07:15:57.827222+00:00 [running]> on host 2e8147b3a465
[2023-09-15T07:16:34.010+0000] {taskinstance.py:1660} INFO - Exporting env vars: AIRFLOW_CTX_DAG_OWNER='andy_hsu' AIRFLOW_CTX_DAG_ID='mlb_parser' AIRFLOW_CTX_TASK_ID='get_avg_high' AIRFLOW_CTX_EXECUTION_DATE='2023-09-15T07:15:57.827222+00:00' AIRFLOW_CTX_TRY_NUMBER='1' AIRFLOW_CTX_DAG_RUN_ID='manual__2023-09-15T07:15:57.827222+00:00'
[2023-09-15T07:16:34.013+0000] {sql.py:274} INFO - Executing: 
            SELECT
                "Name",
                "POS",
                "Team",
                "G",
                "AB",
                "H",
                "BB",
                "SO",
                "OBP",
                "SLG",
                (CAST("H" AS float) / CAST("AB" AS float)) AS "Average_Bat"
                FROM mlb_data_2023
                WHERE "AB" > (
                    SELECT AVG("AB") FROM mlb_data_2023
                )
                ORDER BY "Average_Bat" DESC
                LIMIT 10;
            
[2023-09-15T07:16:34.022+0000] {base.py:73} INFO - Using connection ID 'postgres_mlb_parser_DB' for task execution.
[2023-09-15T07:16:34.029+0000] {base.py:73} INFO - Using connection ID 'postgres_mlb_parser_DB' for task execution.
[2023-09-15T07:16:34.042+0000] {sql.py:418} INFO - Running statement: 
            SELECT
                "Name",
                "POS",
                "Team",
                "G",
                "AB",
                "H",
                "BB",
                "SO",
                "OBP",
                "SLG",
                (CAST("H" AS float) / CAST("AB" AS float)) AS "Average_Bat"
                FROM mlb_data_2023
                WHERE "AB" > (
                    SELECT AVG("AB") FROM mlb_data_2023
                )
                ORDER BY "Average_Bat" DESC
                LIMIT 10;
            , parameters: None
[2023-09-15T07:16:34.047+0000] {sql.py:427} INFO - Rows affected: 9
[2023-09-15T07:16:34.065+0000] {taskinstance.py:1400} INFO - Marking task as SUCCESS. dag_id=mlb_parser, task_id=get_avg_high, execution_date=20230915T071557, start_date=20230915T071633, end_date=20230915T071634
[2023-09-15T07:16:34.085+0000] {local_task_job_runner.py:228} INFO - Task exited with return code 0
[2023-09-15T07:16:34.103+0000] {taskinstance.py:2784} INFO - 1 downstream tasks scheduled from follow-on schedule check
