[2023-09-19T15:55:12.750+0000] {taskinstance.py:1159} INFO - Dependencies all met for dep_context=non-requeueable deps ti=<TaskInstance: mlb_parser.get_hr_high manual__2023-09-19T15:54:15.279867+00:00 [queued]>
[2023-09-19T15:55:12.757+0000] {taskinstance.py:1159} INFO - Dependencies all met for dep_context=requeueable deps ti=<TaskInstance: mlb_parser.get_hr_high manual__2023-09-19T15:54:15.279867+00:00 [queued]>
[2023-09-19T15:55:12.759+0000] {taskinstance.py:1361} INFO - Starting attempt 1 of 2
[2023-09-19T15:55:12.766+0000] {taskinstance.py:1382} INFO - Executing <Task(PostgresOperator): get_hr_high> on 2023-09-19 15:54:15.279867+00:00
[2023-09-19T15:55:12.770+0000] {standard_task_runner.py:57} INFO - Started process 2752 to run task
[2023-09-19T15:55:12.772+0000] {standard_task_runner.py:84} INFO - Running: ['***', 'tasks', 'run', 'mlb_parser', 'get_hr_high', 'manual__2023-09-19T15:54:15.279867+00:00', '--job-id', '1275', '--raw', '--subdir', 'DAGS_FOLDER/mlb_parser_hit.py', '--cfg-path', '/tmp/tmp4nod1to3']
[2023-09-19T15:55:12.775+0000] {standard_task_runner.py:85} INFO - Job 1275: Subtask get_hr_high
[2023-09-19T15:55:12.807+0000] {task_command.py:415} INFO - Running <TaskInstance: mlb_parser.get_hr_high manual__2023-09-19T15:54:15.279867+00:00 [running]> on host d98c068596b4
[2023-09-19T15:55:12.856+0000] {taskinstance.py:1660} INFO - Exporting env vars: AIRFLOW_CTX_DAG_OWNER='andy_hsu' AIRFLOW_CTX_DAG_ID='mlb_parser' AIRFLOW_CTX_TASK_ID='get_hr_high' AIRFLOW_CTX_EXECUTION_DATE='2023-09-19T15:54:15.279867+00:00' AIRFLOW_CTX_TRY_NUMBER='1' AIRFLOW_CTX_DAG_RUN_ID='manual__2023-09-19T15:54:15.279867+00:00'
[2023-09-19T15:55:12.858+0000] {sql.py:274} INFO - Executing: 
            SELECT
                "Name",
                "POS",
                "Team",
                "G",
                "AB",
                "HR",
                "RBI",
                "BB",
                "SO",
                "OBP",
                "SLG",
                CURRENT_DATE AS "date"
                FROM mlb_data_2023
                WHERE "HR" >= (SELECT "HR" FROM mlb_data_2023 ORDER BY "HR" LIMIT 1 OFFSET 9)
                ORDER BY "HR" DESC;
            
[2023-09-19T15:55:12.865+0000] {base.py:73} INFO - Using connection ID 'postgres_mlb_parser_DB' for task execution.
[2023-09-19T15:55:12.871+0000] {base.py:73} INFO - Using connection ID 'postgres_mlb_parser_DB' for task execution.
[2023-09-19T15:55:12.880+0000] {sql.py:418} INFO - Running statement: 
            SELECT
                "Name",
                "POS",
                "Team",
                "G",
                "AB",
                "HR",
                "RBI",
                "BB",
                "SO",
                "OBP",
                "SLG",
                CURRENT_DATE AS "date"
                FROM mlb_data_2023
                WHERE "HR" >= (SELECT "HR" FROM mlb_data_2023 ORDER BY "HR" LIMIT 1 OFFSET 9)
                ORDER BY "HR" DESC;
            , parameters: None
[2023-09-19T15:55:12.886+0000] {sql.py:427} INFO - Rows affected: 642
[2023-09-19T15:55:12.910+0000] {taskinstance.py:1400} INFO - Marking task as SUCCESS. dag_id=mlb_parser, task_id=get_hr_high, execution_date=20230919T155415, start_date=20230919T155512, end_date=20230919T155512
[2023-09-19T15:55:12.945+0000] {local_task_job_runner.py:228} INFO - Task exited with return code 0
[2023-09-19T15:55:12.962+0000] {taskinstance.py:2784} INFO - 1 downstream tasks scheduled from follow-on schedule check
