[2023-09-19T16:52:53.703+0000] {taskinstance.py:1159} INFO - Dependencies all met for dep_context=non-requeueable deps ti=<TaskInstance: mlb_parser_ranking.get_rank scheduled__2023-09-16T03:55:00+00:00 [queued]>
[2023-09-19T16:52:53.750+0000] {taskinstance.py:1159} INFO - Dependencies all met for dep_context=requeueable deps ti=<TaskInstance: mlb_parser_ranking.get_rank scheduled__2023-09-16T03:55:00+00:00 [queued]>
[2023-09-19T16:52:53.761+0000] {taskinstance.py:1361} INFO - Starting attempt 1 of 2
[2023-09-19T16:52:53.840+0000] {taskinstance.py:1382} INFO - Executing <Task(PythonOperator): get_rank> on 2023-09-16 03:55:00+00:00
[2023-09-19T16:52:53.849+0000] {standard_task_runner.py:57} INFO - Started process 7773 to run task
[2023-09-19T16:52:54.000+0000] {standard_task_runner.py:84} INFO - Running: ['***', 'tasks', 'run', 'mlb_parser_ranking', 'get_rank', 'scheduled__2023-09-16T03:55:00+00:00', '--job-id', '1308', '--raw', '--subdir', 'DAGS_FOLDER/mlb_parser_ranking.py', '--cfg-path', '/tmp/tmpt63uri3g']
[2023-09-19T16:52:54.098+0000] {standard_task_runner.py:85} INFO - Job 1308: Subtask get_rank
[2023-09-19T16:52:54.375+0000] {task_command.py:415} INFO - Running <TaskInstance: mlb_parser_ranking.get_rank scheduled__2023-09-16T03:55:00+00:00 [running]> on host d98c068596b4
[2023-09-19T16:52:54.633+0000] {taskinstance.py:1660} INFO - Exporting env vars: AIRFLOW_CTX_DAG_OWNER='andy_hsu' AIRFLOW_CTX_DAG_ID='mlb_parser_ranking' AIRFLOW_CTX_TASK_ID='get_rank' AIRFLOW_CTX_EXECUTION_DATE='2023-09-16T03:55:00+00:00' AIRFLOW_CTX_TRY_NUMBER='1' AIRFLOW_CTX_DAG_RUN_ID='scheduled__2023-09-16T03:55:00+00:00'
[2023-09-19T16:52:55.084+0000] {logging_mixin.py:151} INFO - {'div_name': 'American League East', 'teams': [{'name': 'Baltimore Orioles', 'div_rank': '1', 'w': 94, 'l': 56, 'gb': '-', 'wc_rank': '-', 'wc_gb': '-', 'wc_elim_num': '-', 'elim_num': '-', 'team_id': 110}, {'name': 'Tampa Bay Rays', 'div_rank': '2', 'w': 92, 'l': 59, 'gb': '2.5', 'wc_rank': '1', 'wc_gb': '+9.5', 'wc_elim_num': '-', 'elim_num': '10', 'team_id': 139}, {'name': 'Toronto Blue Jays', 'div_rank': '3', 'w': 83, 'l': 67, 'gb': '11.0', 'wc_rank': '2', 'wc_gb': '+1.0', 'wc_elim_num': '-', 'elim_num': '2', 'team_id': 141}, {'name': 'New York Yankees', 'div_rank': '4', 'w': 76, 'l': 74, 'gb': '18.0', 'wc_rank': '5', 'wc_gb': '6.0', 'wc_elim_num': '7', 'elim_num': 'E', 'team_id': 147}, {'name': 'Boston Red Sox', 'div_rank': '5', 'w': 75, 'l': 76, 'gb': '19.5', 'wc_rank': '6', 'wc_gb': '7.5', 'wc_elim_num': '5', 'elim_num': 'E', 'team_id': 111}]}
[2023-09-19T16:52:55.086+0000] {logging_mixin.py:151} INFO - {'div_name': 'American League Central', 'teams': [{'name': 'Minnesota Twins', 'div_rank': '1', 'w': 79, 'l': 72, 'gb': '-', 'wc_rank': '-', 'wc_gb': '-', 'wc_elim_num': '-', 'elim_num': '-', 'team_id': 142}, {'name': 'Cleveland Guardians', 'div_rank': '2', 'w': 72, 'l': 79, 'gb': '7.0', 'wc_rank': '7', 'wc_gb': '10.5', 'wc_elim_num': '2', 'elim_num': '5', 'team_id': 114}, {'name': 'Detroit Tigers', 'div_rank': '3', 'w': 70, 'l': 80, 'gb': '8.5', 'wc_rank': '8', 'wc_gb': '12.0', 'wc_elim_num': '1', 'elim_num': '4', 'team_id': 116}, {'name': 'Chicago White Sox', 'div_rank': '4', 'w': 58, 'l': 93, 'gb': '21.0', 'wc_rank': '10', 'wc_gb': '24.5', 'wc_elim_num': 'E', 'elim_num': 'E', 'team_id': 145}, {'name': 'Kansas City Royals', 'div_rank': '5', 'w': 49, 'l': 102, 'gb': '30.0', 'wc_rank': '11', 'wc_gb': '33.5', 'wc_elim_num': 'E', 'elim_num': 'E', 'team_id': 118}]}
[2023-09-19T16:52:55.088+0000] {logging_mixin.py:151} INFO - {'div_name': 'American League West', 'teams': [{'name': 'Houston Astros', 'div_rank': '1', 'w': 84, 'l': 67, 'gb': '-', 'wc_rank': '-', 'wc_gb': '-', 'wc_elim_num': '-', 'elim_num': '-', 'team_id': 117}, {'name': 'Seattle Mariners', 'div_rank': '2', 'w': 82, 'l': 68, 'gb': '1.5', 'wc_rank': '3', 'wc_gb': '-', 'wc_elim_num': '-', 'elim_num': '11', 'team_id': 136}, {'name': 'Texas Rangers', 'div_rank': '3', 'w': 82, 'l': 68, 'gb': '1.5', 'wc_rank': '4', 'wc_gb': '-', 'wc_elim_num': '-', 'elim_num': '11', 'team_id': 140}, {'name': 'Los Angeles Angels', 'div_rank': '4', 'w': 68, 'l': 82, 'gb': '15.5', 'wc_rank': '9', 'wc_gb': '14.0', 'wc_elim_num': 'E', 'elim_num': 'E', 'team_id': 108}, {'name': 'Oakland Athletics', 'div_rank': '5', 'w': 46, 'l': 104, 'gb': '37.5', 'wc_rank': '12', 'wc_gb': '36.0', 'wc_elim_num': 'E', 'elim_num': 'E', 'team_id': 133}]}
[2023-09-19T16:52:55.089+0000] {logging_mixin.py:151} INFO - {'div_name': 'National League East', 'teams': [{'name': 'Atlanta Braves', 'div_rank': '1', 'w': 96, 'l': 54, 'gb': '-', 'wc_rank': '-', 'wc_gb': '-', 'wc_elim_num': '-', 'elim_num': '-', 'team_id': 144}, {'name': 'Philadelphia Phillies', 'div_rank': '2', 'w': 82, 'l': 68, 'gb': '14.0', 'wc_rank': '1', 'wc_gb': '+4.0', 'wc_elim_num': '-', 'elim_num': 'E', 'team_id': 143}, {'name': 'Miami Marlins', 'div_rank': '3', 'w': 78, 'l': 73, 'gb': '18.5', 'wc_rank': '5', 'wc_gb': '0.5', 'wc_elim_num': '11', 'elim_num': 'E', 'team_id': 146}, {'name': 'New York Mets', 'div_rank': '4', 'w': 70, 'l': 80, 'gb': '26.0', 'wc_rank': '8', 'wc_gb': '8.0', 'wc_elim_num': '4', 'elim_num': 'E', 'team_id': 121}, {'name': 'Washington Nationals', 'div_rank': '5', 'w': 66, 'l': 85, 'gb': '30.5', 'wc_rank': '11', 'wc_gb': '12.5', 'wc_elim_num': 'E', 'elim_num': 'E', 'team_id': 120}]}
[2023-09-19T16:52:55.091+0000] {logging_mixin.py:151} INFO - {'div_name': 'National League Central', 'teams': [{'name': 'Milwaukee Brewers', 'div_rank': '1', 'w': 84, 'l': 66, 'gb': '-', 'wc_rank': '-', 'wc_gb': '-', 'wc_elim_num': '-', 'elim_num': '-', 'team_id': 158}, {'name': 'Chicago Cubs', 'div_rank': '2', 'w': 78, 'l': 72, 'gb': '6.0', 'wc_rank': '3', 'wc_gb': '-', 'wc_elim_num': '-', 'elim_num': '7', 'team_id': 112}, {'name': 'Cincinnati Reds', 'div_rank': '3', 'w': 79, 'l': 73, 'gb': '6.0', 'wc_rank': '4', 'wc_gb': '-', 'wc_elim_num': '-', 'elim_num': '6', 'team_id': 113}, {'name': 'Pittsburgh Pirates', 'div_rank': '4', 'w': 70, 'l': 80, 'gb': '14.0', 'wc_rank': '9', 'wc_gb': '8.0', 'wc_elim_num': '4', 'elim_num': 'E', 'team_id': 134}, {'name': 'St. Louis Cardinals', 'div_rank': '5', 'w': 67, 'l': 83, 'gb': '17.0', 'wc_rank': '10', 'wc_gb': '11.0', 'wc_elim_num': '1', 'elim_num': 'E', 'team_id': 138}]}
[2023-09-19T16:52:55.092+0000] {logging_mixin.py:151} INFO - {'div_name': 'National League West', 'teams': [{'name': 'Los Angeles Dodgers', 'div_rank': '1', 'w': 92, 'l': 57, 'gb': '-', 'wc_rank': '-', 'wc_gb': '-', 'wc_elim_num': '-', 'elim_num': '-', 'team_id': 119}, {'name': 'Arizona Diamondbacks', 'div_rank': '2', 'w': 79, 'l': 72, 'gb': '14.0', 'wc_rank': '2', 'wc_gb': '+0.5', 'wc_elim_num': '-', 'elim_num': 'E', 'team_id': 109}, {'name': 'San Francisco Giants', 'div_rank': '3', 'w': 76, 'l': 74, 'gb': '16.5', 'wc_rank': '6', 'wc_gb': '2.0', 'wc_elim_num': '10', 'elim_num': 'E', 'team_id': 137}, {'name': 'San Diego Padres', 'div_rank': '4', 'w': 73, 'l': 78, 'gb': '20.0', 'wc_rank': '7', 'wc_gb': '5.5', 'wc_elim_num': '6', 'elim_num': 'E', 'team_id': 135}, {'name': 'Colorado Rockies', 'div_rank': '5', 'w': 56, 'l': 94, 'gb': '36.5', 'wc_rank': '12', 'wc_gb': '22.0', 'wc_elim_num': 'E', 'elim_num': 'E', 'team_id': 115}]}
[2023-09-19T16:52:55.125+0000] {logging_mixin.py:151} INFO -                      Team   W    L  Total_G Team_abb
0       Baltimore Orioles  94   56      150      BAL
1          Tampa Bay Rays  92   59      151       TB
2       Toronto Blue Jays  83   67      150      TOR
3        New York Yankees  76   74      150      NYY
4          Boston Red Sox  75   76      151      BOS
5         Minnesota Twins  79   72      151      MIN
6     Cleveland Guardians  72   79      151      CLE
7          Detroit Tigers  70   80      150      DET
8       Chicago White Sox  58   93      151      CWS
9      Kansas City Royals  49  102      151       KC
10         Houston Astros  84   67      151      HOU
11       Seattle Mariners  82   68      150      SEA
12          Texas Rangers  82   68      150      TEX
13     Los Angeles Angels  68   82      150      LAA
14      Oakland Athletics  46  104      150      OAK
15         Atlanta Braves  96   54      150      ATL
16  Philadelphia Phillies  82   68      150      PHI
17          Miami Marlins  78   73      151      MIA
18          New York Mets  70   80      150      NYM
19   Washington Nationals  66   85      151      WSH
20      Milwaukee Brewers  84   66      150      MIL
21           Chicago Cubs  78   72      150      CHC
22        Cincinnati Reds  79   73      152      CIN
23     Pittsburgh Pirates  70   80      150      PIT
24    St. Louis Cardinals  67   83      150      STL
25    Los Angeles Dodgers  92   57      149      LAD
26   Arizona Diamondbacks  79   72      151       AZ
27   San Francisco Giants  76   74      150       SF
28       San Diego Padres  73   78      151       SD
29       Colorado Rockies  56   94      150      COL
[2023-09-19T16:52:55.282+0000] {logging_mixin.py:151} INFO - job done
[2023-09-19T16:52:55.286+0000] {python.py:194} INFO - Done. Returned value was: None
[2023-09-19T16:52:55.340+0000] {taskinstance.py:1400} INFO - Marking task as SUCCESS. dag_id=mlb_parser_ranking, task_id=get_rank, execution_date=20230916T035500, start_date=20230919T165253, end_date=20230919T165255
[2023-09-19T16:52:55.480+0000] {local_task_job_runner.py:228} INFO - Task exited with return code 0
[2023-09-19T16:52:55.689+0000] {taskinstance.py:2784} INFO - 0 downstream tasks scheduled from follow-on schedule check
