[2023-09-27T04:01:15.871+0000] {taskinstance.py:1159} INFO - Dependencies all met for dep_context=non-requeueable deps ti=<TaskInstance: mlb_parser.task_hr_lead_to_sql scheduled__2023-09-26T04:00:00+00:00 [queued]>
[2023-09-27T04:01:15.876+0000] {taskinstance.py:1159} INFO - Dependencies all met for dep_context=requeueable deps ti=<TaskInstance: mlb_parser.task_hr_lead_to_sql scheduled__2023-09-26T04:00:00+00:00 [queued]>
[2023-09-27T04:01:15.877+0000] {taskinstance.py:1361} INFO - Starting attempt 1 of 2
[2023-09-27T04:01:15.885+0000] {taskinstance.py:1382} INFO - Executing <Task(PythonOperator): task_hr_lead_to_sql> on 2023-09-26 04:00:00+00:00
[2023-09-27T04:01:15.890+0000] {standard_task_runner.py:57} INFO - Started process 78432 to run task
[2023-09-27T04:01:15.892+0000] {standard_task_runner.py:84} INFO - Running: ['***', 'tasks', 'run', 'mlb_parser', 'task_hr_lead_to_sql', 'scheduled__2023-09-26T04:00:00+00:00', '--job-id', '1583', '--raw', '--subdir', 'DAGS_FOLDER/mlb_parser_hit.py', '--cfg-path', '/tmp/tmp4i328_vx']
[2023-09-27T04:01:15.895+0000] {standard_task_runner.py:85} INFO - Job 1583: Subtask task_hr_lead_to_sql
[2023-09-27T04:01:15.927+0000] {task_command.py:415} INFO - Running <TaskInstance: mlb_parser.task_hr_lead_to_sql scheduled__2023-09-26T04:00:00+00:00 [running]> on host d98c068596b4
[2023-09-27T04:01:15.976+0000] {taskinstance.py:1660} INFO - Exporting env vars: AIRFLOW_CTX_DAG_OWNER='andy_hsu' AIRFLOW_CTX_DAG_ID='mlb_parser' AIRFLOW_CTX_TASK_ID='task_hr_lead_to_sql' AIRFLOW_CTX_EXECUTION_DATE='2023-09-26T04:00:00+00:00' AIRFLOW_CTX_TRY_NUMBER='1' AIRFLOW_CTX_DAG_RUN_ID='scheduled__2023-09-26T04:00:00+00:00'
[2023-09-27T04:01:15.997+0000] {logging_mixin.py:151} INFO -                 name pos team    g   ab  ...   bb   so    obp    slg  record_date
0         Matt Olson  1B  ATL  157  594  ...  103  164  0.389  0.604   2023-09-27
1        Pete Alonso  1B  NYM  148  545  ...   65  146  0.318  0.506   2023-09-27
2     Kyle Schwarber  LF  PHI  156  572  ...  124  212  0.343  0.469   2023-09-27
3      Shohei Ohtani  DH  LAA  135  497  ...   91  143  0.412  0.654   2023-09-27
4       Ronald Acuna  RF  ATL  154  629  ...   78   82  0.414  0.598   2023-09-27
5       Mookie Betts  RF  LAD  147  569  ...   92  105  0.409  0.589   2023-09-27
6        Luis Robert  CF  CWS  145  546  ...   30  172  0.315  0.542   2023-09-27
7       Austin Riley  3B  ATL  154  614  ...   57  165  0.344  0.515   2023-09-27
8      Adolis Garcia  RF  TEX  143  538  ...   62  169  0.325  0.502   2023-09-27
9          Max Muncy  3B  LAD  131  467  ...   82  150  0.337  0.486   2023-09-27
10     Marcell Ozuna  DH  ATL  139  511  ...   55  130  0.340  0.532   2023-09-27
11       Jorge Soler  DH  MIA  133  490  ...   63  138  0.339  0.516   2023-09-27
12         Juan Soto  LF   SD  158  556  ...  128  125  0.411  0.525   2023-09-27
13       Aaron Judge  RF  NYY  102  354  ...   83  126  0.402  0.605   2023-09-27
14  Christian Walker  1B   AZ  153  567  ...   61  124  0.340  0.510   2023-09-27
15      Corey Seager  SS  TEX  114  458  ...   47   83  0.394  0.640   2023-09-27
16     Rafael Devers  3B  BOS  149  567  ...   60  123  0.351  0.506   2023-09-27

[17 rows x 12 columns]
[2023-09-27T04:01:16.010+0000] {logging_mixin.py:151} INFO - job done
[2023-09-27T04:01:16.011+0000] {python.py:194} INFO - Done. Returned value was: None
[2023-09-27T04:01:16.017+0000] {taskinstance.py:1400} INFO - Marking task as SUCCESS. dag_id=mlb_parser, task_id=task_hr_lead_to_sql, execution_date=20230926T040000, start_date=20230927T040115, end_date=20230927T040116
[2023-09-27T04:01:16.065+0000] {local_task_job_runner.py:228} INFO - Task exited with return code 0
[2023-09-27T04:01:16.082+0000] {taskinstance.py:2784} INFO - 0 downstream tasks scheduled from follow-on schedule check
