[2023-09-15T15:30:07.376+0000] {taskinstance.py:1159} INFO - Dependencies all met for dep_context=non-requeueable deps ti=<TaskInstance: mlb_parser.data_clean manual__2023-09-15T15:29:37.109992+00:00 [queued]>
[2023-09-15T15:30:07.383+0000] {taskinstance.py:1159} INFO - Dependencies all met for dep_context=requeueable deps ti=<TaskInstance: mlb_parser.data_clean manual__2023-09-15T15:29:37.109992+00:00 [queued]>
[2023-09-15T15:30:07.384+0000] {taskinstance.py:1361} INFO - Starting attempt 1 of 2
[2023-09-15T15:30:07.413+0000] {taskinstance.py:1382} INFO - Executing <Task(PythonOperator): data_clean> on 2023-09-15 15:29:37.109992+00:00
[2023-09-15T15:30:07.425+0000] {standard_task_runner.py:57} INFO - Started process 41445 to run task
[2023-09-15T15:30:07.430+0000] {standard_task_runner.py:84} INFO - Running: ['***', 'tasks', 'run', 'mlb_parser', 'data_clean', 'manual__2023-09-15T15:29:37.109992+00:00', '--job-id', '821', '--raw', '--subdir', 'DAGS_FOLDER/mlb_parser.py', '--cfg-path', '/tmp/tmpdxemep3z']
[2023-09-15T15:30:07.436+0000] {standard_task_runner.py:85} INFO - Job 821: Subtask data_clean
[2023-09-15T15:30:07.474+0000] {task_command.py:415} INFO - Running <TaskInstance: mlb_parser.data_clean manual__2023-09-15T15:29:37.109992+00:00 [running]> on host 2e8147b3a465
[2023-09-15T15:30:07.530+0000] {taskinstance.py:1660} INFO - Exporting env vars: AIRFLOW_CTX_DAG_OWNER='andy_hsu' AIRFLOW_CTX_DAG_ID='mlb_parser' AIRFLOW_CTX_TASK_ID='data_clean' AIRFLOW_CTX_EXECUTION_DATE='2023-09-15T15:29:37.109992+00:00' AIRFLOW_CTX_TRY_NUMBER='1' AIRFLOW_CTX_DAG_RUN_ID='manual__2023-09-15T15:29:37.109992+00:00'
[2023-09-15T15:30:07.540+0000] {logging_mixin.py:151} INFO - ['nationals', 'braves', 'mets', 'marlins', 'phillies', 'brewers', 'cubs', 'reds', 'pirates', 'cardinals', 'dodgers', 'giants', 'padres', 'rockies', 'dbacks', 'astros', 'angels', 'rangers', 'athletics', 'mariners', 'twins', 'guardians', 'tigers', 'whitesox', 'royals', 'orioles', 'rays', 'bluejays', 'redsox', 'yankees']
[2023-09-15T15:30:07.543+0000] {logging_mixin.py:151} INFO - https://www.mlb.com/nationals/stats/
[2023-09-15T15:30:15.259+0000] {logging_mixin.py:151} INFO - https://www.mlb.com/braves/stats/
[2023-09-15T15:30:16.586+0000] {logging_mixin.py:151} INFO - https://www.mlb.com/mets/stats/
[2023-09-15T15:30:19.072+0000] {logging_mixin.py:151} INFO - https://www.mlb.com/marlins/stats/
[2023-09-15T15:30:20.496+0000] {logging_mixin.py:151} INFO - https://www.mlb.com/phillies/stats/
[2023-09-15T15:30:21.989+0000] {logging_mixin.py:151} INFO - https://www.mlb.com/brewers/stats/
[2023-09-15T15:30:22.816+0000] {logging_mixin.py:151} INFO - https://www.mlb.com/cubs/stats/
[2023-09-15T15:30:24.137+0000] {logging_mixin.py:151} INFO - https://www.mlb.com/reds/stats/
[2023-09-15T15:30:25.575+0000] {logging_mixin.py:151} INFO - https://www.mlb.com/pirates/stats/
[2023-09-15T15:30:28.143+0000] {logging_mixin.py:151} INFO - https://www.mlb.com/cardinals/stats/
[2023-09-15T15:30:28.859+0000] {logging_mixin.py:151} INFO - https://www.mlb.com/dodgers/stats/
[2023-09-15T15:30:30.161+0000] {logging_mixin.py:151} INFO - https://www.mlb.com/giants/stats/
[2023-09-15T15:30:31.437+0000] {logging_mixin.py:151} INFO - https://www.mlb.com/padres/stats/
[2023-09-15T15:30:32.746+0000] {logging_mixin.py:151} INFO - https://www.mlb.com/rockies/stats/
[2023-09-15T15:30:35.769+0000] {logging_mixin.py:151} INFO - https://www.mlb.com/dbacks/stats/
[2023-09-15T15:30:36.996+0000] {logging_mixin.py:151} INFO - https://www.mlb.com/astros/stats/
[2023-09-15T15:30:38.228+0000] {logging_mixin.py:151} INFO - https://www.mlb.com/angels/stats/
[2023-09-15T15:30:38.832+0000] {logging_mixin.py:151} INFO - https://www.mlb.com/rangers/stats/
[2023-09-15T15:30:40.235+0000] {logging_mixin.py:151} INFO - https://www.mlb.com/athletics/stats/
[2023-09-15T15:30:42.340+0000] {logging_mixin.py:151} INFO - https://www.mlb.com/mariners/stats/
[2023-09-15T15:30:43.796+0000] {logging_mixin.py:151} INFO - https://www.mlb.com/twins/stats/
[2023-09-15T15:30:44.488+0000] {logging_mixin.py:151} INFO - https://www.mlb.com/guardians/stats/
[2023-09-15T15:30:45.961+0000] {logging_mixin.py:151} INFO - https://www.mlb.com/tigers/stats/
[2023-09-15T15:30:47.191+0000] {logging_mixin.py:151} INFO - https://www.mlb.com/whitesox/stats/
[2023-09-15T15:30:49.880+0000] {logging_mixin.py:151} INFO - https://www.mlb.com/royals/stats/
[2023-09-15T15:30:51.262+0000] {logging_mixin.py:151} INFO - https://www.mlb.com/orioles/stats/
[2023-09-15T15:30:52.666+0000] {logging_mixin.py:151} INFO - https://www.mlb.com/rays/stats/
[2023-09-15T15:30:53.884+0000] {logging_mixin.py:151} INFO - https://www.mlb.com/bluejays/stats/
[2023-09-15T15:30:55.218+0000] {logging_mixin.py:151} INFO - https://www.mlb.com/redsox/stats/
[2023-09-15T15:30:56.596+0000] {logging_mixin.py:151} INFO - https://www.mlb.com/yankees/stats/
[2023-09-15T15:30:58.065+0000] {python.py:194} INFO - Done. Returned value was: None
[2023-09-15T15:30:58.072+0000] {taskinstance.py:1400} INFO - Marking task as SUCCESS. dag_id=mlb_parser, task_id=data_clean, execution_date=20230915T152937, start_date=20230915T153007, end_date=20230915T153058
[2023-09-15T15:30:58.115+0000] {local_task_job_runner.py:228} INFO - Task exited with return code 0
[2023-09-15T15:30:58.130+0000] {taskinstance.py:2784} INFO - 2 downstream tasks scheduled from follow-on schedule check
