[2023-09-11T08:24:36.112+0000] {taskinstance.py:1159} INFO - Dependencies all met for dep_context=non-requeueable deps ti=<TaskInstance: mlb_parser.create_postgre_table manual__2023-09-11T08:24:34.184603+00:00 [queued]>
[2023-09-11T08:24:36.120+0000] {taskinstance.py:1159} INFO - Dependencies all met for dep_context=requeueable deps ti=<TaskInstance: mlb_parser.create_postgre_table manual__2023-09-11T08:24:34.184603+00:00 [queued]>
[2023-09-11T08:24:36.121+0000] {taskinstance.py:1361} INFO - Starting attempt 1 of 6
[2023-09-11T08:24:36.130+0000] {taskinstance.py:1382} INFO - Executing <Task(PostgresOperator): create_postgre_table> on 2023-09-11 08:24:34.184603+00:00
[2023-09-11T08:24:36.137+0000] {standard_task_runner.py:57} INFO - Started process 25793 to run task
[2023-09-11T08:24:36.144+0000] {standard_task_runner.py:84} INFO - Running: ['***', 'tasks', 'run', 'mlb_parser', 'create_postgre_table', 'manual__2023-09-11T08:24:34.184603+00:00', '--job-id', '392', '--raw', '--subdir', 'DAGS_FOLDER/mlb_parser.py', '--cfg-path', '/tmp/tmp3exstd6_']
[2023-09-11T08:24:36.147+0000] {standard_task_runner.py:85} INFO - Job 392: Subtask create_postgre_table
[2023-09-11T08:24:37.055+0000] {task_command.py:415} INFO - Running <TaskInstance: mlb_parser.create_postgre_table manual__2023-09-11T08:24:34.184603+00:00 [running]> on host 2e8147b3a465
[2023-09-11T08:24:38.211+0000] {taskinstance.py:1660} INFO - Exporting env vars: AIRFLOW_CTX_DAG_OWNER='andy_hsu' AIRFLOW_CTX_DAG_ID='mlb_parser' AIRFLOW_CTX_TASK_ID='create_postgre_table' AIRFLOW_CTX_EXECUTION_DATE='2023-09-11T08:24:34.184603+00:00' AIRFLOW_CTX_TRY_NUMBER='1' AIRFLOW_CTX_DAG_RUN_ID='manual__2023-09-11T08:24:34.184603+00:00'
[2023-09-11T08:24:38.222+0000] {sql.py:274} INFO - Executing: 
            create table if not exists mlb_parser (
                Name varchar(40),
                POS varchar(5),
                Team varchar(20),
                G int,
                AB int,
                R int,
                H int,
                Double int,
                Third int,
                HR int,
                RBI int,
                BB int,
                SO int,
                SB int,
                CS int, 
                OBP float,
                SLG float,
                primary key(Name, POS, Team)
            )
            
[2023-09-11T08:24:38.306+0000] {base.py:73} INFO - Using connection ID 'postgres_mlb_parser_DB' for task execution.
[2023-09-11T08:24:38.432+0000] {base.py:73} INFO - Using connection ID 'postgres_mlb_parser_DB' for task execution.
[2023-09-11T08:24:38.624+0000] {sql.py:418} INFO - Running statement: 
            create table if not exists mlb_parser (
                Name varchar(40),
                POS varchar(5),
                Team varchar(20),
                G int,
                AB int,
                R int,
                H int,
                Double int,
                Third int,
                HR int,
                RBI int,
                BB int,
                SO int,
                SB int,
                CS int, 
                OBP float,
                SLG float,
                primary key(Name, POS, Team)
            )
            , parameters: None
[2023-09-11T08:24:38.702+0000] {taskinstance.py:1400} INFO - Marking task as SUCCESS. dag_id=mlb_parser, task_id=create_postgre_table, execution_date=20230911T082434, start_date=20230911T082436, end_date=20230911T082438
[2023-09-11T08:24:38.761+0000] {local_task_job_runner.py:228} INFO - Task exited with return code 0
[2023-09-11T08:24:38.774+0000] {taskinstance.py:2784} INFO - 0 downstream tasks scheduled from follow-on schedule check
