[2023-09-15T07:14:06.762+0000] {taskinstance.py:1159} INFO - Dependencies all met for dep_context=non-requeueable deps ti=<TaskInstance: mlb_parser.output_avg_df manual__2023-09-15T07:13:45.348889+00:00 [queued]>
[2023-09-15T07:14:06.768+0000] {taskinstance.py:1159} INFO - Dependencies all met for dep_context=requeueable deps ti=<TaskInstance: mlb_parser.output_avg_df manual__2023-09-15T07:13:45.348889+00:00 [queued]>
[2023-09-15T07:14:06.770+0000] {taskinstance.py:1361} INFO - Starting attempt 1 of 2
[2023-09-15T07:14:06.778+0000] {taskinstance.py:1382} INFO - Executing <Task(PythonOperator): output_avg_df> on 2023-09-15 07:13:45.348889+00:00
[2023-09-15T07:14:06.783+0000] {standard_task_runner.py:57} INFO - Started process 23565 to run task
[2023-09-15T07:14:06.785+0000] {standard_task_runner.py:84} INFO - Running: ['***', 'tasks', 'run', 'mlb_parser', 'output_avg_df', 'manual__2023-09-15T07:13:45.348889+00:00', '--job-id', '777', '--raw', '--subdir', 'DAGS_FOLDER/mlb_parser.py', '--cfg-path', '/tmp/tmpwairbdhs']
[2023-09-15T07:14:06.788+0000] {standard_task_runner.py:85} INFO - Job 777: Subtask output_avg_df
[2023-09-15T07:14:06.827+0000] {task_command.py:415} INFO - Running <TaskInstance: mlb_parser.output_avg_df manual__2023-09-15T07:13:45.348889+00:00 [running]> on host 2e8147b3a465
[2023-09-15T07:14:06.882+0000] {taskinstance.py:1660} INFO - Exporting env vars: AIRFLOW_CTX_DAG_OWNER='andy_hsu' AIRFLOW_CTX_DAG_ID='mlb_parser' AIRFLOW_CTX_TASK_ID='output_avg_df' AIRFLOW_CTX_EXECUTION_DATE='2023-09-15T07:13:45.348889+00:00' AIRFLOW_CTX_TRY_NUMBER='1' AIRFLOW_CTX_DAG_RUN_ID='manual__2023-09-15T07:13:45.348889+00:00'
[2023-09-15T07:14:06.893+0000] {logging_mixin.py:151} INFO - [['Joey Meneses', 'DH', 'WSH', 139, 550, 153, 35, 117, 0.326, 0.402, 0.2781818181818182, datetime.datetime(2023, 9, 15, 7, 14, 5, 79587, tzinfo=Timezone('UTC'))], ['Lane Thomas', 'RF', 'WSH', 142, 563, 155, 33, 156, 0.324, 0.472, 0.2753108348134991, datetime.datetime(2023, 9, 15, 7, 14, 5, 79587, tzinfo=Timezone('UTC'))], ['Stone Garrett', 'LF', 'WSH', 89, 234, 63, 26, 82, 0.343, 0.457, 0.2692307692307692, datetime.datetime(2023, 9, 15, 7, 14, 5, 79587, tzinfo=Timezone('UTC'))], ['Dominic Smith', '1B', 'WSH', 140, 483, 127, 41, 84, 0.332, 0.364, 0.2629399585921325, datetime.datetime(2023, 9, 15, 7, 14, 5, 79587, tzinfo=Timezone('UTC'))], ['Keibert Ruiz', 'C', 'WSH', 123, 465, 119, 30, 49, 0.308, 0.409, 0.25591397849462366, datetime.datetime(2023, 9, 15, 7, 14, 5, 79587, tzinfo=Timezone('UTC'))], ['Ildemaro Vargas', '3B', 'WSH', 76, 228, 58, 16, 15, 0.305, 0.364, 0.2543859649122807, datetime.datetime(2023, 9, 15, 7, 14, 5, 79587, tzinfo=Timezone('UTC'))], ['Luis Garcia', '2B', 'WSH', 107, 398, 100, 22, 54, 0.286, 0.349, 0.25125628140703515, datetime.datetime(2023, 9, 15, 7, 14, 5, 79587, tzinfo=Timezone('UTC'))], ['CJ Abrams', 'SS', 'WSH', 136, 499, 124, 27, 106, 0.303, 0.421, 0.24849699398797595, datetime.datetime(2023, 9, 15, 7, 14, 5, 79587, tzinfo=Timezone('UTC'))], ['Alex Call', 'CF', 'WSH', 122, 365, 71, 50, 76, 0.3, 0.293, 0.19452054794520549, datetime.datetime(2023, 9, 15, 7, 14, 5, 79587, tzinfo=Timezone('UTC'))]]
[2023-09-15T07:14:06.911+0000] {logging_mixin.py:151} INFO -                 0   1    2   ...     9         10                               11
0     Joey Meneses  DH  WSH  ...  0.402  0.278182 2023-09-15 07:14:05.079587+00:00
1      Lane Thomas  RF  WSH  ...  0.472  0.275311 2023-09-15 07:14:05.079587+00:00
2    Stone Garrett  LF  WSH  ...  0.457  0.269231 2023-09-15 07:14:05.079587+00:00
3    Dominic Smith  1B  WSH  ...  0.364  0.262940 2023-09-15 07:14:05.079587+00:00
4     Keibert Ruiz   C  WSH  ...  0.409  0.255914 2023-09-15 07:14:05.079587+00:00
5  Ildemaro Vargas  3B  WSH  ...  0.364  0.254386 2023-09-15 07:14:05.079587+00:00
6      Luis Garcia  2B  WSH  ...  0.349  0.251256 2023-09-15 07:14:05.079587+00:00
7        CJ Abrams  SS  WSH  ...  0.421  0.248497 2023-09-15 07:14:05.079587+00:00
8        Alex Call  CF  WSH  ...  0.293  0.194521 2023-09-15 07:14:05.079587+00:00

[9 rows x 12 columns]
[2023-09-15T07:14:06.913+0000] {python.py:194} INFO - Done. Returned value was: None
[2023-09-15T07:14:06.919+0000] {taskinstance.py:1400} INFO - Marking task as SUCCESS. dag_id=mlb_parser, task_id=output_avg_df, execution_date=20230915T071345, start_date=20230915T071406, end_date=20230915T071406
[2023-09-15T07:14:06.965+0000] {local_task_job_runner.py:228} INFO - Task exited with return code 0
[2023-09-15T07:14:06.979+0000] {taskinstance.py:2784} INFO - 0 downstream tasks scheduled from follow-on schedule check
