[2023-09-13T09:22:11.690+0000] {taskinstance.py:1159} INFO - Dependencies all met for dep_context=non-requeueable deps ti=<TaskInstance: mlb_parser.output_hr_df manual__2023-09-13T09:21:51.123652+00:00 [queued]>
[2023-09-13T09:22:11.699+0000] {taskinstance.py:1159} INFO - Dependencies all met for dep_context=requeueable deps ti=<TaskInstance: mlb_parser.output_hr_df manual__2023-09-13T09:21:51.123652+00:00 [queued]>
[2023-09-13T09:22:11.700+0000] {taskinstance.py:1361} INFO - Starting attempt 1 of 2
[2023-09-13T09:22:11.711+0000] {taskinstance.py:1382} INFO - Executing <Task(PythonOperator): output_hr_df> on 2023-09-13 09:21:51.123652+00:00
[2023-09-13T09:22:11.716+0000] {standard_task_runner.py:57} INFO - Started process 44972 to run task
[2023-09-13T09:22:11.721+0000] {standard_task_runner.py:84} INFO - Running: ['***', 'tasks', 'run', 'mlb_parser', 'output_hr_df', 'manual__2023-09-13T09:21:51.123652+00:00', '--job-id', '579', '--raw', '--subdir', 'DAGS_FOLDER/mlb_parser.py', '--cfg-path', '/tmp/tmpduclkl6b']
[2023-09-13T09:22:11.724+0000] {standard_task_runner.py:85} INFO - Job 579: Subtask output_hr_df
[2023-09-13T09:22:11.777+0000] {task_command.py:415} INFO - Running <TaskInstance: mlb_parser.output_hr_df manual__2023-09-13T09:21:51.123652+00:00 [running]> on host 2e8147b3a465
[2023-09-13T09:22:11.833+0000] {taskinstance.py:1660} INFO - Exporting env vars: AIRFLOW_CTX_DAG_OWNER='andy_hsu' AIRFLOW_CTX_DAG_ID='mlb_parser' AIRFLOW_CTX_TASK_ID='output_hr_df' AIRFLOW_CTX_EXECUTION_DATE='2023-09-13T09:21:51.123652+00:00' AIRFLOW_CTX_TRY_NUMBER='1' AIRFLOW_CTX_DAG_RUN_ID='manual__2023-09-13T09:21:51.123652+00:00'
[2023-09-13T09:22:11.855+0000] {logging_mixin.py:151} INFO -                   0   1
0        Matt Olson  51
1       Pete Alonso  44
2    Kyle Schwarber  43
3      Ronald Acuna  37
4       Jorge Soler  35
5      Austin Riley  34
6     Marcell Ozuna  34
7      Ozzie Albies  29
8  Francisco Lindor  26
9       Trea Turner  26
[2023-09-13T09:22:11.856+0000] {python.py:194} INFO - Done. Returned value was: None
[2023-09-13T09:22:11.862+0000] {taskinstance.py:1400} INFO - Marking task as SUCCESS. dag_id=mlb_parser, task_id=output_hr_df, execution_date=20230913T092151, start_date=20230913T092211, end_date=20230913T092211
[2023-09-13T09:22:11.895+0000] {local_task_job_runner.py:228} INFO - Task exited with return code 0
[2023-09-13T09:22:11.917+0000] {taskinstance.py:2784} INFO - 0 downstream tasks scheduled from follow-on schedule check
