[2023-10-12T07:15:00.191+0000] {taskinstance.py:1159} INFO - Dependencies all met for dep_context=non-requeueable deps ti=<TaskInstance: dag_with_postgres_operator_v02.create_postgre_table scheduled__2023-10-10T00:00:00+00:00 [queued]>
[2023-10-12T07:15:00.266+0000] {taskinstance.py:1159} INFO - Dependencies all met for dep_context=requeueable deps ti=<TaskInstance: dag_with_postgres_operator_v02.create_postgre_table scheduled__2023-10-10T00:00:00+00:00 [queued]>
[2023-10-12T07:15:00.271+0000] {taskinstance.py:1361} INFO - Starting attempt 1 of 6
[2023-10-12T07:15:00.312+0000] {taskinstance.py:1382} INFO - Executing <Task(PostgresOperator): create_postgre_table> on 2023-10-10 00:00:00+00:00
[2023-10-12T07:15:00.326+0000] {standard_task_runner.py:57} INFO - Started process 271 to run task
[2023-10-12T07:15:00.357+0000] {standard_task_runner.py:84} INFO - Running: ['***', 'tasks', 'run', 'dag_with_postgres_operator_v02', 'create_postgre_table', 'scheduled__2023-10-10T00:00:00+00:00', '--job-id', '1795', '--raw', '--subdir', 'DAGS_FOLDER/dag_with_postgre_operator.py', '--cfg-path', '/tmp/tmp6msnn3yo']
[2023-10-12T07:15:00.381+0000] {standard_task_runner.py:85} INFO - Job 1795: Subtask create_postgre_table
[2023-10-12T07:15:00.488+0000] {task_command.py:415} INFO - Running <TaskInstance: dag_with_postgres_operator_v02.create_postgre_table scheduled__2023-10-10T00:00:00+00:00 [running]> on host d98c068596b4
[2023-10-12T07:15:00.674+0000] {taskinstance.py:1660} INFO - Exporting env vars: AIRFLOW_CTX_DAG_OWNER='andy_hsu' AIRFLOW_CTX_DAG_ID='dag_with_postgres_operator_v02' AIRFLOW_CTX_TASK_ID='create_postgre_table' AIRFLOW_CTX_EXECUTION_DATE='2023-10-10T00:00:00+00:00' AIRFLOW_CTX_TRY_NUMBER='1' AIRFLOW_CTX_DAG_RUN_ID='scheduled__2023-10-10T00:00:00+00:00'
[2023-10-12T07:15:00.683+0000] {sql.py:274} INFO - Executing: 
            create table if not exists dag_runs (
                dt date,
                dag_id character varying,
                primary key (dt, dag_id)
            )
            
[2023-10-12T07:15:00.707+0000] {base.py:73} INFO - Using connection ID 'postgres_localhost' for task execution.
[2023-10-12T07:15:00.726+0000] {base.py:73} INFO - Using connection ID 'postgres_localhost' for task execution.
[2023-10-12T07:15:00.757+0000] {sql.py:418} INFO - Running statement: 
            create table if not exists dag_runs (
                dt date,
                dag_id character varying,
                primary key (dt, dag_id)
            )
            , parameters: None
[2023-10-12T07:15:00.781+0000] {taskinstance.py:1400} INFO - Marking task as SUCCESS. dag_id=dag_with_postgres_operator_v02, task_id=create_postgre_table, execution_date=20231010T000000, start_date=20231012T071500, end_date=20231012T071500
[2023-10-12T07:15:00.854+0000] {local_task_job_runner.py:228} INFO - Task exited with return code 0
[2023-10-12T07:15:00.896+0000] {taskinstance.py:2784} INFO - 1 downstream tasks scheduled from follow-on schedule check
