[2023-09-15T02:00:14.024+0000] {taskinstance.py:1159} INFO - Dependencies all met for dep_context=non-requeueable deps ti=<TaskInstance: mlb_parser.output_avg_df scheduled__2023-09-14T04:00:00+00:00 [queued]>
[2023-09-15T02:00:14.031+0000] {taskinstance.py:1159} INFO - Dependencies all met for dep_context=requeueable deps ti=<TaskInstance: mlb_parser.output_avg_df scheduled__2023-09-14T04:00:00+00:00 [queued]>
[2023-09-15T02:00:14.032+0000] {taskinstance.py:1361} INFO - Starting attempt 1 of 2
[2023-09-15T02:00:14.041+0000] {taskinstance.py:1382} INFO - Executing <Task(PythonOperator): output_avg_df> on 2023-09-14 04:00:00+00:00
[2023-09-15T02:00:14.047+0000] {standard_task_runner.py:57} INFO - Started process 422 to run task
[2023-09-15T02:00:14.050+0000] {standard_task_runner.py:84} INFO - Running: ['***', 'tasks', 'run', 'mlb_parser', 'output_avg_df', 'scheduled__2023-09-14T04:00:00+00:00', '--job-id', '635', '--raw', '--subdir', 'DAGS_FOLDER/mlb_parser.py', '--cfg-path', '/tmp/tmphx6mme_9']
[2023-09-15T02:00:14.053+0000] {standard_task_runner.py:85} INFO - Job 635: Subtask output_avg_df
[2023-09-15T02:00:14.089+0000] {task_command.py:415} INFO - Running <TaskInstance: mlb_parser.output_avg_df scheduled__2023-09-14T04:00:00+00:00 [running]> on host 2e8147b3a465
[2023-09-15T02:00:14.141+0000] {taskinstance.py:1660} INFO - Exporting env vars: AIRFLOW_CTX_DAG_OWNER='andy_hsu' AIRFLOW_CTX_DAG_ID='mlb_parser' AIRFLOW_CTX_TASK_ID='output_avg_df' AIRFLOW_CTX_EXECUTION_DATE='2023-09-14T04:00:00+00:00' AIRFLOW_CTX_TRY_NUMBER='1' AIRFLOW_CTX_DAG_RUN_ID='scheduled__2023-09-14T04:00:00+00:00'
[2023-09-15T02:00:14.171+0000] {logging_mixin.py:151} INFO -                 0    1    2         3
0     Luis Arraez  191  548  0.348540
1    Ronald Acuna  199  594  0.335017
2    Bryce Harper  122  414  0.294686
3  Michael Harris  129  443  0.291196
4    Bryson Stott  154  536  0.287313
5   Brandon Marsh  105  370  0.283784
6      Matt Olson  154  552  0.278986
7    Joey Meneses  153  550  0.278182
8       Alec Bohm  139  500  0.278000
9       Jon Berti   97  349  0.277937
[2023-09-15T02:00:14.173+0000] {python.py:194} INFO - Done. Returned value was: None
[2023-09-15T02:00:14.180+0000] {taskinstance.py:1400} INFO - Marking task as SUCCESS. dag_id=mlb_parser, task_id=output_avg_df, execution_date=20230914T040000, start_date=20230915T020014, end_date=20230915T020014
[2023-09-15T02:00:14.222+0000] {local_task_job_runner.py:228} INFO - Task exited with return code 0
[2023-09-15T02:00:14.233+0000] {taskinstance.py:2784} INFO - 0 downstream tasks scheduled from follow-on schedule check
