[2023-09-04T08:38:33.856+0000] {taskinstance.py:1159} INFO - Dependencies all met for dep_context=non-requeueable deps ti=<TaskInstance: FIBA_dag.parse_data manual__2023-09-04T08:38:26.759059+00:00 [queued]>
[2023-09-04T08:38:33.862+0000] {taskinstance.py:1159} INFO - Dependencies all met for dep_context=requeueable deps ti=<TaskInstance: FIBA_dag.parse_data manual__2023-09-04T08:38:26.759059+00:00 [queued]>
[2023-09-04T08:38:33.863+0000] {taskinstance.py:1361} INFO - Starting attempt 1 of 6
[2023-09-04T08:38:33.872+0000] {taskinstance.py:1382} INFO - Executing <Task(PythonOperator): parse_data> on 2023-09-04 08:38:26.759059+00:00
[2023-09-04T08:38:33.877+0000] {standard_task_runner.py:57} INFO - Started process 5137 to run task
[2023-09-04T08:38:33.881+0000] {standard_task_runner.py:84} INFO - Running: ['***', 'tasks', 'run', 'FIBA_dag', 'parse_data', 'manual__2023-09-04T08:38:26.759059+00:00', '--job-id', '114', '--raw', '--subdir', 'DAGS_FOLDER/FIBA.py', '--cfg-path', '/tmp/tmpdr1cdpb0']
[2023-09-04T08:38:33.884+0000] {standard_task_runner.py:85} INFO - Job 114: Subtask parse_data
[2023-09-04T08:38:33.917+0000] {task_command.py:415} INFO - Running <TaskInstance: FIBA_dag.parse_data manual__2023-09-04T08:38:26.759059+00:00 [running]> on host ad6c67079ac6
[2023-09-04T08:38:33.962+0000] {taskinstance.py:1660} INFO - Exporting env vars: AIRFLOW_CTX_DAG_OWNER='andy_hsu' AIRFLOW_CTX_DAG_ID='FIBA_dag' AIRFLOW_CTX_TASK_ID='parse_data' AIRFLOW_CTX_EXECUTION_DATE='2023-09-04T08:38:26.759059+00:00' AIRFLOW_CTX_TRY_NUMBER='1' AIRFLOW_CTX_DAG_RUN_ID='manual__2023-09-04T08:38:26.759059+00:00'
[2023-09-04T08:38:34.184+0000] {logging_mixin.py:151} INFO - left_part: 
Australia
AUS
[2023-09-04T08:38:34.186+0000] {logging_mixin.py:151} INFO - right_part: 
Georgia
GEO
[2023-09-04T08:38:34.186+0000] {logging_mixin.py:151} INFO - left_point: <span>
                                        100
                                    </span>
[2023-09-04T08:38:34.187+0000] {logging_mixin.py:151} INFO - right_point: <span>
                                        84
                                    </span>
[2023-09-04T08:38:34.188+0000] {logging_mixin.py:151} INFO - left_part: 
Italy
ITA
[2023-09-04T08:38:34.189+0000] {logging_mixin.py:151} INFO - right_part: 
Puerto Rico
PUR
[2023-09-04T08:38:34.190+0000] {logging_mixin.py:151} INFO - left_point: <span>
                                        73
                                    </span>
[2023-09-04T08:38:34.191+0000] {logging_mixin.py:151} INFO - right_point: <span>
                                        57
                                    </span>
[2023-09-04T08:38:34.192+0000] {logging_mixin.py:151} INFO - left_part: 
Greece
GRE
[2023-09-04T08:38:34.192+0000] {logging_mixin.py:151} INFO - right_part: 
Montenegro
MNE
[2023-09-04T08:38:34.193+0000] {logging_mixin.py:151} INFO - left_point: <span>
                                        69
                                    </span>
[2023-09-04T08:38:34.194+0000] {logging_mixin.py:151} INFO - right_point: <span>
                                        73
                                    </span>
[2023-09-04T08:38:34.195+0000] {logging_mixin.py:151} INFO - left_part: 
Brazil
BRA
[2023-09-04T08:38:34.195+0000] {logging_mixin.py:151} INFO - right_part: 
Latvia
LAT
[2023-09-04T08:38:34.196+0000] {logging_mixin.py:151} INFO - left_point: <span>
                                        84
                                    </span>
[2023-09-04T08:38:34.197+0000] {logging_mixin.py:151} INFO - right_point: <span>
                                        104
                                    </span>
[2023-09-04T08:38:34.198+0000] {logging_mixin.py:151} INFO - left_part: 
Germany
GER
[2023-09-04T08:38:34.198+0000] {logging_mixin.py:151} INFO - right_part: 
Slovenia
SLO
[2023-09-04T08:38:34.199+0000] {logging_mixin.py:151} INFO - left_point: <span>
                                        100
                                    </span>
[2023-09-04T08:38:34.200+0000] {logging_mixin.py:151} INFO - right_point: <span>
                                        71
                                    </span>
[2023-09-04T08:38:34.201+0000] {logging_mixin.py:151} INFO - left_part: 
Dominican Republic
DOM
[2023-09-04T08:38:34.201+0000] {logging_mixin.py:151} INFO - right_part: 
Serbia
SRB
[2023-09-04T08:38:34.202+0000] {logging_mixin.py:151} INFO - left_point: <span>
                                        79
                                    </span>
[2023-09-04T08:38:34.203+0000] {logging_mixin.py:151} INFO - right_point: <span>
                                        112
                                    </span>
[2023-09-04T08:38:34.204+0000] {logging_mixin.py:151} INFO - left_part: 
USA
USA
[2023-09-04T08:38:34.204+0000] {logging_mixin.py:151} INFO - right_part: 
Lithuania
LTU
[2023-09-04T08:38:34.205+0000] {logging_mixin.py:151} INFO - left_point: <span>
                                        104
                                    </span>
[2023-09-04T08:38:34.206+0000] {logging_mixin.py:151} INFO - right_point: <span>
                                        110
                                    </span>
[2023-09-04T08:38:34.207+0000] {logging_mixin.py:151} INFO - left_part: 
Spain
ESP
[2023-09-04T08:38:34.208+0000] {logging_mixin.py:151} INFO - right_part: 
Canada
CAN
[2023-09-04T08:38:34.208+0000] {logging_mixin.py:151} INFO - left_point: <span>
                                        85
                                    </span>
[2023-09-04T08:38:34.209+0000] {logging_mixin.py:151} INFO - right_point: <span>
                                        88
                                    </span>
[2023-09-04T08:38:34.210+0000] {python.py:194} INFO - Done. Returned value was: None
[2023-09-04T08:38:34.231+0000] {taskinstance.py:1400} INFO - Marking task as SUCCESS. dag_id=FIBA_dag, task_id=parse_data, execution_date=20230904T083826, start_date=20230904T083833, end_date=20230904T083834
[2023-09-04T08:38:34.260+0000] {local_task_job_runner.py:228} INFO - Task exited with return code 0
[2023-09-04T08:38:34.277+0000] {taskinstance.py:2784} INFO - 0 downstream tasks scheduled from follow-on schedule check
