[2023-09-19T16:01:24.873+0000] {taskinstance.py:1159} INFO - Dependencies all met for dep_context=non-requeueable deps ti=<TaskInstance: mlb_parser.data_clean manual__2023-09-19T16:01:13.787889+00:00 [queued]>
[2023-09-19T16:01:24.935+0000] {taskinstance.py:1159} INFO - Dependencies all met for dep_context=requeueable deps ti=<TaskInstance: mlb_parser.data_clean manual__2023-09-19T16:01:13.787889+00:00 [queued]>
[2023-09-19T16:01:24.936+0000] {taskinstance.py:1361} INFO - Starting attempt 1 of 2
[2023-09-19T16:01:24.944+0000] {taskinstance.py:1382} INFO - Executing <Task(PythonOperator): data_clean> on 2023-09-19 16:01:13.787889+00:00
[2023-09-19T16:01:24.948+0000] {standard_task_runner.py:57} INFO - Started process 3365 to run task
[2023-09-19T16:01:24.950+0000] {standard_task_runner.py:84} INFO - Running: ['***', 'tasks', 'run', 'mlb_parser', 'data_clean', 'manual__2023-09-19T16:01:13.787889+00:00', '--job-id', '1286', '--raw', '--subdir', 'DAGS_FOLDER/mlb_parser_hit.py', '--cfg-path', '/tmp/tmptp4sq5q0']
[2023-09-19T16:01:24.953+0000] {standard_task_runner.py:85} INFO - Job 1286: Subtask data_clean
[2023-09-19T16:01:24.983+0000] {task_command.py:415} INFO - Running <TaskInstance: mlb_parser.data_clean manual__2023-09-19T16:01:13.787889+00:00 [running]> on host d98c068596b4
[2023-09-19T16:01:25.028+0000] {taskinstance.py:1660} INFO - Exporting env vars: AIRFLOW_CTX_DAG_OWNER='andy_hsu' AIRFLOW_CTX_DAG_ID='mlb_parser' AIRFLOW_CTX_TASK_ID='data_clean' AIRFLOW_CTX_EXECUTION_DATE='2023-09-19T16:01:13.787889+00:00' AIRFLOW_CTX_TRY_NUMBER='1' AIRFLOW_CTX_DAG_RUN_ID='manual__2023-09-19T16:01:13.787889+00:00'
[2023-09-19T16:01:25.038+0000] {logging_mixin.py:151} INFO - ['nationals', 'braves', 'mets', 'marlins', 'phillies', 'brewers', 'cubs', 'reds', 'pirates', 'cardinals', 'dodgers', 'giants', 'padres', 'rockies', 'dbacks', 'astros', 'angels', 'rangers', 'athletics', 'mariners', 'twins', 'guardians', 'tigers', 'whitesox', 'royals', 'orioles', 'rays', 'bluejays', 'redsox', 'yankees']
[2023-09-19T16:01:25.039+0000] {logging_mixin.py:151} INFO - https://www.mlb.com/nationals/stats/
[2023-09-19T16:01:27.448+0000] {logging_mixin.py:151} INFO - https://www.mlb.com/braves/stats/
[2023-09-19T16:01:29.350+0000] {logging_mixin.py:151} INFO - https://www.mlb.com/mets/stats/
[2023-09-19T16:01:31.178+0000] {logging_mixin.py:151} INFO - https://www.mlb.com/marlins/stats/
[2023-09-19T16:01:32.707+0000] {logging_mixin.py:151} INFO - https://www.mlb.com/phillies/stats/
[2023-09-19T16:01:33.834+0000] {logging_mixin.py:151} INFO - https://www.mlb.com/brewers/stats/
[2023-09-19T16:01:35.460+0000] {logging_mixin.py:151} INFO - https://www.mlb.com/cubs/stats/
[2023-09-19T16:01:36.957+0000] {logging_mixin.py:151} INFO - https://www.mlb.com/reds/stats/
[2023-09-19T16:01:38.443+0000] {logging_mixin.py:151} INFO - https://www.mlb.com/pirates/stats/
[2023-09-19T16:01:40.993+0000] {logging_mixin.py:151} INFO - https://www.mlb.com/cardinals/stats/
[2023-09-19T16:01:42.049+0000] {logging_mixin.py:151} INFO - https://www.mlb.com/dodgers/stats/
[2023-09-19T16:01:44.163+0000] {logging_mixin.py:151} INFO - https://www.mlb.com/giants/stats/
[2023-09-19T16:01:45.385+0000] {logging_mixin.py:151} INFO - https://www.mlb.com/padres/stats/
[2023-09-19T16:01:46.913+0000] {logging_mixin.py:151} INFO - https://www.mlb.com/rockies/stats/
[2023-09-19T16:01:48.298+0000] {logging_mixin.py:151} INFO - https://www.mlb.com/dbacks/stats/
[2023-09-19T16:01:51.453+0000] {logging_mixin.py:151} INFO - https://www.mlb.com/astros/stats/
[2023-09-19T16:01:52.923+0000] {logging_mixin.py:151} INFO - https://www.mlb.com/angels/stats/
[2023-09-19T16:01:55.506+0000] {logging_mixin.py:151} INFO - https://www.mlb.com/rangers/stats/
[2023-09-19T16:01:56.904+0000] {logging_mixin.py:151} INFO - https://www.mlb.com/athletics/stats/
[2023-09-19T16:01:57.949+0000] {logging_mixin.py:151} INFO - https://www.mlb.com/mariners/stats/
[2023-09-19T16:01:59.366+0000] {logging_mixin.py:151} INFO - https://www.mlb.com/twins/stats/
[2023-09-19T16:02:01.537+0000] {logging_mixin.py:151} INFO - https://www.mlb.com/guardians/stats/
[2023-09-19T16:02:03.391+0000] {logging_mixin.py:151} INFO - https://www.mlb.com/tigers/stats/
[2023-09-19T16:02:04.750+0000] {logging_mixin.py:151} INFO - https://www.mlb.com/whitesox/stats/
[2023-09-19T16:02:05.755+0000] {logging_mixin.py:151} INFO - https://www.mlb.com/royals/stats/
[2023-09-19T16:02:07.923+0000] {logging_mixin.py:151} INFO - https://www.mlb.com/orioles/stats/
[2023-09-19T16:02:09.270+0000] {logging_mixin.py:151} INFO - https://www.mlb.com/rays/stats/
[2023-09-19T16:02:11.629+0000] {logging_mixin.py:151} INFO - https://www.mlb.com/bluejays/stats/
[2023-09-19T16:02:12.951+0000] {logging_mixin.py:151} INFO - https://www.mlb.com/redsox/stats/
[2023-09-19T16:02:14.360+0000] {logging_mixin.py:151} INFO - https://www.mlb.com/yankees/stats/
[2023-09-19T16:02:15.624+0000] {python.py:194} INFO - Done. Returned value was: None
[2023-09-19T16:02:15.631+0000] {taskinstance.py:1400} INFO - Marking task as SUCCESS. dag_id=mlb_parser, task_id=data_clean, execution_date=20230919T160113, start_date=20230919T160124, end_date=20230919T160215
[2023-09-19T16:02:15.659+0000] {local_task_job_runner.py:228} INFO - Task exited with return code 0
[2023-09-19T16:02:15.673+0000] {taskinstance.py:2784} INFO - 2 downstream tasks scheduled from follow-on schedule check
