[2023-09-19T16:52:48.489+0000] {taskinstance.py:1159} INFO - Dependencies all met for dep_context=non-requeueable deps ti=<TaskInstance: mlb_parser_ranking.create_postgre_table_ranking scheduled__2023-09-13T03:55:00+00:00 [queued]>
[2023-09-19T16:52:48.523+0000] {taskinstance.py:1159} INFO - Dependencies all met for dep_context=requeueable deps ti=<TaskInstance: mlb_parser_ranking.create_postgre_table_ranking scheduled__2023-09-13T03:55:00+00:00 [queued]>
[2023-09-19T16:52:48.525+0000] {taskinstance.py:1361} INFO - Starting attempt 1 of 2
[2023-09-19T16:52:49.667+0000] {taskinstance.py:1382} INFO - Executing <Task(PostgresOperator): create_postgre_table_ranking> on 2023-09-13 03:55:00+00:00
[2023-09-19T16:52:49.699+0000] {standard_task_runner.py:57} INFO - Started process 7752 to run task
[2023-09-19T16:52:49.707+0000] {standard_task_runner.py:84} INFO - Running: ['***', 'tasks', 'run', 'mlb_parser_ranking', 'create_postgre_table_ranking', 'scheduled__2023-09-13T03:55:00+00:00', '--job-id', '1296', '--raw', '--subdir', 'DAGS_FOLDER/mlb_parser_ranking.py', '--cfg-path', '/tmp/tmpu3v6c2x9']
[2023-09-19T16:52:49.726+0000] {standard_task_runner.py:85} INFO - Job 1296: Subtask create_postgre_table_ranking
[2023-09-19T16:52:49.828+0000] {task_command.py:415} INFO - Running <TaskInstance: mlb_parser_ranking.create_postgre_table_ranking scheduled__2023-09-13T03:55:00+00:00 [running]> on host d98c068596b4
[2023-09-19T16:52:50.069+0000] {taskinstance.py:1660} INFO - Exporting env vars: AIRFLOW_CTX_DAG_OWNER='andy_hsu' AIRFLOW_CTX_DAG_ID='mlb_parser_ranking' AIRFLOW_CTX_TASK_ID='create_postgre_table_ranking' AIRFLOW_CTX_EXECUTION_DATE='2023-09-13T03:55:00+00:00' AIRFLOW_CTX_TRY_NUMBER='1' AIRFLOW_CTX_DAG_RUN_ID='scheduled__2023-09-13T03:55:00+00:00'
[2023-09-19T16:52:50.071+0000] {sql.py:274} INFO - Executing: 
            create table if not exists mlb_team_grade_2023 (
                team varchar(40),
                w int,
                l int,
                total_g int,
                team_abb varchar(40),
                primary key(team)
            )
            
[2023-09-19T16:52:50.089+0000] {base.py:73} INFO - Using connection ID 'postgres_mlb_parser_DB' for task execution.
[2023-09-19T16:52:50.140+0000] {base.py:73} INFO - Using connection ID 'postgres_mlb_parser_DB' for task execution.
[2023-09-19T16:52:50.154+0000] {sql.py:418} INFO - Running statement: 
            create table if not exists mlb_team_grade_2023 (
                team varchar(40),
                w int,
                l int,
                total_g int,
                team_abb varchar(40),
                primary key(team)
            )
            , parameters: None
[2023-09-19T16:52:50.181+0000] {taskinstance.py:1400} INFO - Marking task as SUCCESS. dag_id=mlb_parser_ranking, task_id=create_postgre_table_ranking, execution_date=20230913T035500, start_date=20230919T165248, end_date=20230919T165250
[2023-09-19T16:52:50.230+0000] {local_task_job_runner.py:228} INFO - Task exited with return code 0
[2023-09-19T16:52:50.258+0000] {taskinstance.py:2784} INFO - 1 downstream tasks scheduled from follow-on schedule check
