[2023-09-26T03:55:02.582+0000] {taskinstance.py:1159} INFO - Dependencies all met for dep_context=non-requeueable deps ti=<TaskInstance: mlb_parser_ranking.get_rank scheduled__2023-09-25T03:55:00+00:00 [queued]>
[2023-09-26T03:55:02.588+0000] {taskinstance.py:1159} INFO - Dependencies all met for dep_context=requeueable deps ti=<TaskInstance: mlb_parser_ranking.get_rank scheduled__2023-09-25T03:55:00+00:00 [queued]>
[2023-09-26T03:55:02.589+0000] {taskinstance.py:1361} INFO - Starting attempt 1 of 2
[2023-09-26T03:55:02.596+0000] {taskinstance.py:1382} INFO - Executing <Task(PythonOperator): get_rank> on 2023-09-25 03:55:00+00:00
[2023-09-26T03:55:02.600+0000] {standard_task_runner.py:57} INFO - Started process 11266 to run task
[2023-09-26T03:55:02.603+0000] {standard_task_runner.py:84} INFO - Running: ['***', 'tasks', 'run', 'mlb_parser_ranking', 'get_rank', 'scheduled__2023-09-25T03:55:00+00:00', '--job-id', '1540', '--raw', '--subdir', 'DAGS_FOLDER/mlb_parser_ranking.py', '--cfg-path', '/tmp/tmp4se5l6op']
[2023-09-26T03:55:02.605+0000] {standard_task_runner.py:85} INFO - Job 1540: Subtask get_rank
[2023-09-26T03:55:02.635+0000] {task_command.py:415} INFO - Running <TaskInstance: mlb_parser_ranking.get_rank scheduled__2023-09-25T03:55:00+00:00 [running]> on host d98c068596b4
[2023-09-26T03:55:02.680+0000] {taskinstance.py:1660} INFO - Exporting env vars: AIRFLOW_CTX_DAG_OWNER='andy_hsu' AIRFLOW_CTX_DAG_ID='mlb_parser_ranking' AIRFLOW_CTX_TASK_ID='get_rank' AIRFLOW_CTX_EXECUTION_DATE='2023-09-25T03:55:00+00:00' AIRFLOW_CTX_TRY_NUMBER='1' AIRFLOW_CTX_DAG_RUN_ID='scheduled__2023-09-25T03:55:00+00:00'
[2023-09-26T03:55:03.227+0000] {logging_mixin.py:151} INFO - {'div_name': 'American League East', 'teams': [{'name': 'Baltimore Orioles', 'div_rank': '1', 'w': 97, 'l': 59, 'gb': '-', 'wc_rank': '-', 'wc_gb': '-', 'wc_elim_num': '-', 'elim_num': '-', 'team_id': 110}, {'name': 'Tampa Bay Rays', 'div_rank': '2', 'w': 95, 'l': 62, 'gb': '2.5', 'wc_rank': '1', 'wc_gb': '+9.5', 'wc_elim_num': '-', 'elim_num': '4', 'team_id': 139}, {'name': 'Toronto Blue Jays', 'div_rank': '3', 'w': 87, 'l': 69, 'gb': '10.0', 'wc_rank': '2', 'wc_gb': '+2.0', 'wc_elim_num': '-', 'elim_num': 'E', 'team_id': 141}, {'name': 'New York Yankees', 'div_rank': '4', 'w': 79, 'l': 77, 'gb': '18.0', 'wc_rank': '5', 'wc_gb': '6.0', 'wc_elim_num': '1', 'elim_num': 'E', 'team_id': 147}, {'name': 'Boston Red Sox', 'div_rank': '5', 'w': 76, 'l': 80, 'gb': '21.0', 'wc_rank': '6', 'wc_gb': '9.0', 'wc_elim_num': 'E', 'elim_num': 'E', 'team_id': 111}]}
[2023-09-26T03:55:03.231+0000] {logging_mixin.py:151} INFO - {'div_name': 'American League Central', 'teams': [{'name': 'Minnesota Twins', 'div_rank': '1', 'w': 83, 'l': 73, 'gb': '-', 'wc_rank': '-', 'wc_gb': '-', 'wc_elim_num': '-', 'elim_num': '-', 'team_id': 142}, {'name': 'Cleveland Guardians', 'div_rank': '2', 'w': 74, 'l': 83, 'gb': '9.5', 'wc_rank': '7', 'wc_gb': '11.5', 'wc_elim_num': 'E', 'elim_num': 'E', 'team_id': 114}, {'name': 'Detroit Tigers', 'div_rank': '3', 'w': 73, 'l': 83, 'gb': '10.0', 'wc_rank': '8', 'wc_gb': '12.0', 'wc_elim_num': 'E', 'elim_num': 'E', 'team_id': 116}, {'name': 'Chicago White Sox', 'div_rank': '4', 'w': 60, 'l': 96, 'gb': '23.0', 'wc_rank': '10', 'wc_gb': '25.0', 'wc_elim_num': 'E', 'elim_num': 'E', 'team_id': 145}, {'name': 'Kansas City Royals', 'div_rank': '5', 'w': 54, 'l': 102, 'gb': '29.0', 'wc_rank': '11', 'wc_gb': '31.0', 'wc_elim_num': 'E', 'elim_num': 'E', 'team_id': 118}]}
[2023-09-26T03:55:03.233+0000] {logging_mixin.py:151} INFO - {'div_name': 'American League West', 'teams': [{'name': 'Texas Rangers', 'div_rank': '1', 'w': 87, 'l': 68, 'gb': '-', 'wc_rank': '-', 'wc_gb': '-', 'wc_elim_num': '-', 'elim_num': '-', 'team_id': 140}, {'name': 'Houston Astros', 'div_rank': '2', 'w': 85, 'l': 71, 'gb': '2.5', 'wc_rank': '3', 'wc_gb': '-', 'wc_elim_num': '-', 'elim_num': '5', 'team_id': 117}, {'name': 'Seattle Mariners', 'div_rank': '3', 'w': 84, 'l': 71, 'gb': '3.0', 'wc_rank': '4', 'wc_gb': '0.5', 'wc_elim_num': '7', 'elim_num': '5', 'team_id': 136}, {'name': 'Los Angeles Angels', 'div_rank': '4', 'w': 70, 'l': 86, 'gb': '17.5', 'wc_rank': '9', 'wc_gb': '15.0', 'wc_elim_num': 'E', 'elim_num': 'E', 'team_id': 108}, {'name': 'Oakland Athletics', 'div_rank': '5', 'w': 48, 'l': 108, 'gb': '39.5', 'wc_rank': '12', 'wc_gb': '37.0', 'wc_elim_num': 'E', 'elim_num': 'E', 'team_id': 133}]}
[2023-09-26T03:55:03.237+0000] {logging_mixin.py:151} INFO - {'div_name': 'National League East', 'teams': [{'name': 'Atlanta Braves', 'div_rank': '1', 'w': 100, 'l': 56, 'gb': '-', 'wc_rank': '-', 'wc_gb': '-', 'wc_elim_num': '-', 'elim_num': '-', 'team_id': 144}, {'name': 'Philadelphia Phillies', 'div_rank': '2', 'w': 87, 'l': 69, 'gb': '13.0', 'wc_rank': '1', 'wc_gb': '+5.0', 'wc_elim_num': '-', 'elim_num': 'E', 'team_id': 143}, {'name': 'Miami Marlins', 'div_rank': '3', 'w': 81, 'l': 75, 'gb': '19.0', 'wc_rank': '4', 'wc_gb': '1.0', 'wc_elim_num': '6', 'elim_num': 'E', 'team_id': 146}, {'name': 'New York Mets', 'div_rank': '4', 'w': 71, 'l': 85, 'gb': '29.0', 'wc_rank': '9', 'wc_gb': '11.0', 'wc_elim_num': 'E', 'elim_num': 'E', 'team_id': 121}, {'name': 'Washington Nationals', 'div_rank': '5', 'w': 69, 'l': 88, 'gb': '31.5', 'wc_rank': '10', 'wc_gb': '13.5', 'wc_elim_num': 'E', 'elim_num': 'E', 'team_id': 120}]}
[2023-09-26T03:55:03.238+0000] {logging_mixin.py:151} INFO - {'div_name': 'National League Central', 'teams': [{'name': 'Milwaukee Brewers', 'div_rank': '1', 'w': 88, 'l': 68, 'gb': '-', 'wc_rank': '-', 'wc_gb': '-', 'wc_elim_num': '-', 'elim_num': '-', 'team_id': 158}, {'name': 'Chicago Cubs', 'div_rank': '2', 'w': 82, 'l': 74, 'gb': '6.0', 'wc_rank': '3', 'wc_gb': '-', 'wc_elim_num': '-', 'elim_num': '1', 'team_id': 112}, {'name': 'Cincinnati Reds', 'div_rank': '3', 'w': 80, 'l': 77, 'gb': '8.5', 'wc_rank': '5', 'wc_gb': '2.5', 'wc_elim_num': '4', 'elim_num': 'E', 'team_id': 113}, {'name': 'Pittsburgh Pirates', 'div_rank': '4', 'w': 74, 'l': 82, 'gb': '14.0', 'wc_rank': '8', 'wc_gb': '8.0', 'wc_elim_num': 'E', 'elim_num': 'E', 'team_id': 134}, {'name': 'St. Louis Cardinals', 'div_rank': '5', 'w': 68, 'l': 88, 'gb': '20.0', 'wc_rank': '11', 'wc_gb': '14.0', 'wc_elim_num': 'E', 'elim_num': 'E', 'team_id': 138}]}
[2023-09-26T03:55:03.240+0000] {logging_mixin.py:151} INFO - {'div_name': 'National League West', 'teams': [{'name': 'Los Angeles Dodgers', 'div_rank': '1', 'w': 96, 'l': 59, 'gb': '-', 'wc_rank': '-', 'wc_gb': '-', 'wc_elim_num': '-', 'elim_num': '-', 'team_id': 119}, {'name': 'Arizona Diamondbacks', 'div_rank': '2', 'w': 82, 'l': 74, 'gb': '14.5', 'wc_rank': '2', 'wc_gb': '-', 'wc_elim_num': '-', 'elim_num': 'E', 'team_id': 109}, {'name': 'San Diego Padres', 'div_rank': '3', 'w': 77, 'l': 79, 'gb': '19.5', 'wc_rank': '6', 'wc_gb': '5.0', 'wc_elim_num': '2', 'elim_num': 'E', 'team_id': 135}, {'name': 'San Francisco Giants', 'div_rank': '4', 'w': 77, 'l': 79, 'gb': '19.5', 'wc_rank': '7', 'wc_gb': '5.0', 'wc_elim_num': '2', 'elim_num': 'E', 'team_id': 137}, {'name': 'Colorado Rockies', 'div_rank': '5', 'w': 56, 'l': 99, 'gb': '40.0', 'wc_rank': '12', 'wc_gb': '25.5', 'wc_elim_num': 'E', 'elim_num': 'E', 'team_id': 115}]}
[2023-09-26T03:55:03.272+0000] {logging_mixin.py:151} INFO -                      Team    W    L  Total_G Team_abb
0       Baltimore Orioles   97   59      156      BAL
1          Tampa Bay Rays   95   62      157       TB
2       Toronto Blue Jays   87   69      156      TOR
3        New York Yankees   79   77      156      NYY
4          Boston Red Sox   76   80      156      BOS
5         Minnesota Twins   83   73      156      MIN
6     Cleveland Guardians   74   83      157      CLE
7          Detroit Tigers   73   83      156      DET
8       Chicago White Sox   60   96      156      CWS
9      Kansas City Royals   54  102      156       KC
10          Texas Rangers   87   68      155      TEX
11         Houston Astros   85   71      156      HOU
12       Seattle Mariners   84   71      155      SEA
13     Los Angeles Angels   70   86      156      LAA
14      Oakland Athletics   48  108      156      OAK
15         Atlanta Braves  100   56      156      ATL
16  Philadelphia Phillies   87   69      156      PHI
17          Miami Marlins   81   75      156      MIA
18          New York Mets   71   85      156      NYM
19   Washington Nationals   69   88      157      WSH
20      Milwaukee Brewers   88   68      156      MIL
21           Chicago Cubs   82   74      156      CHC
22        Cincinnati Reds   80   77      157      CIN
23     Pittsburgh Pirates   74   82      156      PIT
24    St. Louis Cardinals   68   88      156      STL
25    Los Angeles Dodgers   96   59      155      LAD
26   Arizona Diamondbacks   82   74      156       AZ
27       San Diego Padres   77   79      156       SD
28   San Francisco Giants   77   79      156       SF
29       Colorado Rockies   56   99      155      COL
[2023-09-26T03:55:03.322+0000] {logging_mixin.py:151} INFO - job done
[2023-09-26T03:55:03.323+0000] {python.py:194} INFO - Done. Returned value was: None
[2023-09-26T03:55:03.329+0000] {taskinstance.py:1400} INFO - Marking task as SUCCESS. dag_id=mlb_parser_ranking, task_id=get_rank, execution_date=20230925T035500, start_date=20230926T035502, end_date=20230926T035503
[2023-09-26T03:55:03.355+0000] {local_task_job_runner.py:228} INFO - Task exited with return code 0
[2023-09-26T03:55:03.365+0000] {taskinstance.py:2784} INFO - 0 downstream tasks scheduled from follow-on schedule check
