[2023-09-19T04:00:52.421+0000] {taskinstance.py:1159} INFO - Dependencies all met for dep_context=non-requeueable deps ti=<TaskInstance: mlb_parser.get_hr_high scheduled__2023-09-18T04:00:00+00:00 [queued]>
[2023-09-19T04:00:52.426+0000] {taskinstance.py:1159} INFO - Dependencies all met for dep_context=requeueable deps ti=<TaskInstance: mlb_parser.get_hr_high scheduled__2023-09-18T04:00:00+00:00 [queued]>
[2023-09-19T04:00:52.427+0000] {taskinstance.py:1361} INFO - Starting attempt 1 of 2
[2023-09-19T04:00:52.434+0000] {taskinstance.py:1382} INFO - Executing <Task(PostgresOperator): get_hr_high> on 2023-09-18 04:00:00+00:00
[2023-09-19T04:00:52.438+0000] {standard_task_runner.py:57} INFO - Started process 51146 to run task
[2023-09-19T04:00:52.441+0000] {standard_task_runner.py:84} INFO - Running: ['***', 'tasks', 'run', 'mlb_parser', 'get_hr_high', 'scheduled__2023-09-18T04:00:00+00:00', '--job-id', '1239', '--raw', '--subdir', 'DAGS_FOLDER/mlb_parser.py', '--cfg-path', '/tmp/tmpjx4y_krx']
[2023-09-19T04:00:52.443+0000] {standard_task_runner.py:85} INFO - Job 1239: Subtask get_hr_high
[2023-09-19T04:00:52.474+0000] {task_command.py:415} INFO - Running <TaskInstance: mlb_parser.get_hr_high scheduled__2023-09-18T04:00:00+00:00 [running]> on host 41ed285d8c3c
[2023-09-19T04:00:52.521+0000] {taskinstance.py:1660} INFO - Exporting env vars: AIRFLOW_CTX_DAG_OWNER='andy_hsu' AIRFLOW_CTX_DAG_ID='mlb_parser' AIRFLOW_CTX_TASK_ID='get_hr_high' AIRFLOW_CTX_EXECUTION_DATE='2023-09-18T04:00:00+00:00' AIRFLOW_CTX_TRY_NUMBER='1' AIRFLOW_CTX_DAG_RUN_ID='scheduled__2023-09-18T04:00:00+00:00'
[2023-09-19T04:00:52.523+0000] {sql.py:274} INFO - Executing: 
            SELECT
                "Name",
                "POS",
                "Team",
                "G",
                "AB",
                "HR",
                "RBI",
                "BB",
                "SO",
                "OBP",
                "SLG",
                CURRENT_DATE AS "date"
                FROM mlb_data_2023
                ORDER BY "HR" DESC
                LIMIT 10;
            
[2023-09-19T04:00:52.528+0000] {base.py:73} INFO - Using connection ID 'postgres_mlb_parser_DB' for task execution.
[2023-09-19T04:00:52.534+0000] {base.py:73} INFO - Using connection ID 'postgres_mlb_parser_DB' for task execution.
[2023-09-19T04:00:52.542+0000] {sql.py:418} INFO - Running statement: 
            SELECT
                "Name",
                "POS",
                "Team",
                "G",
                "AB",
                "HR",
                "RBI",
                "BB",
                "SO",
                "OBP",
                "SLG",
                CURRENT_DATE AS "date"
                FROM mlb_data_2023
                ORDER BY "HR" DESC
                LIMIT 10;
            , parameters: None
[2023-09-19T04:00:52.545+0000] {sql.py:427} INFO - Rows affected: 10
[2023-09-19T04:00:52.560+0000] {taskinstance.py:1400} INFO - Marking task as SUCCESS. dag_id=mlb_parser, task_id=get_hr_high, execution_date=20230918T040000, start_date=20230919T040052, end_date=20230919T040052
[2023-09-19T04:00:52.574+0000] {local_task_job_runner.py:228} INFO - Task exited with return code 0
[2023-09-19T04:00:52.589+0000] {taskinstance.py:2784} INFO - 1 downstream tasks scheduled from follow-on schedule check
