[2023-09-25T04:00:03.725+0000] {taskinstance.py:1159} INFO - Dependencies all met for dep_context=non-requeueable deps ti=<TaskInstance: mlb_parser.data_clean scheduled__2023-09-24T04:00:00+00:00 [queued]>
[2023-09-25T04:00:03.731+0000] {taskinstance.py:1159} INFO - Dependencies all met for dep_context=requeueable deps ti=<TaskInstance: mlb_parser.data_clean scheduled__2023-09-24T04:00:00+00:00 [queued]>
[2023-09-25T04:00:03.732+0000] {taskinstance.py:1361} INFO - Starting attempt 1 of 2
[2023-09-25T04:00:03.739+0000] {taskinstance.py:1382} INFO - Executing <Task(PythonOperator): data_clean> on 2023-09-24 04:00:00+00:00
[2023-09-25T04:00:03.743+0000] {standard_task_runner.py:57} INFO - Started process 49950 to run task
[2023-09-25T04:00:03.746+0000] {standard_task_runner.py:84} INFO - Running: ['***', 'tasks', 'run', 'mlb_parser', 'data_clean', 'scheduled__2023-09-24T04:00:00+00:00', '--job-id', '1515', '--raw', '--subdir', 'DAGS_FOLDER/mlb_parser_hit.py', '--cfg-path', '/tmp/tmpymz65qgm']
[2023-09-25T04:00:03.748+0000] {standard_task_runner.py:85} INFO - Job 1515: Subtask data_clean
[2023-09-25T04:00:03.779+0000] {task_command.py:415} INFO - Running <TaskInstance: mlb_parser.data_clean scheduled__2023-09-24T04:00:00+00:00 [running]> on host d98c068596b4
[2023-09-25T04:00:03.826+0000] {taskinstance.py:1660} INFO - Exporting env vars: AIRFLOW_CTX_DAG_OWNER='andy_hsu' AIRFLOW_CTX_DAG_ID='mlb_parser' AIRFLOW_CTX_TASK_ID='data_clean' AIRFLOW_CTX_EXECUTION_DATE='2023-09-24T04:00:00+00:00' AIRFLOW_CTX_TRY_NUMBER='1' AIRFLOW_CTX_DAG_RUN_ID='scheduled__2023-09-24T04:00:00+00:00'
[2023-09-25T04:00:03.834+0000] {logging_mixin.py:151} INFO - ['nationals', 'braves', 'mets', 'marlins', 'phillies', 'brewers', 'cubs', 'reds', 'pirates', 'cardinals', 'dodgers', 'giants', 'padres', 'rockies', 'dbacks', 'astros', 'angels', 'rangers', 'athletics', 'mariners', 'twins', 'guardians', 'tigers', 'whitesox', 'royals', 'orioles', 'rays', 'bluejays', 'redsox', 'yankees']
[2023-09-25T04:00:03.836+0000] {logging_mixin.py:151} INFO - https://www.mlb.com/nationals/stats/
[2023-09-25T04:00:06.876+0000] {logging_mixin.py:151} INFO - https://www.mlb.com/braves/stats/
[2023-09-25T04:00:08.491+0000] {logging_mixin.py:151} INFO - https://www.mlb.com/mets/stats/
[2023-09-25T04:00:09.622+0000] {logging_mixin.py:151} INFO - https://www.mlb.com/marlins/stats/
[2023-09-25T04:00:11.636+0000] {logging_mixin.py:151} INFO - https://www.mlb.com/phillies/stats/
[2023-09-25T04:00:12.767+0000] {logging_mixin.py:151} INFO - https://www.mlb.com/brewers/stats/
[2023-09-25T04:00:14.017+0000] {logging_mixin.py:151} INFO - https://www.mlb.com/cubs/stats/
[2023-09-25T04:00:15.001+0000] {logging_mixin.py:151} INFO - https://www.mlb.com/reds/stats/
[2023-09-25T04:00:16.281+0000] {logging_mixin.py:151} INFO - https://www.mlb.com/pirates/stats/
[2023-09-25T04:00:16.876+0000] {logging_mixin.py:151} INFO - https://www.mlb.com/cardinals/stats/
[2023-09-25T04:00:19.782+0000] {logging_mixin.py:151} INFO - https://www.mlb.com/dodgers/stats/
[2023-09-25T04:00:20.363+0000] {logging_mixin.py:151} INFO - https://www.mlb.com/giants/stats/
[2023-09-25T04:00:21.680+0000] {logging_mixin.py:151} INFO - https://www.mlb.com/padres/stats/
[2023-09-25T04:00:23.403+0000] {logging_mixin.py:151} INFO - https://www.mlb.com/rockies/stats/
[2023-09-25T04:00:25.171+0000] {logging_mixin.py:151} INFO - https://www.mlb.com/dbacks/stats/
[2023-09-25T04:00:26.438+0000] {logging_mixin.py:151} INFO - https://www.mlb.com/astros/stats/
[2023-09-25T04:00:28.567+0000] {logging_mixin.py:151} INFO - https://www.mlb.com/angels/stats/
[2023-09-25T04:00:29.150+0000] {logging_mixin.py:151} INFO - https://www.mlb.com/rangers/stats/
[2023-09-25T04:00:30.554+0000] {logging_mixin.py:151} INFO - https://www.mlb.com/athletics/stats/
[2023-09-25T04:00:32.037+0000] {logging_mixin.py:151} INFO - https://www.mlb.com/mariners/stats/
[2023-09-25T04:00:33.229+0000] {logging_mixin.py:151} INFO - https://www.mlb.com/twins/stats/
[2023-09-25T04:00:36.342+0000] {logging_mixin.py:151} INFO - https://www.mlb.com/guardians/stats/
[2023-09-25T04:00:36.875+0000] {logging_mixin.py:151} INFO - https://www.mlb.com/tigers/stats/
[2023-09-25T04:00:39.385+0000] {logging_mixin.py:151} INFO - https://www.mlb.com/whitesox/stats/
[2023-09-25T04:00:40.658+0000] {logging_mixin.py:151} INFO - https://www.mlb.com/royals/stats/
[2023-09-25T04:00:41.743+0000] {logging_mixin.py:151} INFO - https://www.mlb.com/orioles/stats/
[2023-09-25T04:00:42.964+0000] {logging_mixin.py:151} INFO - https://www.mlb.com/rays/stats/
[2023-09-25T04:00:44.197+0000] {logging_mixin.py:151} INFO - https://www.mlb.com/bluejays/stats/
[2023-09-25T04:00:46.448+0000] {logging_mixin.py:151} INFO - https://www.mlb.com/redsox/stats/
[2023-09-25T04:00:48.816+0000] {logging_mixin.py:151} INFO - https://www.mlb.com/yankees/stats/
[2023-09-25T04:00:50.187+0000] {python.py:194} INFO - Done. Returned value was: None
[2023-09-25T04:00:50.217+0000] {taskinstance.py:1400} INFO - Marking task as SUCCESS. dag_id=mlb_parser, task_id=data_clean, execution_date=20230924T040000, start_date=20230925T040003, end_date=20230925T040050
[2023-09-25T04:00:50.259+0000] {local_task_job_runner.py:228} INFO - Task exited with return code 0
[2023-09-25T04:00:50.286+0000] {taskinstance.py:2784} INFO - 2 downstream tasks scheduled from follow-on schedule check
