[2023-09-17T06:38:01.212+0000] {taskinstance.py:1159} INFO - Dependencies all met for dep_context=non-requeueable deps ti=<TaskInstance: mlb_parser.get_hr_high manual__2023-09-17T06:37:00.526468+00:00 [queued]>
[2023-09-17T06:38:01.219+0000] {taskinstance.py:1159} INFO - Dependencies all met for dep_context=requeueable deps ti=<TaskInstance: mlb_parser.get_hr_high manual__2023-09-17T06:37:00.526468+00:00 [queued]>
[2023-09-17T06:38:01.221+0000] {taskinstance.py:1361} INFO - Starting attempt 1 of 2
[2023-09-17T06:38:01.229+0000] {taskinstance.py:1382} INFO - Executing <Task(PostgresOperator): get_hr_high> on 2023-09-17 06:37:00.526468+00:00
[2023-09-17T06:38:01.233+0000] {standard_task_runner.py:57} INFO - Started process 4638 to run task
[2023-09-17T06:38:01.236+0000] {standard_task_runner.py:84} INFO - Running: ['***', 'tasks', 'run', 'mlb_parser', 'get_hr_high', 'manual__2023-09-17T06:37:00.526468+00:00', '--job-id', '966', '--raw', '--subdir', 'DAGS_FOLDER/mlb_parser.py', '--cfg-path', '/tmp/tmpvcg7rtcj']
[2023-09-17T06:38:01.239+0000] {standard_task_runner.py:85} INFO - Job 966: Subtask get_hr_high
[2023-09-17T06:38:01.273+0000] {task_command.py:415} INFO - Running <TaskInstance: mlb_parser.get_hr_high manual__2023-09-17T06:37:00.526468+00:00 [running]> on host 41ed285d8c3c
[2023-09-17T06:38:01.324+0000] {taskinstance.py:1660} INFO - Exporting env vars: AIRFLOW_CTX_DAG_OWNER='andy_hsu' AIRFLOW_CTX_DAG_ID='mlb_parser' AIRFLOW_CTX_TASK_ID='get_hr_high' AIRFLOW_CTX_EXECUTION_DATE='2023-09-17T06:37:00.526468+00:00' AIRFLOW_CTX_TRY_NUMBER='1' AIRFLOW_CTX_DAG_RUN_ID='manual__2023-09-17T06:37:00.526468+00:00'
[2023-09-17T06:38:01.327+0000] {sql.py:274} INFO - Executing: 
            SELECT
                "Name",
                "POS",
                "Team",
                "G",
                "AB",
                "HR",
                "RBI",
                "BB",
                "SO",
                "OBP",
                "SLG",
                CURRENT_DATE AS "date"
                FROM mlb_data_2023
                ORDER BY "HR" DESC
                LIMIT 10;
            
[2023-09-17T06:38:01.335+0000] {base.py:73} INFO - Using connection ID 'postgres_mlb_parser_DB' for task execution.
[2023-09-17T06:38:01.343+0000] {base.py:73} INFO - Using connection ID 'postgres_mlb_parser_DB' for task execution.
[2023-09-17T06:38:01.355+0000] {sql.py:418} INFO - Running statement: 
            SELECT
                "Name",
                "POS",
                "Team",
                "G",
                "AB",
                "HR",
                "RBI",
                "BB",
                "SO",
                "OBP",
                "SLG",
                CURRENT_DATE AS "date"
                FROM mlb_data_2023
                ORDER BY "HR" DESC
                LIMIT 10;
            , parameters: None
[2023-09-17T06:38:01.360+0000] {sql.py:427} INFO - Rows affected: 10
[2023-09-17T06:38:01.378+0000] {taskinstance.py:1400} INFO - Marking task as SUCCESS. dag_id=mlb_parser, task_id=get_hr_high, execution_date=20230917T063700, start_date=20230917T063801, end_date=20230917T063801
[2023-09-17T06:38:01.410+0000] {local_task_job_runner.py:228} INFO - Task exited with return code 0
[2023-09-17T06:38:01.427+0000] {taskinstance.py:2784} INFO - 1 downstream tasks scheduled from follow-on schedule check
