[2023-09-12T06:49:46.105+0000] {taskinstance.py:1159} INFO - Dependencies all met for dep_context=non-requeueable deps ti=<TaskInstance: mlb_parser.get_max_hr manual__2023-09-12T06:49:27.582155+00:00 [queued]>
[2023-09-12T06:49:46.111+0000] {taskinstance.py:1159} INFO - Dependencies all met for dep_context=requeueable deps ti=<TaskInstance: mlb_parser.get_max_hr manual__2023-09-12T06:49:27.582155+00:00 [queued]>
[2023-09-12T06:49:46.112+0000] {taskinstance.py:1361} INFO - Starting attempt 1 of 2
[2023-09-12T06:49:46.119+0000] {taskinstance.py:1382} INFO - Executing <Task(PostgresOperator): get_max_hr> on 2023-09-12 06:49:27.582155+00:00
[2023-09-12T06:49:46.124+0000] {standard_task_runner.py:57} INFO - Started process 73592 to run task
[2023-09-12T06:49:46.127+0000] {standard_task_runner.py:84} INFO - Running: ['***', 'tasks', 'run', 'mlb_parser', 'get_max_hr', 'manual__2023-09-12T06:49:27.582155+00:00', '--job-id', '516', '--raw', '--subdir', 'DAGS_FOLDER/mlb_parser.py', '--cfg-path', '/tmp/tmpheydj95_']
[2023-09-12T06:49:46.129+0000] {standard_task_runner.py:85} INFO - Job 516: Subtask get_max_hr
[2023-09-12T06:49:46.159+0000] {task_command.py:415} INFO - Running <TaskInstance: mlb_parser.get_max_hr manual__2023-09-12T06:49:27.582155+00:00 [running]> on host 2e8147b3a465
[2023-09-12T06:49:46.205+0000] {taskinstance.py:1660} INFO - Exporting env vars: AIRFLOW_CTX_DAG_OWNER='andy_hsu' AIRFLOW_CTX_DAG_ID='mlb_parser' AIRFLOW_CTX_TASK_ID='get_max_hr' AIRFLOW_CTX_EXECUTION_DATE='2023-09-12T06:49:27.582155+00:00' AIRFLOW_CTX_TRY_NUMBER='1' AIRFLOW_CTX_DAG_RUN_ID='manual__2023-09-12T06:49:27.582155+00:00'
[2023-09-12T06:49:46.207+0000] {sql.py:274} INFO - Executing: 
            SELECT
                "Name",
                "H",
                "AB",
                ROUND(CAST(CAST("H" AS float) / CAST("AB" AS float) AS float), 3) AS "AVG"
                FROM mlb_parser
                WHERE "AB" > (
                    SELECT AVG("AB") FROM mlb_parser
                )
                ORDER BY "AVG" DESC
                LIMIT 10;
            
[2023-09-12T06:49:46.212+0000] {base.py:73} INFO - Using connection ID 'postgres_mlb_parser_DB' for task execution.
[2023-09-12T06:49:46.220+0000] {base.py:73} INFO - Using connection ID 'postgres_mlb_parser_DB' for task execution.
[2023-09-12T06:49:46.229+0000] {sql.py:418} INFO - Running statement: 
            SELECT
                "Name",
                "H",
                "AB",
                ROUND(CAST(CAST("H" AS float) / CAST("AB" AS float) AS float), 3) AS "AVG"
                FROM mlb_parser
                WHERE "AB" > (
                    SELECT AVG("AB") FROM mlb_parser
                )
                ORDER BY "AVG" DESC
                LIMIT 10;
            , parameters: None
[2023-09-12T06:49:46.233+0000] {taskinstance.py:1943} ERROR - Task failed with exception
Traceback (most recent call last):
  File "/home/airflow/.local/lib/python3.8/site-packages/airflow/providers/common/sql/operators/sql.py", line 280, in execute
    output = hook.run(
  File "/home/airflow/.local/lib/python3.8/site-packages/airflow/providers/common/sql/hooks/sql.py", line 392, in run
    self._run_command(cur, sql_statement, parameters)
  File "/home/airflow/.local/lib/python3.8/site-packages/airflow/providers/common/sql/hooks/sql.py", line 423, in _run_command
    cur.execute(sql_statement)
psycopg2.errors.UndefinedFunction: function round(double precision, integer) does not exist
LINE 6:                 ROUND(CAST(CAST("H" AS float) / CAST("AB" AS...
                        ^
HINT:  No function matches the given name and argument types. You might need to add explicit type casts.

[2023-09-12T06:49:46.240+0000] {taskinstance.py:1400} INFO - Marking task as UP_FOR_RETRY. dag_id=mlb_parser, task_id=get_max_hr, execution_date=20230912T064927, start_date=20230912T064946, end_date=20230912T064946
[2023-09-12T06:49:46.246+0000] {standard_task_runner.py:104} ERROR - Failed to execute job 516 for task get_max_hr (function round(double precision, integer) does not exist
LINE 6:                 ROUND(CAST(CAST("H" AS float) / CAST("AB" AS...
                        ^
HINT:  No function matches the given name and argument types. You might need to add explicit type casts.
; 73592)
[2023-09-12T06:49:46.259+0000] {local_task_job_runner.py:228} INFO - Task exited with return code 1
[2023-09-12T06:49:46.270+0000] {taskinstance.py:2784} INFO - 0 downstream tasks scheduled from follow-on schedule check
