[2023-09-15T06:46:49.706+0000] {taskinstance.py:1159} INFO - Dependencies all met for dep_context=non-requeueable deps ti=<TaskInstance: mlb_parser.data_clean manual__2023-09-15T06:46:38.008011+00:00 [queued]>
[2023-09-15T06:46:49.712+0000] {taskinstance.py:1159} INFO - Dependencies all met for dep_context=requeueable deps ti=<TaskInstance: mlb_parser.data_clean manual__2023-09-15T06:46:38.008011+00:00 [queued]>
[2023-09-15T06:46:49.712+0000] {taskinstance.py:1361} INFO - Starting attempt 1 of 2
[2023-09-15T06:46:49.719+0000] {taskinstance.py:1382} INFO - Executing <Task(PythonOperator): data_clean> on 2023-09-15 06:46:38.008011+00:00
[2023-09-15T06:46:49.724+0000] {standard_task_runner.py:57} INFO - Started process 20937 to run task
[2023-09-15T06:46:49.727+0000] {standard_task_runner.py:84} INFO - Running: ['***', 'tasks', 'run', 'mlb_parser', 'data_clean', 'manual__2023-09-15T06:46:38.008011+00:00', '--job-id', '676', '--raw', '--subdir', 'DAGS_FOLDER/mlb_parser.py', '--cfg-path', '/tmp/tmplqgfoa7n']
[2023-09-15T06:46:49.729+0000] {standard_task_runner.py:85} INFO - Job 676: Subtask data_clean
[2023-09-15T06:46:49.761+0000] {task_command.py:415} INFO - Running <TaskInstance: mlb_parser.data_clean manual__2023-09-15T06:46:38.008011+00:00 [running]> on host 2e8147b3a465
[2023-09-15T06:46:49.808+0000] {taskinstance.py:1660} INFO - Exporting env vars: AIRFLOW_CTX_DAG_OWNER='andy_hsu' AIRFLOW_CTX_DAG_ID='mlb_parser' AIRFLOW_CTX_TASK_ID='data_clean' AIRFLOW_CTX_EXECUTION_DATE='2023-09-15T06:46:38.008011+00:00' AIRFLOW_CTX_TRY_NUMBER='1' AIRFLOW_CTX_DAG_RUN_ID='manual__2023-09-15T06:46:38.008011+00:00'
[2023-09-15T06:46:49.817+0000] {logging_mixin.py:151} INFO - ['nationals', 'braves', 'mets', 'marlins', 'phillies', 'dbacks', 'dodgers', 'padres', 'rockies', 'giants', 'brewers', 'cubs', 'reds', 'pirates', 'cardinals', 'astros', 'rangers', 'angels', 'athletics', 'mariners', 'twins', 'guardians', 'tigers', 'whitesox', 'royals', 'orioles', 'rays', 'bluejays', 'redsox', 'yankees']
[2023-09-15T06:46:49.818+0000] {logging_mixin.py:151} INFO - https://www.mlb.com/nationals/stats/
[2023-09-15T06:46:52.838+0000] {logging_mixin.py:151} INFO - https://www.mlb.com/braves/stats/
[2023-09-15T06:46:54.277+0000] {logging_mixin.py:151} INFO - https://www.mlb.com/mets/stats/
[2023-09-15T06:46:55.680+0000] {logging_mixin.py:151} INFO - https://www.mlb.com/marlins/stats/
[2023-09-15T06:46:57.855+0000] {logging_mixin.py:151} INFO - https://www.mlb.com/phillies/stats/
[2023-09-15T06:46:59.213+0000] {logging_mixin.py:151} INFO - https://www.mlb.com/dbacks/stats/
[2023-09-15T06:47:01.376+0000] {logging_mixin.py:151} INFO - https://www.mlb.com/dodgers/stats/
[2023-09-15T06:47:03.721+0000] {logging_mixin.py:151} INFO - https://www.mlb.com/padres/stats/
[2023-09-15T06:47:11.948+0000] {logging_mixin.py:151} INFO - https://www.mlb.com/rockies/stats/
[2023-09-15T06:47:13.241+0000] {logging_mixin.py:151} INFO - https://www.mlb.com/giants/stats/
[2023-09-15T06:47:14.386+0000] {logging_mixin.py:151} INFO - https://www.mlb.com/brewers/stats/
[2023-09-15T06:47:15.686+0000] {logging_mixin.py:151} INFO - https://www.mlb.com/cubs/stats/
[2023-09-15T06:47:18.010+0000] {logging_mixin.py:151} INFO - https://www.mlb.com/reds/stats/
[2023-09-15T06:47:20.349+0000] {logging_mixin.py:151} INFO - https://www.mlb.com/pirates/stats/
[2023-09-15T06:47:21.452+0000] {logging_mixin.py:151} INFO - https://www.mlb.com/cardinals/stats/
[2023-09-15T06:47:24.652+0000] {logging_mixin.py:151} INFO - https://www.mlb.com/astros/stats/
[2023-09-15T06:47:24.938+0000] {local_task_job_runner.py:294} WARNING - State of this instance has been externally set to failed. Terminating instance.
[2023-09-15T06:47:24.944+0000] {process_utils.py:131} INFO - Sending 15 to group 20937. PIDs of all processes in the group: [20937]
[2023-09-15T06:47:24.945+0000] {process_utils.py:86} INFO - Sending the signal 15 to group 20937
[2023-09-15T06:47:24.946+0000] {taskinstance.py:1632} ERROR - Received SIGTERM. Terminating subprocesses.
[2023-09-15T06:47:24.999+0000] {process_utils.py:79} INFO - Process psutil.Process(pid=20937, status='terminated', exitcode=0, started='06:46:49') (20937) terminated with exit code 0
