[2023-10-01T03:55:02.607+0000] {taskinstance.py:1159} INFO - Dependencies all met for dep_context=non-requeueable deps ti=<TaskInstance: mlb_parser_ranking.get_rank scheduled__2023-09-30T03:55:00+00:00 [queued]>
[2023-10-01T03:55:02.613+0000] {taskinstance.py:1159} INFO - Dependencies all met for dep_context=requeueable deps ti=<TaskInstance: mlb_parser_ranking.get_rank scheduled__2023-09-30T03:55:00+00:00 [queued]>
[2023-10-01T03:55:02.614+0000] {taskinstance.py:1361} INFO - Starting attempt 1 of 2
[2023-10-01T03:55:02.621+0000] {taskinstance.py:1382} INFO - Executing <Task(PythonOperator): get_rank> on 2023-09-30 03:55:00+00:00
[2023-10-01T03:55:02.625+0000] {standard_task_runner.py:57} INFO - Started process 8677 to run task
[2023-10-01T03:55:02.628+0000] {standard_task_runner.py:84} INFO - Running: ['***', 'tasks', 'run', 'mlb_parser_ranking', 'get_rank', 'scheduled__2023-09-30T03:55:00+00:00', '--job-id', '1679', '--raw', '--subdir', 'DAGS_FOLDER/mlb_parser_ranking.py', '--cfg-path', '/tmp/tmppc_21dir']
[2023-10-01T03:55:02.630+0000] {standard_task_runner.py:85} INFO - Job 1679: Subtask get_rank
[2023-10-01T03:55:02.659+0000] {task_command.py:415} INFO - Running <TaskInstance: mlb_parser_ranking.get_rank scheduled__2023-09-30T03:55:00+00:00 [running]> on host d98c068596b4
[2023-10-01T03:55:02.706+0000] {taskinstance.py:1660} INFO - Exporting env vars: AIRFLOW_CTX_DAG_OWNER='andy_hsu' AIRFLOW_CTX_DAG_ID='mlb_parser_ranking' AIRFLOW_CTX_TASK_ID='get_rank' AIRFLOW_CTX_EXECUTION_DATE='2023-09-30T03:55:00+00:00' AIRFLOW_CTX_TRY_NUMBER='1' AIRFLOW_CTX_DAG_RUN_ID='scheduled__2023-09-30T03:55:00+00:00'
[2023-10-01T03:55:03.265+0000] {logging_mixin.py:151} INFO - {'div_name': 'American League East', 'teams': [{'name': 'Baltimore Orioles', 'div_rank': '1', 'w': 101, 'l': 60, 'gb': '-', 'wc_rank': '-', 'wc_gb': '-', 'wc_elim_num': '-', 'elim_num': '-', 'team_id': 110}, {'name': 'Tampa Bay Rays', 'div_rank': '2', 'w': 98, 'l': 63, 'gb': '3.0', 'wc_rank': '1', 'wc_gb': '+9.0', 'wc_elim_num': '-', 'elim_num': 'E', 'team_id': 139}, {'name': 'Toronto Blue Jays', 'div_rank': '3', 'w': 89, 'l': 72, 'gb': '12.0', 'wc_rank': '3', 'wc_gb': '-', 'wc_elim_num': '-', 'elim_num': 'E', 'team_id': 141}, {'name': 'New York Yankees', 'div_rank': '4', 'w': 82, 'l': 79, 'gb': '19.0', 'wc_rank': '5', 'wc_gb': '7.0', 'wc_elim_num': 'E', 'elim_num': 'E', 'team_id': 147}, {'name': 'Boston Red Sox', 'div_rank': '5', 'w': 77, 'l': 84, 'gb': '24.0', 'wc_rank': '6', 'wc_gb': '12.0', 'wc_elim_num': 'E', 'elim_num': 'E', 'team_id': 111}]}
[2023-10-01T03:55:03.269+0000] {logging_mixin.py:151} INFO - {'div_name': 'American League Central', 'teams': [{'name': 'Minnesota Twins', 'div_rank': '1', 'w': 87, 'l': 74, 'gb': '-', 'wc_rank': '-', 'wc_gb': '-', 'wc_elim_num': '-', 'elim_num': '-', 'team_id': 142}, {'name': 'Detroit Tigers', 'div_rank': '2', 'w': 77, 'l': 84, 'gb': '10.0', 'wc_rank': '7', 'wc_gb': '12.0', 'wc_elim_num': 'E', 'elim_num': 'E', 'team_id': 116}, {'name': 'Cleveland Guardians', 'div_rank': '3', 'w': 76, 'l': 85, 'gb': '11.0', 'wc_rank': '8', 'wc_gb': '13.0', 'wc_elim_num': 'E', 'elim_num': 'E', 'team_id': 114}, {'name': 'Chicago White Sox', 'div_rank': '4', 'w': 61, 'l': 100, 'gb': '26.0', 'wc_rank': '10', 'wc_gb': '28.0', 'wc_elim_num': 'E', 'elim_num': 'E', 'team_id': 145}, {'name': 'Kansas City Royals', 'div_rank': '5', 'w': 55, 'l': 106, 'gb': '32.0', 'wc_rank': '11', 'wc_gb': '34.0', 'wc_elim_num': 'E', 'elim_num': 'E', 'team_id': 118}]}
[2023-10-01T03:55:03.272+0000] {logging_mixin.py:151} INFO - {'div_name': 'American League West', 'teams': [{'name': 'Texas Rangers', 'div_rank': '1', 'w': 90, 'l': 71, 'gb': '-', 'wc_rank': '-', 'wc_gb': '-', 'wc_elim_num': '-', 'elim_num': '-', 'team_id': 140}, {'name': 'Houston Astros', 'div_rank': '2', 'w': 89, 'l': 72, 'gb': '1.0', 'wc_rank': '2', 'wc_gb': '-', 'wc_elim_num': '-', 'elim_num': '1', 'team_id': 117}, {'name': 'Seattle Mariners', 'div_rank': '3', 'w': 87, 'l': 74, 'gb': '3.0', 'wc_rank': '4', 'wc_gb': '2.0', 'wc_elim_num': 'E', 'elim_num': 'E', 'team_id': 136}, {'name': 'Los Angeles Angels', 'div_rank': '4', 'w': 72, 'l': 89, 'gb': '18.0', 'wc_rank': '9', 'wc_gb': '17.0', 'wc_elim_num': 'E', 'elim_num': 'E', 'team_id': 108}, {'name': 'Oakland Athletics', 'div_rank': '5', 'w': 50, 'l': 111, 'gb': '40.0', 'wc_rank': '12', 'wc_gb': '39.0', 'wc_elim_num': 'E', 'elim_num': 'E', 'team_id': 133}]}
[2023-10-01T03:55:03.277+0000] {logging_mixin.py:151} INFO - {'div_name': 'National League East', 'teams': [{'name': 'Atlanta Braves', 'div_rank': '1', 'w': 104, 'l': 57, 'gb': '-', 'wc_rank': '-', 'wc_gb': '-', 'wc_elim_num': '-', 'elim_num': '-', 'team_id': 144}, {'name': 'Philadelphia Phillies', 'div_rank': '2', 'w': 89, 'l': 72, 'gb': '15.0', 'wc_rank': '1', 'wc_gb': '+5.0', 'wc_elim_num': '-', 'elim_num': 'E', 'team_id': 143}, {'name': 'Miami Marlins', 'div_rank': '3', 'w': 84, 'l': 76, 'gb': '19.5', 'wc_rank': '2', 'wc_gb': '+0.5', 'wc_elim_num': '-', 'elim_num': 'E', 'team_id': 146}, {'name': 'New York Mets', 'div_rank': '4', 'w': 74, 'l': 86, 'gb': '29.5', 'wc_rank': '9', 'wc_gb': '9.5', 'wc_elim_num': 'E', 'elim_num': 'E', 'team_id': 121}, {'name': 'Washington Nationals', 'div_rank': '5', 'w': 70, 'l': 91, 'gb': '34.0', 'wc_rank': '11', 'wc_gb': '14.0', 'wc_elim_num': 'E', 'elim_num': 'E', 'team_id': 120}]}
[2023-10-01T03:55:03.279+0000] {logging_mixin.py:151} INFO - {'div_name': 'National League Central', 'teams': [{'name': 'Milwaukee Brewers', 'div_rank': '1', 'w': 91, 'l': 70, 'gb': '-', 'wc_rank': '-', 'wc_gb': '-', 'wc_elim_num': '-', 'elim_num': '-', 'team_id': 158}, {'name': 'Chicago Cubs', 'div_rank': '2', 'w': 83, 'l': 78, 'gb': '8.0', 'wc_rank': '4', 'wc_gb': '1.0', 'wc_elim_num': '1', 'elim_num': 'E', 'team_id': 112}, {'name': 'Cincinnati Reds', 'div_rank': '3', 'w': 82, 'l': 79, 'gb': '9.0', 'wc_rank': '5', 'wc_gb': '2.0', 'wc_elim_num': 'E', 'elim_num': 'E', 'team_id': 113}, {'name': 'Pittsburgh Pirates', 'div_rank': '4', 'w': 75, 'l': 86, 'gb': '16.0', 'wc_rank': '8', 'wc_gb': '9.0', 'wc_elim_num': 'E', 'elim_num': 'E', 'team_id': 134}, {'name': 'St. Louis Cardinals', 'div_rank': '5', 'w': 70, 'l': 91, 'gb': '21.0', 'wc_rank': '10', 'wc_gb': '14.0', 'wc_elim_num': 'E', 'elim_num': 'E', 'team_id': 138}]}
[2023-10-01T03:55:03.281+0000] {logging_mixin.py:151} INFO - {'div_name': 'National League West', 'teams': [{'name': 'Los Angeles Dodgers', 'div_rank': '1', 'w': 99, 'l': 62, 'gb': '-', 'wc_rank': '-', 'wc_gb': '-', 'wc_elim_num': '-', 'elim_num': '-', 'team_id': 119}, {'name': 'Arizona Diamondbacks', 'div_rank': '2', 'w': 84, 'l': 77, 'gb': '15.0', 'wc_rank': '3', 'wc_gb': '-', 'wc_elim_num': '-', 'elim_num': 'E', 'team_id': 109}, {'name': 'San Diego Padres', 'div_rank': '3', 'w': 81, 'l': 80, 'gb': '18.0', 'wc_rank': '6', 'wc_gb': '3.0', 'wc_elim_num': 'E', 'elim_num': 'E', 'team_id': 135}, {'name': 'San Francisco Giants', 'div_rank': '4', 'w': 79, 'l': 82, 'gb': '20.0', 'wc_rank': '7', 'wc_gb': '5.0', 'wc_elim_num': 'E', 'elim_num': 'E', 'team_id': 137}, {'name': 'Colorado Rockies', 'div_rank': '5', 'w': 58, 'l': 103, 'gb': '41.0', 'wc_rank': '12', 'wc_gb': '26.0', 'wc_elim_num': 'E', 'elim_num': 'E', 'team_id': 115}]}
[2023-10-01T03:55:03.315+0000] {logging_mixin.py:151} INFO -                      Team    W    L  Total_G Team_abb
0       Baltimore Orioles  101   60      161      BAL
1          Tampa Bay Rays   98   63      161       TB
2       Toronto Blue Jays   89   72      161      TOR
3        New York Yankees   82   79      161      NYY
4          Boston Red Sox   77   84      161      BOS
5         Minnesota Twins   87   74      161      MIN
6          Detroit Tigers   77   84      161      DET
7     Cleveland Guardians   76   85      161      CLE
8       Chicago White Sox   61  100      161      CWS
9      Kansas City Royals   55  106      161       KC
10          Texas Rangers   90   71      161      TEX
11         Houston Astros   89   72      161      HOU
12       Seattle Mariners   87   74      161      SEA
13     Los Angeles Angels   72   89      161      LAA
14      Oakland Athletics   50  111      161      OAK
15         Atlanta Braves  104   57      161      ATL
16  Philadelphia Phillies   89   72      161      PHI
17          Miami Marlins   84   76      160      MIA
18          New York Mets   74   86      160      NYM
19   Washington Nationals   70   91      161      WSH
20      Milwaukee Brewers   91   70      161      MIL
21           Chicago Cubs   83   78      161      CHC
22        Cincinnati Reds   82   79      161      CIN
23     Pittsburgh Pirates   75   86      161      PIT
24    St. Louis Cardinals   70   91      161      STL
25    Los Angeles Dodgers   99   62      161      LAD
26   Arizona Diamondbacks   84   77      161       AZ
27       San Diego Padres   81   80      161       SD
28   San Francisco Giants   79   82      161       SF
29       Colorado Rockies   58  103      161      COL
[2023-10-01T03:55:03.357+0000] {logging_mixin.py:151} INFO - job done
[2023-10-01T03:55:03.359+0000] {python.py:194} INFO - Done. Returned value was: None
[2023-10-01T03:55:03.366+0000] {taskinstance.py:1400} INFO - Marking task as SUCCESS. dag_id=mlb_parser_ranking, task_id=get_rank, execution_date=20230930T035500, start_date=20231001T035502, end_date=20231001T035503
[2023-10-01T03:55:03.396+0000] {local_task_job_runner.py:228} INFO - Task exited with return code 0
[2023-10-01T03:55:03.407+0000] {taskinstance.py:2784} INFO - 0 downstream tasks scheduled from follow-on schedule check
