[2023-09-23T04:00:53.739+0000] {taskinstance.py:1159} INFO - Dependencies all met for dep_context=non-requeueable deps ti=<TaskInstance: mlb_parser.task_avg_lead_to_sql scheduled__2023-09-22T04:00:00+00:00 [queued]>
[2023-09-23T04:00:53.745+0000] {taskinstance.py:1159} INFO - Dependencies all met for dep_context=requeueable deps ti=<TaskInstance: mlb_parser.task_avg_lead_to_sql scheduled__2023-09-22T04:00:00+00:00 [queued]>
[2023-09-23T04:00:53.747+0000] {taskinstance.py:1361} INFO - Starting attempt 1 of 2
[2023-09-23T04:00:53.754+0000] {taskinstance.py:1382} INFO - Executing <Task(PythonOperator): task_avg_lead_to_sql> on 2023-09-22 04:00:00+00:00
[2023-09-23T04:00:53.759+0000] {standard_task_runner.py:57} INFO - Started process 57636 to run task
[2023-09-23T04:00:53.765+0000] {standard_task_runner.py:84} INFO - Running: ['***', 'tasks', 'run', 'mlb_parser', 'task_avg_lead_to_sql', 'scheduled__2023-09-22T04:00:00+00:00', '--job-id', '1451', '--raw', '--subdir', 'DAGS_FOLDER/mlb_parser_hit.py', '--cfg-path', '/tmp/tmp2cvlrnw4']
[2023-09-23T04:00:53.767+0000] {standard_task_runner.py:85} INFO - Job 1451: Subtask task_avg_lead_to_sql
[2023-09-23T04:00:53.800+0000] {task_command.py:415} INFO - Running <TaskInstance: mlb_parser.task_avg_lead_to_sql scheduled__2023-09-22T04:00:00+00:00 [running]> on host d98c068596b4
[2023-09-23T04:00:53.849+0000] {taskinstance.py:1660} INFO - Exporting env vars: AIRFLOW_CTX_DAG_OWNER='andy_hsu' AIRFLOW_CTX_DAG_ID='mlb_parser' AIRFLOW_CTX_TASK_ID='task_avg_lead_to_sql' AIRFLOW_CTX_EXECUTION_DATE='2023-09-22T04:00:00+00:00' AIRFLOW_CTX_TRY_NUMBER='1' AIRFLOW_CTX_DAG_RUN_ID='scheduled__2023-09-22T04:00:00+00:00'
[2023-09-23T04:00:53.873+0000] {logging_mixin.py:151} INFO -               name pos team    g   ab  ...   so    obp    slg       avg  record_date
0      Luis Arraez  2B  MIA  145  568  ...   34  0.393  0.470  0.353873   2023-09-23
1     Ronald Acuna  RF  ATL  152  621  ...   80  0.415  0.597  0.336554   2023-09-23
2  Freddie Freeman  1B  LAD  152  601  ...  114  0.410  0.562  0.332779   2023-09-23
3     Corey Seager  SS  TEX  110  445  ...   82  0.393  0.643  0.332584   2023-09-23
4       Yandy Diaz  1B   TB  133  516  ...   93  0.402  0.504  0.321705   2023-09-23
5      Jose Altuve  2B  HOU   82  325  ...   62  0.399  0.545  0.313846   2023-09-23
6      Josh Naylor  1B  CLE  114  425  ...   66  0.357  0.501  0.312941   2023-09-23
7     Ryan O'Hearn  1B  BAL  104  323  ...   75  0.341  0.514  0.309598   2023-09-23
8   Cody Bellinger  CF  CHC  123  472  ...   83  0.358  0.538  0.309322   2023-09-23
9     Mookie Betts  RF  LAD  144  557  ...  104  0.407  0.589  0.307002   2023-09-23

[10 rows x 12 columns]
[2023-09-23T04:00:53.885+0000] {logging_mixin.py:151} INFO - job done
[2023-09-23T04:00:53.886+0000] {python.py:194} INFO - Done. Returned value was: None
[2023-09-23T04:00:53.892+0000] {taskinstance.py:1400} INFO - Marking task as SUCCESS. dag_id=mlb_parser, task_id=task_avg_lead_to_sql, execution_date=20230922T040000, start_date=20230923T040053, end_date=20230923T040053
[2023-09-23T04:00:53.934+0000] {local_task_job_runner.py:228} INFO - Task exited with return code 0
[2023-09-23T04:00:53.951+0000] {taskinstance.py:2784} INFO - 0 downstream tasks scheduled from follow-on schedule check
