[2023-09-20T06:19:51.669+0000] {taskinstance.py:1159} INFO - Dependencies all met for dep_context=non-requeueable deps ti=<TaskInstance: mlb_parser.get_avg_high manual__2023-09-20T06:18:52.268955+00:00 [queued]>
[2023-09-20T06:19:51.675+0000] {taskinstance.py:1159} INFO - Dependencies all met for dep_context=requeueable deps ti=<TaskInstance: mlb_parser.get_avg_high manual__2023-09-20T06:18:52.268955+00:00 [queued]>
[2023-09-20T06:19:51.676+0000] {taskinstance.py:1361} INFO - Starting attempt 1 of 2
[2023-09-20T06:19:51.683+0000] {taskinstance.py:1382} INFO - Executing <Task(PostgresOperator): get_avg_high> on 2023-09-20 06:18:52.268955+00:00
[2023-09-20T06:19:51.687+0000] {standard_task_runner.py:57} INFO - Started process 23676 to run task
[2023-09-20T06:19:51.690+0000] {standard_task_runner.py:84} INFO - Running: ['***', 'tasks', 'run', 'mlb_parser', 'get_avg_high', 'manual__2023-09-20T06:18:52.268955+00:00', '--job-id', '1347', '--raw', '--subdir', 'DAGS_FOLDER/mlb_parser_hit.py', '--cfg-path', '/tmp/tmp_zx7871o']
[2023-09-20T06:19:51.693+0000] {standard_task_runner.py:85} INFO - Job 1347: Subtask get_avg_high
[2023-09-20T06:19:51.724+0000] {task_command.py:415} INFO - Running <TaskInstance: mlb_parser.get_avg_high manual__2023-09-20T06:18:52.268955+00:00 [running]> on host d98c068596b4
[2023-09-20T06:19:51.800+0000] {taskinstance.py:1660} INFO - Exporting env vars: AIRFLOW_CTX_DAG_OWNER='andy_hsu' AIRFLOW_CTX_DAG_ID='mlb_parser' AIRFLOW_CTX_TASK_ID='get_avg_high' AIRFLOW_CTX_EXECUTION_DATE='2023-09-20T06:18:52.268955+00:00' AIRFLOW_CTX_TRY_NUMBER='1' AIRFLOW_CTX_DAG_RUN_ID='manual__2023-09-20T06:18:52.268955+00:00'
[2023-09-20T06:19:51.804+0000] {sql.py:274} INFO - Executing: 
            SELECT
                "Name",
                "POS",
                "Team",
                "G",
                "AB",
                "H",
                "BB",
                "SO",
                "OBP",
                "SLG",
                (CAST("H" AS float) / CAST("AB" AS float)) AS "Average_Bat",
                CURRENT_DATE AS "date"
                FROM mlb_data_2023
                WHERE "AB" > (
                    SELECT AVG("AB") FROM mlb_data_2023
                )
                ORDER BY "Average_Bat" DESC
                LIMIT 10;
            
[2023-09-20T06:19:51.811+0000] {base.py:73} INFO - Using connection ID 'postgres_mlb_parser_DB' for task execution.
[2023-09-20T06:19:51.819+0000] {base.py:73} INFO - Using connection ID 'postgres_mlb_parser_DB' for task execution.
[2023-09-20T06:19:51.827+0000] {sql.py:418} INFO - Running statement: 
            SELECT
                "Name",
                "POS",
                "Team",
                "G",
                "AB",
                "H",
                "BB",
                "SO",
                "OBP",
                "SLG",
                (CAST("H" AS float) / CAST("AB" AS float)) AS "Average_Bat",
                CURRENT_DATE AS "date"
                FROM mlb_data_2023
                WHERE "AB" > (
                    SELECT AVG("AB") FROM mlb_data_2023
                )
                ORDER BY "Average_Bat" DESC
                LIMIT 10;
            , parameters: None
[2023-09-20T06:19:51.831+0000] {sql.py:427} INFO - Rows affected: 10
[2023-09-20T06:19:51.849+0000] {taskinstance.py:1400} INFO - Marking task as SUCCESS. dag_id=mlb_parser, task_id=get_avg_high, execution_date=20230920T061852, start_date=20230920T061951, end_date=20230920T061951
[2023-09-20T06:19:51.864+0000] {local_task_job_runner.py:228} INFO - Task exited with return code 0
[2023-09-20T06:19:51.880+0000] {taskinstance.py:2784} INFO - 1 downstream tasks scheduled from follow-on schedule check
