[2023-10-02T03:55:02.212+0000] {taskinstance.py:1159} INFO - Dependencies all met for dep_context=non-requeueable deps ti=<TaskInstance: mlb_parser_ranking.get_rank scheduled__2023-10-01T03:55:00+00:00 [queued]>
[2023-10-02T03:55:02.218+0000] {taskinstance.py:1159} INFO - Dependencies all met for dep_context=requeueable deps ti=<TaskInstance: mlb_parser_ranking.get_rank scheduled__2023-10-01T03:55:00+00:00 [queued]>
[2023-10-02T03:55:02.219+0000] {taskinstance.py:1361} INFO - Starting attempt 1 of 2
[2023-10-02T03:55:02.225+0000] {taskinstance.py:1382} INFO - Executing <Task(PythonOperator): get_rank> on 2023-10-01 03:55:00+00:00
[2023-10-02T03:55:02.230+0000] {standard_task_runner.py:57} INFO - Started process 66542 to run task
[2023-10-02T03:55:02.232+0000] {standard_task_runner.py:84} INFO - Running: ['***', 'tasks', 'run', 'mlb_parser_ranking', 'get_rank', 'scheduled__2023-10-01T03:55:00+00:00', '--job-id', '1709', '--raw', '--subdir', 'DAGS_FOLDER/mlb_parser_ranking.py', '--cfg-path', '/tmp/tmpl_ibovll']
[2023-10-02T03:55:02.235+0000] {standard_task_runner.py:85} INFO - Job 1709: Subtask get_rank
[2023-10-02T03:55:02.265+0000] {task_command.py:415} INFO - Running <TaskInstance: mlb_parser_ranking.get_rank scheduled__2023-10-01T03:55:00+00:00 [running]> on host d98c068596b4
[2023-10-02T03:55:02.310+0000] {taskinstance.py:1660} INFO - Exporting env vars: AIRFLOW_CTX_DAG_OWNER='andy_hsu' AIRFLOW_CTX_DAG_ID='mlb_parser_ranking' AIRFLOW_CTX_TASK_ID='get_rank' AIRFLOW_CTX_EXECUTION_DATE='2023-10-01T03:55:00+00:00' AIRFLOW_CTX_TRY_NUMBER='1' AIRFLOW_CTX_DAG_RUN_ID='scheduled__2023-10-01T03:55:00+00:00'
[2023-10-02T03:55:03.047+0000] {logging_mixin.py:151} INFO - {'div_name': 'American League East', 'teams': [{'name': 'Baltimore Orioles', 'div_rank': '1', 'w': 101, 'l': 61, 'gb': '-', 'wc_rank': '-', 'wc_gb': '-', 'wc_elim_num': '-', 'elim_num': '-', 'team_id': 110}, {'name': 'Tampa Bay Rays', 'div_rank': '2', 'w': 99, 'l': 63, 'gb': '2.0', 'wc_rank': '1', 'wc_gb': '+10.0', 'wc_elim_num': '-', 'elim_num': 'E', 'team_id': 139}, {'name': 'Toronto Blue Jays', 'div_rank': '3', 'w': 89, 'l': 73, 'gb': '12.0', 'wc_rank': '3', 'wc_gb': '-', 'wc_elim_num': '-', 'elim_num': 'E', 'team_id': 141}, {'name': 'New York Yankees', 'div_rank': '4', 'w': 82, 'l': 80, 'gb': '19.0', 'wc_rank': '5', 'wc_gb': '7.0', 'wc_elim_num': 'E', 'elim_num': 'E', 'team_id': 147}, {'name': 'Boston Red Sox', 'div_rank': '5', 'w': 78, 'l': 84, 'gb': '23.0', 'wc_rank': '6', 'wc_gb': '11.0', 'wc_elim_num': 'E', 'elim_num': 'E', 'team_id': 111}]}
[2023-10-02T03:55:03.051+0000] {logging_mixin.py:151} INFO - {'div_name': 'American League Central', 'teams': [{'name': 'Minnesota Twins', 'div_rank': '1', 'w': 87, 'l': 75, 'gb': '-', 'wc_rank': '-', 'wc_gb': '-', 'wc_elim_num': '-', 'elim_num': '-', 'team_id': 142}, {'name': 'Detroit Tigers', 'div_rank': '2', 'w': 78, 'l': 84, 'gb': '9.0', 'wc_rank': '7', 'wc_gb': '11.0', 'wc_elim_num': 'E', 'elim_num': 'E', 'team_id': 116}, {'name': 'Cleveland Guardians', 'div_rank': '3', 'w': 76, 'l': 86, 'gb': '11.0', 'wc_rank': '8', 'wc_gb': '13.0', 'wc_elim_num': 'E', 'elim_num': 'E', 'team_id': 114}, {'name': 'Chicago White Sox', 'div_rank': '4', 'w': 61, 'l': 101, 'gb': '26.0', 'wc_rank': '10', 'wc_gb': '28.0', 'wc_elim_num': 'E', 'elim_num': 'E', 'team_id': 145}, {'name': 'Kansas City Royals', 'div_rank': '5', 'w': 56, 'l': 106, 'gb': '31.0', 'wc_rank': '11', 'wc_gb': '33.0', 'wc_elim_num': 'E', 'elim_num': 'E', 'team_id': 118}]}
[2023-10-02T03:55:03.052+0000] {logging_mixin.py:151} INFO - {'div_name': 'American League West', 'teams': [{'name': 'Houston Astros', 'div_rank': '1', 'w': 90, 'l': 72, 'gb': '-', 'wc_rank': '-', 'wc_gb': '-', 'wc_elim_num': '-', 'elim_num': '-', 'team_id': 117}, {'name': 'Texas Rangers', 'div_rank': '2', 'w': 90, 'l': 72, 'gb': '-', 'wc_rank': '2', 'wc_gb': '+1.0', 'wc_elim_num': '-', 'elim_num': '1', 'team_id': 140}, {'name': 'Seattle Mariners', 'div_rank': '3', 'w': 88, 'l': 74, 'gb': '2.0', 'wc_rank': '4', 'wc_gb': '1.0', 'wc_elim_num': 'E', 'elim_num': 'E', 'team_id': 136}, {'name': 'Los Angeles Angels', 'div_rank': '4', 'w': 73, 'l': 89, 'gb': '17.0', 'wc_rank': '9', 'wc_gb': '16.0', 'wc_elim_num': 'E', 'elim_num': 'E', 'team_id': 108}, {'name': 'Oakland Athletics', 'div_rank': '5', 'w': 50, 'l': 112, 'gb': '40.0', 'wc_rank': '12', 'wc_gb': '39.0', 'wc_elim_num': 'E', 'elim_num': 'E', 'team_id': 133}]}
[2023-10-02T03:55:03.054+0000] {logging_mixin.py:151} INFO - {'div_name': 'National League East', 'teams': [{'name': 'Atlanta Braves', 'div_rank': '1', 'w': 104, 'l': 58, 'gb': '-', 'wc_rank': '-', 'wc_gb': '-', 'wc_elim_num': '-', 'elim_num': '-', 'team_id': 144}, {'name': 'Philadelphia Phillies', 'div_rank': '2', 'w': 90, 'l': 72, 'gb': '14.0', 'wc_rank': '1', 'wc_gb': '+6.0', 'wc_elim_num': '-', 'elim_num': 'E', 'team_id': 143}, {'name': 'Miami Marlins', 'div_rank': '3', 'w': 84, 'l': 77, 'gb': '19.5', 'wc_rank': '2', 'wc_gb': '+0.5', 'wc_elim_num': '-', 'elim_num': 'E', 'team_id': 146}, {'name': 'New York Mets', 'div_rank': '4', 'w': 74, 'l': 87, 'gb': '29.5', 'wc_rank': '9', 'wc_gb': '9.5', 'wc_elim_num': 'E', 'elim_num': 'E', 'team_id': 121}, {'name': 'Washington Nationals', 'div_rank': '5', 'w': 71, 'l': 91, 'gb': '33.0', 'wc_rank': '11', 'wc_gb': '13.0', 'wc_elim_num': 'E', 'elim_num': 'E', 'team_id': 120}]}
[2023-10-02T03:55:03.055+0000] {logging_mixin.py:151} INFO - {'div_name': 'National League Central', 'teams': [{'name': 'Milwaukee Brewers', 'div_rank': '1', 'w': 92, 'l': 70, 'gb': '-', 'wc_rank': '-', 'wc_gb': '-', 'wc_elim_num': '-', 'elim_num': '-', 'team_id': 158}, {'name': 'Chicago Cubs', 'div_rank': '2', 'w': 83, 'l': 79, 'gb': '9.0', 'wc_rank': '4', 'wc_gb': '1.0', 'wc_elim_num': 'E', 'elim_num': 'E', 'team_id': 112}, {'name': 'Cincinnati Reds', 'div_rank': '3', 'w': 82, 'l': 80, 'gb': '10.0', 'wc_rank': '5', 'wc_gb': '2.0', 'wc_elim_num': 'E', 'elim_num': 'E', 'team_id': 113}, {'name': 'Pittsburgh Pirates', 'div_rank': '4', 'w': 76, 'l': 86, 'gb': '16.0', 'wc_rank': '8', 'wc_gb': '8.0', 'wc_elim_num': 'E', 'elim_num': 'E', 'team_id': 134}, {'name': 'St. Louis Cardinals', 'div_rank': '5', 'w': 71, 'l': 91, 'gb': '21.0', 'wc_rank': '10', 'wc_gb': '13.0', 'wc_elim_num': 'E', 'elim_num': 'E', 'team_id': 138}]}
[2023-10-02T03:55:03.057+0000] {logging_mixin.py:151} INFO - {'div_name': 'National League West', 'teams': [{'name': 'Los Angeles Dodgers', 'div_rank': '1', 'w': 100, 'l': 62, 'gb': '-', 'wc_rank': '-', 'wc_gb': '-', 'wc_elim_num': '-', 'elim_num': '-', 'team_id': 119}, {'name': 'Arizona Diamondbacks', 'div_rank': '2', 'w': 84, 'l': 78, 'gb': '16.0', 'wc_rank': '3', 'wc_gb': '-', 'wc_elim_num': '-', 'elim_num': 'E', 'team_id': 109}, {'name': 'San Diego Padres', 'div_rank': '3', 'w': 82, 'l': 80, 'gb': '18.0', 'wc_rank': '6', 'wc_gb': '2.0', 'wc_elim_num': 'E', 'elim_num': 'E', 'team_id': 135}, {'name': 'San Francisco Giants', 'div_rank': '4', 'w': 79, 'l': 83, 'gb': '21.0', 'wc_rank': '7', 'wc_gb': '5.0', 'wc_elim_num': 'E', 'elim_num': 'E', 'team_id': 137}, {'name': 'Colorado Rockies', 'div_rank': '5', 'w': 59, 'l': 103, 'gb': '41.0', 'wc_rank': '12', 'wc_gb': '25.0', 'wc_elim_num': 'E', 'elim_num': 'E', 'team_id': 115}]}
[2023-10-02T03:55:03.080+0000] {logging_mixin.py:151} INFO -                      Team    W    L  Total_G Team_abb
0       Baltimore Orioles  101   61      162      BAL
1          Tampa Bay Rays   99   63      162       TB
2       Toronto Blue Jays   89   73      162      TOR
3        New York Yankees   82   80      162      NYY
4          Boston Red Sox   78   84      162      BOS
5         Minnesota Twins   87   75      162      MIN
6          Detroit Tigers   78   84      162      DET
7     Cleveland Guardians   76   86      162      CLE
8       Chicago White Sox   61  101      162      CWS
9      Kansas City Royals   56  106      162       KC
10         Houston Astros   90   72      162      HOU
11          Texas Rangers   90   72      162      TEX
12       Seattle Mariners   88   74      162      SEA
13     Los Angeles Angels   73   89      162      LAA
14      Oakland Athletics   50  112      162      OAK
15         Atlanta Braves  104   58      162      ATL
16  Philadelphia Phillies   90   72      162      PHI
17          Miami Marlins   84   77      161      MIA
18          New York Mets   74   87      161      NYM
19   Washington Nationals   71   91      162      WSH
20      Milwaukee Brewers   92   70      162      MIL
21           Chicago Cubs   83   79      162      CHC
22        Cincinnati Reds   82   80      162      CIN
23     Pittsburgh Pirates   76   86      162      PIT
24    St. Louis Cardinals   71   91      162      STL
25    Los Angeles Dodgers  100   62      162      LAD
26   Arizona Diamondbacks   84   78      162       AZ
27       San Diego Padres   82   80      162       SD
28   San Francisco Giants   79   83      162       SF
29       Colorado Rockies   59  103      162      COL
[2023-10-02T03:55:03.125+0000] {logging_mixin.py:151} INFO - job done
[2023-10-02T03:55:03.126+0000] {python.py:194} INFO - Done. Returned value was: None
[2023-10-02T03:55:03.133+0000] {taskinstance.py:1400} INFO - Marking task as SUCCESS. dag_id=mlb_parser_ranking, task_id=get_rank, execution_date=20231001T035500, start_date=20231002T035502, end_date=20231002T035503
[2023-10-02T03:55:03.153+0000] {local_task_job_runner.py:228} INFO - Task exited with return code 0
[2023-10-02T03:55:03.163+0000] {taskinstance.py:2784} INFO - 0 downstream tasks scheduled from follow-on schedule check
