[2023-09-04T09:15:57.133+0000] {taskinstance.py:1159} INFO - Dependencies all met for dep_context=non-requeueable deps ti=<TaskInstance: FIBA_dag.parse_data manual__2023-09-04T09:15:49.305016+00:00 [queued]>
[2023-09-04T09:15:57.140+0000] {taskinstance.py:1159} INFO - Dependencies all met for dep_context=requeueable deps ti=<TaskInstance: FIBA_dag.parse_data manual__2023-09-04T09:15:49.305016+00:00 [queued]>
[2023-09-04T09:15:57.141+0000] {taskinstance.py:1361} INFO - Starting attempt 1 of 6
[2023-09-04T09:15:57.150+0000] {taskinstance.py:1382} INFO - Executing <Task(PythonOperator): parse_data> on 2023-09-04 09:15:49.305016+00:00
[2023-09-04T09:15:57.155+0000] {standard_task_runner.py:57} INFO - Started process 7312 to run task
[2023-09-04T09:15:57.161+0000] {standard_task_runner.py:84} INFO - Running: ['***', 'tasks', 'run', 'FIBA_dag', 'parse_data', 'manual__2023-09-04T09:15:49.305016+00:00', '--job-id', '126', '--raw', '--subdir', 'DAGS_FOLDER/FIBA.py', '--cfg-path', '/tmp/tmpnsl94mg1']
[2023-09-04T09:15:57.167+0000] {standard_task_runner.py:85} INFO - Job 126: Subtask parse_data
[2023-09-04T09:15:57.221+0000] {task_command.py:415} INFO - Running <TaskInstance: FIBA_dag.parse_data manual__2023-09-04T09:15:49.305016+00:00 [running]> on host ad6c67079ac6
[2023-09-04T09:15:57.551+0000] {taskinstance.py:1660} INFO - Exporting env vars: AIRFLOW_CTX_DAG_OWNER='andy_hsu' AIRFLOW_CTX_DAG_ID='FIBA_dag' AIRFLOW_CTX_TASK_ID='parse_data' AIRFLOW_CTX_EXECUTION_DATE='2023-09-04T09:15:49.305016+00:00' AIRFLOW_CTX_TRY_NUMBER='1' AIRFLOW_CTX_DAG_RUN_ID='manual__2023-09-04T09:15:49.305016+00:00'
[2023-09-04T09:15:58.509+0000] {logging_mixin.py:151} INFO - left_part: AUS
[2023-09-04T09:15:58.511+0000] {logging_mixin.py:151} INFO - right_part: GEO
[2023-09-04T09:15:58.512+0000] {logging_mixin.py:151} INFO - left_point: 
                                        100
                                    
[2023-09-04T09:15:58.513+0000] {logging_mixin.py:151} INFO - right_point: 
                                        84
                                    
[2023-09-04T09:15:58.513+0000] {logging_mixin.py:151} INFO - left_part: ITA
[2023-09-04T09:15:58.515+0000] {logging_mixin.py:151} INFO - right_part: PUR
[2023-09-04T09:15:58.515+0000] {logging_mixin.py:151} INFO - left_point: 
                                        73
                                    
[2023-09-04T09:15:58.516+0000] {logging_mixin.py:151} INFO - right_point: 
                                        57
                                    
[2023-09-04T09:15:58.517+0000] {logging_mixin.py:151} INFO - left_part: GRE
[2023-09-04T09:15:58.519+0000] {logging_mixin.py:151} INFO - right_part: MNE
[2023-09-04T09:15:58.520+0000] {logging_mixin.py:151} INFO - left_point: 
                                        69
                                    
[2023-09-04T09:15:58.520+0000] {logging_mixin.py:151} INFO - right_point: 
                                        73
                                    
[2023-09-04T09:15:58.521+0000] {logging_mixin.py:151} INFO - left_part: BRA
[2023-09-04T09:15:58.522+0000] {logging_mixin.py:151} INFO - right_part: LAT
[2023-09-04T09:15:58.523+0000] {logging_mixin.py:151} INFO - left_point: 
                                        84
                                    
[2023-09-04T09:15:58.523+0000] {logging_mixin.py:151} INFO - right_point: 
                                        104
                                    
[2023-09-04T09:15:58.524+0000] {logging_mixin.py:151} INFO - left_part: GER
[2023-09-04T09:15:58.525+0000] {logging_mixin.py:151} INFO - right_part: SLO
[2023-09-04T09:15:58.525+0000] {logging_mixin.py:151} INFO - left_point: 
                                        100
                                    
[2023-09-04T09:15:58.526+0000] {logging_mixin.py:151} INFO - right_point: 
                                        71
                                    
[2023-09-04T09:15:58.527+0000] {logging_mixin.py:151} INFO - left_part: DOM
[2023-09-04T09:15:58.527+0000] {logging_mixin.py:151} INFO - right_part: SRB
[2023-09-04T09:15:58.528+0000] {logging_mixin.py:151} INFO - left_point: 
                                        79
                                    
[2023-09-04T09:15:58.530+0000] {logging_mixin.py:151} INFO - right_point: 
                                        112
                                    
[2023-09-04T09:15:58.530+0000] {logging_mixin.py:151} INFO - left_part: USA
[2023-09-04T09:15:58.531+0000] {logging_mixin.py:151} INFO - right_part: LTU
[2023-09-04T09:15:58.532+0000] {logging_mixin.py:151} INFO - left_point: 
                                        104
                                    
[2023-09-04T09:15:58.532+0000] {logging_mixin.py:151} INFO - right_point: 
                                        110
                                    
[2023-09-04T09:15:58.533+0000] {logging_mixin.py:151} INFO - left_part: ESP
[2023-09-04T09:15:58.534+0000] {logging_mixin.py:151} INFO - right_part: CAN
[2023-09-04T09:15:58.535+0000] {logging_mixin.py:151} INFO - left_point: 
                                        85
                                    
[2023-09-04T09:15:58.535+0000] {logging_mixin.py:151} INFO - right_point: 
                                        88
                                    
[2023-09-04T09:15:58.537+0000] {python.py:194} INFO - Done. Returned value was: None
[2023-09-04T09:15:58.586+0000] {taskinstance.py:1400} INFO - Marking task as SUCCESS. dag_id=FIBA_dag, task_id=parse_data, execution_date=20230904T091549, start_date=20230904T091557, end_date=20230904T091558
[2023-09-04T09:15:58.657+0000] {local_task_job_runner.py:228} INFO - Task exited with return code 0
[2023-09-04T09:15:58.687+0000] {taskinstance.py:2784} INFO - 0 downstream tasks scheduled from follow-on schedule check
