[2023-09-13T09:22:08.804+0000] {taskinstance.py:1159} INFO - Dependencies all met for dep_context=non-requeueable deps ti=<TaskInstance: mlb_parser.get_hr_max manual__2023-09-13T09:21:51.123652+00:00 [queued]>
[2023-09-13T09:22:08.809+0000] {taskinstance.py:1159} INFO - Dependencies all met for dep_context=requeueable deps ti=<TaskInstance: mlb_parser.get_hr_max manual__2023-09-13T09:21:51.123652+00:00 [queued]>
[2023-09-13T09:22:08.810+0000] {taskinstance.py:1361} INFO - Starting attempt 1 of 2
[2023-09-13T09:22:08.822+0000] {taskinstance.py:1382} INFO - Executing <Task(PostgresOperator): get_hr_max> on 2023-09-13 09:21:51.123652+00:00
[2023-09-13T09:22:08.828+0000] {standard_task_runner.py:57} INFO - Started process 44967 to run task
[2023-09-13T09:22:08.831+0000] {standard_task_runner.py:84} INFO - Running: ['***', 'tasks', 'run', 'mlb_parser', 'get_hr_max', 'manual__2023-09-13T09:21:51.123652+00:00', '--job-id', '576', '--raw', '--subdir', 'DAGS_FOLDER/mlb_parser.py', '--cfg-path', '/tmp/tmpelpqtn8b']
[2023-09-13T09:22:08.834+0000] {standard_task_runner.py:85} INFO - Job 576: Subtask get_hr_max
[2023-09-13T09:22:08.882+0000] {task_command.py:415} INFO - Running <TaskInstance: mlb_parser.get_hr_max manual__2023-09-13T09:21:51.123652+00:00 [running]> on host 2e8147b3a465
[2023-09-13T09:22:09.151+0000] {taskinstance.py:1660} INFO - Exporting env vars: AIRFLOW_CTX_DAG_OWNER='andy_hsu' AIRFLOW_CTX_DAG_ID='mlb_parser' AIRFLOW_CTX_TASK_ID='get_hr_max' AIRFLOW_CTX_EXECUTION_DATE='2023-09-13T09:21:51.123652+00:00' AIRFLOW_CTX_TRY_NUMBER='1' AIRFLOW_CTX_DAG_RUN_ID='manual__2023-09-13T09:21:51.123652+00:00'
[2023-09-13T09:22:09.160+0000] {sql.py:274} INFO - Executing: 
            SELECT
                "Name",
                "HR"
                FROM mlb_parser
                ORDER BY "HR" DESC
                LIMIT 10;
            
[2023-09-13T09:22:09.291+0000] {base.py:73} INFO - Using connection ID 'postgres_mlb_parser_DB' for task execution.
[2023-09-13T09:22:09.418+0000] {base.py:73} INFO - Using connection ID 'postgres_mlb_parser_DB' for task execution.
[2023-09-13T09:22:09.651+0000] {sql.py:418} INFO - Running statement: 
            SELECT
                "Name",
                "HR"
                FROM mlb_parser
                ORDER BY "HR" DESC
                LIMIT 10;
            , parameters: None
[2023-09-13T09:22:09.671+0000] {sql.py:427} INFO - Rows affected: 10
[2023-09-13T09:22:09.967+0000] {taskinstance.py:1400} INFO - Marking task as SUCCESS. dag_id=mlb_parser, task_id=get_hr_max, execution_date=20230913T092151, start_date=20230913T092208, end_date=20230913T092209
[2023-09-13T09:22:10.105+0000] {local_task_job_runner.py:228} INFO - Task exited with return code 0
[2023-09-13T09:22:10.123+0000] {taskinstance.py:2784} INFO - 1 downstream tasks scheduled from follow-on schedule check
