[2023-09-11T02:46:03.387+0000] {taskinstance.py:1159} INFO - Dependencies all met for dep_context=non-requeueable deps ti=<TaskInstance: dag_with_postgres_operator_v01.create_postgre_table manual__2023-09-11T02:46:02.496897+00:00 [queued]>
[2023-09-11T02:46:03.392+0000] {taskinstance.py:1159} INFO - Dependencies all met for dep_context=requeueable deps ti=<TaskInstance: dag_with_postgres_operator_v01.create_postgre_table manual__2023-09-11T02:46:02.496897+00:00 [queued]>
[2023-09-11T02:46:03.393+0000] {taskinstance.py:1361} INFO - Starting attempt 1 of 6
[2023-09-11T02:46:03.400+0000] {taskinstance.py:1382} INFO - Executing <Task(PostgresOperator): create_postgre_table> on 2023-09-11 02:46:02.496897+00:00
[2023-09-11T02:46:03.404+0000] {standard_task_runner.py:57} INFO - Started process 3178 to run task
[2023-09-11T02:46:03.406+0000] {standard_task_runner.py:84} INFO - Running: ['***', 'tasks', 'run', 'dag_with_postgres_operator_v01', 'create_postgre_table', 'manual__2023-09-11T02:46:02.496897+00:00', '--job-id', '343', '--raw', '--subdir', 'DAGS_FOLDER/dag_with_postgre_operator.py', '--cfg-path', '/tmp/tmp1e7rv9r2']
[2023-09-11T02:46:03.408+0000] {standard_task_runner.py:85} INFO - Job 343: Subtask create_postgre_table
[2023-09-11T02:46:03.438+0000] {task_command.py:415} INFO - Running <TaskInstance: dag_with_postgres_operator_v01.create_postgre_table manual__2023-09-11T02:46:02.496897+00:00 [running]> on host 2e8147b3a465
[2023-09-11T02:46:03.482+0000] {taskinstance.py:1660} INFO - Exporting env vars: AIRFLOW_CTX_DAG_OWNER='andy_hsu' AIRFLOW_CTX_DAG_ID='dag_with_postgres_operator_v01' AIRFLOW_CTX_TASK_ID='create_postgre_table' AIRFLOW_CTX_EXECUTION_DATE='2023-09-11T02:46:02.496897+00:00' AIRFLOW_CTX_TRY_NUMBER='1' AIRFLOW_CTX_DAG_RUN_ID='manual__2023-09-11T02:46:02.496897+00:00'
[2023-09-11T02:46:03.485+0000] {sql.py:274} INFO - Executing: 
            create table if not exists dag_runs (
                dt date,
                dag_id character varying,
                primary key (dt, dag_id)
            )
            
[2023-09-11T02:46:03.490+0000] {base.py:73} INFO - Using connection ID 'postgres_localhost' for task execution.
[2023-09-11T02:46:03.498+0000] {base.py:73} INFO - Using connection ID 'postgres_localhost' for task execution.
[2023-09-11T02:46:03.511+0000] {sql.py:418} INFO - Running statement: 
            create table if not exists dag_runs (
                dt date,
                dag_id character varying,
                primary key (dt, dag_id)
            )
            , parameters: None
[2023-09-11T02:46:03.534+0000] {taskinstance.py:1400} INFO - Marking task as SUCCESS. dag_id=dag_with_postgres_operator_v01, task_id=create_postgre_table, execution_date=20230911T024602, start_date=20230911T024603, end_date=20230911T024603
[2023-09-11T02:46:03.582+0000] {local_task_job_runner.py:228} INFO - Task exited with return code 0
[2023-09-11T02:46:03.593+0000] {taskinstance.py:2784} INFO - 0 downstream tasks scheduled from follow-on schedule check
