[2023-09-15T03:04:02.517+0000] {taskinstance.py:1159} INFO - Dependencies all met for dep_context=non-requeueable deps ti=<TaskInstance: mlb_parser.output_avg_df scheduled__2023-09-15T02:00:00+00:00 [queued]>
[2023-09-15T03:04:02.523+0000] {taskinstance.py:1159} INFO - Dependencies all met for dep_context=requeueable deps ti=<TaskInstance: mlb_parser.output_avg_df scheduled__2023-09-15T02:00:00+00:00 [queued]>
[2023-09-15T03:04:02.525+0000] {taskinstance.py:1361} INFO - Starting attempt 1 of 2
[2023-09-15T03:04:02.534+0000] {taskinstance.py:1382} INFO - Executing <Task(PythonOperator): output_avg_df> on 2023-09-15 02:00:00+00:00
[2023-09-15T03:04:02.539+0000] {standard_task_runner.py:57} INFO - Started process 3447 to run task
[2023-09-15T03:04:02.542+0000] {standard_task_runner.py:84} INFO - Running: ['***', 'tasks', 'run', 'mlb_parser', 'output_avg_df', 'scheduled__2023-09-15T02:00:00+00:00', '--job-id', '643', '--raw', '--subdir', 'DAGS_FOLDER/mlb_parser.py', '--cfg-path', '/tmp/tmpzi0xohko']
[2023-09-15T03:04:02.545+0000] {standard_task_runner.py:85} INFO - Job 643: Subtask output_avg_df
[2023-09-15T03:04:02.582+0000] {task_command.py:415} INFO - Running <TaskInstance: mlb_parser.output_avg_df scheduled__2023-09-15T02:00:00+00:00 [running]> on host 2e8147b3a465
[2023-09-15T03:04:02.634+0000] {taskinstance.py:1660} INFO - Exporting env vars: AIRFLOW_CTX_DAG_OWNER='andy_hsu' AIRFLOW_CTX_DAG_ID='mlb_parser' AIRFLOW_CTX_TASK_ID='output_avg_df' AIRFLOW_CTX_EXECUTION_DATE='2023-09-15T02:00:00+00:00' AIRFLOW_CTX_TRY_NUMBER='1' AIRFLOW_CTX_DAG_RUN_ID='scheduled__2023-09-15T02:00:00+00:00'
[2023-09-15T03:04:02.651+0000] {logging_mixin.py:151} INFO -                 0    1    2         3
0     Luis Arraez  191  548  0.348540
1    Ronald Acuna  199  594  0.335017
2    Bryce Harper  122  414  0.294686
3  Michael Harris  129  443  0.291196
4    Bryson Stott  154  536  0.287313
5   Brandon Marsh  105  370  0.283784
6      Matt Olson  154  552  0.278986
7    Joey Meneses  153  550  0.278182
8       Alec Bohm  139  500  0.278000
9       Jon Berti   97  349  0.277937
[2023-09-15T03:04:02.652+0000] {python.py:194} INFO - Done. Returned value was: None
[2023-09-15T03:04:02.660+0000] {taskinstance.py:1400} INFO - Marking task as SUCCESS. dag_id=mlb_parser, task_id=output_avg_df, execution_date=20230915T020000, start_date=20230915T030402, end_date=20230915T030402
[2023-09-15T03:04:02.676+0000] {local_task_job_runner.py:228} INFO - Task exited with return code 0
[2023-09-15T03:04:02.692+0000] {taskinstance.py:2784} INFO - 0 downstream tasks scheduled from follow-on schedule check
