[2023-09-17T06:37:06.815+0000] {taskinstance.py:1159} INFO - Dependencies all met for dep_context=non-requeueable deps ti=<TaskInstance: mlb_parser.data_clean manual__2023-09-17T06:37:00.526468+00:00 [queued]>
[2023-09-17T06:37:06.821+0000] {taskinstance.py:1159} INFO - Dependencies all met for dep_context=requeueable deps ti=<TaskInstance: mlb_parser.data_clean manual__2023-09-17T06:37:00.526468+00:00 [queued]>
[2023-09-17T06:37:06.822+0000] {taskinstance.py:1361} INFO - Starting attempt 1 of 2
[2023-09-17T06:37:06.830+0000] {taskinstance.py:1382} INFO - Executing <Task(PythonOperator): data_clean> on 2023-09-17 06:37:00.526468+00:00
[2023-09-17T06:37:06.835+0000] {standard_task_runner.py:57} INFO - Started process 4546 to run task
[2023-09-17T06:37:06.838+0000] {standard_task_runner.py:84} INFO - Running: ['***', 'tasks', 'run', 'mlb_parser', 'data_clean', 'manual__2023-09-17T06:37:00.526468+00:00', '--job-id', '965', '--raw', '--subdir', 'DAGS_FOLDER/mlb_parser.py', '--cfg-path', '/tmp/tmpg_ta_7mr']
[2023-09-17T06:37:06.841+0000] {standard_task_runner.py:85} INFO - Job 965: Subtask data_clean
[2023-09-17T06:37:06.879+0000] {task_command.py:415} INFO - Running <TaskInstance: mlb_parser.data_clean manual__2023-09-17T06:37:00.526468+00:00 [running]> on host 41ed285d8c3c
[2023-09-17T06:37:06.938+0000] {taskinstance.py:1660} INFO - Exporting env vars: AIRFLOW_CTX_DAG_OWNER='andy_hsu' AIRFLOW_CTX_DAG_ID='mlb_parser' AIRFLOW_CTX_TASK_ID='data_clean' AIRFLOW_CTX_EXECUTION_DATE='2023-09-17T06:37:00.526468+00:00' AIRFLOW_CTX_TRY_NUMBER='1' AIRFLOW_CTX_DAG_RUN_ID='manual__2023-09-17T06:37:00.526468+00:00'
[2023-09-17T06:37:06.949+0000] {logging_mixin.py:151} INFO - ['nationals', 'braves', 'mets', 'marlins', 'phillies', 'brewers', 'cubs', 'reds', 'pirates', 'cardinals', 'dodgers', 'giants', 'padres', 'rockies', 'dbacks', 'astros', 'angels', 'rangers', 'athletics', 'mariners', 'twins', 'guardians', 'tigers', 'whitesox', 'royals', 'orioles', 'rays', 'bluejays', 'redsox', 'yankees']
[2023-09-17T06:37:06.951+0000] {logging_mixin.py:151} INFO - https://www.mlb.com/nationals/stats/
[2023-09-17T06:37:08.490+0000] {logging_mixin.py:151} INFO - https://www.mlb.com/braves/stats/
[2023-09-17T06:37:09.648+0000] {logging_mixin.py:151} INFO - https://www.mlb.com/mets/stats/
[2023-09-17T06:37:11.921+0000] {logging_mixin.py:151} INFO - https://www.mlb.com/marlins/stats/
[2023-09-17T06:37:14.029+0000] {logging_mixin.py:151} INFO - https://www.mlb.com/phillies/stats/
[2023-09-17T06:37:16.500+0000] {logging_mixin.py:151} INFO - https://www.mlb.com/brewers/stats/
[2023-09-17T06:37:17.908+0000] {logging_mixin.py:151} INFO - https://www.mlb.com/cubs/stats/
[2023-09-17T06:37:19.627+0000] {logging_mixin.py:151} INFO - https://www.mlb.com/reds/stats/
[2023-09-17T06:37:21.392+0000] {logging_mixin.py:151} INFO - https://www.mlb.com/pirates/stats/
[2023-09-17T06:37:22.937+0000] {logging_mixin.py:151} INFO - https://www.mlb.com/cardinals/stats/
[2023-09-17T06:37:25.382+0000] {logging_mixin.py:151} INFO - https://www.mlb.com/dodgers/stats/
[2023-09-17T06:37:26.627+0000] {logging_mixin.py:151} INFO - https://www.mlb.com/giants/stats/
[2023-09-17T06:37:29.545+0000] {logging_mixin.py:151} INFO - https://www.mlb.com/padres/stats/
[2023-09-17T06:37:30.816+0000] {logging_mixin.py:151} INFO - https://www.mlb.com/rockies/stats/
[2023-09-17T06:37:32.178+0000] {logging_mixin.py:151} INFO - https://www.mlb.com/dbacks/stats/
[2023-09-17T06:37:33.468+0000] {logging_mixin.py:151} INFO - https://www.mlb.com/astros/stats/
[2023-09-17T06:37:34.835+0000] {logging_mixin.py:151} INFO - https://www.mlb.com/angels/stats/
[2023-09-17T06:37:36.183+0000] {logging_mixin.py:151} INFO - https://www.mlb.com/rangers/stats/
[2023-09-17T06:37:38.617+0000] {logging_mixin.py:151} INFO - https://www.mlb.com/athletics/stats/
[2023-09-17T06:37:40.908+0000] {logging_mixin.py:151} INFO - https://www.mlb.com/mariners/stats/
[2023-09-17T06:37:42.005+0000] {logging_mixin.py:151} INFO - https://www.mlb.com/twins/stats/
[2023-09-17T06:37:44.566+0000] {logging_mixin.py:151} INFO - https://www.mlb.com/guardians/stats/
[2023-09-17T06:37:46.597+0000] {logging_mixin.py:151} INFO - https://www.mlb.com/tigers/stats/
[2023-09-17T06:37:47.500+0000] {logging_mixin.py:151} INFO - https://www.mlb.com/whitesox/stats/
[2023-09-17T06:37:49.493+0000] {logging_mixin.py:151} INFO - https://www.mlb.com/royals/stats/
[2023-09-17T06:37:51.575+0000] {logging_mixin.py:151} INFO - https://www.mlb.com/orioles/stats/
[2023-09-17T06:37:53.672+0000] {logging_mixin.py:151} INFO - https://www.mlb.com/rays/stats/
[2023-09-17T06:37:54.766+0000] {logging_mixin.py:151} INFO - https://www.mlb.com/bluejays/stats/
[2023-09-17T06:37:55.959+0000] {logging_mixin.py:151} INFO - https://www.mlb.com/redsox/stats/
[2023-09-17T06:37:59.237+0000] {logging_mixin.py:151} INFO - https://www.mlb.com/yankees/stats/
[2023-09-17T06:37:59.992+0000] {python.py:194} INFO - Done. Returned value was: None
[2023-09-17T06:37:59.999+0000] {taskinstance.py:1400} INFO - Marking task as SUCCESS. dag_id=mlb_parser, task_id=data_clean, execution_date=20230917T063700, start_date=20230917T063706, end_date=20230917T063759
[2023-09-17T06:38:00.064+0000] {local_task_job_runner.py:228} INFO - Task exited with return code 0
[2023-09-17T06:38:00.079+0000] {taskinstance.py:2784} INFO - 2 downstream tasks scheduled from follow-on schedule check
