[2023-09-15T15:36:10.440+0000] {taskinstance.py:1159} INFO - Dependencies all met for dep_context=non-requeueable deps ti=<TaskInstance: mlb_parser.get_hr_high manual__2023-09-15T15:35:38.597024+00:00 [queued]>
[2023-09-15T15:36:10.447+0000] {taskinstance.py:1159} INFO - Dependencies all met for dep_context=requeueable deps ti=<TaskInstance: mlb_parser.get_hr_high manual__2023-09-15T15:35:38.597024+00:00 [queued]>
[2023-09-15T15:36:10.448+0000] {taskinstance.py:1361} INFO - Starting attempt 1 of 2
[2023-09-15T15:36:10.458+0000] {taskinstance.py:1382} INFO - Executing <Task(PostgresOperator): get_hr_high> on 2023-09-15 15:35:38.597024+00:00
[2023-09-15T15:36:10.464+0000] {standard_task_runner.py:57} INFO - Started process 42025 to run task
[2023-09-15T15:36:10.467+0000] {standard_task_runner.py:84} INFO - Running: ['***', 'tasks', 'run', 'mlb_parser', 'get_hr_high', 'manual__2023-09-15T15:35:38.597024+00:00', '--job-id', '846', '--raw', '--subdir', 'DAGS_FOLDER/mlb_parser.py', '--cfg-path', '/tmp/tmpmkx6mkzg']
[2023-09-15T15:36:10.470+0000] {standard_task_runner.py:85} INFO - Job 846: Subtask get_hr_high
[2023-09-15T15:36:10.511+0000] {task_command.py:415} INFO - Running <TaskInstance: mlb_parser.get_hr_high manual__2023-09-15T15:35:38.597024+00:00 [running]> on host 2e8147b3a465
[2023-09-15T15:36:10.571+0000] {taskinstance.py:1660} INFO - Exporting env vars: AIRFLOW_CTX_DAG_OWNER='andy_hsu' AIRFLOW_CTX_DAG_ID='mlb_parser' AIRFLOW_CTX_TASK_ID='get_hr_high' AIRFLOW_CTX_EXECUTION_DATE='2023-09-15T15:35:38.597024+00:00' AIRFLOW_CTX_TRY_NUMBER='1' AIRFLOW_CTX_DAG_RUN_ID='manual__2023-09-15T15:35:38.597024+00:00'
[2023-09-15T15:36:10.573+0000] {sql.py:274} INFO - Executing: 
            SELECT
                "Name",
                "POS",
                "Team",
                "G",
                "AB",
                "HR",
                "RBI",
                "BB",
                "SO",
                "OBP",
                "SLG",
                CURRENT_DATE AS "date"
                FROM mlb_data_2023
                ORDER BY "HR" DESC
                LIMIT 10;
            
[2023-09-15T15:36:10.581+0000] {base.py:73} INFO - Using connection ID 'postgres_mlb_parser_DB' for task execution.
[2023-09-15T15:36:10.592+0000] {base.py:73} INFO - Using connection ID 'postgres_mlb_parser_DB' for task execution.
[2023-09-15T15:36:10.604+0000] {sql.py:418} INFO - Running statement: 
            SELECT
                "Name",
                "POS",
                "Team",
                "G",
                "AB",
                "HR",
                "RBI",
                "BB",
                "SO",
                "OBP",
                "SLG",
                CURRENT_DATE AS "date"
                FROM mlb_data_2023
                ORDER BY "HR" DESC
                LIMIT 10;
            , parameters: None
[2023-09-15T15:36:10.612+0000] {sql.py:427} INFO - Rows affected: 10
[2023-09-15T15:36:10.640+0000] {taskinstance.py:1400} INFO - Marking task as SUCCESS. dag_id=mlb_parser, task_id=get_hr_high, execution_date=20230915T153538, start_date=20230915T153610, end_date=20230915T153610
[2023-09-15T15:36:10.681+0000] {local_task_job_runner.py:228} INFO - Task exited with return code 0
[2023-09-15T15:36:10.698+0000] {taskinstance.py:2784} INFO - 1 downstream tasks scheduled from follow-on schedule check
