[2023-09-18T04:49:28.074+0000] {taskinstance.py:1159} INFO - Dependencies all met for dep_context=non-requeueable deps ti=<TaskInstance: mlb_parser.data_clean manual__2023-09-18T04:49:22.983463+00:00 [queued]>
[2023-09-18T04:49:28.080+0000] {taskinstance.py:1159} INFO - Dependencies all met for dep_context=requeueable deps ti=<TaskInstance: mlb_parser.data_clean manual__2023-09-18T04:49:22.983463+00:00 [queued]>
[2023-09-18T04:49:28.081+0000] {taskinstance.py:1361} INFO - Starting attempt 1 of 2
[2023-09-18T04:49:28.088+0000] {taskinstance.py:1382} INFO - Executing <Task(PythonOperator): data_clean> on 2023-09-18 04:49:22.983463+00:00
[2023-09-18T04:49:28.092+0000] {standard_task_runner.py:57} INFO - Started process 14581 to run task
[2023-09-18T04:49:28.095+0000] {standard_task_runner.py:84} INFO - Running: ['***', 'tasks', 'run', 'mlb_parser', 'data_clean', 'manual__2023-09-18T04:49:22.983463+00:00', '--job-id', '1210', '--raw', '--subdir', 'DAGS_FOLDER/mlb_parser.py', '--cfg-path', '/tmp/tmpcc6o91q8']
[2023-09-18T04:49:28.097+0000] {standard_task_runner.py:85} INFO - Job 1210: Subtask data_clean
[2023-09-18T04:49:28.127+0000] {task_command.py:415} INFO - Running <TaskInstance: mlb_parser.data_clean manual__2023-09-18T04:49:22.983463+00:00 [running]> on host 41ed285d8c3c
[2023-09-18T04:49:28.174+0000] {taskinstance.py:1660} INFO - Exporting env vars: AIRFLOW_CTX_DAG_OWNER='andy_hsu' AIRFLOW_CTX_DAG_ID='mlb_parser' AIRFLOW_CTX_TASK_ID='data_clean' AIRFLOW_CTX_EXECUTION_DATE='2023-09-18T04:49:22.983463+00:00' AIRFLOW_CTX_TRY_NUMBER='1' AIRFLOW_CTX_DAG_RUN_ID='manual__2023-09-18T04:49:22.983463+00:00'
[2023-09-18T04:49:28.182+0000] {logging_mixin.py:151} INFO - ['nationals', 'braves', 'mets', 'marlins', 'phillies', 'brewers', 'cubs', 'reds', 'pirates', 'cardinals', 'dodgers', 'giants', 'padres', 'rockies', 'dbacks', 'astros', 'angels', 'rangers', 'athletics', 'mariners', 'twins', 'guardians', 'tigers', 'whitesox', 'royals', 'orioles', 'rays', 'bluejays', 'redsox', 'yankees']
[2023-09-18T04:49:28.183+0000] {logging_mixin.py:151} INFO - https://www.mlb.com/nationals/stats/
[2023-09-18T04:49:29.458+0000] {logging_mixin.py:151} INFO - https://www.mlb.com/braves/stats/
[2023-09-18T04:49:30.620+0000] {logging_mixin.py:151} INFO - https://www.mlb.com/mets/stats/
[2023-09-18T04:49:32.620+0000] {logging_mixin.py:151} INFO - https://www.mlb.com/marlins/stats/
[2023-09-18T04:49:33.897+0000] {logging_mixin.py:151} INFO - https://www.mlb.com/phillies/stats/
[2023-09-18T04:49:34.835+0000] {logging_mixin.py:151} INFO - https://www.mlb.com/brewers/stats/
[2023-09-18T04:49:36.413+0000] {logging_mixin.py:151} INFO - https://www.mlb.com/cubs/stats/
[2023-09-18T04:49:36.909+0000] {logging_mixin.py:151} INFO - https://www.mlb.com/reds/stats/
[2023-09-18T04:49:37.913+0000] {logging_mixin.py:151} INFO - https://www.mlb.com/pirates/stats/
[2023-09-18T04:49:38.897+0000] {logging_mixin.py:151} INFO - https://www.mlb.com/cardinals/stats/
[2023-09-18T04:49:40.025+0000] {logging_mixin.py:151} INFO - https://www.mlb.com/dodgers/stats/
[2023-09-18T04:49:41.391+0000] {logging_mixin.py:151} INFO - https://www.mlb.com/giants/stats/
[2023-09-18T04:49:42.729+0000] {logging_mixin.py:151} INFO - https://www.mlb.com/padres/stats/
[2023-09-18T04:49:44.570+0000] {logging_mixin.py:151} INFO - https://www.mlb.com/rockies/stats/
[2023-09-18T04:49:47.351+0000] {logging_mixin.py:151} INFO - https://www.mlb.com/dbacks/stats/
[2023-09-18T04:49:48.408+0000] {logging_mixin.py:151} INFO - https://www.mlb.com/astros/stats/
[2023-09-18T04:49:49.376+0000] {logging_mixin.py:151} INFO - https://www.mlb.com/angels/stats/
[2023-09-18T04:49:50.318+0000] {logging_mixin.py:151} INFO - https://www.mlb.com/rangers/stats/
[2023-09-18T04:49:52.386+0000] {logging_mixin.py:151} INFO - https://www.mlb.com/athletics/stats/
[2023-09-18T04:49:56.026+0000] {logging_mixin.py:151} INFO - https://www.mlb.com/mariners/stats/
[2023-09-18T04:49:58.774+0000] {logging_mixin.py:151} INFO - https://www.mlb.com/twins/stats/
[2023-09-18T04:50:01.433+0000] {logging_mixin.py:151} INFO - https://www.mlb.com/guardians/stats/
[2023-09-18T04:50:03.127+0000] {logging_mixin.py:151} INFO - https://www.mlb.com/tigers/stats/
[2023-09-18T04:50:04.421+0000] {logging_mixin.py:151} INFO - https://www.mlb.com/whitesox/stats/
[2023-09-18T04:50:07.750+0000] {logging_mixin.py:151} INFO - https://www.mlb.com/royals/stats/
[2023-09-18T04:50:08.943+0000] {logging_mixin.py:151} INFO - https://www.mlb.com/orioles/stats/
[2023-09-18T04:50:10.221+0000] {logging_mixin.py:151} INFO - https://www.mlb.com/rays/stats/
[2023-09-18T04:50:11.351+0000] {logging_mixin.py:151} INFO - https://www.mlb.com/bluejays/stats/
[2023-09-18T04:50:12.792+0000] {logging_mixin.py:151} INFO - https://www.mlb.com/redsox/stats/
[2023-09-18T04:50:13.798+0000] {logging_mixin.py:151} INFO - https://www.mlb.com/yankees/stats/
[2023-09-18T04:50:15.007+0000] {python.py:194} INFO - Done. Returned value was: None
[2023-09-18T04:50:15.013+0000] {taskinstance.py:1400} INFO - Marking task as SUCCESS. dag_id=mlb_parser, task_id=data_clean, execution_date=20230918T044922, start_date=20230918T044928, end_date=20230918T045015
[2023-09-18T04:50:15.048+0000] {local_task_job_runner.py:228} INFO - Task exited with return code 0
[2023-09-18T04:50:15.062+0000] {taskinstance.py:2784} INFO - 2 downstream tasks scheduled from follow-on schedule check
