[2023-09-22T11:26:03.221+0000] {taskinstance.py:1159} INFO - Dependencies all met for dep_context=non-requeueable deps ti=<TaskInstance: mlb_parser.data_clean manual__2023-09-22T11:25:57.643067+00:00 [queued]>
[2023-09-22T11:26:03.228+0000] {taskinstance.py:1159} INFO - Dependencies all met for dep_context=requeueable deps ti=<TaskInstance: mlb_parser.data_clean manual__2023-09-22T11:25:57.643067+00:00 [queued]>
[2023-09-22T11:26:03.229+0000] {taskinstance.py:1361} INFO - Starting attempt 1 of 2
[2023-09-22T11:26:03.240+0000] {taskinstance.py:1382} INFO - Executing <Task(PythonOperator): data_clean> on 2023-09-22 11:25:57.643067+00:00
[2023-09-22T11:26:03.246+0000] {standard_task_runner.py:57} INFO - Started process 30321 to run task
[2023-09-22T11:26:03.250+0000] {standard_task_runner.py:84} INFO - Running: ['***', 'tasks', 'run', 'mlb_parser', 'data_clean', 'manual__2023-09-22T11:25:57.643067+00:00', '--job-id', '1414', '--raw', '--subdir', 'DAGS_FOLDER/mlb_parser_hit.py', '--cfg-path', '/tmp/tmpcah_ksgj']
[2023-09-22T11:26:03.254+0000] {standard_task_runner.py:85} INFO - Job 1414: Subtask data_clean
[2023-09-22T11:26:03.294+0000] {task_command.py:415} INFO - Running <TaskInstance: mlb_parser.data_clean manual__2023-09-22T11:25:57.643067+00:00 [running]> on host d98c068596b4
[2023-09-22T11:26:03.358+0000] {taskinstance.py:1660} INFO - Exporting env vars: AIRFLOW_CTX_DAG_OWNER='andy_hsu' AIRFLOW_CTX_DAG_ID='mlb_parser' AIRFLOW_CTX_TASK_ID='data_clean' AIRFLOW_CTX_EXECUTION_DATE='2023-09-22T11:25:57.643067+00:00' AIRFLOW_CTX_TRY_NUMBER='1' AIRFLOW_CTX_DAG_RUN_ID='manual__2023-09-22T11:25:57.643067+00:00'
[2023-09-22T11:26:03.366+0000] {logging_mixin.py:151} INFO - ['nationals', 'braves', 'mets', 'marlins', 'phillies', 'brewers', 'cubs', 'reds', 'pirates', 'cardinals', 'dodgers', 'giants', 'padres', 'rockies', 'dbacks', 'astros', 'angels', 'rangers', 'athletics', 'mariners', 'twins', 'guardians', 'tigers', 'whitesox', 'royals', 'orioles', 'rays', 'bluejays', 'redsox', 'yankees']
[2023-09-22T11:26:03.368+0000] {logging_mixin.py:151} INFO - https://www.mlb.com/nationals/stats/
[2023-09-22T11:26:05.620+0000] {logging_mixin.py:151} INFO - https://www.mlb.com/braves/stats/
[2023-09-22T11:26:07.678+0000] {logging_mixin.py:151} INFO - https://www.mlb.com/mets/stats/
[2023-09-22T11:26:09.517+0000] {logging_mixin.py:151} INFO - https://www.mlb.com/marlins/stats/
[2023-09-22T11:26:10.978+0000] {logging_mixin.py:151} INFO - https://www.mlb.com/phillies/stats/
[2023-09-22T11:26:12.365+0000] {logging_mixin.py:151} INFO - https://www.mlb.com/brewers/stats/
[2023-09-22T11:26:13.372+0000] {logging_mixin.py:151} INFO - https://www.mlb.com/cubs/stats/
[2023-09-22T11:26:14.577+0000] {logging_mixin.py:151} INFO - https://www.mlb.com/reds/stats/
[2023-09-22T11:26:16.031+0000] {logging_mixin.py:151} INFO - https://www.mlb.com/pirates/stats/
[2023-09-22T11:26:17.043+0000] {logging_mixin.py:151} INFO - https://www.mlb.com/cardinals/stats/
[2023-09-22T11:26:18.382+0000] {logging_mixin.py:151} INFO - https://www.mlb.com/dodgers/stats/
[2023-09-22T11:26:19.976+0000] {logging_mixin.py:151} INFO - https://www.mlb.com/giants/stats/
[2023-09-22T11:26:21.215+0000] {logging_mixin.py:151} INFO - https://www.mlb.com/padres/stats/
[2023-09-22T11:26:22.525+0000] {logging_mixin.py:151} INFO - https://www.mlb.com/rockies/stats/
[2023-09-22T11:26:30.198+0000] {logging_mixin.py:151} INFO - https://www.mlb.com/dbacks/stats/
[2023-09-22T11:26:33.812+0000] {logging_mixin.py:151} INFO - https://www.mlb.com/astros/stats/
[2023-09-22T11:26:36.042+0000] {logging_mixin.py:151} INFO - https://www.mlb.com/angels/stats/
[2023-09-22T11:26:39.142+0000] {logging_mixin.py:151} INFO - https://www.mlb.com/rangers/stats/
[2023-09-22T11:26:41.382+0000] {logging_mixin.py:151} INFO - https://www.mlb.com/athletics/stats/
[2023-09-22T11:26:42.755+0000] {logging_mixin.py:151} INFO - https://www.mlb.com/mariners/stats/
[2023-09-22T11:26:45.650+0000] {logging_mixin.py:151} INFO - https://www.mlb.com/twins/stats/
[2023-09-22T11:26:47.336+0000] {logging_mixin.py:151} INFO - https://www.mlb.com/guardians/stats/
[2023-09-22T11:26:48.781+0000] {logging_mixin.py:151} INFO - https://www.mlb.com/tigers/stats/
[2023-09-22T11:26:51.343+0000] {logging_mixin.py:151} INFO - https://www.mlb.com/whitesox/stats/
[2023-09-22T11:26:53.120+0000] {logging_mixin.py:151} INFO - https://www.mlb.com/royals/stats/
[2023-09-22T11:26:54.659+0000] {logging_mixin.py:151} INFO - https://www.mlb.com/orioles/stats/
[2023-09-22T11:26:55.789+0000] {logging_mixin.py:151} INFO - https://www.mlb.com/rays/stats/
[2023-09-22T11:26:58.117+0000] {logging_mixin.py:151} INFO - https://www.mlb.com/bluejays/stats/
[2023-09-22T11:26:59.045+0000] {logging_mixin.py:151} INFO - https://www.mlb.com/redsox/stats/
[2023-09-22T11:27:00.553+0000] {logging_mixin.py:151} INFO - https://www.mlb.com/yankees/stats/
[2023-09-22T11:27:01.600+0000] {python.py:194} INFO - Done. Returned value was: None
[2023-09-22T11:27:01.607+0000] {taskinstance.py:1400} INFO - Marking task as SUCCESS. dag_id=mlb_parser, task_id=data_clean, execution_date=20230922T112557, start_date=20230922T112603, end_date=20230922T112701
[2023-09-22T11:27:01.653+0000] {local_task_job_runner.py:228} INFO - Task exited with return code 0
[2023-09-22T11:27:01.668+0000] {taskinstance.py:2784} INFO - 2 downstream tasks scheduled from follow-on schedule check
