[2023-09-18T04:21:55.834+0000] {taskinstance.py:1159} INFO - Dependencies all met for dep_context=non-requeueable deps ti=<TaskInstance: mlb_parser.data_clean manual__2023-09-18T04:21:42.764457+00:00 [queued]>
[2023-09-18T04:21:55.839+0000] {taskinstance.py:1159} INFO - Dependencies all met for dep_context=requeueable deps ti=<TaskInstance: mlb_parser.data_clean manual__2023-09-18T04:21:42.764457+00:00 [queued]>
[2023-09-18T04:21:55.840+0000] {taskinstance.py:1361} INFO - Starting attempt 1 of 2
[2023-09-18T04:21:55.847+0000] {taskinstance.py:1382} INFO - Executing <Task(PythonOperator): data_clean> on 2023-09-18 04:21:42.764457+00:00
[2023-09-18T04:21:55.851+0000] {standard_task_runner.py:57} INFO - Started process 12064 to run task
[2023-09-18T04:21:55.853+0000] {standard_task_runner.py:84} INFO - Running: ['***', 'tasks', 'run', 'mlb_parser', 'data_clean', 'manual__2023-09-18T04:21:42.764457+00:00', '--job-id', '1150', '--raw', '--subdir', 'DAGS_FOLDER/mlb_parser.py', '--cfg-path', '/tmp/tmp0urnrf9a']
[2023-09-18T04:21:55.856+0000] {standard_task_runner.py:85} INFO - Job 1150: Subtask data_clean
[2023-09-18T04:21:55.884+0000] {task_command.py:415} INFO - Running <TaskInstance: mlb_parser.data_clean manual__2023-09-18T04:21:42.764457+00:00 [running]> on host 41ed285d8c3c
[2023-09-18T04:21:55.931+0000] {taskinstance.py:1660} INFO - Exporting env vars: AIRFLOW_CTX_DAG_OWNER='andy_hsu' AIRFLOW_CTX_DAG_ID='mlb_parser' AIRFLOW_CTX_TASK_ID='data_clean' AIRFLOW_CTX_EXECUTION_DATE='2023-09-18T04:21:42.764457+00:00' AIRFLOW_CTX_TRY_NUMBER='1' AIRFLOW_CTX_DAG_RUN_ID='manual__2023-09-18T04:21:42.764457+00:00'
[2023-09-18T04:21:55.938+0000] {logging_mixin.py:151} INFO - ['nationals', 'braves', 'mets', 'marlins', 'phillies', 'brewers', 'cubs', 'reds', 'pirates', 'cardinals', 'dodgers', 'giants', 'padres', 'rockies', 'dbacks', 'astros', 'angels', 'rangers', 'athletics', 'mariners', 'twins', 'guardians', 'tigers', 'whitesox', 'royals', 'orioles', 'rays', 'bluejays', 'redsox', 'yankees']
[2023-09-18T04:21:55.940+0000] {logging_mixin.py:151} INFO - https://www.mlb.com/nationals/stats/
[2023-09-18T04:21:57.966+0000] {logging_mixin.py:151} INFO - https://www.mlb.com/braves/stats/
[2023-09-18T04:21:59.864+0000] {logging_mixin.py:151} INFO - https://www.mlb.com/mets/stats/
[2023-09-18T04:22:01.469+0000] {logging_mixin.py:151} INFO - https://www.mlb.com/marlins/stats/
[2023-09-18T04:22:02.079+0000] {logging_mixin.py:151} INFO - https://www.mlb.com/phillies/stats/
[2023-09-18T04:22:03.244+0000] {logging_mixin.py:151} INFO - https://www.mlb.com/brewers/stats/
[2023-09-18T04:22:04.614+0000] {logging_mixin.py:151} INFO - https://www.mlb.com/cubs/stats/
[2023-09-18T04:22:06.564+0000] {logging_mixin.py:151} INFO - https://www.mlb.com/reds/stats/
[2023-09-18T04:22:07.811+0000] {logging_mixin.py:151} INFO - https://www.mlb.com/pirates/stats/
[2023-09-18T04:22:09.966+0000] {logging_mixin.py:151} INFO - https://www.mlb.com/cardinals/stats/
[2023-09-18T04:22:10.609+0000] {logging_mixin.py:151} INFO - https://www.mlb.com/dodgers/stats/
[2023-09-18T04:22:11.653+0000] {logging_mixin.py:151} INFO - https://www.mlb.com/giants/stats/
[2023-09-18T04:22:13.798+0000] {logging_mixin.py:151} INFO - https://www.mlb.com/padres/stats/
[2023-09-18T04:22:15.102+0000] {logging_mixin.py:151} INFO - https://www.mlb.com/rockies/stats/
[2023-09-18T04:22:18.267+0000] {logging_mixin.py:151} INFO - https://www.mlb.com/dbacks/stats/
[2023-09-18T04:22:19.193+0000] {logging_mixin.py:151} INFO - https://www.mlb.com/astros/stats/
[2023-09-18T04:22:21.064+0000] {logging_mixin.py:151} INFO - https://www.mlb.com/angels/stats/
[2023-09-18T04:22:22.467+0000] {logging_mixin.py:151} INFO - https://www.mlb.com/rangers/stats/
[2023-09-18T04:22:25.246+0000] {logging_mixin.py:151} INFO - https://www.mlb.com/athletics/stats/
[2023-09-18T04:22:27.281+0000] {logging_mixin.py:151} INFO - https://www.mlb.com/mariners/stats/
[2023-09-18T04:22:30.177+0000] {logging_mixin.py:151} INFO - https://www.mlb.com/twins/stats/
[2023-09-18T04:22:31.307+0000] {logging_mixin.py:151} INFO - https://www.mlb.com/guardians/stats/
[2023-09-18T04:22:32.314+0000] {logging_mixin.py:151} INFO - https://www.mlb.com/tigers/stats/
[2023-09-18T04:22:33.423+0000] {logging_mixin.py:151} INFO - https://www.mlb.com/whitesox/stats/
[2023-09-18T04:22:34.362+0000] {logging_mixin.py:151} INFO - https://www.mlb.com/royals/stats/
[2023-09-18T04:22:35.649+0000] {logging_mixin.py:151} INFO - https://www.mlb.com/orioles/stats/
[2023-09-18T04:22:36.780+0000] {logging_mixin.py:151} INFO - https://www.mlb.com/rays/stats/
[2023-09-18T04:22:38.711+0000] {logging_mixin.py:151} INFO - https://www.mlb.com/bluejays/stats/
[2023-09-18T04:22:39.956+0000] {logging_mixin.py:151} INFO - https://www.mlb.com/redsox/stats/
[2023-09-18T04:22:42.003+0000] {logging_mixin.py:151} INFO - https://www.mlb.com/yankees/stats/
[2023-09-18T04:22:44.190+0000] {python.py:194} INFO - Done. Returned value was: None
[2023-09-18T04:22:44.196+0000] {taskinstance.py:1400} INFO - Marking task as SUCCESS. dag_id=mlb_parser, task_id=data_clean, execution_date=20230918T042142, start_date=20230918T042155, end_date=20230918T042244
[2023-09-18T04:22:44.247+0000] {local_task_job_runner.py:228} INFO - Task exited with return code 0
[2023-09-18T04:22:44.262+0000] {taskinstance.py:2784} INFO - 2 downstream tasks scheduled from follow-on schedule check
