[2023-09-04T08:34:02.470+0000] {taskinstance.py:1159} INFO - Dependencies all met for dep_context=non-requeueable deps ti=<TaskInstance: FIBA_dag.parse_data manual__2023-09-04T08:33:49.855581+00:00 [queued]>
[2023-09-04T08:34:02.476+0000] {taskinstance.py:1159} INFO - Dependencies all met for dep_context=requeueable deps ti=<TaskInstance: FIBA_dag.parse_data manual__2023-09-04T08:33:49.855581+00:00 [queued]>
[2023-09-04T08:34:02.477+0000] {taskinstance.py:1361} INFO - Starting attempt 1 of 6
[2023-09-04T08:34:02.484+0000] {taskinstance.py:1382} INFO - Executing <Task(PythonOperator): parse_data> on 2023-09-04 08:33:49.855581+00:00
[2023-09-04T08:34:02.489+0000] {standard_task_runner.py:57} INFO - Started process 4841 to run task
[2023-09-04T08:34:02.492+0000] {standard_task_runner.py:84} INFO - Running: ['***', 'tasks', 'run', 'FIBA_dag', 'parse_data', 'manual__2023-09-04T08:33:49.855581+00:00', '--job-id', '106', '--raw', '--subdir', 'DAGS_FOLDER/FIBA.py', '--cfg-path', '/tmp/tmpsrewgrm2']
[2023-09-04T08:34:02.495+0000] {standard_task_runner.py:85} INFO - Job 106: Subtask parse_data
[2023-09-04T08:34:02.561+0000] {task_command.py:415} INFO - Running <TaskInstance: FIBA_dag.parse_data manual__2023-09-04T08:33:49.855581+00:00 [running]> on host ad6c67079ac6
[2023-09-04T08:34:02.612+0000] {taskinstance.py:1660} INFO - Exporting env vars: AIRFLOW_CTX_DAG_OWNER='andy_hsu' AIRFLOW_CTX_DAG_ID='FIBA_dag' AIRFLOW_CTX_TASK_ID='parse_data' AIRFLOW_CTX_EXECUTION_DATE='2023-09-04T08:33:49.855581+00:00' AIRFLOW_CTX_TRY_NUMBER='1' AIRFLOW_CTX_DAG_RUN_ID='manual__2023-09-04T08:33:49.855581+00:00'
[2023-09-04T08:34:02.836+0000] {logging_mixin.py:151} INFO - 
Australia
AUS
[2023-09-04T08:34:02.839+0000] {logging_mixin.py:151} INFO - 
Italy
ITA
[2023-09-04T08:34:02.840+0000] {logging_mixin.py:151} INFO - 
Greece
GRE
[2023-09-04T08:34:02.841+0000] {logging_mixin.py:151} INFO - 
Brazil
BRA
[2023-09-04T08:34:02.842+0000] {logging_mixin.py:151} INFO - 
Germany
GER
[2023-09-04T08:34:02.844+0000] {logging_mixin.py:151} INFO - 
Dominican Republic
DOM
[2023-09-04T08:34:02.845+0000] {logging_mixin.py:151} INFO - 
USA
USA
[2023-09-04T08:34:02.846+0000] {logging_mixin.py:151} INFO - 
Spain
ESP
[2023-09-04T08:34:02.847+0000] {python.py:194} INFO - Done. Returned value was: None
[2023-09-04T08:34:02.903+0000] {taskinstance.py:1400} INFO - Marking task as SUCCESS. dag_id=FIBA_dag, task_id=parse_data, execution_date=20230904T083349, start_date=20230904T083402, end_date=20230904T083402
[2023-09-04T08:34:03.000+0000] {local_task_job_runner.py:228} INFO - Task exited with return code 0
[2023-09-04T08:34:03.031+0000] {taskinstance.py:2784} INFO - 0 downstream tasks scheduled from follow-on schedule check
