[2023-09-15T06:47:50.197+0000] {taskinstance.py:1159} INFO - Dependencies all met for dep_context=non-requeueable deps ti=<TaskInstance: mlb_parser.create_postgre_table_mlb_data manual__2023-09-15T06:47:43.539556+00:00 [queued]>
[2023-09-15T06:47:50.291+0000] {taskinstance.py:1159} INFO - Dependencies all met for dep_context=requeueable deps ti=<TaskInstance: mlb_parser.create_postgre_table_mlb_data manual__2023-09-15T06:47:43.539556+00:00 [queued]>
[2023-09-15T06:47:50.299+0000] {taskinstance.py:1361} INFO - Starting attempt 1 of 2
[2023-09-15T06:47:50.446+0000] {taskinstance.py:1382} INFO - Executing <Task(PostgresOperator): create_postgre_table_mlb_data> on 2023-09-15 06:47:43.539556+00:00
[2023-09-15T06:47:50.459+0000] {standard_task_runner.py:57} INFO - Started process 21033 to run task
[2023-09-15T06:47:50.490+0000] {standard_task_runner.py:84} INFO - Running: ['***', 'tasks', 'run', 'mlb_parser', 'create_postgre_table_mlb_data', 'manual__2023-09-15T06:47:43.539556+00:00', '--job-id', '680', '--raw', '--subdir', 'DAGS_FOLDER/mlb_parser.py', '--cfg-path', '/tmp/tmp6gx4aypk']
[2023-09-15T06:47:50.975+0000] {standard_task_runner.py:85} INFO - Job 680: Subtask create_postgre_table_mlb_data
[2023-09-15T06:47:51.128+0000] {task_command.py:415} INFO - Running <TaskInstance: mlb_parser.create_postgre_table_mlb_data manual__2023-09-15T06:47:43.539556+00:00 [running]> on host 2e8147b3a465
[2023-09-15T06:47:51.245+0000] {taskinstance.py:1660} INFO - Exporting env vars: AIRFLOW_CTX_DAG_OWNER='andy_hsu' AIRFLOW_CTX_DAG_ID='mlb_parser' AIRFLOW_CTX_TASK_ID='create_postgre_table_mlb_data' AIRFLOW_CTX_EXECUTION_DATE='2023-09-15T06:47:43.539556+00:00' AIRFLOW_CTX_TRY_NUMBER='1' AIRFLOW_CTX_DAG_RUN_ID='manual__2023-09-15T06:47:43.539556+00:00'
[2023-09-15T06:47:51.248+0000] {sql.py:274} INFO - Executing: 
            create table if not exists mlb_data_2023 (
                Name varchar(40),
                POS varchar(5),
                Team varchar(20),
                G int,
                AB int,
                R int,
                H int,
                Double int,
                Third int,
                HR int,
                RBI int,
                BB int,
                SO int,
                SB int,
                CS int, 
                OBP float,
                SLG float,
                primary key(Name, POS, Team)
            )
            
[2023-09-15T06:47:51.265+0000] {base.py:73} INFO - Using connection ID 'postgres_mlb_parser_DB' for task execution.
[2023-09-15T06:47:51.279+0000] {base.py:73} INFO - Using connection ID 'postgres_mlb_parser_DB' for task execution.
[2023-09-15T06:47:51.312+0000] {sql.py:418} INFO - Running statement: 
            create table if not exists mlb_data_2023 (
                Name varchar(40),
                POS varchar(5),
                Team varchar(20),
                G int,
                AB int,
                R int,
                H int,
                Double int,
                Third int,
                HR int,
                RBI int,
                BB int,
                SO int,
                SB int,
                CS int, 
                OBP float,
                SLG float,
                primary key(Name, POS, Team)
            )
            , parameters: None
[2023-09-15T06:47:51.329+0000] {taskinstance.py:1400} INFO - Marking task as SUCCESS. dag_id=mlb_parser, task_id=create_postgre_table_mlb_data, execution_date=20230915T064743, start_date=20230915T064750, end_date=20230915T064751
[2023-09-15T06:47:51.376+0000] {local_task_job_runner.py:228} INFO - Task exited with return code 0
[2023-09-15T06:47:51.395+0000] {taskinstance.py:2784} INFO - 0 downstream tasks scheduled from follow-on schedule check
