[2023-09-13T04:00:15.922+0000] {taskinstance.py:1159} INFO - Dependencies all met for dep_context=non-requeueable deps ti=<TaskInstance: mlb_parser.get_max_hr scheduled__2023-09-13T03:00:00+00:00 [queued]>
[2023-09-13T04:00:15.928+0000] {taskinstance.py:1159} INFO - Dependencies all met for dep_context=requeueable deps ti=<TaskInstance: mlb_parser.get_max_hr scheduled__2023-09-13T03:00:00+00:00 [queued]>
[2023-09-13T04:00:15.929+0000] {taskinstance.py:1361} INFO - Starting attempt 1 of 2
[2023-09-13T04:00:15.936+0000] {taskinstance.py:1382} INFO - Executing <Task(PostgresOperator): get_max_hr> on 2023-09-13 03:00:00+00:00
[2023-09-13T04:00:15.940+0000] {standard_task_runner.py:57} INFO - Started process 21916 to run task
[2023-09-13T04:00:15.943+0000] {standard_task_runner.py:84} INFO - Running: ['***', 'tasks', 'run', 'mlb_parser', 'get_max_hr', 'scheduled__2023-09-13T03:00:00+00:00', '--job-id', '548', '--raw', '--subdir', 'DAGS_FOLDER/mlb_parser.py', '--cfg-path', '/tmp/tmpdeupg6v6']
[2023-09-13T04:00:15.945+0000] {standard_task_runner.py:85} INFO - Job 548: Subtask get_max_hr
[2023-09-13T04:00:15.974+0000] {task_command.py:415} INFO - Running <TaskInstance: mlb_parser.get_max_hr scheduled__2023-09-13T03:00:00+00:00 [running]> on host 2e8147b3a465
[2023-09-13T04:00:16.019+0000] {taskinstance.py:1660} INFO - Exporting env vars: AIRFLOW_CTX_DAG_OWNER='andy_hsu' AIRFLOW_CTX_DAG_ID='mlb_parser' AIRFLOW_CTX_TASK_ID='get_max_hr' AIRFLOW_CTX_EXECUTION_DATE='2023-09-13T03:00:00+00:00' AIRFLOW_CTX_TRY_NUMBER='1' AIRFLOW_CTX_DAG_RUN_ID='scheduled__2023-09-13T03:00:00+00:00'
[2023-09-13T04:00:16.021+0000] {sql.py:274} INFO - Executing: 
            SELECT
                "Name",
                "H",
                "AB",
                CAST("H" AS float) / CAST("AB" AS float) AS "AVG"
                FROM mlb_parser
                WHERE "AB" > (
                    SELECT AVG("AB") FROM mlb_parser
                )
                ORDER BY "AVG" DESC
                LIMIT 10;
            
[2023-09-13T04:00:16.027+0000] {base.py:73} INFO - Using connection ID 'postgres_mlb_parser_DB' for task execution.
[2023-09-13T04:00:16.034+0000] {base.py:73} INFO - Using connection ID 'postgres_mlb_parser_DB' for task execution.
[2023-09-13T04:00:16.049+0000] {sql.py:418} INFO - Running statement: 
            SELECT
                "Name",
                "H",
                "AB",
                CAST("H" AS float) / CAST("AB" AS float) AS "AVG"
                FROM mlb_parser
                WHERE "AB" > (
                    SELECT AVG("AB") FROM mlb_parser
                )
                ORDER BY "AVG" DESC
                LIMIT 10;
            , parameters: None
[2023-09-13T04:00:16.054+0000] {sql.py:427} INFO - Rows affected: 10
[2023-09-13T04:00:16.071+0000] {taskinstance.py:1400} INFO - Marking task as SUCCESS. dag_id=mlb_parser, task_id=get_max_hr, execution_date=20230913T030000, start_date=20230913T040015, end_date=20230913T040016
[2023-09-13T04:00:16.117+0000] {local_task_job_runner.py:228} INFO - Task exited with return code 0
[2023-09-13T04:00:16.129+0000] {taskinstance.py:2784} INFO - 0 downstream tasks scheduled from follow-on schedule check
