[2023-09-25T00:03:14.960+0000] {taskinstance.py:1159} INFO - Dependencies all met for dep_context=non-requeueable deps ti=<TaskInstance: dag_with_postgres_operator_v02.create_postgre_table scheduled__2023-09-24T00:00:00+00:00 [queued]>
[2023-09-25T00:03:14.967+0000] {taskinstance.py:1159} INFO - Dependencies all met for dep_context=requeueable deps ti=<TaskInstance: dag_with_postgres_operator_v02.create_postgre_table scheduled__2023-09-24T00:00:00+00:00 [queued]>
[2023-09-25T00:03:14.982+0000] {taskinstance.py:1361} INFO - Starting attempt 1 of 6
[2023-09-25T00:03:15.023+0000] {taskinstance.py:1382} INFO - Executing <Task(PostgresOperator): create_postgre_table> on 2023-09-24 00:00:00+00:00
[2023-09-25T00:03:15.030+0000] {standard_task_runner.py:57} INFO - Started process 38836 to run task
[2023-09-25T00:03:15.041+0000] {standard_task_runner.py:84} INFO - Running: ['***', 'tasks', 'run', 'dag_with_postgres_operator_v02', 'create_postgre_table', 'scheduled__2023-09-24T00:00:00+00:00', '--job-id', '1498', '--raw', '--subdir', 'DAGS_FOLDER/dag_with_postgre_operator.py', '--cfg-path', '/tmp/tmpbs69id3e']
[2023-09-25T00:03:15.058+0000] {standard_task_runner.py:85} INFO - Job 1498: Subtask create_postgre_table
[2023-09-25T00:03:15.215+0000] {task_command.py:415} INFO - Running <TaskInstance: dag_with_postgres_operator_v02.create_postgre_table scheduled__2023-09-24T00:00:00+00:00 [running]> on host d98c068596b4
[2023-09-25T00:03:16.391+0000] {taskinstance.py:1660} INFO - Exporting env vars: AIRFLOW_CTX_DAG_OWNER='andy_hsu' AIRFLOW_CTX_DAG_ID='dag_with_postgres_operator_v02' AIRFLOW_CTX_TASK_ID='create_postgre_table' AIRFLOW_CTX_EXECUTION_DATE='2023-09-24T00:00:00+00:00' AIRFLOW_CTX_TRY_NUMBER='1' AIRFLOW_CTX_DAG_RUN_ID='scheduled__2023-09-24T00:00:00+00:00'
[2023-09-25T00:03:16.394+0000] {sql.py:274} INFO - Executing: 
            create table if not exists dag_runs (
                dt date,
                dag_id character varying,
                primary key (dt, dag_id)
            )
            
[2023-09-25T00:03:16.411+0000] {base.py:73} INFO - Using connection ID 'postgres_localhost' for task execution.
[2023-09-25T00:03:16.425+0000] {base.py:73} INFO - Using connection ID 'postgres_localhost' for task execution.
[2023-09-25T00:03:16.468+0000] {sql.py:418} INFO - Running statement: 
            create table if not exists dag_runs (
                dt date,
                dag_id character varying,
                primary key (dt, dag_id)
            )
            , parameters: None
[2023-09-25T00:03:16.489+0000] {taskinstance.py:1400} INFO - Marking task as SUCCESS. dag_id=dag_with_postgres_operator_v02, task_id=create_postgre_table, execution_date=20230924T000000, start_date=20230925T000314, end_date=20230925T000316
[2023-09-25T00:03:16.546+0000] {local_task_job_runner.py:228} INFO - Task exited with return code 0
[2023-09-25T00:03:16.566+0000] {taskinstance.py:2784} INFO - 1 downstream tasks scheduled from follow-on schedule check
