[2023-09-19T16:02:17.222+0000] {taskinstance.py:1159} INFO - Dependencies all met for dep_context=non-requeueable deps ti=<TaskInstance: mlb_parser.get_hr_high manual__2023-09-19T16:01:13.787889+00:00 [queued]>
[2023-09-19T16:02:17.227+0000] {taskinstance.py:1159} INFO - Dependencies all met for dep_context=requeueable deps ti=<TaskInstance: mlb_parser.get_hr_high manual__2023-09-19T16:01:13.787889+00:00 [queued]>
[2023-09-19T16:02:17.228+0000] {taskinstance.py:1361} INFO - Starting attempt 1 of 2
[2023-09-19T16:02:17.236+0000] {taskinstance.py:1382} INFO - Executing <Task(PostgresOperator): get_hr_high> on 2023-09-19 16:01:13.787889+00:00
[2023-09-19T16:02:17.241+0000] {standard_task_runner.py:57} INFO - Started process 3466 to run task
[2023-09-19T16:02:17.243+0000] {standard_task_runner.py:84} INFO - Running: ['***', 'tasks', 'run', 'mlb_parser', 'get_hr_high', 'manual__2023-09-19T16:01:13.787889+00:00', '--job-id', '1288', '--raw', '--subdir', 'DAGS_FOLDER/mlb_parser_hit.py', '--cfg-path', '/tmp/tmpuv4yc55w']
[2023-09-19T16:02:17.246+0000] {standard_task_runner.py:85} INFO - Job 1288: Subtask get_hr_high
[2023-09-19T16:02:17.277+0000] {task_command.py:415} INFO - Running <TaskInstance: mlb_parser.get_hr_high manual__2023-09-19T16:01:13.787889+00:00 [running]> on host d98c068596b4
[2023-09-19T16:02:17.327+0000] {taskinstance.py:1660} INFO - Exporting env vars: AIRFLOW_CTX_DAG_OWNER='andy_hsu' AIRFLOW_CTX_DAG_ID='mlb_parser' AIRFLOW_CTX_TASK_ID='get_hr_high' AIRFLOW_CTX_EXECUTION_DATE='2023-09-19T16:01:13.787889+00:00' AIRFLOW_CTX_TRY_NUMBER='1' AIRFLOW_CTX_DAG_RUN_ID='manual__2023-09-19T16:01:13.787889+00:00'
[2023-09-19T16:02:17.328+0000] {sql.py:274} INFO - Executing: 
            SELECT
                "Name",
                "POS",
                "Team",
                "G",
                "AB",
                "HR",
                "RBI",
                "BB",
                "SO",
                "OBP",
                "SLG",
                CURRENT_DATE AS "date"
                FROM mlb_data_2023
                WHERE "HR" >= (SELECT "HR" FROM mlb_data_2023 ORDER BY "HR" DESC LIMIT 1 OFFSET 9)
                ORDER BY "HR" DESC;
            
[2023-09-19T16:02:17.335+0000] {base.py:73} INFO - Using connection ID 'postgres_mlb_parser_DB' for task execution.
[2023-09-19T16:02:17.341+0000] {base.py:73} INFO - Using connection ID 'postgres_mlb_parser_DB' for task execution.
[2023-09-19T16:02:17.349+0000] {sql.py:418} INFO - Running statement: 
            SELECT
                "Name",
                "POS",
                "Team",
                "G",
                "AB",
                "HR",
                "RBI",
                "BB",
                "SO",
                "OBP",
                "SLG",
                CURRENT_DATE AS "date"
                FROM mlb_data_2023
                WHERE "HR" >= (SELECT "HR" FROM mlb_data_2023 ORDER BY "HR" DESC LIMIT 1 OFFSET 9)
                ORDER BY "HR" DESC;
            , parameters: None
[2023-09-19T16:02:17.353+0000] {sql.py:427} INFO - Rows affected: 11
[2023-09-19T16:02:17.370+0000] {taskinstance.py:1400} INFO - Marking task as SUCCESS. dag_id=mlb_parser, task_id=get_hr_high, execution_date=20230919T160113, start_date=20230919T160217, end_date=20230919T160217
[2023-09-19T16:02:17.415+0000] {local_task_job_runner.py:228} INFO - Task exited with return code 0
[2023-09-19T16:02:17.432+0000] {taskinstance.py:2784} INFO - 1 downstream tasks scheduled from follow-on schedule check
