[2023-09-21T04:01:08.598+0000] {taskinstance.py:1159} INFO - Dependencies all met for dep_context=non-requeueable deps ti=<TaskInstance: mlb_parser.task_avg_lead_to_sql scheduled__2023-09-20T04:00:00+00:00 [queued]>
[2023-09-21T04:01:08.604+0000] {taskinstance.py:1159} INFO - Dependencies all met for dep_context=requeueable deps ti=<TaskInstance: mlb_parser.task_avg_lead_to_sql scheduled__2023-09-20T04:00:00+00:00 [queued]>
[2023-09-21T04:01:08.605+0000] {taskinstance.py:1361} INFO - Starting attempt 1 of 2
[2023-09-21T04:01:08.612+0000] {taskinstance.py:1382} INFO - Executing <Task(PythonOperator): task_avg_lead_to_sql> on 2023-09-20 04:00:00+00:00
[2023-09-21T04:01:08.616+0000] {standard_task_runner.py:57} INFO - Started process 67750 to run task
[2023-09-21T04:01:08.619+0000] {standard_task_runner.py:84} INFO - Running: ['***', 'tasks', 'run', 'mlb_parser', 'task_avg_lead_to_sql', 'scheduled__2023-09-20T04:00:00+00:00', '--job-id', '1383', '--raw', '--subdir', 'DAGS_FOLDER/mlb_parser_hit.py', '--cfg-path', '/tmp/tmp05asavab']
[2023-09-21T04:01:08.622+0000] {standard_task_runner.py:85} INFO - Job 1383: Subtask task_avg_lead_to_sql
[2023-09-21T04:01:08.655+0000] {task_command.py:415} INFO - Running <TaskInstance: mlb_parser.task_avg_lead_to_sql scheduled__2023-09-20T04:00:00+00:00 [running]> on host d98c068596b4
[2023-09-21T04:01:08.704+0000] {taskinstance.py:1660} INFO - Exporting env vars: AIRFLOW_CTX_DAG_OWNER='andy_hsu' AIRFLOW_CTX_DAG_ID='mlb_parser' AIRFLOW_CTX_TASK_ID='task_avg_lead_to_sql' AIRFLOW_CTX_EXECUTION_DATE='2023-09-20T04:00:00+00:00' AIRFLOW_CTX_TRY_NUMBER='1' AIRFLOW_CTX_DAG_RUN_ID='scheduled__2023-09-20T04:00:00+00:00'
[2023-09-21T04:01:08.726+0000] {logging_mixin.py:151} INFO -               name pos team    g   ab  ...   so    obp    slg       avg  record_date
0      Luis Arraez  2B  MIA  144  567  ...   34  0.394  0.471  0.354497   2023-09-21
1     Ronald Acuna  RF  ATL  150  611  ...   79  0.416  0.592  0.337152   2023-09-21
2  Freddie Freeman  1B  LAD  150  593  ...  113  0.412  0.567  0.333895   2023-09-21
3     Corey Seager  SS  TEX  109  441  ...   82  0.392  0.637  0.331066   2023-09-21
4       Yandy Diaz  1B   TB  131  509  ...   91  0.402  0.507  0.322200   2023-09-21
5      Jose Altuve  2B  HOU   81  321  ...   62  0.397  0.545  0.311526   2023-09-21
6      Josh Naylor  1B  CLE  112  421  ...   65  0.351  0.501  0.311164   2023-09-21
7   Cody Bellinger  CF  CHC  121  467  ...   82  0.355  0.540  0.310493   2023-09-21
8     Ryan O'Hearn  1B  BAL  102  316  ...   75  0.338  0.516  0.310127   2023-09-21
9     Mookie Betts  RF  LAD  142  550  ...  104  0.409  0.593  0.309091   2023-09-21

[10 rows x 12 columns]
[2023-09-21T04:01:08.738+0000] {logging_mixin.py:151} INFO - job done
[2023-09-21T04:01:08.739+0000] {python.py:194} INFO - Done. Returned value was: None
[2023-09-21T04:01:08.746+0000] {taskinstance.py:1400} INFO - Marking task as SUCCESS. dag_id=mlb_parser, task_id=task_avg_lead_to_sql, execution_date=20230920T040000, start_date=20230921T040108, end_date=20230921T040108
[2023-09-21T04:01:08.792+0000] {local_task_job_runner.py:228} INFO - Task exited with return code 0
[2023-09-21T04:01:08.809+0000] {taskinstance.py:2784} INFO - 0 downstream tasks scheduled from follow-on schedule check
