[2023-09-23T04:00:04.686+0000] {taskinstance.py:1159} INFO - Dependencies all met for dep_context=non-requeueable deps ti=<TaskInstance: mlb_parser.data_clean scheduled__2023-09-22T04:00:00+00:00 [queued]>
[2023-09-23T04:00:04.692+0000] {taskinstance.py:1159} INFO - Dependencies all met for dep_context=requeueable deps ti=<TaskInstance: mlb_parser.data_clean scheduled__2023-09-22T04:00:00+00:00 [queued]>
[2023-09-23T04:00:04.693+0000] {taskinstance.py:1361} INFO - Starting attempt 1 of 2
[2023-09-23T04:00:04.702+0000] {taskinstance.py:1382} INFO - Executing <Task(PythonOperator): data_clean> on 2023-09-22 04:00:00+00:00
[2023-09-23T04:00:04.706+0000] {standard_task_runner.py:57} INFO - Started process 57558 to run task
[2023-09-23T04:00:04.709+0000] {standard_task_runner.py:84} INFO - Running: ['***', 'tasks', 'run', 'mlb_parser', 'data_clean', 'scheduled__2023-09-22T04:00:00+00:00', '--job-id', '1445', '--raw', '--subdir', 'DAGS_FOLDER/mlb_parser_hit.py', '--cfg-path', '/tmp/tmpl202hqob']
[2023-09-23T04:00:04.712+0000] {standard_task_runner.py:85} INFO - Job 1445: Subtask data_clean
[2023-09-23T04:00:04.746+0000] {task_command.py:415} INFO - Running <TaskInstance: mlb_parser.data_clean scheduled__2023-09-22T04:00:00+00:00 [running]> on host d98c068596b4
[2023-09-23T04:00:04.796+0000] {taskinstance.py:1660} INFO - Exporting env vars: AIRFLOW_CTX_DAG_OWNER='andy_hsu' AIRFLOW_CTX_DAG_ID='mlb_parser' AIRFLOW_CTX_TASK_ID='data_clean' AIRFLOW_CTX_EXECUTION_DATE='2023-09-22T04:00:00+00:00' AIRFLOW_CTX_TRY_NUMBER='1' AIRFLOW_CTX_DAG_RUN_ID='scheduled__2023-09-22T04:00:00+00:00'
[2023-09-23T04:00:04.803+0000] {logging_mixin.py:151} INFO - ['nationals', 'braves', 'mets', 'marlins', 'phillies', 'brewers', 'cubs', 'reds', 'pirates', 'cardinals', 'dodgers', 'giants', 'padres', 'rockies', 'dbacks', 'astros', 'angels', 'rangers', 'athletics', 'mariners', 'twins', 'guardians', 'tigers', 'whitesox', 'royals', 'orioles', 'rays', 'bluejays', 'redsox', 'yankees']
[2023-09-23T04:00:04.805+0000] {logging_mixin.py:151} INFO - https://www.mlb.com/nationals/stats/
[2023-09-23T04:00:06.194+0000] {logging_mixin.py:151} INFO - https://www.mlb.com/braves/stats/
[2023-09-23T04:00:06.770+0000] {logging_mixin.py:151} INFO - https://www.mlb.com/mets/stats/
[2023-09-23T04:00:08.349+0000] {logging_mixin.py:151} INFO - https://www.mlb.com/marlins/stats/
[2023-09-23T04:00:10.915+0000] {logging_mixin.py:151} INFO - https://www.mlb.com/phillies/stats/
[2023-09-23T04:00:11.615+0000] {logging_mixin.py:151} INFO - https://www.mlb.com/brewers/stats/
[2023-09-23T04:00:12.833+0000] {logging_mixin.py:151} INFO - https://www.mlb.com/cubs/stats/
[2023-09-23T04:00:13.486+0000] {logging_mixin.py:151} INFO - https://www.mlb.com/reds/stats/
[2023-09-23T04:00:14.752+0000] {logging_mixin.py:151} INFO - https://www.mlb.com/pirates/stats/
[2023-09-23T04:00:18.031+0000] {logging_mixin.py:151} INFO - https://www.mlb.com/cardinals/stats/
[2023-09-23T04:00:19.280+0000] {logging_mixin.py:151} INFO - https://www.mlb.com/dodgers/stats/
[2023-09-23T04:00:20.515+0000] {logging_mixin.py:151} INFO - https://www.mlb.com/giants/stats/
[2023-09-23T04:00:21.256+0000] {logging_mixin.py:151} INFO - https://www.mlb.com/padres/stats/
[2023-09-23T04:00:21.912+0000] {logging_mixin.py:151} INFO - https://www.mlb.com/rockies/stats/
[2023-09-23T04:00:23.089+0000] {logging_mixin.py:151} INFO - https://www.mlb.com/dbacks/stats/
[2023-09-23T04:00:26.557+0000] {logging_mixin.py:151} INFO - https://www.mlb.com/astros/stats/
[2023-09-23T04:00:27.309+0000] {logging_mixin.py:151} INFO - https://www.mlb.com/angels/stats/
[2023-09-23T04:00:27.874+0000] {logging_mixin.py:151} INFO - https://www.mlb.com/rangers/stats/
[2023-09-23T04:00:29.422+0000] {logging_mixin.py:151} INFO - https://www.mlb.com/athletics/stats/
[2023-09-23T04:00:30.671+0000] {logging_mixin.py:151} INFO - https://www.mlb.com/mariners/stats/
[2023-09-23T04:00:32.123+0000] {logging_mixin.py:151} INFO - https://www.mlb.com/twins/stats/
[2023-09-23T04:00:33.353+0000] {logging_mixin.py:151} INFO - https://www.mlb.com/guardians/stats/
[2023-09-23T04:00:35.511+0000] {logging_mixin.py:151} INFO - https://www.mlb.com/tigers/stats/
[2023-09-23T04:00:38.168+0000] {logging_mixin.py:151} INFO - https://www.mlb.com/whitesox/stats/
[2023-09-23T04:00:40.951+0000] {logging_mixin.py:151} INFO - https://www.mlb.com/royals/stats/
[2023-09-23T04:00:42.602+0000] {logging_mixin.py:151} INFO - https://www.mlb.com/orioles/stats/
[2023-09-23T04:00:43.306+0000] {logging_mixin.py:151} INFO - https://www.mlb.com/rays/stats/
[2023-09-23T04:00:44.703+0000] {logging_mixin.py:151} INFO - https://www.mlb.com/bluejays/stats/
[2023-09-23T04:00:45.941+0000] {logging_mixin.py:151} INFO - https://www.mlb.com/redsox/stats/
[2023-09-23T04:00:47.741+0000] {logging_mixin.py:151} INFO - https://www.mlb.com/yankees/stats/
[2023-09-23T04:00:48.471+0000] {python.py:194} INFO - Done. Returned value was: None
[2023-09-23T04:00:48.478+0000] {taskinstance.py:1400} INFO - Marking task as SUCCESS. dag_id=mlb_parser, task_id=data_clean, execution_date=20230922T040000, start_date=20230923T040004, end_date=20230923T040048
[2023-09-23T04:00:48.508+0000] {local_task_job_runner.py:228} INFO - Task exited with return code 0
[2023-09-23T04:00:48.523+0000] {taskinstance.py:2784} INFO - 2 downstream tasks scheduled from follow-on schedule check
