[2023-10-03T04:00:53.892+0000] {taskinstance.py:1159} INFO - Dependencies all met for dep_context=non-requeueable deps ti=<TaskInstance: mlb_parser.task_hr_lead_to_sql scheduled__2023-10-02T04:00:00+00:00 [queued]>
[2023-10-03T04:00:53.898+0000] {taskinstance.py:1159} INFO - Dependencies all met for dep_context=requeueable deps ti=<TaskInstance: mlb_parser.task_hr_lead_to_sql scheduled__2023-10-02T04:00:00+00:00 [queued]>
[2023-10-03T04:00:53.899+0000] {taskinstance.py:1361} INFO - Starting attempt 1 of 2
[2023-10-03T04:00:53.907+0000] {taskinstance.py:1382} INFO - Executing <Task(PythonOperator): task_hr_lead_to_sql> on 2023-10-02 04:00:00+00:00
[2023-10-03T04:00:53.912+0000] {standard_task_runner.py:57} INFO - Started process 45486 to run task
[2023-10-03T04:00:53.914+0000] {standard_task_runner.py:84} INFO - Running: ['***', 'tasks', 'run', 'mlb_parser', 'task_hr_lead_to_sql', 'scheduled__2023-10-02T04:00:00+00:00', '--job-id', '1750', '--raw', '--subdir', 'DAGS_FOLDER/mlb_parser_hit.py', '--cfg-path', '/tmp/tmpt4jkn3ep']
[2023-10-03T04:00:53.918+0000] {standard_task_runner.py:85} INFO - Job 1750: Subtask task_hr_lead_to_sql
[2023-10-03T04:00:53.950+0000] {task_command.py:415} INFO - Running <TaskInstance: mlb_parser.task_hr_lead_to_sql scheduled__2023-10-02T04:00:00+00:00 [running]> on host d98c068596b4
[2023-10-03T04:00:54.000+0000] {taskinstance.py:1660} INFO - Exporting env vars: AIRFLOW_CTX_DAG_OWNER='andy_hsu' AIRFLOW_CTX_DAG_ID='mlb_parser' AIRFLOW_CTX_TASK_ID='task_hr_lead_to_sql' AIRFLOW_CTX_EXECUTION_DATE='2023-10-02T04:00:00+00:00' AIRFLOW_CTX_TRY_NUMBER='1' AIRFLOW_CTX_DAG_RUN_ID='scheduled__2023-10-02T04:00:00+00:00'
[2023-10-03T04:00:54.021+0000] {logging_mixin.py:151} INFO -               name pos team    g   ab  ...   bb   so    obp    slg  record_date
0       Matt Olson  1B  ATL  162  608  ...  104  167  0.389  0.604   2023-10-03
1   Kyle Schwarber  LF  PHI  160  585  ...  126  215  0.343  0.474   2023-10-03
2      Pete Alonso  1B  NYM  154  568  ...   65  151  0.318  0.504   2023-10-03
3    Shohei Ohtani  DH  LAA  135  497  ...   91  143  0.412  0.654   2023-10-03
4     Ronald Acuna  RF  ATL  159  643  ...   80   84  0.416  0.596   2023-10-03
5    Marcell Ozuna  DH  ATL  144  530  ...   57  134  0.346  0.558   2023-10-03
6     Mookie Betts  RF  LAD  152  584  ...   96  107  0.408  0.579   2023-10-03
7    Adolis Garcia  RF  TEX  148  555  ...   65  175  0.328  0.508   2023-10-03
8      Luis Robert  CF  CWS  145  546  ...   30  172  0.315  0.542   2023-10-03
9     Austin Riley  3B  ATL  159  636  ...   59  172  0.345  0.516   2023-10-03
10     Aaron Judge  RF  NYY  106  367  ...   88  130  0.406  0.613   2023-10-03
11       Max Muncy  3B  LAD  135  482  ...   85  153  0.333  0.475   2023-10-03
12     Jorge Soler  DH  MIA  137  504  ...   66  141  0.341  0.512   2023-10-03

[13 rows x 12 columns]
[2023-10-03T04:00:54.034+0000] {logging_mixin.py:151} INFO - job done
[2023-10-03T04:00:54.035+0000] {python.py:194} INFO - Done. Returned value was: None
[2023-10-03T04:00:54.042+0000] {taskinstance.py:1400} INFO - Marking task as SUCCESS. dag_id=mlb_parser, task_id=task_hr_lead_to_sql, execution_date=20231002T040000, start_date=20231003T040053, end_date=20231003T040054
[2023-10-03T04:00:54.089+0000] {local_task_job_runner.py:228} INFO - Task exited with return code 0
[2023-10-03T04:00:54.100+0000] {taskinstance.py:2784} INFO - 0 downstream tasks scheduled from follow-on schedule check
