[2023-09-11T06:38:50.905+0000] {taskinstance.py:1159} INFO - Dependencies all met for dep_context=non-requeueable deps ti=<TaskInstance: mlb_parser.data_clean manual__2023-09-11T06:38:39.452045+00:00 [queued]>
[2023-09-11T06:38:50.918+0000] {taskinstance.py:1159} INFO - Dependencies all met for dep_context=requeueable deps ti=<TaskInstance: mlb_parser.data_clean manual__2023-09-11T06:38:39.452045+00:00 [queued]>
[2023-09-11T06:38:50.919+0000] {taskinstance.py:1361} INFO - Starting attempt 1 of 6
[2023-09-11T06:38:50.949+0000] {taskinstance.py:1382} INFO - Executing <Task(PythonOperator): data_clean> on 2023-09-11 06:38:39.452045+00:00
[2023-09-11T06:38:50.976+0000] {standard_task_runner.py:57} INFO - Started process 16716 to run task
[2023-09-11T06:38:50.982+0000] {standard_task_runner.py:84} INFO - Running: ['***', 'tasks', 'run', 'mlb_parser', 'data_clean', 'manual__2023-09-11T06:38:39.452045+00:00', '--job-id', '365', '--raw', '--subdir', 'DAGS_FOLDER/mlb_parser.py', '--cfg-path', '/tmp/tmptu5odm7s']
[2023-09-11T06:38:50.986+0000] {standard_task_runner.py:85} INFO - Job 365: Subtask data_clean
[2023-09-11T06:38:51.052+0000] {task_command.py:415} INFO - Running <TaskInstance: mlb_parser.data_clean manual__2023-09-11T06:38:39.452045+00:00 [running]> on host 2e8147b3a465
[2023-09-11T06:38:51.132+0000] {taskinstance.py:1660} INFO - Exporting env vars: AIRFLOW_CTX_DAG_OWNER='andy_hsu' AIRFLOW_CTX_DAG_ID='mlb_parser' AIRFLOW_CTX_TASK_ID='data_clean' AIRFLOW_CTX_EXECUTION_DATE='2023-09-11T06:38:39.452045+00:00' AIRFLOW_CTX_TRY_NUMBER='1' AIRFLOW_CTX_DAG_RUN_ID='manual__2023-09-11T06:38:39.452045+00:00'
[2023-09-11T06:38:51.154+0000] {logging_mixin.py:151} INFO - None
[2023-09-11T06:38:51.168+0000] {taskinstance.py:1943} ERROR - Task failed with exception
Traceback (most recent call last):
  File "/home/airflow/.local/lib/python3.8/site-packages/airflow/operators/python.py", line 192, in execute
    return_value = self.execute_callable()
  File "/home/airflow/.local/lib/python3.8/site-packages/airflow/operators/python.py", line 209, in execute_callable
    return self.python_callable(*self.op_args, **self.op_kwargs)
  File "/opt/airflow/dags/mlb_parser.py", line 127, in main
    for t in team:
TypeError: 'NoneType' object is not iterable
[2023-09-11T06:38:51.197+0000] {taskinstance.py:1400} INFO - Marking task as UP_FOR_RETRY. dag_id=mlb_parser, task_id=data_clean, execution_date=20230911T063839, start_date=20230911T063850, end_date=20230911T063851
[2023-09-11T06:38:51.221+0000] {standard_task_runner.py:104} ERROR - Failed to execute job 365 for task data_clean ('NoneType' object is not iterable; 16716)
[2023-09-11T06:38:51.282+0000] {local_task_job_runner.py:228} INFO - Task exited with return code 1
[2023-09-11T06:38:51.416+0000] {taskinstance.py:2784} INFO - 0 downstream tasks scheduled from follow-on schedule check
