[2023-09-04T08:40:32.310+0000] {taskinstance.py:1159} INFO - Dependencies all met for dep_context=non-requeueable deps ti=<TaskInstance: FIBA_dag.parse_data manual__2023-09-04T08:40:25.864807+00:00 [queued]>
[2023-09-04T08:40:32.318+0000] {taskinstance.py:1159} INFO - Dependencies all met for dep_context=requeueable deps ti=<TaskInstance: FIBA_dag.parse_data manual__2023-09-04T08:40:25.864807+00:00 [queued]>
[2023-09-04T08:40:32.319+0000] {taskinstance.py:1361} INFO - Starting attempt 1 of 6
[2023-09-04T08:40:32.330+0000] {taskinstance.py:1382} INFO - Executing <Task(PythonOperator): parse_data> on 2023-09-04 08:40:25.864807+00:00
[2023-09-04T08:40:32.337+0000] {standard_task_runner.py:57} INFO - Started process 5274 to run task
[2023-09-04T08:40:32.349+0000] {standard_task_runner.py:84} INFO - Running: ['***', 'tasks', 'run', 'FIBA_dag', 'parse_data', 'manual__2023-09-04T08:40:25.864807+00:00', '--job-id', '122', '--raw', '--subdir', 'DAGS_FOLDER/FIBA.py', '--cfg-path', '/tmp/tmp5ha69hie']
[2023-09-04T08:40:32.360+0000] {standard_task_runner.py:85} INFO - Job 122: Subtask parse_data
[2023-09-04T08:40:35.895+0000] {task_command.py:415} INFO - Running <TaskInstance: FIBA_dag.parse_data manual__2023-09-04T08:40:25.864807+00:00 [running]> on host ad6c67079ac6
[2023-09-04T08:40:35.957+0000] {taskinstance.py:1660} INFO - Exporting env vars: AIRFLOW_CTX_DAG_OWNER='andy_hsu' AIRFLOW_CTX_DAG_ID='FIBA_dag' AIRFLOW_CTX_TASK_ID='parse_data' AIRFLOW_CTX_EXECUTION_DATE='2023-09-04T08:40:25.864807+00:00' AIRFLOW_CTX_TRY_NUMBER='1' AIRFLOW_CTX_DAG_RUN_ID='manual__2023-09-04T08:40:25.864807+00:00'
[2023-09-04T08:40:36.156+0000] {logging_mixin.py:151} INFO - left_part: AUS
[2023-09-04T08:40:36.157+0000] {logging_mixin.py:151} INFO - right_part: GEO
[2023-09-04T08:40:36.158+0000] {logging_mixin.py:151} INFO - left_point: 
                                        100
                                    
[2023-09-04T08:40:36.159+0000] {logging_mixin.py:151} INFO - right_point: 
                                        84
                                    
[2023-09-04T08:40:36.160+0000] {logging_mixin.py:151} INFO - left_part: ITA
[2023-09-04T08:40:36.161+0000] {logging_mixin.py:151} INFO - right_part: PUR
[2023-09-04T08:40:36.161+0000] {logging_mixin.py:151} INFO - left_point: 
                                        73
                                    
[2023-09-04T08:40:36.162+0000] {logging_mixin.py:151} INFO - right_point: 
                                        57
                                    
[2023-09-04T08:40:36.163+0000] {logging_mixin.py:151} INFO - left_part: GRE
[2023-09-04T08:40:36.164+0000] {logging_mixin.py:151} INFO - right_part: MNE
[2023-09-04T08:40:36.165+0000] {logging_mixin.py:151} INFO - left_point: 
                                        69
                                    
[2023-09-04T08:40:36.166+0000] {logging_mixin.py:151} INFO - right_point: 
                                        73
                                    
[2023-09-04T08:40:36.166+0000] {logging_mixin.py:151} INFO - left_part: BRA
[2023-09-04T08:40:36.167+0000] {logging_mixin.py:151} INFO - right_part: LAT
[2023-09-04T08:40:36.168+0000] {logging_mixin.py:151} INFO - left_point: 
                                        84
                                    
[2023-09-04T08:40:36.169+0000] {logging_mixin.py:151} INFO - right_point: 
                                        104
                                    
[2023-09-04T08:40:36.170+0000] {logging_mixin.py:151} INFO - left_part: GER
[2023-09-04T08:40:36.170+0000] {logging_mixin.py:151} INFO - right_part: SLO
[2023-09-04T08:40:36.171+0000] {logging_mixin.py:151} INFO - left_point: 
                                        100
                                    
[2023-09-04T08:40:36.172+0000] {logging_mixin.py:151} INFO - right_point: 
                                        71
                                    
[2023-09-04T08:40:36.173+0000] {logging_mixin.py:151} INFO - left_part: DOM
[2023-09-04T08:40:36.174+0000] {logging_mixin.py:151} INFO - right_part: SRB
[2023-09-04T08:40:36.174+0000] {logging_mixin.py:151} INFO - left_point: 
                                        79
                                    
[2023-09-04T08:40:36.176+0000] {logging_mixin.py:151} INFO - right_point: 
                                        112
                                    
[2023-09-04T08:40:36.176+0000] {logging_mixin.py:151} INFO - left_part: USA
[2023-09-04T08:40:36.177+0000] {logging_mixin.py:151} INFO - right_part: LTU
[2023-09-04T08:40:36.178+0000] {logging_mixin.py:151} INFO - left_point: 
                                        104
                                    
[2023-09-04T08:40:36.178+0000] {logging_mixin.py:151} INFO - right_point: 
                                        110
                                    
[2023-09-04T08:40:36.179+0000] {logging_mixin.py:151} INFO - left_part: ESP
[2023-09-04T08:40:36.180+0000] {logging_mixin.py:151} INFO - right_part: CAN
[2023-09-04T08:40:36.181+0000] {logging_mixin.py:151} INFO - left_point: 
                                        85
                                    
[2023-09-04T08:40:36.181+0000] {logging_mixin.py:151} INFO - right_point: 
                                        88
                                    
[2023-09-04T08:40:36.182+0000] {python.py:194} INFO - Done. Returned value was: None
[2023-09-04T08:40:36.188+0000] {taskinstance.py:1400} INFO - Marking task as SUCCESS. dag_id=FIBA_dag, task_id=parse_data, execution_date=20230904T084025, start_date=20230904T084032, end_date=20230904T084036
[2023-09-04T08:40:36.206+0000] {local_task_job_runner.py:228} INFO - Task exited with return code 0
[2023-09-04T08:40:36.218+0000] {taskinstance.py:2784} INFO - 0 downstream tasks scheduled from follow-on schedule check
