[2023-09-15T06:56:56.571+0000] {taskinstance.py:1159} INFO - Dependencies all met for dep_context=non-requeueable deps ti=<TaskInstance: mlb_parser.get_hr_high manual__2023-09-15T06:56:47.026278+00:00 [queued]>
[2023-09-15T06:56:56.579+0000] {taskinstance.py:1159} INFO - Dependencies all met for dep_context=requeueable deps ti=<TaskInstance: mlb_parser.get_hr_high manual__2023-09-15T06:56:47.026278+00:00 [queued]>
[2023-09-15T06:56:56.580+0000] {taskinstance.py:1361} INFO - Starting attempt 1 of 2
[2023-09-15T06:56:56.591+0000] {taskinstance.py:1382} INFO - Executing <Task(PostgresOperator): get_hr_high> on 2023-09-15 06:56:47.026278+00:00
[2023-09-15T06:56:56.597+0000] {standard_task_runner.py:57} INFO - Started process 21902 to run task
[2023-09-15T06:56:56.602+0000] {standard_task_runner.py:84} INFO - Running: ['***', 'tasks', 'run', 'mlb_parser', 'get_hr_high', 'manual__2023-09-15T06:56:47.026278+00:00', '--job-id', '715', '--raw', '--subdir', 'DAGS_FOLDER/mlb_parser.py', '--cfg-path', '/tmp/tmpk7s6iytb']
[2023-09-15T06:56:56.606+0000] {standard_task_runner.py:85} INFO - Job 715: Subtask get_hr_high
[2023-09-15T06:56:56.650+0000] {task_command.py:415} INFO - Running <TaskInstance: mlb_parser.get_hr_high manual__2023-09-15T06:56:47.026278+00:00 [running]> on host 2e8147b3a465
[2023-09-15T06:56:56.718+0000] {taskinstance.py:1660} INFO - Exporting env vars: AIRFLOW_CTX_DAG_OWNER='andy_hsu' AIRFLOW_CTX_DAG_ID='mlb_parser' AIRFLOW_CTX_TASK_ID='get_hr_high' AIRFLOW_CTX_EXECUTION_DATE='2023-09-15T06:56:47.026278+00:00' AIRFLOW_CTX_TRY_NUMBER='1' AIRFLOW_CTX_DAG_RUN_ID='manual__2023-09-15T06:56:47.026278+00:00'
[2023-09-15T06:56:56.720+0000] {sql.py:274} INFO - Executing: 
            SELECT
                "Name",
                "POS",
                "Team",
                "G",
                "AB",
                "HR",
                "RBI",
                "BB",
                "SO",
                "OBP",
                "SLG",
                CURRENT_DATE AS "date"
                FROM mlb_data_2023
                ORDER BY "HR" DESC
                LIMIT 10;
            
[2023-09-15T06:56:56.735+0000] {base.py:73} INFO - Using connection ID 'postgres_mlb_parser_DB' for task execution.
[2023-09-15T06:56:56.747+0000] {base.py:73} INFO - Using connection ID 'postgres_mlb_parser_DB' for task execution.
[2023-09-15T06:56:56.762+0000] {sql.py:418} INFO - Running statement: 
            SELECT
                "Name",
                "POS",
                "Team",
                "G",
                "AB",
                "HR",
                "RBI",
                "BB",
                "SO",
                "OBP",
                "SLG",
                CURRENT_DATE AS "date"
                FROM mlb_data_2023
                ORDER BY "HR" DESC
                LIMIT 10;
            , parameters: None
[2023-09-15T06:56:56.770+0000] {sql.py:427} INFO - Rows affected: 10
[2023-09-15T06:56:56.797+0000] {taskinstance.py:1400} INFO - Marking task as SUCCESS. dag_id=mlb_parser, task_id=get_hr_high, execution_date=20230915T065647, start_date=20230915T065656, end_date=20230915T065656
[2023-09-15T06:56:56.814+0000] {local_task_job_runner.py:228} INFO - Task exited with return code 0
[2023-09-15T06:56:56.857+0000] {taskinstance.py:2784} INFO - 1 downstream tasks scheduled from follow-on schedule check
