[2023-10-02T04:00:04.389+0000] {taskinstance.py:1159} INFO - Dependencies all met for dep_context=non-requeueable deps ti=<TaskInstance: mlb_parser.data_clean scheduled__2023-10-01T04:00:00+00:00 [queued]>
[2023-10-02T04:00:04.399+0000] {taskinstance.py:1159} INFO - Dependencies all met for dep_context=requeueable deps ti=<TaskInstance: mlb_parser.data_clean scheduled__2023-10-01T04:00:00+00:00 [queued]>
[2023-10-02T04:00:04.400+0000] {taskinstance.py:1361} INFO - Starting attempt 1 of 2
[2023-10-02T04:00:04.436+0000] {taskinstance.py:1382} INFO - Executing <Task(PythonOperator): data_clean> on 2023-10-01 04:00:00+00:00
[2023-10-02T04:00:04.456+0000] {standard_task_runner.py:57} INFO - Started process 67042 to run task
[2023-10-02T04:00:04.458+0000] {standard_task_runner.py:84} INFO - Running: ['***', 'tasks', 'run', 'mlb_parser', 'data_clean', 'scheduled__2023-10-01T04:00:00+00:00', '--job-id', '1714', '--raw', '--subdir', 'DAGS_FOLDER/mlb_parser_hit.py', '--cfg-path', '/tmp/tmp2yu9c9vb']
[2023-10-02T04:00:04.471+0000] {standard_task_runner.py:85} INFO - Job 1714: Subtask data_clean
[2023-10-02T04:00:04.503+0000] {task_command.py:415} INFO - Running <TaskInstance: mlb_parser.data_clean scheduled__2023-10-01T04:00:00+00:00 [running]> on host d98c068596b4
[2023-10-02T04:00:04.570+0000] {taskinstance.py:1660} INFO - Exporting env vars: AIRFLOW_CTX_DAG_OWNER='andy_hsu' AIRFLOW_CTX_DAG_ID='mlb_parser' AIRFLOW_CTX_TASK_ID='data_clean' AIRFLOW_CTX_EXECUTION_DATE='2023-10-01T04:00:00+00:00' AIRFLOW_CTX_TRY_NUMBER='1' AIRFLOW_CTX_DAG_RUN_ID='scheduled__2023-10-01T04:00:00+00:00'
[2023-10-02T04:00:04.577+0000] {logging_mixin.py:151} INFO - ['nationals', 'braves', 'mets', 'marlins', 'phillies', 'brewers', 'cubs', 'reds', 'pirates', 'cardinals', 'dodgers', 'giants', 'padres', 'rockies', 'dbacks', 'astros', 'angels', 'rangers', 'athletics', 'mariners', 'twins', 'guardians', 'tigers', 'whitesox', 'royals', 'orioles', 'rays', 'bluejays', 'redsox', 'yankees']
[2023-10-02T04:00:04.579+0000] {logging_mixin.py:151} INFO - https://www.mlb.com/nationals/stats/
[2023-10-02T04:00:05.869+0000] {logging_mixin.py:151} INFO - https://www.mlb.com/braves/stats/
[2023-10-02T04:00:06.748+0000] {logging_mixin.py:151} INFO - https://www.mlb.com/mets/stats/
[2023-10-02T04:00:08.092+0000] {logging_mixin.py:151} INFO - https://www.mlb.com/marlins/stats/
[2023-10-02T04:00:10.058+0000] {logging_mixin.py:151} INFO - https://www.mlb.com/phillies/stats/
[2023-10-02T04:00:10.769+0000] {logging_mixin.py:151} INFO - https://www.mlb.com/brewers/stats/
[2023-10-02T04:00:12.125+0000] {logging_mixin.py:151} INFO - https://www.mlb.com/cubs/stats/
[2023-10-02T04:00:13.282+0000] {logging_mixin.py:151} INFO - https://www.mlb.com/reds/stats/
[2023-10-02T04:00:15.930+0000] {logging_mixin.py:151} INFO - https://www.mlb.com/pirates/stats/
[2023-10-02T04:00:17.285+0000] {logging_mixin.py:151} INFO - https://www.mlb.com/cardinals/stats/
[2023-10-02T04:00:18.066+0000] {logging_mixin.py:151} INFO - https://www.mlb.com/dodgers/stats/
[2023-10-02T04:00:20.103+0000] {logging_mixin.py:151} INFO - https://www.mlb.com/giants/stats/
[2023-10-02T04:00:22.349+0000] {logging_mixin.py:151} INFO - https://www.mlb.com/padres/stats/
[2023-10-02T04:00:23.668+0000] {logging_mixin.py:151} INFO - https://www.mlb.com/rockies/stats/
[2023-10-02T04:00:26.081+0000] {logging_mixin.py:151} INFO - https://www.mlb.com/dbacks/stats/
[2023-10-02T04:00:27.385+0000] {logging_mixin.py:151} INFO - https://www.mlb.com/astros/stats/
[2023-10-02T04:00:28.964+0000] {logging_mixin.py:151} INFO - https://www.mlb.com/angels/stats/
[2023-10-02T04:00:30.364+0000] {logging_mixin.py:151} INFO - https://www.mlb.com/rangers/stats/
[2023-10-02T04:00:31.874+0000] {logging_mixin.py:151} INFO - https://www.mlb.com/athletics/stats/
[2023-10-02T04:00:33.421+0000] {logging_mixin.py:151} INFO - https://www.mlb.com/mariners/stats/
[2023-10-02T04:00:34.984+0000] {logging_mixin.py:151} INFO - https://www.mlb.com/twins/stats/
[2023-10-02T04:00:36.544+0000] {logging_mixin.py:151} INFO - https://www.mlb.com/guardians/stats/
[2023-10-02T04:00:38.344+0000] {logging_mixin.py:151} INFO - https://www.mlb.com/tigers/stats/
[2023-10-02T04:00:40.248+0000] {logging_mixin.py:151} INFO - https://www.mlb.com/whitesox/stats/
[2023-10-02T04:00:42.269+0000] {logging_mixin.py:151} INFO - https://www.mlb.com/royals/stats/
[2023-10-02T04:00:44.996+0000] {logging_mixin.py:151} INFO - https://www.mlb.com/orioles/stats/
[2023-10-02T04:00:46.698+0000] {logging_mixin.py:151} INFO - https://www.mlb.com/rays/stats/
[2023-10-02T04:00:48.777+0000] {logging_mixin.py:151} INFO - https://www.mlb.com/bluejays/stats/
[2023-10-02T04:00:49.685+0000] {logging_mixin.py:151} INFO - https://www.mlb.com/redsox/stats/
[2023-10-02T04:00:50.515+0000] {logging_mixin.py:151} INFO - https://www.mlb.com/yankees/stats/
[2023-10-02T04:00:51.968+0000] {python.py:194} INFO - Done. Returned value was: None
[2023-10-02T04:00:51.974+0000] {taskinstance.py:1400} INFO - Marking task as SUCCESS. dag_id=mlb_parser, task_id=data_clean, execution_date=20231001T040000, start_date=20231002T040004, end_date=20231002T040051
[2023-10-02T04:00:52.018+0000] {local_task_job_runner.py:228} INFO - Task exited with return code 0
[2023-10-02T04:00:52.033+0000] {taskinstance.py:2784} INFO - 2 downstream tasks scheduled from follow-on schedule check
