[2023-09-15T05:36:37.978+0000] {taskinstance.py:1159} INFO - Dependencies all met for dep_context=non-requeueable deps ti=<TaskInstance: mlb_parser.data_clean manual__2023-09-15T05:36:30.737673+00:00 [queued]>
[2023-09-15T05:36:37.984+0000] {taskinstance.py:1159} INFO - Dependencies all met for dep_context=requeueable deps ti=<TaskInstance: mlb_parser.data_clean manual__2023-09-15T05:36:30.737673+00:00 [queued]>
[2023-09-15T05:36:37.985+0000] {taskinstance.py:1361} INFO - Starting attempt 1 of 2
[2023-09-15T05:36:37.992+0000] {taskinstance.py:1382} INFO - Executing <Task(PythonOperator): data_clean> on 2023-09-15 05:36:30.737673+00:00
[2023-09-15T05:36:37.996+0000] {standard_task_runner.py:57} INFO - Started process 14902 to run task
[2023-09-15T05:36:37.999+0000] {standard_task_runner.py:84} INFO - Running: ['***', 'tasks', 'run', 'mlb_parser', 'data_clean', 'manual__2023-09-15T05:36:30.737673+00:00', '--job-id', '666', '--raw', '--subdir', 'DAGS_FOLDER/mlb_parser.py', '--cfg-path', '/tmp/tmpx9yiumxw']
[2023-09-15T05:36:38.001+0000] {standard_task_runner.py:85} INFO - Job 666: Subtask data_clean
[2023-09-15T05:36:38.032+0000] {task_command.py:415} INFO - Running <TaskInstance: mlb_parser.data_clean manual__2023-09-15T05:36:30.737673+00:00 [running]> on host 2e8147b3a465
[2023-09-15T05:36:38.081+0000] {taskinstance.py:1660} INFO - Exporting env vars: AIRFLOW_CTX_DAG_OWNER='andy_hsu' AIRFLOW_CTX_DAG_ID='mlb_parser' AIRFLOW_CTX_TASK_ID='data_clean' AIRFLOW_CTX_EXECUTION_DATE='2023-09-15T05:36:30.737673+00:00' AIRFLOW_CTX_TRY_NUMBER='1' AIRFLOW_CTX_DAG_RUN_ID='manual__2023-09-15T05:36:30.737673+00:00'
[2023-09-15T05:36:38.090+0000] {logging_mixin.py:151} INFO - ['nationals', 'braves', 'mets', 'marlins', 'phillies', 'dbacks', 'dodgers', 'padres', 'rockies', 'giants', 'brewers', 'cubs', 'reds', 'pirates', 'cardinals', 'astros', 'rangers', 'angels', 'athletics', 'mariners', 'twins', 'guardians', 'tigers', 'whitesox', 'royals', 'orioles', 'rays', 'bluejays', 'redsox', 'yankees']
[2023-09-15T05:36:38.091+0000] {logging_mixin.py:151} INFO - https://www.mlb.com/nationals/stats/
[2023-09-15T05:36:38.461+0000] {logging_mixin.py:151} INFO - https://www.mlb.com/braves/stats/
[2023-09-15T05:36:38.755+0000] {logging_mixin.py:151} INFO - https://www.mlb.com/mets/stats/
[2023-09-15T05:36:39.057+0000] {logging_mixin.py:151} INFO - https://www.mlb.com/marlins/stats/
[2023-09-15T05:36:39.300+0000] {logging_mixin.py:151} INFO - https://www.mlb.com/phillies/stats/
[2023-09-15T05:36:39.592+0000] {logging_mixin.py:151} INFO - https://www.mlb.com/dbacks/stats/
[2023-09-15T05:36:40.039+0000] {logging_mixin.py:151} INFO - https://www.mlb.com/dodgers/stats/
[2023-09-15T05:36:40.330+0000] {logging_mixin.py:151} INFO - https://www.mlb.com/padres/stats/
[2023-09-15T05:36:40.620+0000] {logging_mixin.py:151} INFO - https://www.mlb.com/rockies/stats/
[2023-09-15T05:36:40.956+0000] {logging_mixin.py:151} INFO - https://www.mlb.com/giants/stats/
[2023-09-15T05:36:41.246+0000] {logging_mixin.py:151} INFO - https://www.mlb.com/brewers/stats/
[2023-09-15T05:36:41.545+0000] {logging_mixin.py:151} INFO - https://www.mlb.com/cubs/stats/
[2023-09-15T05:36:41.986+0000] {logging_mixin.py:151} INFO - https://www.mlb.com/reds/stats/
[2023-09-15T05:36:42.260+0000] {logging_mixin.py:151} INFO - https://www.mlb.com/pirates/stats/
[2023-09-15T05:36:42.580+0000] {logging_mixin.py:151} INFO - https://www.mlb.com/cardinals/stats/
[2023-09-15T05:36:42.903+0000] {logging_mixin.py:151} INFO - https://www.mlb.com/astros/stats/
[2023-09-15T05:36:43.261+0000] {logging_mixin.py:151} INFO - https://www.mlb.com/rangers/stats/
[2023-09-15T05:36:43.627+0000] {logging_mixin.py:151} INFO - https://www.mlb.com/angels/stats/
[2023-09-15T05:36:44.009+0000] {logging_mixin.py:151} INFO - https://www.mlb.com/athletics/stats/
[2023-09-15T05:36:44.307+0000] {logging_mixin.py:151} INFO - https://www.mlb.com/mariners/stats/
[2023-09-15T05:36:44.625+0000] {logging_mixin.py:151} INFO - https://www.mlb.com/twins/stats/
[2023-09-15T05:36:44.912+0000] {logging_mixin.py:151} INFO - https://www.mlb.com/guardians/stats/
[2023-09-15T05:36:45.180+0000] {logging_mixin.py:151} INFO - https://www.mlb.com/tigers/stats/
[2023-09-15T05:36:45.547+0000] {logging_mixin.py:151} INFO - https://www.mlb.com/whitesox/stats/
[2023-09-15T05:36:45.876+0000] {logging_mixin.py:151} INFO - https://www.mlb.com/royals/stats/
[2023-09-15T05:36:46.304+0000] {logging_mixin.py:151} INFO - https://www.mlb.com/orioles/stats/
[2023-09-15T05:36:46.656+0000] {logging_mixin.py:151} INFO - https://www.mlb.com/rays/stats/
[2023-09-15T05:36:46.925+0000] {logging_mixin.py:151} INFO - https://www.mlb.com/bluejays/stats/
[2023-09-15T05:36:47.254+0000] {logging_mixin.py:151} INFO - https://www.mlb.com/redsox/stats/
[2023-09-15T05:36:47.661+0000] {logging_mixin.py:151} INFO - https://www.mlb.com/yankees/stats/
[2023-09-15T05:36:48.058+0000] {python.py:194} INFO - Done. Returned value was: None
[2023-09-15T05:36:48.065+0000] {taskinstance.py:1400} INFO - Marking task as SUCCESS. dag_id=mlb_parser, task_id=data_clean, execution_date=20230915T053630, start_date=20230915T053637, end_date=20230915T053648
[2023-09-15T05:36:48.089+0000] {local_task_job_runner.py:228} INFO - Task exited with return code 0
[2023-09-15T05:36:48.104+0000] {taskinstance.py:2784} INFO - 2 downstream tasks scheduled from follow-on schedule check
