[2023-09-24T05:38:04.096+0000] {taskinstance.py:1159} INFO - Dependencies all met for dep_context=non-requeueable deps ti=<TaskInstance: mlb_parser_ranking.get_rank manual__2023-09-24T05:38:01.884024+00:00 [queued]>
[2023-09-24T05:38:04.101+0000] {taskinstance.py:1159} INFO - Dependencies all met for dep_context=requeueable deps ti=<TaskInstance: mlb_parser_ranking.get_rank manual__2023-09-24T05:38:01.884024+00:00 [queued]>
[2023-09-24T05:38:04.101+0000] {taskinstance.py:1361} INFO - Starting attempt 1 of 2
[2023-09-24T05:38:04.109+0000] {taskinstance.py:1382} INFO - Executing <Task(PythonOperator): get_rank> on 2023-09-24 05:38:01.884024+00:00
[2023-09-24T05:38:04.113+0000] {standard_task_runner.py:57} INFO - Started process 97537 to run task
[2023-09-24T05:38:04.115+0000] {standard_task_runner.py:84} INFO - Running: ['***', 'tasks', 'run', 'mlb_parser_ranking', 'get_rank', 'manual__2023-09-24T05:38:01.884024+00:00', '--job-id', '1485', '--raw', '--subdir', 'DAGS_FOLDER/mlb_parser_ranking.py', '--cfg-path', '/tmp/tmpvblck229']
[2023-09-24T05:38:04.117+0000] {standard_task_runner.py:85} INFO - Job 1485: Subtask get_rank
[2023-09-24T05:38:04.149+0000] {task_command.py:415} INFO - Running <TaskInstance: mlb_parser_ranking.get_rank manual__2023-09-24T05:38:01.884024+00:00 [running]> on host d98c068596b4
[2023-09-24T05:38:04.214+0000] {taskinstance.py:1660} INFO - Exporting env vars: AIRFLOW_CTX_DAG_OWNER='andy_hsu' AIRFLOW_CTX_DAG_ID='mlb_parser_ranking' AIRFLOW_CTX_TASK_ID='get_rank' AIRFLOW_CTX_EXECUTION_DATE='2023-09-24T05:38:01.884024+00:00' AIRFLOW_CTX_TRY_NUMBER='1' AIRFLOW_CTX_DAG_RUN_ID='manual__2023-09-24T05:38:01.884024+00:00'
[2023-09-24T05:38:04.749+0000] {logging_mixin.py:151} INFO - {'div_name': 'American League East', 'teams': [{'name': 'Baltimore Orioles', 'div_rank': '1', 'w': 96, 'l': 59, 'gb': '-', 'wc_rank': '-', 'wc_gb': '-', 'wc_elim_num': '-', 'elim_num': '-', 'team_id': 110}, {'name': 'Tampa Bay Rays', 'div_rank': '2', 'w': 95, 'l': 61, 'gb': '1.5', 'wc_rank': '1', 'wc_gb': '+9.5', 'wc_elim_num': '-', 'elim_num': '6', 'team_id': 139}, {'name': 'Toronto Blue Jays', 'div_rank': '3', 'w': 86, 'l': 69, 'gb': '10.0', 'wc_rank': '2', 'wc_gb': '+1.0', 'wc_elim_num': '-', 'elim_num': 'E', 'team_id': 141}, {'name': 'New York Yankees', 'div_rank': '4', 'w': 78, 'l': 76, 'gb': '17.5', 'wc_rank': '5', 'wc_gb': '6.5', 'wc_elim_num': '2', 'elim_num': 'E', 'team_id': 147}, {'name': 'Boston Red Sox', 'div_rank': '5', 'w': 76, 'l': 79, 'gb': '20.0', 'wc_rank': '6', 'wc_gb': '9.0', 'wc_elim_num': 'E', 'elim_num': 'E', 'team_id': 111}]}
[2023-09-24T05:38:04.750+0000] {logging_mixin.py:151} INFO - {'div_name': 'American League Central', 'teams': [{'name': 'Minnesota Twins', 'div_rank': '1', 'w': 82, 'l': 73, 'gb': '-', 'wc_rank': '-', 'wc_gb': '-', 'wc_elim_num': '-', 'elim_num': '-', 'team_id': 142}, {'name': 'Cleveland Guardians', 'div_rank': '2', 'w': 74, 'l': 82, 'gb': '8.5', 'wc_rank': '7', 'wc_gb': '11.5', 'wc_elim_num': 'E', 'elim_num': 'E', 'team_id': 114}, {'name': 'Detroit Tigers', 'div_rank': '3', 'w': 72, 'l': 83, 'gb': '10.0', 'wc_rank': '8', 'wc_gb': '13.0', 'wc_elim_num': 'E', 'elim_num': 'E', 'team_id': 116}, {'name': 'Chicago White Sox', 'div_rank': '4', 'w': 59, 'l': 96, 'gb': '23.0', 'wc_rank': '10', 'wc_gb': '26.0', 'wc_elim_num': 'E', 'elim_num': 'E', 'team_id': 145}, {'name': 'Kansas City Royals', 'div_rank': '5', 'w': 53, 'l': 102, 'gb': '29.0', 'wc_rank': '11', 'wc_gb': '32.0', 'wc_elim_num': 'E', 'elim_num': 'E', 'team_id': 118}]}
[2023-09-24T05:38:04.750+0000] {logging_mixin.py:151} INFO - {'div_name': 'American League West', 'teams': [{'name': 'Texas Rangers', 'div_rank': '1', 'w': 86, 'l': 68, 'gb': '-', 'wc_rank': '-', 'wc_gb': '-', 'wc_elim_num': '-', 'elim_num': '-', 'team_id': 140}, {'name': 'Houston Astros', 'div_rank': '2', 'w': 85, 'l': 70, 'gb': '1.5', 'wc_rank': '3', 'wc_gb': '-', 'wc_elim_num': '-', 'elim_num': '7', 'team_id': 117}, {'name': 'Seattle Mariners', 'div_rank': '3', 'w': 84, 'l': 70, 'gb': '2.0', 'wc_rank': '4', 'wc_gb': '0.5', 'wc_elim_num': '8', 'elim_num': '7', 'team_id': 136}, {'name': 'Los Angeles Angels', 'div_rank': '4', 'w': 70, 'l': 85, 'gb': '16.5', 'wc_rank': '9', 'wc_gb': '15.0', 'wc_elim_num': 'E', 'elim_num': 'E', 'team_id': 108}, {'name': 'Oakland Athletics', 'div_rank': '5', 'w': 48, 'l': 107, 'gb': '38.5', 'wc_rank': '12', 'wc_gb': '37.0', 'wc_elim_num': 'E', 'elim_num': 'E', 'team_id': 133}]}
[2023-09-24T05:38:04.752+0000] {logging_mixin.py:151} INFO - {'div_name': 'National League East', 'teams': [{'name': 'Atlanta Braves', 'div_rank': '1', 'w': 99, 'l': 55, 'gb': '-', 'wc_rank': '-', 'wc_gb': '-', 'wc_elim_num': '-', 'elim_num': '-', 'team_id': 144}, {'name': 'Philadelphia Phillies', 'div_rank': '2', 'w': 86, 'l': 69, 'gb': '13.5', 'wc_rank': '1', 'wc_gb': '+5.0', 'wc_elim_num': '-', 'elim_num': 'E', 'team_id': 143}, {'name': 'Miami Marlins', 'div_rank': '3', 'w': 80, 'l': 75, 'gb': '19.5', 'wc_rank': '4', 'wc_gb': '1.0', 'wc_elim_num': '7', 'elim_num': 'E', 'team_id': 146}, {'name': 'New York Mets', 'div_rank': '4', 'w': 71, 'l': 84, 'gb': '28.5', 'wc_rank': '9', 'wc_gb': '10.0', 'wc_elim_num': 'E', 'elim_num': 'E', 'team_id': 121}, {'name': 'Washington Nationals', 'div_rank': '5', 'w': 68, 'l': 87, 'gb': '31.5', 'wc_rank': '11', 'wc_gb': '13.0', 'wc_elim_num': 'E', 'elim_num': 'E', 'team_id': 120}]}
[2023-09-24T05:38:04.754+0000] {logging_mixin.py:151} INFO - {'div_name': 'National League Central', 'teams': [{'name': 'Milwaukee Brewers', 'div_rank': '1', 'w': 88, 'l': 67, 'gb': '-', 'wc_rank': '-', 'wc_gb': '-', 'wc_elim_num': '-', 'elim_num': '-', 'team_id': 158}, {'name': 'Chicago Cubs', 'div_rank': '2', 'w': 81, 'l': 74, 'gb': '7.0', 'wc_rank': '3', 'wc_gb': '-', 'wc_elim_num': '-', 'elim_num': '1', 'team_id': 112}, {'name': 'Cincinnati Reds', 'div_rank': '3', 'w': 79, 'l': 77, 'gb': '9.5', 'wc_rank': '5', 'wc_gb': '2.5', 'wc_elim_num': '5', 'elim_num': 'E', 'team_id': 113}, {'name': 'Pittsburgh Pirates', 'div_rank': '4', 'w': 74, 'l': 81, 'gb': '14.0', 'wc_rank': '8', 'wc_gb': '7.0', 'wc_elim_num': '1', 'elim_num': 'E', 'team_id': 134}, {'name': 'St. Louis Cardinals', 'div_rank': '5', 'w': 68, 'l': 87, 'gb': '20.0', 'wc_rank': '10', 'wc_gb': '13.0', 'wc_elim_num': 'E', 'elim_num': 'E', 'team_id': 138}]}
[2023-09-24T05:38:04.755+0000] {logging_mixin.py:151} INFO - {'div_name': 'National League West', 'teams': [{'name': 'Los Angeles Dodgers', 'div_rank': '1', 'w': 95, 'l': 59, 'gb': '-', 'wc_rank': '-', 'wc_gb': '-', 'wc_elim_num': '-', 'elim_num': '-', 'team_id': 119}, {'name': 'Arizona Diamondbacks', 'div_rank': '2', 'w': 81, 'l': 73, 'gb': '14.0', 'wc_rank': '2', 'wc_gb': '+0.5', 'wc_elim_num': '-', 'elim_num': 'E', 'team_id': 109}, {'name': 'San Francisco Giants', 'div_rank': '3', 'w': 77, 'l': 78, 'gb': '18.5', 'wc_rank': '6', 'wc_gb': '4.0', 'wc_elim_num': '4', 'elim_num': 'E', 'team_id': 137}, {'name': 'San Diego Padres', 'div_rank': '4', 'w': 76, 'l': 79, 'gb': '19.5', 'wc_rank': '7', 'wc_gb': '5.0', 'wc_elim_num': '3', 'elim_num': 'E', 'team_id': 135}, {'name': 'Colorado Rockies', 'div_rank': '5', 'w': 56, 'l': 98, 'gb': '39.0', 'wc_rank': '12', 'wc_gb': '24.5', 'wc_elim_num': 'E', 'elim_num': 'E', 'team_id': 115}]}
[2023-09-24T05:38:04.764+0000] {logging_mixin.py:151} INFO -                      Team   W    L  Total_G Team_abb
0       Baltimore Orioles  96   59      155      BAL
1          Tampa Bay Rays  95   61      156       TB
2       Toronto Blue Jays  86   69      155      TOR
3        New York Yankees  78   76      154      NYY
4          Boston Red Sox  76   79      155      BOS
5         Minnesota Twins  82   73      155      MIN
6     Cleveland Guardians  74   82      156      CLE
7          Detroit Tigers  72   83      155      DET
8       Chicago White Sox  59   96      155      CWS
9      Kansas City Royals  53  102      155       KC
10          Texas Rangers  86   68      154      TEX
11         Houston Astros  85   70      155      HOU
12       Seattle Mariners  84   70      154      SEA
13     Los Angeles Angels  70   85      155      LAA
14      Oakland Athletics  48  107      155      OAK
15         Atlanta Braves  99   55      154      ATL
16  Philadelphia Phillies  86   69      155      PHI
17          Miami Marlins  80   75      155      MIA
18          New York Mets  71   84      155      NYM
19   Washington Nationals  68   87      155      WSH
20      Milwaukee Brewers  88   67      155      MIL
21           Chicago Cubs  81   74      155      CHC
22        Cincinnati Reds  79   77      156      CIN
23     Pittsburgh Pirates  74   81      155      PIT
24    St. Louis Cardinals  68   87      155      STL
25    Los Angeles Dodgers  95   59      154      LAD
26   Arizona Diamondbacks  81   73      154       AZ
27   San Francisco Giants  77   78      155       SF
28       San Diego Padres  76   79      155       SD
29       Colorado Rockies  56   98      154      COL
[2023-09-24T05:38:04.829+0000] {logging_mixin.py:151} INFO - job done
[2023-09-24T05:38:04.830+0000] {python.py:194} INFO - Done. Returned value was: None
[2023-09-24T05:38:04.842+0000] {taskinstance.py:1400} INFO - Marking task as SUCCESS. dag_id=mlb_parser_ranking, task_id=get_rank, execution_date=20230924T053801, start_date=20230924T053804, end_date=20230924T053804
[2023-09-24T05:38:04.874+0000] {local_task_job_runner.py:228} INFO - Task exited with return code 0
[2023-09-24T05:38:04.885+0000] {taskinstance.py:2784} INFO - 0 downstream tasks scheduled from follow-on schedule check
