[2023-09-18T04:46:37.323+0000] {taskinstance.py:1159} INFO - Dependencies all met for dep_context=non-requeueable deps ti=<TaskInstance: mlb_parser.task_avg_lead_to_sql manual__2023-09-18T04:45:17.373627+00:00 [queued]>
[2023-09-18T04:46:37.329+0000] {taskinstance.py:1159} INFO - Dependencies all met for dep_context=requeueable deps ti=<TaskInstance: mlb_parser.task_avg_lead_to_sql manual__2023-09-18T04:45:17.373627+00:00 [queued]>
[2023-09-18T04:46:37.330+0000] {taskinstance.py:1361} INFO - Starting attempt 1 of 2
[2023-09-18T04:46:37.337+0000] {taskinstance.py:1382} INFO - Executing <Task(PythonOperator): task_avg_lead_to_sql> on 2023-09-18 04:45:17.373627+00:00
[2023-09-18T04:46:37.343+0000] {standard_task_runner.py:57} INFO - Started process 14337 to run task
[2023-09-18T04:46:37.345+0000] {standard_task_runner.py:84} INFO - Running: ['***', 'tasks', 'run', 'mlb_parser', 'task_avg_lead_to_sql', 'manual__2023-09-18T04:45:17.373627+00:00', '--job-id', '1205', '--raw', '--subdir', 'DAGS_FOLDER/mlb_parser.py', '--cfg-path', '/tmp/tmpzgf6e4fr']
[2023-09-18T04:46:37.348+0000] {standard_task_runner.py:85} INFO - Job 1205: Subtask task_avg_lead_to_sql
[2023-09-18T04:46:37.378+0000] {task_command.py:415} INFO - Running <TaskInstance: mlb_parser.task_avg_lead_to_sql manual__2023-09-18T04:45:17.373627+00:00 [running]> on host 41ed285d8c3c
[2023-09-18T04:46:37.425+0000] {taskinstance.py:1660} INFO - Exporting env vars: AIRFLOW_CTX_DAG_OWNER='andy_hsu' AIRFLOW_CTX_DAG_ID='mlb_parser' AIRFLOW_CTX_TASK_ID='task_avg_lead_to_sql' AIRFLOW_CTX_EXECUTION_DATE='2023-09-18T04:45:17.373627+00:00' AIRFLOW_CTX_TRY_NUMBER='1' AIRFLOW_CTX_DAG_RUN_ID='manual__2023-09-18T04:45:17.373627+00:00'
[2023-09-18T04:46:37.446+0000] {logging_mixin.py:151} INFO -               name pos team    g   ab  ...   so    obp    slg       avg  record_date
0      Luis Arraez  2B  MIA  143  563  ...   34  0.393  0.471  0.353464   2023-09-18
1     Corey Seager  SS  TEX  106  427  ...   80  0.399  0.651  0.337237   2023-09-18
2     Ronald Acuna  RF  ATL  147  597  ...   78  0.418  0.586  0.336683   2023-09-18
3  Freddie Freeman  1B  LAD  147  582  ...  112  0.413  0.570  0.335052   2023-09-18
4       Yandy Diaz  1B   TB  129  501  ...   91  0.398  0.503  0.319361   2023-09-18
5      Josh Naylor  1B  CLE  109  408  ...   62  0.354  0.507  0.313725   2023-09-18
6   Cody Bellinger  CF  CHC  119  457  ...   81  0.356  0.534  0.310722   2023-09-18
7      Jose Altuve  2B  HOU   78  309  ...   60  0.395  0.544  0.310680   2023-09-18
8     Mookie Betts  RF  LAD  139  539  ...  103  0.410  0.599  0.309833   2023-09-18
9    Shohei Ohtani  DH  LAA  135  497  ...  143  0.412  0.654  0.303823   2023-09-18

[10 rows x 12 columns]
[2023-09-18T04:46:37.457+0000] {logging_mixin.py:151} INFO - there is some error
[2023-09-18T04:46:37.458+0000] {logging_mixin.py:151} INFO - job done
[2023-09-18T04:46:37.459+0000] {python.py:194} INFO - Done. Returned value was: None
[2023-09-18T04:46:37.464+0000] {taskinstance.py:1400} INFO - Marking task as SUCCESS. dag_id=mlb_parser, task_id=task_avg_lead_to_sql, execution_date=20230918T044517, start_date=20230918T044637, end_date=20230918T044637
[2023-09-18T04:46:37.521+0000] {local_task_job_runner.py:228} INFO - Task exited with return code 0
[2023-09-18T04:46:37.532+0000] {taskinstance.py:2784} INFO - 0 downstream tasks scheduled from follow-on schedule check
