[2023-09-21T03:57:04.163+0000] {taskinstance.py:1159} INFO - Dependencies all met for dep_context=non-requeueable deps ti=<TaskInstance: mlb_parser_ranking.get_rank scheduled__2023-09-20T03:55:00+00:00 [queued]>
[2023-09-21T03:57:04.168+0000] {taskinstance.py:1159} INFO - Dependencies all met for dep_context=requeueable deps ti=<TaskInstance: mlb_parser_ranking.get_rank scheduled__2023-09-20T03:55:00+00:00 [queued]>
[2023-09-21T03:57:04.169+0000] {taskinstance.py:1361} INFO - Starting attempt 2 of 2
[2023-09-21T03:57:04.176+0000] {taskinstance.py:1382} INFO - Executing <Task(PythonOperator): get_rank> on 2023-09-20 03:55:00+00:00
[2023-09-21T03:57:04.180+0000] {standard_task_runner.py:57} INFO - Started process 67323 to run task
[2023-09-21T03:57:04.183+0000] {standard_task_runner.py:84} INFO - Running: ['***', 'tasks', 'run', 'mlb_parser_ranking', 'get_rank', 'scheduled__2023-09-20T03:55:00+00:00', '--job-id', '1372', '--raw', '--subdir', 'DAGS_FOLDER/mlb_parser_ranking.py', '--cfg-path', '/tmp/tmpb21dow_5']
[2023-09-21T03:57:04.185+0000] {standard_task_runner.py:85} INFO - Job 1372: Subtask get_rank
[2023-09-21T03:57:04.214+0000] {task_command.py:415} INFO - Running <TaskInstance: mlb_parser_ranking.get_rank scheduled__2023-09-20T03:55:00+00:00 [running]> on host d98c068596b4
[2023-09-21T03:57:04.258+0000] {taskinstance.py:1660} INFO - Exporting env vars: AIRFLOW_CTX_DAG_OWNER='andy_hsu' AIRFLOW_CTX_DAG_ID='mlb_parser_ranking' AIRFLOW_CTX_TASK_ID='get_rank' AIRFLOW_CTX_EXECUTION_DATE='2023-09-20T03:55:00+00:00' AIRFLOW_CTX_TRY_NUMBER='2' AIRFLOW_CTX_DAG_RUN_ID='scheduled__2023-09-20T03:55:00+00:00'
[2023-09-21T03:57:04.879+0000] {logging_mixin.py:151} INFO - {'div_name': 'American League East', 'teams': [{'name': 'Baltimore Orioles', 'div_rank': '1', 'w': 95, 'l': 57, 'gb': '-', 'wc_rank': '-', 'wc_gb': '-', 'wc_elim_num': '-', 'elim_num': '-', 'team_id': 110}, {'name': 'Tampa Bay Rays', 'div_rank': '2', 'w': 93, 'l': 60, 'gb': '2.5', 'wc_rank': '1', 'wc_gb': '+8.5', 'wc_elim_num': '-', 'elim_num': '8', 'team_id': 139}, {'name': 'Toronto Blue Jays', 'div_rank': '3', 'w': 85, 'l': 67, 'gb': '10.0', 'wc_rank': '2', 'wc_gb': '+1.0', 'wc_elim_num': '-', 'elim_num': '1', 'team_id': 141}, {'name': 'New York Yankees', 'div_rank': '4', 'w': 76, 'l': 76, 'gb': '19.0', 'wc_rank': '5', 'wc_gb': '8.0', 'wc_elim_num': '3', 'elim_num': 'E', 'team_id': 147}, {'name': 'Boston Red Sox', 'div_rank': '5', 'w': 75, 'l': 78, 'gb': '20.5', 'wc_rank': '6', 'wc_gb': '9.5', 'wc_elim_num': '1', 'elim_num': 'E', 'team_id': 111}]}
[2023-09-21T03:57:04.885+0000] {logging_mixin.py:151} INFO - {'div_name': 'American League Central', 'teams': [{'name': 'Minnesota Twins', 'div_rank': '1', 'w': 81, 'l': 72, 'gb': '-', 'wc_rank': '-', 'wc_gb': '-', 'wc_elim_num': '-', 'elim_num': '-', 'team_id': 142}, {'name': 'Cleveland Guardians', 'div_rank': '2', 'w': 72, 'l': 81, 'gb': '9.0', 'wc_rank': '7', 'wc_gb': '12.5', 'wc_elim_num': 'E', 'elim_num': '1', 'team_id': 114}, {'name': 'Detroit Tigers', 'div_rank': '3', 'w': 70, 'l': 81, 'gb': '10.0', 'wc_rank': '8', 'wc_gb': '13.5', 'wc_elim_num': 'E', 'elim_num': '1', 'team_id': 116}, {'name': 'Chicago White Sox', 'div_rank': '4', 'w': 58, 'l': 95, 'gb': '23.0', 'wc_rank': '10', 'wc_gb': '26.5', 'wc_elim_num': 'E', 'elim_num': 'E', 'team_id': 145}, {'name': 'Kansas City Royals', 'div_rank': '5', 'w': 51, 'l': 102, 'gb': '30.0', 'wc_rank': '11', 'wc_gb': '33.5', 'wc_elim_num': 'E', 'elim_num': 'E', 'team_id': 118}]}
[2023-09-21T03:57:04.888+0000] {logging_mixin.py:151} INFO - {'div_name': 'American League West', 'teams': [{'name': 'Houston Astros', 'div_rank': '1', 'w': 85, 'l': 68, 'gb': '-', 'wc_rank': '-', 'wc_gb': '-', 'wc_elim_num': '-', 'elim_num': '-', 'team_id': 117}, {'name': 'Seattle Mariners', 'div_rank': '2', 'w': 84, 'l': 68, 'gb': '0.5', 'wc_rank': '3', 'wc_gb': '-', 'wc_elim_num': '-', 'elim_num': '10', 'team_id': 136}, {'name': 'Texas Rangers', 'div_rank': '3', 'w': 84, 'l': 68, 'gb': '0.5', 'wc_rank': '4', 'wc_gb': '-', 'wc_elim_num': '-', 'elim_num': '10', 'team_id': 140}, {'name': 'Los Angeles Angels', 'div_rank': '4', 'w': 69, 'l': 83, 'gb': '15.5', 'wc_rank': '9', 'wc_gb': '15.0', 'wc_elim_num': 'E', 'elim_num': 'E', 'team_id': 108}, {'name': 'Oakland Athletics', 'div_rank': '5', 'w': 46, 'l': 106, 'gb': '38.5', 'wc_rank': '12', 'wc_gb': '38.0', 'wc_elim_num': 'E', 'elim_num': 'E', 'team_id': 133}]}
[2023-09-21T03:57:04.894+0000] {logging_mixin.py:151} INFO - {'div_name': 'National League East', 'teams': [{'name': 'Atlanta Braves', 'div_rank': '1', 'w': 97, 'l': 55, 'gb': '-', 'wc_rank': '-', 'wc_gb': '-', 'wc_elim_num': '-', 'elim_num': '-', 'team_id': 144}, {'name': 'Philadelphia Phillies', 'div_rank': '2', 'w': 83, 'l': 69, 'gb': '14.0', 'wc_rank': '1', 'wc_gb': '+4.0', 'wc_elim_num': '-', 'elim_num': 'E', 'team_id': 143}, {'name': 'Miami Marlins', 'div_rank': '3', 'w': 79, 'l': 74, 'gb': '18.5', 'wc_rank': '4', 'wc_gb': '0.5', 'wc_elim_num': '10', 'elim_num': 'E', 'team_id': 146}, {'name': 'New York Mets', 'div_rank': '4', 'w': 71, 'l': 81, 'gb': '26.0', 'wc_rank': '8', 'wc_gb': '8.0', 'wc_elim_num': '3', 'elim_num': 'E', 'team_id': 121}, {'name': 'Washington Nationals', 'div_rank': '5', 'w': 68, 'l': 85, 'gb': '29.5', 'wc_rank': '10', 'wc_gb': '11.5', 'wc_elim_num': 'E', 'elim_num': 'E', 'team_id': 120}]}
[2023-09-21T03:57:04.896+0000] {logging_mixin.py:151} INFO - {'div_name': 'National League Central', 'teams': [{'name': 'Milwaukee Brewers', 'div_rank': '1', 'w': 86, 'l': 66, 'gb': '-', 'wc_rank': '-', 'wc_gb': '-', 'wc_elim_num': '-', 'elim_num': '-', 'team_id': 158}, {'name': 'Chicago Cubs', 'div_rank': '2', 'w': 79, 'l': 73, 'gb': '7.0', 'wc_rank': '3', 'wc_gb': '-', 'wc_elim_num': '-', 'elim_num': '4', 'team_id': 112}, {'name': 'Cincinnati Reds', 'div_rank': '3', 'w': 79, 'l': 75, 'gb': '8.0', 'wc_rank': '5', 'wc_gb': '1.0', 'wc_elim_num': '9', 'elim_num': '2', 'team_id': 113}, {'name': 'Pittsburgh Pirates', 'div_rank': '4', 'w': 71, 'l': 81, 'gb': '15.0', 'wc_rank': '9', 'wc_gb': '8.0', 'wc_elim_num': '3', 'elim_num': 'E', 'team_id': 134}, {'name': 'St. Louis Cardinals', 'div_rank': '5', 'w': 67, 'l': 85, 'gb': '19.0', 'wc_rank': '11', 'wc_gb': '12.0', 'wc_elim_num': 'E', 'elim_num': 'E', 'team_id': 138}]}
[2023-09-21T03:57:04.898+0000] {logging_mixin.py:151} INFO - {'div_name': 'National League West', 'teams': [{'name': 'Los Angeles Dodgers', 'div_rank': '1', 'w': 93, 'l': 57, 'gb': '-', 'wc_rank': '-', 'wc_gb': '-', 'wc_elim_num': '-', 'elim_num': '-', 'team_id': 119}, {'name': 'Arizona Diamondbacks', 'div_rank': '2', 'w': 81, 'l': 72, 'gb': '13.5', 'wc_rank': '2', 'wc_gb': '+1.5', 'wc_elim_num': '-', 'elim_num': 'E', 'team_id': 109}, {'name': 'San Francisco Giants', 'div_rank': '3', 'w': 76, 'l': 76, 'gb': '18.0', 'wc_rank': '6', 'wc_gb': '3.0', 'wc_elim_num': '8', 'elim_num': 'E', 'team_id': 137}, {'name': 'San Diego Padres', 'div_rank': '4', 'w': 75, 'l': 78, 'gb': '19.5', 'wc_rank': '7', 'wc_gb': '4.5', 'wc_elim_num': '6', 'elim_num': 'E', 'team_id': 135}, {'name': 'Colorado Rockies', 'div_rank': '5', 'w': 56, 'l': 96, 'gb': '38.0', 'wc_rank': '12', 'wc_gb': '23.0', 'wc_elim_num': 'E', 'elim_num': 'E', 'team_id': 115}]}
[2023-09-21T03:57:04.926+0000] {logging_mixin.py:151} INFO -                      Team   W    L  Total_G Team_abb
0       Baltimore Orioles  95   57      152      BAL
1          Tampa Bay Rays  93   60      153       TB
2       Toronto Blue Jays  85   67      152      TOR
3        New York Yankees  76   76      152      NYY
4          Boston Red Sox  75   78      153      BOS
5         Minnesota Twins  81   72      153      MIN
6     Cleveland Guardians  72   81      153      CLE
7          Detroit Tigers  70   81      151      DET
8       Chicago White Sox  58   95      153      CWS
9      Kansas City Royals  51  102      153       KC
10         Houston Astros  85   68      153      HOU
11       Seattle Mariners  84   68      152      SEA
12          Texas Rangers  84   68      152      TEX
13     Los Angeles Angels  69   83      152      LAA
14      Oakland Athletics  46  106      152      OAK
15         Atlanta Braves  97   55      152      ATL
16  Philadelphia Phillies  83   69      152      PHI
17          Miami Marlins  79   74      153      MIA
18          New York Mets  71   81      152      NYM
19   Washington Nationals  68   85      153      WSH
20      Milwaukee Brewers  86   66      152      MIL
21           Chicago Cubs  79   73      152      CHC
22        Cincinnati Reds  79   75      154      CIN
23     Pittsburgh Pirates  71   81      152      PIT
24    St. Louis Cardinals  67   85      152      STL
25    Los Angeles Dodgers  93   57      150      LAD
26   Arizona Diamondbacks  81   72      153       AZ
27   San Francisco Giants  76   76      152       SF
28       San Diego Padres  75   78      153       SD
29       Colorado Rockies  56   96      152      COL
[2023-09-21T03:57:04.964+0000] {logging_mixin.py:151} INFO - job done
[2023-09-21T03:57:04.965+0000] {python.py:194} INFO - Done. Returned value was: None
[2023-09-21T03:57:04.971+0000] {taskinstance.py:1400} INFO - Marking task as SUCCESS. dag_id=mlb_parser_ranking, task_id=get_rank, execution_date=20230920T035500, start_date=20230921T035704, end_date=20230921T035704
[2023-09-21T03:57:05.020+0000] {local_task_job_runner.py:228} INFO - Task exited with return code 0
[2023-09-21T03:57:05.030+0000] {taskinstance.py:2784} INFO - 0 downstream tasks scheduled from follow-on schedule check
