[2023-09-20T06:19:04.090+0000] {taskinstance.py:1159} INFO - Dependencies all met for dep_context=non-requeueable deps ti=<TaskInstance: mlb_parser.data_clean manual__2023-09-20T06:18:52.268955+00:00 [queued]>
[2023-09-20T06:19:04.096+0000] {taskinstance.py:1159} INFO - Dependencies all met for dep_context=requeueable deps ti=<TaskInstance: mlb_parser.data_clean manual__2023-09-20T06:18:52.268955+00:00 [queued]>
[2023-09-20T06:19:04.097+0000] {taskinstance.py:1361} INFO - Starting attempt 1 of 2
[2023-09-20T06:19:04.104+0000] {taskinstance.py:1382} INFO - Executing <Task(PythonOperator): data_clean> on 2023-09-20 06:18:52.268955+00:00
[2023-09-20T06:19:04.108+0000] {standard_task_runner.py:57} INFO - Started process 23589 to run task
[2023-09-20T06:19:04.111+0000] {standard_task_runner.py:84} INFO - Running: ['***', 'tasks', 'run', 'mlb_parser', 'data_clean', 'manual__2023-09-20T06:18:52.268955+00:00', '--job-id', '1346', '--raw', '--subdir', 'DAGS_FOLDER/mlb_parser_hit.py', '--cfg-path', '/tmp/tmp12fe2qko']
[2023-09-20T06:19:04.113+0000] {standard_task_runner.py:85} INFO - Job 1346: Subtask data_clean
[2023-09-20T06:19:04.142+0000] {task_command.py:415} INFO - Running <TaskInstance: mlb_parser.data_clean manual__2023-09-20T06:18:52.268955+00:00 [running]> on host d98c068596b4
[2023-09-20T06:19:04.190+0000] {taskinstance.py:1660} INFO - Exporting env vars: AIRFLOW_CTX_DAG_OWNER='andy_hsu' AIRFLOW_CTX_DAG_ID='mlb_parser' AIRFLOW_CTX_TASK_ID='data_clean' AIRFLOW_CTX_EXECUTION_DATE='2023-09-20T06:18:52.268955+00:00' AIRFLOW_CTX_TRY_NUMBER='1' AIRFLOW_CTX_DAG_RUN_ID='manual__2023-09-20T06:18:52.268955+00:00'
[2023-09-20T06:19:04.198+0000] {logging_mixin.py:151} INFO - ['nationals', 'braves', 'mets', 'marlins', 'phillies', 'brewers', 'cubs', 'reds', 'pirates', 'cardinals', 'dodgers', 'giants', 'padres', 'rockies', 'dbacks', 'astros', 'angels', 'rangers', 'athletics', 'mariners', 'twins', 'guardians', 'tigers', 'whitesox', 'royals', 'orioles', 'rays', 'bluejays', 'redsox', 'yankees']
[2023-09-20T06:19:04.199+0000] {logging_mixin.py:151} INFO - https://www.mlb.com/nationals/stats/
[2023-09-20T06:19:06.363+0000] {logging_mixin.py:151} INFO - https://www.mlb.com/braves/stats/
[2023-09-20T06:19:07.511+0000] {logging_mixin.py:151} INFO - https://www.mlb.com/mets/stats/
[2023-09-20T06:19:08.652+0000] {logging_mixin.py:151} INFO - https://www.mlb.com/marlins/stats/
[2023-09-20T06:19:10.575+0000] {logging_mixin.py:151} INFO - https://www.mlb.com/phillies/stats/
[2023-09-20T06:19:12.114+0000] {logging_mixin.py:151} INFO - https://www.mlb.com/brewers/stats/
[2023-09-20T06:19:13.312+0000] {logging_mixin.py:151} INFO - https://www.mlb.com/cubs/stats/
[2023-09-20T06:19:14.442+0000] {logging_mixin.py:151} INFO - https://www.mlb.com/reds/stats/
[2023-09-20T06:19:15.571+0000] {logging_mixin.py:151} INFO - https://www.mlb.com/pirates/stats/
[2023-09-20T06:19:16.086+0000] {logging_mixin.py:151} INFO - https://www.mlb.com/cardinals/stats/
[2023-09-20T06:19:17.222+0000] {logging_mixin.py:151} INFO - https://www.mlb.com/dodgers/stats/
[2023-09-20T06:19:17.732+0000] {logging_mixin.py:151} INFO - https://www.mlb.com/giants/stats/
[2023-09-20T06:19:18.870+0000] {logging_mixin.py:151} INFO - https://www.mlb.com/padres/stats/
[2023-09-20T06:19:20.335+0000] {logging_mixin.py:151} INFO - https://www.mlb.com/rockies/stats/
[2023-09-20T06:19:23.798+0000] {logging_mixin.py:151} INFO - https://www.mlb.com/dbacks/stats/
[2023-09-20T06:19:27.002+0000] {logging_mixin.py:151} INFO - https://www.mlb.com/astros/stats/
[2023-09-20T06:19:29.404+0000] {logging_mixin.py:151} INFO - https://www.mlb.com/angels/stats/
[2023-09-20T06:19:30.583+0000] {logging_mixin.py:151} INFO - https://www.mlb.com/rangers/stats/
[2023-09-20T06:19:32.481+0000] {logging_mixin.py:151} INFO - https://www.mlb.com/athletics/stats/
[2023-09-20T06:19:33.596+0000] {logging_mixin.py:151} INFO - https://www.mlb.com/mariners/stats/
[2023-09-20T06:19:34.217+0000] {logging_mixin.py:151} INFO - https://www.mlb.com/twins/stats/
[2023-09-20T06:19:35.512+0000] {logging_mixin.py:151} INFO - https://www.mlb.com/guardians/stats/
[2023-09-20T06:19:36.609+0000] {logging_mixin.py:151} INFO - https://www.mlb.com/tigers/stats/
[2023-09-20T06:19:39.718+0000] {logging_mixin.py:151} INFO - https://www.mlb.com/whitesox/stats/
[2023-09-20T06:19:41.086+0000] {logging_mixin.py:151} INFO - https://www.mlb.com/royals/stats/
[2023-09-20T06:19:42.300+0000] {logging_mixin.py:151} INFO - https://www.mlb.com/orioles/stats/
[2023-09-20T06:19:43.370+0000] {logging_mixin.py:151} INFO - https://www.mlb.com/rays/stats/
[2023-09-20T06:19:45.320+0000] {logging_mixin.py:151} INFO - https://www.mlb.com/bluejays/stats/
[2023-09-20T06:19:46.372+0000] {logging_mixin.py:151} INFO - https://www.mlb.com/redsox/stats/
[2023-09-20T06:19:49.055+0000] {logging_mixin.py:151} INFO - https://www.mlb.com/yankees/stats/
[2023-09-20T06:19:50.322+0000] {python.py:194} INFO - Done. Returned value was: None
[2023-09-20T06:19:50.328+0000] {taskinstance.py:1400} INFO - Marking task as SUCCESS. dag_id=mlb_parser, task_id=data_clean, execution_date=20230920T061852, start_date=20230920T061904, end_date=20230920T061950
[2023-09-20T06:19:50.379+0000] {local_task_job_runner.py:228} INFO - Task exited with return code 0
[2023-09-20T06:19:50.394+0000] {taskinstance.py:2784} INFO - 2 downstream tasks scheduled from follow-on schedule check
