[2023-09-13T07:50:18.818+0000] {taskinstance.py:1159} INFO - Dependencies all met for dep_context=non-requeueable deps ti=<TaskInstance: mlb_parser.output_avg_df manual__2023-09-13T07:49:54.395613+00:00 [queued]>
[2023-09-13T07:50:18.824+0000] {taskinstance.py:1159} INFO - Dependencies all met for dep_context=requeueable deps ti=<TaskInstance: mlb_parser.output_avg_df manual__2023-09-13T07:49:54.395613+00:00 [queued]>
[2023-09-13T07:50:18.825+0000] {taskinstance.py:1361} INFO - Starting attempt 1 of 2
[2023-09-13T07:50:18.831+0000] {taskinstance.py:1382} INFO - Executing <Task(PythonOperator): output_avg_df> on 2023-09-13 07:49:54.395613+00:00
[2023-09-13T07:50:18.836+0000] {standard_task_runner.py:57} INFO - Started process 37105 to run task
[2023-09-13T07:50:18.838+0000] {standard_task_runner.py:84} INFO - Running: ['***', 'tasks', 'run', 'mlb_parser', 'output_avg_df', 'manual__2023-09-13T07:49:54.395613+00:00', '--job-id', '564', '--raw', '--subdir', 'DAGS_FOLDER/mlb_parser.py', '--cfg-path', '/tmp/tmps3hzjhlt']
[2023-09-13T07:50:18.841+0000] {standard_task_runner.py:85} INFO - Job 564: Subtask output_avg_df
[2023-09-13T07:50:18.870+0000] {task_command.py:415} INFO - Running <TaskInstance: mlb_parser.output_avg_df manual__2023-09-13T07:49:54.395613+00:00 [running]> on host 2e8147b3a465
[2023-09-13T07:50:18.916+0000] {taskinstance.py:1660} INFO - Exporting env vars: AIRFLOW_CTX_DAG_OWNER='andy_hsu' AIRFLOW_CTX_DAG_ID='mlb_parser' AIRFLOW_CTX_TASK_ID='output_avg_df' AIRFLOW_CTX_EXECUTION_DATE='2023-09-13T07:49:54.395613+00:00' AIRFLOW_CTX_TRY_NUMBER='1' AIRFLOW_CTX_DAG_RUN_ID='manual__2023-09-13T07:49:54.395613+00:00'
[2023-09-13T07:50:18.935+0000] {logging_mixin.py:151} INFO -                 0    1    2         3
0     Luis Arraez  188  540  0.348148
1    Ronald Acuna  196  589  0.332767
2    Bryce Harper  122  411  0.296837
3  Michael Harris  129  439  0.293850
4    Bryson Stott  153  532  0.287594
5   Brandon Marsh  104  366  0.284153
6      Matt Olson  154  548  0.281022
7       Alec Bohm  138  496  0.278226
8     Lane Thomas  154  554  0.277978
9       Jon Berti   97  349  0.277937
[2023-09-13T07:50:18.936+0000] {python.py:194} INFO - Done. Returned value was: None
[2023-09-13T07:50:18.942+0000] {taskinstance.py:1400} INFO - Marking task as SUCCESS. dag_id=mlb_parser, task_id=output_avg_df, execution_date=20230913T074954, start_date=20230913T075018, end_date=20230913T075018
[2023-09-13T07:50:18.973+0000] {local_task_job_runner.py:228} INFO - Task exited with return code 0
[2023-09-13T07:50:18.986+0000] {taskinstance.py:2784} INFO - 0 downstream tasks scheduled from follow-on schedule check
