[2023-09-05T10:32:24.933+0000] {taskinstance.py:1159} INFO - Dependencies all met for dep_context=non-requeueable deps ti=<TaskInstance: try_dag.connect_check scheduled__2023-09-04T00:00:00+00:00 [queued]>
[2023-09-05T10:32:24.938+0000] {taskinstance.py:1159} INFO - Dependencies all met for dep_context=requeueable deps ti=<TaskInstance: try_dag.connect_check scheduled__2023-09-04T00:00:00+00:00 [queued]>
[2023-09-05T10:32:24.939+0000] {taskinstance.py:1361} INFO - Starting attempt 2 of 6
[2023-09-05T10:32:24.945+0000] {taskinstance.py:1382} INFO - Executing <Task(PythonOperator): connect_check> on 2023-09-04 00:00:00+00:00
[2023-09-05T10:32:24.949+0000] {standard_task_runner.py:57} INFO - Started process 1016 to run task
[2023-09-05T10:32:24.952+0000] {standard_task_runner.py:84} INFO - Running: ['***', 'tasks', 'run', 'try_dag', 'connect_check', 'scheduled__2023-09-04T00:00:00+00:00', '--job-id', '196', '--raw', '--subdir', 'DAGS_FOLDER/try.py', '--cfg-path', '/tmp/tmpgjaha2uz']
[2023-09-05T10:32:24.954+0000] {standard_task_runner.py:85} INFO - Job 196: Subtask connect_check
[2023-09-05T10:32:24.991+0000] {task_command.py:415} INFO - Running <TaskInstance: try_dag.connect_check scheduled__2023-09-04T00:00:00+00:00 [running]> on host 9d72344d139e
[2023-09-05T10:32:25.044+0000] {taskinstance.py:1660} INFO - Exporting env vars: AIRFLOW_CTX_DAG_OWNER='andy_hsu' AIRFLOW_CTX_DAG_ID='try_dag' AIRFLOW_CTX_TASK_ID='connect_check' AIRFLOW_CTX_EXECUTION_DATE='2023-09-04T00:00:00+00:00' AIRFLOW_CTX_TRY_NUMBER='2' AIRFLOW_CTX_DAG_RUN_ID='scheduled__2023-09-04T00:00:00+00:00'
[2023-09-05T10:32:25.047+0000] {taskinstance.py:1943} ERROR - Task failed with exception
Traceback (most recent call last):
  File "/home/airflow/.local/lib/python3.8/site-packages/airflow/operators/python.py", line 192, in execute
    return_value = self.execute_callable()
  File "/home/airflow/.local/lib/python3.8/site-packages/airflow/operators/python.py", line 209, in execute_callable
    return self.python_callable(*self.op_args, **self.op_kwargs)
  File "/opt/airflow/dags/try.py", line 31, in s
    with open ('/data/abc.txt', 'w') as e:
FileNotFoundError: [Errno 2] No such file or directory: '/data/abc.txt'
[2023-09-05T10:32:25.056+0000] {taskinstance.py:1400} INFO - Marking task as UP_FOR_RETRY. dag_id=try_dag, task_id=connect_check, execution_date=20230904T000000, start_date=20230905T103224, end_date=20230905T103225
[2023-09-05T10:32:25.063+0000] {standard_task_runner.py:104} ERROR - Failed to execute job 196 for task connect_check ([Errno 2] No such file or directory: '/data/abc.txt'; 1016)
[2023-09-05T10:32:25.086+0000] {local_task_job_runner.py:228} INFO - Task exited with return code 1
[2023-09-05T10:32:25.096+0000] {taskinstance.py:2784} INFO - 0 downstream tasks scheduled from follow-on schedule check
