[2023-09-05T10:30:23.161+0000] {taskinstance.py:1159} INFO - Dependencies all met for dep_context=non-requeueable deps ti=<TaskInstance: try_dag.connect_check scheduled__2023-09-04T00:00:00+00:00 [queued]>
[2023-09-05T10:30:23.167+0000] {taskinstance.py:1159} INFO - Dependencies all met for dep_context=requeueable deps ti=<TaskInstance: try_dag.connect_check scheduled__2023-09-04T00:00:00+00:00 [queued]>
[2023-09-05T10:30:23.168+0000] {taskinstance.py:1361} INFO - Starting attempt 1 of 6
[2023-09-05T10:30:23.175+0000] {taskinstance.py:1382} INFO - Executing <Task(PythonOperator): connect_check> on 2023-09-04 00:00:00+00:00
[2023-09-05T10:30:23.180+0000] {standard_task_runner.py:57} INFO - Started process 861 to run task
[2023-09-05T10:30:23.182+0000] {standard_task_runner.py:84} INFO - Running: ['***', 'tasks', 'run', 'try_dag', 'connect_check', 'scheduled__2023-09-04T00:00:00+00:00', '--job-id', '195', '--raw', '--subdir', 'DAGS_FOLDER/try.py', '--cfg-path', '/tmp/tmp866nexfe']
[2023-09-05T10:30:23.184+0000] {standard_task_runner.py:85} INFO - Job 195: Subtask connect_check
[2023-09-05T10:30:23.222+0000] {task_command.py:415} INFO - Running <TaskInstance: try_dag.connect_check scheduled__2023-09-04T00:00:00+00:00 [running]> on host 9d72344d139e
[2023-09-05T10:30:23.286+0000] {taskinstance.py:1660} INFO - Exporting env vars: AIRFLOW_CTX_DAG_OWNER='andy_hsu' AIRFLOW_CTX_DAG_ID='try_dag' AIRFLOW_CTX_TASK_ID='connect_check' AIRFLOW_CTX_EXECUTION_DATE='2023-09-04T00:00:00+00:00' AIRFLOW_CTX_TRY_NUMBER='1' AIRFLOW_CTX_DAG_RUN_ID='scheduled__2023-09-04T00:00:00+00:00'
[2023-09-05T10:30:23.288+0000] {taskinstance.py:1943} ERROR - Task failed with exception
Traceback (most recent call last):
  File "/home/airflow/.local/lib/python3.8/site-packages/airflow/operators/python.py", line 192, in execute
    return_value = self.execute_callable()
  File "/home/airflow/.local/lib/python3.8/site-packages/airflow/operators/python.py", line 209, in execute_callable
    return self.python_callable(*self.op_args, **self.op_kwargs)
  File "/opt/airflow/dags/try.py", line 31, in s
    with open ('/data/abc.txt', 'w') as e:
FileNotFoundError: [Errno 2] No such file or directory: '/data/abc.txt'
[2023-09-05T10:30:23.297+0000] {taskinstance.py:1400} INFO - Marking task as UP_FOR_RETRY. dag_id=try_dag, task_id=connect_check, execution_date=20230904T000000, start_date=20230905T103023, end_date=20230905T103023
[2023-09-05T10:30:23.308+0000] {standard_task_runner.py:104} ERROR - Failed to execute job 195 for task connect_check ([Errno 2] No such file or directory: '/data/abc.txt'; 861)
[2023-09-05T10:30:23.355+0000] {local_task_job_runner.py:228} INFO - Task exited with return code 1
[2023-09-05T10:30:23.366+0000] {taskinstance.py:2784} INFO - 0 downstream tasks scheduled from follow-on schedule check
[2023-09-05T10:34:00.214+0000] {taskinstance.py:1159} INFO - Dependencies all met for dep_context=non-requeueable deps ti=<TaskInstance: try_dag.connect_check scheduled__2023-09-04T00:00:00+00:00 [queued]>
[2023-09-05T10:34:00.219+0000] {taskinstance.py:1159} INFO - Dependencies all met for dep_context=requeueable deps ti=<TaskInstance: try_dag.connect_check scheduled__2023-09-04T00:00:00+00:00 [queued]>
[2023-09-05T10:34:00.220+0000] {taskinstance.py:1361} INFO - Starting attempt 1 of 6
[2023-09-05T10:34:00.227+0000] {taskinstance.py:1382} INFO - Executing <Task(PythonOperator): connect_check> on 2023-09-04 00:00:00+00:00
[2023-09-05T10:34:00.232+0000] {standard_task_runner.py:57} INFO - Started process 234 to run task
[2023-09-05T10:34:00.234+0000] {standard_task_runner.py:84} INFO - Running: ['***', 'tasks', 'run', 'try_dag', 'connect_check', 'scheduled__2023-09-04T00:00:00+00:00', '--job-id', '199', '--raw', '--subdir', 'DAGS_FOLDER/try.py', '--cfg-path', '/tmp/tmpt4coeolk']
[2023-09-05T10:34:00.236+0000] {standard_task_runner.py:85} INFO - Job 199: Subtask connect_check
[2023-09-05T10:34:00.276+0000] {task_command.py:415} INFO - Running <TaskInstance: try_dag.connect_check scheduled__2023-09-04T00:00:00+00:00 [running]> on host aed8fd332ed6
[2023-09-05T10:34:00.340+0000] {taskinstance.py:1660} INFO - Exporting env vars: AIRFLOW_CTX_DAG_OWNER='andy_hsu' AIRFLOW_CTX_DAG_ID='try_dag' AIRFLOW_CTX_TASK_ID='connect_check' AIRFLOW_CTX_EXECUTION_DATE='2023-09-04T00:00:00+00:00' AIRFLOW_CTX_TRY_NUMBER='1' AIRFLOW_CTX_DAG_RUN_ID='scheduled__2023-09-04T00:00:00+00:00'
[2023-09-05T10:34:00.347+0000] {python.py:194} INFO - Done. Returned value was: None
[2023-09-05T10:34:00.354+0000] {taskinstance.py:1400} INFO - Marking task as SUCCESS. dag_id=try_dag, task_id=connect_check, execution_date=20230904T000000, start_date=20230905T103400, end_date=20230905T103400
[2023-09-05T10:34:00.407+0000] {local_task_job_runner.py:228} INFO - Task exited with return code 0
[2023-09-05T10:34:00.418+0000] {taskinstance.py:2784} INFO - 0 downstream tasks scheduled from follow-on schedule check
