[2023-09-20T04:00:53.960+0000] {taskinstance.py:1159} INFO - Dependencies all met for dep_context=non-requeueable deps ti=<TaskInstance: mlb_parser.task_hr_lead_to_sql scheduled__2023-09-19T04:00:00+00:00 [queued]>
[2023-09-20T04:00:53.966+0000] {taskinstance.py:1159} INFO - Dependencies all met for dep_context=requeueable deps ti=<TaskInstance: mlb_parser.task_hr_lead_to_sql scheduled__2023-09-19T04:00:00+00:00 [queued]>
[2023-09-20T04:00:53.967+0000] {taskinstance.py:1361} INFO - Starting attempt 1 of 2
[2023-09-20T04:00:53.975+0000] {taskinstance.py:1382} INFO - Executing <Task(PythonOperator): task_hr_lead_to_sql> on 2023-09-19 04:00:00+00:00
[2023-09-20T04:00:53.979+0000] {standard_task_runner.py:57} INFO - Started process 16438 to run task
[2023-09-20T04:00:53.982+0000] {standard_task_runner.py:84} INFO - Running: ['***', 'tasks', 'run', 'mlb_parser', 'task_hr_lead_to_sql', 'scheduled__2023-09-19T04:00:00+00:00', '--job-id', '1340', '--raw', '--subdir', 'DAGS_FOLDER/mlb_parser_hit.py', '--cfg-path', '/tmp/tmpghangqpy']
[2023-09-20T04:00:53.984+0000] {standard_task_runner.py:85} INFO - Job 1340: Subtask task_hr_lead_to_sql
[2023-09-20T04:00:54.017+0000] {task_command.py:415} INFO - Running <TaskInstance: mlb_parser.task_hr_lead_to_sql scheduled__2023-09-19T04:00:00+00:00 [running]> on host d98c068596b4
[2023-09-20T04:00:54.066+0000] {taskinstance.py:1660} INFO - Exporting env vars: AIRFLOW_CTX_DAG_OWNER='andy_hsu' AIRFLOW_CTX_DAG_ID='mlb_parser' AIRFLOW_CTX_TASK_ID='task_hr_lead_to_sql' AIRFLOW_CTX_EXECUTION_DATE='2023-09-19T04:00:00+00:00' AIRFLOW_CTX_TRY_NUMBER='1' AIRFLOW_CTX_DAG_RUN_ID='scheduled__2023-09-19T04:00:00+00:00'
[2023-09-20T04:00:54.086+0000] {logging_mixin.py:151} INFO -               name pos team    g   ab  ...   bb   so    obp    slg  record_date
0       Matt Olson  1B  ATL  151  570  ...   99  158  0.387  0.609   2023-09-20
1   Kyle Schwarber  LF  PHI  150  551  ...  120  203  0.345  0.477   2023-09-20
2      Pete Alonso  1B  NYM  143  524  ...   64  136  0.325  0.521   2023-09-20
3    Shohei Ohtani  DH  LAA  135  497  ...   91  143  0.412  0.654   2023-09-20
4     Mookie Betts  RF  LAD  141  545  ...   88  103  0.409  0.594   2023-09-20
5     Ronald Acuna  RF  ATL  149  606  ...   78   78  0.418  0.596   2023-09-20
6      Luis Robert  CF  CWS  141  536  ...   29  169  0.316  0.543   2023-09-20
7     Austin Riley  3B  ATL  149  595  ...   54  157  0.341  0.511   2023-09-20
8      Jorge Soler  DH  MIA  129  475  ...   62  132  0.334  0.518   2023-09-20
9        Max Muncy  3B  LAD  125  441  ...   78  142  0.331  0.488   2023-09-20
10   Adolis Garcia  RF  TEX  137  518  ...   58  163  0.323  0.496   2023-09-20
11   Marcell Ozuna  DH  ATL  134  490  ...   53  123  0.342  0.535   2023-09-20

[12 rows x 12 columns]
[2023-09-20T04:00:54.100+0000] {logging_mixin.py:151} INFO - job done
[2023-09-20T04:00:54.101+0000] {python.py:194} INFO - Done. Returned value was: None
[2023-09-20T04:00:54.109+0000] {taskinstance.py:1400} INFO - Marking task as SUCCESS. dag_id=mlb_parser, task_id=task_hr_lead_to_sql, execution_date=20230919T040000, start_date=20230920T040053, end_date=20230920T040054
[2023-09-20T04:00:54.157+0000] {local_task_job_runner.py:228} INFO - Task exited with return code 0
[2023-09-20T04:00:54.167+0000] {taskinstance.py:2784} INFO - 0 downstream tasks scheduled from follow-on schedule check
