[2023-09-04T15:40:29.960+0000] {taskinstance.py:1159} INFO - Dependencies all met for dep_context=non-requeueable deps ti=<TaskInstance: FIBA_dag.parse_data manual__2023-09-04T15:40:23.644631+00:00 [queued]>
[2023-09-04T15:40:29.966+0000] {taskinstance.py:1159} INFO - Dependencies all met for dep_context=requeueable deps ti=<TaskInstance: FIBA_dag.parse_data manual__2023-09-04T15:40:23.644631+00:00 [queued]>
[2023-09-04T15:40:29.967+0000] {taskinstance.py:1361} INFO - Starting attempt 1 of 6
[2023-09-04T15:40:29.973+0000] {taskinstance.py:1382} INFO - Executing <Task(PythonOperator): parse_data> on 2023-09-04 15:40:23.644631+00:00
[2023-09-04T15:40:29.978+0000] {standard_task_runner.py:57} INFO - Started process 21907 to run task
[2023-09-04T15:40:29.980+0000] {standard_task_runner.py:84} INFO - Running: ['***', 'tasks', 'run', 'FIBA_dag', 'parse_data', 'manual__2023-09-04T15:40:23.644631+00:00', '--job-id', '130', '--raw', '--subdir', 'DAGS_FOLDER/FIBA.py', '--cfg-path', '/tmp/tmpv8zqd683']
[2023-09-04T15:40:29.985+0000] {standard_task_runner.py:85} INFO - Job 130: Subtask parse_data
[2023-09-04T15:40:30.011+0000] {task_command.py:415} INFO - Running <TaskInstance: FIBA_dag.parse_data manual__2023-09-04T15:40:23.644631+00:00 [running]> on host ad6c67079ac6
[2023-09-04T15:40:30.054+0000] {taskinstance.py:1660} INFO - Exporting env vars: AIRFLOW_CTX_DAG_OWNER='andy_hsu' AIRFLOW_CTX_DAG_ID='FIBA_dag' AIRFLOW_CTX_TASK_ID='parse_data' AIRFLOW_CTX_EXECUTION_DATE='2023-09-04T15:40:23.644631+00:00' AIRFLOW_CTX_TRY_NUMBER='1' AIRFLOW_CTX_DAG_RUN_ID='manual__2023-09-04T15:40:23.644631+00:00'
[2023-09-04T15:40:31.098+0000] {logging_mixin.py:151} INFO - left_part: AUS
[2023-09-04T15:40:31.099+0000] {logging_mixin.py:151} INFO - right_part: GEO
[2023-09-04T15:40:31.100+0000] {logging_mixin.py:151} INFO - left_point: 
                                        100
                                    
[2023-09-04T15:40:31.101+0000] {logging_mixin.py:151} INFO - right_point: 
                                        84
                                    
[2023-09-04T15:40:31.102+0000] {logging_mixin.py:151} INFO - left_part: ITA
[2023-09-04T15:40:31.103+0000] {logging_mixin.py:151} INFO - right_part: PUR
[2023-09-04T15:40:31.104+0000] {logging_mixin.py:151} INFO - left_point: 
                                        73
                                    
[2023-09-04T15:40:31.105+0000] {logging_mixin.py:151} INFO - right_point: 
                                        57
                                    
[2023-09-04T15:40:31.105+0000] {logging_mixin.py:151} INFO - left_part: GRE
[2023-09-04T15:40:31.106+0000] {logging_mixin.py:151} INFO - right_part: MNE
[2023-09-04T15:40:31.107+0000] {logging_mixin.py:151} INFO - left_point: 
                                        69
                                    
[2023-09-04T15:40:31.107+0000] {logging_mixin.py:151} INFO - right_point: 
                                        73
                                    
[2023-09-04T15:40:31.108+0000] {logging_mixin.py:151} INFO - left_part: BRA
[2023-09-04T15:40:31.109+0000] {logging_mixin.py:151} INFO - right_part: LAT
[2023-09-04T15:40:31.110+0000] {logging_mixin.py:151} INFO - left_point: 
                                        84
                                    
[2023-09-04T15:40:31.110+0000] {logging_mixin.py:151} INFO - right_point: 
                                        104
                                    
[2023-09-04T15:40:31.111+0000] {logging_mixin.py:151} INFO - left_part: GER
[2023-09-04T15:40:31.112+0000] {logging_mixin.py:151} INFO - right_part: SLO
[2023-09-04T15:40:31.112+0000] {logging_mixin.py:151} INFO - left_point: 
                                        100
                                    
[2023-09-04T15:40:31.113+0000] {logging_mixin.py:151} INFO - right_point: 
                                        71
                                    
[2023-09-04T15:40:31.114+0000] {logging_mixin.py:151} INFO - left_part: DOM
[2023-09-04T15:40:31.114+0000] {logging_mixin.py:151} INFO - right_part: SRB
[2023-09-04T15:40:31.115+0000] {logging_mixin.py:151} INFO - left_point: 
                                        79
                                    
[2023-09-04T15:40:31.116+0000] {logging_mixin.py:151} INFO - right_point: 
                                        112
                                    
[2023-09-04T15:40:31.117+0000] {logging_mixin.py:151} INFO - left_part: USA
[2023-09-04T15:40:31.118+0000] {logging_mixin.py:151} INFO - right_part: LTU
[2023-09-04T15:40:31.118+0000] {logging_mixin.py:151} INFO - left_point: 
                                        104
                                    
[2023-09-04T15:40:31.119+0000] {logging_mixin.py:151} INFO - right_point: 
                                        110
                                    
[2023-09-04T15:40:31.120+0000] {logging_mixin.py:151} INFO - left_part: ESP
[2023-09-04T15:40:31.120+0000] {logging_mixin.py:151} INFO - right_part: CAN
[2023-09-04T15:40:31.121+0000] {logging_mixin.py:151} INFO - left_point: 
                                        85
                                    
[2023-09-04T15:40:31.122+0000] {logging_mixin.py:151} INFO - right_point: 
                                        88
                                    
[2023-09-04T15:40:31.122+0000] {python.py:194} INFO - Done. Returned value was: None
[2023-09-04T15:40:31.128+0000] {taskinstance.py:1400} INFO - Marking task as SUCCESS. dag_id=FIBA_dag, task_id=parse_data, execution_date=20230904T154023, start_date=20230904T154029, end_date=20230904T154031
[2023-09-04T15:40:31.156+0000] {local_task_job_runner.py:228} INFO - Task exited with return code 0
[2023-09-04T15:40:31.168+0000] {taskinstance.py:2784} INFO - 0 downstream tasks scheduled from follow-on schedule check
