[2023-09-15T05:34:46.713+0000] {taskinstance.py:1159} INFO - Dependencies all met for dep_context=non-requeueable deps ti=<TaskInstance: mlb_parser.get_hr_high manual__2023-09-15T05:33:41.629314+00:00 [queued]>
[2023-09-15T05:34:46.719+0000] {taskinstance.py:1159} INFO - Dependencies all met for dep_context=requeueable deps ti=<TaskInstance: mlb_parser.get_hr_high manual__2023-09-15T05:33:41.629314+00:00 [queued]>
[2023-09-15T05:34:46.721+0000] {taskinstance.py:1361} INFO - Starting attempt 1 of 2
[2023-09-15T05:34:46.728+0000] {taskinstance.py:1382} INFO - Executing <Task(PostgresOperator): get_hr_high> on 2023-09-15 05:33:41.629314+00:00
[2023-09-15T05:34:46.734+0000] {standard_task_runner.py:57} INFO - Started process 14702 to run task
[2023-09-15T05:34:46.737+0000] {standard_task_runner.py:84} INFO - Running: ['***', 'tasks', 'run', 'mlb_parser', 'get_hr_high', 'manual__2023-09-15T05:33:41.629314+00:00', '--job-id', '656', '--raw', '--subdir', 'DAGS_FOLDER/mlb_parser.py', '--cfg-path', '/tmp/tmpc_1r7s7m']
[2023-09-15T05:34:46.740+0000] {standard_task_runner.py:85} INFO - Job 656: Subtask get_hr_high
[2023-09-15T05:34:46.844+0000] {task_command.py:415} INFO - Running <TaskInstance: mlb_parser.get_hr_high manual__2023-09-15T05:33:41.629314+00:00 [running]> on host 2e8147b3a465
[2023-09-15T05:34:46.906+0000] {taskinstance.py:1660} INFO - Exporting env vars: AIRFLOW_CTX_DAG_OWNER='andy_hsu' AIRFLOW_CTX_DAG_ID='mlb_parser' AIRFLOW_CTX_TASK_ID='get_hr_high' AIRFLOW_CTX_EXECUTION_DATE='2023-09-15T05:33:41.629314+00:00' AIRFLOW_CTX_TRY_NUMBER='1' AIRFLOW_CTX_DAG_RUN_ID='manual__2023-09-15T05:33:41.629314+00:00'
[2023-09-15T05:34:46.910+0000] {sql.py:274} INFO - Executing: 
            SELECT
                "Name",
                "HR"
                FROM mlb_parser
                ORDER BY "HR" DESC
                LIMIT 10;
            
[2023-09-15T05:34:46.917+0000] {base.py:73} INFO - Using connection ID 'postgres_mlb_parser_DB' for task execution.
[2023-09-15T05:34:46.925+0000] {base.py:73} INFO - Using connection ID 'postgres_mlb_parser_DB' for task execution.
[2023-09-15T05:34:46.941+0000] {sql.py:418} INFO - Running statement: 
            SELECT
                "Name",
                "HR"
                FROM mlb_parser
                ORDER BY "HR" DESC
                LIMIT 10;
            , parameters: None
[2023-09-15T05:34:46.969+0000] {taskinstance.py:1943} ERROR - Task failed with exception
Traceback (most recent call last):
  File "/home/airflow/.local/lib/python3.8/site-packages/airflow/providers/common/sql/operators/sql.py", line 280, in execute
    output = hook.run(
  File "/home/airflow/.local/lib/python3.8/site-packages/airflow/providers/common/sql/hooks/sql.py", line 392, in run
    self._run_command(cur, sql_statement, parameters)
  File "/home/airflow/.local/lib/python3.8/site-packages/airflow/providers/common/sql/hooks/sql.py", line 423, in _run_command
    cur.execute(sql_statement)
psycopg2.errors.UndefinedTable: relation "mlb_parser" does not exist
LINE 5:                 FROM mlb_parser
                             ^

[2023-09-15T05:34:46.978+0000] {taskinstance.py:1400} INFO - Marking task as UP_FOR_RETRY. dag_id=mlb_parser, task_id=get_hr_high, execution_date=20230915T053341, start_date=20230915T053446, end_date=20230915T053446
[2023-09-15T05:34:46.997+0000] {standard_task_runner.py:104} ERROR - Failed to execute job 656 for task get_hr_high (relation "mlb_parser" does not exist
LINE 5:                 FROM mlb_parser
                             ^
; 14702)
[2023-09-15T05:34:47.031+0000] {local_task_job_runner.py:228} INFO - Task exited with return code 1
[2023-09-15T05:34:47.046+0000] {taskinstance.py:2784} INFO - 0 downstream tasks scheduled from follow-on schedule check
