[2023-09-29T04:02:07.055+0000] {taskinstance.py:1159} INFO - Dependencies all met for dep_context=non-requeueable deps ti=<TaskInstance: mlb_parser.task_avg_lead_to_sql scheduled__2023-09-28T04:00:00+00:00 [queued]>
[2023-09-29T04:02:07.061+0000] {taskinstance.py:1159} INFO - Dependencies all met for dep_context=requeueable deps ti=<TaskInstance: mlb_parser.task_avg_lead_to_sql scheduled__2023-09-28T04:00:00+00:00 [queued]>
[2023-09-29T04:02:07.062+0000] {taskinstance.py:1361} INFO - Starting attempt 1 of 2
[2023-09-29T04:02:07.069+0000] {taskinstance.py:1382} INFO - Executing <Task(PythonOperator): task_avg_lead_to_sql> on 2023-09-28 04:00:00+00:00
[2023-09-29T04:02:07.073+0000] {standard_task_runner.py:57} INFO - Started process 63010 to run task
[2023-09-29T04:02:07.076+0000] {standard_task_runner.py:84} INFO - Running: ['***', 'tasks', 'run', 'mlb_parser', 'task_avg_lead_to_sql', 'scheduled__2023-09-28T04:00:00+00:00', '--job-id', '1637', '--raw', '--subdir', 'DAGS_FOLDER/mlb_parser_hit.py', '--cfg-path', '/tmp/tmpb48ln9fn']
[2023-09-29T04:02:07.079+0000] {standard_task_runner.py:85} INFO - Job 1637: Subtask task_avg_lead_to_sql
[2023-09-29T04:02:07.113+0000] {task_command.py:415} INFO - Running <TaskInstance: mlb_parser.task_avg_lead_to_sql scheduled__2023-09-28T04:00:00+00:00 [running]> on host d98c068596b4
[2023-09-29T04:02:07.167+0000] {taskinstance.py:1660} INFO - Exporting env vars: AIRFLOW_CTX_DAG_OWNER='andy_hsu' AIRFLOW_CTX_DAG_ID='mlb_parser' AIRFLOW_CTX_TASK_ID='task_avg_lead_to_sql' AIRFLOW_CTX_EXECUTION_DATE='2023-09-28T04:00:00+00:00' AIRFLOW_CTX_TRY_NUMBER='1' AIRFLOW_CTX_DAG_RUN_ID='scheduled__2023-09-28T04:00:00+00:00'
[2023-09-29T04:02:07.188+0000] {logging_mixin.py:151} INFO -               name pos team    g   ab  ...   so    obp    slg       avg  record_date
0      Luis Arraez  2B  MIA  146  573  ...   34  0.392  0.468  0.352531   2023-09-29
1     Ronald Acuna  RF  ATL  156  637  ...   82  0.414  0.595  0.335950   2023-09-29
2     Corey Seager  SS  TEX  116  466  ...   84  0.394  0.635  0.332618   2023-09-29
3  Freddie Freeman  1B  LAD  158  625  ...  119  0.410  0.565  0.331200   2023-09-29
4       Yandy Diaz  1B   TB  135  522  ...   93  0.408  0.515  0.327586   2023-09-29
5      Jose Altuve  2B  HOU   87  348  ...   67  0.399  0.534  0.316092   2023-09-29
6   Cody Bellinger  CF  CHC  128  491  ...   86  0.358  0.530  0.309572   2023-09-29
7     Mookie Betts  RF  LAD  149  574  ...  105  0.410  0.585  0.308362   2023-09-29
8   Harold Ramirez  DH   TB  119  387  ...   77  0.348  0.447  0.307494   2023-09-29
9      Josh Naylor  1B  CLE  118  441  ...   67  0.351  0.488  0.306122   2023-09-29

[10 rows x 12 columns]
[2023-09-29T04:02:07.200+0000] {logging_mixin.py:151} INFO - job done
[2023-09-29T04:02:07.201+0000] {python.py:194} INFO - Done. Returned value was: None
[2023-09-29T04:02:07.213+0000] {taskinstance.py:1400} INFO - Marking task as SUCCESS. dag_id=mlb_parser, task_id=task_avg_lead_to_sql, execution_date=20230928T040000, start_date=20230929T040207, end_date=20230929T040207
[2023-09-29T04:02:07.249+0000] {local_task_job_runner.py:228} INFO - Task exited with return code 0
[2023-09-29T04:02:07.260+0000] {taskinstance.py:2784} INFO - 0 downstream tasks scheduled from follow-on schedule check
