[2023-09-20T04:00:50.915+0000] {taskinstance.py:1159} INFO - Dependencies all met for dep_context=non-requeueable deps ti=<TaskInstance: mlb_parser.get_hr_high scheduled__2023-09-19T04:00:00+00:00 [queued]>
[2023-09-20T04:00:50.920+0000] {taskinstance.py:1159} INFO - Dependencies all met for dep_context=requeueable deps ti=<TaskInstance: mlb_parser.get_hr_high scheduled__2023-09-19T04:00:00+00:00 [queued]>
[2023-09-20T04:00:50.922+0000] {taskinstance.py:1361} INFO - Starting attempt 1 of 2
[2023-09-20T04:00:50.929+0000] {taskinstance.py:1382} INFO - Executing <Task(PostgresOperator): get_hr_high> on 2023-09-19 04:00:00+00:00
[2023-09-20T04:00:50.933+0000] {standard_task_runner.py:57} INFO - Started process 16423 to run task
[2023-09-20T04:00:50.936+0000] {standard_task_runner.py:84} INFO - Running: ['***', 'tasks', 'run', 'mlb_parser', 'get_hr_high', 'scheduled__2023-09-19T04:00:00+00:00', '--job-id', '1336', '--raw', '--subdir', 'DAGS_FOLDER/mlb_parser_hit.py', '--cfg-path', '/tmp/tmpnstqgm73']
[2023-09-20T04:00:50.938+0000] {standard_task_runner.py:85} INFO - Job 1336: Subtask get_hr_high
[2023-09-20T04:00:50.971+0000] {task_command.py:415} INFO - Running <TaskInstance: mlb_parser.get_hr_high scheduled__2023-09-19T04:00:00+00:00 [running]> on host d98c068596b4
[2023-09-20T04:00:51.023+0000] {taskinstance.py:1660} INFO - Exporting env vars: AIRFLOW_CTX_DAG_OWNER='andy_hsu' AIRFLOW_CTX_DAG_ID='mlb_parser' AIRFLOW_CTX_TASK_ID='get_hr_high' AIRFLOW_CTX_EXECUTION_DATE='2023-09-19T04:00:00+00:00' AIRFLOW_CTX_TRY_NUMBER='1' AIRFLOW_CTX_DAG_RUN_ID='scheduled__2023-09-19T04:00:00+00:00'
[2023-09-20T04:00:51.025+0000] {sql.py:274} INFO - Executing: 
            SELECT
                "Name",
                "POS",
                "Team",
                "G",
                "AB",
                "HR",
                "RBI",
                "BB",
                "SO",
                "OBP",
                "SLG",
                CURRENT_DATE AS "date"
                FROM mlb_data_2023
                WHERE "HR" >= (SELECT "HR" FROM mlb_data_2023 ORDER BY "HR" DESC LIMIT 1 OFFSET 9)
                ORDER BY "HR" DESC;
            
[2023-09-20T04:00:51.030+0000] {base.py:73} INFO - Using connection ID 'postgres_mlb_parser_DB' for task execution.
[2023-09-20T04:00:51.036+0000] {base.py:73} INFO - Using connection ID 'postgres_mlb_parser_DB' for task execution.
[2023-09-20T04:00:51.046+0000] {sql.py:418} INFO - Running statement: 
            SELECT
                "Name",
                "POS",
                "Team",
                "G",
                "AB",
                "HR",
                "RBI",
                "BB",
                "SO",
                "OBP",
                "SLG",
                CURRENT_DATE AS "date"
                FROM mlb_data_2023
                WHERE "HR" >= (SELECT "HR" FROM mlb_data_2023 ORDER BY "HR" DESC LIMIT 1 OFFSET 9)
                ORDER BY "HR" DESC;
            , parameters: None
[2023-09-20T04:00:51.049+0000] {sql.py:427} INFO - Rows affected: 12
[2023-09-20T04:00:51.066+0000] {taskinstance.py:1400} INFO - Marking task as SUCCESS. dag_id=mlb_parser, task_id=get_hr_high, execution_date=20230919T040000, start_date=20230920T040050, end_date=20230920T040051
[2023-09-20T04:00:51.110+0000] {local_task_job_runner.py:228} INFO - Task exited with return code 0
[2023-09-20T04:00:51.125+0000] {taskinstance.py:2784} INFO - 1 downstream tasks scheduled from follow-on schedule check
